YYYYMMDD HH:MM measured temperature
20141220 00:00 5.1875
20141220 00:10 5.25
20141220 00:20 5.3125
20141220 00:30 5.3125
20141220 00:40 5.5
20141220 00:50 5.5625
20141220 01:00 5.625
20141220 01:10 5.5625
20141220 01:20 5.6875
20141220 01:30 5.625
20141220 01:40 5.625
20141220 01:50 5.625
20141220 02:00 5.625
20141220 02:10 5.8125
20141220 02:20 5.8125
20141220 02:30 5.75
20141220 02:40 5.75
20141220 02:50 5.625
20141220 03:00 5.8125
20141220 03:10 5.875
20141220 03:20 5.875
20141220 03:30 6
20141220 03:40 6.0625
20141220 03:50 6.1875
20141220 04:00 6.125
20141220 04:10 6.25
20141220 04:20 6.3125
20141220 04:30 6.25
20141220 04:40 6.375
20141220 04:50 6.375
20141220 05:00 6.4375
20141220 05:10 6.375
20141220 05:20 6.3125
20141220 05:30 6.4375
20141220 05:40 6.4375
20141220 05:50 6.4375
20141220 06:00 6.3125
20141220 06:10 6.25
20141220 06:20 6.375
20141220 06:30 6.4375
20141220 06:40 6.375
20141220 06:50 6.3125
20141220 07:00 6.25
20141220 07:10 6.25
20141220 07:20 6.1875
20141220 07:30 6.25
20141220 07:40 6.1875
20141220 07:50 6.375
20141220 08:00 6.3125
20141220 08:10 6.5
20141220 08:20 6.5
20141220 08:30 6.5
20141220 08:40 6.5625
20141220 08:50 6.625
20141220 09:00 6.6875
20141220 09:10 6.625
20141220 09:20 6.75
20141220 09:30 6.8125
20141220 09:40 6.8125
20141220 09:50 6.875
20141220 10:00 6.875
20141220 10:10 6.9375
20141220 10:20 7
20141220 10:30 7
20141220 10:40 7.0625
20141220 10:50 7.125
20141220 11:00 7.125
20141220 11:10 7
20141220 11:20 6.625
20141220 11:30 4.75
20141220 11:40 3.625
20141220 11:50 3.9375
20141220 12:00 4.0625
20141220 12:10 3.5
20141220 12:20 3.0625
20141220 12:30 3.4375
20141220 12:40 3.75
20141220 12:50 4.0625
20141220 13:00 4.25
20141220 13:10 4.4375
20141220 13:20 4.5625
20141220 13:30 4.5625
20141220 13:40 4.8125
20141220 13:50 4.9375
20141220 14:00 5.875
20141220 14:10 5.4375
20141220 14:20 4.875
20141220 14:30 5.3125
20141220 14:40 5.3125
20141220 14:50 5.4375
20141220 15:00 5.5
20141220 15:10 5.4375
20141220 15:20 5.1875
20141220 15:30 5.125
20141220 15:40 5.125
20141220 15:50 5.1875
20141220 16:00 5.6875
20141220 16:10 5.9375
20141220 16:20 5.75
20141220 16:30 5.3125
20141220 16:40 5.0625
20141220 16:50 5.0625
20141220 17:00 5
20141220 17:10 5.0625
20141220 17:20 4.8125
20141220 17:30 4.3125
20141220 17:40 4.25
20141220 17:50 4.1875
20141220 18:00 4.3125
20141220 18:10 4.5
20141220 18:20 4.3125
20141220 18:30 4.1875
20141220 18:40 4.125
20141220 18:50 4.25
20141220 19:00 4.1875
20141220 19:10 3.9375
20141220 19:20 3.5625
20141220 19:30 3.375
20141220 19:40 3.25
20141220 19:50 3.1875
20141220 20:00 3.1875
20141220 20:10 3.3125
20141220 20:20 3.25
20141220 20:30 3.3125
20141220 20:40 3.25
20141220 20:50 3.25
20141220 21:00 3.4375
20141220 21:10 3.4375
20141220 21:20 3.5
20141220 21:30 3.5
20141220 21:40 3.5625
20141220 21:50 3.75
20141220 22:00 3.9375
20141220 22:10 4.125
20141220 22:20 4.4375
20141220 22:30 4.625
20141220 22:40 4.875
20141220 22:50 4.75
20141220 23:00 4.9375
20141220 23:10 4.75
20141220 23:20 4.625
20141220 23:30 4.6875
20141220 23:40 4.875
20141220 23:50 5.0625
