YYYYMMDD HH:MM measured temperature
20141227 00:00 1
20141227 00:10 1
20141227 00:20 0.875
20141227 00:30 0.75
20141227 00:40 0.75
20141227 00:50 0.875
20141227 01:00 1.125
20141227 01:10 1.125
20141227 01:20 1.125
20141227 01:30 1.25
20141227 01:40 1
20141227 01:50 1
20141227 02:00 1.125
20141227 02:10 1.375
20141227 02:20 1.375
20141227 02:30 1.375
20141227 02:40 1.25
20141227 02:50 1.125
20141227 03:00 1.125
20141227 03:10 1
20141227 03:20 1
20141227 03:30 1
20141227 03:40 1
20141227 03:50 0.875
20141227 04:00 0.75
20141227 04:10 0.375
20141227 04:20 0.125
20141227 04:30 -0.125
20141227 04:40 -0.25
20141227 04:50 -0.375
20141227 05:00 -0.5
20141227 05:10 -0.5
20141227 05:20 -0.625
20141227 05:30 -0.625
20141227 05:40 -0.625
20141227 05:50 -0.75
20141227 06:00 -0.75
20141227 06:10 -0.75
20141227 06:20 -0.75
20141227 06:30 -0.875
20141227 06:40 -0.875
20141227 06:50 -0.875
20141227 07:00 -0.875
20141227 07:10 -0.875
20141227 07:20 -1
20141227 07:30 -0.875
20141227 07:40 -0.875
20141227 07:50 -1
20141227 08:00 -1
20141227 08:10 -1
20141227 08:20 -1
20141227 08:30 -1.125
20141227 08:40 -1
20141227 08:50 -1
20141227 09:00 -1
20141227 09:10 -0.875
20141227 09:20 -0.875
20141227 09:30 -0.75
20141227 09:40 -0.625
20141227 09:50 -0.5
20141227 10:00 -0.375
20141227 10:10 -0.3
20141227 10:20 -0.25
20141227 10:30 -0.125
20141227 10:40 0.125
20141227 10:50 0.125
20141227 11:00 0.25
20141227 11:10 0.5
20141227 11:20 0.5
20141227 11:30 0.55
20141227 11:40 0.75
20141227 11:50 0.75
20141227 12:00 0.875
20141227 12:10 0.875
20141227 12:20 0.9375
20141227 12:30 0.9375
20141227 12:40 1.25
20141227 12:50 1.25
20141227 13:00 1.0625
20141227 13:10 1.375
20141227 13:20 1.25
20141227 13:30 1.375
20141227 13:40 1.25
20141227 13:50 0.9375
20141227 14:00 1
20141227 14:10 1
20141227 14:20 0.75
20141227 14:30 0.625
20141227 14:40 0.5
20141227 14:50 0.375
20141227 15:00 0.1875
20141227 15:10 0
20141227 15:20 -0.0625
20141227 15:30 -0.25
20141227 15:40 -0.375
20141227 15:50 -0.5
20141227 16:00 -0.625
20141227 16:10 -0.75
20141227 16:20 -0.875
20141227 16:30 -0.875
20141227 16:40 -0.875
20141227 16:50 -0.875
20141227 17:00 -1
20141227 17:10 -1.0625
20141227 17:20 -1.0625
20141227 17:30 -1.125
20141227 17:40 -1.25
20141227 17:50 -1.3125
20141227 18:00 -1.3125
20141227 18:10 -1.4375
20141227 18:20 -1.5
20141227 18:30 -1.5625
20141227 18:40 -1.5625
20141227 18:50 -1.6875
20141227 19:00 -1.8125
20141227 19:10 -1.875
20141227 19:20 -2
20141227 19:30 -2.125
20141227 19:40 -2.25
20141227 19:50 -2.25
20141227 20:00 -2.375
20141227 20:10 -2.5
20141227 20:20 -2.625
20141227 20:30 -2.625
20141227 20:40 -2.75
20141227 20:50 -2.75
20141227 21:00 -2.875
20141227 21:10 -2.75
20141227 21:20 -2.75
20141227 21:30 -2.5
20141227 21:40 -2.5
20141227 21:50 -2.5
20141227 22:00 -2.5
20141227 22:10 -2.625
20141227 22:20 -2.875
20141227 22:30 -2.875
20141227 22:40 -2.75
20141227 22:50 -2.625
20141227 23:00 -2.5
20141227 23:10 -2.75
20141227 23:20 -3
20141227 23:30 -3.5
20141227 23:40 -3.75
20141227 23:50 -3.75
