YYYYMMDD HH:MM measured temperature
20141219 00:00 11.125
20141219 00:10 11.125
20141219 00:20 11.125
20141219 00:30 11.1875
20141219 00:40 11.1875
20141219 00:50 11.1875
20141219 01:00 11.125
20141219 01:10 11.1875
20141219 01:20 11.1875
20141219 01:30 11.1875
20141219 01:40 11.1875
20141219 01:50 11.1875
20141219 02:00 11.125
20141219 02:10 11.125
20141219 02:20 11.125
20141219 02:30 11.125
20141219 02:40 11.125
20141219 02:50 11.125
20141219 03:00 11.125
20141219 03:10 11.125
20141219 03:20 11.125
20141219 03:30 11.125
20141219 03:40 11.125
20141219 03:50 11.0625
20141219 04:00 11.0625
20141219 04:10 11.0625
20141219 04:20 11
20141219 04:30 11
20141219 04:40 11
20141219 04:50 10.9375
20141219 05:00 10.9375
20141219 05:10 10.9375
20141219 05:20 10.9375
20141219 05:30 10.9375
20141219 05:40 10.875
20141219 05:50 10.875
20141219 06:00 10.875
20141219 06:10 10.875
20141219 06:20 10.875
20141219 06:30 10.875
20141219 06:40 10.8125
20141219 06:50 10.8125
20141219 07:00 10.875
20141219 07:10 10.875
20141219 07:20 10.9375
20141219 07:30 10.9375
20141219 07:40
20141219 07:50
20141219 08:00
20141219 08:10
20141219 08:20
20141219 08:30
20141219 08:40
20141219 08:50
20141219 09:00
20141219 09:10
20141219 09:20
20141219 09:30
20141219 09:40
20141219 09:50
20141219 10:00
20141219 10:10
20141219 10:20
20141219 10:30
20141219 10:40
20141219 10:50
20141219 11:00
20141219 11:10
20141219 11:20
20141219 11:30
20141219 11:40
20141219 11:50
20141219 12:00
20141219 12:10
20141219 12:20
20141219 12:30
20141219 12:40 9.375
20141219 12:50 9
20141219 13:00 9
20141219 13:10 8.9375
20141219 13:20 8.8125
20141219 13:30 8.75
20141219 13:40 8.8125
20141219 13:50 8.875
20141219 14:00 8.75
20141219 14:10 8.6875
20141219 14:20 8.5
20141219 14:30 8.875
20141219 14:40 8.875
20141219 14:50 8.6875
20141219 15:00 8.5625
20141219 15:10 8.3125
20141219 15:20 8.125
20141219 15:30 8.0625
20141219 15:40 7.875
20141219 15:50 7.75
20141219 16:00 7.75
20141219 16:10 7.4375
20141219 16:20 7.5
20141219 16:30 7.375
20141219 16:40 7.25
20141219 16:50 7.0625
20141219 17:00 7.0625
20141219 17:10 7
20141219 17:20 7.125
20141219 17:30 7.0625
20141219 17:40 6.8125
20141219 17:50 6.75
20141219 18:00 6.5625
20141219 18:10 6.5
20141219 18:20 6.5
20141219 18:30 6.5
20141219 18:40 6.3125
20141219 18:50 6.5
20141219 19:00 6.5625
20141219 19:10 6.375
20141219 19:20 6.25
20141219 19:30 6.125
20141219 19:40 6
20141219 19:50 5.8125
20141219 20:00 5.5625
20141219 20:10 5.5625
20141219 20:20 5.5
20141219 20:30 5.4375
20141219 20:40 5.375
20141219 20:50 5.4375
20141219 21:00 5.5
20141219 21:10 5.375
20141219 21:20 5.25
20141219 21:30 5.25
20141219 21:40 5.1875
20141219 21:50 5.3125
20141219 22:00 5.5
20141219 22:10 5.625
20141219 22:20 5.5
20141219 22:30 5.4375
20141219 22:40 5.25
20141219 22:50 5.125
20141219 23:00 5.125
20141219 23:10 5.25
20141219 23:20 5.25
20141219 23:30 5.1875
20141219 23:40 5.25
20141219 23:50 5.1875
