YYYYMMDD HH:MM measured temperature
20141217 00:00 1.5625
20141217 00:10 1.4375
20141217 00:20 1.5
20141217 00:30 1.375
20141217 00:40 1.25
20141217 00:50 1.1875
20141217 01:00 1.0625
20141217 01:10 0.9375
20141217 01:20 0.9375
20141217 01:30 0.8125
20141217 01:40 0.8125
20141217 01:50 0.75
20141217 02:00 0.8125
20141217 02:10 0.8125
20141217 02:20 0.875
20141217 02:30 0.875
20141217 02:40 0.9375
20141217 02:50 0.9375
20141217 03:00 1
20141217 03:10 1.1875
20141217 03:20 1.25
20141217 03:30 1
20141217 03:40 1
20141217 03:50 1.125
20141217 04:00 1.25
20141217 04:10 1.3125
20141217 04:20 1.375
20141217 04:30 1.375
20141217 04:40 1.25
20141217 04:50 1.25
20141217 05:00 1.375
20141217 05:10 1.3125
20141217 05:20 1.5
20141217 05:30 1.4375
20141217 05:40 1.4375
20141217 05:50 1.5
20141217 06:00 1.6875
20141217 06:10 1.8125
20141217 06:20 1.8125
20141217 06:30 1.875
20141217 06:40 2
20141217 06:50 2.125
20141217 07:00 2.25
20141217 07:10 2.4375
20141217 07:20 2.625
20141217 07:30 2.6875
20141217 07:40 2.8125
20141217 07:50 2.875
20141217 08:00 2.9375
20141217 08:10 3
20141217 08:20 3.0625
20141217 08:30 3.125
20141217 08:40 3.1875
20141217 08:50 3.25
20141217 09:00 3.375
20141217 09:10 3.4375
20141217 09:20 3.5
20141217 09:30 3.5
20141217 09:40 3.5625
20141217 09:50 3.5625
20141217 10:00 3.5625
20141217 10:10 3.5625
20141217 10:20 3.5625
20141217 10:30 3.5
20141217 10:40 3.5
20141217 10:50 3.4375
20141217 11:00 3.375
20141217 11:10 3.3125
20141217 11:20 3.375
20141217 11:30 3.3125
20141217 11:40 3.3125
20141217 11:50 3.3125
20141217 12:00 3.3125
20141217 12:10 3.375
20141217 12:20 3.375
20141217 12:30 3.3125
20141217 12:40 3.3125
20141217 12:50 3.25
20141217 13:00 3.1875
20141217 13:10 3.1875
20141217 13:20 3.25
20141217 13:30 3.1875
20141217 13:40 3.1875
20141217 13:50 3.1875
20141217 14:00 3.25
20141217 14:10 3.3125
20141217 14:20 3.375
20141217 14:30 3.4375
20141217 14:40 3.5625
20141217 14:50 3.6875
20141217 15:00 3.6875
20141217 15:10 3.75
20141217 15:20 3.8125
20141217 15:30 3.875
20141217 15:40 3.9375
20141217 15:50 4
20141217 16:00 4.0625
20141217 16:10 4.125
20141217 16:20 4.1875
20141217 16:30 4.3125
20141217 16:40 4.4375
20141217 16:50 4.5625
20141217 17:00 4.6875
20141217 17:10 4.8125
20141217 17:20 5
20141217 17:30 5.25
20141217 17:40 5.4375
20141217 17:50 5.625
20141217 18:00 5.875
20141217 18:10 6.0625
20141217 18:20 6.3125
20141217 18:30 6.4375
20141217 18:40 6.5625
20141217 18:50 6.75
20141217 19:00 6.9375
20141217 19:10 7.0625
20141217 19:20 7.0625
20141217 19:30 7.125
20141217 19:40 7.1875
20141217 19:50 7.1875
20141217 20:00 7.1875
20141217 20:10 7.1875
20141217 20:20 7.1875
20141217 20:30 7.1875
20141217 20:40 7.3125
20141217 20:50 7.3125
20141217 21:00 7.375
20141217 21:10 7.5
20141217 21:20 7.5625
20141217 21:30 7.625
20141217 21:40 7.6875
20141217 21:50 7.75
20141217 22:00 7.75
20141217 22:10 7.75
20141217 22:20 7.6875
20141217 22:30 7.625
20141217 22:40 7.25
20141217 22:50
20141217 23:00
20141217 23:10
20141217 23:20
20141217 23:30
20141217 23:40
20141217 23:50
