YYYYMMDD HH:MM measured temperature
20141222 00:00 7.8125
20141222 00:10 7.9375
20141222 00:20 8.125
20141222 00:30 8.3125
20141222 00:40 8.5
20141222 00:50 8.5
20141222 01:00 8.625
20141222 01:10 8.6875
20141222 01:20 8.9375
20141222 01:30 8.9375
20141222 01:40 8.625
20141222 01:50 8.5625
20141222 02:00 8.5
20141222 02:10 8.4375
20141222 02:20 8.4375
20141222 02:30 8.5
20141222 02:40 8.625
20141222 02:50 8.75
20141222 03:00 8.75
20141222 03:10 8.9375
20141222 03:20 8.9375
20141222 03:30 9
20141222 03:40 9.125
20141222 03:50 9.25
20141222 04:00 9.3125
20141222 04:10 9.375
20141222 04:20 9.375
20141222 04:30 9.375
20141222 04:40 9.4375
20141222 04:50 9.375
20141222 05:00 9.375
20141222 05:10 9.4375
20141222 05:20 9.4375
20141222 05:30 9.4375
20141222 05:40 9.4375
20141222 05:50 9.5625
20141222 06:00 9.5625
20141222 06:10 9.625
20141222 06:20 9.625
20141222 06:30 9.625
20141222 06:40 9.625
20141222 06:50 9.625
20141222 07:00 9.75
20141222 07:10 9.8125
20141222 07:20 9.8125
20141222 07:30 9.875
20141222 07:40 9.875
20141222 07:50 9.875
20141222 08:00 9.875
20141222 08:10 9.8125
20141222 08:20 9.8125
20141222 08:30 9.8125
20141222 08:40 9.75
20141222 08:50 9.8125
20141222 09:00 9.8125
20141222 09:10 9.8125
20141222 09:20 9.8125
20141222 09:30 9.8125
20141222 09:40 9.8125
20141222 09:50 9.8125
20141222 10:00 9.875
20141222 10:10 9.9375
20141222 10:20 9.9375
20141222 10:30 10.0625
20141222 10:40 10.125
20141222 10:50
20141222 11:00
20141222 11:10
20141222 11:20
20141222 11:30
20141222 11:40
20141222 11:50
20141222 12:00
20141222 12:10
20141222 12:20
20141222 12:30
20141222 12:40
20141222 12:50
20141222 13:00
20141222 13:10
20141222 13:20
20141222 13:30
20141222 13:40
20141222 13:50
20141222 14:00
20141222 14:10
20141222 14:20
20141222 14:30
20141222 14:40
20141222 14:50
20141222 15:00
20141222 15:10
20141222 15:20
20141222 15:30
20141222 15:40
20141222 15:50
20141222 16:00
20141222 16:10
20141222 16:20
20141222 16:30
20141222 16:40
20141222 16:50
20141222 17:00
20141222 17:10
20141222 17:20
20141222 17:30
20141222 17:40
20141222 17:50
20141222 18:00
20141222 18:10
20141222 18:20
20141222 18:30
20141222 18:40
20141222 18:50
20141222 19:00
20141222 19:10
20141222 19:20
20141222 19:30
20141222 19:40
20141222 19:50
20141222 20:00
20141222 20:10
20141222 20:20
20141222 20:30
20141222 20:40
20141222 20:50
20141222 21:00
20141222 21:10
20141222 21:20
20141222 21:30
20141222 21:40
20141222 21:50
20141222 22:00
20141222 22:10
20141222 22:20
20141222 22:30 10.5
20141222 22:40 10.5
20141222 22:50 10.5
20141222 23:00 10.5
20141222 23:10 10.5
20141222 23:20 10.4375
20141222 23:30 10.4375
20141222 23:40 10.4375
20141222 23:50 10.4375
