YYYYMMDD HH:MM measured temperature
20141230 00:00 1.25
20141230 00:10 1.25
20141230 00:20 1.375
20141230 00:30 1.375
20141230 00:40 1.5
20141230 00:50 1.5
20141230 01:00 1.5
20141230 01:10 1.5625
20141230 01:20 1.5625
20141230 01:30 1.625
20141230 01:40 1.6875
20141230 01:50 1.75
20141230 02:00 1.75
20141230 02:10 1.88
20141230 02:20 2
20141230 02:30 2.125
20141230 02:40 2.125
20141230 02:50 2.0625
20141230 03:00 2.125
20141230 03:10 2.25
20141230 03:20 2.1875
20141230 03:30 2.25
20141230 03:40 2.375
20141230 03:50 2.5
20141230 04:00 2.6875
20141230 04:10 2.875
20141230 04:20 3.125
20141230 04:30 3
20141230 04:40 3
20141230 04:50 3
20141230 05:00 2.875
20141230 05:10 3
20141230 05:20 3.1875
20141230 05:30 3.25
20141230 05:40 3.0625
20141230 05:50 3
20141230 06:00 3.125
20141230 06:10 3.25
20141230 06:20 3.385
20141230 06:30 3.375
20141230 06:40 3.0625
20141230 06:50 2.9375
20141230 07:00 3
20141230 07:10 2.875
20141230 07:20 2.75
20141230 07:30 2.875
20141230 07:40 3
20141230 07:50 2.75
20141230 08:00 2.625
20141230 08:10 2.375
20141230 08:20 2.5
20141230 08:30 2.875
20141230 08:40 2.75
20141230 08:50 2.5
20141230 09:00 2.625
20141230 09:10 2.875
20141230 09:20 3.125
20141230 09:30 3.375
20141230 09:40 3.375
20141230 09:50 3.5625
20141230 10:00 3.75
20141230 10:10 3.75
20141230 10:20 3.75
20141230 10:30 3.8125
20141230 10:40 3.75
20141230 10:50 3.875
20141230 11:00 4.125
20141230 11:10 4.25
20141230 11:20 4.375
20141230 11:30 4.875
20141230 11:40 5.125
20141230 11:50 5.375
20141230 12:00 7.625
20141230 12:10 6.875
20141230 12:20 5.5
20141230 12:30 5.9375
20141230 12:40 7.125
20141230 12:50 8.125
20141230 13:00 6.25
20141230 13:10 5.625
20141230 13:20 5.375
20141230 13:30 5.5
20141230 13:40 5.375
20141230 13:50 5.25
20141230 14:00 5.125
20141230 14:10 5.125
20141230 14:20 5
20141230 14:30 5
20141230 14:40 4.9375
20141230 14:50 4.875
20141230 15:00 4.875
20141230 15:10 4.75
20141230 15:20 4.75
20141230 15:30 4.625
20141230 15:40 4.5625
20141230 15:50 4.5
20141230 16:00 4.5
20141230 16:10 4.5
20141230 16:20 4.5
20141230 16:30 4.375
20141230 16:40 4.3125
20141230 16:50 4.375
20141230 17:00 4.375
20141230 17:10 4.375
20141230 17:20 4.5
20141230 17:30 4.375
20141230 17:40 4.375
20141230 17:50 4.3125
20141230 18:00 4.25
20141230 18:10 4.125
20141230 18:20 4.1875
20141230 18:30 4.0625
20141230 18:40 3.875
20141230 18:50 3.8125
20141230 19:00 4
20141230 19:10 4
20141230 19:20 3.875
20141230 19:30 4
20141230 19:40 3.875
20141230 19:50 4
20141230 20:00 4
20141230 20:10 3.9375
20141230 20:20 4
20141230 20:30 4
20141230 20:40 4.0625
20141230 20:50 4.0625
20141230 21:00 4.125
20141230 21:10 4.125
20141230 21:20 4.25
20141230 21:30 4.2
20141230 21:40 4.1875
20141230 21:50 4.25
20141230 22:00 4.25
20141230 22:10 4.25
20141230 22:20 4.25
20141230 22:30 4.375
20141230 22:40 4.25
20141230 22:50 4.3125
20141230 23:00 4.25
20141230 23:10 4.25
20141230 23:20 4.375
20141230 23:30 4.375
20141230 23:40 4.3125
20141230 23:50 4.3125
