YYYYMMDD HH:MM measured temperature
20141228 00:00 -3.875
20141228 00:10 -4
20141228 00:20 -4
20141228 00:30 -4.125
20141228 00:40 -4.125
20141228 00:50 -4.25
20141228 01:00 -4.25
20141228 01:10 -4.25
20141228 01:20 -4.375
20141228 01:30 -4.375
20141228 01:40 -4.375
20141228 01:50 -4.5
20141228 02:00 -4.5
20141228 02:10 -4.5
20141228 02:20 -4.625
20141228 02:30 -4.625
20141228 02:40 -4.625
20141228 02:50 -4.625
20141228 03:00 -4.75
20141228 03:10 -4.75
20141228 03:20 -4.75
20141228 03:30 -4.875
20141228 03:40 -4.75
20141228 03:50 -4.75
20141228 04:00 -5
20141228 04:10 -5
20141228 04:20 -5
20141228 04:30 -5
20141228 04:40 -5
20141228 04:50 -5
20141228 05:00 -5
20141228 05:10 -5
20141228 05:20 -5
20141228 05:30 -5
20141228 05:40 -5
20141228 05:50 -5
20141228 06:00 -5
20141228 06:10 -4.875
20141228 06:20 -4.875
20141228 06:30 -5
20141228 06:40 -5
20141228 06:50 -5
20141228 07:00 -4.625
20141228 07:10 -4.125
20141228 07:20 -4
20141228 07:30 -3.75
20141228 07:40 -4
20141228 07:50 -4.125
20141228 08:00 -4.375
20141228 08:10 -4.625
20141228 08:20 -4.75
20141228 08:30 -4.875
20141228 08:40 -5
20141228 08:50 -4.875
20141228 09:00 -4.75
20141228 09:10 -4.625
20141228 09:20 -4.125
20141228 09:30 -3.5
20141228 09:40 -3.25
20141228 09:50 -3
20141228 10:00 -3.125
20141228 10:10 -2.875
20141228 10:20 -2.625
20141228 10:30 -2.25
20141228 10:40 0.875
20141228 10:50 3
20141228 11:00 3.0625
20141228 11:10 4.25
20141228 11:20 4.875
20141228 11:30 4.9375
20141228 11:40 4.8125
20141228 11:50 5.25
20141228 12:00 6.125
20141228 12:10 6.375
20141228 12:20 6.25
20141228 12:30 6.8125
20141228 12:40 7.75
20141228 12:50 7.875
20141228 13:00 7.375
20141228 13:10 8.625
20141228 13:20 8.875
20141228 13:30 9.1875
20141228 13:40 5.875
20141228 13:50 3.625
20141228 14:00 4.125
20141228 14:10 6.25
20141228 14:20 2.6875
20141228 14:30 1.3125
20141228 14:40 0.8125
20141228 14:50 0.6875
20141228 15:00 0.5625
20141228 15:10 0.4375
20141228 15:20 0.25
20141228 15:30 -0.125
20141228 15:40 -0.1875
20141228 15:50 -0.375
20141228 16:00 -0.125
20141228 16:10 0.125
20141228 16:20 0.25
20141228 16:30 0.25
20141228 16:40 0.3125
20141228 16:50 0.5
20141228 17:00 0.375
20141228 17:10 0.1875
20141228 17:20 0.375
20141228 17:30 0.375
20141228 17:40 0.4375
20141228 17:50 0.375
20141228 18:00 0.0625
20141228 18:10 -0.1875
20141228 18:20 -0.4375
20141228 18:30 -0.625
20141228 18:40 -0.5
20141228 18:50 -0.5
20141228 19:00 -0.375
20141228 19:10 -0.5625
20141228 19:20 -0.875
20141228 19:30 -1.0625
20141228 19:40 -1.375
20141228 19:50 -1.625
20141228 20:00 -1.5
20141228 20:10 -1
20141228 20:20 -0.5
20141228 20:30 -0.5
20141228 20:40 -0.375
20141228 20:50 -0.375
20141228 21:00 -0.5
20141228 21:10 -0.25
20141228 21:20 0
20141228 21:30 0.125
20141228 21:40 0.125
20141228 21:50 0.125
20141228 22:00 -0.25
20141228 22:10 -0.375
20141228 22:20 -0.375
20141228 22:30 -0.25
20141228 22:40 0.25
20141228 22:50 0.25
20141228 23:00 0.3125
20141228 23:10 0.5
20141228 23:20 0.5
20141228 23:30 0.625
20141228 23:40 0.5625
20141228 23:50 0.75
