YYYYMMDD HH:MM measured temperature
20141223 00:00 10.4375
20141223 00:10 10.4375
20141223 00:20 10.375
20141223 00:30 10.375
20141223 00:40 10.25
20141223 00:50 10.25
20141223 01:00 10.25
20141223 01:10 10.25
20141223 01:20 10.1875
20141223 01:30 10.1875
20141223 01:40 10.125
20141223 01:50 10.125
20141223 02:00 10.125
20141223 02:10 10.0625
20141223 02:20 10.0625
20141223 02:30 10
20141223 02:40 10
20141223 02:50 10
20141223 03:00 10
20141223 03:10 9.9375
20141223 03:20 9.9375
20141223 03:30 9.9375
20141223 03:40 9.875
20141223 03:50 9.875
20141223 04:00 9.875
20141223 04:10 9.8125
20141223 04:20 9.8125
20141223 04:30 9.8125
20141223 04:40 9.875
20141223 04:50 9.8125
20141223 05:00 9.8125
20141223 05:10 9.75
20141223 05:20 9.75
20141223 05:30 9.75
20141223 05:40 9.75
20141223 05:50 9.6875
20141223 06:00 9.6875
20141223 06:10 9.6875
20141223 06:20 9.6875
20141223 06:30 9.6875
20141223 06:40 9.6875
20141223 06:50 9.6875
20141223 07:00 9.75
20141223 07:10 9.6875
20141223 07:20 9.75
20141223 07:30 9.6875
20141223 07:40 9.6875
20141223 07:50 9.6875
20141223 08:00 9.625
20141223 08:10 9.625
20141223 08:20 9.625
20141223 08:30 9.6875
20141223 08:40 9.6875
20141223 08:50 9.6875
20141223 09:00 9.75
20141223 09:10 9.75
20141223 09:20 9.6875
20141223 09:30 9.6875
20141223 09:40 9.6875
20141223 09:50 9.625
20141223 10:00 9.625
20141223 10:10 9.6875
20141223 10:20 9.75
20141223 10:30 9.8125
20141223 10:40 9.6875
20141223 10:50 9.6875
20141223 11:00 9.6875
20141223 11:10 9.625
20141223 11:20 9.6875
20141223 11:30 9.625
20141223 11:40 9.5625
20141223 11:50 9.5
20141223 12:00 9.4375
20141223 12:10 9.375
20141223 12:20 9.375
20141223 12:30 9.375
20141223 12:40 9.4375
20141223 12:50 9.5625
20141223 13:00 9.5625
20141223 13:10 9.5625
20141223 13:20 9.5625
20141223 13:30 9.625
20141223 13:40 9.75
20141223 13:50 9.8125
20141223 14:00 10
20141223 14:10 10.0625
20141223 14:20 10.0625
20141223 14:30 10.1875
20141223 14:40 10.25
20141223 14:50 10.25
20141223 15:00 10.3125
20141223 15:10 10.25
20141223 15:20 10.3125
20141223 15:30 10.4375
20141223 15:40 10.375
20141223 15:50 10.375
20141223 16:00 10.1875
20141223 16:10 10
20141223 16:20 9.9375
20141223 16:30 9.9375
20141223 16:40 10
20141223 16:50 10.0625
20141223 17:00 10.0625
20141223 17:10 9.9375
20141223 17:20 9.6875
20141223 17:30 9.625
20141223 17:40 9.5625
20141223 17:50 9.5625
20141223 18:00 9.625
20141223 18:10 9.625
20141223 18:20 9.5625
20141223 18:30 9.5625
20141223 18:40 9.5625
20141223 18:50 9.5625
20141223 19:00 9.625
20141223 19:10 9.625
20141223 19:20 9.5
20141223 19:30 9.375
20141223 19:40 9.3125
20141223 19:50 9.3125
20141223 20:00 9.25
20141223 20:10 9.3125
20141223 20:20 9.3125
20141223 20:30 9.3125
20141223 20:40 9.3125
20141223 20:50 9.3125
20141223 21:00 9.3125
20141223 21:10 9.3125
20141223 21:20 9.25
20141223 21:30 9.1875
20141223 21:40 9.1875
20141223 21:50 9.25
20141223 22:00 9.25
20141223 22:10 9.25
20141223 22:20 9.25
20141223 22:30 9.25
20141223 22:40 9.375
20141223 22:50 9.4375
20141223 23:00 9.4375
20141223 23:10 9.5
20141223 23:20 9.5
20141223 23:30 9.5625
20141223 23:40 9.5
20141223 23:50 9.4375
