YYYYMMDD HH:MM measured temperature
20141224 00:00 9.4375
20141224 00:10 9.4375
20141224 00:20 9.4375
20141224 00:30 9.4375
20141224 00:40 9.4375
20141224 00:50 9.4375
20141224 01:00 9.4375
20141224 01:10 9.4375
20141224 01:20 9.5
20141224 01:30 9.625
20141224 01:40 9.5625
20141224 01:50 9.625
20141224 02:00 9.5625
20141224 02:10 9.375
20141224 02:20 9.25
20141224 02:30 9.0625
20141224 02:40 9
20141224 02:50 8.9375
20141224 03:00 8.9375
20141224 03:10 8.9375
20141224 03:20 8.875
20141224 03:30 8.8125
20141224 03:40 8.75
20141224 03:50 8.8125
20141224 04:00 8.8125
20141224 04:10 8.8125
20141224 04:20 8.8125
20141224 04:30 8.8125
20141224 04:40 8.8125
20141224 04:50 8.75
20141224 05:00 8.75
20141224 05:10 8.8125
20141224 05:20 8.6875
20141224 05:30 8.5
20141224 05:40 8.4375
20141224 05:50 8.375
20141224 06:00 8.25
20141224 06:10 8.1875
20141224 06:20 8.1875
20141224 06:30 8.125
20141224 06:40 8.0625
20141224 06:50 7.9375
20141224 07:00 7.9375
20141224 07:10 7.8125
20141224 07:20 7.8125
20141224 07:30 7.8125
20141224 07:40 7.75
20141224 07:50 7.75
20141224 08:00
20141224 08:10
20141224 08:20
20141224 08:30
20141224 08:40
20141224 08:50
20141224 09:00
20141224 09:10
20141224 09:20
20141224 09:30
20141224 09:40
20141224 09:50
20141224 10:00
20141224 10:10
20141224 10:20
20141224 10:30
20141224 10:40
20141224 10:50
20141224 11:00
20141224 11:10
20141224 11:20
20141224 11:30
20141224 11:40
20141224 11:50
20141224 12:00
20141224 12:10
20141224 12:20
20141224 12:30
20141224 12:40
20141224 12:50
20141224 13:00
20141224 13:10
20141224 13:20
20141224 13:30
20141224 13:40
20141224 13:50
20141224 14:00
20141224 14:10
20141224 14:20
20141224 14:30
20141224 14:40
20141224 14:50
20141224 15:00
20141224 15:10
20141224 15:20
20141224 15:30
20141224 15:40
20141224 15:50
20141224 16:00
20141224 16:10
20141224 16:20
20141224 16:30
20141224 16:40 6.75
20141224 16:50 6.25
20141224 17:00 2
20141224 17:10 6
20141224 17:20 6
20141224 17:30 6
20141224 17:40 5.875
20141224 17:50 5.8125
20141224 18:00 5.625
20141224 18:10 5.4375
20141224 18:20 5.3125
20141224 18:30 5.25
20141224 18:40 5.0625
20141224 18:50 4.8125
20141224 19:00 4.8125
20141224 19:10 4.9375
20141224 19:20 4.875
20141224 19:30 4.75
20141224 19:40 4.625
20141224 19:50 4.5625
20141224 20:00 4.75
20141224 20:10 5.0625
20141224 20:20 5
20141224 20:30 4.75
20141224 20:40 4.875
20141224 20:50 4.75
20141224 21:00 5
20141224 21:10 4.875
20141224 21:20 4.625
20141224 21:30 4.375
20141224 21:40 4.375
20141224 21:50 4.375
20141224 22:00 4.375
20141224 22:10 4.25
20141224 22:20 4.375
20141224 22:30 4.25
20141224 22:40 4.25
20141224 22:50 4.25
20141224 23:00 4.5
20141224 23:10 4.625
20141224 23:20 4.625
20141224 23:30 4.625
20141224 23:40 4.625
20141224 23:50 4.625
