YYYYMMDD HH:MM measured temperature
20141215 00:00 1.25
20141215 00:10 1.25
20141215 00:20 1.25
20141215 00:30 1.3125
20141215 00:40 1.25
20141215 00:50 1.25
20141215 01:00 1.4375
20141215 01:10 1.5625
20141215 01:20 1.625
20141215 01:30 1.6875
20141215 01:40 1.75
20141215 01:50 1.875
20141215 02:00 1.9375
20141215 02:10 2
20141215 02:20 2
20141215 02:30 1.9375
20141215 02:40 2.0625
20141215 02:50 2.125
20141215 03:00 2.1875
20141215 03:10 2.1875
20141215 03:20 2.1875
20141215 03:30 2.125
20141215 03:40 2.125
20141215 03:50 2.25
20141215 04:00 2.375
20141215 04:10 2.5
20141215 04:20 2.625
20141215 04:30 2.6875
20141215 04:40 2.8125
20141215 04:50 2.875
20141215 05:00 2.9375
20141215 05:10 2.9375
20141215 05:20 3.0625
20141215 05:30 2.9375
20141215 05:40 2.75
20141215 05:50 2.6875
20141215 06:00 2.875
20141215 06:10 3.0625
20141215 06:20 3.25
20141215 06:30 3.375
20141215 06:40 3.4375
20141215 06:50 3.4375
20141215 07:00 3.625
20141215 07:10 3.1875
20141215 07:20 2.8125
20141215 07:30 2.6875
20141215 07:40 2.625
20141215 07:50 2.625
20141215 08:00 2.625
20141215 08:10 2.5625
20141215 08:20 2.5625
20141215 08:30 2.625
20141215 08:40 2.625
20141215 08:50 2.625
20141215 09:00 2.6875
20141215 09:10 2.8125
20141215 09:20 2.875
20141215 09:30 2.9375
20141215 09:40 3.0625
20141215 09:50 3.125
20141215 10:00 3.25
20141215 10:10 3.4375
20141215 10:20 3.4375
20141215 10:30 3.5
20141215 10:40 3.5625
20141215 10:50 3.5625
20141215 11:00 3.6875
20141215 11:10 3.6875
20141215 11:20 3.8125
20141215 11:30 3.875
20141215 11:40 3.875
20141215 11:50 3.875
20141215 12:00 4
20141215 12:10 4
20141215 12:20 4.0625
20141215 12:30 4.125
20141215 12:40 4.1875
20141215 12:50 4.3125
20141215 13:00 4.3125
20141215 13:10 4.375
20141215 13:20 4.5
20141215 13:30 4.625
20141215 13:40 4.6875
20141215 13:50 4.625
20141215 14:00 4.6875
20141215 14:10 4.75
20141215 14:20 4.8125
20141215 14:30 4.8125
20141215 14:40 4.875
20141215 14:50 4.875
20141215 15:00 4.9375
20141215 15:10 4.9375
20141215 15:20 5
20141215 15:30 5.0625
20141215 15:40 5.0625
20141215 15:50 5
20141215 16:00 5
20141215 16:10 4.875
20141215 16:20 4.8125
20141215 16:30 4.875
20141215 16:40 4.875
20141215 16:50 4.9375
20141215 17:00 5
20141215 17:10 4.6875
20141215 17:20 4.5625
20141215 17:30 4.4375
20141215 17:40 4.4375
20141215 17:50 4.375
20141215 18:00 4.5625
20141215 18:10 4.625
20141215 18:20 4.625
20141215 18:30 4.5625
20141215 18:40 4.4375
20141215 18:50 4.375
20141215 19:00 4.4375
20141215 19:10 4.625
20141215 19:20 4.6875
20141215 19:30 4.75
20141215 19:40 4.75
20141215 19:50 4.75
20141215 20:00 4.75
20141215 20:10 4.6875
20141215 20:20 4.6875
20141215 20:30 4.8125
20141215 20:40 4.875
20141215 20:50 4.75
20141215 21:00 4.6875
20141215 21:10 4.5
20141215 21:20 4.5
20141215 21:30 4.5625
20141215 21:40 4.75
20141215 21:50 4.875
20141215 22:00 4.9375
20141215 22:10 5
20141215 22:20 5
20141215 22:30 5.0625
20141215 22:40 5.0625
20141215 22:50 4.9375
20141215 23:00 4.9375
20141215 23:10 5.0625
20141215 23:20 5.0625
20141215 23:30 5.0625
20141215 23:40 5.125
20141215 23:50 5.1875
