YYYYMMDD HH:MM measured temperature
20141221 00:00 5.125
20141221 00:10 4.9375
20141221 00:20 5.25
20141221 00:30 5.1875
20141221 00:40 5
20141221 00:50 5.0625
20141221 01:00 5.1875
20141221 01:10 5.25
20141221 01:20 5.4375
20141221 01:30 5.25
20141221 01:40 5.1875
20141221 01:50 5.1875
20141221 02:00 5.1875
20141221 02:10 5.125
20141221 02:20 5.0625
20141221 02:30 4.75
20141221 02:40 4.5625
20141221 02:50 4.375
20141221 03:00 4.375
20141221 03:10 4.5
20141221 03:20 4.625
20141221 03:30 4.5625
20141221 03:40 4.4375
20141221 03:50 4.4375
20141221 04:00 4.4375
20141221 04:10 4.25
20141221 04:20 4.125
20141221 04:30 3.9375
20141221 04:40 3.875
20141221 04:50 3.75
20141221 05:00 3.8125
20141221 05:10 3.6875
20141221 05:20 3.625
20141221 05:30 3.9375
20141221 05:40 4.25
20141221 05:50 4.0625
20141221 06:00 4.1875
20141221 06:10 4
20141221 06:20 3.5625
20141221 06:30 3.5
20141221 06:40 3.5
20141221 06:50 3.9375
20141221 07:00 3.8125
20141221 07:10 3.75
20141221 07:20 3.8125
20141221 07:30 3.75
20141221 07:40 3.75
20141221 07:50 3.75
20141221 08:00 3.6875
20141221 08:10 3.6875
20141221 08:20 3.6875
20141221 08:30 3.6875
20141221 08:40 3.75
20141221 08:50 3.75
20141221 09:00 3.75
20141221 09:10 4.0625
20141221 09:20 4.3125
20141221 09:30 4.5
20141221 09:40 4.75
20141221 09:50 4.75
20141221 10:00 5
20141221 10:10 5.125
20141221 10:20 5.25
20141221 10:30 5.3125
20141221 10:40 5.3125
20141221 10:50 5.4375
20141221 11:00 5.5625
20141221 11:10 5.625
20141221 11:20 5.8125
20141221 11:30 5.8125
20141221 11:40 5.875
20141221 11:50 6
20141221 12:00 6
20141221 12:10 6.1875
20141221 12:20 6.3125
20141221 12:30 6.5
20141221 12:40 6.5
20141221 12:50 6.4375
20141221 13:00 6.4375
20141221 13:10 6.4375
20141221 13:20 6.5
20141221 13:30 6.5
20141221 13:40 6.5625
20141221 13:50 6.625
20141221 14:00 6.6875
20141221 14:10 6.6875
20141221 14:20 6.6875
20141221 14:30 6.6875
20141221 14:40 6.6875
20141221 14:50 6.6875
20141221 15:00 6.6875
20141221 15:10 6.4375
20141221 15:20 6.3125
20141221 15:30 6.25
20141221 15:40 6.125
20141221 15:50 6
20141221 16:00 5.9375
20141221 16:10 5.9375
20141221 16:20 6
20141221 16:30 5.9375
20141221 16:40 5.875
20141221 16:50 5.875
20141221 17:00 5.8125
20141221 17:10 5.8125
20141221 17:20 5.8125
20141221 17:30 5.875
20141221 17:40 5.9375
20141221 17:50 5.9375
20141221 18:00 6
20141221 18:10 6
20141221 18:20 6
20141221 18:30 6.0625
20141221 18:40 6.125
20141221 18:50 6.125
20141221 19:00 6.125
20141221 19:10 6.25
20141221 19:20 6.3125
20141221 19:30 6.4375
20141221 19:40 6.5625
20141221 19:50 6.625
20141221 20:00 6.75
20141221 20:10 6.75
20141221 20:20 6.875
20141221 20:30 6.9375
20141221 20:40 7.0625
20141221 20:50 7.1875
20141221 21:00 7.3125
20141221 21:10 7.4375
20141221 21:20 7.5
20141221 21:30 7.625
20141221 21:40 7.6875
20141221 21:50 7.6875
20141221 22:00 7.75
20141221 22:10 7.875
20141221 22:20 7.9375
20141221 22:30 7.9375
20141221 22:40 8
20141221 22:50 8
20141221 23:00 8.0625
20141221 23:10 8.0625
20141221 23:20 8
20141221 23:30 7.9375
20141221 23:40 7.9375
20141221 23:50 7.875
