YYYYMMDD HH:MM measured temperature
20141216 00:00 5.25
20141216 00:10 5.3125
20141216 00:20 5.3125
20141216 00:30 5.1875
20141216 00:40 5.125
20141216 00:50 5.125
20141216 01:00 5
20141216 01:10 4.875
20141216 01:20 5
20141216 01:30 5
20141216 01:40 5.0625
20141216 01:50 5.0625
20141216 02:00 5.0625
20141216 02:10 5.125
20141216 02:20 5.125
20141216 02:30 5.125
20141216 02:40 5.1875
20141216 02:50 5.1875
20141216 03:00 5.1875
20141216 03:10 5.1875
20141216 03:20 5.25
20141216 03:30 5.125
20141216 03:40 5
20141216 03:50 5.0625
20141216 04:00 5
20141216 04:10 5
20141216 04:20 5.0625
20141216 04:30 5.125
20141216 04:40 5.1875
20141216 04:50 5.1875
20141216 05:00 5.1875
20141216 05:10 5.1875
20141216 05:20 5.1875
20141216 05:30 5.1875
20141216 05:40 5.1875
20141216 05:50 5.25
20141216 06:00 5.25
20141216 06:10 5.25
20141216 06:20 5.25
20141216 06:30 5.1875
20141216 06:40 5.1875
20141216 06:50 5.1875
20141216 07:00 5.1875
20141216 07:10 5.3125
20141216 07:20 5.3125
20141216 07:30 5.25
20141216 07:40 5.1875
20141216 07:50 5.1875
20141216 08:00 5.1875
20141216 08:10 5.1875
20141216 08:20 5.125
20141216 08:30 5.0625
20141216 08:40 4.9375
20141216 08:50 5
20141216 09:00 5.0625
20141216 09:10 5.0625
20141216 09:20 5.125
20141216 09:30 5.25
20141216 09:40 5.4375
20141216 09:50 5.3125
20141216 10:00 5
20141216 10:10 5
20141216 10:20 5.1875
20141216 10:30 5.5625
20141216 10:40 5.6875
20141216 10:50 6.25
20141216 11:00 6.5
20141216 11:10 6
20141216 11:20 6
20141216 11:30 6.3125
20141216 11:40 6.5
20141216 11:50 6.1875
20141216 12:00 6.1875
20141216 12:10 6.125
20141216 12:20 6.0625
20141216 12:30 6.125
20141216 12:40 6.0625
20141216 12:50 6.25
20141216 13:00 6.3125
20141216 13:10 7.1875
20141216 13:20 7
20141216 13:30 6.75
20141216 13:40 6.6875
20141216 13:50 6.6875
20141216 14:00 6.6875
20141216 14:10 6.5625
20141216 14:20 6.75
20141216 14:30 6.5625
20141216 14:40 6.3125
20141216 14:50 6.3125
20141216 15:00 6.25
20141216 15:10 6.0625
20141216 15:20 5.75
20141216 15:30 5.375
20141216 15:40 5.1875
20141216 15:50 5.0625
20141216 16:00 4.8125
20141216 16:10 4.5
20141216 16:20 4.3125
20141216 16:30 4.25
20141216 16:40 4.0625
20141216 16:50 3.9375
20141216 17:00 3.6875
20141216 17:10 3.625
20141216 17:20 3.5
20141216 17:30 3.375
20141216 17:40 3.4375
20141216 17:50 3.3125
20141216 18:00 3.0625
20141216 18:10 3
20141216 18:20 3
20141216 18:30 3.1875
20141216 18:40 3.6875
20141216 18:50 3.625
20141216 19:00 3.3125
20141216 19:10 2.875
20141216 19:20 2.6875
20141216 19:30 3
20141216 19:40 2.625
20141216 19:50 2.375
20141216 20:00 2.1875
20141216 20:10 2
20141216 20:20 2.0625
20141216 20:30 2.0625
20141216 20:40 2.125
20141216 20:50 2.1875
20141216 21:00 2.0625
20141216 21:10 2
20141216 21:20 2.125
20141216 21:30 2.1875
20141216 21:40 2.1875
20141216 21:50 2.125
20141216 22:00 2.125
20141216 22:10 2.125
20141216 22:20 2.3125
20141216 22:30 2.625
20141216 22:40 2.4375
20141216 22:50 2.1875
20141216 23:00 2.3125
20141216 23:10 2.125
20141216 23:20 1.9375
20141216 23:30 1.6875
20141216 23:40 1.625
20141216 23:50 1.5625
