YYYYMMDD HH:MM measured temperature
20141229 00:00 0.75
20141229 00:10 0.75
20141229 00:20 0.875
20141229 00:30 1
20141229 00:40 0.875
20141229 00:50 0.875
20141229 01:00 0.875
20141229 01:10 0.875
20141229 01:20 0.875
20141229 01:30 1.125
20141229 01:40 1.125
20141229 01:50 1.125
20141229 02:00 1.125
20141229 02:10 1
20141229 02:20 1
20141229 02:30 1.125
20141229 02:40 1.125
20141229 02:50 1.25
20141229 03:00 1.125
20141229 03:10 1.25
20141229 03:20 1.25
20141229 03:30 1.375
20141229 03:40 1.375
20141229 03:50 1.25
20141229 04:00 1.25
20141229 04:10 1.125
20141229 04:20 1.25
20141229 04:30 1.25
20141229 04:40 1.125
20141229 04:50 1.25
20141229 05:00 1.25
20141229 05:10 1.125
20141229 05:20 1.375
20141229 05:30 1.125
20141229 05:40 1.25
20141229 05:50 1.5
20141229 06:00 1.75
20141229 06:10 1.875
20141229 06:20 1.625
20141229 06:30 1.5
20141229 06:40 1.25
20141229 06:50 1
20141229 07:00 0.875
20141229 07:10 1
20141229 07:20 1.125
20141229 07:30 1.125
20141229 07:40 1.125
20141229 07:50 1.125
20141229 08:00 1
20141229 08:10 1
20141229 08:20 1
20141229 08:30 1.125
20141229 08:40 1.125
20141229 08:50 1.125
20141229 09:00 1.125
20141229 09:10 1.125
20141229 09:20 1.125
20141229 09:30 1.25
20141229 09:40 1.375
20141229 09:50 1.5
20141229 10:00 1.625
20141229 10:10 1.5
20141229 10:20 1.375
20141229 10:30 1.25
20141229 10:40 1.375
20141229 10:50 1.375
20141229 11:00 1.375
20141229 11:10 1.5
20141229 11:20 1.625
20141229 11:30 1.625
20141229 11:40 1.75
20141229 11:50 2
20141229 12:00 2.25
20141229 12:10 2.375
20141229 12:20 5.9375
20141229 12:30 8.625
20141229 12:40 9.0625
20141229 12:50 8.375
20141229 13:00 6.8125
20141229 13:10 7.25
20141229 13:20 4.5625
20141229 13:30 3.5
20141229 13:40 3
20141229 13:50 3
20141229 14:00 2.75
20141229 14:10 2.4375
20141229 14:20 2.3125
20141229 14:30 2
20141229 14:40 1.875
20141229 14:50 1.875
20141229 15:00 1.8125
20141229 15:10 1.875
20141229 15:20 1.5
20141229 15:30 1.25
20141229 15:40 0.9375
20141229 15:50 0.8125
20141229 16:00 0.6875
20141229 16:10 0.5
20141229 16:20 0.375
20141229 16:30 0.25
20141229 16:40 0.125
20141229 16:50 0
20141229 17:00 0
20141229 17:10 -0.375
20141229 17:20 -0.25
20141229 17:30 -0.25
20141229 17:40 -0.25
20141229 17:50 -0.1875
20141229 18:00 0.125
20141229 18:10 0.125
20141229 18:20 0.125
20141229 18:30 0.3125
20141229 18:40 0.5
20141229 18:50 0.5625
20141229 19:00 0.625
20141229 19:10 0.625
20141229 19:20 0.625
20141229 19:30 0.6875
20141229 19:40 0.875
20141229 19:50 0.8125
20141229 20:00 0.875
20141229 20:10 0.875
20141229 20:20 0.875
20141229 20:30 0.8125
20141229 20:40 0.875
20141229 20:50 0.8125
20141229 21:00 0.875
20141229 21:10 0.875
20141229 21:20 0.8125
20141229 21:30 0.75
20141229 21:40 0.6875
20141229 21:50 0.75
20141229 22:00 0.625
20141229 22:10 0.6875
20141229 22:20 0.6875
20141229 22:30 0.75
20141229 22:40 0.875
20141229 22:50 0.8125
20141229 23:00 0.875
20141229 23:10 0.875
20141229 23:20 1
20141229 23:30 1
20141229 23:40 1
20141229 23:50 1.0625
