YYYYMMDD HH:MM measured temperature
20141226 00:00 2.125
20141226 00:10 1.875
20141226 00:20 1.75
20141226 00:30 1.8125
20141226 00:40 1.875
20141226 00:50 1.7
20141226 01:00 1.6
20141226 01:10 1.4375
20141226 01:20 1.3125
20141226 01:30 1.1875
20141226 01:40 1.25
20141226 01:50 1.125
20141226 02:00 1
20141226 02:10 0.875
20141226 02:20 0.75
20141226 02:30 0.5
20141226 02:40 0.4375
20141226 02:50 0.5625
20141226 03:00 0.5
20141226 03:10 0.375
20141226 03:20 0.25
20141226 03:30 0.25
20141226 03:40 0.125
20141226 03:50 -0.125
20141226 04:00 -0.3125
20141226 04:10 -0.4375
20141226 04:20 -0.5625
20141226 04:30 -0.6875
20141226 04:40 -0.75
20141226 04:50 -0.625
20141226 05:00 -0.75
20141226 05:10 -0.875
20141226 05:20 -0.9375
20141226 05:30 -1.25
20141226 05:40 -1.3125
20141226 05:50 -1.4375
20141226 06:00 -1.5
20141226 06:10 -1.625
20141226 06:20 -1.5625
20141226 06:30 -1.375
20141226 06:40 -1.5
20141226 06:50 -1.375
20141226 07:00 -1.5
20141226 07:10 -1.5
20141226 07:20 -1.375
20141226 07:30 -1.25
20141226 07:40 -1.125
20141226 07:50 -1.0625
20141226 08:00 -1
20141226 08:10 -1.125
20141226 08:20 -1.0625
20141226 08:30 -0.875
20141226 08:40 -0.75
20141226 08:50 -0.9375
20141226 09:00 -0.8125
20141226 09:10 -0.5625
20141226 09:20 -0.375
20141226 09:30 -0.4375
20141226 09:40 -0.25
20141226 09:50 0.0625
20141226 10:00 0.125
20141226 10:10 0.1875
20141226 10:20 0.25
20141226 10:30 0.4375
20141226 10:40 0.625
20141226 10:50 1.9375
20141226 11:00 1.625
20141226 11:10 1.5
20141226 11:20 1.5625
20141226 11:30 2
20141226 11:40 1.5
20141226 11:50 1.4375
20141226 12:00 2.6875
20141226 12:10 2.0625
20141226 12:20 4.4375
20141226 12:30 4.5625
20141226 12:40 3.5625
20141226 12:50 6.5625
20141226 13:00 6.625
20141226 13:10 5.125
20141226 13:20 5.75
20141226 13:30 5.3125
20141226 13:40 3.75
20141226 13:50 3
20141226 14:00 3.3125
20141226 14:10 2.1875
20141226 14:20 1.75
20141226 14:30 1.375
20141226 14:40 1.375
20141226 14:50 1.1875
20141226 15:00 1.125
20141226 15:10 1.125
20141226 15:20 1.0625
20141226 15:30 1
20141226 15:40 0.875
20141226 15:50 0.6875
20141226 16:00 0.5
20141226 16:10 0.3125
20141226 16:20 0.25
20141226 16:30 0
20141226 16:40 -0.0625
20141226 16:50 -0.25
20141226 17:00 -0.25
20141226 17:10 -0.3125
20141226 17:20 -0.4375
20141226 17:30 -0.5
20141226 17:40 -0.5
20141226 17:50 -0.6875
20141226 18:00 -0.625
20141226 18:10 -0.5
20141226 18:20 -0.75
20141226 18:30 -1.125
20141226 18:40 -1.3125
20141226 18:50 -1.125
20141226 19:00 -1.375
20141226 19:10 -1.25
20141226 19:20 -0.9375
20141226 19:30 -0.8125
20141226 19:40 -0.625
20141226 19:50 -0.6875
20141226 20:00 -0.5
20141226 20:10 -0.3125
20141226 20:20 -0.1875
20141226 20:30 0
20141226 20:40 0
20141226 20:50 0.125
20141226 21:00 0.125
20141226 21:10 0.125
20141226 21:20 0.25
20141226 21:30 0.375
20141226 21:40 0.375
20141226 21:50 0.625
20141226 22:00 0.75
20141226 22:10 0.75
20141226 22:20 0.875
20141226 22:30 0.875
20141226 22:40 0.875
20141226 22:50 0.875
20141226 23:00 0.875
20141226 23:10 0.875
20141226 23:20 1
20141226 23:30 0.875
20141226 23:40 0.875
20141226 23:50 1
