YYYYMMDD HH:MM measured temperature
20141214 00:00 2.3125
20141214 00:10 2.4375
20141214 00:20 2.5
20141214 00:30 2.5625
20141214 00:40 2.5625
20141214 00:50 2.5
20141214 01:00 2.5
20141214 01:10 2.4375
20141214 01:20 2.4375
20141214 01:30 2.375
20141214 01:40 2.4375
20141214 01:50 2.4375
20141214 02:00 2.4375
20141214 02:10 2.5
20141214 02:20 2.625
20141214 02:30 2.625
20141214 02:40 2.6875
20141214 02:50 2.75
20141214 03:00 2.8125
20141214 03:10 2.875
20141214 03:20 2.9375
20141214 03:30 2.9375
20141214 03:40 2.9375
20141214 03:50 2.9375
20141214 04:00 2.875
20141214 04:10 2.875
20141214 04:20 2.8125
20141214 04:30 2.875
20141214 04:40 2.9375
20141214 04:50 2.9375
20141214 05:00 3
20141214 05:10 3.0625
20141214 05:20 3.1875
20141214 05:30 3.25
20141214 05:40 3.1875
20141214 05:50 3.1875
20141214 06:00 3.125
20141214 06:10 3.0625
20141214 06:20 3.0625
20141214 06:30 3.125
20141214 06:40 3
20141214 06:50 3
20141214 07:00 3.0625
20141214 07:10 3.0625
20141214 07:20 3.125
20141214 07:30 3.125
20141214 07:40 3.0625
20141214 07:50 3.0625
20141214 08:00 3.125
20141214 08:10 3.125
20141214 08:20 3.1875
20141214 08:30 3.1875
20141214 08:40 3.3125
20141214 08:50 3.3125
20141214 09:00 3.3125
20141214 09:10 3.3125
20141214 09:20 3.4375
20141214 09:30 3.4375
20141214 09:40 3.5
20141214 09:50 3.625
20141214 10:00 3.625
20141214 10:10 3.6875
20141214 10:20 3.75
20141214 10:30 3.9375
20141214 10:40 4.125
20141214 10:50 4.3125
20141214 11:00 4.25
20141214 11:10 4.1875
20141214 11:20 4.1875
20141214 11:30 4.125
20141214 11:40 5.6875
20141214 11:50 6.125
20141214 12:00 7.1875
20141214 12:10 6.875
20141214 12:20 7.375
20141214 12:30 7.5625
20141214 12:40 9.5625
20141214 12:50 9.5
20141214 13:00 8.875
20141214 13:10 6.0625
20141214 13:20 7.1875
20141214 13:30 7.1875
20141214 13:40 5.4375
20141214 13:50 5.875
20141214 14:00 5.5625
20141214 14:10 5.4375
20141214 14:20 4.9375
20141214 14:30 4.625
20141214 14:40 4.5625
20141214 14:50 4.4375
20141214 15:00 4.25
20141214 15:10 4
20141214 15:20 3.875
20141214 15:30 3.625
20141214 15:40 3.375
20141214 15:50 3.125
20141214 16:00 2.9375
20141214 16:10 2.875
20141214 16:20 2.6875
20141214 16:30 2.5625
20141214 16:40 2.4375
20141214 16:50 2.3125
20141214 17:00 2.25
20141214 17:10 2.1875
20141214 17:20 2.1875
20141214 17:30 2.125
20141214 17:40 2.125
20141214 17:50 2.1875
20141214 18:00 2.1875
20141214 18:10 2.1875
20141214 18:20 2.3125
20141214 18:30 2.4375
20141214 18:40 2.5
20141214 18:50 2.5
20141214 19:00 2.625
20141214 19:10 2.5
20141214 19:20 2.5625
20141214 19:30 2.5625
20141214 19:40 2.5625
20141214 19:50 2.4375
20141214 20:00 2.3125
20141214 20:10 2.3125
20141214 20:20 2.25
20141214 20:30 2.125
20141214 20:40 2
20141214 20:50 2
20141214 21:00 2
20141214 21:10 1.9375
20141214 21:20 1.75
20141214 21:30 1.5625
20141214 21:40 1.5
20141214 21:50 1.375
20141214 22:00 1.3125
20141214 22:10 1.25
20141214 22:20 1.1875
20141214 22:30 1.1875
20141214 22:40 1.3125
20141214 22:50 1.3125
20141214 23:00 1.375
20141214 23:10 1.3125
20141214 23:20 1.25
20141214 23:30 1.1875
20141214 23:40 1.25
20141214 23:50 1.1875
