YYYYMMDD HH:MM measured temperature
20141225 00:00 4.5
20141225 00:10 4.5
20141225 00:20 4.75
20141225 00:30 4.75
20141225 00:40 4.75
20141225 00:50 4.625
20141225 01:00 4.375
20141225 01:10 4.375
20141225 01:20 4.5
20141225 01:30 4.5
20141225 01:40 4.5
20141225 01:50 4.375
20141225 02:00 4.5
20141225 02:10 4.25
20141225 02:20 4.125
20141225 02:30 4.25
20141225 02:40 4.625
20141225 02:50 4.375
20141225 03:00 4.5
20141225 03:10 4.375
20141225 03:20 4.375
20141225 03:30 4.5
20141225 03:40 4.5
20141225 03:50 4.75
20141225 04:00 4.875
20141225 04:10 5.125
20141225 04:20 5.125
20141225 04:30 5.25
20141225 04:40 5.25
20141225 04:50 5.375
20141225 05:00 5.5
20141225 05:10 5.625
20141225 05:20 5.625
20141225 05:30 5.625
20141225 05:40 5.625
20141225 05:50 5.5
20141225 06:00 5.25
20141225 06:10 5.375
20141225 06:20 5
20141225 06:30 5.125
20141225 06:40 5.25
20141225 06:50 5.25
20141225 07:00 5.375
20141225 07:10 5.5
20141225 07:20 5.25
20141225 07:30 5.25
20141225 07:40 5.5
20141225 07:50 5.5
20141225 08:00 5.375
20141225 08:10 5.375
20141225 08:20 5.5
20141225 08:30 5.625
20141225 08:40 5.625
20141225 08:50 5.5
20141225 09:00 5.375
20141225 09:10 5.5
20141225 09:20 5.5
20141225 09:30 5.75
20141225 09:40 5.75
20141225 09:50 5.625
20141225 10:00 5.625
20141225 10:10 5.875
20141225 10:20 5.875
20141225 10:30 5.625
20141225 10:40 6.875
20141225 10:50 6.1875
20141225 11:00 6.25
20141225 11:10 6.5
20141225 11:20 6.5625
20141225 11:30 6.25
20141225 11:40 7.0625
20141225 11:50 6.4375
20141225 12:00 8.0625
20141225 12:10 7.6875
20141225 12:20 8.5625
20141225 12:30 7.125
20141225 12:40 6.25
20141225 12:50 7.5
20141225 13:00 8.125
20141225 13:10 9
20141225 13:20 8.375
20141225 13:30 6.8125
20141225 13:40 7.125
20141225 13:50 7
20141225 14:00 6.3125
20141225 14:10 5.875
20141225 14:20 6
20141225 14:30 5.375
20141225 14:40 5
20141225 14:50 4.8125
20141225 15:00 4.75
20141225 15:10 4.875
20141225 15:20 4.4375
20141225 15:30 4.4375
20141225 15:40 4.5
20141225 15:50 4.4375
20141225 16:00 4.125
20141225 16:10 4
20141225 16:20 3.8125
20141225 16:30 3.75
20141225 16:40 3.4375
20141225 16:50 3.25
20141225 17:00 3.3125
20141225 17:10 3.0625
20141225 17:20 3
20141225 17:30 2.9375
20141225 17:40 2.75
20141225 17:50 2.625
20141225 18:00 2.5
20141225 18:10 2.5
20141225 18:20 2.5
20141225 18:30 2.5625
20141225 18:40 2.6875
20141225 18:50 2.875
20141225 19:00 2.75
20141225 19:10 2.6875
20141225 19:20 2.6875
20141225 19:30 2.585
20141225 19:40 2.6
20141225 19:50 2.75
20141225 20:00 2.75
20141225 20:10 2.6875
20141225 20:20 2.5625
20141225 20:30 2.5625
20141225 20:40 2.75
20141225 20:50 2.75
20141225 21:00 2.6875
20141225 21:10 2.625
20141225 21:20 2.625
20141225 21:30 2.6875
20141225 21:40 2.75
20141225 21:50 2.625
20141225 22:00 2.5625
20141225 22:10 2.5
20141225 22:20 2.375
20141225 22:30 2.3125
20141225 22:40 2.375
20141225 22:50 2.375
20141225 23:00 2.25
20141225 23:10 2.375
20141225 23:20 2.25
20141225 23:30 2.125
20141225 23:40 2.125
20141225 23:50 2.125
