YYYYMMDD HH:MM measured temperature
20151113 00:00 9.625
20151113 00:10 10
20151113 00:20 10.125
20151113 00:30 10.25
20151113 00:40 10.375
20151113 00:50 10.375
20151113 01:00 10.375
20151113 01:10 10.375
20151113 01:20 10.375
20151113 01:30 10.5
20151113 01:40 10.625
20151113 01:50 10.5
20151113 02:00 10.625
20151113 02:10 10.75
20151113 02:20 10.625
20151113 02:30 10.75
20151113 02:40 10.875
20151113 02:50 10.75
20151113 03:00 11
20151113 03:10 11
20151113 03:20 10.875
20151113 03:30 11.125
20151113 03:40 11
20151113 03:50 11.125
20151113 04:00 11.25
20151113 04:10 11.25
20151113 04:20 11.375
20151113 04:30 11.375
20151113 04:40 11.5
20151113 04:50 11.625
20151113 05:00 11.875
20151113 05:10 11.75
20151113 05:20 11.625
20151113 05:30 11.625
20151113 05:40 11.625
20151113 05:50 11.75
20151113 06:00 11.75
20151113 06:10 11.75
20151113 06:20 11.625
20151113 06:30 11.75
20151113 06:40 11.625
20151113 06:50 11.625
20151113 07:00 11.625
20151113 07:10 11.625
20151113 07:20 11.75
20151113 07:30 11.75
20151113 07:40 11.875
20151113 07:50 12
20151113 08:00 11.875
20151113 08:10 12.125
20151113 08:20 12.25
20151113 08:30 12.25
20151113 08:40 12.375
20151113 08:50 12.5
20151113 09:00 12.5
20151113 09:10 12.625
20151113 09:20 12.75
20151113 09:30 12.75
20151113 09:40 12.75
20151113 09:50 12.875
20151113 10:00 13
20151113 10:10 13.125
20151113 10:20 13
20151113 10:30 13.5
20151113 10:40 13.5
20151113 10:50 13
20151113 11:00 12.5
20151113 11:10 12.5
20151113 11:20 12.5
20151113 11:30 12.75
20151113 11:40 12.75
20151113 11:50 12.75
20151113 12:00 12.75
20151113 12:10 13.375
20151113 12:20 13.375
20151113 12:30 13.125
20151113 12:40 12.75
20151113 12:50 12.625
20151113 13:00 12.5
20151113 13:10 12.375
20151113 13:20 13.125
20151113 13:30 13.25
20151113 13:40 13.5
20151113 13:50 13.25
20151113 14:00 12.875
20151113 14:10 12.625
20151113 14:20 12.75
20151113 14:30 12.625
20151113 14:40 12.125
20151113 14:50 11.75
20151113 15:00 11.25
20151113 15:10 11.625
20151113 15:20 11.75
20151113 15:30 11.25
20151113 15:40 11
20151113 15:50 10.875
20151113 16:00 10.625
20151113 16:10 10.5
20151113 16:20 10.25
20151113 16:30 10.125
20151113 16:40 9.875
20151113 16:50 9.625
20151113 17:00 9.75
20151113 17:10 9.375
20151113 17:20 9.25
20151113 17:30 9.25
20151113 17:40 9.375
20151113 17:50 9.25
20151113 18:00 9.375
20151113 18:10 9.875
20151113 18:20 10
20151113 18:30 10.25
20151113 18:40 9.375
20151113 18:50 6.25
20151113 19:00 6.125
20151113 19:10 6.375
20151113 19:20 6.625
20151113 19:30 6.5
20151113 19:40 6.5
20151113 19:50 6.375
20151113 20:00 6.5
20151113 20:10 6.375
20151113 20:20 6.25
20151113 20:30 6
20151113 20:40 6
20151113 20:50 6
20151113 21:00 5.875
20151113 21:10 5.875
20151113 21:20 6
20151113 21:30 6.125
20151113 21:40 6
20151113 21:50 5.75
20151113 22:00 5.625
20151113 22:10 5.625
20151113 22:20 5.625
20151113 22:30 5.75
20151113 22:40 5.75
20151113 22:50 5.75
20151113 23:00 5.875
20151113 23:10 6
20151113 23:20 6.25
20151113 23:30 6.375
20151113 23:40 5.875
20151113 23:50 5.75
