YYYYMMDD HH:MM measured temperature
20150921 00:00 9.75
20150921 00:10 10
20150921 00:20 10
20150921 00:30 10.0625
20150921 00:40 10.25
20150921 00:50 10.375
20150921 01:00 10.25
20150921 01:10 10.25
20150921 01:20 10.375
20150921 01:30 10.25
20150921 01:40 10.25
20150921 01:50 10.375
20150921 02:00 10.25
20150921 02:10 10.25
20150921 02:20 10.3125
20150921 02:30 9.875
20150921 02:40 9.625
20150921 02:50 9.625
20150921 03:00 10
20150921 03:10 9.75
20150921 03:20 10
20150921 03:30 9.875
20150921 03:40 10.125
20150921 03:50 10.0625
20150921 04:00 85
20150921 04:10 10.25
20150921 04:20 10.375
20150921 04:30 10.375
20150921 04:40 10.5
20150921 04:50 10.625
20150921 05:00 10.625
20150921 05:10 10.6875
20150921 05:20 10.6875
20150921 05:30 85
20150921 05:40 10.75
20150921 05:50 10.75
20150921 06:00 10.625
20150921 06:10 10.75
20150921 06:20 10.75
20150921 06:30 10.8125
20150921 06:40 10.875
20150921 06:50 10.875
20150921 07:00 10.9375
20150921 07:10 11
20150921 07:20 11.125
20150921 07:30 11.3125
20150921 07:40 11.375
20150921 07:50 11.5625
20150921 08:00 11.75
20150921 08:10 11.8125
20150921 08:20 11.875
20150921 08:30 12
20150921 08:40 12
20150921 08:50 12
20150921 09:00 12
20150921 09:10 12.25
20150921 09:20 12.375
20150921 09:30 12.5
20150921 09:40 12.625
20150921 09:50 13
20150921 10:00 13
20150921 10:10 13.125
20150921 10:20 13.125
20150921 10:30 13.125
20150921 10:40 13.125
20150921 10:50 13.125
20150921 11:00 13.125
20150921 11:10 13.125
20150921 11:20 13.25
20150921 11:30 13.75
20150921 11:40 13.875
20150921 11:50 13.875
20150921 12:00 14.125
20150921 12:10 14
20150921 12:20 13.875
20150921 12:30 13.75
20150921 12:40 13.375
20150921 12:50 13.5
20150921 13:00 13.625
20150921 13:10 13.875
20150921 13:20 14.25
20150921 13:30 14.375
20150921 13:40 15
20150921 13:50 15.125
20150921 14:00 15
20150921 14:10 15.375
20150921 14:20 16.125
20150921 14:30 17.125
20150921 14:40 16.125
20150921 14:50 16.625
20150921 15:00 16.625
20150921 15:10 16.5
20150921 15:20 15.75
20150921 15:30 15.375
20150921 15:40 15.375
20150921 15:50 15.625
20150921 16:00 15.875
20150921 16:10 16.75
20150921 16:20 16.875
20150921 16:30 16.125
20150921 16:40 15.75
20150921 16:50 15.75
20150921 17:00 15.25
20150921 17:10 15
20150921 17:20 15
20150921 17:30 15
20150921 17:40 15.125
20150921 17:50 15
20150921 18:00 14.875
20150921 18:10 14.75
20150921 18:20 14.5
20150921 18:30 14.125
20150921 18:40 14.125
20150921 18:50 13.875
20150921 19:00 13.75
20150921 19:10 13.625
20150921 19:20 13.375
20150921 19:30 13.25
20150921 19:40 13.375
20150921 19:50 13.75
20150921 20:00 13.875
20150921 20:10 13.5
20150921 20:20 13.375
20150921 20:30 13.375
20150921 20:40 13.25
20150921 20:50 13.5
20150921 21:00 13.5
20150921 21:10 13.25
20150921 21:20 13.125
20150921 21:30 12.875
20150921 21:40 12.625
20150921 21:50 12.375
20150921 22:00 12.25
20150921 22:10 12
20150921 22:20 11.875
20150921 22:30 11.875
20150921 22:40 11.75
20150921 22:50 11.625
20150921 23:00 11.875
20150921 23:10 11.875
20150921 23:20 11.75
20150921 23:30 11.625
20150921 23:40 11.875
20150921 23:50 11.875
