YYYYMMDD HH:MM measured temperature
20151129 00:00 4.75
20151129 00:10 4.75
20151129 00:20 4.875
20151129 00:30 4.875
20151129 00:40 4.75
20151129 00:50 4.75
20151129 01:00 4.75
20151129 01:10 4.875
20151129 01:20 4.875
20151129 01:30 4.875
20151129 01:40 4.875
20151129 01:50 4.75
20151129 02:00 4.75
20151129 02:10 4.875
20151129 02:20 4.875
20151129 02:30 5
20151129 02:40 5
20151129 02:50 5.125
20151129 03:00 5.25
20151129 03:10 5.375
20151129 03:20 5.5
20151129 03:30 5.75
20151129 03:40 5.875
20151129 03:50 5.875
20151129 04:00 6
20151129 04:10 6.25
20151129 04:20 6.5
20151129 04:30 6.5
20151129 04:40 6.625
20151129 04:50 6.625
20151129 05:00 6.625
20151129 05:10 6.75
20151129 05:20 6.75
20151129 05:30 6.75
20151129 05:40 6.875
20151129 05:50 6.875
20151129 06:00 6.875
20151129 06:10 7
20151129 06:20 7
20151129 06:30 7.125
20151129 06:40 7.125
20151129 06:50 7.25
20151129 07:00 7.25
20151129 07:10 7.25
20151129 07:20 7.375
20151129 07:30 7.375
20151129 07:40 7.375
20151129 07:50 7.5
20151129 08:00 7.5
20151129 08:10 7.375
20151129 08:20 7.5
20151129 08:30 7.5
20151129 08:40 7.5
20151129 08:50 7.625
20151129 09:00 7.625
20151129 09:10 7.875
20151129 09:20 8.125
20151129 09:30 8.125
20151129 09:40 8.25
20151129 09:50 8.375
20151129 10:00 8.375
20151129 10:10 8.375
20151129 10:20 8.5
20151129 10:30 8.625
20151129 10:40 8.75
20151129 10:50 8.875
20151129 11:00 8.875
20151129 11:10 8.625
20151129 11:20 8.5
20151129 11:30 8.625
20151129 11:40 8.75
20151129 11:50 8.625
20151129 12:00 8.75
20151129 12:10 8.75
20151129 12:20 8.625
20151129 12:30 8.625
20151129 12:40 8.625
20151129 12:50 8.625
20151129 13:00 8.75
20151129 13:10 8.75
20151129 13:20 8.875
20151129 13:30 8.875
20151129 13:40 8.875
20151129 13:50 9
20151129 14:00 9
20151129 14:10 9.125
20151129 14:20 9.125
20151129 14:30 9.25
20151129 14:40 9.25
20151129 14:50 9.25
20151129 15:00 9.125
20151129 15:10 9.25
20151129 15:20 9.25
20151129 15:30 9.25
20151129 15:40 9.125
20151129 15:50 8.875
20151129 16:00 8.5
20151129 16:10 8.375
20151129 16:20 8.25
20151129 16:30 8.375
20151129 16:40 8.375
20151129 16:50 8.25
20151129 17:00 8.5
20151129 17:10 8.5
20151129 17:20 8.5
20151129 17:30 8.625
20151129 17:40 8.75
20151129 17:50 9
20151129 18:00 9.375
20151129 18:10 9.5
20151129 18:20 9.75
20151129 18:30 10
20151129 18:40 10.125
20151129 18:50 10.125
20151129 19:00 10.25
20151129 19:10 10.375
20151129 19:20 10.5
20151129 19:30 10.25
20151129 19:40 9.875
20151129 19:50 9.625
20151129 20:00 9.5
20151129 20:10 8.875
20151129 20:20 7.5
20151129 20:30 8.375
20151129 20:40 9.25
20151129 20:50 9.375
20151129 21:00 9.5
20151129 21:10 9.375
20151129 21:20 9.125
20151129 21:30 9.125
20151129 21:40 9.375
20151129 21:50 8.625
20151129 22:00 8.5
20151129 22:10 8
20151129 22:20 7.875
20151129 22:30 7.75
20151129 22:40 7.75
20151129 22:50 7.875
20151129 23:00 7.625
20151129 23:10 7.875
20151129 23:20 8
20151129 23:30 6.75
20151129 23:40 6.875
20151129 23:50 6.5
