YYYYMMDD HH:MM measured temperature
20151102 00:00 5
20151102 00:10 4.75
20151102 00:20 4.75
20151102 00:30 4.5
20151102 00:40 4.375
20151102 00:50 4.625
20151102 01:00 4.875
20151102 01:10 5
20151102 01:20 4.75
20151102 01:30 4.625
20151102 01:40 4.625
20151102 01:50 4.625
20151102 02:00 4.375
20151102 02:10 4.5
20151102 02:20 4.5
20151102 02:30 4.75
20151102 02:40 4.75
20151102 02:50 4.625
20151102 03:00 4.625
20151102 03:10 4.5
20151102 03:20 4.5
20151102 03:30 4.625
20151102 03:40 4.75
20151102 03:50 4.625
20151102 04:00 4.625
20151102 04:10 4.625
20151102 04:20 4.75
20151102 04:30 4.75
20151102 04:40 4.75
20151102 04:50 4.875
20151102 05:00 5
20151102 05:10 5
20151102 05:20 4.875
20151102 05:30 4.75
20151102 05:40 4.625
20151102 05:50 4.875
20151102 06:00 4.625
20151102 06:10 4.875
20151102 06:20 4.75
20151102 06:30 4.625
20151102 06:40 4.75
20151102 06:50 4.625
20151102 07:00 4.5
20151102 07:10 4.375
20151102 07:20 4.5
20151102 07:30 4.625
20151102 07:40 4.625
20151102 07:50 4.625
20151102 08:00 4.625
20151102 08:10 4.875
20151102 08:20 4.875
20151102 08:30 4.875
20151102 08:40 5
20151102 08:50 5.125
20151102 09:00 5.125
20151102 09:10 5.375
20151102 09:20 5.75
20151102 09:30 5.75
20151102 09:40 5.625
20151102 09:50 5.625
20151102 10:00 6.125
20151102 10:10 6.125
20151102 10:20 6.25
20151102 10:30 6.875
20151102 10:40 6.875
20151102 10:50 7.125
20151102 11:00 7
20151102 11:10 7.125
20151102 11:20 7.375
20151102 11:30 7.625
20151102 11:40 7.625
20151102 11:50 7.5
20151102 12:00 7.75
20151102 12:10 8
20151102 12:20 7.625
20151102 12:30 8.5
20151102 12:40 8.5
20151102 12:50 8.375
20151102 13:00 8.25
20151102 13:10 8.625
20151102 13:20 8.375
20151102 13:30 8.5
20151102 13:40 8.5
20151102 13:50 8.625
20151102 14:00 8.625
20151102 14:10 8.875
20151102 14:20 9
20151102 14:30 9.125
20151102 14:40 9.125
20151102 14:50 9.25
20151102 15:00 9.125
20151102 15:10 8.75
20151102 15:20 9
20151102 15:30 8.75
20151102 15:40 9
20151102 15:50 8.625
20151102 16:00 8.5
20151102 16:10 8.625
20151102 16:20 8.375
20151102 16:30 8.25
20151102 16:40 8
20151102 16:50 8.125
20151102 17:00 7.75
20151102 17:10 7.75
20151102 17:20 7.75
20151102 17:30 7.625
20151102 17:40 7.625
20151102 17:50 7.5
20151102 18:00 7.25
20151102 18:10 7.5
20151102 18:20 7.25
20151102 18:30 7.25
20151102 18:40 7.25
20151102 18:50 7.125
20151102 19:00 7
20151102 19:10 7
20151102 19:20 6.75
20151102 19:30 6.75
20151102 19:40 6.625
20151102 19:50 6.375
20151102 20:00 6.375
20151102 20:10 6.125
20151102 20:20 6.125
20151102 20:30 6
20151102 20:40 6
20151102 20:50 5.875
20151102 21:00 5.875
20151102 21:10 5.875
20151102 21:20 5.625
20151102 21:30 5.375
20151102 21:40 5.375
20151102 21:50 5.25
20151102 22:00 5.25
20151102 22:10 5.375
20151102 22:20 5.25
20151102 22:30 5.125
20151102 22:40 5.25
20151102 22:50 5.125
20151102 23:00 5
20151102 23:10 4.875
20151102 23:20 4.875
20151102 23:30 4.75
20151102 23:40 4.875
20151102 23:50 4.75
