YYYYMMDD HH:MM measured temperature
20150126 00:00 2.375
20150126 00:10 2.375
20150126 00:20 2.375
20150126 00:30 2.375
20150126 00:40 2.25
20150126 00:50 2.25
20150126 01:00 2.25
20150126 01:10 2.25
20150126 01:20 2.25
20150126 01:30 2.25
20150126 01:40 2.25
20150126 01:50 2.25
20150126 02:00 2.25
20150126 02:10 2.25
20150126 02:20 2.25
20150126 02:30 2.25
20150126 02:40 2.25
20150126 02:50 2.25
20150126 03:00 2.25
20150126 03:10 2.25
20150126 03:20 2.25
20150126 03:30 2.125
20150126 03:40 2.125
20150126 03:50 2.125
20150126 04:00 2.125
20150126 04:10 2.125
20150126 04:20 2.125
20150126 04:30 2.125
20150126 04:40 2.125
20150126 04:50 2.125
20150126 05:00 2.125
20150126 05:10 2.25
20150126 05:20 2.125
20150126 05:30 2.25
20150126 05:40 2.25
20150126 05:50 2.25
20150126 06:00 2.25
20150126 06:10 2.25
20150126 06:20 2.25
20150126 06:30 2.25
20150126 06:40 2.25
20150126 06:50 2.375
20150126 07:00 2.375
20150126 07:10 2.375
20150126 07:20 2.375
20150126 07:30 2.375
20150126 07:40 2.375
20150126 07:50 2.5
20150126 08:00 2.5
20150126 08:10 2.5
20150126 08:20 2.5
20150126 08:30 2.5
20150126 08:40 2.5
20150126 08:50 2.5
20150126 09:00 2.5
20150126 09:10 2.625
20150126 09:20 2.625
20150126 09:30 2.625
20150126 09:40 2.625
20150126 09:50 2.625
20150126 10:00 2.75
20150126 10:10 2.75
20150126 10:20 2.75
20150126 10:30 2.75
20150126 10:40 2.75
20150126 10:50 2.75
20150126 11:00 2.875
20150126 11:10 2.875
20150126 11:20 3
20150126 11:30 3
20150126 11:40 3
20150126 11:50 3
20150126 12:00 3
20150126 12:10 3.125
20150126 12:20 3.25
20150126 12:30 3.25
20150126 12:40 3.25
20150126 12:50 3.25
20150126 13:00 3.25
20150126 13:10 3.25
20150126 13:20 3.25
20150126 13:30 3.375
20150126 13:40 3.375
20150126 13:50 3.375
20150126 14:00 3.375
20150126 14:10 3.375
20150126 14:20 3.5
20150126 14:30 3.5
20150126 14:40 3.5
20150126 14:50 3.5
20150126 15:00 3.5
20150126 15:10 3.625
20150126 15:20 3.625
20150126 15:30 3.625
20150126 15:40 3.625
20150126 15:50 3.75
20150126 16:00 3.875
20150126 16:10 3.875
20150126 16:20 3.875
20150126 16:30 4
20150126 16:40 3.875
20150126 16:50 4
20150126 17:00 4
20150126 17:10 4
20150126 17:20 4.125
20150126 17:30 4.25
20150126 17:40 4.25
20150126 17:50 4.375
20150126 18:00 4.5
20150126 18:10 4.625
20150126 18:20 4.75
20150126 18:30 4.875
20150126 18:40 5.125
20150126 18:50 5.25
20150126 19:00 5.25
20150126 19:10 5.125
20150126 19:20 5.125
20150126 19:30 5.25
20150126 19:40 5.125
20150126 19:50 5
20150126 20:00 4.625
20150126 20:10 4.375
20150126 20:20 4.25
20150126 20:30 4.25
20150126 20:40 4.25
20150126 20:50 4.125
20150126 21:00 4
20150126 21:10 4
20150126 21:20 4
20150126 21:30 4
20150126 21:40 3.875
20150126 21:50 3.75
20150126 22:00 3.5
20150126 22:10 3.375
20150126 22:20 3.5
20150126 22:30 3.375
20150126 22:40 3.125
20150126 22:50 3.125
20150126 23:00 2.75
20150126 23:10 3
20150126 23:20 3.125
20150126 23:30 3
20150126 23:40 3.125
20150126 23:50 3.125
