YYYYMMDD HH:MM measured temperature
20150505 00:00 12.5
20150505 00:10 12.625
20150505 00:20 12.5
20150505 00:30 12.75
20150505 00:40 12.625
20150505 00:50 12.75
20150505 01:00 12.75
20150505 01:10 12.875
20150505 01:20 12.75
20150505 01:30 12.75
20150505 01:40 12.875
20150505 01:50 13
20150505 02:00 13.375
20150505 02:10 13.625
20150505 02:20 13.625
20150505 02:30 13.75
20150505 02:40 13.875
20150505 02:50 13.875
20150505 03:00 14
20150505 03:10 14.125
20150505 03:20 14.125
20150505 03:30 14.125
20150505 03:40 14.125
20150505 03:50 14.5
20150505 04:00 14.5
20150505 04:10 14.375
20150505 04:20 14.125
20150505 04:30 14
20150505 04:40 13.75
20150505 04:50 13.625
20150505 05:00 13.5
20150505 05:10 13.375
20150505 05:20 13.375
20150505 05:30 13.375
20150505 05:40 13.5
20150505 05:50 13.625
20150505 06:00 13.5
20150505 06:10 13.5
20150505 06:20 13.625
20150505 06:30 13.875
20150505 06:40 14
20150505 06:50 14
20150505 07:00 14
20150505 07:10 14.75
20150505 07:20 14.625
20150505 07:30 14.875
20150505 07:40 15.5
20150505 07:50 15.875
20150505 08:00 16.125
20150505 08:10 17.25
20150505 08:20 17.5
20150505 08:30 18.25
20150505 08:40 18.25
20150505 08:50 18.75
20150505 09:00 18.625
20150505 09:10 19.25
20150505 09:20 19.875
20150505 09:30 20.625
20150505 09:40 20.25
20150505 09:50 21.25
20150505 10:00 21
20150505 10:10 22.125
20150505 10:20 21.375
20150505 10:30 21.125
20150505 10:40 21.375
20150505 10:50 21.875
20150505 11:00 21.25
20150505 11:10 21
20150505 11:20 20.625
20150505 11:30 20.875
20150505 11:40 21.25
20150505 11:50 20.875
20150505 12:00 20.625
20150505 12:10 20.625
20150505 12:20 21
20150505 12:30 22.25
20150505 12:40 22.125
20150505 12:50 23.25
20150505 13:00 22.375
20150505 13:10 22.5
20150505 13:20 22.5
20150505 13:30 23.375
20150505 13:40 23.75
20150505 13:50 24
20150505 14:00 24
20150505 14:10 22.75
20150505 14:20 24.25
20150505 14:30 24.125
20150505 14:40 24.375
20150505 14:50 24.25
20150505 15:00 24.25
20150505 15:10 23.75
20150505 15:20 24.125
20150505 15:30 24.75
20150505 15:40 24.875
20150505 15:50 24.875
20150505 16:00 24.75
20150505 16:10 23.25
20150505 16:20 22.625
20150505 16:30 16.375
20150505 16:40 18.5
20150505 16:50 17.5
20150505 17:00 14.5
20150505 17:10 14.375
20150505 17:20 14.375
20150505 17:30 14.875
20150505 17:40 15.25
20150505 17:50 15.5
20150505 18:00 15.375
20150505 18:10 15.875
20150505 18:20 16.125
20150505 18:30 16.5
20150505 18:40 16.5
20150505 18:50 16
20150505 19:00 16
20150505 19:10 16
20150505 19:20 15.625
20150505 19:30 15.375
20150505 19:40 15.375
20150505 19:50 14.875
20150505 20:00 14.625
20150505 20:10 14.5
20150505 20:20 14.125
20150505 20:30 13.875
20150505 20:40 13.5
20150505 20:50 13.75
20150505 21:00 13
20150505 21:10 12.625
20150505 21:20 12.5
20150505 21:30 12
20150505 21:40 11.5
20150505 21:50 11.125
20150505 22:00 10.875
20150505 22:10 10
20150505 22:20 9.75
20150505 22:30 9.75
20150505 22:40 9.625
20150505 22:50 10.375
20150505 23:00 10.5
20150505 23:10 10.25
20150505 23:20 10.125
20150505 23:30 10
20150505 23:40 9.75
20150505 23:50 8.75
