YYYYMMDD HH:MM measured temperature
20151112 00:00 11.25
20151112 00:10 11.25
20151112 00:20 11.375
20151112 00:30 11.25
20151112 00:40 11.25
20151112 00:50 11.25
20151112 01:00 11.25
20151112 01:10 11.25
20151112 01:20 11.25
20151112 01:30 11.25
20151112 01:40 11.25
20151112 01:50 11.25
20151112 02:00 11.25
20151112 02:10 11.25
20151112 02:20 11.25
20151112 02:30 11.25
20151112 02:40 11.375
20151112 02:50 11.375
20151112 03:00 11.375
20151112 03:10 11.375
20151112 03:20 11.25
20151112 03:30 11.25
20151112 03:40 11.375
20151112 03:50 11.375
20151112 04:00 11.5
20151112 04:10 11.5
20151112 04:20 11.5
20151112 04:30 11.5
20151112 04:40 11.625
20151112 04:50 11.625
20151112 05:00 11.625
20151112 05:10 11.75
20151112 05:20 11.75
20151112 05:30 11.75
20151112 05:40 11.75
20151112 05:50 11.75
20151112 06:00 11.625
20151112 06:10 11.5
20151112 06:20 11.5
20151112 06:30 11.625
20151112 06:40 11.625
20151112 06:50 11.625
20151112 07:00 11.625
20151112 07:10 11.625
20151112 07:20 11.625
20151112 07:30 11.625
20151112 07:40 11.75
20151112 07:50 11.75
20151112 08:00 11.75
20151112 08:10 11.75
20151112 08:20 11.75
20151112 08:30 11.875
20151112 08:40 12
20151112 08:50 12
20151112 09:00 12.25
20151112 09:10 12.375
20151112 09:20 12.5
20151112 09:30 12.125
20151112 09:40 12.25
20151112 09:50 12.625
20151112 10:00 13
20151112 10:10 12.875
20151112 10:20 13.25
20151112 10:30 13.375
20151112 10:40 13.875
20151112 10:50 13.5
20151112 11:00 13.375
20151112 11:10 13.5
20151112 11:20 13.75
20151112 11:30 13.875
20151112 11:40 14.125
20151112 11:50 13.125
20151112 12:00 13.25
20151112 12:10 13.5
20151112 12:20 14.5
20151112 12:30 15
20151112 12:40 15
20151112 12:50 14.75
20151112 13:00 14.125
20151112 13:10 14.375
20151112 13:20 14.25
20151112 13:30 14.75
20151112 13:40 13.875
20151112 13:50 14.25
20151112 14:00 14
20151112 14:10 14.5
20151112 14:20 15.25
20151112 14:30 15
20151112 14:40 14.75
20151112 14:50 14.375
20151112 15:00 13.75
20151112 15:10 13.625
20151112 15:20 13.625
20151112 15:30 13.125
20151112 15:40 12.875
20151112 15:50 12.875
20151112 16:00 12.375
20151112 16:10 11.5
20151112 16:20 11
20151112 16:30 11.125
20151112 16:40 10.625
20151112 16:50 10.875
20151112 17:00 10.875
20151112 17:10 10.375
20151112 17:20 10.125
20151112 17:30 10.25
20151112 17:40 9.25
20151112 17:50 9.75
20151112 18:00 9.5
20151112 18:10 9.375
20151112 18:20 9.375
20151112 18:30 9.625
20151112 18:40 9.75
20151112 18:50 9.75
20151112 19:00 9.75
20151112 19:10 9.75
20151112 19:20 9.625
20151112 19:30 9.625
20151112 19:40 9.5
20151112 19:50 9.25
20151112 20:00 8.875
20151112 20:10 8.875
20151112 20:20 9
20151112 20:30 9
20151112 20:40 8.75
20151112 20:50 8.75
20151112 21:00 8.75
20151112 21:10 8.75
20151112 21:20 8.5
20151112 21:30 8.375
20151112 21:40 8.375
20151112 21:50 8.625
20151112 22:00 8.75
20151112 22:10 9
20151112 22:20 9
20151112 22:30 9.125
20151112 22:40 9.25
20151112 22:50 9.375
20151112 23:00 9.625
20151112 23:10 9.625
20151112 23:20 9.625
20151112 23:30 9.875
20151112 23:40 9.625
20151112 23:50 9.5
