YYYYMMDD HH:MM measured temperature
20150317 00:00 7.5
20150317 00:10 7.25
20150317 00:20 7.125
20150317 00:30 6.875
20150317 00:40 6.75
20150317 00:50 6.75
20150317 01:00 6.625
20150317 01:10 6.375
20150317 01:20 6.375
20150317 01:30 6.25
20150317 01:40 6.25
20150317 01:50 6.25
20150317 02:00 6.125
20150317 02:10 6
20150317 02:20 6
20150317 02:30 5.875
20150317 02:40 5.75
20150317 02:50 5.75
20150317 03:00 5.5
20150317 03:10 5.5
20150317 03:20 5.375
20150317 03:30 5.375
20150317 03:40 5.25
20150317 03:50 5.25
20150317 04:00 5.25
20150317 04:10 5.125
20150317 04:20 5.25
20150317 04:30 5.375
20150317 04:40 5.25
20150317 04:50 5.125
20150317 05:00 5
20150317 05:10 5.125
20150317 05:20 5.125
20150317 05:30 5.125
20150317 05:40 4.875
20150317 05:50 4.75
20150317 06:00 4.625
20150317 06:10 4.5
20150317 06:20 4.5
20150317 06:30 4.5
20150317 06:40 4.5
20150317 06:50 4.625
20150317 07:00 4.375
20150317 07:10 4.375
20150317 07:20 4.25
20150317 07:30 4
20150317 07:40 4
20150317 07:50 4
20150317 08:00 4.375
20150317 08:10 4.5
20150317 08:20 4.625
20150317 08:30 4.875
20150317 08:40 5.375
20150317 08:50 5.875
20150317 09:00 6.25
20150317 09:10 6.125
20150317 09:20 6.625
20150317 09:30 7.375
20150317 09:40 8.25
20150317 09:50 8.5
20150317 10:00 8.75
20150317 10:10 8.75
20150317 10:20 9.375
20150317 10:30 9.5
20150317 10:40 10
20150317 10:50 10.25
20150317 11:00 10.375
20150317 11:10 11
20150317 11:20 11.25
20150317 11:30 11.625
20150317 11:40 11.75
20150317 11:50 11.75
20150317 12:00 12.25
20150317 12:10 12.5
20150317 12:20 13.375
20150317 12:30 14.125
20150317 12:40 13.75
20150317 12:50 12.875
20150317 13:00 14.875
20150317 13:10 14.5
20150317 13:20 14.875
20150317 13:30 15.5
20150317 13:40 15.875
20150317 13:50 16.5
20150317 14:00 17
20150317 14:10 18
20150317 14:20 17.125
20150317 14:30 17
20150317 14:40 16.125
20150317 14:50 15.75
20150317 15:00 17
20150317 15:10 17.125
20150317 15:20 18.125
20150317 15:30 17.625
20150317 15:40 16.75
20150317 15:50 17.5
20150317 16:00 17.5
20150317 16:10 17.125
20150317 16:20 17.625
20150317 16:30 17.125
20150317 16:40 16.75
20150317 16:50 15.875
20150317 17:00 16
20150317 17:10 16
20150317 17:20 15.375
20150317 17:30 15
20150317 17:40 15.125
20150317 17:50 15.125
20150317 18:00 14.75
20150317 18:10 14
20150317 18:20 13.625
20150317 18:30 13.375
20150317 18:40 13
20150317 18:50 12.625
20150317 19:00 12.375
20150317 19:10 12
20150317 19:20 11.75
20150317 19:30 11.375
20150317 19:40 11.125
20150317 19:50 10.75
20150317 20:00 10.75
20150317 20:10 10.5
20150317 20:20 10.5
20150317 20:30 9.875
20150317 20:40 9.5
20150317 20:50 9.5
20150317 21:00 9.25
20150317 21:10 9.5
20150317 21:20 9.25
20150317 21:30 9.125
20150317 21:40 8.875
20150317 21:50 8.875
20150317 22:00 8.75
20150317 22:10 8.75
20150317 22:20 8.625
20150317 22:30 8.375
20150317 22:40 8.375
20150317 22:50 8.25
20150317 23:00 8.125
20150317 23:10 8
20150317 23:20 8.125
20150317 23:30 8.25
20150317 23:40 8
20150317 23:50 8
