YYYYMMDD HH:MM measured temperature
20150416 00:00 9.375
20150416 00:10 9.125
20150416 00:20 9.25
20150416 00:30 9.125
20150416 00:40 9.125
20150416 00:50 9
20150416 01:00 8.875
20150416 01:10 8.875
20150416 01:20 8.75
20150416 01:30 8.75
20150416 01:40 8.75
20150416 01:50 8.75
20150416 02:00 8.875
20150416 02:10 8.5
20150416 02:20 8.5
20150416 02:30 8.25
20150416 02:40 8
20150416 02:50 7.875
20150416 03:00 7.75
20150416 03:10 7.5
20150416 03:20 7.25
20150416 03:30 7.125
20150416 03:40 7
20150416 03:50 6.75
20150416 04:00 6.625
20150416 04:10 6.625
20150416 04:20 6.75
20150416 04:30 6.75
20150416 04:40 6.375
20150416 04:50 6.25
20150416 05:00 6.375
20150416 05:10 6.375
20150416 05:20 6.375
20150416 05:30 6.375
20150416 05:40 6.375
20150416 05:50 6.125
20150416 06:00 5.875
20150416 06:10 5.5
20150416 06:20 5.375
20150416 06:30 5.25
20150416 06:40 5.375
20150416 06:50 5.375
20150416 07:00 5.25
20150416 07:10 5
20150416 07:20 5.25
20150416 07:30 5.25
20150416 07:40 5.5
20150416 07:50 5.75
20150416 08:00 6.125
20150416 08:10 6.5
20150416 08:20 6.75
20150416 08:30 7.25
20150416 08:40 7.75
20150416 08:50 7.5
20150416 09:00 7.625
20150416 09:10 7.75
20150416 09:20 8.25
20150416 09:30 9.25
20150416 09:40 8.375
20150416 09:50 9
20150416 10:00 9.25
20150416 10:10 11
20150416 10:20 9
20150416 10:30 10.375
20150416 10:40 9.5
20150416 10:50 13
20150416 11:00 11.5
20150416 11:10 11.125
20150416 11:20 12.75
20150416 11:30 10
20150416 11:40 12.625
20150416 11:50 12.625
20150416 12:00 12.75
20150416 12:10 13.375
20150416 12:20 12.25
20150416 12:30 14.5
20150416 12:40 13.375
20150416 12:50 11.25
20150416 13:00 15.25
20150416 13:10 15.25
20150416 13:20 14.875
20150416 13:30 12.875
20150416 13:40 16.75
20150416 13:50 12.875
20150416 14:00 11.875
20150416 14:10 14.875
20150416 14:20 14.5
20150416 14:30 16.375
20150416 14:40 16.25
20150416 14:50 14.375
20150416 15:00 13.625
20150416 15:10 14.125
20150416 15:20 14.25
20150416 15:30 15.125
20150416 15:40 15
20150416 15:50 13
20150416 16:00 14.375
20150416 16:10 13.5
20150416 16:20 12.5
20150416 16:30 13.25
20150416 16:40 11.75
20150416 16:50 12.875
20150416 17:00 12
20150416 17:10 11.5
20150416 17:20 12.375
20150416 17:30 11.875
20150416 17:40 11.75
20150416 17:50 11.625
20150416 18:00 11.375
20150416 18:10 11.125
20150416 18:20 10.25
20150416 18:30 10.625
20150416 18:40 10.125
20150416 18:50 10
20150416 19:00 10
20150416 19:10 10
20150416 19:20 10.125
20150416 19:30 9.5
20150416 19:40 9.5
20150416 19:50 9.125
20150416 20:00 8.75
20150416 20:10 8.5
20150416 20:20 8
20150416 20:30 7.75
20150416 20:40 7.625
20150416 20:50 7.375
20150416 21:00 7.125
20150416 21:10 7.125
20150416 21:20 6.625
20150416 21:30 6.5
20150416 21:40 6.75
20150416 21:50 6.75
20150416 22:00 6.125
20150416 22:10 5.75
20150416 22:20 5.75
20150416 22:30 5.25
20150416 22:40 5.25
20150416 22:50 5.25
20150416 23:00 5.25
20150416 23:10 5.25
20150416 23:20 5.125
20150416 23:30 5.125
20150416 23:40 4.875
20150416 23:50 4.625
