YYYYMMDD HH:MM measured temperature
20150604 00:00 9.375
20150604 00:10 9.125
20150604 00:20 8.5
20150604 00:30 8.125
20150604 00:40 8.125
20150604 00:50 7.875
20150604 01:00 7.875
20150604 01:10 7.75
20150604 01:20 7.5
20150604 01:30 7.375
20150604 01:40 6.875
20150604 01:50 6.625
20150604 02:00 6.875
20150604 02:10 6.875
20150604 02:20 6.875
20150604 02:30 6.625
20150604 02:40 6.625
20150604 02:50 6.375
20150604 03:00 6.25
20150604 03:10 6.125
20150604 03:20 6.125
20150604 03:30 5.75
20150604 03:40 5.75
20150604 03:50 5.5
20150604 04:00 5.5
20150604 04:10 5.25
20150604 04:20 5.5
20150604 04:30 5.5
20150604 04:40 5.25
20150604 04:50 5.125
20150604 05:00 5.375
20150604 05:10 5.125
20150604 05:20 5.375
20150604 05:30 5.375
20150604 05:40 5.5
20150604 05:50 5.625
20150604 06:00 5.625
20150604 06:10 5.5
20150604 06:20 6.375
20150604 06:30 6.375
20150604 06:40 6.875
20150604 06:50 7.375
20150604 07:00 7.5
20150604 07:10 8.25
20150604 07:20 8.75
20150604 07:30 9.25
20150604 07:40 9.625
20150604 07:50 10.25
20150604 08:00 10.625
20150604 08:10 11.5
20150604 08:20 11.25
20150604 08:30 11.125
20150604 08:40 11.25
20150604 08:50 11.875
20150604 09:00 12.125
20150604 09:10 11.75
20150604 09:20 11.75
20150604 09:30 11.75
20150604 09:40 13.25
20150604 09:50 14.75
20150604 10:00 12.625
20150604 10:10 14.375
20150604 10:20 14.5
20150604 10:30 15.625
20150604 10:40 15.75
20150604 10:50 15.875
20150604 11:00 16.875
20150604 11:10 16.375
20150604 11:20 17
20150604 11:30 17.25
20150604 11:40 16.75
20150604 11:50 17.375
20150604 12:00 17.75
20150604 12:10 17.25
20150604 12:20 18.375
20150604 12:30 17.625
20150604 12:40 18.375
20150604 12:50 17.375
20150604 13:00 18.125
20150604 13:10 18.75
20150604 13:20 19.5
20150604 13:30 20.25
20150604 13:40 17.875
20150604 13:50 19
20150604 14:00 18.875
20150604 14:10 18.75
20150604 14:20 20.375
20150604 14:30 20.375
20150604 14:40 20.125
20150604 14:50 20.5
20150604 15:00 20.625
20150604 15:10 20.5
20150604 15:20 20.625
20150604 15:30 21.125
20150604 15:40 20.625
20150604 15:50 19.75
20150604 16:00 21
20150604 16:10 20.125
20150604 16:20 19.875
20150604 16:30 21.25
20150604 16:40 20
20150604 16:50 20.625
20150604 17:00 20.375
20150604 17:10 20.625
20150604 17:20 19.625
20150604 17:30 19.75
20150604 17:40 19.875
20150604 17:50 19.75
20150604 18:00 19.75
20150604 18:10 20.625
20150604 18:20 20
20150604 18:30 19.875
20150604 18:40 19.875
20150604 18:50 20
20150604 19:00 19.75
20150604 19:10 19.875
20150604 19:20 19.625
20150604 19:30 19.75
20150604 19:40 19.25
20150604 19:50 19
20150604 20:00 18.625
20150604 20:10 18.5
20150604 20:20 18.125
20150604 20:30 17.625
20150604 20:40 17.375
20150604 20:50 17.125
20150604 21:00 16.875
20150604 21:10 16.25
20150604 21:20 15.75
20150604 21:30 15.375
20150604 21:40 15
20150604 21:50 14.75
20150604 22:00 14.375
20150604 22:10 14.125
20150604 22:20 14.125
20150604 22:30 13.75
20150604 22:40 13.5
20150604 22:50 13.625
20150604 23:00 13.5
20150604 23:10 13.375
20150604 23:20 13.5
20150604 23:30 13.375
20150604 23:40 13.5
20150604 23:50 13.25
