YYYYMMDD HH:MM measured temperature
20150908 00:00 9.375
20150908 00:10 9.25
20150908 00:20 9.25
20150908 00:30 9.375
20150908 00:40 9.125
20150908 00:50 8.875
20150908 01:00 8.75
20150908 01:10 8.5
20150908 01:20 8.375
20150908 01:30 8.25
20150908 01:40 8.25
20150908 01:50 8.25
20150908 02:00 8.125
20150908 02:10 8.375
20150908 02:20 8.75
20150908 02:30 8.875
20150908 02:40 8.875
20150908 02:50 8.5
20150908 03:00 8.25
20150908 03:10 7.875
20150908 03:20 7.875
20150908 03:30 7.75
20150908 03:40 7.875
20150908 03:50 7.75
20150908 04:00 7.875
20150908 04:10 7.75
20150908 04:20 7.875
20150908 04:30 7.875
20150908 04:40 7.625
20150908 04:50 7.75
20150908 05:00 8
20150908 05:10 8.25
20150908 05:20 8.25
20150908 05:30 8.125
20150908 05:40 8.5
20150908 05:50 8.5
20150908 06:00 8.375
20150908 06:10 8.375
20150908 06:20 8.25
20150908 06:30 8.25
20150908 06:40 8.25
20150908 06:50 8.25
20150908 07:00 8.375
20150908 07:10 8.375
20150908 07:20 8.5
20150908 07:30 8.625
20150908 07:40 8.625
20150908 07:50 8.875
20150908 08:00 9.125
20150908 08:10 9.25
20150908 08:20 9.5
20150908 08:30 9.875
20150908 08:40 10.5
20150908 08:50 10.75
20150908 09:00 11.25
20150908 09:10 12
20150908 09:20 11.5
20150908 09:30 12.375
20150908 09:40 13
20150908 09:50 13.125
20150908 10:00 13.625
20150908 10:10 14
20150908 10:20 14.875
20150908 10:30 15.125
20150908 10:40 15.625
20150908 10:50 16.5
20150908 11:00 15.625
20150908 11:10 16.125
20150908 11:20 16.5
20150908 11:30 16.25
20150908 11:40 16.375
20150908 11:50 17.5
20150908 12:00 16.875
20150908 12:10 18.625
20150908 12:20 15.875
20150908 12:30 16.25
20150908 12:40 16.625
20150908 12:50 16.75
20150908 13:00 17
20150908 13:10 17.375
20150908 13:20 17.375
20150908 13:30 17
20150908 13:40 18
20150908 13:50 18
20150908 14:00 17.75
20150908 14:10 17.25
20150908 14:20 17.375
20150908 14:30 17
20150908 14:40 17.5
20150908 14:50 17.75
20150908 15:00 18.375
20150908 15:10 18.375
20150908 15:20 18
20150908 15:30 17.25
20150908 15:40 19
20150908 15:50 18.75
20150908 16:00 18
20150908 16:10 17.5
20150908 16:20 19
20150908 16:30 17.875
20150908 16:40 17.625
20150908 16:50 18.25
20150908 17:00 18.125
20150908 17:10 18.625
20150908 17:20 18
20150908 17:30 18.75
20150908 17:40 18
20150908 17:50 17.25
20150908 18:00 17.5
20150908 18:10 17.875
20150908 18:20 17.875
20150908 18:30 17.75
20150908 18:40 17.25
20150908 18:50 16.875
20150908 19:00 16.5
20150908 19:10 16.25
20150908 19:20 16
20150908 19:30 15.625
20150908 19:40 15.5
20150908 19:50 15
20150908 20:00 14.75
20150908 20:10 14.25
20150908 20:20 14.375
20150908 20:30 14.125
20150908 20:40 14
20150908 20:50 13.875
20150908 21:00 13.875
20150908 21:10 13.75
20150908 21:20 13.75
20150908 21:30 13.75
20150908 21:40 13.375
20150908 21:50 13.125
20150908 22:00 13
20150908 22:10 12.875
20150908 22:20 12.75
20150908 22:30 12.5
20150908 22:40 12.375
20150908 22:50 12.375
20150908 23:00 12.375
20150908 23:10 12.125
20150908 23:20 12
20150908 23:30 12.125
20150908 23:40 12
20150908 23:50 11.875
