YYYYMMDD HH:MM measured temperature
20150812 00:00 16.5
20150812 00:10 16.5
20150812 00:20 16.375
20150812 00:30 16.375
20150812 00:40 16.375
20150812 00:50 16.375
20150812 01:00 16.375
20150812 01:10 16.375
20150812 01:20 16.375
20150812 01:30 16.25
20150812 01:40 16.25
20150812 01:50 16.125
20150812 02:00 16.125
20150812 02:10 16.125
20150812 02:20 16.125
20150812 02:30 16.125
20150812 02:40 16.125
20150812 02:50 16.1875
20150812 03:00 16.25
20150812 03:10 16.25
20150812 03:20 16.25
20150812 03:30 16.1875
20150812 03:40 16.125
20150812 03:50 16.25
20150812 04:00 16.375
20150812 04:10 16.375
20150812 04:20 16.25
20150812 04:30 16.25
20150812 04:40 16.375
20150812 04:50 16.1875
20150812 05:00 16.25
20150812 05:10 16.25
20150812 05:20 16.25
20150812 05:30 16.3125
20150812 05:40 16.25
20150812 05:50 16.25
20150812 06:00 16.375
20150812 06:10 16.5
20150812 06:20 16.375
20150812 06:30 16.375
20150812 06:40 16.375
20150812 06:50 16.375
20150812 07:00 16.375
20150812 07:10 16.5
20150812 07:20 16.375
20150812 07:30 16.5
20150812 07:40 16.5
20150812 07:50 16.625
20150812 08:00 16.625
20150812 08:10 16.625
20150812 08:20 16.75
20150812 08:30 16.875
20150812 08:40 16.875
20150812 08:50 17
20150812 09:00 17
20150812 09:10 17.375
20150812 09:20 16.875
20150812 09:30 17.625
20150812 09:40 17.5
20150812 09:50 17.875
20150812 10:00 17.75
20150812 10:10 18
20150812 10:20 18.125
20150812 10:30 18.125
20150812 10:40 18.875
20150812 10:50 18.5
20150812 11:00 18.625
20150812 11:10 18.75
20150812 11:20 18.875
20150812 11:30 19
20150812 11:40 19.25
20150812 11:50 19.375
20150812 12:00 19.75
20150812 12:10 20
20150812 12:20 20.5
20150812 12:30 20.75
20150812 12:40 20.875
20150812 12:50 20.625
20150812 13:00 21.125
20150812 13:10 21.25
20150812 13:20 20.875
20150812 13:30 21.625
20150812 13:40 21.75
20150812 13:50 22.125
20150812 14:00 21.875
20150812 14:10 21.75
20150812 14:20 21.375
20150812 14:30 21.625
20150812 14:40 21.5
20150812 14:50 21.5
20150812 15:00 21.5
20150812 15:10 21.5
20150812 15:20 21.875
20150812 15:30 22.625
20150812 15:40 23
20150812 15:50 22
20150812 16:00 22.375
20150812 16:10 23
20150812 16:20 24.125
20150812 16:30 24
20150812 16:40 23.875
20150812 16:50 22.75
20150812 17:00 23.625
20150812 17:10 23.375
20150812 17:20 22.25
20150812 17:30 22.5
20150812 17:40 22.375
20150812 17:50 23.375
20150812 18:00 22.375
20150812 18:10 22.25
20150812 18:20 22
20150812 18:30 22.375
20150812 18:40 22.125
20150812 18:50 21.75
20150812 19:00 21.625
20150812 19:10 21.25
20150812 19:20 21
20150812 19:30 20.75
20150812 19:40 20.375
20150812 19:50 20.25
20150812 20:00 20.125
20150812 20:10 19.875
20150812 20:20 19.625
20150812 20:30 19.875
20150812 20:40 19.625
20150812 20:50 19.75
20150812 21:00 19.5
20150812 21:10 19.25
20150812 21:20 19
20150812 21:30 18.625
20150812 21:40 18.25
20150812 21:50 18
20150812 22:00 18.25
20150812 22:10 18.125
20150812 22:20 18
20150812 22:30 18
20150812 22:40 17.875
20150812 22:50 17.75
20150812 23:00 17.5
20150812 23:10 17.5
20150812 23:20 17.25
20150812 23:30 17.25
20150812 23:40 17.125
20150812 23:50 17.125
