YYYYMMDD HH:MM measured temperature
20150226 00:00 4.125
20150226 00:10 4.125
20150226 00:20 4.125
20150226 00:30 4.25
20150226 00:40 4.25
20150226 00:50 4.25
20150226 01:00 4.25
20150226 01:10 4.375
20150226 01:20 4.125
20150226 01:30 4.25
20150226 01:40 4.25
20150226 01:50 4.25
20150226 02:00 4.375
20150226 02:10 4.375
20150226 02:20 4.25
20150226 02:30 4.375
20150226 02:40 4.375
20150226 02:50 4.375
20150226 03:00 4.25
20150226 03:10 4.375
20150226 03:20 4.375
20150226 03:30 4.5
20150226 03:40 4.375
20150226 03:50 4.375
20150226 04:00 4.375
20150226 04:10 4.375
20150226 04:20 4.375
20150226 04:30 4.375
20150226 04:40 4.25
20150226 04:50 4.25
20150226 05:00 4.25
20150226 05:10 4.25
20150226 05:20 4.125
20150226 05:30 4.125
20150226 05:40 4
20150226 05:50 4
20150226 06:00 4
20150226 06:10 4
20150226 06:20 4
20150226 06:30 4
20150226 06:40 4
20150226 06:50 4
20150226 07:00 4
20150226 07:10 4
20150226 07:20 4
20150226 07:30 4
20150226 07:40 4
20150226 07:50 4.125
20150226 08:00 4.125
20150226 08:10 4.125
20150226 08:20 4.125
20150226 08:30 4.125
20150226 08:40 4.375
20150226 08:50 4.25
20150226 09:00 4.375
20150226 09:10 4.375
20150226 09:20 4.5
20150226 09:30 4.5
20150226 09:40 4.5
20150226 09:50 4.5
20150226 10:00 4.5
20150226 10:10 4.5
20150226 10:20 4.75
20150226 10:30 5
20150226 10:40 5.25
20150226 10:50 5.625
20150226 11:00 5.75
20150226 11:10 6
20150226 11:20 6.375
20150226 11:30 6.75
20150226 11:40 7.25
20150226 11:50 7.125
20150226 12:00 7.875
20150226 12:10 11.375
20150226 12:20 10.5
20150226 12:30 9.125
20150226 12:40 8.625
20150226 12:50 10
20150226 13:00 8.75
20150226 13:10 11
20150226 13:20 11.5
20150226 13:30 11.625
20150226 13:40 11.25
20150226 13:50 10.75
20150226 14:00 12.125
20150226 14:10 11.5
20150226 14:20 11.25
20150226 14:30 11.125
20150226 14:40 11.375
20150226 14:50 12
20150226 15:00 10.5
20150226 15:10 9.875
20150226 15:20 9.625
20150226 15:30 10.125
20150226 15:40 9.875
20150226 15:50 9.5
20150226 16:00 9.125
20150226 16:10 8.875
20150226 16:20 8.625
20150226 16:30 8.5
20150226 16:40 8.25
20150226 16:50 8.125
20150226 17:00 8
20150226 17:10 7.75
20150226 17:20 7.75
20150226 17:30 7.625
20150226 17:40 7.25
20150226 17:50 7.25
20150226 18:00 7
20150226 18:10 6.75
20150226 18:20 6.75
20150226 18:30 6.625
20150226 18:40 6.5
20150226 18:50 6.375
20150226 19:00 6.25
20150226 19:10 6.5
20150226 19:20 6.5
20150226 19:30 6.5
20150226 19:40 6.625
20150226 19:50 6.5
20150226 20:00 6.5
20150226 20:10 6.625
20150226 20:20 6.625
20150226 20:30 6.625
20150226 20:40 6.625
20150226 20:50 6.5
20150226 21:00 6.5
20150226 21:10 6.5
20150226 21:20 6.5
20150226 21:30 6.5
20150226 21:40 6.625
20150226 21:50 6.5
20150226 22:00 6.5
20150226 22:10 6.5
20150226 22:20 6.5
20150226 22:30 6.5
20150226 22:40 6.5
20150226 22:50 6.5
20150226 23:00 6.375
20150226 23:10 6.375
20150226 23:20 6.5
20150226 23:30 6.5
20150226 23:40 6.5
20150226 23:50 6.5
