YYYYMMDD HH:MM measured temperature
20150423 00:00 6.875
20150423 00:10 6.875
20150423 00:20 6.625
20150423 00:30 6.375
20150423 00:40 6.375
20150423 00:50 6.5
20150423 01:00 6.5
20150423 01:10 6.375
20150423 01:20 6.5
20150423 01:30 6.5
20150423 01:40 6.25
20150423 01:50 6.5
20150423 02:00 6.5
20150423 02:10 6.375
20150423 02:20 6.5
20150423 02:30 6.375
20150423 02:40 6.25
20150423 02:50 6.125
20150423 03:00 6.25
20150423 03:10 6.25
20150423 03:20 6.375
20150423 03:30 6.25
20150423 03:40 6.5
20150423 03:50 6.25
20150423 04:00 6
20150423 04:10 6.125
20150423 04:20 6
20150423 04:30 6.125
20150423 04:40 6.25
20150423 04:50 6.125
20150423 05:00 6.25
20150423 05:10 6.25
20150423 05:20 6.125
20150423 05:30 6
20150423 05:40 6.125
20150423 05:50 6
20150423 06:00 5.875
20150423 06:10 5.875
20150423 06:20 5.75
20150423 06:30 5.875
20150423 06:40 5.75
20150423 06:50 5.875
20150423 07:00 5.875
20150423 07:10 5.875
20150423 07:20 5.875
20150423 07:30 6
20150423 07:40 6.125
20150423 07:50 5.875
20150423 08:00 6
20150423 08:10 6
20150423 08:20 6
20150423 08:30 6
20150423 08:40 6
20150423 08:50 5.875
20150423 09:00 5.875
20150423 09:10 6.125
20150423 09:20 6
20150423 09:30 6.125
20150423 09:40 6.375
20150423 09:50 6.375
20150423 10:00 6.5
20150423 10:10 6.5
20150423 10:20 6.75
20150423 10:30 6.875
20150423 10:40 7.125
20150423 10:50 7.375
20150423 11:00 7.375
20150423 11:10 7.5
20150423 11:20 7.5
20150423 11:30 7.75
20150423 11:40 8.125
20150423 11:50 8.75
20150423 12:00 8.875
20150423 12:10 9.125
20150423 12:20 9.5
20150423 12:30 9.75
20150423 12:40 10.375
20150423 12:50 10.125
20150423 13:00 10.375
20150423 13:10 10.5
20150423 13:20 11.125
20150423 13:30 11.875
20150423 13:40 13.5
20150423 13:50 13.375
20150423 14:00 16.5
20150423 14:10 16.25
20150423 14:20 15
20150423 14:30 16.125
20150423 14:40 15.75
20150423 14:50 15.625
20150423 15:00 15.625
20150423 15:10 17.125
20150423 15:20 16.25
20150423 15:30 18.125
20150423 15:40 17.5
20150423 15:50 17.625
20150423 16:00 17
20150423 16:10 17
20150423 16:20 16.75
20150423 16:30 15.875
20150423 16:40 15.375
20150423 16:50 15.875
20150423 17:00 15.375
20150423 17:10 15.5
20150423 17:20 15.75
20150423 17:30 15.75
20150423 17:40 15.375
20150423 17:50 15.125
20150423 18:00 15.625
20150423 18:10 15.25
20150423 18:20 15
20150423 18:30 15.125
20150423 18:40 14.875
20150423 18:50 14.75
20150423 19:00 14.375
20150423 19:10 13.875
20150423 19:20 14
20150423 19:30 13.75
20150423 19:40 13.5
20150423 19:50 13.125
20150423 20:00 12.375
20150423 20:10 11.75
20150423 20:20 11
20150423 20:30 10.375
20150423 20:40 9.875
20150423 20:50 9.75
20150423 21:00 9.25
20150423 21:10 9
20150423 21:20 8.875
20150423 21:30 8.25
20150423 21:40 7.875
20150423 21:50 7.75
20150423 22:00 7.5
20150423 22:10 7.125
20150423 22:20 7.25
20150423 22:30 6.75
20150423 22:40 6.75
20150423 22:50 6.625
20150423 23:00 6.375
20150423 23:10 6.375
20150423 23:20 6.125
20150423 23:30 6
20150423 23:40 6
20150423 23:50 6.375
