YYYYMMDD HH:MM measured temperature
20150219 00:00 1.375
20150219 00:10 1.375
20150219 00:20 1.375
20150219 00:30 1.25
20150219 00:40 1.25
20150219 00:50 1.125
20150219 01:00 1
20150219 01:10 0.875
20150219 01:20 0.875
20150219 01:30 0.75
20150219 01:40 0.625
20150219 01:50 0.625
20150219 02:00 0.625
20150219 02:10 0.625
20150219 02:20 0.5
20150219 02:30 0.125
20150219 02:40 -0.125
20150219 02:50 0
20150219 03:00 -0.25
20150219 03:10 -0.125
20150219 03:20 -0.25
20150219 03:30 -0.25
20150219 03:40 -0.25
20150219 03:50 -0.125
20150219 04:00 -0.25
20150219 04:10 -0.125
20150219 04:20 -0.25
20150219 04:30 -0.25
20150219 04:40 0
20150219 04:50 -0.125
20150219 05:00 -0.125
20150219 05:10 -0.25
20150219 05:20 -0.375
20150219 05:30 -0.375
20150219 05:40 -0.125
20150219 05:50 0
20150219 06:00 -0.125
20150219 06:10 0
20150219 06:20 0.125
20150219 06:30 0.125
20150219 06:40 0
20150219 06:50 0
20150219 07:00 0
20150219 07:10 0
20150219 07:20 -0.125
20150219 07:30 -0.125
20150219 07:40 -0.125
20150219 07:50 -0.125
20150219 08:00 -0.125
20150219 08:10 -0.125
20150219 08:20 0
20150219 08:30 0.125
20150219 08:40 0.5
20150219 08:50 0.75
20150219 09:00 0.875
20150219 09:10 1.125
20150219 09:20 1.25
20150219 09:30 1.375
20150219 09:40 1.5
20150219 09:50 1.75
20150219 10:00 2.125
20150219 10:10 2.75
20150219 10:20 3
20150219 10:30 3
20150219 10:40 3.25
20150219 10:50 3.75
20150219 11:00 3.875
20150219 11:10 4.25
20150219 11:20 4.375
20150219 11:30 4.625
20150219 11:40 5.125
20150219 11:50 5.875
20150219 12:00 7.125
20150219 12:10 7.875
20150219 12:20 8.375
20150219 12:30 8.625
20150219 12:40 8.5
20150219 12:50 8.375
20150219 13:00 8.375
20150219 13:10 8.25
20150219 13:20 8.875
20150219 13:30 8.625
20150219 13:40 7.75
20150219 13:50 8.125
20150219 14:00 8
20150219 14:10 7.25
20150219 14:20 6.875
20150219 14:30 7
20150219 14:40 6.625
20150219 14:50 7.125
20150219 15:00 6.625
20150219 15:10 6.125
20150219 15:20 6
20150219 15:30 5.875
20150219 15:40 5.75
20150219 15:50 5.375
20150219 16:00 4.875
20150219 16:10 4.875
20150219 16:20 4.625
20150219 16:30 4.5
20150219 16:40 4.25
20150219 16:50 4
20150219 17:00 3.75
20150219 17:10 3.5
20150219 17:20 3.25
20150219 17:30 3.125
20150219 17:40 2.875
20150219 17:50 2.625
20150219 18:00 2.625
20150219 18:10 2.5
20150219 18:20 2.375
20150219 18:30 2.25
20150219 18:40 2.25
20150219 18:50 2.25
20150219 19:00 2
20150219 19:10 2
20150219 19:20 2
20150219 19:30 1.875
20150219 19:40 2
20150219 19:50 2
20150219 20:00 1.75
20150219 20:10 1.625
20150219 20:20 1.625
20150219 20:30 1.625
20150219 20:40 1.375
20150219 20:50 1.5
20150219 21:00 1.375
20150219 21:10 1.125
20150219 21:20 1.125
20150219 21:30 1.125
20150219 21:40 1.125
20150219 21:50 1.125
20150219 22:00 1.125
20150219 22:10 1.25
20150219 22:20 1.125
20150219 22:30 1.25
20150219 22:40 1.125
20150219 22:50 1
20150219 23:00 1.125
20150219 23:10 1.25
20150219 23:20 1.25
20150219 23:30 1.25
20150219 23:40 1.25
20150219 23:50 1.25
