YYYYMMDD HH:MM measured temperature
20151214 00:00 -0.625
20151214 00:10 -0.75
20151214 00:20 -0.75
20151214 00:30 -0.625
20151214 00:40 -0.625
20151214 00:50 -0.75
20151214 01:00 -0.75
20151214 01:10 -0.875
20151214 01:20 -0.875
20151214 01:30 -0.875
20151214 01:40 -0.875
20151214 01:50 -0.875
20151214 02:00 -0.625
20151214 02:10 -0.625
20151214 02:20 -0.625
20151214 02:30 -0.625
20151214 02:40 -0.625
20151214 02:50 -0.625
20151214 03:00 -0.625
20151214 03:10 -0.375
20151214 03:20 -0.5
20151214 03:30 -0.375
20151214 03:40 -0.25
20151214 03:50 -0.25
20151214 04:00 -0.125
20151214 04:10 -0.125
20151214 04:20 -0.125
20151214 04:30 0
20151214 04:40 0
20151214 04:50 0
20151214 05:00 0
20151214 05:10 0
20151214 05:20 0.125
20151214 05:30 0.25
20151214 05:40 0.375
20151214 05:50 0.5
20151214 06:00 0.5
20151214 06:10 0.625
20151214 06:20 0.625
20151214 06:30 0.75
20151214 06:40 0.625
20151214 06:50 0.625
20151214 07:00 0.875
20151214 07:10 0.875
20151214 07:20 0.75
20151214 07:30 0.875
20151214 07:40 0.875
20151214 07:50 1
20151214 08:00 1
20151214 08:10 1.125
20151214 08:20 1.25
20151214 08:30 1.375
20151214 08:40 1.375
20151214 08:50 1.375
20151214 09:00 1.5
20151214 09:10 1.75
20151214 09:20 1.875
20151214 09:30 2
20151214 09:40 2.25
20151214 09:50 2.375
20151214 10:00 2.5
20151214 10:10 2.625
20151214 10:20 2.75
20151214 10:30 2.875
20151214 10:40 2.875
20151214 10:50 3.125
20151214 11:00 3.375
20151214 11:10 3.625
20151214 11:20 3.875
20151214 11:30 4.25
20151214 11:40 4.25
20151214 11:50 4.375
20151214 12:00 4.375
20151214 12:10 4.375
20151214 12:20 4.5
20151214 12:30 4.375
20151214 12:40 4.375
20151214 12:50 4.25
20151214 13:00 4.25
20151214 13:10 4.25
20151214 13:20 4.25
20151214 13:30 4.375
20151214 13:40 4.375
20151214 13:50 4.375
20151214 14:00 4.375
20151214 14:10 4.5
20151214 14:20 4.5
20151214 14:30 4.5
20151214 14:40 4.625
20151214 14:50 4.5
20151214 15:00 4.625
20151214 15:10 4.75
20151214 15:20 4.625
20151214 15:30 4.625
20151214 15:40 4.5
20151214 15:50 4.5
20151214 16:00 4.625
20151214 16:10 4.75
20151214 16:20 4.75
20151214 16:30 4.875
20151214 16:40 4.875
20151214 16:50 4.875
20151214 17:00 4.75
20151214 17:10 4.75
20151214 17:20 4.75
20151214 17:30 4.75
20151214 17:40 4.75
20151214 17:50 4.75
20151214 18:00 4.625
20151214 18:10 4.625
20151214 18:20 4.625
20151214 18:30 4.625
20151214 18:40 4.5
20151214 18:50 4.625
20151214 19:00 4.625
20151214 19:10 4.625
20151214 19:20 4.75
20151214 19:30 4.75
20151214 19:40 4.75
20151214 19:50 4.625
20151214 20:00 4.75
20151214 20:10 4.625
20151214 20:20 4.625
20151214 20:30 4.75
20151214 20:40 4.75
20151214 20:50 4.625
20151214 21:00 4.625
20151214 21:10 4.625
20151214 21:20 4.625
20151214 21:30 4.75
20151214 21:40 4.75
20151214 21:50 4.875
20151214 22:00 4.75
20151214 22:10 4.75
20151214 22:20 4.625
20151214 22:30 4.5
20151214 22:40 4.25
20151214 22:50 4.5
20151214 23:00 4.375
20151214 23:10 4.5
20151214 23:20 4.25
20151214 23:30 4.125
20151214 23:40 4.125
20151214 23:50 4.625
