YYYYMMDD HH:MM measured temperature
20150927 00:00 7.5
20150927 00:10 7.375
20150927 00:20 6.625
20150927 00:30 6.5
20150927 00:40 6.5
20150927 00:50 6.375
20150927 01:00 6.375
20150927 01:10 6.375
20150927 01:20 6.5
20150927 01:30 6.25
20150927 01:40 6
20150927 01:50 5.75
20150927 02:00 5.875
20150927 02:10 5.75
20150927 02:20 5.625
20150927 02:30 5.375
20150927 02:40 5.5
20150927 02:50 5.5
20150927 03:00 5.375
20150927 03:10 5
20150927 03:20 5.125
20150927 03:30 4.75
20150927 03:40 5
20150927 03:50 4.75
20150927 04:00 5.125
20150927 04:10 4.875
20150927 04:20 4.75
20150927 04:30 5.125
20150927 04:40 5.125
20150927 04:50 5.125
20150927 05:00 5.125
20150927 05:10 5
20150927 05:20 4.625
20150927 05:30 4.75
20150927 05:40 4.625
20150927 05:50 5
20150927 06:00 5
20150927 06:10 4.75
20150927 06:20 4.875
20150927 06:30 5
20150927 06:40 4.625
20150927 06:50 4.5
20150927 07:00 4.375
20150927 07:10 4.5
20150927 07:20 4.375
20150927 07:30 4.5
20150927 07:40 4.375
20150927 07:50 4.375
20150927 08:00 4.875
20150927 08:10 5.625
20150927 08:20 6
20150927 08:30 6.5
20150927 08:40 7.125
20150927 08:50 7.875
20150927 09:00 8.625
20150927 09:10 9.125
20150927 09:20 9.75
20150927 09:30 11
20150927 09:40 11.875
20150927 09:50 11.875
20150927 10:00 12.25
20150927 10:10 12.625
20150927 10:20 12.75
20150927 10:30 13
20150927 10:40 13.25
20150927 10:50 13.375
20150927 11:00 13.625
20150927 11:10 13.75
20150927 11:20 14.25
20150927 11:30 14
20150927 11:40 14.75
20150927 11:50 14.5
20150927 12:00 14.5
20150927 12:10 15.25
20150927 12:20 14.375
20150927 12:30 14.375
20150927 12:40 16
20150927 12:50 14.5
20150927 13:00 16.25
20150927 13:10 15.625
20150927 13:20 14.375
20150927 13:30 15.375
20150927 13:40 16.5
20150927 13:50 15.125
20150927 14:00 16.125
20150927 14:10 16.75
20150927 14:20 15.25
20150927 14:30 15.375
20150927 14:40 15.375
20150927 14:50 16.25
20150927 15:00 15.375
20150927 15:10 15.375
20150927 15:20 15.125
20150927 15:30 15.625
20150927 15:40 15.625
20150927 15:50 15
20150927 16:00 14.875
20150927 16:10 15.875
20150927 16:20 15.375
20150927 16:30 16.375
20150927 16:40 16.25
20150927 16:50 15.625
20150927 17:00 16.375
20150927 17:10 15.375
20150927 17:20 14.5
20150927 17:30 14.625
20150927 17:40 14.625
20150927 17:50 14.5
20150927 18:00 14.375
20150927 18:10 14.25
20150927 18:20 14.125
20150927 18:30 14.5
20150927 18:40 13.875
20150927 18:50 13.875
20150927 19:00 13.625
20150927 19:10 13.25
20150927 19:20 12.625
20150927 19:30 12.625
20150927 19:40 12.25
20150927 19:50 11.75
20150927 20:00 11.5
20150927 20:10 11.25
20150927 20:20 11.375
20150927 20:30 11.125
20150927 20:40 11
20150927 20:50 10.875
20150927 21:00 10.875
20150927 21:10 10.875
20150927 21:20 11
20150927 21:30 11.125
20150927 21:40 11.125
20150927 21:50 11.125
20150927 22:00 11.125
20150927 22:10 11.25
20150927 22:20 11
20150927 22:30 11
20150927 22:40 10.875
20150927 22:50 11
20150927 23:00 11
20150927 23:10 10.75
20150927 23:20 10.625
20150927 23:30 10.375
20150927 23:40 10.125
20150927 23:50 10
