YYYYMMDD HH:MM measured temperature
20150717 00:00 14.125
20150717 00:10 14.125
20150717 00:20 14.25
20150717 00:30 14.125
20150717 00:40 14.125
20150717 00:50 14
20150717 01:00 14.125
20150717 01:10 13.75
20150717 01:20 13.625
20150717 01:30 13.625
20150717 01:40 13.625
20150717 01:50 13.625
20150717 02:00 13.625
20150717 02:10 13.5
20150717 02:20 13.5
20150717 02:30 13.25
20150717 02:40 13.25
20150717 02:50 13.25
20150717 03:00 13.125
20150717 03:10 13.125
20150717 03:20 13.375
20150717 03:30 13.5
20150717 03:40 13.375
20150717 03:50 13.125
20150717 04:00 13
20150717 04:10 12.875
20150717 04:20 13
20150717 04:30 12.875
20150717 04:40 12.875
20150717 04:50 12.875
20150717 05:00 12.75
20150717 05:10 12.625
20150717 05:20 12.75
20150717 05:30 12.75
20150717 05:40 13
20150717 05:50 13.125
20150717 06:00 13.25
20150717 06:10 13.5
20150717 06:20 13.625
20150717 06:30 14
20150717 06:40 14.25
20150717 06:50 14.625
20150717 07:00 15
20150717 07:10 15.375
20150717 07:20 16.125
20150717 07:30 16.125
20150717 07:40 16.875
20150717 07:50 16.75
20150717 08:00 16.875
20150717 08:10 17.25
20150717 08:20 17.375
20150717 08:30 17.5
20150717 08:40 17.375
20150717 08:50 16.875
20150717 09:00 16.25
20150717 09:10 15.875
20150717 09:20 16.125
20150717 09:30 16.5
20150717 09:40 16.625
20150717 09:50 16.75
20150717 10:00 17.5
20150717 10:10 17.875
20150717 10:20 18.375
20150717 10:30 19.125
20150717 10:40 19.5
20150717 10:50 20
20150717 11:00 21.125
20150717 11:10 21.875
20150717 11:20 22.5
20150717 11:30 23
20150717 11:40 24
20150717 11:50 24.125
20150717 12:00 24.625
20150717 12:10 24.875
20150717 12:20 25.125
20150717 12:30 26.125
20150717 12:40 26.75
20150717 12:50 27
20150717 13:00 27.375
20150717 13:10 27.75
20150717 13:20 27.75
20150717 13:30 28.75
20150717 13:40 29.5
20150717 13:50 29.25
20150717 14:00 29.75
20150717 14:10 30.125
20150717 14:20 30.5
20150717 14:30 31
20150717 14:40 31
20150717 14:50 31
20150717 15:00 31.125
20150717 15:10 31.125
20150717 15:20 31.125
20150717 15:30 30.875
20150717 15:40 30.625
20150717 15:50 30.75
20150717 16:00 30.625
20150717 16:10 30.5
20150717 16:20 30
20150717 16:30 30.125
20150717 16:40 30.125
20150717 16:50 30.25
20150717 17:00 30.25
20150717 17:10 29.75
20150717 17:20 29.75
20150717 17:30 29.375
20150717 17:40 29.25
20150717 17:50 29.125
20150717 18:00 28.75
20150717 18:10 28.625
20150717 18:20 28.375
20150717 18:30 28.25
20150717 18:40 28.125
20150717 18:50 28
20150717 19:00 27.75
20150717 19:10 27.5
20150717 19:20 27.125
20150717 19:30 27
20150717 19:40 26.875
20150717 19:50 26.5
20150717 20:00 26.25
20150717 20:10 25.875
20150717 20:20 25.5
20150717 20:30 24.875
20150717 20:40 24.5
20150717 20:50 24
20150717 21:00 23.75
20150717 21:10 23.375
20150717 21:20 23.125
20150717 21:30 22.75
20150717 21:40 22.375
20150717 21:50 22.25
20150717 22:00 21.875
20150717 22:10 21.625
20150717 22:20 21
20150717 22:30 20.375
20150717 22:40 19.875
20150717 22:50 19.625
20150717 23:00 20.125
20150717 23:10 19.75
20150717 23:20 19.375
20150717 23:30 19
20150717 23:40 19.125
20150717 23:50 18.625
