YYYYMMDD HH:MM measured temperature
20150115 00:00 1.5
20150115 00:10 1.5
20150115 00:20 1.625
20150115 00:30 1.75
20150115 00:40 1.75
20150115 00:50 1.75
20150115 01:00 1.875
20150115 01:10 1.875
20150115 01:20 1.875
20150115 01:30 2
20150115 01:40 1.875
20150115 01:50 2.125
20150115 02:00 2.125
20150115 02:10 2.125
20150115 02:20 2.125
20150115 02:30 2.125
20150115 02:40 2.125
20150115 02:50 2.125
20150115 03:00 2.125
20150115 03:10 2.125
20150115 03:20 2.125
20150115 03:30 2.375
20150115 03:40 2.5
20150115 03:50 2.75
20150115 04:00 2.875
20150115 04:10 2.875
20150115 04:20 2.875
20150115 04:30 3.125
20150115 04:40 3.125
20150115 04:50 3.25
20150115 05:00 3.125
20150115 05:10 3.25
20150115 05:20 3.5
20150115 05:30 3.625
20150115 05:40 3.625
20150115 05:50 3.75
20150115 06:00 3.625
20150115 06:10 3.5
20150115 06:20 3.5
20150115 06:30 3.5
20150115 06:40 3.5
20150115 06:50 3.625
20150115 07:00 3.75
20150115 07:10 3.75
20150115 07:20 3.875
20150115 07:30 4
20150115 07:40 4.125
20150115 07:50 4.25
20150115 08:00 4.25
20150115 08:10 4.5
20150115 08:20 4.625
20150115 08:30 4.625
20150115 08:40 4.875
20150115 08:50 5
20150115 09:00 5.125
20150115 09:10 5.25
20150115 09:20 5.625
20150115 09:30 5.5
20150115 09:40 5.625
20150115 09:50 5.75
20150115 10:00 5.875
20150115 10:10 6.125
20150115 10:20 6.25
20150115 10:30 6.5
20150115 10:40 6.75
20150115 10:50 6.75
20150115 11:00 6.875
20150115 11:10 7
20150115 11:20 7
20150115 11:30 7
20150115 11:40 7
20150115 11:50 7.25
20150115 12:00 7.375
20150115 12:10 7.5
20150115 12:20 7.625
20150115 12:30 7.875
20150115 12:40 8
20150115 12:50 8.125
20150115 13:00 8.125
20150115 13:10 8.125
20150115 13:20 8.125
20150115 13:30 8
20150115 13:40 8.125
20150115 13:50 8.125
20150115 14:00 8.125
20150115 14:10 8
20150115 14:20 8.125
20150115 14:30 8.25
20150115 14:40 8.5
20150115 14:50 8.75
20150115 15:00 8.875
20150115 15:10 8.875
20150115 15:20 9
20150115 15:30 8.625
20150115 15:40 8.5
20150115 15:50 8.375
20150115 16:00 8.375
20150115 16:10 8.25
20150115 16:20 8.375
20150115 16:30 8.25
20150115 16:40 8.125
20150115 16:50 8.125
20150115 17:00 8.25
20150115 17:10 8.375
20150115 17:20 8.25
20150115 17:30 8.5
20150115 17:40 8.625
20150115 17:50 8.5
20150115 18:00 8.75
20150115 18:10 8.625
20150115 18:20 8.5
20150115 18:30 8.75
20150115 18:40 8.625
20150115 18:50 8.75
20150115 19:00 8.75
20150115 19:10 8.875
20150115 19:20 9.125
20150115 19:30 9.25
20150115 19:40 9.125
20150115 19:50 9.125
20150115 20:00 9.125
20150115 20:10 8.75
20150115 20:20 8.125
20150115 20:30 7.75
20150115 20:40 7.75
20150115 20:50 7.875
20150115 21:00 7.875
20150115 21:10 8.25
20150115 21:20 8
20150115 21:30 8.125
20150115 21:40 7.875
20150115 21:50 7.875
20150115 22:00 7.875
20150115 22:10 7.875
20150115 22:20 8.25
20150115 22:30 8.375
20150115 22:40 8.25
20150115 22:50 8.25
20150115 23:00 8.25
20150115 23:10 8.125
20150115 23:20 7.75
20150115 23:30 7.75
20150115 23:40 7.625
20150115 23:50 8
