YYYYMMDD HH:MM measured temperature
20150228 00:00 1.375
20150228 00:10 1.25
20150228 00:20 1.125
20150228 00:30 1
20150228 00:40 1
20150228 00:50 0.625
20150228 01:00 0.625
20150228 01:10 0.375
20150228 01:20 0.625
20150228 01:30 0.875
20150228 01:40 0.875
20150228 01:50 0.75
20150228 02:00 0.5
20150228 02:10 0.5
20150228 02:20 0.375
20150228 02:30 0.5
20150228 02:40 0.625
20150228 02:50 0.75
20150228 03:00 0.5
20150228 03:10 0.375
20150228 03:20 0.625
20150228 03:30 0.625
20150228 03:40 0.75
20150228 03:50 0.75
20150228 04:00 0.75
20150228 04:10 0.75
20150228 04:20 0.625
20150228 04:30 0.625
20150228 04:40 0.375
20150228 04:50 0.25
20150228 05:00 0.125
20150228 05:10 0
20150228 05:20 -0.125
20150228 05:30 -0.25
20150228 05:40 -0.375
20150228 05:50 -0.5
20150228 06:00 -0.5
20150228 06:10 -0.625
20150228 06:20 -0.375
20150228 06:30 -0.375
20150228 06:40 -0.375
20150228 06:50 -0.5
20150228 07:00 -0.5
20150228 07:10 -0.375
20150228 07:20 -0.25
20150228 07:30 -0.375
20150228 07:40 -0.25
20150228 07:50 -0.25
20150228 08:00 0
20150228 08:10 0.125
20150228 08:20 0.25
20150228 08:30 0.375
20150228 08:40 0.5
20150228 08:50 0.625
20150228 09:00 0.75
20150228 09:10 1.125
20150228 09:20 1.25
20150228 09:30 2
20150228 09:40 2.375
20150228 09:50 2.5
20150228 10:00 2.5
20150228 10:10 2.875
20150228 10:20 3.125
20150228 10:30 3.5
20150228 10:40 3.75
20150228 10:50 4
20150228 11:00 4.125
20150228 11:10 4.75
20150228 11:20 5.25
20150228 11:30 5.625
20150228 11:40 6.5
20150228 11:50 7.375
20150228 12:00 6.25
20150228 12:10 5.875
20150228 12:20 8.375
20150228 12:30 7.875
20150228 12:40 8.875
20150228 12:50 9
20150228 13:00 8.25
20150228 13:10 9.375
20150228 13:20 7
20150228 13:30 7.5
20150228 13:40 6.375
20150228 13:50 7
20150228 14:00 6.875
20150228 14:10 8
20150228 14:20 8.375
20150228 14:30 7.75
20150228 14:40 7.875
20150228 14:50 7.75
20150228 15:00 8.25
20150228 15:10 8.125
20150228 15:20 7.875
20150228 15:30 7.75
20150228 15:40 8
20150228 15:50 7.75
20150228 16:00 7.375
20150228 16:10 7.5
20150228 16:20 7.125
20150228 16:30 7.125
20150228 16:40 6.875
20150228 16:50 6.625
20150228 17:00 6.5
20150228 17:10 6.25
20150228 17:20 5.875
20150228 17:30 5.75
20150228 17:40 5.5
20150228 17:50 5.125
20150228 18:00 5
20150228 18:10 4.875
20150228 18:20 4.625
20150228 18:30 4.5
20150228 18:40 4.5
20150228 18:50 4.125
20150228 19:00 4
20150228 19:10 4
20150228 19:20 3.875
20150228 19:30 3.75
20150228 19:40 3.5
20150228 19:50 3.5
20150228 20:00 3.375
20150228 20:10 3.25
20150228 20:20 3.25
20150228 20:30 3.125
20150228 20:40 3.375
20150228 20:50 3.25
20150228 21:00 3.25
20150228 21:10 3.375
20150228 21:20 3.375
20150228 21:30 3.5
20150228 21:40 3.5
20150228 21:50 3.5
20150228 22:00 3.5
20150228 22:10 3.5
20150228 22:20 3.5
20150228 22:30 3.5
20150228 22:40 3.5
20150228 22:50 3.625
20150228 23:00 3.5
20150228 23:10 3.5
20150228 23:20 3.625
20150228 23:30 3.75
20150228 23:40 3.625
20150228 23:50 3.625
