YYYYMMDD HH:MM measured temperature
20150830 00:00 12.875
20150830 00:10 12.75
20150830 00:20 12.875
20150830 00:30 13.125
20150830 00:40 13
20150830 00:50 12.875
20150830 01:00 12.5
20150830 01:10 12.625
20150830 01:20 12.75
20150830 01:30 12.625
20150830 01:40 12.5
20150830 01:50 12.5
20150830 02:00 12.75
20150830 02:10 12.75
20150830 02:20 12.5
20150830 02:30 12.125
20150830 02:40 12.375
20150830 02:50 12.25
20150830 03:00 11.875
20150830 03:10 12.125
20150830 03:20 12.5
20150830 03:30 13
20150830 03:40 13.125
20150830 03:50 13
20150830 04:00 12.875
20150830 04:10 13.125
20150830 04:20 13.375
20150830 04:30 13.5
20150830 04:40 13.5
20150830 04:50 13.625
20150830 05:00 13.375
20150830 05:10 13.125
20150830 05:20 12.875
20150830 05:30 12.875
20150830 05:40 13
20150830 05:50 12.75
20150830 06:00 12.875
20150830 06:10 13.125
20150830 06:20 13.25
20150830 06:30 13
20150830 06:40 13.25
20150830 06:50 13.375
20150830 07:00 13.75
20150830 07:10 14.125
20150830 07:20 14.25
20150830 07:30 14.25
20150830 07:40 14.125
20150830 07:50 14.25
20150830 08:00 14
20150830 08:10 13.875
20150830 08:20 13.875
20150830 08:30 14
20150830 08:40 14
20150830 08:50 14.125
20150830 09:00 14.25
20150830 09:10 14.75
20150830 09:20 15
20150830 09:30 16
20150830 09:40 15.875
20150830 09:50 16.3125
20150830 10:00 16
20150830 10:10 16.6875
20150830 10:20 16.875
20150830 10:30 17
20150830 10:40 17.125
20150830 10:50 17.875
20150830 11:00 17.5
20150830 11:10 17.5
20150830 11:20 18.125
20150830 11:30 17.875
20150830 11:40 17.375
20150830 11:50 16.8125
20150830 12:00 17
20150830 12:10 17.3125
20150830 12:20 18.125
20150830 12:30 18.875
20150830 12:40 19.625
20150830 12:50 20.375
20150830 13:00 20.375
20150830 13:10 20.25
20150830 13:20 21.625
20150830 13:30 21
20150830 13:40 21.25
20150830 13:50 21.5
20150830 14:00 22.75
20150830 14:10 22.125
20150830 14:20 22.125
20150830 14:30 21.375
20150830 14:40 21.875
20150830 14:50 22
20150830 15:00 22.375
20150830 15:10 22.125
20150830 15:20 21.5
20150830 15:30 21.625
20150830 15:40 22.875
20150830 15:50 23.375
20150830 16:00 22.75
20150830 16:10 23.25
20150830 16:20 22.875
20150830 16:30 23.5
20150830 16:40 23
20150830 16:50 23.375
20150830 17:00 23.25
20150830 17:10 22.75
20150830 17:20 22.625
20150830 17:30 23.375
20150830 17:40 22.75
20150830 17:50 23
20150830 18:00 22.625
20150830 18:10 22.625
20150830 18:20 22.5
20150830 18:30 22
20150830 18:40 21.75
20150830 18:50 21.75
20150830 19:00 21.625
20150830 19:10 21.5
20150830 19:20 21.375
20150830 19:30 21.25
20150830 19:40 21.125
20150830 19:50 21
20150830 20:00 20.75
20150830 20:10 20.625
20150830 20:20 20.5
20150830 20:30 20.375
20150830 20:40 20
20150830 20:50 19.75
20150830 21:00 19.625
20150830 21:10 19.375
20150830 21:20 19.25
20150830 21:30 19.125
20150830 21:40 19.125
20150830 21:50 19.125
20150830 22:00 19
20150830 22:10 18.875
20150830 22:20 18.75
20150830 22:30 18.75
20150830 22:40 18.625
20150830 22:50 18.75
20150830 23:00 18.625
20150830 23:10 18.5
20150830 23:20 18.4375
20150830 23:30 18.3125
20150830 23:40 18.125
20150830 23:50 18
