YYYYMMDD HH:MM measured temperature
20150629 00:00 15.25
20150629 00:10 15.25
20150629 00:20 15.125
20150629 00:30 15
20150629 00:40 15
20150629 00:50 14.875
20150629 01:00 14.875
20150629 01:10 14.875
20150629 01:20 14.875
20150629 01:30 14.75
20150629 01:40 14.625
20150629 01:50 14.625
20150629 02:00 14.5
20150629 02:10 14.5
20150629 02:20 14.5
20150629 02:30 14.5
20150629 02:40 14.375
20150629 02:50 14.25
20150629 03:00 14.25
20150629 03:10 14.25
20150629 03:20 14.375
20150629 03:30 14.375
20150629 03:40 14.5
20150629 03:50 14.5
20150629 04:00 14.5
20150629 04:10 14.375
20150629 04:20 14.125
20150629 04:30 14.125
20150629 04:40 13.875
20150629 04:50 14.125
20150629 05:00 14.25
20150629 05:10 14.125
20150629 05:20 14
20150629 05:30 14.125
20150629 05:40 14.125
20150629 05:50 14.25
20150629 06:00 14.125
20150629 06:10 14.25
20150629 06:20 14.375
20150629 06:30 15
20150629 06:40 15.375
20150629 06:50 15.5
20150629 07:00 15.5
20150629 07:10 15.75
20150629 07:20 15.5
20150629 07:30 15.625
20150629 07:40 15.875
20150629 07:50 16.25
20150629 08:00 16.625
20150629 08:10 17.125
20150629 08:20 17.625
20150629 08:30 17.75
20150629 08:40 18.25
20150629 08:50 18.625
20150629 09:00 19
20150629 09:10 19.25
20150629 09:20 19.5
20150629 09:30 20
20150629 09:40 20.625
20150629 09:50 20.875
20150629 10:00 20.625
20150629 10:10 20.5
20150629 10:20 20.75
20150629 10:30 22
20150629 10:40 22
20150629 10:50 21.25
20150629 11:00 21.625
20150629 11:10 21.5
20150629 11:20 21.5
20150629 11:30 21.5
20150629 11:40 22.25
20150629 11:50 22.125
20150629 12:00 22.75
20150629 12:10 23.25
20150629 12:20 23
20150629 12:30 23.125
20150629 12:40 23.125
20150629 12:50 22.875
20150629 13:00 23
20150629 13:10 23
20150629 13:20 22.375
20150629 13:30 25
20150629 13:40 23.75
20150629 13:50 23.875
20150629 14:00 22.25
20150629 14:10 23.25
20150629 14:20 22.5
20150629 14:30 23.5
20150629 14:40 23.25
20150629 14:50 23
20150629 15:00 23.875
20150629 15:10 23.25
20150629 15:20 22.375
20150629 15:30 24.125
20150629 15:40 24.25
20150629 15:50 23
20150629 16:00 24.625
20150629 16:10 24
20150629 16:20 24.875
20150629 16:30 23.375
20150629 16:40 22.625
20150629 16:50 23.625
20150629 17:00 24.5
20150629 17:10 23.625
20150629 17:20 22.75
20150629 17:30 22.375
20150629 17:40 22.125
20150629 17:50 22.375
20150629 18:00 22.375
20150629 18:10 22.25
20150629 18:20 21.875
20150629 18:30 22.125
20150629 18:40 21.875
20150629 18:50 21.625
20150629 19:00 21.75
20150629 19:10 21.375
20150629 19:20 20.875
20150629 19:30 20.875
20150629 19:40 20.375
20150629 19:50 20.25
20150629 20:00 19.875
20150629 20:10 19.75
20150629 20:20 19.625
20150629 20:30 19.5
20150629 20:40 19.75
20150629 20:50 19.5
20150629 21:00 19
20150629 21:10 18.75
20150629 21:20 18.5
20150629 21:30 18.125
20150629 21:40 17.875
20150629 21:50 17.875
20150629 22:00 17.625
20150629 22:10 17.5
20150629 22:20 17.25
20150629 22:30 16.875
20150629 22:40 16.625
20150629 22:50 16.375
20150629 23:00 16
20150629 23:10 16
20150629 23:20 15.75
20150629 23:30 15.25
20150629 23:40 15.625
20150629 23:50 15.625
