YYYYMMDD HH:MM measured temperature
20150628 00:00 13.5
20150628 00:10 13.625
20150628 00:20 13.5
20150628 00:30 13.25
20150628 00:40 12.875
20150628 00:50 12.75
20150628 01:00 12.5
20150628 01:10 12.375
20150628 01:20 12.25
20150628 01:30 12.375
20150628 01:40 12.375
20150628 01:50 12.25
20150628 02:00 11.875
20150628 02:10 11.625
20150628 02:20 11.375
20150628 02:30 11.125
20150628 02:40 11.25
20150628 02:50 11.25
20150628 03:00 10.875
20150628 03:10 10.75
20150628 03:20 10.625
20150628 03:30 10.25
20150628 03:40 10.375
20150628 03:50 9.75
20150628 04:00 9.5
20150628 04:10 9.75
20150628 04:20 9.5
20150628 04:30 9.375
20150628 04:40 9.25
20150628 04:50 9.125
20150628 05:00 8.875
20150628 05:10 8.875
20150628 05:20 9.125
20150628 05:30 9.125
20150628 05:40 9.125
20150628 05:50 9
20150628 06:00 9.25
20150628 06:10 9.5
20150628 06:20 10
20150628 06:30 10.5
20150628 06:40 10.875
20150628 06:50 11.125
20150628 07:00 11
20150628 07:10 11.125
20150628 07:20 11.5
20150628 07:30 12.125
20150628 07:40 12.375
20150628 07:50 12.5
20150628 08:00 13
20150628 08:10 13.625
20150628 08:20 13.625
20150628 08:30 15
20150628 08:40 15
20150628 08:50 15.125
20150628 09:00 15.75
20150628 09:10 16
20150628 09:20 16.25
20150628 09:30 16.5
20150628 09:40 16.625
20150628 09:50 17.25
20150628 10:00 17.375
20150628 10:10 17.875
20150628 10:20 17.75
20150628 10:30 18.375
20150628 10:40 18.625
20150628 10:50 18.625
20150628 11:00 19.375
20150628 11:10 19.75
20150628 11:20 19.875
20150628 11:30 20.125
20150628 11:40 20
20150628 11:50 20.25
20150628 12:00 20.375
20150628 12:10 20.5
20150628 12:20 21.75
20150628 12:30 22
20150628 12:40 21.625
20150628 12:50 21.25
20150628 13:00 22
20150628 13:10 21.5
20150628 13:20 21.25
20150628 13:30 21.75
20150628 13:40 22.875
20150628 13:50 23.125
20150628 14:00 20.75
20150628 14:10 23.125
20150628 14:20 24.125
20150628 14:30 23.5
20150628 14:40 23.25
20150628 14:50 23.375
20150628 15:00 23.375
20150628 15:10 23.375
20150628 15:20 23.125
20150628 15:30 23.375
20150628 15:40 22.625
20150628 15:50 22.875
20150628 16:00 23.875
20150628 16:10 23.75
20150628 16:20 22.75
20150628 16:30 22.5
20150628 16:40 22.25
20150628 16:50 22
20150628 17:00 22.25
20150628 17:10 21.875
20150628 17:20 21.75
20150628 17:30 21.75
20150628 17:40 21.5
20150628 17:50 21.875
20150628 18:00 21.75
20150628 18:10 21.125
20150628 18:20 20.75
20150628 18:30 20.125
20150628 18:40 20.375
20150628 18:50 20
20150628 19:00 19.375
20150628 19:10 18.25
20150628 19:20 17.5
20150628 19:30 17.375
20150628 19:40 17.25
20150628 19:50 17
20150628 20:00 17.125
20150628 20:10 17.375
20150628 20:20 17.125
20150628 20:30 16.75
20150628 20:40 16.25
20150628 20:50 16.125
20150628 21:00 16
20150628 21:10 15.875
20150628 21:20 15.75
20150628 21:30 15.75
20150628 21:40 15.75
20150628 21:50 15.5
20150628 22:00 15.625
20150628 22:10 15.625
20150628 22:20 15.25
20150628 22:30 15.25
20150628 22:40 15.375
20150628 22:50 15.5
20150628 23:00 15.375
20150628 23:10 15.5
20150628 23:20 15.25
20150628 23:30 15.25
20150628 23:40 15.375
20150628 23:50 15.25
