YYYYMMDD HH:MM measured temperature
20150216 00:00 2.5
20150216 00:10 2.5
20150216 00:20 2.5
20150216 00:30 2.5
20150216 00:40 2.375
20150216 00:50 2.375
20150216 01:00 2.375
20150216 01:10 2.375
20150216 01:20 2.375
20150216 01:30 2.375
20150216 01:40 2.25
20150216 01:50 2.25
20150216 02:00 2.25
20150216 02:10 2.375
20150216 02:20 2.25
20150216 02:30 2.25
20150216 02:40 2.375
20150216 02:50 2.375
20150216 03:00 2.25
20150216 03:10 2.25
20150216 03:20 2.125
20150216 03:30 2.125
20150216 03:40 2
20150216 03:50 1.875
20150216 04:00 1.875
20150216 04:10 1.75
20150216 04:20 1.75
20150216 04:30 1.75
20150216 04:40 1.625
20150216 04:50 1.625
20150216 05:00 1.625
20150216 05:10 1.625
20150216 05:20 1.625
20150216 05:30 1.625
20150216 05:40 1.625
20150216 05:50 1.75
20150216 06:00 1.75
20150216 06:10 1.875
20150216 06:20 1.875
20150216 06:30 1.875
20150216 06:40 1.875
20150216 06:50 1.875
20150216 07:00 1.875
20150216 07:10 1.875
20150216 07:20 1.875
20150216 07:30 1.875
20150216 07:40 1.875
20150216 07:50 1.875
20150216 08:00 1.875
20150216 08:10 1.875
20150216 08:20 1.875
20150216 08:30 2
20150216 08:40 2
20150216 08:50 2
20150216 09:00 2
20150216 09:10 2
20150216 09:20 2
20150216 09:30 2.125
20150216 09:40 2.25
20150216 09:50 2.375
20150216 10:00 2.25
20150216 10:10 2.375
20150216 10:20 2.5
20150216 10:30 2.375
20150216 10:40 2.5
20150216 10:50 2.5
20150216 11:00 2.5
20150216 11:10 2.75
20150216 11:20 2.625
20150216 11:30 2.75
20150216 11:40 2.875
20150216 11:50 2.875
20150216 12:00 2.75
20150216 12:10 3
20150216 12:20 2.875
20150216 12:30 2.875
20150216 12:40 2.875
20150216 12:50 3.25
20150216 13:00 3.25
20150216 13:10 3.375
20150216 13:20 3.5
20150216 13:30 3.5
20150216 13:40 3.25
20150216 13:50 3.5
20150216 14:00 3.625
20150216 14:10 3.875
20150216 14:20 3.75
20150216 14:30 4.25
20150216 14:40 4.5
20150216 14:50 5
20150216 15:00 4.625
20150216 15:10 4.125
20150216 15:20 3.625
20150216 15:30 4.375
20150216 15:40 4.375
20150216 15:50 4.25
20150216 16:00 4.125
20150216 16:10 4
20150216 16:20 3.75
20150216 16:30 3.625
20150216 16:40 3.625
20150216 16:50 3.375
20150216 17:00 3.25
20150216 17:10 2.875
20150216 17:20 2.625
20150216 17:30 2.5
20150216 17:40 2.375
20150216 17:50 2.25
20150216 18:00 1.75
20150216 18:10 1.375
20150216 18:20 1
20150216 18:30 1.25
20150216 18:40 1.25
20150216 18:50 0.875
20150216 19:00 1.25
20150216 19:10 1.125
20150216 19:20 1
20150216 19:30 1
20150216 19:40 0.75
20150216 19:50 0.75
20150216 20:00 0.875
20150216 20:10 0.875
20150216 20:20 0.75
20150216 20:30 1
20150216 20:40 0.875
20150216 20:50 0.625
20150216 21:00 0.5
20150216 21:10 0.5
20150216 21:20 0.625
20150216 21:30 0.75
20150216 21:40 0.625
20150216 21:50 0.75
20150216 22:00 0.75
20150216 22:10 0.5
20150216 22:20 0.375
20150216 22:30 0.375
20150216 22:40 0.25
20150216 22:50 0.375
20150216 23:00 0.25
20150216 23:10 0.125
20150216 23:20 0
20150216 23:30 -0.125
20150216 23:40 -0.125
20150216 23:50 0
