YYYYMMDD HH:MM measured temperature
20150306 00:00 4.375
20150306 00:10 4.5
20150306 00:20 4.5
20150306 00:30 4.75
20150306 00:40 4.75
20150306 00:50 4.625
20150306 01:00 4.625
20150306 01:10 4.75
20150306 01:20 4.625
20150306 01:30 4.625
20150306 01:40 4.625
20150306 01:50 4.75
20150306 02:00 4.625
20150306 02:10 4.625
20150306 02:20 4.625
20150306 02:30 4.625
20150306 02:40 4.625
20150306 02:50 4.625
20150306 03:00 4.625
20150306 03:10 4.625
20150306 03:20 4.5
20150306 03:30 4.5
20150306 03:40 4.5
20150306 03:50 4.5
20150306 04:00 4.625
20150306 04:10 4.625
20150306 04:20 4.625
20150306 04:30 4.625
20150306 04:40 4.625
20150306 04:50 4.625
20150306 05:00 4.625
20150306 05:10 4.625
20150306 05:20 4.625
20150306 05:30 4.625
20150306 05:40 4.625
20150306 05:50 4.625
20150306 06:00 4.625
20150306 06:10 4.625
20150306 06:20 4.625
20150306 06:30 4.625
20150306 06:40 4.625
20150306 06:50 4.625
20150306 07:00 4.625
20150306 07:10 4.625
20150306 07:20 4.75
20150306 07:30 4.75
20150306 07:40 4.75
20150306 07:50 4.875
20150306 08:00 4.875
20150306 08:10 4.875
20150306 08:20 5
20150306 08:30 5
20150306 08:40 5.125
20150306 08:50 5.25
20150306 09:00 5.5
20150306 09:10 5.625
20150306 09:20 5.625
20150306 09:30 5.875
20150306 09:40 6.125
20150306 09:50 6.375
20150306 10:00 6.5
20150306 10:10 6.75
20150306 10:20 6.75
20150306 10:30 7.125
20150306 10:40 7.125
20150306 10:50 7.25
20150306 11:00 7.375
20150306 11:10 7.625
20150306 11:20 7.625
20150306 11:30 7.75
20150306 11:40 7.75
20150306 11:50 7.875
20150306 12:00 8.5
20150306 12:10 8.5
20150306 12:20 8.625
20150306 12:30 8.75
20150306 12:40 9
20150306 12:50 9.125
20150306 13:00 9.125
20150306 13:10 9.25
20150306 13:20 9.5
20150306 13:30 9.375
20150306 13:40 9.5
20150306 13:50 9.5
20150306 14:00 9.375
20150306 14:10 9.75
20150306 14:20 9.75
20150306 14:30 9.75
20150306 14:40 9.875
20150306 14:50 9.875
20150306 15:00 9.625
20150306 15:10 9.75
20150306 15:20 9.625
20150306 15:30 9.625
20150306 15:40 9.375
20150306 15:50 9.375
20150306 16:00 9.25
20150306 16:10 9.25
20150306 16:20 9.375
20150306 16:30 9.125
20150306 16:40 9
20150306 16:50 8.875
20150306 17:00 8.75
20150306 17:10 8.625
20150306 17:20 8.625
20150306 17:30 8.5
20150306 17:40 8.375
20150306 17:50 8.25
20150306 18:00 8.25
20150306 18:10 8.125
20150306 18:20 8
20150306 18:30 8
20150306 18:40 7.875
20150306 18:50 7.875
20150306 19:00 7.75
20150306 19:10 7.875
20150306 19:20 7.875
20150306 19:30 7.75
20150306 19:40 7.75
20150306 19:50 7.5
20150306 20:00 7.375
20150306 20:10 7.5
20150306 20:20 7.375
20150306 20:30 7.25
20150306 20:40 7.25
20150306 20:50 7.25
20150306 21:00 7.125
20150306 21:10 7.25
20150306 21:20 7.125
20150306 21:30 7
20150306 21:40 7
20150306 21:50 7
20150306 22:00 6.875
20150306 22:10 6.875
20150306 22:20 6.875
20150306 22:30 6.875
20150306 22:40 6.875
20150306 22:50 6.75
20150306 23:00 6.75
20150306 23:10 6.75
20150306 23:20 6.625
20150306 23:30 6.625
20150306 23:40 6.625
20150306 23:50 6.5
