YYYYMMDD HH:MM measured temperature
20150315 00:00 4.625
20150315 00:10 4.625
20150315 00:20 4.5
20150315 00:30 4.5
20150315 00:40 4.25
20150315 00:50 4
20150315 01:00 4
20150315 01:10 3.875
20150315 01:20 3.875
20150315 01:30 3.75
20150315 01:40 3.625
20150315 01:50 3.625
20150315 02:00 3.625
20150315 02:10 3.75
20150315 02:20 3.625
20150315 02:30 3.625
20150315 02:40 3.625
20150315 02:50 3.5
20150315 03:00 3.625
20150315 03:10 3.625
20150315 03:20 3.625
20150315 03:30 3.75
20150315 03:40 3.625
20150315 03:50 3.625
20150315 04:00 3.625
20150315 04:10 3.625
20150315 04:20 3.625
20150315 04:30 3.625
20150315 04:40 3.625
20150315 04:50 3.625
20150315 05:00 3.625
20150315 05:10 3.625
20150315 05:20 3.625
20150315 05:30 3.625
20150315 05:40 3.625
20150315 05:50 3.625
20150315 06:00 3.75
20150315 06:10 3.75
20150315 06:20 3.875
20150315 06:30 3.875
20150315 06:40 3.75
20150315 06:50 3.75
20150315 07:00 3.75
20150315 07:10 3.75
20150315 07:20 3.875
20150315 07:30 4
20150315 07:40 3.875
20150315 07:50 3.875
20150315 08:00 3.875
20150315 08:10 4
20150315 08:20 4.125
20150315 08:30 4.25
20150315 08:40 4.25
20150315 08:50 4.5
20150315 09:00 4.625
20150315 09:10 4.75
20150315 09:20 4.75
20150315 09:30 5
20150315 09:40 5.125
20150315 09:50 5.375
20150315 10:00 5.375
20150315 10:10 5.5
20150315 10:20 5.5
20150315 10:30 5.875
20150315 10:40 6.875
20150315 10:50 7.25
20150315 11:00 7
20150315 11:10 6.625
20150315 11:20 8
20150315 11:30 7.375
20150315 11:40 6.875
20150315 11:50 6.375
20150315 12:00 6.375
20150315 12:10 6.375
20150315 12:20 7.25
20150315 12:30 7.125
20150315 12:40 7.875
20150315 12:50 7.25
20150315 13:00 7.375
20150315 13:10 7.5
20150315 13:20 7
20150315 13:30 6.625
20150315 13:40 6.75
20150315 13:50 6.625
20150315 14:00 6.375
20150315 14:10 6.5
20150315 14:20 6.375
20150315 14:30 6.75
20150315 14:40 6.5
20150315 14:50 6.625
20150315 15:00 6.5
20150315 15:10 6.625
20150315 15:20 6.75
20150315 15:30 6.625
20150315 15:40 6.5
20150315 15:50 6.5
20150315 16:00 6.5
20150315 16:10 6.25
20150315 16:20 6.25
20150315 16:30 6.25
20150315 16:40 6.25
20150315 16:50 6.25
20150315 17:00 6.375
20150315 17:10 6.375
20150315 17:20 6.25
20150315 17:30 6.25
20150315 17:40 6.25
20150315 17:50 6.25
20150315 18:00 6.125
20150315 18:10 6.125
20150315 18:20 6.125
20150315 18:30 6.125
20150315 18:40 6
20150315 18:50 6
20150315 19:00 6
20150315 19:10 6
20150315 19:20 6
20150315 19:30 6
20150315 19:40 5.875
20150315 19:50 5.875
20150315 20:00 5.75
20150315 20:10 5.875
20150315 20:20 5.75
20150315 20:30 5.875
20150315 20:40 5.875
20150315 20:50 5.75
20150315 21:00 5.75
20150315 21:10 5.75
20150315 21:20 5.75
20150315 21:30 5.5
20150315 21:40 5.5
20150315 21:50 5.5
20150315 22:00 5.5
20150315 22:10 5.5
20150315 22:20 5.375
20150315 22:30 5.5
20150315 22:40 5.5
20150315 22:50 5.5
20150315 23:00 5.625
20150315 23:10 5.625
20150315 23:20 5.75
20150315 23:30 5.625
20150315 23:40 5.75
20150315 23:50 5.625
