YYYYMMDD HH:MM measured temperature
20150120 00:00 -1
20150120 00:10 -1
20150120 00:20 -1
20150120 00:30 -1.125
20150120 00:40 -1.125
20150120 00:50 -1.125
20150120 01:00 -0.875
20150120 01:10 -1
20150120 01:20 -0.875
20150120 01:30 -1
20150120 01:40 -0.75
20150120 01:50 -0.625
20150120 02:00 -0.625
20150120 02:10 -0.625
20150120 02:20 -0.875
20150120 02:30 -0.75
20150120 02:40 -0.75
20150120 02:50 -1
20150120 03:00 -1.125
20150120 03:10 -1.375
20150120 03:20 -1.25
20150120 03:30 -1.5
20150120 03:40 -1.25
20150120 03:50 -1
20150120 04:00 -1
20150120 04:10 -1.125
20150120 04:20 -1.25
20150120 04:30 -1.375
20150120 04:40 -1.25
20150120 04:50 -1.25
20150120 05:00 -1.125
20150120 05:10 -1.125
20150120 05:20 -1.125
20150120 05:30 -1.125
20150120 05:40 -0.75
20150120 05:50 -0.75
20150120 06:00 -1
20150120 06:10 -1
20150120 06:20 -1.125
20150120 06:30 -1
20150120 06:40 -0.875
20150120 06:50 -0.875
20150120 07:00 -0.875
20150120 07:10 -1.125
20150120 07:20 -1
20150120 07:30 -1
20150120 07:40 -1.125
20150120 07:50 -1.25
20150120 08:00 -1.25
20150120 08:10 -1.25
20150120 08:20 -1.125
20150120 08:30 -1.25
20150120 08:40 -1.375
20150120 08:50 -1.25
20150120 09:00 -1
20150120 09:10 -0.875
20150120 09:20 -0.75
20150120 09:30 -0.75
20150120 09:40 -0.375
20150120 09:50 -0.5
20150120 10:00 -0.25
20150120 10:10 -0.25
20150120 10:20 -0.25
20150120 10:30 -0.125
20150120 10:40 0.25
20150120 10:50 0.375
20150120 11:00 0.25
20150120 11:10 0.625
20150120 11:20 1
20150120 11:30 1.125
20150120 11:40 0.75
20150120 11:50 1.125
20150120 12:00 1.625
20150120 12:10 2
20150120 12:20 1.875
20150120 12:30 2
20150120 12:40 2.625
20150120 12:50 3.75
20150120 13:00 2.875
20150120 13:10 1.5
20150120 13:20 1.375
20150120 13:30 0.75
20150120 13:40 1.375
20150120 13:50 1.125
20150120 14:00 1.125
20150120 14:10 1.375
20150120 14:20 1.5
20150120 14:30 1.625
20150120 14:40 3
20150120 14:50 3.75
20150120 15:00 1.875
20150120 15:10 1.875
20150120 15:20 1.375
20150120 15:30 2
20150120 15:40 1.625
20150120 15:50 1.625
20150120 16:00 1.375
20150120 16:10 1.125
20150120 16:20 1.125
20150120 16:30 0.875
20150120 16:40 1
20150120 16:50 0.625
20150120 17:00 0.875
20150120 17:10 0.75
20150120 17:20 0.75
20150120 17:30 0.625
20150120 17:40 0.375
20150120 17:50 0.25
20150120 18:00 0.375
20150120 18:10 0.25
20150120 18:20 0
20150120 18:30 0.25
20150120 18:40 0.25
20150120 18:50 0.125
20150120 19:00 0
20150120 19:10 -0.375
20150120 19:20 -0.5
20150120 19:30 0
20150120 19:40 0
20150120 19:50 0.125
20150120 20:00 0.25
20150120 20:10 0.125
20150120 20:20 0.5
20150120 20:30 0.375
20150120 20:40 0.375
20150120 20:50 0.5
20150120 21:00 0.5
20150120 21:10 0.375
20150120 21:20 0.25
20150120 21:30 0.25
20150120 21:40 0.25
20150120 21:50 0.25
20150120 22:00 0.125
20150120 22:10 0.125
20150120 22:20 0
20150120 22:30 0.125
20150120 22:40 0.125
20150120 22:50 0.125
20150120 23:00 -0.125
20150120 23:10 0
20150120 23:20 -0.125
20150120 23:30 -0.25
20150120 23:40 -0.625
20150120 23:50 -0.625
