YYYYMMDD HH:MM measured temperature
20150319 00:00 8.125
20150319 00:10 7.75
20150319 00:20 7.875
20150319 00:30 7.75
20150319 00:40 7.625
20150319 00:50 7.375
20150319 01:00 7.5
20150319 01:10 7
20150319 01:20 6.875
20150319 01:30 6.375
20150319 01:40 6.125
20150319 01:50 6.125
20150319 02:00 5.625
20150319 02:10 5.375
20150319 02:20 5.375
20150319 02:30 4.75
20150319 02:40 4.75
20150319 02:50 4.875
20150319 03:00 4.5
20150319 03:10 4.375
20150319 03:20 4.625
20150319 03:30 4.25
20150319 03:40 4.5
20150319 03:50 4.625
20150319 04:00 4.25
20150319 04:10 4.25
20150319 04:20 4.125
20150319 04:30 4
20150319 04:40 4.125
20150319 04:50 3.875
20150319 05:00 3.75
20150319 05:10 3.5
20150319 05:20 3.25
20150319 05:30 3.375
20150319 05:40 3.375
20150319 05:50 3.25
20150319 06:00 3
20150319 06:10 2.875
20150319 06:20 2.5
20150319 06:30 2.625
20150319 06:40 2.625
20150319 06:50 2.625
20150319 07:00 2.375
20150319 07:10 2.5
20150319 07:20 1.875
20150319 07:30 2.125
20150319 07:40 2.375
20150319 07:50 2.375
20150319 08:00 2.875
20150319 08:10 2.875
20150319 08:20 3.125
20150319 08:30 3.625
20150319 08:40 4.25
20150319 08:50 5.375
20150319 09:00 5.25
20150319 09:10 5.5
20150319 09:20 6.25
20150319 09:30 6.875
20150319 09:40 6.875
20150319 09:50 7.25
20150319 10:00 8.5
20150319 10:10 8.5
20150319 10:20 9.375
20150319 10:30 10.5
20150319 10:40 10.75
20150319 10:50 10.5
20150319 11:00 11.25
20150319 11:10 10.625
20150319 11:20 10.125
20150319 11:30 10.5
20150319 11:40 10.875
20150319 11:50 11.375
20150319 12:00 11.375
20150319 12:10 11.75
20150319 12:20 12.875
20150319 12:30 15
20150319 12:40 15.5
20150319 12:50 15.25
20150319 13:00 16.625
20150319 13:10 19.25
20150319 13:20 17.125
20150319 13:30 17.75
20150319 13:40 18.875
20150319 13:50 18.375
20150319 14:00 19
20150319 14:10 17.375
20150319 14:20 19.5
20150319 14:30 20
20150319 14:40 20
20150319 14:50 20.5
20150319 15:00 18.75
20150319 15:10 19.75
20150319 15:20 19.625
20150319 15:30 19.125
20150319 15:40 18.25
20150319 15:50 16.625
20150319 16:00 19.125
20150319 16:10 17.125
20150319 16:20 18
20150319 16:30 17.125
20150319 16:40 14.875
20150319 16:50 16.625
20150319 17:00 15
20150319 17:10 15.375
20150319 17:20 14.5
20150319 17:30 14.375
20150319 17:40 14
20150319 17:50 14
20150319 18:00 13.875
20150319 18:10 13.5
20150319 18:20 13.25
20150319 18:30 12.875
20150319 18:40 12.375
20150319 18:50 12
20150319 19:00 11.375
20150319 19:10 11.25
20150319 19:20 10.625
20150319 19:30 10.375
20150319 19:40 10.625
20150319 19:50 9.625
20150319 20:00 9
20150319 20:10 8.625
20150319 20:20 8.125
20150319 20:30 8
20150319 20:40 7.375
20150319 20:50 7.625
20150319 21:00 7.375
20150319 21:10 7.375
20150319 21:20 6.75
20150319 21:30 6.75
20150319 21:40 6.25
20150319 21:50 5.75
20150319 22:00 5.375
20150319 22:10 5.5
20150319 22:20 5.75
20150319 22:30 6.125
20150319 22:40 6.25
20150319 22:50 5.625
20150319 23:00 5.5
20150319 23:10 5.375
20150319 23:20 4.25
20150319 23:30 4.75
20150319 23:40 4
20150319 23:50 4.375
