YYYYMMDD HH:MM measured temperature
20151204 00:00 6.5
20151204 00:10 6.5
20151204 00:20 6.375
20151204 00:30 6.5
20151204 00:40 6.375
20151204 00:50 6.375
20151204 01:00 6.375
20151204 01:10 6.25
20151204 01:20 6.375
20151204 01:30 6.375
20151204 01:40 6.375
20151204 01:50 6.375
20151204 02:00 6.5
20151204 02:10 6.5
20151204 02:20 6.625
20151204 02:30 6.5
20151204 02:40 6.625
20151204 02:50 6.75
20151204 03:00 6.75
20151204 03:10 6.75
20151204 03:20 6.875
20151204 03:30 6.75
20151204 03:40 6.875
20151204 03:50 6.875
20151204 04:00 6.875
20151204 04:10 6.875
20151204 04:20 7
20151204 04:30 7.25
20151204 04:40 7.25
20151204 04:50 7.5
20151204 05:00 7.625
20151204 05:10 7.75
20151204 05:20 7.875
20151204 05:30 8
20151204 05:40 8
20151204 05:50 8.125
20151204 06:00 8.125
20151204 06:10 8
20151204 06:20 8.125
20151204 06:30 8.125
20151204 06:40 8
20151204 06:50 8.5
20151204 07:00 8.375
20151204 07:10 8.5
20151204 07:20 8.5
20151204 07:30 8.375
20151204 07:40 8.375
20151204 07:50 8.5
20151204 08:00 8.5
20151204 08:10 8.5
20151204 08:20 8.625
20151204 08:30 8.625
20151204 08:40 8.75
20151204 08:50 8.75
20151204 09:00 8.875
20151204 09:10 8.875
20151204 09:20 8.75
20151204 09:30 8.75
20151204 09:40 8.75
20151204 09:50 8.75
20151204 10:00 8.5
20151204 10:10 8.5
20151204 10:20 8.375
20151204 10:30 8.375
20151204 10:40 8.625
20151204 10:50 8.875
20151204 11:00 8.75
20151204 11:10 8.875
20151204 11:20 9
20151204 11:30 9.125
20151204 11:40 9
20151204 11:50 9
20151204 12:00 9.125
20151204 12:10 9
20151204 12:20 9.125
20151204 12:30 9.125
20151204 12:40 9.125
20151204 12:50 10
20151204 13:00 9.25
20151204 13:10 9.5
20151204 13:20 10.25
20151204 13:30 9.5
20151204 13:40 9.5
20151204 13:50 9.75
20151204 14:00 9.375
20151204 14:10 9
20151204 14:20 9.125
20151204 14:30 8.875
20151204 14:40 8.75
20151204 14:50 8.75
20151204 15:00 8.75
20151204 15:10 8.75
20151204 15:20 8.75
20151204 15:30 8.75
20151204 15:40 8.75
20151204 15:50 8.75
20151204 16:00 8.75
20151204 16:10 8.75
20151204 16:20 8.75
20151204 16:30 8.625
20151204 16:40 8.625
20151204 16:50 8.75
20151204 17:00 8.75
20151204 17:10 8.75
20151204 17:20 8.75
20151204 17:30 8.75
20151204 17:40 8.75
20151204 17:50 8.625
20151204 18:00 8.625
20151204 18:10 8.5
20151204 18:20 8.5
20151204 18:30 8.5
20151204 18:40 8.5
20151204 18:50 8.375
20151204 19:00 8.375
20151204 19:10 8.375
20151204 19:20 8.5
20151204 19:30 8.375
20151204 19:40 8.5
20151204 19:50 8.375
20151204 20:00 8.625
20151204 20:10 8.625
20151204 20:20 8.5
20151204 20:30 8.75
20151204 20:40 8.375
20151204 20:50 8.375
20151204 21:00 8.25
20151204 21:10 8.25
20151204 21:20 8.25
20151204 21:30 8.125
20151204 21:40 8.375
20151204 21:50 8.375
20151204 22:00 8.5
20151204 22:10 8.5
20151204 22:20 8.5
20151204 22:30 8.625
20151204 22:40 8.625
20151204 22:50 8.625
20151204 23:00 8.75
20151204 23:10 8.875
20151204 23:20 8.75
20151204 23:30 8.625
20151204 23:40 8.5
20151204 23:50 8.5
