YYYYMMDD HH:MM measured temperature
20150404 00:00 0.625
20150404 00:10 0.75
20150404 00:20 0.75
20150404 00:30 0.625
20150404 00:40 0.375
20150404 00:50 0.5
20150404 01:00 0.25
20150404 01:10 0.25
20150404 01:20 0.375
20150404 01:30 0.125
20150404 01:40 -0.125
20150404 01:50 -0.125
20150404 02:00 -0.125
20150404 02:10 -0.25
20150404 02:20 -0.5
20150404 02:30 -0.375
20150404 02:40 0
20150404 02:50 0.125
20150404 03:00 -0.5
20150404 03:10 -0.75
20150404 03:20 -0.75
20150404 03:30 -0.375
20150404 03:40 -0.125
20150404 03:50 0
20150404 04:00 0.25
20150404 04:10 0.75
20150404 04:20 0.375
20150404 04:30 0.625
20150404 04:40 0.75
20150404 04:50 0.875
20150404 05:00 0.75
20150404 05:10 0.875
20150404 05:20 1.125
20150404 05:30 1
20150404 05:40 0.75
20150404 05:50 0.75
20150404 06:00 0.75
20150404 06:10 0.625
20150404 06:20 0.625
20150404 06:30 1
20150404 06:40 0.75
20150404 06:50 0.875
20150404 07:00 1
20150404 07:10 1
20150404 07:20 1.25
20150404 07:30 1.375
20150404 07:40 1.5
20150404 07:50 1.75
20150404 08:00 1.875
20150404 08:10 2.25
20150404 08:20 2.75
20150404 08:30 3.5
20150404 08:40 3.875
20150404 08:50 4.25
20150404 09:00 4.625
20150404 09:10 4.375
20150404 09:20 4.75
20150404 09:30 5
20150404 09:40 5.375
20150404 09:50 6.125
20150404 10:00 5.5
20150404 10:10 6
20150404 10:20 6.625
20150404 10:30 7
20150404 10:40 7
20150404 10:50 7.25
20150404 11:00 8
20150404 11:10 7.5
20150404 11:20 7.25
20150404 11:30 6.625
20150404 11:40 8.625
20150404 11:50 8.625
20150404 12:00 9.875
20150404 12:10 12
20150404 12:20 9.375
20150404 12:30 10.5
20150404 12:40 11.25
20150404 12:50 12.25
20150404 13:00 9.875
20150404 13:10 8.375
20150404 13:20 11.625
20150404 13:30 10.375
20150404 13:40 12.25
20150404 13:50 11.25
20150404 14:00 9
20150404 14:10 8.5
20150404 14:20 8.375
20150404 14:30 8.375
20150404 14:40 8
20150404 14:50 8.25
20150404 15:00 8.75
20150404 15:10 8.5
20150404 15:20 8.25
20150404 15:30 8.375
20150404 15:40 11
20150404 15:50 12
20150404 16:00 11.25
20150404 16:10 10.75
20150404 16:20 10.875
20150404 16:30 7.625
20150404 16:40 7.25
20150404 16:50 8
20150404 17:00 7.25
20150404 17:10 7.375
20150404 17:20 7.75
20150404 17:30 8.125
20150404 17:40 8.5
20150404 17:50 8.25
20150404 18:00 8.25
20150404 18:10 6.875
20150404 18:20 6.75
20150404 18:30 7
20150404 18:40 6.625
20150404 18:50 6.75
20150404 19:00 6.5
20150404 19:10 6.25
20150404 19:20 6.25
20150404 19:30 6
20150404 19:40 5.625
20150404 19:50 5.5
20150404 20:00 5.625
20150404 20:10 5.5
20150404 20:20 5.5
20150404 20:30 5.75
20150404 20:40 5.75
20150404 20:50 5.875
20150404 21:00 5.875
20150404 21:10 5.75
20150404 21:20 5.625
20150404 21:30 5.5
20150404 21:40 5.125
20150404 21:50 5
20150404 22:00 4.625
20150404 22:10 4.25
20150404 22:20 3.875
20150404 22:30 4.125
20150404 22:40 3.875
20150404 22:50 3.875
20150404 23:00 3.625
20150404 23:10 3.375
20150404 23:20 2.875
20150404 23:30 2.625
20150404 23:40 2.5
20150404 23:50 2.25
