YYYYMMDD HH:MM measured temperature
20150316 00:00 5.75
20150316 00:10 5.75
20150316 00:20 5.875
20150316 00:30 6
20150316 00:40 6.125
20150316 00:50 6.125
20150316 01:00 6.25
20150316 01:10 6.25
20150316 01:20 6.25
20150316 01:30 6.125
20150316 01:40 5.75
20150316 01:50 5.625
20150316 02:00 5.5
20150316 02:10 5.25
20150316 02:20 5.375
20150316 02:30 5.25
20150316 02:40 5.125
20150316 02:50 4.875
20150316 03:00 4.75
20150316 03:10 4.25
20150316 03:20 4.125
20150316 03:30 4.125
20150316 03:40 4
20150316 03:50 3.875
20150316 04:00 3.875
20150316 04:10 3.75
20150316 04:20 3.75
20150316 04:30 3.625
20150316 04:40 3.5
20150316 04:50 3.5
20150316 05:00 3.375
20150316 05:10 3.375
20150316 05:20 3.375
20150316 05:30 3.25
20150316 05:40 3.375
20150316 05:50 3.5
20150316 06:00 3.5
20150316 06:10 3.5
20150316 06:20 3.5
20150316 06:30 3.375
20150316 06:40 3.375
20150316 06:50 3.625
20150316 07:00 3.75
20150316 07:10 3.75
20150316 07:20 3.75
20150316 07:30 3.875
20150316 07:40 4
20150316 07:50 4.25
20150316 08:00 4.375
20150316 08:10 4.5
20150316 08:20 4.75
20150316 08:30 5
20150316 08:40 5.625
20150316 08:50 5.75
20150316 09:00 6
20150316 09:10 6.125
20150316 09:20 6
20150316 09:30 6.375
20150316 09:40 6.625
20150316 09:50 7
20150316 10:00 7.25
20150316 10:10 8
20150316 10:20 7.875
20150316 10:30 8.375
20150316 10:40 9.5
20150316 10:50 9.75
20150316 11:00 9.625
20150316 11:10 10.375
20150316 11:20 10.75
20150316 11:30 11
20150316 11:40 10.625
20150316 11:50 10.5
20150316 12:00 10.5
20150316 12:10 10.5
20150316 12:20 10.625
20150316 12:30 11.5
20150316 12:40 12.625
20150316 12:50 11
20150316 13:00 13.5
20150316 13:10 13.625
20150316 13:20 13.5
20150316 13:30 12.25
20150316 13:40 12.125
20150316 13:50 11.125
20150316 14:00 13.875
20150316 14:10 11.875
20150316 14:20 11.5
20150316 14:30 11.75
20150316 14:40 11.625
20150316 14:50 11.125
20150316 15:00 10.75
20150316 15:10 11.375
20150316 15:20 11.25
20150316 15:30 11.5
20150316 15:40 11.25
20150316 15:50 10.75
20150316 16:00 11
20150316 16:10 11.125
20150316 16:20 11
20150316 16:30 10.875
20150316 16:40 11.25
20150316 16:50 11.25
20150316 17:00 11.25
20150316 17:10 11.25
20150316 17:20 11.25
20150316 17:30 11.25
20150316 17:40 11.625
20150316 17:50 11.25
20150316 18:00 11
20150316 18:10 11
20150316 18:20 10.875
20150316 18:30 10.625
20150316 18:40 10.625
20150316 18:50 10.5
20150316 19:00 10.25
20150316 19:10 10.125
20150316 19:20 9.875
20150316 19:30 10
20150316 19:40 9.75
20150316 19:50 9.5
20150316 20:00 9.25
20150316 20:10 9.25
20150316 20:20 9
20150316 20:30 8.875
20150316 20:40 8.75
20150316 20:50 8.5
20150316 21:00 8.5
20150316 21:10 8.375
20150316 21:20 8.375
20150316 21:30 8.375
20150316 21:40 8.375
20150316 21:50 8.125
20150316 22:00 8.25
20150316 22:10 8.25
20150316 22:20 8.125
20150316 22:30 8.25
20150316 22:40 8.125
20150316 22:50 8.125
20150316 23:00 8.125
20150316 23:10 8.125
20150316 23:20 8.125
20150316 23:30 7.875
20150316 23:40 7.75
20150316 23:50 7.625
