YYYYMMDD HH:MM measured temperature
20150201 00:00 0.875
20150201 00:10 0.875
20150201 00:20 0.875
20150201 00:30 0.75
20150201 00:40 0.75
20150201 00:50 0.75
20150201 01:00 0.875
20150201 01:10 1
20150201 01:20 1
20150201 01:30 1.125
20150201 01:40 1.125
20150201 01:50 1.125
20150201 02:00 1
20150201 02:10 1.125
20150201 02:20 1.125
20150201 02:30 1.125
20150201 02:40 1
20150201 02:50 1.125
20150201 03:00 1
20150201 03:10 0.875
20150201 03:20 0.75
20150201 03:30 0.875
20150201 03:40 0.875
20150201 03:50 1
20150201 04:00 1.125
20150201 04:10 1.125
20150201 04:20 1.25
20150201 04:30 1.25
20150201 04:40 1.25
20150201 04:50 1.25
20150201 05:00 1.125
20150201 05:10 1.125
20150201 05:20 1
20150201 05:30 0.875
20150201 05:40 1
20150201 05:50 0.875
20150201 06:00 0.875
20150201 06:10 0.875
20150201 06:20 0.75
20150201 06:30 0.875
20150201 06:40 0.875
20150201 06:50 0.875
20150201 07:00 0.875
20150201 07:10 0.75
20150201 07:20 0.75
20150201 07:30 0.75
20150201 07:40 0.75
20150201 07:50 0.75
20150201 08:00 0.75
20150201 08:10 0.625
20150201 08:20 0.625
20150201 08:30 0.625
20150201 08:40 0.625
20150201 08:50 0.625
20150201 09:00 0.625
20150201 09:10 0.625
20150201 09:20 0.625
20150201 09:30 0.625
20150201 09:40 0.625
20150201 09:50 0.625
20150201 10:00 0.625
20150201 10:10 0.625
20150201 10:20 0.75
20150201 10:30 0.75
20150201 10:40 0.75
20150201 10:50 0.75
20150201 11:00 0.75
20150201 11:10 0.875
20150201 11:20 0.875
20150201 11:30 0.75
20150201 11:40 0.75
20150201 11:50 0.75
20150201 12:00 0.875
20150201 12:10 1.125
20150201 12:20 1.125
20150201 12:30 1.125
20150201 12:40 1
20150201 12:50 1.125
20150201 13:00 1.25
20150201 13:10 1.25
20150201 13:20 1.375
20150201 13:30 1.5
20150201 13:40 1.25
20150201 13:50 1.25
20150201 14:00 1.25
20150201 14:10 1.375
20150201 14:20 1.375
20150201 14:30 1.5
20150201 14:40 1.5
20150201 14:50 1.375
20150201 15:00 1.625
20150201 15:10 1.5
20150201 15:20 1.5
20150201 15:30 1.5
20150201 15:40 1.375
20150201 15:50 1.5
20150201 16:00 1.375
20150201 16:10 1.375
20150201 16:20 1.375
20150201 16:30 1.25
20150201 16:40 1.25
20150201 16:50 1.25
20150201 17:00 1.25
20150201 17:10 1.25
20150201 17:20 1.125
20150201 17:30 1
20150201 17:40 1.125
20150201 17:50 1.125
20150201 18:00 1.125
20150201 18:10 1
20150201 18:20 1
20150201 18:30 1
20150201 18:40 1
20150201 18:50 1
20150201 19:00 1
20150201 19:10 1
20150201 19:20 1
20150201 19:30 1
20150201 19:40 1
20150201 19:50 1
20150201 20:00 1
20150201 20:10 1
20150201 20:20 1.25
20150201 20:30 1.25
20150201 20:40 1.25
20150201 20:50 1.25
20150201 21:00 1.25
20150201 21:10 1.25
20150201 21:20 1.125
20150201 21:30 1.125
20150201 21:40 1.25
20150201 21:50 1.375
20150201 22:00 1.25
20150201 22:10 1.125
20150201 22:20 1
20150201 22:30 1.125
20150201 22:40 0.875
20150201 22:50 1
20150201 23:00 0.75
20150201 23:10 0.625
20150201 23:20 0.5
20150201 23:30 0.5
20150201 23:40 0.375
20150201 23:50 0.375
