YYYYMMDD HH:MM measured temperature
20150419 00:00 4.875
20150419 00:10 4.625
20150419 00:20 4.625
20150419 00:30 4.625
20150419 00:40 4.625
20150419 00:50 4.375
20150419 01:00 4.5
20150419 01:10 4.5
20150419 01:20 4.375
20150419 01:30 4.375
20150419 01:40 4
20150419 01:50 4
20150419 02:00 4
20150419 02:10 3.5
20150419 02:20 3.375
20150419 02:30 3.625
20150419 02:40 3.625
20150419 02:50 3.625
20150419 03:00 3.5
20150419 03:10 3.5
20150419 03:20 3.5
20150419 03:30 3.75
20150419 03:40 3.625
20150419 03:50 4
20150419 04:00 4.125
20150419 04:10 4
20150419 04:20 4
20150419 04:30 4.125
20150419 04:40 4.375
20150419 04:50 4.125
20150419 05:00 4.25
20150419 05:10 4.375
20150419 05:20 4.5
20150419 05:30 4.375
20150419 05:40 4.375
20150419 05:50 4.5
20150419 06:00 4.375
20150419 06:10 4.375
20150419 06:20 4.25
20150419 06:30 4.375
20150419 06:40 4.375
20150419 06:50 4.375
20150419 07:00 4.25
20150419 07:10 4.375
20150419 07:20 4.5
20150419 07:30 4.5
20150419 07:40 4.625
20150419 07:50 4.875
20150419 08:00 5
20150419 08:10 5.25
20150419 08:20 5.75
20150419 08:30 6.375
20150419 08:40 6.75
20150419 08:50 7.5
20150419 09:00 7.625
20150419 09:10 8.125
20150419 09:20 9
20150419 09:30 8.75
20150419 09:40 9.125
20150419 09:50 9.75
20150419 10:00 11
20150419 10:10 10.875
20150419 10:20 11.375
20150419 10:30 11.25
20150419 10:40 10.625
20150419 10:50 11.25
20150419 11:00 12.25
20150419 11:10 12.5
20150419 11:20 13.625
20150419 11:30 14.5
20150419 11:40 13.375
20150419 11:50 13.875
20150419 12:00 14.875
20150419 12:10 14.5
20150419 12:20 15.125
20150419 12:30 16
20150419 12:40 15.625
20150419 12:50 16.25
20150419 13:00 16.125
20150419 13:10 18
20150419 13:20 18.625
20150419 13:30 16.5
20150419 13:40 17.75
20150419 13:50 16.75
20150419 14:00 15.125
20150419 14:10 16.5
20150419 14:20 17.5
20150419 14:30 17
20150419 14:40 18
20150419 14:50 15.625
20150419 15:00 18.75
20150419 15:10 17.25
20150419 15:20 17.25
20150419 15:30 17.75
20150419 15:40 16.25
20150419 15:50 17
20150419 16:00 17.375
20150419 16:10 17.125
20150419 16:20 17.25
20150419 16:30 15.625
20150419 16:40 16.125
20150419 16:50 16.125
20150419 17:00 16
20150419 17:10 15.625
20150419 17:20 15.625
20150419 17:30 15.5
20150419 17:40 15.75
20150419 17:50 14.625
20150419 18:00 14.75
20150419 18:10 14.875
20150419 18:20 14.625
20150419 18:30 14.875
20150419 18:40 14.625
20150419 18:50 14.375
20150419 19:00 14.25
20150419 19:10 13.875
20150419 19:20 14
20150419 19:30 13.625
20150419 19:40 13.5
20150419 19:50 13.25
20150419 20:00 12.75
20150419 20:10 12.125
20150419 20:20 11.75
20150419 20:30 11.375
20150419 20:40 11.125
20150419 20:50 10.875
20150419 21:00 10.375
20150419 21:10 10.125
20150419 21:20 9.875
20150419 21:30 9.625
20150419 21:40 9.375
20150419 21:50 9.5
20150419 22:00 8.875
20150419 22:10 9.25
20150419 22:20 9
20150419 22:30 8.875
20150419 22:40 8.25
20150419 22:50 8
20150419 23:00 7.875
20150419 23:10 8
20150419 23:20 8.125
20150419 23:30 7.875
20150419 23:40 7.375
20150419 23:50 7.25
