YYYYMMDD HH:MM measured temperature
20151205 10:30 7.625
20151205 10:40 7.625
20151205 10:50 7.625
20151205 11:00 7.75
20151205 11:10 7.875
20151205 11:20 8
20151205 11:30 8
20151205 11:40 8
20151205 11:50 8
20151205 12:00 8
20151205 12:10 8
20151205 12:20 8
20151205 12:30 8
20151205 12:40 8
20151205 12:50 8.125
20151205 13:00 8.25
20151205 13:10 8.25
20151205 13:20 8.25
20151205 13:30 8.375
20151205 13:40 8.375
20151205 13:50 8.375
20151205 14:00 8.25
20151205 14:10 8.25
20151205 14:20 8.375
20151205 14:30 8.375
20151205 14:40 8.375
20151205 14:50 8.25
20151205 15:00 8.125
20151205 15:10 8.25
20151205 15:20 8.125
20151205 15:30 8.125
20151205 15:40 8
20151205 15:50 8
20151205 16:00 8.125
20151205 16:10 8
20151205 16:20 7.875
20151205 16:30 8.125
20151205 16:40 7.875
20151205 16:50 7.875
20151205 17:00 7.75
20151205 17:10 7.625
20151205 17:20 7.625
20151205 17:30 7.75
20151205 17:40 7.875
20151205 17:50 7.875
20151205 18:00 7.875
20151205 18:10 7.75
20151205 18:20 7.875
20151205 18:30 7.875
20151205 18:40 8
20151205 18:50 7.875
20151205 19:00 7.625
20151205 19:10 7.75
20151205 19:20 7.625
20151205 19:30 7.625
20151205 19:40 7.75
20151205 19:50 7.5
20151205 20:00 7.625
20151205 20:10 7.375
20151205 20:20 7.625
20151205 20:30 7.375
20151205 20:40 7.625
20151205 20:50 7.375
20151205 21:00 7.375
20151205 21:10 7.625
20151205 21:20 7.5
20151205 21:30 7.875
20151205 21:40 7.875
20151205 21:50 7.75
20151205 22:00 8
20151205 22:10 7.875
20151205 22:20 7.875
20151205 22:30 7.875
20151205 22:40 7.875
20151205 22:50 7.75
20151205 23:00 7.625
20151205 23:10 7.5
20151205 23:20 7.5
20151205 23:30 7.625
20151205 23:40 7.375
20151205 23:50 7.125
