YYYYMMDD HH:MM measured temperature
20150615 00:00 11.375
20150615 00:10 11.25
20150615 00:20 11.25
20150615 00:30 11.125
20150615 00:40 11
20150615 00:50 11
20150615 01:00 11
20150615 01:10 10.75
20150615 01:20 10.5
20150615 01:30 10.5
20150615 01:40 10.375
20150615 01:50 10.375
20150615 02:00 10.375
20150615 02:10 10.375
20150615 02:20 10.25
20150615 02:30 10
20150615 02:40 9.625
20150615 02:50 9.375
20150615 03:00 9
20150615 03:10 9
20150615 03:20 8.875
20150615 03:30 9
20150615 03:40 9
20150615 03:50 9
20150615 04:00 9
20150615 04:10 8.875
20150615 04:20 8.625
20150615 04:30 8.125
20150615 04:40 8
20150615 04:50 7.75
20150615 05:00 7.625
20150615 05:10 7.625
20150615 05:20 7.625
20150615 05:30 7.75
20150615 05:40 8.125
20150615 05:50 8.375
20150615 06:00 8.5
20150615 06:10 8.25
20150615 06:20 8
20150615 06:30 8.75
20150615 06:40 9.5
20150615 06:50 10
20150615 07:00 9.75
20150615 07:10 10
20150615 07:20 10.125
20150615 07:30 10.25
20150615 07:40 10.5
20150615 07:50 11.625
20150615 08:00 11
20150615 08:10 11.125
20150615 08:20 11.5
20150615 08:30 11.5
20150615 08:40 11.375
20150615 08:50 12.25
20150615 09:00 13
20150615 09:10 13.375
20150615 09:20 13.5
20150615 09:30 12.25
20150615 09:40 13.875
20150615 09:50 12.5
20150615 10:00 11.875
20150615 10:10 13.75
20150615 10:20 13.75
20150615 10:30 14.25
20150615 10:40 14.25
20150615 10:50 14.875
20150615 11:00 14.5
20150615 11:10 15.875
20150615 11:20 14.25
20150615 11:30 14.375
20150615 11:40 15.125
20150615 11:50 16.125
20150615 12:00 15.5
20150615 12:10 15.875
20150615 12:20 15.875
20150615 12:30 16
20150615 12:40 15.25
20150615 12:50 16.375
20150615 13:00 16.375
20150615 13:10 16.125
20150615 13:20 16
20150615 13:30 14.375
20150615 13:40 14.625
20150615 13:50 14.375
20150615 14:00 15
20150615 14:10 16.625
20150615 14:20 15.875
20150615 14:30 18.125
20150615 14:40 17.125
20150615 14:50 16.5
20150615 15:00 14.75
20150615 15:10 15.25
20150615 15:20 16
20150615 15:30 15.875
20150615 15:40 16.375
20150615 15:50 15.625
20150615 16:00 14.875
20150615 16:10 15.125
20150615 16:20 15.125
20150615 16:30 14.875
20150615 16:40 14.875
20150615 16:50 15.5
20150615 17:00 15.375
20150615 17:10 15.625
20150615 17:20 15.125
20150615 17:30 16
20150615 17:40 15.875
20150615 17:50 14.5
20150615 18:00 16.125
20150615 18:10 14.75
20150615 18:20 14.5
20150615 18:30 14.75
20150615 18:40 14.25
20150615 18:50 13.75
20150615 19:00 14.125
20150615 19:10 14.5
20150615 19:20 13.75
20150615 19:30 13.625
20150615 19:40 13.25
20150615 19:50 13.25
20150615 20:00 13
20150615 20:10 13
20150615 20:20 12.75
20150615 20:30 12.625
20150615 20:40 12.25
20150615 20:50 12.25
20150615 21:00 12.25
20150615 21:10 12.25
20150615 21:20 12.125
20150615 21:30 12
20150615 21:40 11.875
20150615 21:50 12
20150615 22:00 11.875
20150615 22:10 11.75
20150615 22:20 11.75
20150615 22:30 11.625
20150615 22:40 11.625
20150615 22:50 11.375
20150615 23:00 11.375
20150615 23:10 11.375
20150615 23:20 11.375
20150615 23:30 11.375
20150615 23:40 11.375
20150615 23:50 11.125
