YYYYMMDD HH:MM measured temperature
20150204 00:00 -2.375
20150204 00:10 -2.375
20150204 00:20 -2.125
20150204 00:30 -2
20150204 00:40 -2.125
20150204 00:50 -1.875
20150204 01:00 -2
20150204 01:10 -2
20150204 01:20 -1.875
20150204 01:30 -2
20150204 01:40 -2.125
20150204 01:50 -2.25
20150204 02:00 -2.375
20150204 02:10 -2.5
20150204 02:20 -2.25
20150204 02:30 -2.25
20150204 02:40 -2.125
20150204 02:50 -2.375
20150204 03:00 -2.375
20150204 03:10 -2.625
20150204 03:20 -2.75
20150204 03:30 -2.875
20150204 03:40 -3
20150204 03:50 -3.125
20150204 04:00 -3.25
20150204 04:10 -3.375
20150204 04:20 -3.5
20150204 04:30 -3.5
20150204 04:40 -3.75
20150204 04:50 -3.875
20150204 05:00 -4.125
20150204 05:10 -4.125
20150204 05:20 -4.125
20150204 05:30 -4.375
20150204 05:40 -4.375
20150204 05:50 -4.5
20150204 06:00 -4.75
20150204 06:10 -4.75
20150204 06:20 -4.875
20150204 06:30 -4.75
20150204 06:40 -4.5
20150204 06:50 -4.125
20150204 07:00 -4.125
20150204 07:10 -4.25
20150204 07:20 -4
20150204 07:30 -4.125
20150204 07:40 -4.25
20150204 07:50 -4.5
20150204 08:00 -4.625
20150204 08:10 -4.625
20150204 08:20 -4.625
20150204 08:30 -4.25
20150204 08:40 -4
20150204 08:50 -4
20150204 09:00 -4.5
20150204 09:10 -4.125
20150204 09:20 -3.75
20150204 09:30 -3.625
20150204 09:40 -3.125
20150204 09:50 -2.875
20150204 10:00 -2.625
20150204 10:10 -2.375
20150204 10:20 -2.25
20150204 10:30 -1.875
20150204 10:40 -1.75
20150204 10:50 -1.625
20150204 11:00 -1.5
20150204 11:10 -1.75
20150204 11:20 -1.375
20150204 11:30 -1.25
20150204 11:40 -0.625
20150204 11:50 -0.75
20150204 12:00 0.125
20150204 12:10 1.625
20150204 12:20 5.125
20150204 12:30 6.125
20150204 12:40 6.25
20150204 12:50 3.875
20150204 13:00 4.25
20150204 13:10 1.75
20150204 13:20 -0.125
20150204 13:30 -0.5
20150204 13:40 -0.5
20150204 13:50 -0.5
20150204 14:00 -0.25
20150204 14:10 0
20150204 14:20 -0.625
20150204 14:30 0.125
20150204 14:40 -0.25
20150204 14:50 -0.75
20150204 15:00 -0.75
20150204 15:10 -0.625
20150204 15:20 -0.75
20150204 15:30 -0.75
20150204 15:40 -0.75
20150204 15:50 -0.875
20150204 16:00 -0.75
20150204 16:10 -0.75
20150204 16:20 -0.75
20150204 16:30 -0.625
20150204 16:40 -0.75
20150204 16:50 -0.625
20150204 17:00 -0.75
20150204 17:10 -0.875
20150204 17:20 -0.75
20150204 17:30 -0.625
20150204 17:40 -0.75
20150204 17:50 -0.75
20150204 18:00 -0.75
20150204 18:10 -0.75
20150204 18:20 -0.875
20150204 18:30 -0.75
20150204 18:40 -0.875
20150204 18:50 -0.875
20150204 19:00 -0.875
20150204 19:10 -0.875
20150204 19:20 -0.875
20150204 19:30 -0.75
20150204 19:40 -0.75
20150204 19:50 -0.75
20150204 20:00 -0.875
20150204 20:10 -1
20150204 20:20 -1
20150204 20:30 -1.125
20150204 20:40 -1.25
20150204 20:50 -1.25
20150204 21:00 -1.25
20150204 21:10 -1.375
20150204 21:20 -1.25
20150204 21:30 -1.25
20150204 21:40 -1.25
20150204 21:50 -1.375
20150204 22:00 -1.25
20150204 22:10 -1.25
20150204 22:20 -1.25
20150204 22:30 -1.375
20150204 22:40 -1.25
20150204 22:50 -1.25
20150204 23:00 -1.25
20150204 23:10 -1.375
20150204 23:20 -1.375
20150204 23:30 -1.375
20150204 23:40 -1.375
20150204 23:50 -1.375
