YYYYMMDD HH:MM measured temperature
20150121 00:00 -0.75
20150121 00:10 -0.375
20150121 00:20 -0.375
20150121 00:30 -0.625
20150121 00:40 -0.625
20150121 00:50 -1
20150121 01:00 -1.125
20150121 01:10 -1.125
20150121 01:20 -1.5
20150121 01:30 -1.75
20150121 01:40 -1.625
20150121 01:50 -1.875
20150121 02:00 -2.125
20150121 02:10 -1.75
20150121 02:20 -1.875
20150121 02:30 -2.625
20150121 02:40 -2.5
20150121 02:50 -2.625
20150121 03:00 -2.5
20150121 03:10 -2.375
20150121 03:20 -2.75
20150121 03:30 -2.625
20150121 03:40 -2.75
20150121 03:50 -3
20150121 04:00 -3
20150121 04:10 -3
20150121 04:20 -2.875
20150121 04:30 -3
20150121 04:40 -3.125
20150121 04:50 -3.5
20150121 05:00 -3.625
20150121 05:10 -3.75
20150121 05:20 -3.875
20150121 05:30 -4.125
20150121 05:40 -4.375
20150121 05:50 -4.25
20150121 06:00 -4.25
20150121 06:10 -4.375
20150121 06:20 -4.625
20150121 06:30 -4.625
20150121 06:40 -4.625
20150121 06:50 -4.375
20150121 07:00 -4.375
20150121 07:10 -4.125
20150121 07:20 -4.25
20150121 07:30 -4
20150121 07:40 -4
20150121 07:50 -4.125
20150121 08:00 -4.125
20150121 08:10 -4.125
20150121 08:20 -4.125
20150121 08:30 -4.125
20150121 08:40 -4.125
20150121 08:50 -4
20150121 09:00 -4
20150121 09:10 -3.75
20150121 09:20 -3.5
20150121 09:30 -3
20150121 09:40 -2.75
20150121 09:50 -2.75
20150121 10:00 -2.5
20150121 10:10 -2.5
20150121 10:20 -2.375
20150121 10:30 -2
20150121 10:40 -1.75
20150121 10:50 -1.75
20150121 11:00 -1.5
20150121 11:10 -1.25
20150121 11:20 -1
20150121 11:30 -1
20150121 11:40 -0.75
20150121 11:50 -0.375
20150121 12:00 -0.125
20150121 12:10 0
20150121 12:20 0
20150121 12:30 0.125
20150121 12:40 0.375
20150121 12:50 0.25
20150121 13:00 0.375
20150121 13:10 0.125
20150121 13:20 0.125
20150121 13:30 -0.125
20150121 13:40 0.375
20150121 13:50 0.25
20150121 14:00 0.125
20150121 14:10 -0.5
20150121 14:20 -0.625
20150121 14:30 -0.375
20150121 14:40 -0.625
20150121 14:50 -1
20150121 15:00 -1
20150121 15:10 -0.875
20150121 15:20 -0.875
20150121 15:30 -1
20150121 15:40 -1
20150121 15:50 -1
20150121 16:00 -1.25
20150121 16:10 -1.25
20150121 16:20 -1.25
20150121 16:30 -1.375
20150121 16:40 -1.5
20150121 16:50 -1.375
20150121 17:00 -1.25
20150121 17:10 -1.375
20150121 17:20 -1.375
20150121 17:30 -1.375
20150121 17:40 -1.5
20150121 17:50 -1.5
20150121 18:00 -1.625
20150121 18:10 -1.625
20150121 18:20 -1.5
20150121 18:30 -1.625
20150121 18:40 -1.625
20150121 18:50 -1.75
20150121 19:00 -1.75
20150121 19:10 -1.75
20150121 19:20 -1.75
20150121 19:30 -1.75
20150121 19:40 -1.875
20150121 19:50 -1.875
20150121 20:00 -2
20150121 20:10 -2
20150121 20:20 -2
20150121 20:30 -2
20150121 20:40 -1.75
20150121 20:50 -1.875
20150121 21:00 -1.625
20150121 21:10 -1.75
20150121 21:20 -1.75
20150121 21:30 -1.75
20150121 21:40 -1.75
20150121 21:50 -1.625
20150121 22:00 -1.875
20150121 22:10 -1.625
20150121 22:20 -1.75
20150121 22:30 -1.75
20150121 22:40 -1.875
20150121 22:50 -1.875
20150121 23:00 -1.875
20150121 23:10 -1.875
20150121 23:20 -1.875
20150121 23:30 -1.875
20150121 23:40 -1.875
20150121 23:50 -1.75
