YYYYMMDD HH:MM measured temperature
20150208 00:00 4.125
20150208 00:10 4
20150208 00:20 4
20150208 00:30 4.125
20150208 00:40 3.875
20150208 00:50 4
20150208 01:00 3.75
20150208 01:10 3.75
20150208 01:20 3.5
20150208 01:30 3.25
20150208 01:40 3.25
20150208 01:50 3.125
20150208 02:00 3.125
20150208 02:10 3.25
20150208 02:20 2.875
20150208 02:30 2.875
20150208 02:40 2.625
20150208 02:50 2.75
20150208 03:00 2.625
20150208 03:10 2.625
20150208 03:20 2.5
20150208 03:30 2.375
20150208 03:40 2.5
20150208 03:50 2.625
20150208 04:00 2.375
20150208 04:10 2.375
20150208 04:20 2.25
20150208 04:30 2.375
20150208 04:40 2.25
20150208 04:50 2
20150208 05:00 1.875
20150208 05:10 1.875
20150208 05:20 1.75
20150208 05:30 1.875
20150208 05:40 1.625
20150208 05:50 1.625
20150208 06:00 1.5
20150208 06:10 1.625
20150208 06:20 1.5
20150208 06:30 1.375
20150208 06:40 1.375
20150208 06:50 1.25
20150208 07:00 1.25
20150208 07:10 1.125
20150208 07:20 1
20150208 07:30 1.125
20150208 07:40 1
20150208 07:50 1
20150208 08:00 1
20150208 08:10 0.875
20150208 08:20 1
20150208 08:30 1.125
20150208 08:40 1.125
20150208 08:50 1.375
20150208 09:00 1.375
20150208 09:10 1.375
20150208 09:20 1.5
20150208 09:30 1.625
20150208 09:40 1.75
20150208 09:50 1.875
20150208 10:00 2
20150208 10:10 2
20150208 10:20 2.125
20150208 10:30 2.25
20150208 10:40 2.25
20150208 10:50 2.5
20150208 11:00 2.5
20150208 11:10 2.75
20150208 11:20 2.875
20150208 11:30 3
20150208 11:40 3.125
20150208 11:50 3.75
20150208 12:00 4.5
20150208 12:10 5
20150208 12:20 6.25
20150208 12:30 6.125
20150208 12:40 6.625
20150208 12:50 6.125
20150208 13:00 6.625
20150208 13:10 7
20150208 13:20 6.5
20150208 13:30 6.5
20150208 13:40 6.375
20150208 13:50 6.875
20150208 14:00 6.375
20150208 14:10 7
20150208 14:20 9.125
20150208 14:30 5.875
20150208 14:40 7.875
20150208 14:50 6.75
20150208 15:00 6.375
20150208 15:10 6
20150208 15:20 6.25
20150208 15:30 5.625
20150208 15:40 5.25
20150208 15:50 4.375
20150208 16:00 3.875
20150208 16:10 3.625
20150208 16:20 3.75
20150208 16:30 3.75
20150208 16:40 3.25
20150208 16:50 3.25
20150208 17:00 3
20150208 17:10 2.5
20150208 17:20 2.125
20150208 17:30 2.125
20150208 17:40 2
20150208 17:50 2.125
20150208 18:00 2.25
20150208 18:10 2.125
20150208 18:20 2.125
20150208 18:30 2.375
20150208 18:40 2.5
20150208 18:50 2.625
20150208 19:00 2.75
20150208 19:10 2.75
20150208 19:20 2.75
20150208 19:30 2.875
20150208 19:40 3
20150208 19:50 3
20150208 20:00 3
20150208 20:10 3
20150208 20:20 3
20150208 20:30 3.125
20150208 20:40 3.125
20150208 20:50 3.125
20150208 21:00 3.125
20150208 21:10 3.25
20150208 21:20 3.25
20150208 21:30 3.25
20150208 21:40 3.25
20150208 21:50 3.375
20150208 22:00 3.375
20150208 22:10 3.5
20150208 22:20 3.5
20150208 22:30 3.5
20150208 22:40 3.625
20150208 22:50 3.625
20150208 23:00 3.75
20150208 23:10 3.875
20150208 23:20 4
20150208 23:30 4.125
20150208 23:40 4.25
20150208 23:50 4.25
