YYYYMMDD HH:MM measured temperature
20150922 00:00 12
20150922 00:10 12
20150922 00:20 11.875
20150922 00:30 11.625
20150922 00:40 11.75
20150922 00:50 11.875
20150922 01:00 11.875
20150922 01:10 11.875
20150922 01:20 11.875
20150922 01:30 11.75
20150922 01:40 11.75
20150922 01:50 11.875
20150922 02:00 11.875
20150922 02:10 12
20150922 02:20 11.875
20150922 02:30 11.75
20150922 02:40 11.625
20150922 02:50 11.625
20150922 03:00 11.625
20150922 03:10 11.75
20150922 03:20 12
20150922 03:30 12
20150922 03:40 12
20150922 03:50 11.875
20150922 04:00 11.875
20150922 04:10 11.875
20150922 04:20 11.75
20150922 04:30 11.625
20150922 04:40 11.5
20150922 04:50 11.625
20150922 05:00 11.75
20150922 05:10 11.75
20150922 05:20 11.75
20150922 05:30 11.875
20150922 05:40 11.75
20150922 05:50 11.625
20150922 06:00 11.625
20150922 06:10 11.625
20150922 06:20 11.5
20150922 06:30 11.5
20150922 06:40 11.5
20150922 06:50 11.5
20150922 07:00 11.375
20150922 07:10 11.375
20150922 07:20 11.375
20150922 07:30 11.375
20150922 07:40 11.5
20150922 07:50 11.5
20150922 08:00 11.5
20150922 08:10 11.625
20150922 08:20 11.75
20150922 08:30 11.75
20150922 08:40 11.875
20150922 08:50 11.875
20150922 09:00 12
20150922 09:10 12.125
20150922 09:20 12.25
20150922 09:30 12.25
20150922 09:40 12.25
20150922 09:50 12.375
20150922 10:00 12.5
20150922 10:10 12.75
20150922 10:20 12.875
20150922 10:30 13.25
20150922 10:40 13.25
20150922 10:50 13.125
20150922 11:00 13.25
20150922 11:10 13.625
20150922 11:20 14.25
20150922 11:30 14.125
20150922 11:40 14.625
20150922 11:50 14.125
20150922 12:00 14
20150922 12:10 14.75
20150922 12:20 15
20150922 12:30 14.875
20150922 12:40 14.625
20150922 12:50 15.125
20150922 13:00 15.375
20150922 13:10 15.125
20150922 13:20 15
20150922 13:30 15.125
20150922 13:40 15.25
20150922 13:50 15.625
20150922 14:00 15.75
20150922 14:10 15.875
20150922 14:20 16.5
20150922 14:30 16.5
20150922 14:40 16.875
20150922 14:50 16.125
20150922 15:00 16.5
20150922 15:10 17
20150922 15:20 16.5
20150922 15:30 16.625
20150922 15:40 16.5
20150922 15:50 16.5
20150922 16:00 16.375
20150922 16:10 15.625
20150922 16:20 15.375
20150922 16:30 15.25
20150922 16:40 15
20150922 16:50 14.5
20150922 17:00 13.75
20150922 17:10 13.5
20150922 17:20 13.25
20150922 17:30 13.375
20150922 17:40 13.25
20150922 17:50 13.25
20150922 18:00 13
20150922 18:10 13.25
20150922 18:20 13.25
20150922 18:30 13.25
20150922 18:40 13.125
20150922 18:50 13.25
20150922 19:00 13.125
20150922 19:10 13
20150922 19:20 12.875
20150922 19:30 12.75
20150922 19:40 12.625
20150922 19:50 12.375
20150922 20:00 12.25
20150922 20:10 11.875
20150922 20:20 12
20150922 20:30 12
20150922 20:40 11.9375
20150922 20:50 11.6875
20150922 21:00 11.25
20150922 21:10 11.4375
20150922 21:20 11.25
20150922 21:30 11.375
20150922 21:40 10.875
20150922 21:50 10.5625
20150922 22:00 10.375
20150922 22:10 10.125
20150922 22:20 10.125
20150922 22:30 85
20150922 22:40 11.125
20150922 22:50 11
20150922 23:00 85
20150922 23:10 11.125
20150922 23:20 11.0625
20150922 23:30 11.125
20150922 23:40 10.75
20150922 23:50 10.375
