YYYYMMDD HH:MM measured temperature
20150207 00:00 -4.1875
20150207 00:10 -4.375
20150207 00:20 -4.625
20150207 00:30 -4.375
20150207 00:40 -4.625
20150207 00:50 -4.625
20150207 01:00 -4.5
20150207 01:10 -4.875
20150207 01:20 -5
20150207 01:30 -4.875
20150207 01:40 -4.875
20150207 01:50 -5
20150207 02:00 -5.125
20150207 02:10 -5.375
20150207 02:20 -5.375
20150207 02:30 -5.5
20150207 02:40 -5.5
20150207 02:50 -5.625
20150207 03:00 -5.75
20150207 03:10 -5.625
20150207 03:20 -5.5
20150207 03:30 -5.375
20150207 03:40 -5.125
20150207 03:50 -4.875
20150207 04:00 -4.625
20150207 04:10 -4.5
20150207 04:20 -4.375
20150207 04:30 -4.125
20150207 04:40 -3.875
20150207 04:50 -3.625
20150207 05:00 -3.5
20150207 05:10 -3.375
20150207 05:20 -3.125
20150207 05:30 -2.75
20150207 05:40 -2.625
20150207 05:50 -2.5
20150207 06:00 -2.375
20150207 06:10 -2.125
20150207 06:20 -2
20150207 06:30 -1.875
20150207 06:40 -1.75
20150207 06:50 -1.625
20150207 07:00 -1.75
20150207 07:10 -1.625
20150207 07:20 -1.625
20150207 07:30 -1.625
20150207 07:40 -1.625
20150207 07:50 -1.5
20150207 08:00 -1.25
20150207 08:10 -1.25
20150207 08:20 -1.125
20150207 08:30 -0.875
20150207 08:40 -0.625
20150207 08:50 -0.5
20150207 09:00 -0.375
20150207 09:10 -0.25
20150207 09:20 0
20150207 09:30 0.125
20150207 09:40 0.125
20150207 09:50 0.25
20150207 10:00 0.5
20150207 10:10 0.625
20150207 10:20 0.625
20150207 10:30 0.75
20150207 10:40 0.875
20150207 10:50 0.875
20150207 11:00 1
20150207 11:10 1.125
20150207 11:20 1.25
20150207 11:30 1.375
20150207 11:40 1.5
20150207 11:50 1.5
20150207 12:00 1.625
20150207 12:10 1.75
20150207 12:20 1.875
20150207 12:30 2
20150207 12:40 2.125
20150207 12:50 2.25
20150207 13:00 2.375
20150207 13:10 2.5
20150207 13:20 2.625
20150207 13:30 2.75
20150207 13:40 3
20150207 13:50 3.25
20150207 14:00 3.5
20150207 14:10 3.75
20150207 14:20 4
20150207 14:30 4.125
20150207 14:40 4.375
20150207 14:50 4.25
20150207 15:00 4.25
20150207 15:10 4.25
20150207 15:20 4.25
20150207 15:30 4.375
20150207 15:40 4.25
20150207 15:50 4.25
20150207 16:00 4.375
20150207 16:10 4.5
20150207 16:20 4.5
20150207 16:30 4.5
20150207 16:40 4.5
20150207 16:50 4.5
20150207 17:00 4.25
20150207 17:10 4.375
20150207 17:20 4.125
20150207 17:30 4.125
20150207 17:40 4.25
20150207 17:50 4.25
20150207 18:00 4.5
20150207 18:10 4.625
20150207 18:20 4.625
20150207 18:30 4.625
20150207 18:40 4.75
20150207 18:50 4.875
20150207 19:00 4.875
20150207 19:10 4.875
20150207 19:20 4.875
20150207 19:30 4.875
20150207 19:40 4.75
20150207 19:50 4.625
20150207 20:00 4.5
20150207 20:10 4.375
20150207 20:20 4.25
20150207 20:30 4.5
20150207 20:40 4.5
20150207 20:50 4.625
20150207 21:00 4.625
20150207 21:10 4.5
20150207 21:20 4.375
20150207 21:30 4.5
20150207 21:40 4.375
20150207 21:50 4.375
20150207 22:00 4.375
20150207 22:10 4.375
20150207 22:20 4.375
20150207 22:30 4.5
20150207 22:40 4.5
20150207 22:50 4.625
20150207 23:00 4.375
20150207 23:10 4.375
20150207 23:20 4.25
20150207 23:30 4.25
20150207 23:40 4.375
20150207 23:50 4.125
