YYYYMMDD HH:MM measured temperature
20151119 00:00 11.125
20151119 00:10 11.25
20151119 00:20 11.25
20151119 00:30 11.125
20151119 00:40 11
20151119 00:50 11.125
20151119 01:00 10.875
20151119 01:10 11
20151119 01:20 10.875
20151119 01:30 10.75
20151119 01:40 10.375
20151119 01:50 10.375
20151119 02:00 10.25
20151119 02:10 10.5
20151119 02:20 10.5
20151119 02:30 10.5
20151119 02:40 10.5
20151119 02:50 10.375
20151119 03:00 10.5
20151119 03:10 10.875
20151119 03:20 10.875
20151119 03:30 11
20151119 03:40 10.875
20151119 03:50 11.125
20151119 04:00 11
20151119 04:10 10.875
20151119 04:20 11
20151119 04:30 11
20151119 04:40 10.875
20151119 04:50 11
20151119 05:00 10.75
20151119 05:10 10.875
20151119 05:20 10.5
20151119 05:30 10.125
20151119 05:40 10.375
20151119 05:50 10.375
20151119 06:00 10.375
20151119 06:10 10.5
20151119 06:20 10.25
20151119 06:30 10.25
20151119 06:40 10.375
20151119 06:50 10.25
20151119 07:00 10.75
20151119 07:10 10.625
20151119 07:20 10.75
20151119 07:30 10.875
20151119 07:40 10.625
20151119 07:50 10.625
20151119 08:00 10.625
20151119 08:10 10.5
20151119 08:20 9.875
20151119 08:30 10.375
20151119 08:40 10.625
20151119 08:50 11
20151119 09:00 11
20151119 09:10 10.75
20151119 09:20 10.875
20151119 09:30 10.625
20151119 09:40 10.875
20151119 09:50 9.875
20151119 10:00 10.25
20151119 10:10 9.25
20151119 10:20 9.5
20151119 10:30 9.375
20151119 10:40 9.75
20151119 10:50 10.25
20151119 11:00 10.375
20151119 11:10 10.875
20151119 11:20 11.125
20151119 11:30 11.375
20151119 11:40 11.5
20151119 11:50 11.625
20151119 12:00 11.375
20151119 12:10 11.625
20151119 12:20 12
20151119 12:30 12.25
20151119 12:40 11.875
20151119 12:50 11.5
20151119 13:00 11.5
20151119 13:10 11.5
20151119 13:20 12.125
20151119 13:30 11.5
20151119 13:40 11.625
20151119 13:50 11.875
20151119 14:00 11.5
20151119 14:10 12.25
20151119 14:20 12.375
20151119 14:30 11.5
20151119 14:40 11.125
20151119 14:50 11
20151119 15:00 10.875
20151119 15:10 10.625
20151119 15:20 10.5
20151119 15:30 10.375
20151119 15:40 10.25
20151119 15:50 10
20151119 16:00 9.875
20151119 16:10 9.75
20151119 16:20 9.75
20151119 16:30 9.625
20151119 16:40 9.625
20151119 16:50 9.625
20151119 17:00 9.75
20151119 17:10 9.75
20151119 17:20 9.5
20151119 17:30 9.5
20151119 17:40 9.5
20151119 17:50 9.625
20151119 18:00 9.625
20151119 18:10 9.5
20151119 18:20 9.5
20151119 18:30 9.5
20151119 18:40 9.5
20151119 18:50 9.625
20151119 19:00 9.5
20151119 19:10 9.5
20151119 19:20 9.5
20151119 19:30 9.625
20151119 19:40 9.375
20151119 19:50 9.375
20151119 20:00 9.375
20151119 20:10 9.25
20151119 20:20 9.25
20151119 20:30 9.375
20151119 20:40 9.25
20151119 20:50 9.25
20151119 21:00 9.25
20151119 21:10 9.25
20151119 21:20 9.375
20151119 21:30 9.25
20151119 21:40 9.25
20151119 21:50 9.375
20151119 22:00 9.125
20151119 22:10 8.75
20151119 22:20 8.75
20151119 22:30 8.5
20151119 22:40 8.25
20151119 22:50 8.125
20151119 23:00 8.25
20151119 23:10 8.125
20151119 23:20 8.125
20151119 23:30 8.125
20151119 23:40 8.25
20151119 23:50 8.25
