YYYYMMDD HH:MM measured temperature
20151210 00:00 4.375
20151210 00:10 4.5
20151210 00:20 4.5
20151210 00:30 4.625
20151210 00:40 4.625
20151210 00:50 4.625
20151210 01:00 4.75
20151210 01:10 4.625
20151210 01:20 4.5
20151210 01:30 4.375
20151210 01:40 4
20151210 01:50 3.75
20151210 02:00 3.625
20151210 02:10 3.5
20151210 02:20 3.5
20151210 02:30 3.5
20151210 02:40 3.5
20151210 02:50 3.75
20151210 03:00 3.625
20151210 03:10 3.625
20151210 03:20 3.625
20151210 03:30 3.5
20151210 03:40 3.5
20151210 03:50 3.625
20151210 04:00 3.625
20151210 04:10 3.625
20151210 04:20 3.75
20151210 04:30 3.5
20151210 04:40 3.625
20151210 04:50 3.625
20151210 05:00 3.875
20151210 05:10 3.875
20151210 05:20 4
20151210 05:30 4.125
20151210 05:40 4.125
20151210 05:50 4
20151210 06:00 4.125
20151210 06:10 4
20151210 06:20 4.125
20151210 06:30 4
20151210 06:40 4.125
20151210 06:50 4
20151210 07:00 3.875
20151210 07:10 3.625
20151210 07:20 3.625
20151210 07:30 3.625
20151210 07:40 3.75
20151210 07:50 3.625
20151210 08:00 3.5
20151210 08:10 3.5
20151210 08:20 3.625
20151210 08:30 3.75
20151210 08:40 3.75
20151210 08:50 3.75
20151210 09:00 4
20151210 09:10 4
20151210 09:20 4.125
20151210 09:30 4.125
20151210 09:40 4.375
20151210 09:50 4.375
20151210 10:00 4.5
20151210 10:10 4.625
20151210 10:20 4.625
20151210 10:30 4.875
20151210 10:40 4.875
20151210 10:50 5
20151210 11:00 5.25
20151210 11:10 5.375
20151210 11:20 5.5
20151210 11:30 5.75
20151210 11:40 5.875
20151210 11:50 6.5
20151210 12:00 6.625
20151210 12:10 6.625
20151210 12:20 6.75
20151210 12:30 6.625
20151210 12:40 6.875
20151210 12:50 7.25
20151210 13:00 7.625
20151210 13:10 8
20151210 13:20 7.5
20151210 13:30 7.5
20151210 13:40 7.25
20151210 13:50 7.375
20151210 14:00 7.375
20151210 14:10 7.375
20151210 14:20 7.375
20151210 14:30 7.375
20151210 14:40 7.5
20151210 14:50 7.375
20151210 15:00 7.375
20151210 15:10 7.375
20151210 15:20 7.375
20151210 15:30 7.375
20151210 15:40 7.375
20151210 15:50 7.25
20151210 16:00 7.125
20151210 16:10 7.125
20151210 16:20 7.25
20151210 16:30 7.125
20151210 16:40 7.125
20151210 16:50 7.125
20151210 17:00 7
20151210 17:10 7
20151210 17:20 7
20151210 17:30 7
20151210 17:40 7.125
20151210 17:50 7
20151210 18:00 7
20151210 18:10 6.875
20151210 18:20 6.875
20151210 18:30 6.875
20151210 18:40 6.625
20151210 18:50 6.875
20151210 19:00 6.75
20151210 19:10 6.625
20151210 19:20 6.625
20151210 19:30 6.625
20151210 19:40 6.5
20151210 19:50 6.5
20151210 20:00 6.5
20151210 20:10 6.375
20151210 20:20 6.25
20151210 20:30 6.125
20151210 20:40 6.25
20151210 20:50 6
20151210 21:00 6
20151210 21:10 6
20151210 21:20 6
20151210 21:30 5.875
20151210 21:40 5.75
20151210 21:50 5.875
20151210 22:00 5.875
20151210 22:10 5.75
20151210 22:20 5.625
20151210 22:30 5.75
20151210 22:40 5.875
20151210 22:50 5.875
20151210 23:00 5.875
20151210 23:10 5.875
20151210 23:20 5.875
20151210 23:30 6
20151210 23:40 5.875
20151210 23:50 6
