YYYYMMDD HH:MM measured temperature
20150728 00:00 15.0625
20150728 00:10 15.125
20150728 00:20 15.125
20150728 00:30 15
20150728 00:40 15.125
20150728 00:50 15
20150728 01:00 14.9375
20150728 01:10 14.8125
20150728 01:20 14.8125
20150728 01:30 14.8125
20150728 01:40 14.8125
20150728 01:50 14.875
20150728 02:00 14.75
20150728 02:10 14.8125
20150728 02:20 14.75
20150728 02:30 14.625
20150728 02:40 14.625
20150728 02:50 14.6875
20150728 03:00 14.625
20150728 03:10 14.5625
20150728 03:20 14.5
20150728 03:30 14.5
20150728 03:40 14.375
20150728 03:50 14.375
20150728 04:00 14.3125
20150728 04:10 14.1875
20150728 04:20 14.125
20150728 04:30 14.0625
20150728 04:40 14.125
20150728 04:50 14
20150728 05:00 14.0625
20150728 05:10 14
20150728 05:20 14
20150728 05:30 14
20150728 05:40 13.875
20150728 05:50 13.875
20150728 06:00 13.875
20150728 06:10 13.875
20150728 06:20 13.875
20150728 06:30 13.875
20150728 06:40 13.875
20150728 06:50 13.875
20150728 07:00 13.875
20150728 07:10 13.875
20150728 07:20 14
20150728 07:30 14
20150728 07:40 14
20150728 07:50 14.125
20150728 08:00 14.125
20150728 08:10 14.125
20150728 08:20 14.125
20150728 08:30 14.125
20150728 08:40 14.25
20150728 08:50 14.25
20150728 09:00 14.25
20150728 09:10 14.25
20150728 09:20 14.5
20150728 09:30 14.75
20150728 09:40 14.625
20150728 09:50 14.625
20150728 10:00 15
20150728 10:10 14.875
20150728 10:20 15
20150728 10:30 15
20150728 10:40 15.375
20150728 10:50 15.375
20150728 11:00 16.625
20150728 11:10 16
20150728 11:20 16.125
20150728 11:30 17.5
20150728 11:40 17.75
20150728 11:50 17.5
20150728 12:00 16.875
20150728 12:10 16.875
20150728 12:20 16.875
20150728 12:30 18
20150728 12:40 18
20150728 12:50 17.75
20150728 13:00 18.625
20150728 13:10 19.625
20150728 13:20 19.375
20150728 13:30 19
20150728 13:40 19
20150728 13:50 17
20150728 14:00 17.375
20150728 14:10 18.625
20150728 14:20 18.25
20150728 14:30 18.25
20150728 14:40 18.25
20150728 14:50 16.5
20150728 15:00 16.625
20150728 15:10 16.875
20150728 15:20 17.875
20150728 15:30 18.5
20150728 15:40 18.25
20150728 15:50 18.5
20150728 16:00 18.75
20150728 16:10 18.375
20150728 16:20 18
20150728 16:30 16.125
20150728 16:40 16.625
20150728 16:50 16.75
20150728 17:00 15.75
20150728 17:10 15.5
20150728 17:20 16.375
20150728 17:30 16.375
20150728 17:40 16.25
20150728 17:50 16.375
20150728 18:00 16.75
20150728 18:10 16.625
20150728 18:20 16.75
20150728 18:30 16.5
20150728 18:40 16.625
20150728 18:50 16.75
20150728 19:00 16.75
20150728 19:10 16.75
20150728 19:20 16.5
20150728 19:30 16.625
20150728 19:40 16.875
20150728 19:50 16.75
20150728 20:00 16.625
20150728 20:10 16.375
20150728 20:20 16
20150728 20:30 15.875
20150728 20:40 15.625
20150728 20:50 15.375
20150728 21:00 15.25
20150728 21:10 15.125
20150728 21:20 15.125
20150728 21:30 15
20150728 21:40 14.5
20150728 21:50 14.375
20150728 22:00 14.5
20150728 22:10 14.625
20150728 22:20 14.5
20150728 22:30 14.25
20150728 22:40 14
20150728 22:50 13.875
20150728 23:00 13.875
20150728 23:10 13.5
20150728 23:20 13.5
20150728 23:30 13.75
20150728 23:40 13.625
20150728 23:50 13.625
