YYYYMMDD HH:MM measured temperature
20150401 00:00 3.375
20150401 00:10 3.25
20150401 00:20 3.375
20150401 00:30 3
20150401 00:40 3
20150401 00:50 3.25
20150401 01:00 3.125
20150401 01:10 2.125
20150401 01:20 1.75
20150401 01:30 1.875
20150401 01:40 2.25
20150401 01:50 2.625
20150401 02:00 2.625
20150401 02:10 2.5
20150401 02:20 2.5
20150401 02:30 2.5
20150401 02:40 2.5
20150401 02:50 2.75
20150401 03:00 2.625
20150401 03:10 2.875
20150401 03:20 2.875
20150401 03:30 2.75
20150401 03:40 2.75
20150401 03:50 2.5
20150401 04:00 2.375
20150401 04:10 2.625
20150401 04:20 2.75
20150401 04:30 2.625
20150401 04:40 2.75
20150401 04:50 2.125
20150401 05:00 2.25
20150401 05:10 2.375
20150401 05:20 2.25
20150401 05:30 2.25
20150401 05:40 2.25
20150401 05:50 2.125
20150401 06:00 2.125
20150401 06:10 2.125
20150401 06:20 2.25
20150401 06:30 2.25
20150401 06:40 2.375
20150401 06:50 2.375
20150401 07:00 2.375
20150401 07:10 2.5
20150401 07:20 2.375
20150401 07:30 2.375
20150401 07:40 2.375
20150401 07:50 2.625
20150401 08:00 2.875
20150401 08:10 3
20150401 08:20 3
20150401 08:30 3.875
20150401 08:40 4
20150401 08:50 3.375
20150401 09:00 4.125
20150401 09:10 4.875
20150401 09:20 4.625
20150401 09:30 4.125
20150401 09:40 3.125
20150401 09:50 2.875
20150401 10:00 3
20150401 10:10 3.25
20150401 10:20 4.5
20150401 10:30 5.25
20150401 10:40 6
20150401 10:50 5.125
20150401 11:00 4.75
20150401 11:10 5.125
20150401 11:20 6.375
20150401 11:30 6.375
20150401 11:40 7.75
20150401 11:50 6.375
20150401 12:00 7.5
20150401 12:10 7.375
20150401 12:20 6.75
20150401 12:30 7.75
20150401 12:40 6.875
20150401 12:50 7
20150401 13:00 7.25
20150401 13:10 7.625
20150401 13:20 6
20150401 13:30 5.75
20150401 13:40 5.5
20150401 13:50 6.625
20150401 14:00 6.375
20150401 14:10 5.625
20150401 14:20 5.5
20150401 14:30 6.5
20150401 14:40 8.25
20150401 14:50 8.25
20150401 15:00 7
20150401 15:10 6.625
20150401 15:20 7
20150401 15:30 6.75
20150401 15:40 7.625
20150401 15:50 7.5
20150401 16:00 6.625
20150401 16:10 6.375
20150401 16:20 5.5
20150401 16:30 6
20150401 16:40 6.5
20150401 16:50 5.875
20150401 17:00 6
20150401 17:10 5.625
20150401 17:20 5.625
20150401 17:30 5.25
20150401 17:40 4.75
20150401 17:50 5
20150401 18:00 5
20150401 18:10 4.75
20150401 18:20 4.5
20150401 18:30 4.125
20150401 18:40 4.5
20150401 18:50 4.625
20150401 19:00 4.25
20150401 19:10 4
20150401 19:20 3.625
20150401 19:30 3.5
20150401 19:40 3.25
20150401 19:50 3
20150401 20:00 2.875
20150401 20:10 2.875
20150401 20:20 3.375
20150401 20:30 3.25
20150401 20:40 3.25
20150401 20:50 3.25
20150401 21:00 3.125
20150401 21:10 3.25
20150401 21:20 2.875
20150401 21:30 2.25
20150401 21:40 1.5
20150401 21:50 1.375
20150401 22:00 1.5
20150401 22:10 1.625
20150401 22:20 1.75
20150401 22:30 1.875
20150401 22:40 2
20150401 22:50 2.125
20150401 23:00 2.125
20150401 23:10 2.25
20150401 23:20 2
20150401 23:30 2
20150401 23:40 2
20150401 23:50 2
