YYYYMMDD HH:MM measured temperature
20150530 00:00 11.375
20150530 00:10 10.875
20150530 00:20 10.375
20150530 00:30 10.125
20150530 00:40 9.875
20150530 00:50 9.75
20150530 01:00 9.625
20150530 01:10 9.75
20150530 01:20 9.75
20150530 01:30 9.625
20150530 01:40 9.625
20150530 01:50 9.625
20150530 02:00 9.625
20150530 02:10 9.5
20150530 02:20 9.375
20150530 02:30 9.375
20150530 02:40 9.375
20150530 02:50 9.25
20150530 03:00 9.375
20150530 03:10 9.375
20150530 03:20 9.25
20150530 03:30 9.25
20150530 03:40 9.375
20150530 03:50 9.25
20150530 04:00 9.25
20150530 04:10 9.375
20150530 04:20 9.25
20150530 04:30 9.25
20150530 04:40 9.125
20150530 04:50 9.125
20150530 05:00 9.125
20150530 05:10 9
20150530 05:20 8.875
20150530 05:30 8.875
20150530 05:40 8.875
20150530 05:50 8.875
20150530 06:00 8.875
20150530 06:10 8.875
20150530 06:20 8.875
20150530 06:30 8.875
20150530 06:40 8.875
20150530 06:50 9
20150530 07:00 9.125
20150530 07:10 9.125
20150530 07:20 9.125
20150530 07:30 9
20150530 07:40 9.125
20150530 07:50 9.75
20150530 08:00 10
20150530 08:10 10
20150530 08:20 10.625
20150530 08:30 10.125
20150530 08:40 11
20150530 08:50 10.625
20150530 09:00 10.875
20150530 09:10 11.25
20150530 09:20 11.75
20150530 09:30 12.625
20150530 09:40 12.5
20150530 09:50 12.375
20150530 10:00 11.75
20150530 10:10 13.375
20150530 10:20 12
20150530 10:30 12.875
20150530 10:40 13.25
20150530 10:50 12.5
20150530 11:00 14.25
20150530 11:10 12.25
20150530 11:20 12.5
20150530 11:30 13.625
20150530 11:40 13.75
20150530 11:50 10.75
20150530 12:00 12.5
20150530 12:10 11.625
20150530 12:20 11.625
20150530 12:30 12.125
20150530 12:40 12.75
20150530 12:50 13.375
20150530 13:00 13.375
20150530 13:10 13.375
20150530 13:20 13.625
20150530 13:30 14.625
20150530 13:40 14.75
20150530 13:50 13.25
20150530 14:00 12
20150530 14:10 12
20150530 14:20 13.625
20150530 14:30 13.875
20150530 14:40 11
20150530 14:50 9.625
20150530 15:00 12
20150530 15:10 12.375
20150530 15:20 12.375
20150530 15:30 12.375
20150530 15:40 12.625
20150530 15:50 13.125
20150530 16:00 12.25
20150530 16:10 13.25
20150530 16:20 13.25
20150530 16:30 13.5
20150530 16:40 14.375
20150530 16:50 13.375
20150530 17:00 13.375
20150530 17:10 13
20150530 17:20 13.75
20150530 17:30 12.5
20150530 17:40 12.625
20150530 17:50 13.25
20150530 18:00 13.125
20150530 18:10 13.5
20150530 18:20 14.25
20150530 18:30 13.375
20150530 18:40 13.25
20150530 18:50 13.5
20150530 19:00 13.125
20150530 19:10 12.75
20150530 19:20 12.375
20150530 19:30 12.125
20150530 19:40 12.25
20150530 19:50 12.125
20150530 20:00 12.25
20150530 20:10 12.25
20150530 20:20 12.125
20150530 20:30 12.25
20150530 20:40 12.25
20150530 20:50 11.625
20150530 21:00 11.875
20150530 21:10 11.25
20150530 21:20 10.875
20150530 21:30 10.75
20150530 21:40 10
20150530 21:50 9.75
20150530 22:00 9.625
20150530 22:10 8.875
20150530 22:20 8.625
20150530 22:30 8.75
20150530 22:40 8.625
20150530 22:50 8.625
20150530 23:00 8.75
20150530 23:10 8.375
20150530 23:20 8
20150530 23:30 7.75
20150530 23:40 7.375
20150530 23:50 7
