YYYYMMDD HH:MM measured temperature
20150626 00:00 16.125
20150626 00:10 15.625
20150626 00:20 15.375
20150626 00:30 15.375
20150626 00:40 15.5
20150626 00:50 15.375
20150626 01:00 15.375
20150626 01:10 15.375
20150626 01:20 15.625
20150626 01:30 15.375
20150626 01:40 15.5
20150626 01:50 15.5
20150626 02:00 15.375
20150626 02:10 15.25
20150626 02:20 15.25
20150626 02:30 15.125
20150626 02:40 15.125
20150626 02:50 15.125
20150626 03:00 15.25
20150626 03:10 15
20150626 03:20 14.75
20150626 03:30 14.625
20150626 03:40 14.5
20150626 03:50 14.5
20150626 04:00 14.625
20150626 04:10 14.625
20150626 04:20 14.625
20150626 04:30 14.5
20150626 04:40 14.75
20150626 04:50 14.5
20150626 05:00 14.375
20150626 05:10 14.375
20150626 05:20 14.375
20150626 05:30 14.375
20150626 05:40 14.5
20150626 05:50 14.5
20150626 06:00 14.75
20150626 06:10 14.875
20150626 06:20 14.875
20150626 06:30 15.25
20150626 06:40 15
20150626 06:50 15.125
20150626 07:00 15.5
20150626 07:10 15.75
20150626 07:20 15.875
20150626 07:30 15.875
20150626 07:40 16.25
20150626 07:50 16
20150626 08:00 16.5
20150626 08:10 16.625
20150626 08:20 16.75
20150626 08:30 16.75
20150626 08:40 17.25
20150626 08:50 16.5
20150626 09:00 17.125
20150626 09:10 18.125
20150626 09:20 18.5
20150626 09:30 18.75
20150626 09:40 18.75
20150626 09:50 19.5
20150626 10:00 20.125
20150626 10:10 20.5
20150626 10:20 19.625
20150626 10:30 20.25
20150626 10:40 20.25
20150626 10:50 21.125
20150626 11:00 20.125
20150626 11:10 20.625
20150626 11:20 21
20150626 11:30 21.375
20150626 11:40 21.625
20150626 11:50 21.5
20150626 12:00 21.375
20150626 12:10 21.5
20150626 12:20 20.75
20150626 12:30 21.5
20150626 12:40 21.125
20150626 12:50 20.5
20150626 13:00 20.875
20150626 13:10 21
20150626 13:20 22.625
20150626 13:30 21.75
20150626 13:40 21.75
20150626 13:50 21.375
20150626 14:00 22.25
20150626 14:10 22.75
20150626 14:20 22.375
20150626 14:30 21.5
20150626 14:40 21.75
20150626 14:50 22.5
20150626 15:00 22.25
20150626 15:10 22
20150626 15:20 23.625
20150626 15:30 22.625
20150626 15:40 23
20150626 15:50 23.5
20150626 16:00 23.625
20150626 16:10 22.75
20150626 16:20 22.25
20150626 16:30 21.875
20150626 16:40 21.625
20150626 16:50 22.75
20150626 17:00 22.5
20150626 17:10 22.125
20150626 17:20 22.375
20150626 17:30 22.125
20150626 17:40 22.125
20150626 17:50 21.75
20150626 18:00 21.625
20150626 18:10 21.625
20150626 18:20 21.625
20150626 18:30 21.375
20150626 18:40 21.75
20150626 18:50 21.25
20150626 19:00 21
20150626 19:10 21
20150626 19:20 20.875
20150626 19:30 20.875
20150626 19:40 20.875
20150626 19:50 20.625
20150626 20:00 20.5
20150626 20:10 20.25
20150626 20:20 20.25
20150626 20:30 19.75
20150626 20:40 20
20150626 20:50 20.125
20150626 21:00 19.875
20150626 21:10 19.5
20150626 21:20 18.875
20150626 21:30 18.625
20150626 21:40 18.5
20150626 21:50 18.5
20150626 22:00 18
20150626 22:10 17.875
20150626 22:20 17.625
20150626 22:30 17.75
20150626 22:40 17.5
20150626 22:50 17
20150626 23:00 17
20150626 23:10 17
20150626 23:20 17
20150626 23:30 17
20150626 23:40 16.875
20150626 23:50 16.875
