YYYYMMDD HH:MM measured temperature
20150618 00:00 13.625
20150618 00:10 13.625
20150618 00:20 13.75
20150618 00:30 13.75
20150618 00:40 13.75
20150618 00:50 13.75
20150618 01:00 13.75
20150618 01:10 13.75
20150618 01:20 13.75
20150618 01:30 13.75
20150618 01:40 13.75
20150618 01:50 13.875
20150618 02:00 13.875
20150618 02:10 13.875
20150618 02:20 13.875
20150618 02:30 13.875
20150618 02:40 13.875
20150618 02:50 13.875
20150618 03:00 14
20150618 03:10 14
20150618 03:20 13.875
20150618 03:30 13.75
20150618 03:40 13.625
20150618 03:50 13.625
20150618 04:00 13.625
20150618 04:10 13.5
20150618 04:20 13.375
20150618 04:30 13.375
20150618 04:40 13.375
20150618 04:50 13.25
20150618 05:00 13.25
20150618 05:10 13.25
20150618 05:20 13.25
20150618 05:30 13
20150618 05:40 12.75
20150618 05:50 12.625
20150618 06:00 12.625
20150618 06:10 12.875
20150618 06:20 12.75
20150618 06:30 13
20150618 06:40 13.125
20150618 06:50 13.375
20150618 07:00 13.625
20150618 07:10 14
20150618 07:20 14.125
20150618 07:30 14.5
20150618 07:40 14.625
20150618 07:50 14.75
20150618 08:00 14.875
20150618 08:10 15.25
20150618 08:20 14.875
20150618 08:30 15
20150618 08:40 14.875
20150618 08:50 15.625
20150618 09:00 14.75
20150618 09:10 14.625
20150618 09:20 15
20150618 09:30 15.375
20150618 09:40 16
20150618 09:50 16.25
20150618 10:00 16.25
20150618 10:10 16.375
20150618 10:20 15.125
20150618 10:30 15.125
20150618 10:40 15.75
20150618 10:50 16.25
20150618 11:00 15.625
20150618 11:10 15.625
20150618 11:20 15.875
20150618 11:30 16.125
20150618 11:40 15.375
20150618 11:50 16.125
20150618 12:00 16.75
20150618 12:10 17.5
20150618 12:20 17.125
20150618 12:30 16.375
20150618 12:40 16.125
20150618 12:50 15.75
20150618 13:00 16.125
20150618 13:10 16.25
20150618 13:20 16.125
20150618 13:30 15.375
20150618 13:40 15
20150618 13:50 14.375
20150618 14:00 14
20150618 14:10 14
20150618 14:20 14.5
20150618 14:30 15
20150618 14:40 15.125
20150618 14:50 14.5
20150618 15:00 14.25
20150618 15:10 14.875
20150618 15:20 14.375
20150618 15:30 14
20150618 15:40 13.125
20150618 15:50 11.625
20150618 16:00 11.75
20150618 16:10 12
20150618 16:20 12
20150618 16:30 12.5
20150618 16:40 13.25
20150618 16:50 13.125
20150618 17:00 13.125
20150618 17:10 13.875
20150618 17:20 14.25
20150618 17:30 14.625
20150618 17:40 13.875
20150618 17:50 13.75
20150618 18:00 13.75
20150618 18:10 13.875
20150618 18:20 13.75
20150618 18:30 13.25
20150618 18:40 12.75
20150618 18:50 12.75
20150618 19:00 12.75
20150618 19:10 13.125
20150618 19:20 12.75
20150618 19:30 12.75
20150618 19:40 12.75
20150618 19:50 13
20150618 20:00 12.875
20150618 20:10 12.625
20150618 20:20 12.375
20150618 20:30 12
20150618 20:40 11.875
20150618 20:50 11.5
20150618 21:00 11.375
20150618 21:10 11.5
20150618 21:20 11.375
20150618 21:30 11.375
20150618 21:40 11.375
20150618 21:50 11.125
20150618 22:00 11
20150618 22:10 10.875
20150618 22:20 10.75
20150618 22:30 10.625
20150618 22:40 10.625
20150618 22:50 10.625
20150618 23:00 10.625
20150618 23:10 10.5
20150618 23:20 10.375
20150618 23:30 10.25
20150618 23:40 10.125
20150618 23:50 10.125
