YYYYMMDD HH:MM measured temperature
20150722 00:00 15.625
20150722 00:10 15.625
20150722 00:20 15.625
20150722 00:30 15.375
20150722 00:40 15
20150722 00:50 15
20150722 01:00 15
20150722 01:10 15.125
20150722 01:20 15.125
20150722 01:30 15
20150722 01:40 15.125
20150722 01:50 15.125
20150722 02:00 14.5
20150722 02:10 14.125
20150722 02:20 14.375
20150722 02:30 14.375
20150722 02:40 14.25
20150722 02:50 13.75
20150722 03:00 13.75
20150722 03:10 13.75
20150722 03:20 13.5
20150722 03:30 13.625
20150722 03:40 13.75
20150722 03:50 13.75
20150722 04:00 13.625
20150722 04:10 13.5
20150722 04:20 13.5
20150722 04:30 13.625
20150722 04:40 13.5
20150722 04:50 13.625
20150722 05:00 13.625
20150722 05:10 13.625
20150722 05:20 13.5
20150722 05:30 13.625
20150722 05:40 13.5
20150722 05:50 13.5
20150722 06:00 13.75
20150722 06:10 13.75
20150722 06:20 14.125
20150722 06:30 14.375
20150722 06:40 14.75
20150722 06:50 15
20150722 07:00 15.25
20150722 07:10 15.375
20150722 07:20 15.75
20150722 07:30 16.25
20150722 07:40 16.375
20150722 07:50 16.625
20150722 08:00 17.25
20150722 08:10 17.625
20150722 08:20 18.5
20150722 08:30 18.625
20150722 08:40 19.375
20150722 08:50 19.5
20150722 09:00 20.125
20150722 09:10 20.125
20150722 09:20 20.625
20150722 09:30 20.875
20150722 09:40 21.125
20150722 09:50 21.375
20150722 10:00 21.75
20150722 10:10 21
20150722 10:20 21.125
20150722 10:30 21.875
20150722 10:40 21.75
20150722 10:50 22.5
20150722 11:00 22.125
20150722 11:10 22.125
20150722 11:20 22.75
20150722 11:30 23.125
20150722 11:40 23.25
20150722 11:50 23.25
20150722 12:00 23.875
20150722 12:10 24.25
20150722 12:20 24
20150722 12:30 24.375
20150722 12:40 24.25
20150722 12:50 24.875
20150722 13:00 24.875
20150722 13:10 24.25
20150722 13:20 25.375
20150722 13:30 25.875
20150722 13:40 25.75
20150722 13:50 25.5
20150722 14:00 25.625
20150722 14:10 26
20150722 14:20 25.375
20150722 14:30 25.625
20150722 14:40 25.125
20150722 14:50 24.75
20150722 15:00 25
20150722 15:10 25.75
20150722 15:20 25.375
20150722 15:30 25.125
20150722 15:40 25.375
20150722 15:50 26.25
20150722 16:00 26.75
20150722 16:10 26.875
20150722 16:20 24.625
20150722 16:30 26
20150722 16:40 26.5
20150722 16:50 25
20150722 17:00 24.5
20150722 17:10 24.5
20150722 17:20 25.625
20150722 17:30 24.875
20150722 17:40 24.625
20150722 17:50 24
20150722 18:00 22.875
20150722 18:10 22.75
20150722 18:20 22.5
20150722 18:30 22.25
20150722 18:40 22
20150722 18:50 21.875
20150722 19:00 21.25
20150722 19:10 21.25
20150722 19:20 20.875
20150722 19:30 20.625
20150722 19:40 20.5
20150722 19:50 20.25
20150722 20:00 19.875
20150722 20:10 19.75
20150722 20:20 19.75
20150722 20:30 19.375
20150722 20:40 19.25
20150722 20:50 19.125
20150722 21:00 18.875
20150722 21:10 18.75
20150722 21:20 18.875
20150722 21:30 18.625
20150722 21:40 18.5
20150722 21:50 18.375
20150722 22:00 18.25
20150722 22:10 18
20150722 22:20 17.75
20150722 22:30 17.375
20150722 22:40 17.25
20150722 22:50 17
20150722 23:00 16.75
20150722 23:10 16.625
20150722 23:20 16.25
20150722 23:30 16
20150722 23:40 16
20150722 23:50 15.375
