YYYYMMDD HH:MM measured temperature
20150910 00:00 9.625
20150910 00:10 9.375
20150910 00:20 9.125
20150910 00:30 9.125
20150910 00:40 9
20150910 00:50 9.125
20150910 01:00 9
20150910 01:10 9
20150910 01:20 8.875
20150910 01:30 8.75
20150910 01:40 8.75
20150910 01:50 8.625
20150910 02:00 8.5
20150910 02:10 8.5
20150910 02:20 8.5
20150910 02:30 8.375
20150910 02:40 8.375
20150910 02:50 8.375
20150910 03:00 8.25
20150910 03:10 8.25
20150910 03:20 8.125
20150910 03:30 8.125
20150910 03:40 8.25
20150910 03:50 8.5
20150910 04:00 8.75
20150910 04:10 9
20150910 04:20 9.125
20150910 04:30 9.25
20150910 04:40 9.375
20150910 04:50 9.25
20150910 05:00 9.25
20150910 05:10 9.375
20150910 05:20 9.375
20150910 05:30 8.875
20150910 05:40 8.5
20150910 05:50 8.25
20150910 06:00 8.125
20150910 06:10 7.875
20150910 06:20 7.875
20150910 06:30 7.875
20150910 06:40 7.75
20150910 06:50 7.75
20150910 07:00 7.875
20150910 07:10 8
20150910 07:20 8.375
20150910 07:30 8.5
20150910 07:40 8.625
20150910 07:50 8.875
20150910 08:00 9.125
20150910 08:10 9.125
20150910 08:20 9.625
20150910 08:30 10.25
20150910 08:40 10.875
20150910 08:50 11.375
20150910 09:00 11.75
20150910 09:10 12.125
20150910 09:20 12.75
20150910 09:30 12.875
20150910 09:40 13.5
20150910 09:50 13.875
20150910 10:00 14.25
20150910 10:10 14.5
20150910 10:20 14.875
20150910 10:30 15.125
20150910 10:40 16.25
20150910 10:50 16.375
20150910 11:00 16.375
20150910 11:10 17
20150910 11:20 17.25
20150910 11:30 17.5
20150910 11:40 16.75
20150910 11:50 17.25
20150910 12:00 17.25
20150910 12:10 17.75
20150910 12:20 17.625
20150910 12:30 17.5
20150910 12:40 16.625
20150910 12:50 19.5
20150910 13:00 18.25
20150910 13:10 17.625
20150910 13:20 16.875
20150910 13:30 17.375
20150910 13:40 18.5
20150910 13:50 17.25
20150910 14:00 19.125
20150910 14:10 19.5
20150910 14:20 18.875
20150910 14:30 18
20150910 14:40 20
20150910 14:50 17.75
20150910 15:00 19.75
20150910 15:10 17.25
20150910 15:20 19.875
20150910 15:30 19.875
20150910 15:40 18.625
20150910 15:50 18.625
20150910 16:00 18.75
20150910 16:10 17.5
20150910 16:20 17
20150910 16:30 17.875
20150910 16:40 19
20150910 16:50 19.25
20150910 17:00 19.25
20150910 17:10 19.625
20150910 17:20 18.5
20150910 17:30 18
20150910 17:40 17.25
20150910 17:50 17.25
20150910 18:00 17
20150910 18:10 16.875
20150910 18:20 16.75
20150910 18:30 16.625
20150910 18:40 16.5
20150910 18:50 16.25
20150910 19:00 15.875
20150910 19:10 15.5
20150910 19:20 14.875
20150910 19:30 14.375
20150910 19:40 14
20150910 19:50 13.75
20150910 20:00 13.625
20150910 20:10 13.75
20150910 20:20 14.25
20150910 20:30 13.75
20150910 20:40 13.375
20150910 20:50 12.75
20150910 21:00 12.75
20150910 21:10 13.125
20150910 21:20 13.25
20150910 21:30 13.25
20150910 21:40 13
20150910 21:50 12.75
20150910 22:00 12.5
20150910 22:10 12.125
20150910 22:20 12
20150910 22:30 11.375
20150910 22:40 11.25
20150910 22:50 11.375
20150910 23:00 11.875
20150910 23:10 11.875
20150910 23:20 11.5
20150910 23:30 11.625
20150910 23:40 11.75
20150910 23:50 11.75
