YYYYMMDD HH:MM measured temperature
20151031 00:00 7.875
20151031 00:10 7.75
20151031 00:20 7.625
20151031 00:30 7.5
20151031 00:40 7.375
20151031 00:50 7.375
20151031 01:00 7.25
20151031 01:10 7.125
20151031 01:20 6.875
20151031 01:30 6.875
20151031 01:40 6.75
20151031 01:50 6.625
20151031 02:00 6.5
20151031 02:10 6.5
20151031 02:20 6.5
20151031 02:30 6.375
20151031 02:40 6.375
20151031 02:50 6.375
20151031 03:00 6.25
20151031 03:10 6.25
20151031 03:20 6.375
20151031 03:30 6.625
20151031 03:40 6.75
20151031 03:50 6.75
20151031 04:00 6.875
20151031 04:10 6.875
20151031 04:20 6.875
20151031 04:30 6.875
20151031 04:40 6.875
20151031 04:50 7
20151031 05:00 7
20151031 05:10 7
20151031 05:20 7
20151031 05:30 6.875
20151031 05:40 6.875
20151031 05:50 6.875
20151031 06:00 6.875
20151031 06:10 6.875
20151031 06:20 6.875
20151031 06:30 6.875
20151031 06:40 6.875
20151031 06:50 7
20151031 07:00 7
20151031 07:10 7
20151031 07:20 7
20151031 07:30 7
20151031 07:40 7
20151031 07:50 7.125
20151031 08:00 7.125
20151031 08:10 7.25
20151031 08:20 7.25
20151031 08:30 7.375
20151031 08:40 7.375
20151031 08:50 7.5
20151031 09:00 7.5
20151031 09:10 7.5
20151031 09:20 7.625
20151031 09:30 7.75
20151031 09:40 7.75
20151031 09:50 7.875
20151031 10:00 8
20151031 10:10 8.125
20151031 10:20 8.25
20151031 10:30 8.375
20151031 10:40 8.5
20151031 10:50 8.625
20151031 11:00 8.875
20151031 11:10 8.75
20151031 11:20 8.75
20151031 11:30 8.75
20151031 11:40 9
20151031 11:50 9.25
20151031 12:00 9.5
20151031 12:10 9.375
20151031 12:20 9.875
20151031 12:30 9.75
20151031 12:40 10
20151031 12:50 10.625
20151031 13:00 11
20151031 13:10 11.125
20151031 13:20 11.375
20151031 13:30 11.375
20151031 13:40 11.875
20151031 13:50 11.75
20151031 14:00 12
20151031 14:10 12.125
20151031 14:20 12.625
20151031 14:30 12.375
20151031 14:40 12.5
20151031 14:50 12.875
20151031 15:00 13
20151031 15:10 13.125
20151031 15:20 14
20151031 15:30 14.625
20151031 15:40 13.875
20151031 15:50 13.375
20151031 16:00 13.25
20151031 16:10 13.375
20151031 16:20 13
20151031 16:30 12.375
20151031 16:40 12.125
20151031 16:50 12
20151031 17:00 11.625
20151031 17:10 11.5
20151031 17:20 11.25
20151031 17:30 10.875
20151031 17:40 10.5
20151031 17:50 10
20151031 18:00 9.875
20151031 18:10 10
20151031 18:20 9.875
20151031 18:30 9.875
20151031 18:40 9.75
20151031 18:50 9.5
20151031 19:00 9.5
20151031 19:10 9.375
20151031 19:20 9.375
20151031 19:30 9.25
20151031 19:40 9.125
20151031 19:50 8.875
20151031 20:00 8.75
20151031 20:10 8.875
20151031 20:20 8.625
20151031 20:30 8.5
20151031 20:40 8.5
20151031 20:50 8.5
20151031 21:00 8.625
20151031 21:10 8.875
20151031 21:20 8.75
20151031 21:30 8.5
20151031 21:40 8
20151031 21:50 7.5
20151031 22:00 7.25
20151031 22:10 7.125
20151031 22:20 7
20151031 22:30 6.5
20151031 22:40 7.25
20151031 22:50 7.625
20151031 23:00 7.5
20151031 23:10 7.625
20151031 23:20 7.375
20151031 23:30 7
20151031 23:40 6.75
20151031 23:50 6.625
