YYYYMMDD HH:MM measured temperature
20150405 00:00 2.25
20150405 00:10 2
20150405 00:20 2
20150405 00:30 2
20150405 00:40 1.5
20150405 00:50 1.875
20150405 01:00 1.75
20150405 01:10 2
20150405 01:20 2
20150405 01:30 1.5
20150405 01:40 1
20150405 01:50 1.375
20150405 02:00 1.25
20150405 02:10 1.125
20150405 02:20 0.75
20150405 02:30 0.125
20150405 02:40 0.5
20150405 02:50 0.5
20150405 03:00 0.25
20150405 03:10 0.125
20150405 03:20 0.25
20150405 03:30 0.25
20150405 03:40 -0.125
20150405 03:50 -0.125
20150405 04:00 -0.25
20150405 04:10 -0.125
20150405 04:20 -0.75
20150405 04:30 -0.5
20150405 04:40 -0.625
20150405 04:50 -0.75
20150405 05:00 -0.875
20150405 05:10 -1
20150405 05:20 -0.875
20150405 05:30 -0.5
20150405 05:40 -0.625
20150405 05:50 -0.75
20150405 06:00 -0.875
20150405 06:10 -1
20150405 06:20 -1
20150405 06:30 -0.75
20150405 06:40 -0.75
20150405 06:50 -0.75
20150405 07:00 -0.75
20150405 07:10 -0.875
20150405 07:20 -0.875
20150405 07:30 -1
20150405 07:40 -1
20150405 07:50 -0.5
20150405 08:00 -0.25
20150405 08:10 0.125
20150405 08:20 0.625
20150405 08:30 1.5
20150405 08:40 2.875
20150405 08:50 3.875
20150405 09:00 4.375
20150405 09:10 4.375
20150405 09:20 5.375
20150405 09:30 5.5
20150405 09:40 6
20150405 09:50 6
20150405 10:00 6.125
20150405 10:10 6.625
20150405 10:20 7.375
20150405 10:30 7.25
20150405 10:40 8.625
20150405 10:50 8.5
20150405 11:00 8.625
20150405 11:10 9.5
20150405 11:20 9.25
20150405 11:30 9.625
20150405 11:40 11
20150405 11:50 10.625
20150405 12:00 10.25
20150405 12:10 10
20150405 12:20 11.25
20150405 12:30 11.5
20150405 12:40 11.5
20150405 12:50 11.375
20150405 13:00 11.875
20150405 13:10 13.125
20150405 13:20 13.875
20150405 13:30 8.75
20150405 13:40 14.5
20150405 13:50 12.125
20150405 14:00 15.5
20150405 14:10 9.125
20150405 14:20 12.625
20150405 14:30 10
20150405 14:40 9.5
20150405 14:50 10
20150405 15:00 13.125
20150405 15:10 12.625
20150405 15:20 10.125
20150405 15:30 11.875
20150405 15:40 11.25
20150405 15:50 10.875
20150405 16:00 9.75
20150405 16:10 11.5
20150405 16:20 11.125
20150405 16:30 11.125
20150405 16:40 10.5
20150405 16:50 9.75
20150405 17:00 10.375
20150405 17:10 10.75
20150405 17:20 10.25
20150405 17:30 10
20150405 17:40 9.5
20150405 17:50 9.875
20150405 18:00 10
20150405 18:10 9.375
20150405 18:20 9.25
20150405 18:30 8.75
20150405 18:40 8.875
20150405 18:50 8.375
20150405 19:00 7.875
20150405 19:10 7.625
20150405 19:20 7.125
20150405 19:30 6.875
20150405 19:40 6.625
20150405 19:50 6.375
20150405 20:00 6.125
20150405 20:10 6
20150405 20:20 6
20150405 20:30 5.375
20150405 20:40 4.875
20150405 20:50 4.625
20150405 21:00 5
20150405 21:10 5.125
20150405 21:20 5
20150405 21:30 4.875
20150405 21:40 4.75
20150405 21:50 4.75
20150405 22:00 4.875
20150405 22:10 4.875
20150405 22:20 4.75
20150405 22:30 4.875
20150405 22:40 4.75
20150405 22:50 4.625
20150405 23:00 4.75
20150405 23:10 4.875
20150405 23:20 4.875
20150405 23:30 4.875
20150405 23:40 4.75
20150405 23:50 4.75
