YYYYMMDD HH:MM measured temperature
20150514 00:00 9
20150514 00:10 9
20150514 00:20 8.875
20150514 00:30 9
20150514 00:40 8.875
20150514 00:50 9
20150514 01:00 8.875
20150514 01:10 8.875
20150514 01:20 8.875
20150514 01:30 8.875
20150514 01:40 8.75
20150514 01:50 8.625
20150514 02:00 8.625
20150514 02:10 8.625
20150514 02:20 8.75
20150514 02:30 8.75
20150514 02:40 8.75
20150514 02:50 8.75
20150514 03:00 8.75
20150514 03:10 8.75
20150514 03:20 8.625
20150514 03:30 8.625
20150514 03:40 8.625
20150514 03:50 8.5
20150514 04:00 8.375
20150514 04:10 8.5
20150514 04:20 8.5
20150514 04:30 8.5
20150514 04:40 8.25
20150514 04:50 8.125
20150514 05:00 8
20150514 05:10 8
20150514 05:20 7.875
20150514 05:30 7.875
20150514 05:40 7.875
20150514 05:50 7.875
20150514 06:00 7.875
20150514 06:10 7.875
20150514 06:20 7.875
20150514 06:30 7.875
20150514 06:40 7.875
20150514 06:50 7.875
20150514 07:00 8
20150514 07:10 8.125
20150514 07:20 8.25
20150514 07:30 8.375
20150514 07:40 8.5
20150514 07:50 8.5
20150514 08:00 8.5
20150514 08:10 8.625
20150514 08:20 8.75
20150514 08:30 8.875
20150514 08:40 9.125
20150514 08:50 9
20150514 09:00 9.25
20150514 09:10 9.375
20150514 09:20 9.625
20150514 09:30 9.75
20150514 09:40 9.75
20150514 09:50 9.75
20150514 10:00 10.125
20150514 10:10 10.375
20150514 10:20 10.5
20150514 10:30 10.625
20150514 10:40 10.875
20150514 10:50 10.5
20150514 11:00 10.75
20150514 11:10 11
20150514 11:20 11.125
20150514 11:30 11.375
20150514 11:40 12
20150514 11:50 11.25
20150514 12:00 11.375
20150514 12:10 12.25
20150514 12:20 11.5
20150514 12:30 12
20150514 12:40 12
20150514 12:50 11.5
20150514 13:00 12.25
20150514 13:10 12.125
20150514 13:20 12.125
20150514 13:30 12
20150514 13:40 11.25
20150514 13:50 12
20150514 14:00 12.75
20150514 14:10 13.125
20150514 14:20 13
20150514 14:30 11.625
20150514 14:40 12.625
20150514 14:50 12.375
20150514 15:00 13.25
20150514 15:10 12.75
20150514 15:20 12.75
20150514 15:30 12.125
20150514 15:40 12.625
20150514 15:50 12.5
20150514 16:00 12.375
20150514 16:10 12.25
20150514 16:20 12.625
20150514 16:30 12.25
20150514 16:40 12.125
20150514 16:50 12.125
20150514 17:00 12
20150514 17:10 12
20150514 17:20 11.5
20150514 17:30 12
20150514 17:40 11.5
20150514 17:50 11.625
20150514 18:00 12
20150514 18:10 11.75
20150514 18:20 11.75
20150514 18:30 11.5
20150514 18:40 11.375
20150514 18:50 11.625
20150514 19:00 11.25
20150514 19:10 11.125
20150514 19:20 11.125
20150514 19:30 11
20150514 19:40 11.125
20150514 19:50 10.875
20150514 20:00 10.625
20150514 20:10 10.375
20150514 20:20 10.25
20150514 20:30 10.125
20150514 20:40 10
20150514 20:50 9.75
20150514 21:00 9.375
20150514 21:10 9
20150514 21:20 8.75
20150514 21:30 8.125
20150514 21:40 7.875
20150514 21:50 7.375
20150514 22:00 7.375
20150514 22:10 7
20150514 22:20 6.875
20150514 22:30 6.625
20150514 22:40 6.25
20150514 22:50 6.25
20150514 23:00 6.125
20150514 23:10 6.5
20150514 23:20 6.5
20150514 23:30 7
20150514 23:40 7.25
20150514 23:50 7.25
