YYYYMMDD HH:MM measured temperature
20150504 00:00 13.75
20150504 00:10 13.875
20150504 00:20 13.875
20150504 00:30 14
20150504 00:40 13.875
20150504 00:50 13.75
20150504 01:00 13.625
20150504 01:10 13.75
20150504 01:20 13.75
20150504 01:30 13.875
20150504 01:40 13.625
20150504 01:50 13.375
20150504 02:00 13.5
20150504 02:10 13.25
20150504 02:20 13
20150504 02:30 12.875
20150504 02:40 12.75
20150504 02:50 12.625
20150504 03:00 12.5
20150504 03:10 12.375
20150504 03:20 12.25
20150504 03:30 12.125
20150504 03:40 12
20150504 03:50 11.875
20150504 04:00 11.625
20150504 04:10 11.75
20150504 04:20 11.5
20150504 04:30 11.5
20150504 04:40 11.5
20150504 04:50 11.375
20150504 05:00 11.375
20150504 05:10 11.5
20150504 05:20 11.25
20150504 05:30 11.125
20150504 05:40 11.375
20150504 05:50 11.5
20150504 06:00 11.75
20150504 06:10 11.75
20150504 06:20 11.75
20150504 06:30 11.5
20150504 06:40 11.625
20150504 06:50 11.75
20150504 07:00 11.5
20150504 07:10 11.625
20150504 07:20 11.625
20150504 07:30 11.875
20150504 07:40 12
20150504 07:50 12.25
20150504 08:00 12.625
20150504 08:10 12.75
20150504 08:20 13.125
20150504 08:30 13.75
20150504 08:40 14
20150504 08:50 14.125
20150504 09:00 14
20150504 09:10 14.625
20150504 09:20 14.875
20150504 09:30 14.875
20150504 09:40 15.25
20150504 09:50 15.25
20150504 10:00 15.5
20150504 10:10 16
20150504 10:20 16.125
20150504 10:30 15.75
20150504 10:40 16
20150504 10:50 15.75
20150504 11:00 16.25
20150504 11:10 17
20150504 11:20 18.5
20150504 11:30 17.25
20150504 11:40 16.875
20150504 11:50 16.375
20150504 12:00 16.125
20150504 12:10 16
20150504 12:20 17.375
20150504 12:30 17.375
20150504 12:40 17.5
20150504 12:50 17.75
20150504 13:00 17.75
20150504 13:10 18
20150504 13:20 17.75
20150504 13:30 16.875
20150504 13:40 18.125
20150504 13:50 18.125
20150504 14:00 18.5
20150504 14:10 18.875
20150504 14:20 18.75
20150504 14:30 19.375
20150504 14:40 20.375
20150504 14:50 20
20150504 15:00 18.75
20150504 15:10 20.125
20150504 15:20 19.375
20150504 15:30 19.5
20150504 15:40 19.5
20150504 15:50 19.125
20150504 16:00 19.875
20150504 16:10 20
20150504 16:20 19.875
20150504 16:30 18.75
20150504 16:40 19
20150504 16:50 19.125
20150504 17:00 19.625
20150504 17:10 19
20150504 17:20 19.5
20150504 17:30 19.5
20150504 17:40 18.25
20150504 17:50 18.875
20150504 18:00 19.25
20150504 18:10 19.5
20150504 18:20 19.75
20150504 18:30 19.5
20150504 18:40 18.625
20150504 18:50 18.25
20150504 19:00 18
20150504 19:10 18.125
20150504 19:20 18
20150504 19:30 18
20150504 19:40 17.375
20150504 19:50 17.125
20150504 20:00 16.875
20150504 20:10 16.25
20150504 20:20 15.75
20150504 20:30 15.25
20150504 20:40 14.625
20150504 20:50 13.875
20150504 21:00 13.375
20150504 21:10 13.125
20150504 21:20 12.875
20150504 21:30 12.375
20150504 21:40 12.125
20150504 21:50 12.25
20150504 22:00 12.25
20150504 22:10 11.875
20150504 22:20 11.625
20150504 22:30 12
20150504 22:40 12
20150504 22:50 12
20150504 23:00 12.125
20150504 23:10 12.125
20150504 23:20 12.25
20150504 23:30 12
20150504 23:40 12.5
20150504 23:50 12.375
