YYYYMMDD HH:MM measured temperature
20150719 00:00 13
20150719 00:10 12.5
20150719 00:20 12.375
20150719 00:30 12.25
20150719 00:40 12.125
20150719 00:50 12
20150719 01:00 11.75
20150719 01:10 11.5
20150719 01:20 11.375
20150719 01:30 11
20150719 01:40 11.25
20150719 01:50 11
20150719 02:00 11
20150719 02:10 11.125
20150719 02:20 10.875
20150719 02:30 11.25
20150719 02:40 11.25
20150719 02:50 11.375
20150719 03:00 11.25
20150719 03:10 11.125
20150719 03:20 11
20150719 03:30 10.875
20150719 03:40 10.875
20150719 03:50 10.875
20150719 04:00 11.125
20150719 04:10 11.25
20150719 04:20 11.25
20150719 04:30 11.375
20150719 04:40 11.375
20150719 04:50 11.5
20150719 05:00 11.5
20150719 05:10 11.5
20150719 05:20 11.625
20150719 05:30 11.75
20150719 05:40 11.875
20150719 05:50 11.875
20150719 06:00 12
20150719 06:10 12.125
20150719 06:20 12.125
20150719 06:30 12.25
20150719 06:40 12.5
20150719 06:50 12.5
20150719 07:00 12.625
20150719 07:10 12.625
20150719 07:20 12.875
20150719 07:30 13
20150719 07:40 12.875
20150719 07:50 12.75
20150719 08:00 12.625
20150719 08:10 12.75
20150719 08:20 12.75
20150719 08:30 12.875
20150719 08:40 13
20150719 08:50 13.25
20150719 09:00 13.25
20150719 09:10 13.125
20150719 09:20 13.375
20150719 09:30 13.25
20150719 09:40 13.25
20150719 09:50 13.25
20150719 10:00 13.25
20150719 10:10 13.5
20150719 10:20 13.625
20150719 10:30 13.75
20150719 10:40 14
20150719 10:50 14
20150719 11:00 14.5
20150719 11:10 14.5
20150719 11:20 14.75
20150719 11:30 14.75
20150719 11:40 15.25
20150719 11:50 15.375
20150719 12:00 15.875
20150719 12:10 17
20150719 12:20 17.625
20150719 12:30 17
20150719 12:40 16.75
20150719 12:50 17.375
20150719 13:00 16.25
20150719 13:10 15.875
20150719 13:20 15.5
20150719 13:30 15.625
20150719 13:40 16.75
20150719 13:50 16.125
20150719 14:00 15.75
20150719 14:10 16.25
20150719 14:20 16.625
20150719 14:30 15.75
20150719 14:40 15
20150719 14:50 14.5
20150719 15:00 14
20150719 15:10 13.625
20150719 15:20 13.875
20150719 15:30 15.375
20150719 15:40 14.875
20150719 15:50 14.75
20150719 16:00 14.375
20150719 16:10 15.125
20150719 16:20 15.125
20150719 16:30 14.875
20150719 16:40 15.5
20150719 16:50 15.875
20150719 17:00 16
20150719 17:10 16
20150719 17:20 15.75
20150719 17:30 15.25
20150719 17:40 15.375
20150719 17:50 15.5
20150719 18:00 15.125
20150719 18:10 15.25
20150719 18:20 15.25
20150719 18:30 15.5
20150719 18:40 15.25
20150719 18:50 15.375
20150719 19:00 15.625
20150719 19:10 15.375
20150719 19:20 15.5
20150719 19:30 15.625
20150719 19:40 15.75
20150719 19:50 15.75
20150719 20:00 16.125
20150719 20:10 16
20150719 20:20 16.125
20150719 20:30 16.25
20150719 20:40 15.625
20150719 20:50 15.375
20150719 21:00 15.25
20150719 21:10 15.125
20150719 21:20 15
20150719 21:30 14.875
20150719 21:40 14.875
20150719 21:50 14.75
20150719 22:00 14.625
20150719 22:10 14.625
20150719 22:20 14.75
20150719 22:30 15
20150719 22:40 15.25
20150719 22:50 15
20150719 23:00 15
20150719 23:10 15
20150719 23:20 15.125
20150719 23:30 14.75
20150719 23:40 14.5
20150719 23:50 14.375
