YYYYMMDD HH:MM measured temperature
20150813 00:00 17
20150813 00:10 16.875
20150813 00:20 16.75
20150813 00:30 16.625
20150813 00:40 16.5
20150813 00:50 16.5
20150813 01:00 16.375
20150813 01:10 16.25
20150813 01:20 16.25
20150813 01:30 16.125
20150813 01:40 15.875
20150813 01:50 15.75
20150813 02:00 15.75
20150813 02:10 15.5
20150813 02:20 15.25
20150813 02:30 15.125
20150813 02:40 14.875
20150813 02:50 14.75
20150813 03:00 14.375
20150813 03:10 14.625
20150813 03:20 14.375
20150813 03:30 14.375
20150813 03:40 14.125
20150813 03:50 14.25
20150813 04:00 14.25
20150813 04:10 13.875
20150813 04:20 13.875
20150813 04:30 13.875
20150813 04:40 13.875
20150813 04:50 13.75
20150813 05:00 13.625
20150813 05:10 13.625
20150813 05:20 13.625
20150813 05:30 13.625
20150813 05:40 13.625
20150813 05:50 13.75
20150813 06:00 13.625
20150813 06:10 13.625
20150813 06:20 13.75
20150813 06:30 13.75
20150813 06:40 13.875
20150813 06:50 14
20150813 07:00 14.125
20150813 07:10 14.375
20150813 07:20 14.75
20150813 07:30 15
20150813 07:40 15.25
20150813 07:50 15.5
20150813 08:00 15.625
20150813 08:10 15.875
20150813 08:20 16.375
20150813 08:30 16.875
20150813 08:40 17.375
20150813 08:50 17.625
20150813 09:00 17.75
20150813 09:10 17.625
20150813 09:20 17.625
20150813 09:30 17.75
20150813 09:40 18.125
20150813 09:50 18.25
20150813 10:00 18.875
20150813 10:10 19.25
20150813 10:20 19.625
20150813 10:30 19.875
20150813 10:40 20.375
20150813 10:50 21.375
20150813 11:00 20.5
20150813 11:10 21.25
20150813 11:20 21.75
20150813 11:30 21.75
20150813 11:40 20.625
20150813 11:50 21.625
20150813 12:00 20.875
20150813 12:10 21.75
20150813 12:20 23.25
20150813 12:30 22.75
20150813 12:40 22
20150813 12:50 22.125
20150813 13:00 22.25
20150813 13:10 22.875
20150813 13:20 23.375
20150813 13:30 23.625
20150813 13:40 24.125
20150813 13:50 25
20150813 14:00 24.25
20150813 14:10 23.5
20150813 14:20 24.25
20150813 14:30 24.625
20150813 14:40 24.875
20150813 14:50 24.625
20150813 15:00 25.125
20150813 15:10 25.75
20150813 15:20 25.125
20150813 15:30 25.875
20150813 15:40 25.625
20150813 15:50 25
20150813 16:00 25.25
20150813 16:10 25.375
20150813 16:20 25.625
20150813 16:30 25.5
20150813 16:40 25.25
20150813 16:50 25.375
20150813 17:00 25.5
20150813 17:10 24.25
20150813 17:20 25
20150813 17:30 25
20150813 17:40 24.75
20150813 17:50 24.875
20150813 18:00 24.875
20150813 18:10 24.375
20150813 18:20 24.375
20150813 18:30 24.25
20150813 18:40 24
20150813 18:50 23.625
20150813 19:00 23.5
20150813 19:10 23.25
20150813 19:20 22.875
20150813 19:30 22.75
20150813 19:40 22.625
20150813 19:50 22.125
20150813 20:00 21.875
20150813 20:10 21.375
20150813 20:20 21.25
20150813 20:30 20.875
20150813 20:40 20.625
20150813 20:50 20.125
20150813 21:00 19.75
20150813 21:10 19.375
20150813 21:20 19
20150813 21:30 18.875
20150813 21:40 18.75
20150813 21:50 18.5
20150813 22:00 18.25
20150813 22:10 18
20150813 22:20 18.125
20150813 22:30 17.875
20150813 22:40 18
20150813 22:50 17.75
20150813 23:00 17.875
20150813 23:10 17.75
20150813 23:20 17.75
20150813 23:30 18.25
20150813 23:40 18
20150813 23:50 18
