YYYYMMDD HH:MM measured temperature
20150912 00:00 10.625
20150912 00:10 10.625
20150912 00:20 10.625
20150912 00:30 10.625
20150912 00:40 10.5
20150912 00:50 10.375
20150912 01:00 10.375
20150912 01:10 10.375
20150912 01:20 10.375
20150912 01:30 10.375
20150912 01:40 11.125
20150912 01:50 11.5
20150912 02:00 11.875
20150912 02:10 12
20150912 02:20 12.125
20150912 02:30 12.125
20150912 02:40 12.25
20150912 02:50 12.375
20150912 03:00 12.5
20150912 03:10 12.625
20150912 03:20 12.625
20150912 03:30 12.75
20150912 03:40 12.875
20150912 03:50 12.875
20150912 04:00 12.875
20150912 04:10 13
20150912 04:20 13
20150912 04:30 13
20150912 04:40 13
20150912 04:50 13
20150912 05:00 13
20150912 05:10 13
20150912 05:20 13
20150912 05:30 13
20150912 05:40 13
20150912 05:50 13
20150912 06:00 13
20150912 06:10 12.875
20150912 06:20 12.875
20150912 06:30 13
20150912 06:40 13
20150912 06:50 12.875
20150912 07:00 12.875
20150912 07:10 12.875
20150912 07:20 13
20150912 07:30 13.125
20150912 07:40 13.125
20150912 07:50 13.25
20150912 08:00 13.375
20150912 08:10 13.375
20150912 08:20 13.5
20150912 08:30 13.375
20150912 08:40 13.5
20150912 08:50 13.625
20150912 09:00 13.75
20150912 09:10 13.75
20150912 09:20 14
20150912 09:30 14.5
20150912 09:40 14
20150912 09:50 14.5
20150912 10:00 15
20150912 10:10 14.75
20150912 10:20 15.25
20150912 10:30 15.375
20150912 10:40 15.875
20150912 10:50 16.125
20150912 11:00 16.125
20150912 11:10 16
20150912 11:20 15.75
20150912 11:30 15.875
20150912 11:40 16.75
20150912 11:50 17
20150912 12:00 17.5
20150912 12:10 17.5
20150912 12:20 17.625
20150912 12:30 18.375
20150912 12:40 18
20150912 12:50 18.25
20150912 13:00 18.375
20150912 13:10 18.25
20150912 13:20 18.875
20150912 13:30 19.625
20150912 13:40 20.5
20150912 13:50 19.375
20150912 14:00 21
20150912 14:10 20.875
20150912 14:20 20.875
20150912 14:30 21.625
20150912 14:40 21.375
20150912 14:50 21.375
20150912 15:00 21.25
20150912 15:10 20.75
20150912 15:20 21.25
20150912 15:30 21.25
20150912 15:40 20.25
20150912 15:50 20.875
20150912 16:00 22
20150912 16:10 21.375
20150912 16:20 20
20150912 16:30 20.25
20150912 16:40 20.25
20150912 16:50 20.125
20150912 17:00 21.75
20150912 17:10 20.5
20150912 17:20 20.25
20150912 17:30 19.5
20150912 17:40 19.5
20150912 17:50 19.25
20150912 18:00 19
20150912 18:10 18.75
20150912 18:20 18.375
20150912 18:30 18.25
20150912 18:40 18.125
20150912 18:50 18.125
20150912 19:00 17.875
20150912 19:10 17.625
20150912 19:20 17.625
20150912 19:30 17.375
20150912 19:40 17.125
20150912 19:50 17
20150912 20:00 16.875
20150912 20:10 16.625
20150912 20:20 16.375
20150912 20:30 16.25
20150912 20:40 16.125
20150912 20:50 16.125
20150912 21:00 16.25
20150912 21:10 16.25
20150912 21:20 16.25
20150912 21:30 16.125
20150912 21:40 15.875
20150912 21:50 15.875
20150912 22:00 15.875
20150912 22:10 16
20150912 22:20 15.875
20150912 22:30 15.75
20150912 22:40 15.75
20150912 22:50 15.75
20150912 23:00 15.75
20150912 23:10 15.625
20150912 23:20 15.5
20150912 23:30 15.375
20150912 23:40 15.375
20150912 23:50 15.5
