YYYYMMDD HH:MM measured temperature
20150503 00:00 4.75
20150503 00:10 4.5
20150503 00:20 4.5
20150503 00:30 4.375
20150503 00:40 4.25
20150503 00:50 4.375
20150503 01:00 4.125
20150503 01:10 4.125
20150503 01:20 4
20150503 01:30 4.125
20150503 01:40 3.875
20150503 01:50 3.875
20150503 02:00 3.75
20150503 02:10 3.75
20150503 02:20 3.75
20150503 02:30 3.5
20150503 02:40 3.5
20150503 02:50 3.375
20150503 03:00 3.25
20150503 03:10 3
20150503 03:20 3
20150503 03:30 2.625
20150503 03:40 2.625
20150503 03:50 2.875
20150503 04:00 2.875
20150503 04:10 3
20150503 04:20 3.125
20150503 04:30 3.5
20150503 04:40 3.875
20150503 04:50 4
20150503 05:00 4.125
20150503 05:10 4.125
20150503 05:20 4.125
20150503 05:30 4.125
20150503 05:40 4
20150503 05:50 3.875
20150503 06:00 3.875
20150503 06:10 4
20150503 06:20 4.25
20150503 06:30 4.5
20150503 06:40 5
20150503 06:50 5.5
20150503 07:00 5.75
20150503 07:10 5.75
20150503 07:20 5.875
20150503 07:30 6.25
20150503 07:40 6.5
20150503 07:50 7.125
20150503 08:00 7.75
20150503 08:10 8.5
20150503 08:20 9.375
20150503 08:30 9.375
20150503 08:40 9.625
20150503 08:50 10.625
20150503 09:00 10.75
20150503 09:10 11.125
20150503 09:20 12
20150503 09:30 12.75
20150503 09:40 13.125
20150503 09:50 13.5
20150503 10:00 13.75
20150503 10:10 13.375
20150503 10:20 14.125
20150503 10:30 16.125
20150503 10:40 16.75
20150503 10:50 16.625
20150503 11:00 16.75
20150503 11:10 17.25
20150503 11:20 16.125
20150503 11:30 17.25
20150503 11:40 17.875
20150503 11:50 17.875
20150503 12:00 18
20150503 12:10 17.625
20150503 12:20 18
20150503 12:30 19.5
20150503 12:40 19.5
20150503 12:50 19
20150503 13:00 19.375
20150503 13:10 19.5
20150503 13:20 19.5
20150503 13:30 20.625
20150503 13:40 19.125
20150503 13:50 19
20150503 14:00 19.375
20150503 14:10 18.5
20150503 14:20 18
20150503 14:30 17.875
20150503 14:40 18.25
20150503 14:50 18.5
20150503 15:00 19
20150503 15:10 18.875
20150503 15:20 18.625
20150503 15:30 18.875
20150503 15:40 18.875
20150503 15:50 18.5
20150503 16:00 18.25
20150503 16:10 18.625
20150503 16:20 18.375
20150503 16:30 18
20150503 16:40 18
20150503 16:50 17.625
20150503 17:00 17.5
20150503 17:10 17.375
20150503 17:20 17.25
20150503 17:30 17.125
20150503 17:40 17
20150503 17:50 17
20150503 18:00 16.75
20150503 18:10 16.5
20150503 18:20 16.25
20150503 18:30 15.625
20150503 18:40 15.25
20150503 18:50 14.75
20150503 19:00 14.5
20150503 19:10 14
20150503 19:20 13.875
20150503 19:30 13.75
20150503 19:40 13.625
20150503 19:50 13.5
20150503 20:00 13.25
20150503 20:10 13.25
20150503 20:20 13.125
20150503 20:30 13.125
20150503 20:40 13.125
20150503 20:50 13.125
20150503 21:00 13
20150503 21:10 13
20150503 21:20 13.125
20150503 21:30 13.125
20150503 21:40 13.125
20150503 21:50 13.25
20150503 22:00 13.125
20150503 22:10 13.125
20150503 22:20 13.25
20150503 22:30 13.25
20150503 22:40 13.25
20150503 22:50 13.375
20150503 23:00 13.375
20150503 23:10 13.5
20150503 23:20 13.625
20150503 23:30 13.625
20150503 23:40 13.625
20150503 23:50 13.625
