YYYYMMDD HH:MM measured temperature
20150620 00:00 10.25
20150620 00:10 10.375
20150620 00:20 10.375
20150620 00:30 10.25
20150620 00:40 10.25
20150620 00:50 10.25
20150620 01:00 10.25
20150620 01:10 10.25
20150620 01:20 10.125
20150620 01:30 10.125
20150620 01:40 10
20150620 01:50 10.125
20150620 02:00 10.125
20150620 02:10 10
20150620 02:20 10
20150620 02:30 10
20150620 02:40 10
20150620 02:50 10.125
20150620 03:00 10
20150620 03:10 10
20150620 03:20 10.125
20150620 03:30 10
20150620 03:40 10
20150620 03:50 10
20150620 04:00 10
20150620 04:10 10
20150620 04:20 10
20150620 04:30 10
20150620 04:40 10
20150620 04:50 10
20150620 05:00 10
20150620 05:10 10
20150620 05:20 10.125
20150620 05:30 10.125
20150620 05:40 10.25
20150620 05:50 10.25
20150620 06:00 10.25
20150620 06:10 10.375
20150620 06:20 10.375
20150620 06:30 10.375
20150620 06:40 10.375
20150620 06:50 10.5
20150620 07:00 10.375
20150620 07:10 10.375
20150620 07:20 10.625
20150620 07:30 10.75
20150620 07:40 10.75
20150620 07:50 11
20150620 08:00 11.375
20150620 08:10 11.375
20150620 08:20 11.625
20150620 08:30 12
20150620 08:40 12.125
20150620 08:50 12.25
20150620 09:00 12.125
20150620 09:10 12.5
20150620 09:20 13
20150620 09:30 14
20150620 09:40 14.25
20150620 09:50 13.75
20150620 10:00 13.25
20150620 10:10 13.375
20150620 10:20 13.75
20150620 10:30 13.25
20150620 10:40 13
20150620 10:50 13.5
20150620 11:00 14.25
20150620 11:10 14.375
20150620 11:20 13.5
20150620 11:30 13.375
20150620 11:40 13.5
20150620 11:50 13.25
20150620 12:00 13.75
20150620 12:10 13.625
20150620 12:20 13.625
20150620 12:30 13.5
20150620 12:40 13.125
20150620 12:50 13
20150620 13:00 14
20150620 13:10 14.25
20150620 13:20 14.5
20150620 13:30 13.5
20150620 13:40 13.75
20150620 13:50 14.875
20150620 14:00 15.125
20150620 14:10 15.5
20150620 14:20 15.625
20150620 14:30 15
20150620 14:40 15.375
20150620 14:50 15
20150620 15:00 14.5
20150620 15:10 13.375
20150620 15:20 13.625
20150620 15:30 14.25
20150620 15:40 14.5
20150620 15:50 15
20150620 16:00 15.375
20150620 16:10 14.625
20150620 16:20 14.875
20150620 16:30 15.25
20150620 16:40 14.75
20150620 16:50 15.625
20150620 17:00 15
20150620 17:10 14.875
20150620 17:20 14.125
20150620 17:30 14.5
20150620 17:40 14.125
20150620 17:50 14.375
20150620 18:00 14.75
20150620 18:10 14.625
20150620 18:20 14.5
20150620 18:30 14.625
20150620 18:40 14
20150620 18:50 14.375
20150620 19:00 14.375
20150620 19:10 13.75
20150620 19:20 13.5
20150620 19:30 13.25
20150620 19:40 13.25
20150620 19:50 13.375
20150620 20:00 13.125
20150620 20:10 13
20150620 20:20 12.875
20150620 20:30 12.75
20150620 20:40 12.625
20150620 20:50 12.5
20150620 21:00 12.5
20150620 21:10 12.25
20150620 21:20 12.25
20150620 21:30 12.125
20150620 21:40 12.125
20150620 21:50 12
20150620 22:00 12
20150620 22:10 11.875
20150620 22:20 11.875
20150620 22:30 11.5
20150620 22:40 11.125
20150620 22:50 10.625
20150620 23:00 10.125
20150620 23:10 9.875
20150620 23:20 9.625
20150620 23:30 9.375
20150620 23:40 9.125
20150620 23:50 9
