YYYYMMDD HH:MM measured temperature
20151127 00:00 2
20151127 00:10 1.25
20151127 00:20 1.75
20151127 00:30 2
20151127 00:40 2
20151127 00:50 1.625
20151127 01:00 1.125
20151127 01:10 1.375
20151127 01:20 1
20151127 01:30 1
20151127 01:40 0.875
20151127 01:50 0.875
20151127 02:00 0.875
20151127 02:10 0.625
20151127 02:20 0.75
20151127 02:30 0.75
20151127 02:40 0.625
20151127 02:50 0.5
20151127 03:00 0.375
20151127 03:10 0.375
20151127 03:20 0.25
20151127 03:30 0.75
20151127 03:40 0.75
20151127 03:50 0.75
20151127 04:00 0.75
20151127 04:10 0.75
20151127 04:20 0.875
20151127 04:30 0.625
20151127 04:40 0.625
20151127 04:50 0.625
20151127 05:00 0.625
20151127 05:10 0.5
20151127 05:20 0.625
20151127 05:30 0.5
20151127 05:40 0.375
20151127 05:50 0.625
20151127 06:00 0.375
20151127 06:10 0.5
20151127 06:20 0.75
20151127 06:30 0.625
20151127 06:40 0.75
20151127 06:50 0.875
20151127 07:00 0.625
20151127 07:10 0.875
20151127 07:20 0.75
20151127 07:30 1
20151127 07:40 1
20151127 07:50 1
20151127 08:00 1
20151127 08:10 1
20151127 08:20 1.125
20151127 08:30 1.25
20151127 08:40 1.375
20151127 08:50 1.375
20151127 09:00 1.5
20151127 09:10 1.75
20151127 09:20 1.875
20151127 09:30 2
20151127 09:40 2.125
20151127 09:50 2.25
20151127 10:00 2.625
20151127 10:10 2.75
20151127 10:20 3
20151127 10:30 3.125
20151127 10:40 3.375
20151127 10:50 3.625
20151127 11:00 3.875
20151127 11:10 4.25
20151127 11:20 4.375
20151127 11:30 4.375
20151127 11:40 4.625
20151127 11:50 4.75
20151127 12:00 5.25
20151127 12:10 5
20151127 12:20 5.125
20151127 12:30 5.25
20151127 12:40 5.375
20151127 12:50 5.875
20151127 13:00 7
20151127 13:10 7.125
20151127 13:20 7.25
20151127 13:30 7
20151127 13:40 7.25
20151127 13:50 6.625
20151127 14:00 6.875
20151127 14:10 7.25
20151127 14:20 7.25
20151127 14:30 7
20151127 14:40 6.25
20151127 14:50 6
20151127 15:00 6
20151127 15:10 5.75
20151127 15:20 5.625
20151127 15:30 5.5
20151127 15:40 5.375
20151127 15:50 5.25
20151127 16:00 5
20151127 16:10 5
20151127 16:20 4.875
20151127 16:30 4.875
20151127 16:40 5
20151127 16:50 5
20151127 17:00 4.75
20151127 17:10 4.75
20151127 17:20 4.75
20151127 17:30 4.625
20151127 17:40 4.625
20151127 17:50 4.5
20151127 18:00 4.375
20151127 18:10 4.5
20151127 18:20 4.375
20151127 18:30 4.375
20151127 18:40 4.375
20151127 18:50 4.375
20151127 19:00 4.375
20151127 19:10 4.375
20151127 19:20 4.5
20151127 19:30 4.5
20151127 19:40 4.5
20151127 19:50 4.5
20151127 20:00 4.625
20151127 20:10 4.5
20151127 20:20 4.375
20151127 20:30 4.5
20151127 20:40 4.5
20151127 20:50 4.5
20151127 21:00 4.375
20151127 21:10 4.375
20151127 21:20 4.375
20151127 21:30 4.25
20151127 21:40 4.25
20151127 21:50 4.25
20151127 22:00 4.25
20151127 22:10 4.25
20151127 22:20 4.25
20151127 22:30 4.25
20151127 22:40 4.25
20151127 22:50 4.25
20151127 23:00 4.25
20151127 23:10 4.25
20151127 23:20 4.125
20151127 23:30 4.125
20151127 23:40 4
20151127 23:50 4
