YYYYMMDD HH:MM measured temperature
20150906 00:00 10.375
20150906 00:10 10.375
20150906 00:20 10.375
20150906 00:30 10.5
20150906 00:40 10.5
20150906 00:50 10.5
20150906 01:00 10.25
20150906 01:10 10.125
20150906 01:20 10.25
20150906 01:30 10.4375
20150906 01:40 10.5625
20150906 01:50 10.5
20150906 02:00 10.625
20150906 02:10 10.5
20150906 02:20 10.8125
20150906 02:30 10.8125
20150906 02:40 10.75
20150906 02:50 10.75
20150906 03:00 10.6875
20150906 03:10 10.5
20150906 03:20 10.4375
20150906 03:30 10.4375
20150906 03:40 10.25
20150906 03:50 9.875
20150906 04:00 9.9375
20150906 04:10 10.0625
20150906 04:20 10.0625
20150906 04:30 85
20150906 04:40 10.3125
20150906 04:50 10.375
20150906 05:00 10.375
20150906 05:10 85
20150906 05:20 10.3125
20150906 05:30 10.5
20150906 05:40 10.8125
20150906 05:50 10.875
20150906 06:00 10.75
20150906 06:10 10.8125
20150906 06:20 10.8125
20150906 06:30 85
20150906 06:40 10.875
20150906 06:50 11
20150906 07:00 11.125
20150906 07:10 11.125
20150906 07:20 11.1875
20150906 07:30 11.25
20150906 07:40 11.375
20150906 07:50 11.3125
20150906 08:00 11.375
20150906 08:10 11.375
20150906 08:20 11.4375
20150906 08:30 11.5
20150906 08:40 11.5
20150906 08:50 11.8125
20150906 09:00 12.0625
20150906 09:10 12.0625
20150906 09:20 85
20150906 09:30 12.25
20150906 09:40 12.625
20150906 09:50 12.9375
20150906 10:00 12.9375
20150906 10:10 12.9375
20150906 10:20 85
20150906 10:30 13.6875
20150906 10:40 14.25
20150906 10:50 14.375
20150906 11:00 13
20150906 11:10 12.5625
20150906 11:20 13
20150906 11:30 13
20150906 11:40 13.25
20150906 11:50 13.75
20150906 12:00 14.125
20150906 12:10 14.5
20150906 12:20 14.875
20150906 12:30 16.125
20150906 12:40 16.125
20150906 12:50 15.625
20150906 13:00 14.625
20150906 13:10 16.125
20150906 13:20 17
20150906 13:30 17.125
20150906 13:40 16.875
20150906 13:50 16.5
20150906 14:00 16.875
20150906 14:10 16.375
20150906 14:20 16.5
20150906 14:30 15.125
20150906 14:40 14.625
20150906 14:50 16.375
20150906 15:00 16.625
20150906 15:10 13.25
20150906 15:20 15
20150906 15:30 16.75
20150906 15:40 18.125
20150906 15:50 17.375
20150906 16:00 17.625
20150906 16:10 15.875
20150906 16:20 15.375
20150906 16:30 15.75
20150906 16:40 16.25
20150906 16:50 16.5
20150906 17:00 15.25
20150906 17:10 14.75
20150906 17:20 14.75
20150906 17:30 15.125
20150906 17:40 15.125
20150906 17:50 14.25
20150906 18:00 14.25
20150906 18:10 13.75
20150906 18:20 13.25
20150906 18:30 13.5
20150906 18:40 13.5
20150906 18:50 13.625
20150906 19:00 13.625
20150906 19:10 13.5
20150906 19:20 13.125
20150906 19:30 12.875
20150906 19:40 12.625
20150906 19:50 12.25
20150906 20:00 12
20150906 20:10 11.75
20150906 20:20 11.5
20150906 20:30 11.25
20150906 20:40 10.875
20150906 20:50 10.25
20150906 21:00 10.125
20150906 21:10 10
20150906 21:20 10.125
20150906 21:30 10.25
20150906 21:40 10.625
20150906 21:50 10.875
20150906 22:00 11.125
20150906 22:10 11.25
20150906 22:20 11.375
20150906 22:30 11.5
20150906 22:40 11.5
20150906 22:50 11.5
20150906 23:00 11.5
20150906 23:10 11.625
20150906 23:20 11.75
20150906 23:30 11.625
20150906 23:40 11.625
20150906 23:50 11.625
