YYYYMMDD HH:MM measured temperature
20151223 00:00 13.25
20151223 00:10 13.25
20151223 00:20 13.125
20151223 00:30 13
20151223 00:40 13
20151223 00:50 13
20151223 01:00 13
20151223 01:10 13
20151223 01:20 13
20151223 01:30 13.125
20151223 01:40 13
20151223 01:50 13
20151223 02:00 13
20151223 02:10 13
20151223 02:20 12.875
20151223 02:30 12.875
20151223 02:40 12.75
20151223 02:50 12.75
20151223 03:00 12.75
20151223 03:10 12.75
20151223 03:20 12.625
20151223 03:30 12.625
20151223 03:40 12.75
20151223 03:50 12.75
20151223 04:00 12.625
20151223 04:10 12.625
20151223 04:20 12.5
20151223 04:30 12.625
20151223 04:40 12.375
20151223 04:50 12.5
20151223 05:00 12.5
20151223 05:10 12.375
20151223 05:20 12.125
20151223 05:30 11.75
20151223 05:40 11.75
20151223 05:50 11.75
20151223 06:00 11.75
20151223 06:10 11.75
20151223 06:20 11.75
20151223 06:30 11.75
20151223 06:40 11.875
20151223 06:50 11.75
20151223 07:00 11.75
20151223 07:10 11.75
20151223 07:20 11.5
20151223 07:30 11.5
20151223 07:40 11.375
20151223 07:50 11.5
20151223 08:00 11.25
20151223 08:10 11.375
20151223 08:20 11.375
20151223 08:30 11.375
20151223 08:40 11.25
20151223 08:50 11.125
20151223 09:00 11.125
20151223 09:10 11
20151223 09:20 11
20151223 09:30 10.875
20151223 09:40 10.875
20151223 09:50 11
20151223 10:00 11
20151223 10:10 11.125
20151223 10:20 11.25
20151223 10:30 11.5
20151223 10:40 11.75
20151223 10:50 11.75
20151223 11:00 11.625
20151223 11:10 12
20151223 11:20 12.375
20151223 11:30 12.625
20151223 11:40 13
20151223 11:50 12.375
20151223 12:00 11.625
20151223 12:10 11.625
20151223 12:20 11.75
20151223 12:30 12
20151223 12:40 11.75
20151223 12:50 12.25
20151223 13:00 11.75
20151223 13:10 11.625
20151223 13:20 11.375
20151223 13:30 11.625
20151223 13:40 11.625
20151223 13:50 10.375
20151223 14:00 10.75
20151223 14:10 11.75
20151223 14:20 11.875
20151223 14:30 11.5
20151223 14:40 11
20151223 14:50 10.75
20151223 15:00 10.5
20151223 15:10 10.125
20151223 15:20 10
20151223 15:30 9.625
20151223 15:40 9.75
20151223 15:50 9.5
20151223 16:00 9.25
20151223 16:10 9.25
20151223 16:20 9.125
20151223 16:30 8.875
20151223 16:40 8.75
20151223 16:50 8.625
20151223 17:00 8.25
20151223 17:10 8.125
20151223 17:20 8.125
20151223 17:30 8.125
20151223 17:40 7.875
20151223 17:50 7.5
20151223 18:00 7.625
20151223 18:10 7.625
20151223 18:20 7.75
20151223 18:30 7.625
20151223 18:40 7.375
20151223 18:50 7.25
20151223 19:00 7.375
20151223 19:10 7.625
20151223 19:20 7.5
20151223 19:30 7.125
20151223 19:40 7.375
20151223 19:50 7.25
20151223 20:00 7.25
20151223 20:10 7.125
20151223 20:20 7
20151223 20:30 6.5
20151223 20:40 6.375
20151223 20:50 6
20151223 21:00 6
20151223 21:10 6.375
20151223 21:20 6.125
20151223 21:30 5.875
20151223 21:40 5.875
20151223 21:50 5.75
20151223 22:00 5.5
20151223 22:10 5.625
20151223 22:20 5.5
20151223 22:30 5.75
20151223 22:40 6
20151223 22:50 6
20151223 23:00 6
20151223 23:10 6
20151223 23:20 6.125
20151223 23:30 5.75
20151223 23:40 5.75
20151223 23:50 5.75
