YYYYMMDD HH:MM measured temperature
20151020 00:00 3.25
20151020 00:10 3.125
20151020 00:20 3.125
20151020 00:30 3
20151020 00:40 3.125
20151020 00:50 3.25
20151020 01:00 2.875
20151020 01:10 3.125
20151020 01:20 2.875
20151020 01:30 3
20151020 01:40 2.875
20151020 01:50 2.625
20151020 02:00 2.75
20151020 02:10 2.75
20151020 02:20 2.5
20151020 02:30 2.5
20151020 02:40 2.375
20151020 02:50 2.25
20151020 03:00 2.5
20151020 03:10 2.5
20151020 03:20 2.5
20151020 03:30 2.5
20151020 03:40 2.625
20151020 03:50 2.5
20151020 04:00 2.625
20151020 04:10 2.875
20151020 04:20 3.125
20151020 04:30 3.25
20151020 04:40 3.25
20151020 04:50 3.375
20151020 05:00 3.625
20151020 05:10 3.75
20151020 05:20 3.75
20151020 05:30 3.75
20151020 05:40 3.75
20151020 05:50 3.75
20151020 06:00 3.75
20151020 06:10 3.5
20151020 06:20 3.625
20151020 06:30 3.5
20151020 06:40 3.5
20151020 06:50 3.75
20151020 07:00 4
20151020 07:10 3.875
20151020 07:20 3.75
20151020 07:30 3.875
20151020 07:40 3.875
20151020 07:50 4
20151020 08:00 3.75
20151020 08:10 3.5
20151020 08:20 3.75
20151020 08:30 3.875
20151020 08:40 4
20151020 08:50 4.125
20151020 09:00 3.875
20151020 09:10 3.625
20151020 09:20 3.75
20151020 09:30 3.625
20151020 09:40 4
20151020 09:50 4
20151020 10:00 3.625
20151020 10:10 4
20151020 10:20 4.125
20151020 10:30 4.5
20151020 10:40 4.875
20151020 10:50 5.125
20151020 11:00 5.5
20151020 11:10 5.5
20151020 11:20 6
20151020 11:30 6.125
20151020 11:40 6.375
20151020 11:50 6.625
20151020 12:00 6.75
20151020 12:10 6.75
20151020 12:20 7.25
20151020 12:30 7.75
20151020 12:40 8.5
20151020 12:50 8.625
20151020 13:00 8.625
20151020 13:10 8.5
20151020 13:20 8.75
20151020 13:30 9.375
20151020 13:40 9.25
20151020 13:50 9
20151020 14:00 9.75
20151020 14:10 9.75
20151020 14:20 10.125
20151020 14:30 10.875
20151020 14:40 11.25
20151020 14:50 10.5
20151020 15:00 10.625
20151020 15:10 10.75
20151020 15:20 10.125
20151020 15:30 10.5
20151020 15:40 10.25
20151020 15:50 9.875
20151020 16:00 10.5
20151020 16:10 10.25
20151020 16:20 9.875
20151020 16:30 9.875
20151020 16:40 9.75
20151020 16:50 9.75
20151020 17:00 9.5
20151020 17:10 9.375
20151020 17:20 9.25
20151020 17:30 9.25
20151020 17:40 9.25
20151020 17:50 9.125
20151020 18:00 9
20151020 18:10 8.875
20151020 18:20 8.875
20151020 18:30 8.75
20151020 18:40 8.75
20151020 18:50 8.5
20151020 19:00 8.5
20151020 19:10 8.5
20151020 19:20 8.5
20151020 19:30 8.5
20151020 19:40 8.5
20151020 19:50 8.5
20151020 20:00 8.375
20151020 20:10 8.375
20151020 20:20 8.375
20151020 20:30 8.25
20151020 20:40 8.25
20151020 20:50 8.375
20151020 21:00 8.5
20151020 21:10 8.375
20151020 21:20 8.25
20151020 21:30 8.25
20151020 21:40 8
20151020 21:50 7.75
20151020 22:00 7.75
20151020 22:10 7.5
20151020 22:20 7.5
20151020 22:30 7.5
20151020 22:40 7.625
20151020 22:50 7.375
20151020 23:00 7.25
20151020 23:10 7.375
20151020 23:20 7.5
20151020 23:30 7.625
20151020 23:40 7.625
20151020 23:50 7.625
