YYYYMMDD HH:MM measured temperature
20150915 00:00 14
20150915 00:10 14
20150915 00:20 14.125
20150915 00:30 14.125
20150915 00:40 14.25
20150915 00:50 13.875
20150915 01:00 13.75
20150915 01:10 13.5
20150915 01:20 13.625
20150915 01:30 13.5
20150915 01:40 13.25
20150915 01:50 13.25
20150915 02:00 13
20150915 02:10 12.75
20150915 02:20 12.375
20150915 02:30 12.375
20150915 02:40 12.125
20150915 02:50 12
20150915 03:00 11.75
20150915 03:10 11.625
20150915 03:20 11.375
20150915 03:30 11.25
20150915 03:40 11.125
20150915 03:50 10.875
20150915 04:00 10.75
20150915 04:10 10.75
20150915 04:20 10.75
20150915 04:30 10.75
20150915 04:40 10.875
20150915 04:50 10.75
20150915 05:00 10.75
20150915 05:10 10.625
20150915 05:20 10.5
20150915 05:30 10.375
20150915 05:40 10.25
20150915 05:50 10.25
20150915 06:00 10.25
20150915 06:10 10.25
20150915 06:20 10
20150915 06:30 9.875
20150915 06:40 9.875
20150915 06:50 9.75
20150915 07:00 9.75
20150915 07:10 9.75
20150915 07:20 9.75
20150915 07:30 9.75
20150915 07:40 10
20150915 07:50 10
20150915 08:00 10.25
20150915 08:10 10.375
20150915 08:20 10.5
20150915 08:30 11.125
20150915 08:40 11.375
20150915 08:50 11.875
20150915 09:00 12.25
20150915 09:10 12.75
20150915 09:20 13.125
20150915 09:30 12.75
20150915 09:40 13.875
20150915 09:50 13.5
20150915 10:00 14
20150915 10:10 13.875
20150915 10:20 13.5
20150915 10:30 13.75
20150915 10:40 13.375
20150915 10:50 13.25
20150915 11:00 13.5
20150915 11:10 13.125
20150915 11:20 13.25
20150915 11:30 13.5
20150915 11:40 14
20150915 11:50 14.25
20150915 12:00 14.25
20150915 12:10 14.375
20150915 12:20 14.375
20150915 12:30 14.375
20150915 12:40 14.375
20150915 12:50 14.875
20150915 13:00 14.25
20150915 13:10 14.375
20150915 13:20 14.375
20150915 13:30 14.125
20150915 13:40 14.625
20150915 13:50 14.625
20150915 14:00 14.25
20150915 14:10 14.125
20150915 14:20 13.375
20150915 14:30 13.75
20150915 14:40 14.5
20150915 14:50 13.25
20150915 15:00 11.875
20150915 15:10 11.25
20150915 15:20 12.875
20150915 15:30 12.875
20150915 15:40 12.375
20150915 15:50 13
20150915 16:00 13.75
20150915 16:10 14.25
20150915 16:20 14.875
20150915 16:30 15.5
20150915 16:40 15.375
20150915 16:50 15.375
20150915 17:00 15.75
20150915 17:10 15.25
20150915 17:20 15.625
20150915 17:30 15.625
20150915 17:40 15.5
20150915 17:50 15.125
20150915 18:00 15
20150915 18:10 14.875
20150915 18:20 14.625
20150915 18:30 14.75
20150915 18:40 14.75
20150915 18:50 14.75
20150915 19:00 14.5
20150915 19:10 14.375
20150915 19:20 14.25
20150915 19:30 14.25
20150915 19:40 14.125
20150915 19:50 14.125
20150915 20:00 14.25
20150915 20:10 14.5
20150915 20:20 14.625
20150915 20:30 14.75
20150915 20:40 14.875
20150915 20:50 14.875
20150915 21:00 14.75
20150915 21:10 14.75
20150915 21:20 14.625
20150915 21:30 14.5
20150915 21:40 14.5
20150915 21:50 14.5
20150915 22:00 14.375
20150915 22:10 14.375
20150915 22:20 14.5
20150915 22:30 14.25
20150915 22:40 14.125
20150915 22:50 13.75
20150915 23:00 13.5
20150915 23:10 13
20150915 23:20 12.5
20150915 23:30 12
20150915 23:40 11.875
20150915 23:50 11.875
