YYYYMMDD HH:MM measured temperature
20151106 00:00 11.875
20151106 00:10 11.875
20151106 00:20 12
20151106 00:30 12
20151106 00:40 12
20151106 00:50 12
20151106 01:00 12
20151106 01:10 12
20151106 01:20 12
20151106 01:30 11.875
20151106 01:40 12
20151106 01:50 12
20151106 02:00 12.125
20151106 02:10 12.125
20151106 02:20 12.375
20151106 02:30 12.375
20151106 02:40 12.375
20151106 02:50 12.375
20151106 03:00 12.25
20151106 03:10 12.25
20151106 03:20 12.25
20151106 03:30 12
20151106 03:40 12
20151106 03:50 11.875
20151106 04:00 12
20151106 04:10 11.875
20151106 04:20 11.875
20151106 04:30 11.875
20151106 04:40 11.875
20151106 04:50 11.875
20151106 05:00 11.875
20151106 05:10 12
20151106 05:20 12
20151106 05:30 12
20151106 05:40 12.125
20151106 05:50 12
20151106 06:00 12.125
20151106 06:10 12.125
20151106 06:20 12.25
20151106 06:30 12.25
20151106 06:40 12.25
20151106 06:50 12.25
20151106 07:00 12.25
20151106 07:10 12.375
20151106 07:20 12.375
20151106 07:30 12.375
20151106 07:40 12.375
20151106 07:50 12.5
20151106 08:00 12.5
20151106 08:10 12.625
20151106 08:20 12.625
20151106 08:30 12.625
20151106 08:40 12.625
20151106 08:50 12.75
20151106 09:00 12.75
20151106 09:10 12.875
20151106 09:20 12.875
20151106 09:30 13
20151106 09:40 13
20151106 09:50 13
20151106 10:00 13.125
20151106 10:10 13.25
20151106 10:20 13.25
20151106 10:30 13.375
20151106 10:40 13.5
20151106 10:50 13.5
20151106 11:00 13.625
20151106 11:10 13.75
20151106 11:20 13.875
20151106 11:30 14
20151106 11:40 14.125
20151106 11:50 14
20151106 12:00 14
20151106 12:10 14.25
20151106 12:20 14.25
20151106 12:30 14.375
20151106 12:40 14.5
20151106 12:50 14.75
20151106 13:00 14.625
20151106 13:10 14.625
20151106 13:20 14.625
20151106 13:30 14.625
20151106 13:40 14.625
20151106 13:50 14.625
20151106 14:00 14.5
20151106 14:10 14.625
20151106 14:20 14.625
20151106 14:30 14.5
20151106 14:40 14.5
20151106 14:50 14.375
20151106 15:00 14.25
20151106 15:10 14.25
20151106 15:20 14.5
20151106 15:30 14.5
20151106 15:40 14.375
20151106 15:50 14.375
20151106 16:00 14.25
20151106 16:10 14.25
20151106 16:20 14.125
20151106 16:30 14
20151106 16:40 14.125
20151106 16:50 13.875
20151106 17:00 14
20151106 17:10 14
20151106 17:20 13.875
20151106 17:30 13.875
20151106 17:40 13.75
20151106 17:50 13.75
20151106 18:00 13.75
20151106 18:10 13.75
20151106 18:20 13.875
20151106 18:30 13.875
20151106 18:40 13.875
20151106 18:50 14
20151106 19:00 13.75
20151106 19:10 13.625
20151106 19:20 13.625
20151106 19:30 13.5
20151106 19:40 13.375
20151106 19:50 13.5
20151106 20:00 13.625
20151106 20:10 13.625
20151106 20:20 13.625
20151106 20:30 13.625
20151106 20:40 13.625
20151106 20:50 13.75
20151106 21:00 13.75
20151106 21:10 13.75
20151106 21:20 13.875
20151106 21:30 13.875
20151106 21:40 13.875
20151106 21:50 13.75
20151106 22:00 13.625
20151106 22:10 13.625
20151106 22:20 13.5
20151106 22:30 13.375
20151106 22:40 13.375
20151106 22:50 13.375
20151106 23:00 13.25
20151106 23:10 13.25
20151106 23:20 13.25
20151106 23:30 13.375
20151106 23:40 13.375
20151106 23:50 13.5
