YYYYMMDD HH:MM measured temperature
20150114 00:00 17.5
20150114 00:10 17.5
20150114 00:20 17.375
20150114 00:30 17.5
20150114 00:40 17.375
20150114 00:50 17.3125
20150114 01:00 17.375
20150114 01:10 17.3125
20150114 01:20 17.3125
20150114 01:30 17.3125
20150114 01:40 17.25
20150114 01:50 17.25
20150114 02:00 17.25
20150114 02:10 17.25
20150114 02:20 17.25
20150114 02:30 17.25
20150114 02:40 17.25
20150114 02:50 17.25
20150114 03:00 17.1875
20150114 03:10 17.25
20150114 03:20 17.125
20150114 03:30 17.125
20150114 03:40 17.125
20150114 03:50 17
20150114 04:00 17
20150114 04:10 16.9375
20150114 04:20 16.9375
20150114 04:30 16.9375
20150114 04:40 16.9375
20150114 04:50 16.875
20150114 05:00 16.875
20150114 05:10 16.8125
20150114 05:20 16.75
20150114 05:30 16.75
20150114 05:40 16.75
20150114 05:50 16.6875
20150114 06:00 16.75
20150114 06:10 16.625
20150114 06:20 16.75
20150114 06:30 16.75
20150114 06:40 16.875
20150114 06:50 16.875
20150114 07:00 17
20150114 07:10 17
20150114 07:20 17
20150114 07:30 17
20150114 07:40 17
20150114 07:50 17.0625
20150114 08:00 17.125
20150114 08:10 17.0625
20150114 08:20 17.125
20150114 08:30 17
20150114 08:40 17
20150114 08:50 17
20150114 09:00 17.125
20150114 09:10 17.0625
20150114 09:20 17.125
20150114 09:30 17.125
20150114 09:40 17.125
20150114 09:50 17.125
20150114 10:00 17.125
20150114 10:10 17.125
20150114 10:20 17.125
20150114 10:30 17.125
20150114 10:40 17.1875
20150114 10:50 17.25
20150114 11:00 17.125
20150114 11:10 17.125
20150114 11:20 17.125
20150114 11:30 17.125
20150114 11:40 17.125
20150114 11:50 17.125
20150114 12:00 17.125
20150114 12:10 17.125
20150114 12:20 17.125
20150114 12:30 17.125
20150114 12:40 17.125
20150114 12:50 17.125
20150114 13:00 17.0625
20150114 13:10 17.125
20150114 13:20 17.125
20150114 13:30 17.125
20150114 13:40 17.0625
20150114 13:50 17.125
20150114 14:00 17.125
20150114 14:10 17.125
20150114 14:20 17.25
20150114 14:30 17.125
20150114 14:40 17.125
20150114 14:50 17.25
20150114 15:00 17.25
20150114 15:10 17.3125
20150114 15:20 17.4375
20150114 15:30 18.25
20150114 15:40 19.3125
20150114 15:50 18
20150114 16:00 15.375
20150114 16:10 3.75
20150114 16:20 3.875
20150114 16:30 3.8125
20150114 16:40 4
20150114 16:50 4
20150114 17:00 3.625
20150114 17:10 1
20150114 17:20 0.875
20150114 17:30 1
20150114 17:40 1
20150114 17:50 1
20150114 18:00 1.125
20150114 18:10 1.125
20150114 18:20 1.25
20150114 18:30 1.5
20150114 18:40 1.5
20150114 18:50 1.625
20150114 19:00 1.625
20150114 19:10 1.5
20150114 19:20 1.5
20150114 19:30 1.625
20150114 19:40 1.625
20150114 19:50 1.5
20150114 20:00 1.375
20150114 20:10 1.375
20150114 20:20 1.375
20150114 20:30 1.375
20150114 20:40 1.375
20150114 20:50 1.5
20150114 21:00 1.5
20150114 21:10 1.625
20150114 21:20 1.5
20150114 21:30 1.625
20150114 21:40 1.625
20150114 21:50 2
20150114 22:00 2
20150114 22:10 2
20150114 22:20 2
20150114 22:30 2.125
20150114 22:40 2.125
20150114 22:50 2
20150114 23:00 1.875
20150114 23:10 1.75
20150114 23:20 1.75
20150114 23:30 1.625
20150114 23:40 1.5
20150114 23:50 1.5
