YYYYMMDD HH:MM measured temperature
20150123 00:00 -2.125
20150123 00:10 -2.375
20150123 00:20 -2.125
20150123 00:30 -2.25
20150123 00:40 -2.125
20150123 00:50 -2.375
20150123 01:00 -2.25
20150123 01:10 -2.375
20150123 01:20 -2.25
20150123 01:30 -2.375
20150123 01:40 -2.25
20150123 01:50 -2.25
20150123 02:00 -2.25
20150123 02:10 -2.125
20150123 02:20 -2.25
20150123 02:30 -2.25
20150123 02:40 -2.25
20150123 02:50 -2.25
20150123 03:00 -2.25
20150123 03:10 -2.125
20150123 03:20 -2.125
20150123 03:30 -2
20150123 03:40 -2.125
20150123 03:50 -2
20150123 04:00 -2
20150123 04:10 -2
20150123 04:20 -2.125
20150123 04:30 -2.125
20150123 04:40 -2.125
20150123 04:50 -2.125
20150123 05:00 -2.125
20150123 05:10 -2.125
20150123 05:20 -2
20150123 05:30 -2
20150123 05:40 -2.25
20150123 05:50 -2.375
20150123 06:00 -2.375
20150123 06:10 -2.5
20150123 06:20 -2.375
20150123 06:30 -2.25
20150123 06:40 -2.5
20150123 06:50 -2.375
20150123 07:00 -2.375
20150123 07:10 -2.75
20150123 07:20 -2.625
20150123 07:30 -2.625
20150123 07:40 -2.375
20150123 07:50 -2.25
20150123 08:00 -2.625
20150123 08:10 -2.625
20150123 08:20 -2.375
20150123 08:30 -2.375
20150123 08:40 -2.375
20150123 08:50 -2.5
20150123 09:00 -2.5
20150123 09:10 -2.625
20150123 09:20 -2.375
20150123 09:30 -2.375
20150123 09:40 -2.25
20150123 09:50 -2.25
20150123 10:00 -2.25
20150123 10:10 -2.375
20150123 10:20 -2.375
20150123 10:30 -2.375
20150123 10:40 -2.375
20150123 10:50 -2.125
20150123 11:00 -2.25
20150123 11:10 -2.375
20150123 11:20 -2.25
20150123 11:30 -2.25
20150123 11:40 -2.125
20150123 11:50 -1.875
20150123 12:00 -1.75
20150123 12:10 -1.75
20150123 12:20 -2
20150123 12:30 -1.75
20150123 12:40 -1.5
20150123 12:50 -1.625
20150123 13:00 -1.375
20150123 13:10 -1.625
20150123 13:20 -1.625
20150123 13:30 -1.5
20150123 13:40 -1.375
20150123 13:50 -1.5
20150123 14:00 -1.5
20150123 14:10 -1.25
20150123 14:20 -1.625
20150123 14:30 -1.625
20150123 14:40 -1.375
20150123 14:50 -1.5
20150123 15:00 -1.75
20150123 15:10 -1.75
20150123 15:20 -1.75
20150123 15:30 -1.75
20150123 15:40 -1.75
20150123 15:50 -1.875
20150123 16:00 -1.75
20150123 16:10 -2
20150123 16:20 -1.875
20150123 16:30 -2
20150123 16:40 -2.125
20150123 16:50 -2.25
20150123 17:00 -2
20150123 17:10 -2.125
20150123 17:20 -2
20150123 17:30 -2.125
20150123 17:40 -1.875
20150123 17:50 -2.125
20150123 18:00 -2.25
20150123 18:10 -2.25
20150123 18:20 -2.25
20150123 18:30 -2.25
20150123 18:40 -2.375
20150123 18:50 -2.25
20150123 19:00 -2.125
20150123 19:10 -2.125
20150123 19:20 -2.125
20150123 19:30 -2.125
20150123 19:40 -2.125
20150123 19:50 -2.25
20150123 20:00 -2.5
20150123 20:10 -2.375
20150123 20:20 -2.25
20150123 20:30 -2.25
20150123 20:40 -2.5
20150123 20:50 -2.375
20150123 21:00 -2.5
20150123 21:10 -2.375
20150123 21:20 -2.375
20150123 21:30 -2.25
20150123 21:40 -2.25
20150123 21:50 -2.25
20150123 22:00 -2.125
20150123 22:10 -2
20150123 22:20 -1.875
20150123 22:30 -1.875
20150123 22:40 -1.75
20150123 22:50 -1.625
20150123 23:00 -1.5
20150123 23:10 -1.375
20150123 23:20 -1.375
20150123 23:30 -1.375
20150123 23:40 -1.25
20150123 23:50 -1.125
