YYYYMMDD HH:MM measured temperature
20151222 00:00 9.25
20151222 00:10 9.25
20151222 00:20 9.25
20151222 00:30 9.25
20151222 00:40 9.375
20151222 00:50 8.875
20151222 01:00 9.125
20151222 01:10 8.625
20151222 01:20 8.75
20151222 01:30 8.75
20151222 01:40 8.5
20151222 01:50 8.5
20151222 02:00 8.5
20151222 02:10 8.625
20151222 02:20 8.5
20151222 02:30 8.625
20151222 02:40 8.25
20151222 02:50 7.875
20151222 03:00 7.875
20151222 03:10 8
20151222 03:20 7.875
20151222 03:30 7.75
20151222 03:40 7.75
20151222 03:50 7.625
20151222 04:00 7.5
20151222 04:10 7.5
20151222 04:20 7.875
20151222 04:30 8
20151222 04:40 8
20151222 04:50 8
20151222 05:00 8
20151222 05:10 7.875
20151222 05:20 8.125
20151222 05:30 7.875
20151222 05:40 7.875
20151222 05:50 7.875
20151222 06:00 7.875
20151222 06:10 7.875
20151222 06:20 7.75
20151222 06:30 7.75
20151222 06:40 8.125
20151222 06:50 8.125
20151222 07:00 8.375
20151222 07:10 8.5
20151222 07:20 8.5
20151222 07:30 8.5
20151222 07:40 8.375
20151222 07:50 8.5
20151222 08:00 8.625
20151222 08:10 8.875
20151222 08:20 9
20151222 08:30 9.25
20151222 08:40 9.5
20151222 08:50 9.5
20151222 09:00 9.5
20151222 09:10 9.5
20151222 09:20 9.625
20151222 09:30 9.625
20151222 09:40 9.875
20151222 09:50 10
20151222 10:00 10.25
20151222 10:10 10.375
20151222 10:20 10.5
20151222 10:30 10.625
20151222 10:40 10.625
20151222 10:50 10.75
20151222 11:00 10.75
20151222 11:10 10.875
20151222 11:20 11
20151222 11:30 11
20151222 11:40 11
20151222 11:50 11
20151222 12:00 11.125
20151222 12:10 11.125
20151222 12:20 11.25
20151222 12:30 11.25
20151222 12:40 11.375
20151222 12:50 11.375
20151222 13:00 11.375
20151222 13:10 11.375
20151222 13:20 11.375
20151222 13:30 11.5
20151222 13:40 11.5
20151222 13:50 11.625
20151222 14:00 11.625
20151222 14:10 11.75
20151222 14:20 11.75
20151222 14:30 11.75
20151222 14:40 11.875
20151222 14:50 11.875
20151222 15:00 11.75
20151222 15:10 11.875
20151222 15:20 12
20151222 15:30 12
20151222 15:40 12
20151222 15:50 12
20151222 16:00 12
20151222 16:10 12.125
20151222 16:20 12.25
20151222 16:30 12.25
20151222 16:40 12.375
20151222 16:50 12.375
20151222 17:00 12.5
20151222 17:10 12.5
20151222 17:20 12.625
20151222 17:30 12.375
20151222 17:40 12.25
20151222 17:50 12.375
20151222 18:00 12.375
20151222 18:10 12.5
20151222 18:20 12.5
20151222 18:30 12.375
20151222 18:40 12.5
20151222 18:50 12.375
20151222 19:00 12.5
20151222 19:10 12.875
20151222 19:20 12.75
20151222 19:30 12.75
20151222 19:40 12.875
20151222 19:50 12.75
20151222 20:00 12.625
20151222 20:10 12.75
20151222 20:20 12.75
20151222 20:30 13
20151222 20:40 13
20151222 20:50 13
20151222 21:00 13
20151222 21:10 13
20151222 21:20 13.125
20151222 21:30 13
20151222 21:40 12.875
20151222 21:50 13
20151222 22:00 13.125
20151222 22:10 13.125
20151222 22:20 13.125
20151222 22:30 13.125
20151222 22:40 13.125
20151222 22:50 13.125
20151222 23:00 13.25
20151222 23:10 13.25
20151222 23:20 13.125
20151222 23:30 13.125
20151222 23:40 13.125
20151222 23:50 13.125
