YYYYMMDD HH:MM measured temperature
20150223 00:00 3.625
20150223 00:10 3.625
20150223 00:20 3.5
20150223 00:30 3.5
20150223 00:40 3.375
20150223 00:50 3.375
20150223 01:00 3.25
20150223 01:10 3.25
20150223 01:20 3.25
20150223 01:30 3.25
20150223 01:40 3.375
20150223 01:50 3.25
20150223 02:00 3.375
20150223 02:10 3.25
20150223 02:20 3.25
20150223 02:30 3.375
20150223 02:40 3.375
20150223 02:50 3.5
20150223 03:00 3.5
20150223 03:10 3.5
20150223 03:20 3.5
20150223 03:30 3.5
20150223 03:40 3.625
20150223 03:50 3.75
20150223 04:00 3.875
20150223 04:10 3.875
20150223 04:20 3.875
20150223 04:30 3.625
20150223 04:40 3.125
20150223 04:50 2.625
20150223 05:00 2.25
20150223 05:10 2
20150223 05:20 1.875
20150223 05:30 1.625
20150223 05:40 1.25
20150223 05:50 1
20150223 06:00 0.875
20150223 06:10 0.875
20150223 06:20 1
20150223 06:30 1.125
20150223 06:40 1
20150223 06:50 0.875
20150223 07:00 1.125
20150223 07:10 1.25
20150223 07:20 1.125
20150223 07:30 1.375
20150223 07:40 1.5
20150223 07:50 1.625
20150223 08:00 1.75
20150223 08:10 1.75
20150223 08:20 1.875
20150223 08:30 2
20150223 08:40 2.125
20150223 08:50 2.25
20150223 09:00 2.375
20150223 09:10 2.5
20150223 09:20 2.5
20150223 09:30 2.625
20150223 09:40 2.75
20150223 09:50 2.875
20150223 10:00 3
20150223 10:10 3.125
20150223 10:20 3.25
20150223 10:30 3.25
20150223 10:40 3.375
20150223 10:50 3.375
20150223 11:00 3.375
20150223 11:10 3.375
20150223 11:20 3.5
20150223 11:30 3.5
20150223 11:40 3.5
20150223 11:50 3.5
20150223 12:00 3.5
20150223 12:10 3.75
20150223 12:20 3.75
20150223 12:30 3.75
20150223 12:40 3.75
20150223 12:50 3.875
20150223 13:00 3.875
20150223 13:10 4
20150223 13:20 4
20150223 13:30 4
20150223 13:40 4
20150223 13:50 4
20150223 14:00 4.125
20150223 14:10 4.125
20150223 14:20 4.25
20150223 14:30 4.25
20150223 14:40 4.125
20150223 14:50 4.125
20150223 15:00 4.25
20150223 15:10 4.125
20150223 15:20 4.125
20150223 15:30 4.125
20150223 15:40 4.125
20150223 15:50 4.125
20150223 16:00 4.25
20150223 16:10 4.25
20150223 16:20 4.375
20150223 16:30 4.875
20150223 16:40 4.625
20150223 16:50 4.75
20150223 17:00 4.375
20150223 17:10 4.25
20150223 17:20 4
20150223 17:30 3.75
20150223 17:40 3.625
20150223 17:50 3.375
20150223 18:00 3.25
20150223 18:10 3.125
20150223 18:20 3
20150223 18:30 3
20150223 18:40 2.875
20150223 18:50 2.75
20150223 19:00 2.625
20150223 19:10 2.75
20150223 19:20 2.75
20150223 19:30 2.875
20150223 19:40 2.75
20150223 19:50 2.625
20150223 20:00 2.5
20150223 20:10 2.5
20150223 20:20 2.5
20150223 20:30 2.375
20150223 20:40 2.5
20150223 20:50 2.75
20150223 21:00 2.875
20150223 21:10 3
20150223 21:20 3.25
20150223 21:30 3.375
20150223 21:40 3.5
20150223 21:50 3.625
20150223 22:00 3.75
20150223 22:10 3.875
20150223 22:20 4
20150223 22:30 3.875
20150223 22:40 3.75
20150223 22:50 3.625
20150223 23:00 3.75
20150223 23:10 3.75
20150223 23:20 3.75
20150223 23:30 3.75
20150223 23:40 3.625
20150223 23:50 3.625
