YYYYMMDD HH:MM measured temperature
20150209 00:00 4.5
20150209 00:10 4.625
20150209 00:20 4.75
20150209 00:30 4.875
20150209 00:40 4.875
20150209 00:50 4.875
20150209 01:00 4.875
20150209 01:10 4.875
20150209 01:20 4.75
20150209 01:30 4.875
20150209 01:40 4.875
20150209 01:50 4.875
20150209 02:00 5
20150209 02:10 5
20150209 02:20 5
20150209 02:30 5
20150209 02:40 5
20150209 02:50 5
20150209 03:00 5
20150209 03:10 5
20150209 03:20 5
20150209 03:30 5
20150209 03:40 5
20150209 03:50 5
20150209 04:00 5
20150209 04:10 5
20150209 04:20 5.125
20150209 04:30 5.125
20150209 04:40 5
20150209 04:50 5.125
20150209 05:00 5.125
20150209 05:10 5
20150209 05:20 5
20150209 05:30 5
20150209 05:40 5.125
20150209 05:50 5
20150209 06:00 5
20150209 06:10 4.875
20150209 06:20 5
20150209 06:30 5
20150209 06:40 5
20150209 06:50 5
20150209 07:00 5
20150209 07:10 5
20150209 07:20 5
20150209 07:30 5.125
20150209 07:40 5.125
20150209 07:50 5.125
20150209 08:00 5.125
20150209 08:10 5.125
20150209 08:20 5.25
20150209 08:30 5.25
20150209 08:40 5.375
20150209 08:50 5.375
20150209 09:00 5.5
20150209 09:10 5.5
20150209 09:20 5.5
20150209 09:30 5.5
20150209 09:40 5.75
20150209 09:50 5.875
20150209 10:00 6
20150209 10:10 5.875
20150209 10:20 6
20150209 10:30 5.875
20150209 10:40 5.875
20150209 10:50 6
20150209 11:00 6.125
20150209 11:10 6.125
20150209 11:20 6.25
20150209 11:30 6
20150209 11:40 6.25
20150209 11:50 6.125
20150209 12:00 6.25
20150209 12:10 6.375
20150209 12:20 7
20150209 12:30 6.75
20150209 12:40 6.5
20150209 12:50 6.625
20150209 13:00 6.75
20150209 13:10 7
20150209 13:20 6.875
20150209 13:30 6.375
20150209 13:40 6.5
20150209 13:50 6.25
20150209 14:00 6.25
20150209 14:10 6.5
20150209 14:20 6.375
20150209 14:30 6.125
20150209 14:40 6.25
20150209 14:50 6.25
20150209 15:00 6.25
20150209 15:10 6.25
20150209 15:20 6.125
20150209 15:30 6.125
20150209 15:40 6.125
20150209 15:50 6
20150209 16:00 6
20150209 16:10 6
20150209 16:20 5.875
20150209 16:30 5.875
20150209 16:40 6
20150209 16:50 6
20150209 17:00 6
20150209 17:10 5.875
20150209 17:20 5.875
20150209 17:30 5.75
20150209 17:40 5.75
20150209 17:50 5.75
20150209 18:00 5.875
20150209 18:10 5.875
20150209 18:20 5.75
20150209 18:30 5.75
20150209 18:40 5.75
20150209 18:50 5.75
20150209 19:00 5.75
20150209 19:10 5.75
20150209 19:20 5.875
20150209 19:30 5.75
20150209 19:40 5.75
20150209 19:50 5.75
20150209 20:00 5.75
20150209 20:10 5.75
20150209 20:20 5.75
20150209 20:30 5.75
20150209 20:40 5.75
20150209 20:50 5.875
20150209 21:00 5.75
20150209 21:10 5.625
20150209 21:20 5.625
20150209 21:30 5.625
20150209 21:40 5.625
20150209 21:50 5.5
20150209 22:00 5.5
20150209 22:10 5.625
20150209 22:20 5.5
20150209 22:30 5.5
20150209 22:40 5.5
20150209 22:50 5.5
20150209 23:00 5.5
20150209 23:10 5.5
20150209 23:20 5.5
20150209 23:30 5.625
20150209 23:40 5.375
20150209 23:50 5.375
