YYYYMMDD HH:MM measured temperature
20150727 00:00 13.75
20150727 00:10 13.375
20150727 00:20 13.375
20150727 00:30 13.25
20150727 00:40 13.25
20150727 00:50 13.25
20150727 01:00 13.25
20150727 01:10 13.25
20150727 01:20 13.375
20150727 01:30 13.25
20150727 01:40 13.125
20150727 01:50 13.125
20150727 02:00 13.125
20150727 02:10 13.125
20150727 02:20 13.125
20150727 02:30 13.125
20150727 02:40 13.125
20150727 02:50 13.125
20150727 03:00 13.25
20150727 03:10 13.125
20150727 03:20 13.125
20150727 03:30 13.125
20150727 03:40 13.125
20150727 03:50 13.125
20150727 04:00 13.125
20150727 04:10 13.125
20150727 04:20 13
20150727 04:30 13
20150727 04:40 12.875
20150727 04:50 12.875
20150727 05:00 13
20150727 05:10 12.875
20150727 05:20 12.875
20150727 05:30 12.75
20150727 05:40 12.625
20150727 05:50 12.625
20150727 06:00 12.5
20150727 06:10 12.5
20150727 06:20 12.375
20150727 06:30 12.375
20150727 06:40 12.5
20150727 06:50 12.625
20150727 07:00 12.625
20150727 07:10 12.625
20150727 07:20 12.625
20150727 07:30 12.75
20150727 07:40 12.625
20150727 07:50 12.625
20150727 08:00 12.6875
20150727 08:10 12.6875
20150727 08:20 12.75
20150727 08:30 12.875
20150727 08:40 13.25
20150727 08:50 13.25
20150727 09:00 13.5625
20150727 09:10 13.6875
20150727 09:20 13.875
20150727 09:30 13.9375
20150727 09:40 14.125
20150727 09:50 14
20150727 10:00 14.25
20150727 10:10 14.25
20150727 10:20 14.5
20150727 10:30 14.875
20150727 10:40 14.75
20150727 10:50 15.875
20150727 11:00 15.75
20150727 11:10 16.25
20150727 11:20 16
20150727 11:30 17.125
20150727 11:40 16.375
20150727 11:50 16
20150727 12:00 16.625
20150727 12:10 16.875
20150727 12:20 18
20150727 12:30 17.625
20150727 12:40 18.125
20150727 12:50 17
20150727 13:00 18.125
20150727 13:10 18.5
20150727 13:20 18.625
20150727 13:30 18.5
20150727 13:40 19
20150727 13:50 17.125
20150727 14:00 17.3125
20150727 14:10 18.5
20150727 14:20 18.375
20150727 14:30 19.375
20150727 14:40 18.875
20150727 14:50 20
20150727 15:00 18.375
20150727 15:10 18.875
20150727 15:20 17.375
20150727 15:30 18.125
20150727 15:40 19.875
20150727 15:50 19
20150727 16:00 19.25
20150727 16:10 18
20150727 16:20 17.875
20150727 16:30 18.875
20150727 16:40 18.75
20150727 16:50 18.125
20150727 17:00 18.375
20150727 17:10 18.875
20150727 17:20 18.5
20150727 17:30 18.625
20150727 17:40 18.875
20150727 17:50 18.375
20150727 18:00 18
20150727 18:10 17.875
20150727 18:20 17.75
20150727 18:30 18.125
20150727 18:40 18.5
20150727 18:50 17.875
20150727 19:00 17.875
20150727 19:10 17.875
20150727 19:20 17.75
20150727 19:30 17.5
20150727 19:40 17.125
20150727 19:50 16.5
20150727 20:00 16.125
20150727 20:10 16.125
20150727 20:20 16.25
20150727 20:30 16.25
20150727 20:40 16
20150727 20:50 16
20150727 21:00 15.875
20150727 21:10 15.75
20150727 21:20 15.5
20150727 21:30 15.3125
20150727 21:40 15.25
20150727 21:50 15.25
20150727 22:00 15.25
20150727 22:10 15.125
20150727 22:20 15.125
20150727 22:30 15.125
20150727 22:40 15.0625
20150727 22:50 15.125
20150727 23:00 15.125
20150727 23:10 15
20150727 23:20 15.125
20150727 23:30 15.0625
20150727 23:40 15.125
20150727 23:50 15.125
