YYYYMMDD HH:MM measured temperature
20150307 00:00 6.5
20150307 00:10 6.375
20150307 00:20 6.375
20150307 00:30 6.375
20150307 00:40 6.125
20150307 00:50 6.125
20150307 01:00 6.125
20150307 01:10 6
20150307 01:20 6
20150307 01:30 5.875
20150307 01:40 5.875
20150307 01:50 5.875
20150307 02:00 5.875
20150307 02:10 5.75
20150307 02:20 5.75
20150307 02:30 5.75
20150307 02:40 5.625
20150307 02:50 5.5
20150307 03:00 5.5
20150307 03:10 5.375
20150307 03:20 5.125
20150307 03:30 5.25
20150307 03:40 5.125
20150307 03:50 5.125
20150307 04:00 5
20150307 04:10 4.875
20150307 04:20 4.75
20150307 04:30 4.625
20150307 04:40 4.625
20150307 04:50 4.625
20150307 05:00 4.375
20150307 05:10 4.375
20150307 05:20 4.25
20150307 05:30 4.125
20150307 05:40 4.125
20150307 05:50 4
20150307 06:00 3.75
20150307 06:10 3.75
20150307 06:20 3.5
20150307 06:30 3.5
20150307 06:40 3.5
20150307 06:50 3.625
20150307 07:00 3.625
20150307 07:10 3.625
20150307 07:20 3.5
20150307 07:30 3.75
20150307 07:40 3.75
20150307 07:50 3.875
20150307 08:00 4.125
20150307 08:10 4.25
20150307 08:20 4.375
20150307 08:30 4.625
20150307 08:40 4.875
20150307 08:50 5
20150307 09:00 5.125
20150307 09:10 5.5
20150307 09:20 5.75
20150307 09:30 6
20150307 09:40 6.375
20150307 09:50 6.625
20150307 10:00 6.875
20150307 10:10 7.125
20150307 10:20 7.375
20150307 10:30 7.75
20150307 10:40 8.125
20150307 10:50 8
20150307 11:00 8.25
20150307 11:10 8.5
20150307 11:20 8.625
20150307 11:30 9.625
20150307 11:40 9.875
20150307 11:50 9.125
20150307 12:00 11.75
20150307 12:10 10.375
20150307 12:20 11.25
20150307 12:30 10.75
20150307 12:40 10.75
20150307 12:50 10.625
20150307 13:00 11.375
20150307 13:10 12.5
20150307 13:20 12.25
20150307 13:30 11.75
20150307 13:40 11.75
20150307 13:50 12
20150307 14:00 12.25
20150307 14:10 12.125
20150307 14:20 11.875
20150307 14:30 11.625
20150307 14:40 11.625
20150307 14:50 11.5
20150307 15:00 11.5
20150307 15:10 11.375
20150307 15:20 11.25
20150307 15:30 11.25
20150307 15:40 11.375
20150307 15:50 11.5
20150307 16:00 11.5
20150307 16:10 11.5
20150307 16:20 11.5
20150307 16:30 11.5
20150307 16:40 11.5
20150307 16:50 11.5
20150307 17:00 11.375
20150307 17:10 11.25
20150307 17:20 11
20150307 17:30 10.875
20150307 17:40 10.625
20150307 17:50 10.25
20150307 18:00 10
20150307 18:10 9.875
20150307 18:20 9.5
20150307 18:30 9.5
20150307 18:40 9.375
20150307 18:50 9.375
20150307 19:00 9.5
20150307 19:10 9.25
20150307 19:20 9
20150307 19:30 9.125
20150307 19:40 9
20150307 19:50 8.875
20150307 20:00 8.625
20150307 20:10 8.375
20150307 20:20 8.625
20150307 20:30 8.25
20150307 20:40 8.25
20150307 20:50 8
20150307 21:00 8
20150307 21:10 7.875
20150307 21:20 7.75
20150307 21:30 7.75
20150307 21:40 8
20150307 21:50 7.875
20150307 22:00 8
20150307 22:10 8
20150307 22:20 8.25
20150307 22:30 8
20150307 22:40 8
20150307 22:50 8.125
20150307 23:00 7.875
20150307 23:10 8
20150307 23:20 7.875
20150307 23:30 7.75
20150307 23:40 7.75
20150307 23:50 7.625
