YYYYMMDD HH:MM measured temperature
20150513 00:00 8.5
20150513 00:10 8.25
20150513 00:20 8.25
20150513 00:30 8.5
20150513 00:40 8.375
20150513 00:50 8.375
20150513 01:00 8.375
20150513 01:10 8.5
20150513 01:20 8.5
20150513 01:30 8.625
20150513 01:40 8.375
20150513 01:50 8.375
20150513 02:00 8.5
20150513 02:10 8.375
20150513 02:20 8.5
20150513 02:30 8.5
20150513 02:40 8.5
20150513 02:50 8.375
20150513 03:00 8.375
20150513 03:10 8.375
20150513 03:20 8.25
20150513 03:30 8.125
20150513 03:40 8
20150513 03:50 8
20150513 04:00 7.875
20150513 04:10 7.875
20150513 04:20 7.625
20150513 04:30 7.375
20150513 04:40 7
20150513 04:50 7.375
20150513 05:00 7.625
20150513 05:10 7.75
20150513 05:20 8.125
20150513 05:30 8.125
20150513 05:40 8.625
20150513 05:50 8.875
20150513 06:00 9.125
20150513 06:10 9.25
20150513 06:20 9.25
20150513 06:30 9.375
20150513 06:40 9.625
20150513 06:50 9.875
20150513 07:00 9.875
20150513 07:10 10
20150513 07:20 10
20150513 07:30 10.125
20150513 07:40 10.375
20150513 07:50 11.25
20150513 08:00 11.25
20150513 08:10 11.625
20150513 08:20 11.625
20150513 08:30 11.75
20150513 08:40 12.125
20150513 08:50 12.75
20150513 09:00 12.5
20150513 09:10 12.625
20150513 09:20 12.75
20150513 09:30 13.625
20150513 09:40 13.375
20150513 09:50 13.5
20150513 10:00 13.625
20150513 10:10 13.375
20150513 10:20 14.875
20150513 10:30 13.875
20150513 10:40 14.375
20150513 10:50 14.625
20150513 11:00 14.75
20150513 11:10 15.125
20150513 11:20 14.125
20150513 11:30 15.5
20150513 11:40 15.75
20150513 11:50 14.875
20150513 12:00 14.625
20150513 12:10 15.5
20150513 12:20 14.75
20150513 12:30 15.625
20150513 12:40 15.875
20150513 12:50 15.75
20150513 13:00 15.375
20150513 13:10 16.25
20150513 13:20 15.75
20150513 13:30 14.875
20150513 13:40 15.625
20150513 13:50 16.5
20150513 14:00 16.625
20150513 14:10 16.375
20150513 14:20 16.5
20150513 14:30 17
20150513 14:40 16.5
20150513 14:50 16.625
20150513 15:00 16.25
20150513 15:10 15.375
20150513 15:20 17.375
20150513 15:30 16.625
20150513 15:40 16.875
20150513 15:50 16.875
20150513 16:00 16.625
20150513 16:10 16.5
20150513 16:20 16.5
20150513 16:30 16
20150513 16:40 15.375
20150513 16:50 15.625
20150513 17:00 15.875
20150513 17:10 16
20150513 17:20 15.625
20150513 17:30 15.5
20150513 17:40 15.5
20150513 17:50 14.25
20150513 18:00 14.625
20150513 18:10 14.5
20150513 18:20 14.125
20150513 18:30 14.375
20150513 18:40 13.75
20150513 18:50 13.625
20150513 19:00 12.875
20150513 19:10 12.625
20150513 19:20 13
20150513 19:30 11.875
20150513 19:40 11.875
20150513 19:50 11.875
20150513 20:00 11.625
20150513 20:10 11.375
20150513 20:20 10.75
20150513 20:30 10.5
20150513 20:40 10.375
20150513 20:50 10
20150513 21:00 10
20150513 21:10 9.625
20150513 21:20 9.5
20150513 21:30 9.625
20150513 21:40 9.5
20150513 21:50 9.5
20150513 22:00 9.25
20150513 22:10 9.25
20150513 22:20 9.25
20150513 22:30 9.125
20150513 22:40 9
20150513 22:50 8.875
20150513 23:00 8.875
20150513 23:10 9
20150513 23:20 9
20150513 23:30 8.875
20150513 23:40 8.875
20150513 23:50 8.875
