YYYYMMDD HH:MM measured temperature
20150930 00:00 7.875
20150930 00:10 7.75
20150930 00:20 7.625
20150930 00:30 7.625
20150930 00:40 7.5
20150930 00:50 7.5
20150930 01:00 7.375
20150930 01:10 7.125
20150930 01:20 7.125
20150930 01:30 7.25
20150930 01:40 7.25
20150930 01:50 7
20150930 02:00 7
20150930 02:10 6.875
20150930 02:20 6.75
20150930 02:30 6.75
20150930 02:40 6.625
20150930 02:50 6.625
20150930 03:00 6.75
20150930 03:10 6.625
20150930 03:20 6.5
20150930 03:30 6.375
20150930 03:40 6.375
20150930 03:50 6.375
20150930 04:00 6.375
20150930 04:10 6.25
20150930 04:20 6.375
20150930 04:30 6.375
20150930 04:40 6.25
20150930 04:50 6.125
20150930 05:00 6.125
20150930 05:10 6
20150930 05:20 6
20150930 05:30 6
20150930 05:40 6
20150930 05:50 6
20150930 06:00 5.875
20150930 06:10 5.875
20150930 06:20 5.75
20150930 06:30 5.75
20150930 06:40 5.625
20150930 06:50 5.75
20150930 07:00 5.625
20150930 07:10 5.375
20150930 07:20 5.25
20150930 07:30 5.125
20150930 07:40 5.125
20150930 07:50 5.25
20150930 08:00 5.5
20150930 08:10 5.625
20150930 08:20 6
20150930 08:30 6.5
20150930 08:40 7
20150930 08:50 7.75
20150930 09:00 8.125
20150930 09:10 8.5
20150930 09:20 9
20150930 09:30 9.5
20150930 09:40 10
20150930 09:50 10.75
20150930 10:00 11
20150930 10:10 11.25
20150930 10:20 12
20150930 10:30 11.875
20150930 10:40 12.375
20150930 10:50 12.625
20150930 11:00 13
20150930 11:10 13.375
20150930 11:20 13.75
20150930 11:30 13.75
20150930 11:40 14.375
20150930 11:50 14.375
20150930 12:00 14.625
20150930 12:10 14.75
20150930 12:20 14.75
20150930 12:30 15.25
20150930 12:40 15.375
20150930 12:50 15.5
20150930 13:00 16.25
20150930 13:10 16.5
20150930 13:20 16.75
20150930 13:30 16.625
20150930 13:40 17.125
20150930 13:50 16.75
20150930 14:00 16.625
20150930 14:10 17.125
20150930 14:20 17.375
20150930 14:30 16.75
20150930 14:40 17.125
20150930 14:50 16.625
20150930 15:00 17.125
20150930 15:10 17
20150930 15:20 17
20150930 15:30 17.125
20150930 15:40 17.25
20150930 15:50 17.25
20150930 16:00 16.75
20150930 16:10 16.75
20150930 16:20 16.5
20150930 16:30 16.75
20150930 16:40 16.5
20150930 16:50 16.375
20150930 17:00 16
20150930 17:10 15.75
20150930 17:20 15.25
20150930 17:30 15.375
20150930 17:40 15
20150930 17:50 14.625
20150930 18:00 14.25
20150930 18:10 13.875
20150930 18:20 13.375
20150930 18:30 13.125
20150930 18:40 12.75
20150930 18:50 12.125
20150930 19:00 11.875
20150930 19:10 11.5
20150930 19:20 10.875
20150930 19:30 10.375
20150930 19:40 10.125
20150930 19:50 9.625
20150930 20:00 9.375
20150930 20:10 9.25
20150930 20:20 9
20150930 20:30 8.75
20150930 20:40 8.75
20150930 20:50 8.5
20150930 21:00 8.375
20150930 21:10 8.25
20150930 21:20 8.25
20150930 21:30 8.125
20150930 21:40 8.25
20150930 21:50 8.25
20150930 22:00 8.375
20150930 22:10 8.375
20150930 22:20 8.25
20150930 22:30 8
20150930 22:40 7.875
20150930 22:50 7.75
20150930 23:00 7.5
20150930 23:10 7.5
20150930 23:20 7.125
20150930 23:30 6.75
20150930 23:40 6.375
20150930 23:50 6.375
