YYYYMMDD HH:MM measured temperature
20150224 00:00 3.625
20150224 00:10 3.375
20150224 00:20 3.25
20150224 00:30 3.25
20150224 00:40 3.375
20150224 00:50 3.25
20150224 01:00 3.125
20150224 01:10 3
20150224 01:20 2.875
20150224 01:30 2.625
20150224 01:40 2.625
20150224 01:50 2.75
20150224 02:00 2.625
20150224 02:10 2.75
20150224 02:20 2.625
20150224 02:30 2.875
20150224 02:40 2.875
20150224 02:50 2.75
20150224 03:00 2.625
20150224 03:10 2.5
20150224 03:20 2.375
20150224 03:30 2.375
20150224 03:40 2.375
20150224 03:50 2.375
20150224 04:00 2.25
20150224 04:10 2.375
20150224 04:20 2.375
20150224 04:30 2.375
20150224 04:40 2.25
20150224 04:50 2.25
20150224 05:00 2
20150224 05:10 1.875
20150224 05:20 1.875
20150224 05:30 1.625
20150224 05:40 1.625
20150224 05:50 1.875
20150224 06:00 1.875
20150224 06:10 1.875
20150224 06:20 2
20150224 06:30 2.125
20150224 06:40 2
20150224 06:50 2
20150224 07:00 1.875
20150224 07:10 1.875
20150224 07:20 2
20150224 07:30 1.75
20150224 07:40 1.875
20150224 07:50 2
20150224 08:00 2.25
20150224 08:10 2.375
20150224 08:20 2.5
20150224 08:30 3
20150224 08:40 3.25
20150224 08:50 3.5
20150224 09:00 3.625
20150224 09:10 3.875
20150224 09:20 4.125
20150224 09:30 4.25
20150224 09:40 4.375
20150224 09:50 5.125
20150224 10:00 5.125
20150224 10:10 5.125
20150224 10:20 5.25
20150224 10:30 4.875
20150224 10:40 5
20150224 10:50 5.125
20150224 11:00 5.375
20150224 11:10 5.25
20150224 11:20 5.125
20150224 11:30 5.25
20150224 11:40 5.5
20150224 11:50 5.625
20150224 12:00 5.625
20150224 12:10 5.75
20150224 12:20 6
20150224 12:30 5.875
20150224 12:40 5.875
20150224 12:50 5.875
20150224 13:00 5.875
20150224 13:10 6
20150224 13:20 6.375
20150224 13:30 6.5
20150224 13:40 6.25
20150224 13:50 6.875
20150224 14:00 6.375
20150224 14:10 6.625
20150224 14:20 6.25
20150224 14:30 6.125
20150224 14:40 6.375
20150224 14:50 6.25
20150224 15:00 7
20150224 15:10 6.625
20150224 15:20 6.125
20150224 15:30 3.4375
20150224 15:40 4.3125
20150224 15:50 4.75
20150224 16:00 4.625
20150224 16:10 5
20150224 16:20 5.25
20150224 16:30 4.5
20150224 16:40 4.25
20150224 16:50 4.25
20150224 17:00 4.125
20150224 17:10 3.75
20150224 17:20 3.625
20150224 17:30 3.5
20150224 17:40 3.5
20150224 17:50 3.375
20150224 18:00 3.375
20150224 18:10 3.5
20150224 18:20 3.625
20150224 18:30 3.625
20150224 18:40 3.875
20150224 18:50 4
20150224 19:00 4.125
20150224 19:10 4.375
20150224 19:20 4.375
20150224 19:30 4.25
20150224 19:40 4.125
20150224 19:50 4
20150224 20:00 4
20150224 20:10 3.875
20150224 20:20 3.75
20150224 20:30 3.75
20150224 20:40 3.75
20150224 20:50 3.625
20150224 21:00 3.375
20150224 21:10 3.375
20150224 21:20 3.625
20150224 21:30 3.625
20150224 21:40 3.75
20150224 21:50 3.625
20150224 22:00 3.375
20150224 22:10 3.625
20150224 22:20 3.75
20150224 22:30 3.75
20150224 22:40 3.5
20150224 22:50 3.375
20150224 23:00 3.25
20150224 23:10 3.125
20150224 23:20 3.125
20150224 23:30 2.875
20150224 23:40 3
20150224 23:50 3.5
