YYYYMMDD HH:MM measured temperature
20151228 00:00 8.5
20151228 00:10 8.5
20151228 00:20 8.5
20151228 00:30 8.5
20151228 00:40 8.5
20151228 00:50 8.5
20151228 01:00 8.5
20151228 01:10 8.5
20151228 01:20 8.5
20151228 01:30 8.5
20151228 01:40 8.5
20151228 01:50 8.5
20151228 02:00 8.5
20151228 02:10 8.5
20151228 02:20 8.5
20151228 02:30 8.5
20151228 02:40 8.5
20151228 02:50 8.5
20151228 03:00 8.5
20151228 03:10 8.5
20151228 03:20 8.375
20151228 03:30 8.5
20151228 03:40 8.5
20151228 03:50 8.375
20151228 04:00 8.375
20151228 04:10 8.3125
20151228 04:20 8.25
20151228 04:30 8.25
20151228 04:40 8.1875
20151228 04:50 8.125
20151228 05:00 85
20151228 05:10 7.875
20151228 05:20 7.5625
20151228 05:30 7.3125
20151228 05:40 7.1875
20151228 05:50 7.0625
20151228 06:00 85
20151228 06:10 85
20151228 06:20 7.125
20151228 06:30 7.125
20151228 06:40 7.0625
20151228 06:50 7.0625
20151228 07:00 7.125
20151228 07:10 7.125
20151228 07:20 7.125
20151228 07:30 7.125
20151228 07:40 7.1875
20151228 07:50 7.0625
20151228 08:00 7.125
20151228 08:10 7.125
20151228 08:20 7.125
20151228 08:30 7
20151228 08:40 85
20151228 08:50 7
20151228 09:00 6.875
20151228 09:10 6.8125
20151228 09:20 6.75
20151228 09:30 6.625
20151228 09:40 6.625
20151228 09:50 6.75
20151228 10:00 6.75
20151228 10:10 6.75
20151228 10:20 6.625
20151228 10:30 6.625
20151228 10:40 6.625
20151228 10:50 6.5
20151228 11:00 6.5
20151228 11:10 6.625
20151228 11:20 6.625
20151228 11:30 6.75
20151228 11:40 6.625
20151228 11:50 6.875
20151228 12:00 6.875
20151228 12:10 7.125
20151228 12:20 7.125
20151228 12:30 6.875
20151228 12:40 7.125
20151228 12:50 7.125
20151228 13:00 7.375
20151228 13:10 7.5
20151228 13:20 7.375
20151228 13:30 7.5
20151228 13:40 7.5
20151228 13:50 7.625
20151228 14:00 7.625
20151228 14:10 7.5
20151228 14:20 7.5
20151228 14:30 7.375
20151228 14:40 7.5
20151228 14:50 7.5
20151228 15:00 7.5
20151228 15:10 7.5
20151228 15:20 7.5
20151228 15:30 7.375
20151228 15:40 7.375
20151228 15:50 7.25
20151228 16:00 7.25
20151228 16:10 7.25
20151228 16:20 7.125
20151228 16:30 7
20151228 16:40 7
20151228 16:50 6.875
20151228 17:00 6.75
20151228 17:10 6.625
20151228 17:20 6.5
20151228 17:30 6.25
20151228 17:40 6.125
20151228 17:50 6
20151228 18:00 6
20151228 18:10 5.875
20151228 18:20 5.875
20151228 18:30 5.75
20151228 18:40 5.75
20151228 18:50 5.625
20151228 19:00 5.625
20151228 19:10 5.625
20151228 19:20 5.625
20151228 19:30 5.625
20151228 19:40 5.625
20151228 19:50 5.625
20151228 20:00 5.625
20151228 20:10 5.625
20151228 20:20 5.625
20151228 20:30 5.75
20151228 20:40 5.75
20151228 20:50 5.75
20151228 21:00 5.75
20151228 21:10 5.75
20151228 21:20 5.75
20151228 21:30 5.75
20151228 21:40 5.75
20151228 21:50 5.875
20151228 22:00 5.75
20151228 22:10 5.75
20151228 22:20 5.875
20151228 22:30 5.875
20151228 22:40 5.875
20151228 22:50 5.875
20151228 23:00 5.875
20151228 23:10 6
20151228 23:20 5.875
20151228 23:30 6
20151228 23:40 6
20151228 23:50 6
