YYYYMMDD HH:MM measured temperature
20151207 00:00 10.75
20151207 00:10 10.75
20151207 00:20 10.75
20151207 00:30 10.75
20151207 00:40 10.75
20151207 00:50 10.75
20151207 01:00 10.75
20151207 01:10 10.75
20151207 01:20 10.75
20151207 01:30 10.75
20151207 01:40 10.75
20151207 01:50 10.75
20151207 02:00 10.75
20151207 02:10 10.875
20151207 02:20 10.75
20151207 02:30 10.625
20151207 02:40 10.625
20151207 02:50 10.5
20151207 03:00 10.5
20151207 03:10 10.5
20151207 03:20 10.5
20151207 03:30 10.5
20151207 03:40 10.5
20151207 03:50 10.5
20151207 04:00 10.375
20151207 04:10 9.375
20151207 04:20 9.375
20151207 04:30 9.25
20151207 04:40 8.875
20151207 04:50 8.875
20151207 05:00 8.75
20151207 05:10 8.625
20151207 05:20 8.625
20151207 05:30 8.25
20151207 05:40 8.25
20151207 05:50 8.375
20151207 06:00 8.375
20151207 06:10 8.375
20151207 06:20 8.25
20151207 06:30 8.25
20151207 06:40 7.875
20151207 06:50 8
20151207 07:00 8
20151207 07:10 7.875
20151207 07:20 7.875
20151207 07:30 7.875
20151207 07:40 7.875
20151207 07:50 7.875
20151207 08:00 7.875
20151207 08:10 7.875
20151207 08:20 7.875
20151207 08:30 7.875
20151207 08:40 7.875
20151207 08:50 7.75
20151207 09:00 7.8125
20151207 09:10 7.75
20151207 09:20 7.75
20151207 09:30 7.8125
20151207 09:40 7.875
20151207 09:50 7.875
20151207 10:00 7.875
20151207 10:10 8
20151207 10:20 8.125
20151207 10:30 8.125
20151207 10:40 8.25
20151207 10:50 8.375
20151207 11:00 8.375
20151207 11:10 85
20151207 11:20 8.5
20151207 11:30 85
20151207 11:40 8.75
20151207 11:50 9
20151207 12:00 9.125
20151207 12:10 9.25
20151207 12:20 9.25
20151207 12:30 9.625
20151207 12:40 9.625
20151207 12:50 10
20151207 13:00 10.125
20151207 13:10 10.25
20151207 13:20 10.125
20151207 13:30 10.1875
20151207 13:40 10.25
20151207 13:50 10.375
20151207 14:00 10.25
20151207 14:10 10.25
20151207 14:20 10.25
20151207 14:30 10.125
20151207 14:40 10.25
20151207 14:50 10.25
20151207 15:00 10.25
20151207 15:10 10.25
20151207 15:20 10.25
20151207 15:30 10.25
20151207 15:40 10.375
20151207 15:50 10.125
20151207 16:00 10.25
20151207 16:10 10.25
20151207 16:20 10.25
20151207 16:30 10.25
20151207 16:40 10.25
20151207 16:50 10.125
20151207 17:00 10.125
20151207 17:10 10.125
20151207 17:20 10.125
20151207 17:30 10.25
20151207 17:40 10.25
20151207 17:50 10.25
20151207 18:00 10.25
20151207 18:10 10.25
20151207 18:20 10.375
20151207 18:30 10.25
20151207 18:40 10.125
20151207 18:50 10.125
20151207 19:00 10.125
20151207 19:10 10.125
20151207 19:20 10.25
20151207 19:30 10.125
20151207 19:40 10.125
20151207 19:50 10.125
20151207 20:00 10.125
20151207 20:10 10
20151207 20:20 10
20151207 20:30 10.125
20151207 20:40 10.25
20151207 20:50 10.25
20151207 21:00 10.125
20151207 21:10 10.125
20151207 21:20 10.125
20151207 21:30 10
20151207 21:40 9.875
20151207 21:50 9.875
20151207 22:00 9.75
20151207 22:10 9.75
20151207 22:20 9.625
20151207 22:30 9.625
20151207 22:40 9.625
20151207 22:50 9.625
20151207 23:00 9.5
20151207 23:10 9.5
20151207 23:20 9.375
20151207 23:30 9.375
20151207 23:40 9.375
20151207 23:50 9.375
