YYYYMMDD HH:MM measured temperature
20151126 00:00 3.625
20151126 00:10 3.625
20151126 00:20 3.625
20151126 00:30 3.625
20151126 00:40 3.625
20151126 00:50 3.625
20151126 01:00 3.75
20151126 01:10 3.625
20151126 01:20 3.75
20151126 01:30 3.875
20151126 01:40 4
20151126 01:50 3.875
20151126 02:00 3.75
20151126 02:10 3.625
20151126 02:20 3.5
20151126 02:30 3.25
20151126 02:40 3
20151126 02:50 2.875
20151126 03:00 3
20151126 03:10 2.75
20151126 03:20 2.5
20151126 03:30 2.625
20151126 03:40 2.25
20151126 03:50 2.375
20151126 04:00 2.125
20151126 04:10 2
20151126 04:20 2.125
20151126 04:30 2.375
20151126 04:40 2.375
20151126 04:50 2.375
20151126 05:00 2.75
20151126 05:10 2.75
20151126 05:20 2.25
20151126 05:30 2.25
20151126 05:40 2.25
20151126 05:50 2.125
20151126 06:00 1.625
20151126 06:10 2.25
20151126 06:20 2.5
20151126 06:30 2.25
20151126 06:40 2
20151126 06:50 2
20151126 07:00 2.375
20151126 07:10 2
20151126 07:20 1.75
20151126 07:30 1.875
20151126 07:40 2.125
20151126 07:50 2
20151126 08:00 1.875
20151126 08:10 2
20151126 08:20 2.125
20151126 08:30 2.25
20151126 08:40 2.25
20151126 08:50 2.5
20151126 09:00 2.375
20151126 09:10 2.625
20151126 09:20 2.625
20151126 09:30 2.625
20151126 09:40 2.875
20151126 09:50 3
20151126 10:00 3.25
20151126 10:10 3.625
20151126 10:20 4.125
20151126 10:30 4.5
20151126 10:40 5.25
20151126 10:50 5.75
20151126 11:00 5.5
20151126 11:10 5.625
20151126 11:20 5.625
20151126 11:30 6
20151126 11:40 6.5
20151126 11:50 6.625
20151126 12:00 6.875
20151126 12:10 7.125
20151126 12:20 7.25
20151126 12:30 7.625
20151126 12:40 7.75
20151126 12:50 8
20151126 13:00 9.75
20151126 13:10 10.125
20151126 13:20 7.625
20151126 13:30 7.5
20151126 13:40 8.75
20151126 13:50 8.75
20151126 14:00 8.375
20151126 14:10 9.5
20151126 14:20 9.25
20151126 14:30 8.75
20151126 14:40 7.75
20151126 14:50 7.375
20151126 15:00 7.125
20151126 15:10 7
20151126 15:20 6.625
20151126 15:30 6.375
20151126 15:40 6.125
20151126 15:50 5.5
20151126 16:00 5
20151126 16:10 4.625
20151126 16:20 4.25
20151126 16:30 3.75
20151126 16:40 3.375
20151126 16:50 3.25
20151126 17:00 3.25
20151126 17:10 3.125
20151126 17:20 3.375
20151126 17:30 3.5
20151126 17:40 4
20151126 17:50 4.25
20151126 18:00 4.5
20151126 18:10 4.375
20151126 18:20 4.25
20151126 18:30 4.125
20151126 18:40 4.125
20151126 18:50 4
20151126 19:00 3.875
20151126 19:10 4
20151126 19:20 4.25
20151126 19:30 4.375
20151126 19:40 4.375
20151126 19:50 4.5
20151126 20:00 4.625
20151126 20:10 4.625
20151126 20:20 4.5
20151126 20:30 4.625
20151126 20:40 4.5
20151126 20:50 4.375
20151126 21:00 4.5
20151126 21:10 4.25
20151126 21:20 4.25
20151126 21:30 3.75
20151126 21:40 3.75
20151126 21:50 3.5
20151126 22:00 3
20151126 22:10 2.75
20151126 22:20 2.625
20151126 22:30 2.625
20151126 22:40 2.375
20151126 22:50 2.5
20151126 23:00 2.25
20151126 23:10 2
20151126 23:20 2
20151126 23:30 2.125
20151126 23:40 1.5
20151126 23:50 1.5
