YYYYMMDD HH:MM measured temperature
20151104 00:00 2
20151104 00:10 1.875
20151104 00:20 1.625
20151104 00:30 2
20151104 00:40 1.75
20151104 00:50 1.75
20151104 01:00 1.625
20151104 01:10 1.375
20151104 01:20 1.5
20151104 01:30 1.5
20151104 01:40 1.375
20151104 01:50 1.25
20151104 02:00 1.125
20151104 02:10 1
20151104 02:20 1.25
20151104 02:30 1.125
20151104 02:40 1.25
20151104 02:50 1.25
20151104 03:00 1.375
20151104 03:10 1.25
20151104 03:20 1.125
20151104 03:30 1.25
20151104 03:40 1.375
20151104 03:50 1.375
20151104 04:00 1.5
20151104 04:10 1.625
20151104 04:20 1.625
20151104 04:30 1.5
20151104 04:40 1.625
20151104 04:50 1.5
20151104 05:00 1.625
20151104 05:10 1.5
20151104 05:20 1.625
20151104 05:30 1.625
20151104 05:40 1.625
20151104 05:50 1.5
20151104 06:00 1.375
20151104 06:10 1.25
20151104 06:20 1.375
20151104 06:30 1.25
20151104 06:40 1.25
20151104 06:50 1
20151104 07:00 0.75
20151104 07:10 0.875
20151104 07:20 1
20151104 07:30 0.75
20151104 07:40 0.75
20151104 07:50 0.625
20151104 08:00 0.75
20151104 08:10 0.75
20151104 08:20 0.875
20151104 08:30 1.125
20151104 08:40 1.375
20151104 08:50 2
20151104 09:00 2.25
20151104 09:10 2.375
20151104 09:20 2.625
20151104 09:30 2.875
20151104 09:40 3.25
20151104 09:50 3.625
20151104 10:00 4.25
20151104 10:10 4.875
20151104 10:20 5.375
20151104 10:30 5.75
20151104 10:40 6.375
20151104 10:50 6.875
20151104 11:00 7.25
20151104 11:10 7.625
20151104 11:20 8
20151104 11:30 8.5
20151104 11:40 9.125
20151104 11:50 9.25
20151104 12:00 9.75
20151104 12:10 10.5
20151104 12:20 11.375
20151104 12:30 11.625
20151104 12:40 12.125
20151104 12:50 12.5
20151104 13:00 13
20151104 13:10 13.125
20151104 13:20 13.875
20151104 13:30 14
20151104 13:40 14
20151104 13:50 14
20151104 14:00 14.75
20151104 14:10 15.25
20151104 14:20 15.625
20151104 14:30 16
20151104 14:40 15.625
20151104 14:50 14.875
20151104 15:00 14.5
20151104 15:10 14
20151104 15:20 13.625
20151104 15:30 13.25
20151104 15:40 12.375
20151104 15:50 11.75
20151104 16:00 11.5
20151104 16:10 11
20151104 16:20 10.75
20151104 16:30 10.375
20151104 16:40 10
20151104 16:50 9.875
20151104 17:00 9.625
20151104 17:10 9.625
20151104 17:20 9.75
20151104 17:30 9.75
20151104 17:40 9.625
20151104 17:50 9.875
20151104 18:00 10.125
20151104 18:10 9.875
20151104 18:20 10.125
20151104 18:30 10
20151104 18:40 9.625
20151104 18:50 9.625
20151104 19:00 9.375
20151104 19:10 9.5
20151104 19:20 9.5
20151104 19:30 9.625
20151104 19:40 9.5
20151104 19:50 9.625
20151104 20:00 9.75
20151104 20:10 9.625
20151104 20:20 9.625
20151104 20:30 10.125
20151104 20:40 10
20151104 20:50 10
20151104 21:00 9.875
20151104 21:10 9.875
20151104 21:20 9.5
20151104 21:30 9.125
20151104 21:40 9.125
20151104 21:50 9.125
20151104 22:00 9
20151104 22:10 9
20151104 22:20 8.75
20151104 22:30 8.5
20151104 22:40 9
20151104 22:50 9.375
20151104 23:00 9
20151104 23:10 8.75
20151104 23:20 8.5
20151104 23:30 8.5
20151104 23:40 8.25
20151104 23:50 8.75
