YYYYMMDD HH:MM measured temperature
20150415 00:00 9.125
20150415 00:10 9
20150415 00:20 8.875
20150415 00:30 8.875
20150415 00:40 8.875
20150415 00:50 8.75
20150415 01:00 8.625
20150415 01:10 8.375
20150415 01:20 8.25
20150415 01:30 7.875
20150415 01:40 8.125
20150415 01:50 8.5
20150415 02:00 8.75
20150415 02:10 8.875
20150415 02:20 9
20150415 02:30 9.125
20150415 02:40 9.25
20150415 02:50 9.25
20150415 03:00 9.25
20150415 03:10 9.25
20150415 03:20 9.25
20150415 03:30 9.25
20150415 03:40 9.25
20150415 03:50 9.25
20150415 04:00 9.375
20150415 04:10 9.375
20150415 04:20 9.375
20150415 04:30 9.375
20150415 04:40 9.375
20150415 04:50 9.375
20150415 05:00 9.25
20150415 05:10 9.125
20150415 05:20 9
20150415 05:30 8.875
20150415 05:40 8.875
20150415 05:50 8.625
20150415 06:00 8.625
20150415 06:10 8.5
20150415 06:20 8.5
20150415 06:30 8.375
20150415 06:40 8.375
20150415 06:50 8.25
20150415 07:00 8.125
20150415 07:10 8.125
20150415 07:20 8.25
20150415 07:30 8.5
20150415 07:40 8.75
20150415 07:50 9.125
20150415 08:00 9.5
20150415 08:10 9.875
20150415 08:20 10.25
20150415 08:30 10.75
20150415 08:40 11.375
20150415 08:50 11.875
20150415 09:00 12.125
20150415 09:10 12.625
20150415 09:20 13.375
20150415 09:30 13.625
20150415 09:40 14
20150415 09:50 14.75
20150415 10:00 15
20150415 10:10 15.75
20150415 10:20 16
20150415 10:30 16.5
20150415 10:40 16.875
20150415 10:50 17.25
20150415 11:00 17.75
20150415 11:10 18.25
20150415 11:20 18.5
20150415 11:30 19.125
20150415 11:40 19
20150415 11:50 19.75
20150415 12:00 19.875
20150415 12:10 20.125
20150415 12:20 20.625
20150415 12:30 21.25
20150415 12:40 21.375
20150415 12:50 21.5
20150415 13:00 22
20150415 13:10 22
20150415 13:20 22.125
20150415 13:30 23
20150415 13:40 22.5
20150415 13:50 22.5
20150415 14:00 22.75
20150415 14:10 23.875
20150415 14:20 22.875
20150415 14:30 23.125
20150415 14:40 23.5
20150415 14:50 23.625
20150415 15:00 22.875
20150415 15:10 22.375
20150415 15:20 22.75
20150415 15:30 22.5
20150415 15:40 22.75
20150415 15:50 22.5
20150415 16:00 22.25
20150415 16:10 22
20150415 16:20 21.875
20150415 16:30 22.125
20150415 16:40 21.625
20150415 16:50 21.5
20150415 17:00 21.5
20150415 17:10 21.125
20150415 17:20 21.125
20150415 17:30 20.875
20150415 17:40 20.75
20150415 17:50 19.25
20150415 18:00 18.5
20150415 18:10 18
20150415 18:20 17.625
20150415 18:30 17.25
20150415 18:40 15.875
20150415 18:50 15.125
20150415 19:00 14.875
20150415 19:10 14.875
20150415 19:20 14.75
20150415 19:30 14.25
20150415 19:40 13.375
20150415 19:50 13
20150415 20:00 12.5
20150415 20:10 11.875
20150415 20:20 11.625
20150415 20:30 11.375
20150415 20:40 11
20150415 20:50 10.75
20150415 21:00 10.5
20150415 21:10 10.25
20150415 21:20 9.75
20150415 21:30 9.625
20150415 21:40 9.5
20150415 21:50 9.375
20150415 22:00 9.5
20150415 22:10 9.625
20150415 22:20 9.5
20150415 22:30 9.75
20150415 22:40 9.5
20150415 22:50 9.625
20150415 23:00 9.5
20150415 23:10 9.5
20150415 23:20 9.5
20150415 23:30 9.375
20150415 23:40 9.375
20150415 23:50 9.5
