YYYYMMDD HH:MM measured temperature
20151215 00:00 4.75
20151215 00:10 4.75
20151215 00:20 4.75
20151215 00:30 4.875
20151215 00:40 5.125
20151215 00:50 5.125
20151215 01:00 5.125
20151215 01:10 5.125
20151215 01:20 5.25
20151215 01:30 5.125
20151215 01:40 5
20151215 01:50 5
20151215 02:00 4.875
20151215 02:10 5
20151215 02:20 5
20151215 02:30 4.875
20151215 02:40 5.125
20151215 02:50 5
20151215 03:00 5.125
20151215 03:10 5.125
20151215 03:20 5.25
20151215 03:30 5.125
20151215 03:40 5.125
20151215 03:50 5
20151215 04:00 5
20151215 04:10 5
20151215 04:20 5
20151215 04:30 5.125
20151215 04:40 5.125
20151215 04:50 5.25
20151215 05:00 5.125
20151215 05:10 5.125
20151215 05:20 5
20151215 05:30 5.125
20151215 05:40 5.125
20151215 05:50 5
20151215 06:00 5
20151215 06:10 5
20151215 06:20 4.75
20151215 06:30 4.5
20151215 06:40 4
20151215 06:50 3.75
20151215 07:00 3.625
20151215 07:10 3.875
20151215 07:20 3.75
20151215 07:30 3.75
20151215 07:40 3.75
20151215 07:50 4
20151215 08:00 4
20151215 08:10 4
20151215 08:20 4
20151215 08:30 4.25
20151215 08:40 4.375
20151215 08:50 4.25
20151215 09:00 4.375
20151215 09:10 4.25
20151215 09:20 4.375
20151215 09:30 4.25
20151215 09:40 4.5
20151215 09:50 4.625
20151215 10:00 4.75
20151215 10:10 4.75
20151215 10:20 5
20151215 10:30 5
20151215 10:40 5.125
20151215 10:50 5.25
20151215 11:00 5.25
20151215 11:10 5.375
20151215 11:20 5.5
20151215 11:30 5.625
20151215 11:40 5.625
20151215 11:50 5.875
20151215 12:00 5.875
20151215 12:10 6.125
20151215 12:20 6.125
20151215 12:30 6.125
20151215 12:40 6.125
20151215 12:50 6.25
20151215 13:00 6.375
20151215 13:10 6.375
20151215 13:20 6.375
20151215 13:30 6.375
20151215 13:40 6.5
20151215 13:50 6.5
20151215 14:00 6.5
20151215 14:10 6.5
20151215 14:20 6.5
20151215 14:30 6.375
20151215 14:40 6.5
20151215 14:50 6.375
20151215 15:00 6.375
20151215 15:10 6.25
20151215 15:20 6.25
20151215 15:30 6
20151215 15:40 6
20151215 15:50 5.5
20151215 16:00 5.125
20151215 16:10 5.125
20151215 16:20 5.375
20151215 16:30 5.75
20151215 16:40 5.75
20151215 16:50 5.75
20151215 17:00 5.875
20151215 17:10 6
20151215 17:20 6
20151215 17:30 6.125
20151215 17:40 6
20151215 17:50 5.875
20151215 18:00 5.75
20151215 18:10 5.75
20151215 18:20 5.75
20151215 18:30 5.75
20151215 18:40 5.75
20151215 18:50 5.625
20151215 19:00 5.625
20151215 19:10 5.625
20151215 19:20 5.625
20151215 19:30 5.625
20151215 19:40 5.625
20151215 19:50 5.625
20151215 20:00 5.625
20151215 20:10 5.5
20151215 20:20 5.5
20151215 20:30 5.5
20151215 20:40 5.375
20151215 20:50 5.375
20151215 21:00 5.375
20151215 21:10 5.5
20151215 21:20 5.5
20151215 21:30 5.375
20151215 21:40 5.375
20151215 21:50 5.375
20151215 22:00 5.375
20151215 22:10 5.375
20151215 22:20 5.125
20151215 22:30 5
20151215 22:40 4.75
20151215 22:50 4.875
20151215 23:00 4.875
20151215 23:10 4.75
20151215 23:20 4.875
20151215 23:30 4.75
20151215 23:40 4.75
20151215 23:50 4.75
