YYYYMMDD HH:MM measured temperature
20150301 00:00 3.625
20150301 00:10 3.5
20150301 00:20 3.75
20150301 00:30 3.75
20150301 00:40 3.75
20150301 00:50 3.875
20150301 01:00 4
20150301 01:10 4
20150301 01:20 4
20150301 01:30 4
20150301 01:40 4.125
20150301 01:50 4
20150301 02:00 4.125
20150301 02:10 4.25
20150301 02:20 4.25
20150301 02:30 4.25
20150301 02:40 4.25
20150301 02:50 4.25
20150301 03:00 4.25
20150301 03:10 4.25
20150301 03:20 4.375
20150301 03:30 4.5
20150301 03:40 4.125
20150301 03:50 4.25
20150301 04:00 4.375
20150301 04:10 4.375
20150301 04:20 4.25
20150301 04:30 4.125
20150301 04:40 3.875
20150301 04:50 3.75
20150301 05:00 3.75
20150301 05:10 3.5
20150301 05:20 3.5
20150301 05:30 3.375
20150301 05:40 3.25
20150301 05:50 3.25
20150301 06:00 3.25
20150301 06:10 3.125
20150301 06:20 3.25
20150301 06:30 3.25
20150301 06:40 3.125
20150301 06:50 3.125
20150301 07:00 3.25
20150301 07:10 3.25
20150301 07:20 3.25
20150301 07:30 3.375
20150301 07:40 3.375
20150301 07:50 3.375
20150301 08:00 3.5
20150301 08:10 3.625
20150301 08:20 3.625
20150301 08:30 3.875
20150301 08:40 3.875
20150301 08:50 4
20150301 09:00 4.125
20150301 09:10 4.25
20150301 09:20 4.375
20150301 09:30 4.5
20150301 09:40 4.625
20150301 09:50 4.75
20150301 10:00 5
20150301 10:10 5.25
20150301 10:20 5.625
20150301 10:30 5.875
20150301 10:40 6
20150301 10:50 6.375
20150301 11:00 6.375
20150301 11:10 6.375
20150301 11:20 6.375
20150301 11:30 6.625
20150301 11:40 7
20150301 11:50 7.5
20150301 12:00 8.125
20150301 12:10 9.625
20150301 12:20 8.625
20150301 12:30 11.875
20150301 12:40 11.25
20150301 12:50 9.5
20150301 13:00 13.25
20150301 13:10 13.625
20150301 13:20 11.5
20150301 13:30 9.75
20150301 13:40 12.75
20150301 13:50 10.25
20150301 14:00 12.875
20150301 14:10 8.625
20150301 14:20 10.75
20150301 14:30 9.625
20150301 14:40 9.25
20150301 14:50 8.5
20150301 15:00 7.75
20150301 15:10 7.25
20150301 15:20 7.25
20150301 15:30 8.5
20150301 15:40 7.625
20150301 15:50 7.75
20150301 16:00 7.875
20150301 16:10 8.5
20150301 16:20 8.5
20150301 16:30 7.75
20150301 16:40 7.5
20150301 16:50 8.125
20150301 17:00 7.625
20150301 17:10 7.25
20150301 17:20 6.875
20150301 17:30 6.75
20150301 17:40 6.5
20150301 17:50 6.375
20150301 18:00 6.375
20150301 18:10 6.375
20150301 18:20 6.25
20150301 18:30 5.75
20150301 18:40 5.625
20150301 18:50 5.625
20150301 19:00 5.5
20150301 19:10 5.5
20150301 19:20 5.5
20150301 19:30 4.875
20150301 19:40 4.375
20150301 19:50 4.25
20150301 20:00 3.75
20150301 20:10 3.875
20150301 20:20 3.875
20150301 20:30 3.5
20150301 20:40 3.5
20150301 20:50 3.5
20150301 21:00 3.5
20150301 21:10 3.5
20150301 21:20 3.375
20150301 21:30 3.375
20150301 21:40 3.375
20150301 21:50 3.375
20150301 22:00 3.25
20150301 22:10 3
20150301 22:20 3
20150301 22:30 3.125
20150301 22:40 3.125
20150301 22:50 3
20150301 23:00 3
20150301 23:10 3
20150301 23:20 3.125
20150301 23:30 3.125
20150301 23:40 3.25
20150301 23:50 3.375
