YYYYMMDD HH:MM measured temperature
20150612 00:00 14
20150612 00:10 13.875
20150612 00:20 13.75
20150612 00:30 13.5
20150612 00:40 13.625
20150612 00:50 13.5
20150612 01:00 13.375
20150612 01:10 13.125
20150612 01:20 12.875
20150612 01:30 12.875
20150612 01:40 12.75
20150612 01:50 12.5
20150612 02:00 12.5
20150612 02:10 12.375
20150612 02:20 12.25
20150612 02:30 12.25
20150612 02:40 12.375
20150612 02:50 12.375
20150612 03:00 12.5
20150612 03:10 12.5
20150612 03:20 12.75
20150612 03:30 12.75
20150612 03:40 12.625
20150612 03:50 12.625
20150612 04:00 12.25
20150612 04:10 12
20150612 04:20 11.75
20150612 04:30 11.625
20150612 04:40 11.5
20150612 04:50 11.375
20150612 05:00 11.625
20150612 05:10 11.875
20150612 05:20 12
20150612 05:30 11.875
20150612 05:40 12
20150612 05:50 12.125
20150612 06:00 12.25
20150612 06:10 12.375
20150612 06:20 12.375
20150612 06:30 12.625
20150612 06:40 12.75
20150612 06:50 13.125
20150612 07:00 13.5
20150612 07:10 14
20150612 07:20 14.25
20150612 07:30 14.75
20150612 07:40 15.125
20150612 07:50 15.375
20150612 08:00 16.25
20150612 08:10 16.75
20150612 08:20 17
20150612 08:30 17.25
20150612 08:40 17.25
20150612 08:50 17.125
20150612 09:00 18.125
20150612 09:10 19
20150612 09:20 20
20150612 09:30 19.625
20150612 09:40 21.375
20150612 09:50 21.875
20150612 10:00 22.5
20150612 10:10 22.875
20150612 10:20 22.875
20150612 10:30 23
20150612 10:40 23.25
20150612 10:50 23.75
20150612 11:00 24.25
20150612 11:10 24.125
20150612 11:20 25.25
20150612 11:30 24.875
20150612 11:40 25.25
20150612 11:50 26
20150612 12:00 25.375
20150612 12:10 25.5
20150612 12:20 25.875
20150612 12:30 25.75
20150612 12:40 26
20150612 12:50 25.875
20150612 13:00 24.875
20150612 13:10 27.125
20150612 13:20 28.25
20150612 13:30 27.75
20150612 13:40 28.125
20150612 13:50 26.125
20150612 14:00 27.375
20150612 14:10 27.25
20150612 14:20 27.125
20150612 14:30 28.5
20150612 14:40 27.875
20150612 14:50 27.25
20150612 15:00 28.25
20150612 15:10 28.625
20150612 15:20 28.875
20150612 15:30 27.875
20150612 15:40 28.125
20150612 15:50 26.875
20150612 16:00 26
20150612 16:10 28.125
20150612 16:20 28.25
20150612 16:30 28
20150612 16:40 27.25
20150612 16:50 28.125
20150612 17:00 28
20150612 17:10 27.375
20150612 17:20 26.25
20150612 17:30 27.125
20150612 17:40 27.5
20150612 17:50 26.875
20150612 18:00 27
20150612 18:10 26.75
20150612 18:20 26.875
20150612 18:30 26.25
20150612 18:40 26.5
20150612 18:50 26.375
20150612 19:00 26.125
20150612 19:10 26
20150612 19:20 25.625
20150612 19:30 25.5
20150612 19:40 25.875
20150612 19:50 25.375
20150612 20:00 25.25
20150612 20:10 24.875
20150612 20:20 24.75
20150612 20:30 24.75
20150612 20:40 24
20150612 20:50 23.625
20150612 21:00 22.875
20150612 21:10 22.25
20150612 21:20 21.75
20150612 21:30 21.25
20150612 21:40 20.75
20150612 21:50 20.25
20150612 22:00 19.75
20150612 22:10 19.375
20150612 22:20 18.75
20150612 22:30 18.5
20150612 22:40 18.125
20150612 22:50 18
20150612 23:00 17.75
20150612 23:10 17.5
20150612 23:20 17.25
20150612 23:30 17.25
20150612 23:40 17.5
20150612 23:50 17.375
