YYYYMMDD HH:MM measured temperature
20150102 00:00 4.875
20150102 00:10 4.875
20150102 00:20 5
20150102 00:30 5
20150102 00:40 4.4375
20150102 00:50 4.0625
20150102 01:00 4.3125
20150102 01:10 4.3125
20150102 01:20 4.5
20150102 01:30 4.75
20150102 01:40 5
20150102 01:50 4.6875
20150102 02:00 4.4375
20150102 02:10 4.5
20150102 02:20 4.875
20150102 02:30 4.75
20150102 02:40 4.4375
20150102 02:50 4.25
20150102 03:00 4.375
20150102 03:10 4.4375
20150102 03:20 4.625
20150102 03:30 4.625
20150102 03:40 4.8125
20150102 03:50 4.6875
20150102 04:00 4.75
20150102 04:10 4.6875
20150102 04:20 4.75
20150102 04:30 4.8125
20150102 04:40 4.75
20150102 04:50 4.625
20150102 05:00 4.75
20150102 05:10 4.875
20150102 05:20 5
20150102 05:30 5
20150102 05:40 5
20150102 05:50 5
20150102 06:00 5
20150102 06:10 5
20150102 06:20 5
20150102 06:30 5.125
20150102 06:40 5.25
20150102 06:50 5.25
20150102 07:00 5.375
20150102 07:10 5.625
20150102 07:20 6
20150102 07:30 6
20150102 07:40 6
20150102 07:50 6
20150102 08:00 6
20150102 08:10 6
20150102 08:20 6
20150102 08:30 6
20150102 08:40 6
20150102 08:50 6
20150102 09:00 6
20150102 09:10 6
20150102 09:20 6
20150102 09:30 6
20150102 09:40 6
20150102 09:50 6
20150102 10:00 6
20150102 10:10 6
20150102 10:20 6
20150102 10:30 6
20150102 10:40 6
20150102 10:50 6
20150102 11:00 6
20150102 11:10 6
20150102 11:20 6
20150102 11:30 6
20150102 11:40 6
20150102 11:50 6
20150102 12:00 6
20150102 12:10 6
20150102 12:20 6
20150102 12:30 6
20150102 12:40 6
20150102 12:50 6
20150102 13:00 6
20150102 13:10 6
20150102 13:20 6
20150102 13:30 6
20150102 13:40 6
20150102 13:50 6
20150102 14:00 6
20150102 14:10 6
20150102 14:20 6
20150102 14:30 6
20150102 14:40 6
20150102 14:50 6
20150102 15:00 6
20150102 15:10 7.5
20150102 15:20 7.125
20150102 15:30 7
20150102 15:40 6.875
20150102 15:50 6.875
20150102 16:00 6.875
20150102 16:10 6.875
20150102 16:20 6.875
20150102 16:30 6.75
20150102 16:40 6.875
20150102 16:50 6.75
20150102 17:00 6.75
20150102 17:10 6.625
20150102 17:20 6.5
20150102 17:30 6.3125
20150102 17:40 6.375
20150102 17:50 6.4375
20150102 18:00 6.5
20150102 18:10 6.3125
20150102 18:20 6.25
20150102 18:30 6
20150102 18:40 5.875
20150102 18:50 5.875
20150102 19:00 5.75
20150102 19:10 5.75
20150102 19:20 6
20150102 19:30 6
20150102 19:40 6
20150102 19:50 5.9375
20150102 20:00 6
20150102 20:10 5.75
20150102 20:20 5.625
20150102 20:30 5.5
20150102 20:40 5.5
20150102 20:50 5.5
20150102 21:00 5.5
20150102 21:10 5.125
20150102 21:20 5.125
20150102 21:30 5.25
20150102 21:40 5.125
20150102 21:50 5.0625
20150102 22:00 5.1
20150102 22:10 5.125
20150102 22:20 5
20150102 22:30 4.875
20150102 22:40 5.25
20150102 22:50 5.3125
20150102 23:00 5.3125
20150102 23:10 5
20150102 23:20 4.875
20150102 23:30 4.625
20150102 23:40 4.6875
20150102 23:50 5
