YYYYMMDD HH:MM measured temperature
20150217 00:00 -0.125
20150217 00:10 -0.125
20150217 00:20 -0.375
20150217 00:30 -0.25
20150217 00:40 -0.375
20150217 00:50 -0.5
20150217 01:00 -0.625
20150217 01:10 -0.625
20150217 01:20 -0.75
20150217 01:30 -0.875
20150217 01:40 -0.875
20150217 01:50 -1
20150217 02:00 -1.125
20150217 02:10 -1.375
20150217 02:20 -1.5
20150217 02:30 -1.5
20150217 02:40 -1.5
20150217 02:50 -1.5
20150217 03:00 -1.375
20150217 03:10 -1.5
20150217 03:20 -1.5
20150217 03:30 -1.5
20150217 03:40 -1.75
20150217 03:50 -1.875
20150217 04:00 -1.875
20150217 04:10 -1.75
20150217 04:20 -1.875
20150217 04:30 -1.875
20150217 04:40 -2.125
20150217 04:50 -2.25
20150217 05:00 -2
20150217 05:10 -2.375
20150217 05:20 -2.5
20150217 05:30 -2.375
20150217 05:40 -2.125
20150217 05:50 -2.25
20150217 06:00 -2.125
20150217 06:10 -2.125
20150217 06:20 -2
20150217 06:30 -2
20150217 06:40 -2.375
20150217 06:50 -2.375
20150217 07:00 -2.625
20150217 07:10 -2.375
20150217 07:20 -2.5
20150217 07:30 -2.5
20150217 07:40 -2.5
20150217 07:50 -2.375
20150217 08:00 -2.375
20150217 08:10 -2.125
20150217 08:20 -2.375
20150217 08:30 -2
20150217 08:40 -2
20150217 08:50 -1.5
20150217 09:00 -1.25
20150217 09:10 -1.25
20150217 09:20 -1
20150217 09:30 -0.875
20150217 09:40 -0.625
20150217 09:50 -0.125
20150217 10:00 0.125
20150217 10:10 0.5
20150217 10:20 0.875
20150217 10:30 1.125
20150217 10:40 1.125
20150217 10:50 1
20150217 11:00 1.25
20150217 11:10 1.25
20150217 11:20 1.75
20150217 11:30 1.75
20150217 11:40 1.625
20150217 11:50 1.375
20150217 12:00 1.625
20150217 12:10 1.625
20150217 12:20 1.75
20150217 12:30 1.75
20150217 12:40 1.75
20150217 12:50 1.875
20150217 13:00 1.875
20150217 13:10 2
20150217 13:20 2.25
20150217 13:30 2.375
20150217 13:40 2.625
20150217 13:50 2.75
20150217 14:00 2.75
20150217 14:10 2.875
20150217 14:20 3
20150217 14:30 3
20150217 14:40 3.125
20150217 14:50 3.25
20150217 15:00 3.125
20150217 15:10 3.25
20150217 15:20 3.25
20150217 15:30 3.125
20150217 15:40 3.125
20150217 15:50 3.125
20150217 16:00 3.125
20150217 16:10 3.125
20150217 16:20 3.125
20150217 16:30 3.125
20150217 16:40 3.125
20150217 16:50 3.25
20150217 17:00 3.125
20150217 17:10 3.25
20150217 17:20 3.125
20150217 17:30 3.125
20150217 17:40 3.25
20150217 17:50 3.125
20150217 18:00 3.25
20150217 18:10 3.25
20150217 18:20 3.25
20150217 18:30 3.25
20150217 18:40 3.25
20150217 18:50 3.25
20150217 19:00 3.375
20150217 19:10 3.375
20150217 19:20 3.375
20150217 19:30 3.375
20150217 19:40 3.375
20150217 19:50 3.375
20150217 20:00 3.25
20150217 20:10 3.25
20150217 20:20 3.125
20150217 20:30 2.875
20150217 20:40 2.75
20150217 20:50 2.375
20150217 21:00 2.75
20150217 21:10 2.375
20150217 21:20 2.125
20150217 21:30 2
20150217 21:40 2.125
20150217 21:50 1.5
20150217 22:00 1.625
20150217 22:10 1.625
20150217 22:20 1.5
20150217 22:30 1.5
20150217 22:40 1.5
20150217 22:50 1.5
20150217 23:00 1.375
20150217 23:10 1.125
20150217 23:20 0.875
20150217 23:30 0.75
20150217 23:40 0.625
20150217 23:50 0.625
