YYYYMMDD HH:MM measured temperature
20150723 00:00 14.75
20150723 00:10 14.375
20150723 00:20 14.375
20150723 00:30 14.25
20150723 00:40 13.875
20150723 00:50 13.75
20150723 01:00 13.5
20150723 01:10 13.25
20150723 01:20 13.25
20150723 01:30 13.25
20150723 01:40 13.25
20150723 01:50 12.875
20150723 02:00 12.625
20150723 02:10 12.625
20150723 02:20 12.75
20150723 02:30 12.5
20150723 02:40 12.25
20150723 02:50 12.625
20150723 03:00 12.875
20150723 03:10 12.875
20150723 03:20 13.125
20150723 03:30 13.25
20150723 03:40 13.25
20150723 03:50 13.375
20150723 04:00 13.375
20150723 04:10 13.5
20150723 04:20 13.625
20150723 04:30 13.625
20150723 04:40 13.25
20150723 04:50 13.25
20150723 05:00 13
20150723 05:10 13
20150723 05:20 12.875
20150723 05:30 13
20150723 05:40 13.125
20150723 05:50 13.125
20150723 06:00 13.125
20150723 06:10 13.125
20150723 06:20 13.75
20150723 06:30 14.125
20150723 06:40 14.375
20150723 06:50 14.75
20150723 07:00 15.125
20150723 07:10 15.375
20150723 07:20 15.75
20150723 07:30 16
20150723 07:40 16.375
20150723 07:50 16.375
20150723 08:00 16.5
20150723 08:10 16.75
20150723 08:20 17.25
20150723 08:30 17.375
20150723 08:40 18.375
20150723 08:50 17.25
20150723 09:00 17.875
20150723 09:10 18.25
20150723 09:20 18.5
20150723 09:30 18.875
20150723 09:40 19
20150723 09:50 19.75
20150723 10:00 19.75
20150723 10:10 18.75
20150723 10:20 19.75
20150723 10:30 19.125
20150723 10:40 18.375
20150723 10:50 19.25
20150723 11:00 20
20150723 11:10 21
20150723 11:20 18.625
20150723 11:30 17.875
20150723 11:40 18.125
20150723 11:50 17.875
20150723 12:00 17.375
20150723 12:10 18
20150723 12:20 19.75
20150723 12:30 17.375
20150723 12:40 17.875
20150723 12:50 18
20150723 13:00 19.375
20150723 13:10 18.75
20150723 13:20 19.875
20150723 13:30 20.375
20150723 13:40 20.375
20150723 13:50 19.25
20150723 14:00 20.875
20150723 14:10 19.375
20150723 14:20 20.125
20150723 14:30 19.125
20150723 14:40 19.625
20150723 14:50 21.125
20150723 15:00 19.75
20150723 15:10 19.875
20150723 15:20 19.875
20150723 15:30 20.375
20150723 15:40 19.75
20150723 15:50 19.75
20150723 16:00 19.25
20150723 16:10 19.875
20150723 16:20 19.375
20150723 16:30 19.375
20150723 16:40 20.5
20150723 16:50 21
20150723 17:00 20.125
20150723 17:10 20.5
20150723 17:20 20.125
20150723 17:30 20.375
20150723 17:40 19.5
20150723 17:50 19.25
20150723 18:00 19.5
20150723 18:10 19.625
20150723 18:20 19.125
20150723 18:30 19.125
20150723 18:40 18.625
20150723 18:50 18.75
20150723 19:00 18.625
20150723 19:10 18.75
20150723 19:20 18.25
20150723 19:30 18.375
20150723 19:40 18.25
20150723 19:50 18.125
20150723 20:00 18.125
20150723 20:10 18.125
20150723 20:20 17.75
20150723 20:30 17.375
20150723 20:40 17.125
20150723 20:50 16.875
20150723 21:00 16.5
20150723 21:10 16
20150723 21:20 15.25
20150723 21:30 14.625
20150723 21:40 14.375
20150723 21:50 13.875
20150723 22:00 13.625
20150723 22:10 13.375
20150723 22:20 13.375
20150723 22:30 13.125
20150723 22:40 13
20150723 22:50 12.75
20150723 23:00 12.375
20150723 23:10 12.25
20150723 23:20 12
20150723 23:30 11.875
20150723 23:40 11.75
20150723 23:50 11.625
