YYYYMMDD HH:MM measured temperature
20150619 00:00 10
20150619 00:10 9.875
20150619 00:20 9.75
20150619 00:30 9.625
20150619 00:40 9.75
20150619 00:50 9.875
20150619 01:00 9.75
20150619 01:10 9.625
20150619 01:20 9.75
20150619 01:30 9.75
20150619 01:40 9.75
20150619 01:50 9.75
20150619 02:00 9.75
20150619 02:10 9.75
20150619 02:20 9.875
20150619 02:30 9.875
20150619 02:40 9.875
20150619 02:50 9.875
20150619 03:00 9.875
20150619 03:10 9.875
20150619 03:20 9.875
20150619 03:30 9.875
20150619 03:40 9.75
20150619 03:50 9.75
20150619 04:00 9.75
20150619 04:10 9.625
20150619 04:20 9.5
20150619 04:30 9.375
20150619 04:40 9.375
20150619 04:50 9.375
20150619 05:00 9.25
20150619 05:10 9.375
20150619 05:20 9.375
20150619 05:30 9.375
20150619 05:40 9.375
20150619 05:50 9.25
20150619 06:00 9.375
20150619 06:10 9.375
20150619 06:20 9.375
20150619 06:30 9.375
20150619 06:40 9.5
20150619 06:50 9.75
20150619 07:00 9.625
20150619 07:10 9.75
20150619 07:20 9.75
20150619 07:30 10.25
20150619 07:40 10.5
20150619 07:50 10.375
20150619 08:00 10.5
20150619 08:10 10.625
20150619 08:20 10.75
20150619 08:30 11
20150619 08:40 11.5
20150619 08:50 11.25
20150619 09:00 10.875
20150619 09:10 11
20150619 09:20 11.875
20150619 09:30 12.625
20150619 09:40 12.625
20150619 09:50 12.25
20150619 10:00 12.125
20150619 10:10 12.375
20150619 10:20 12.5
20150619 10:30 13.5
20150619 10:40 13.5
20150619 10:50 12.75
20150619 11:00 13.875
20150619 11:10 13.125
20150619 11:20 12.375
20150619 11:30 13
20150619 11:40 13
20150619 11:50 13.75
20150619 12:00 14.375
20150619 12:10 15.625
20150619 12:20 15.125
20150619 12:30 14.25
20150619 12:40 14.875
20150619 12:50 15.375
20150619 13:00 14.625
20150619 13:10 15.5
20150619 13:20 14.75
20150619 13:30 14.625
20150619 13:40 16
20150619 13:50 16
20150619 14:00 15.625
20150619 14:10 16
20150619 14:20 14.5
20150619 14:30 16.625
20150619 14:40 17.625
20150619 14:50 15.875
20150619 15:00 15.5
20150619 15:10 16.125
20150619 15:20 16.125
20150619 15:30 14.875
20150619 15:40 15.25
20150619 15:50 15.25
20150619 16:00 15.125
20150619 16:10 14.375
20150619 16:20 14.875
20150619 16:30 14.625
20150619 16:40 14.875
20150619 16:50 14.5
20150619 17:00 14.125
20150619 17:10 14.25
20150619 17:20 14
20150619 17:30 14.125
20150619 17:40 13.75
20150619 17:50 14
20150619 18:00 14
20150619 18:10 14.125
20150619 18:20 13.75
20150619 18:30 13.5
20150619 18:40 13.875
20150619 18:50 13.5
20150619 19:00 13.25
20150619 19:10 13
20150619 19:20 13
20150619 19:30 13.125
20150619 19:40 12.875
20150619 19:50 12.5
20150619 20:00 12.5625
20150619 20:10 12.5
20150619 20:20 12.25
20150619 20:30 12.125
20150619 20:40 12.25
20150619 20:50 12.25
20150619 21:00 11.875
20150619 21:10 11.75
20150619 21:20 11.625
20150619 21:30 11.75
20150619 21:40 11.375
20150619 21:50 11.125
20150619 22:00 10.875
20150619 22:10 10.75
20150619 22:20 10.75
20150619 22:30 10.625
20150619 22:40 10.625
20150619 22:50 10.5
20150619 23:00 10.625
20150619 23:10 10.5
20150619 23:20 10.375
20150619 23:30 10.375
20150619 23:40 10.25
20150619 23:50 10.375
