YYYYMMDD HH:MM measured temperature
20151209 00:00 9.125
20151209 00:10 9.125
20151209 00:20 9.25
20151209 00:30 9.125
20151209 00:40 9
20151209 00:50 9
20151209 01:00 9
20151209 01:10 9
20151209 01:20 9
20151209 01:30 9
20151209 01:40 9
20151209 01:50 9.125
20151209 02:00 9.25
20151209 02:10 9.25
20151209 02:20 9.25
20151209 02:30 9.375
20151209 02:40 9.375
20151209 02:50 9.375
20151209 03:00 9.375
20151209 03:10 9.375
20151209 03:20 9.5
20151209 03:30 9.375
20151209 03:40 9.375
20151209 03:50 9.375
20151209 04:00 9.375
20151209 04:10 9.25
20151209 04:20 9.125
20151209 04:30 8.875
20151209 04:40 8.5
20151209 04:50 8.375
20151209 05:00 8.375
20151209 05:10 8.5
20151209 05:20 8.375
20151209 05:30 8.25
20151209 05:40 8.125
20151209 05:50 8
20151209 06:00 8
20151209 06:10 8
20151209 06:20 8
20151209 06:30 8.125
20151209 06:40 8.25
20151209 06:50 8.375
20151209 07:00 8.25
20151209 07:10 8.125
20151209 07:20 8.25
20151209 07:30 8.125
20151209 07:40 8
20151209 07:50 8
20151209 08:00 7.875
20151209 08:10 7.875
20151209 08:20 7.875
20151209 08:30 7.875
20151209 08:40 7.875
20151209 08:50 8
20151209 09:00 8
20151209 09:10 7.875
20151209 09:20 8
20151209 09:30 7.5
20151209 09:40 7.75
20151209 09:50 7.625
20151209 10:00 8
20151209 10:10 7.75
20151209 10:20 7.75
20151209 10:30 8.125
20151209 10:40 8.125
20151209 10:50 8
20151209 11:00 8
20151209 11:10 8.125
20151209 11:20 8.125
20151209 11:30 8.25
20151209 11:40 8.375
20151209 11:50 8.5
20151209 12:00 8.75
20151209 12:10 8.75
20151209 12:20 8.5
20151209 12:30 9
20151209 12:40 8.625
20151209 12:50 9.5
20151209 13:00 10
20151209 13:10 9.75
20151209 13:20 9.75
20151209 13:30 9.375
20151209 13:40 9.75
20151209 13:50 9.125
20151209 14:00 9.125
20151209 14:10 8.875
20151209 14:20 8.75
20151209 14:30 8.375
20151209 14:40 8.25
20151209 14:50 8
20151209 15:00 7.75
20151209 15:10 7.625
20151209 15:20 7.375
20151209 15:30 7.25
20151209 15:40 7
20151209 15:50 6.75
20151209 16:00 6.5
20151209 16:10 6.375
20151209 16:20 6
20151209 16:30 5.75
20151209 16:40 5.75
20151209 16:50 5.75
20151209 17:00 5.5
20151209 17:10 5.25
20151209 17:20 5
20151209 17:30 5.125
20151209 17:40 5.125
20151209 17:50 5
20151209 18:00 4.875
20151209 18:10 4.75
20151209 18:20 4.5
20151209 18:30 4.5
20151209 18:40 4.5
20151209 18:50 4.125
20151209 19:00 4.125
20151209 19:10 4.375
20151209 19:20 4.375
20151209 19:30 4.375
20151209 19:40 4.25
20151209 19:50 4
20151209 20:00 4
20151209 20:10 4
20151209 20:20 4
20151209 20:30 3.875
20151209 20:40 3.875
20151209 20:50 3.75
20151209 21:00 3.625
20151209 21:10 3.875
20151209 21:20 3.875
20151209 21:30 4.125
20151209 21:40 4.25
20151209 21:50 4.375
20151209 22:00 4.375
20151209 22:10 4.5
20151209 22:20 4.25
20151209 22:30 4.375
20151209 22:40 4.25
20151209 22:50 4.125
20151209 23:00 4.375
20151209 23:10 4.375
20151209 23:20 4.375
20151209 23:30 4.5
20151209 23:40 4.375
20151209 23:50 4.375
