YYYYMMDD HH:MM measured temperature
20150625 00:00 13.625
20150625 00:10 13.375
20150625 00:20 13.125
20150625 00:30 13.125
20150625 00:40 13.125
20150625 00:50 12.625
20150625 01:00 12.125
20150625 01:10 11.875
20150625 01:20 11.75
20150625 01:30 11.875
20150625 01:40 11.875
20150625 01:50 12
20150625 02:00 12.125
20150625 02:10 12.125
20150625 02:20 12.125
20150625 02:30 12.25
20150625 02:40 12.25
20150625 02:50 12.25
20150625 03:00 12.25
20150625 03:10 12.375
20150625 03:20 12.25
20150625 03:30 12.125
20150625 03:40 11.75
20150625 03:50 11.375
20150625 04:00 11.125
20150625 04:10 11
20150625 04:20 11
20150625 04:30 11
20150625 04:40 11.125
20150625 04:50 11.125
20150625 05:00 11.25
20150625 05:10 11.625
20150625 05:20 11.625
20150625 05:30 11.875
20150625 05:40 11.875
20150625 05:50 11.75
20150625 06:00 11.75
20150625 06:10 12
20150625 06:20 12.25
20150625 06:30 12.625
20150625 06:40 12.75
20150625 06:50 13
20150625 07:00 13.25
20150625 07:10 13.5
20150625 07:20 13.625
20150625 07:30 13.875
20150625 07:40 14.25
20150625 07:50 14.625
20150625 08:00 14.875
20150625 08:10 15.125
20150625 08:20 15.25
20150625 08:30 15.25
20150625 08:40 15.375
20150625 08:50 16.125
20150625 09:00 16.625
20150625 09:10 17.625
20150625 09:20 17.625
20150625 09:30 17.375
20150625 09:40 17.125
20150625 09:50 17.125
20150625 10:00 18
20150625 10:10 17.5
20150625 10:20 17.625
20150625 10:30 18.125
20150625 10:40 19
20150625 10:50 19.75
20150625 11:00 20.5
20150625 11:10 20.875
20150625 11:20 20.875
20150625 11:30 20.875
20150625 11:40 21.75
20150625 11:50 21
20150625 12:00 20.75
20150625 12:10 20.5
20150625 12:20 20.25
20150625 12:30 19.125
20150625 12:40 18.875
20150625 12:50 18.875
20150625 13:00 18.625
20150625 13:10 19
20150625 13:20 19.5
20150625 13:30 19.875
20150625 13:40 20.25
20150625 13:50 20.375
20150625 14:00 22.125
20150625 14:10 22.75
20150625 14:20 23.75
20150625 14:30 24.25
20150625 14:40 23.5
20150625 14:50 23.625
20150625 15:00 23.125
20150625 15:10 23.5
20150625 15:20 23.125
20150625 15:30 24.125
20150625 15:40 22.625
20150625 15:50 22.875
20150625 16:00 22.875
20150625 16:10 23.75
20150625 16:20 23.75
20150625 16:30 23.75
20150625 16:40 24.5
20150625 16:50 23.75
20150625 17:00 24.375
20150625 17:10 23
20150625 17:20 23.125
20150625 17:30 23.375
20150625 17:40 22.5
20150625 17:50 21.75
20150625 18:00 21.25
20150625 18:10 21
20150625 18:20 20.25
20150625 18:30 18.125
20150625 18:40 18.375
20150625 18:50 18.625
20150625 19:00 18.75
20150625 19:10 19
20150625 19:20 18.75
20150625 19:30 18.875
20150625 19:40 19.375
20150625 19:50 19.5
20150625 20:00 19.125
20150625 20:10 19.25
20150625 20:20 19
20150625 20:30 19.25
20150625 20:40 19.125
20150625 20:50 18.75
20150625 21:00 18.5
20150625 21:10 18.375
20150625 21:20 17.875
20150625 21:30 17.75
20150625 21:40 17.875
20150625 21:50 17.625
20150625 22:00 17.375
20150625 22:10 17
20150625 22:20 17.125
20150625 22:30 17
20150625 22:40 17
20150625 22:50 16.75
20150625 23:00 16.625
20150625 23:10 16.5
20150625 23:20 16.5
20150625 23:30 16.375
20150625 23:40 16.125
20150625 23:50 16
