YYYYMMDD HH:MM measured temperature
20150205 00:00 -1.375
20150205 00:10 -1.375
20150205 00:20 -1.5
20150205 00:30 -1.5
20150205 00:40 -1.5
20150205 00:50 -1.5
20150205 01:00 -1.5
20150205 01:10 -1.5
20150205 01:20 -1.375
20150205 01:30 -1.5
20150205 01:40 -1.375
20150205 01:50 -1.375
20150205 02:00 -1.375
20150205 02:10 -1.375
20150205 02:20 -1.5
20150205 02:30 -1.5
20150205 02:40 -1.5
20150205 02:50 -1.625
20150205 03:00 -1.625
20150205 03:10 -1.75
20150205 03:20 -1.75
20150205 03:30 -1.625
20150205 03:40 -1.625
20150205 03:50 -1.75
20150205 04:00 -1.75
20150205 04:10 -1.875
20150205 04:20 -1.75
20150205 04:30 -2
20150205 04:40 -2
20150205 04:50 -1.875
20150205 05:00 -2
20150205 05:10 -2
20150205 05:20 -1.875
20150205 05:30 -1.75
20150205 05:40 -2
20150205 05:50 -2
20150205 06:00 -2
20150205 06:10 -2
20150205 06:20 -1.875
20150205 06:30 -2
20150205 06:40 -2
20150205 06:50 -1.875
20150205 07:00 -1.875
20150205 07:10 -1.875
20150205 07:20 -1.875
20150205 07:30 -1.875
20150205 07:40 -1.625
20150205 07:50 -1.75
20150205 08:00 -1.75
20150205 08:10 -1.75
20150205 08:20 -1.75
20150205 08:30 -1.75
20150205 08:40 -1.625
20150205 08:50 -1.625
20150205 09:00 -1.5
20150205 09:10 -1.375
20150205 09:20 -1.375
20150205 09:30 -1.25
20150205 09:40 -1.125
20150205 09:50 -1
20150205 10:00 -1
20150205 10:10 -1.125
20150205 10:20 -1
20150205 10:30 -0.875
20150205 10:40 -0.5
20150205 10:50 -0.5
20150205 11:00 -0.5
20150205 11:10 -0.375
20150205 11:20 -0.25
20150205 11:30 -0.125
20150205 11:40 -0.125
20150205 11:50 0
20150205 12:00 0.125
20150205 12:10 0.125
20150205 12:20 0.25
20150205 12:30 0.25
20150205 12:40 0.375
20150205 12:50 0.5
20150205 13:00 0.375
20150205 13:10 0.5
20150205 13:20 0.5
20150205 13:30 0.5
20150205 13:40 0.375
20150205 13:50 0.5
20150205 14:00 0.75
20150205 14:10 0.75
20150205 14:20 0.75
20150205 14:30 0.625
20150205 14:40 0.625
20150205 14:50 1.5
20150205 15:00 1.375
20150205 15:10 1
20150205 15:20 0.75
20150205 15:30 0.625
20150205 15:40 0.875
20150205 15:50 0.625
20150205 16:00 0.625
20150205 16:10 0.5
20150205 16:20 0.25
20150205 16:30 0.125
20150205 16:40 -0.125
20150205 16:50 -0.25
20150205 17:00 -0.5
20150205 17:10 -0.875
20150205 17:20 -0.75
20150205 17:30 -0.75
20150205 17:40 -0.875
20150205 17:50 -1
20150205 18:00 -0.5
20150205 18:10 -0.375
20150205 18:20 -0.375
20150205 18:30 -0.25
20150205 18:40 -0.125
20150205 18:50 -0.25
20150205 19:00 -0.25
20150205 19:10 -0.25
20150205 19:20 -0.5
20150205 19:30 -0.625
20150205 19:40 -0.75
20150205 19:50 -0.75
20150205 20:00 -1
20150205 20:10 -0.875
20150205 20:20 -0.75
20150205 20:30 -0.625
20150205 20:40 -0.25
20150205 20:50 -0.25
20150205 21:00 -0.125
20150205 21:10 -0.125
20150205 21:20 -0.125
20150205 21:30 -0.125
20150205 21:40 0
20150205 21:50 0
20150205 22:00 0.125
20150205 22:10 -0.125
20150205 22:20 -0.125
20150205 22:30 -0.125
20150205 22:40 0
20150205 22:50 0
20150205 23:00 -0.125
20150205 23:10 -0.25
20150205 23:20 -0.25
20150205 23:30 -0.375
20150205 23:40 -0.5
20150205 23:50 -0.5
