YYYYMMDD HH:MM measured temperature
20150111 00:00 16.75
20150111 00:10 16.75
20150111 00:20 16.75
20150111 00:30 16.75
20150111 00:40 16.625
20150111 00:50 16.625
20150111 01:00 16.625
20150111 01:10 16.625
20150111 01:20 16.625
20150111 01:30 16.5
20150111 01:40 16.5
20150111 01:50 16.5
20150111 02:00 16.5
20150111 02:10 16.5
20150111 02:20 16.375
20150111 02:30 16.375
20150111 02:40 16.375
20150111 02:50 16.375
20150111 03:00 16.375
20150111 03:10 16.25
20150111 03:20 16.25
20150111 03:30 16.25
20150111 03:40 16.25
20150111 03:50 16.25
20150111 04:00 16.125
20150111 04:10 16.125
20150111 04:20 16.125
20150111 04:30 16.125
20150111 04:40 16
20150111 04:50 16
20150111 05:00 16
20150111 05:10 16
20150111 05:20 15.875
20150111 05:30 15.75
20150111 05:40 15.75
20150111 05:50 15.875
20150111 06:00 15.875
20150111 06:10 15.875
20150111 06:20 16
20150111 06:30 16.125
20150111 06:40 16.25
20150111 06:50 16.375
20150111 07:00 16.375
20150111 07:10 16.375
20150111 07:20 16.375
20150111 07:30 16.5
20150111 07:40 16.5
20150111 07:50 16.5
20150111 08:00 16.5
20150111 08:10 16.625
20150111 08:20 16.625
20150111 08:30 16.625
20150111 08:40 16.625
20150111 08:50 16.625
20150111 09:00 16.625
20150111 09:10 16.625
20150111 09:20 16.625
20150111 09:30 16.625
20150111 09:40 16.75
20150111 09:50 16.625
20150111 10:00 16.625
20150111 10:10 16.75
20150111 10:20 16.75
20150111 10:30 16.75
20150111 10:40 16.625
20150111 10:50 16.625
20150111 11:00 16.625
20150111 11:10 16.75
20150111 11:20 16.75
20150111 11:30 16.75
20150111 11:40 16.75
20150111 11:50 16.75
20150111 12:00 16.875
20150111 12:10 17.125
20150111 12:20 17.25
20150111 12:30 17
20150111 12:40 16.875
20150111 12:50 16.875
20150111 13:00 16.875
20150111 13:10 16.75
20150111 13:20 17.25
20150111 13:30 17
20150111 13:40 16.75
20150111 13:50 16.75
20150111 14:00 16.75
20150111 14:10 16.75
20150111 14:20 16.75
20150111 14:30 16.75
20150111 14:40 16.625
20150111 14:50 16.625
20150111 15:00 16.625
20150111 15:10 16.625
20150111 15:20 16.625
20150111 15:30 16.625
20150111 15:40 16.625
20150111 15:50 16.625
20150111 16:00 16.625
20150111 16:10 16.5
20150111 16:20 16.5
20150111 16:30 16.5
20150111 16:40 16.5
20150111 16:50 16.5
20150111 17:00 16.5
20150111 17:10 16.625
20150111 17:20 16.625
20150111 17:30 16.625
20150111 17:40 16.625
20150111 17:50 16.625
20150111 18:00 16.625
20150111 18:10 16.625
20150111 18:20 16.625
20150111 18:30 16.625
20150111 18:40 16.75
20150111 18:50 17
20150111 19:00 17.375
20150111 19:10 17.625
20150111 19:20 18.125
20150111 19:30 18.625
20150111 19:40 19
20150111 19:50 19.125
20150111 20:00 19.5
20150111 20:10 19.75
20150111 20:20 20.125
20150111 20:30 20.25
20150111 20:40 20.375
20150111 20:50 20.375
20150111 21:00 20.375
20150111 21:10 20.375
20150111 21:20 20.25
20150111 21:30 20.25
20150111 21:40 20.125
20150111 21:50 20.125
20150111 22:00 20.375
20150111 22:10 20.5
20150111 22:20 20.75
20150111 22:30 21.125
20150111 22:40 21.625
20150111 22:50 22
20150111 23:00 22.25
20150111 23:10 22.375
20150111 23:20 22.375
20150111 23:30 22.625
20150111 23:40 22.875
20150111 23:50 23.25
