YYYYMMDD HH:MM measured temperature
20150411 00:00 8.75
20150411 00:10 8.5
20150411 00:20 8.625
20150411 00:30 8.5
20150411 00:40 8.25
20150411 00:50 8.25
20150411 01:00 8.125
20150411 01:10 8
20150411 01:20 8
20150411 01:30 8
20150411 01:40 7.75
20150411 01:50 7.625
20150411 02:00 7.625
20150411 02:10 7.375
20150411 02:20 7.5
20150411 02:30 7
20150411 02:40 7.25
20150411 02:50 7.25
20150411 03:00 7.125
20150411 03:10 6.75
20150411 03:20 6.375
20150411 03:30 6.375
20150411 03:40 6.625
20150411 03:50 6.5
20150411 04:00 6
20150411 04:10 6
20150411 04:20 6.5
20150411 04:30 6.625
20150411 04:40 6.125
20150411 04:50 6.375
20150411 05:00 6.25
20150411 05:10 6.5
20150411 05:20 7
20150411 05:30 7.25
20150411 05:40 7.25
20150411 05:50 7.125
20150411 06:00 7.25
20150411 06:10 7.5
20150411 06:20 7.25
20150411 06:30 7.375
20150411 06:40 7.75
20150411 06:50 8.25
20150411 07:00 8.25
20150411 07:10 8.625
20150411 07:20 8.75
20150411 07:30 9.125
20150411 07:40 9.25
20150411 07:50 9.375
20150411 08:00 9.75
20150411 08:10 10.125
20150411 08:20 10.375
20150411 08:30 10.875
20150411 08:40 11.875
20150411 08:50 12.25
20150411 09:00 12.875
20150411 09:10 13.375
20150411 09:20 14.125
20150411 09:30 14.5
20150411 09:40 14.875
20150411 09:50 14.875
20150411 10:00 15.375
20150411 10:10 15.875
20150411 10:20 16.25
20150411 10:30 15.875
20150411 10:40 15.875
20150411 10:50 15.75
20150411 11:00 16.25
20150411 11:10 17.125
20150411 11:20 17.875
20150411 11:30 18.5
20150411 11:40 18
20150411 11:50 18.375
20150411 12:00 18.625
20150411 12:10 19.5
20150411 12:20 19.75
20150411 12:30 19.5
20150411 12:40 19.5
20150411 12:50 20.125
20150411 13:00 20.5
20150411 13:10 19.75
20150411 13:20 21.5
20150411 13:30 21.75
20150411 13:40 20.625
20150411 13:50 20.625
20150411 14:00 19.25
20150411 14:10 18.625
20150411 14:20 19.25
20150411 14:30 18
20150411 14:40 17.75
20150411 14:50 18.625
20150411 15:00 17.25
20150411 15:10 16.75
20150411 15:20 16.5
20150411 15:30 16
20150411 15:40 15.375
20150411 15:50 14.625
20150411 16:00 15.375
20150411 16:10 15.875
20150411 16:20 15.5
20150411 16:30 13.875
20150411 16:40 14.625
20150411 16:50 14.25
20150411 17:00 13.75
20150411 17:10 13.625
20150411 17:20 12.125
20150411 17:30 12.625
20150411 17:40 12.75
20150411 17:50 12.875
20150411 18:00 12.625
20150411 18:10 12.625
20150411 18:20 12.5
20150411 18:30 12.25
20150411 18:40 12.125
20150411 18:50 12.125
20150411 19:00 12
20150411 19:10 11.875
20150411 19:20 11.75
20150411 19:30 11.5
20150411 19:40 11.125
20150411 19:50 10.375
20150411 20:00 9.75
20150411 20:10 9.125
20150411 20:20 8.875
20150411 20:30 8.625
20150411 20:40 8.125
20150411 20:50 7.875
20150411 21:00 7.75
20150411 21:10 7.5
20150411 21:20 7.375
20150411 21:30 7.25
20150411 21:40 7
20150411 21:50 6.875
20150411 22:00 6.625
20150411 22:10 6.375
20150411 22:20 6.125
20150411 22:30 6
20150411 22:40 5.75
20150411 22:50 5.5
20150411 23:00 5.5
20150411 23:10 5.375
20150411 23:20 5.375
20150411 23:30 5.25
20150411 23:40 5.125
20150411 23:50 5.125
