YYYYMMDD HH:MM measured temperature
20150302 00:00 3.5
20150302 00:10 3.75
20150302 00:20 3.875
20150302 00:30 4
20150302 00:40 3.875
20150302 00:50 3.875
20150302 01:00 4.125
20150302 01:10 4.125
20150302 01:20 4.25
20150302 01:30 4.375
20150302 01:40 4.5
20150302 01:50 4.625
20150302 02:00 4.75
20150302 02:10 4.875
20150302 02:20 5.125
20150302 02:30 5.25
20150302 02:40 5
20150302 02:50 4.875
20150302 03:00 4.625
20150302 03:10 4.5
20150302 03:20 4.375
20150302 03:30 4.375
20150302 03:40 4.375
20150302 03:50 4.375
20150302 04:00 4.375
20150302 04:10 4.625
20150302 04:20 4.75
20150302 04:30 4.875
20150302 04:40 4.875
20150302 04:50 4.625
20150302 05:00 4.5
20150302 05:10 4.375
20150302 05:20 4.25
20150302 05:30 4.375
20150302 05:40 4.5
20150302 05:50 4.375
20150302 06:00 4.125
20150302 06:10 3.625
20150302 06:20 3.625
20150302 06:30 3.625
20150302 06:40 3.875
20150302 06:50 3.875
20150302 07:00 4
20150302 07:10 4
20150302 07:20 4
20150302 07:30 3.875
20150302 07:40 4
20150302 07:50 3.5
20150302 08:00 3.5
20150302 08:10 3.5
20150302 08:20 3.5
20150302 08:30 3.625
20150302 08:40 3.5
20150302 08:50 3.75
20150302 09:00 3.75
20150302 09:10 4.125
20150302 09:20 4.25
20150302 09:30 4
20150302 09:40 4.75
20150302 09:50 4.5
20150302 10:00 4.25
20150302 10:10 4.5
20150302 10:20 3.5
20150302 10:30 3.5
20150302 10:40 3.75
20150302 10:50 4.5
20150302 11:00 5
20150302 11:10 4.875
20150302 11:20 5.625
20150302 11:30 5.625
20150302 11:40 5.375
20150302 11:50 6.5
20150302 12:00 5.125
20150302 12:10 8.5
20150302 12:20 6.25
20150302 12:30 6.75
20150302 12:40 6.25
20150302 12:50 9.625
20150302 13:00 6.625
20150302 13:10 6.25
20150302 13:20 6.625
20150302 13:30 6.625
20150302 13:40 6.75
20150302 13:50 8.875
20150302 14:00 8.75
20150302 14:10 7.25
20150302 14:20 8.75
20150302 14:30 9.125
20150302 14:40 8.5
20150302 14:50 7.25
20150302 15:00 8.25
20150302 15:10 7.75
20150302 15:20 6.75
20150302 15:30 7.75
20150302 15:40 8
20150302 15:50 7.25
20150302 16:00 6.625
20150302 16:10 7.25
20150302 16:20 7.375
20150302 16:30 7
20150302 16:40 7
20150302 16:50 7.25
20150302 17:00 6.875
20150302 17:10 6.625
20150302 17:20 6.375
20150302 17:30 6
20150302 17:40 5.625
20150302 17:50 5.25
20150302 18:00 5.125
20150302 18:10 5.125
20150302 18:20 5
20150302 18:30 4.875
20150302 18:40 4.875
20150302 18:50 5.125
20150302 19:00 5.25
20150302 19:10 5.25
20150302 19:20 2.125
20150302 19:30 1
20150302 19:40 1
20150302 19:50 1.125
20150302 20:00 1.25
20150302 20:10 1.25
20150302 20:20 1.375
20150302 20:30 1.375
20150302 20:40 1.5
20150302 20:50 1.375
20150302 21:00 1.5
20150302 21:10 1.25
20150302 21:20 1.375
20150302 21:30 1.25
20150302 21:40 1.25
20150302 21:50 1.375
20150302 22:00 1.5
20150302 22:10 1.625
20150302 22:20 1.75
20150302 22:30 1.875
20150302 22:40 1.875
20150302 22:50 1.25
20150302 23:00 1.25
20150302 23:10 1.5
20150302 23:20 1.5
20150302 23:30 1.625
20150302 23:40 1.5
20150302 23:50 1.125
