YYYYMMDD HH:MM measured temperature
20150408 00:00 7
20150408 00:10 6.875
20150408 00:20 7
20150408 00:30 6.875
20150408 00:40 6.875
20150408 00:50 6.875
20150408 01:00 6.875
20150408 01:10 6.75
20150408 01:20 6.75
20150408 01:30 6.75
20150408 01:40 6.5
20150408 01:50 6.5
20150408 02:00 6.375
20150408 02:10 6.375
20150408 02:20 6.375
20150408 02:30 6.25
20150408 02:40 5.875
20150408 02:50 5.625
20150408 03:00 5.375
20150408 03:10 5.125
20150408 03:20 5.125
20150408 03:30 5.5
20150408 03:40 5.5
20150408 03:50 5.5
20150408 04:00 5.5
20150408 04:10 5.5
20150408 04:20 5.5
20150408 04:30 5.5
20150408 04:40 5.5
20150408 04:50 5.5
20150408 05:00 5.5
20150408 05:10 5.5
20150408 05:20 5.375
20150408 05:30 5.5
20150408 05:40 5.5
20150408 05:50 5.5
20150408 06:00 5.5
20150408 06:10 5.5
20150408 06:20 5.375
20150408 06:30 5.375
20150408 06:40 5.375
20150408 06:50 5.375
20150408 07:00 5.375
20150408 07:10 5.25
20150408 07:20 5.25
20150408 07:30 5.375
20150408 07:40 5.375
20150408 07:50 5.375
20150408 08:00 5.375
20150408 08:10 5.375
20150408 08:20 5.375
20150408 08:30 5.5
20150408 08:40 5.5
20150408 08:50 5.625
20150408 09:00 5.75
20150408 09:10 5.75
20150408 09:20 6
20150408 09:30 6
20150408 09:40 6.25
20150408 09:50 6.375
20150408 10:00 6.625
20150408 10:10 6.625
20150408 10:20 6.875
20150408 10:30 7
20150408 10:40 6.875
20150408 10:50 7.125
20150408 11:00 7.375
20150408 11:10 7.75
20150408 11:20 8
20150408 11:30 8
20150408 11:40 8.5
20150408 11:50 8.75
20150408 12:00 8.75
20150408 12:10 9.375
20150408 12:20 9.625
20150408 12:30 10.5
20150408 12:40 10.125
20150408 12:50 9.75
20150408 13:00 10
20150408 13:10 12.5
20150408 13:20 11.5
20150408 13:30 11.25
20150408 13:40 11.75
20150408 13:50 11.75
20150408 14:00 14.625
20150408 14:10 12.875
20150408 14:20 15.25
20150408 14:30 13.375
20150408 14:40 15.875
20150408 14:50 13.125
20150408 15:00 14.25
20150408 15:10 14.5
20150408 15:20 15.625
20150408 15:30 14.75
20150408 15:40 14.375
20150408 15:50 13.625
20150408 16:00 14.25
20150408 16:10 14
20150408 16:20 13.5
20150408 16:30 14.125
20150408 16:40 13.5
20150408 16:50 13.625
20150408 17:00 13.5
20150408 17:10 14
20150408 17:20 13.25
20150408 17:30 13.375
20150408 17:40 13.25
20150408 17:50 13.25
20150408 18:00 12.625
20150408 18:10 12.875
20150408 18:20 12.5
20150408 18:30 11.75
20150408 18:40 11.75
20150408 18:50 11.125
20150408 19:00 10.25
20150408 19:10 10.125
20150408 19:20 9.75
20150408 19:30 9.5
20150408 19:40 9.375
20150408 19:50 9
20150408 20:00 8.625
20150408 20:10 8.5
20150408 20:20 8.125
20150408 20:30 8
20150408 20:40 7.875
20150408 20:50 7.625
20150408 21:00 7.5
20150408 21:10 7.125
20150408 21:20 7.125
20150408 21:30 7.125
20150408 21:40 6.25
20150408 21:50 6.5
20150408 22:00 6.125
20150408 22:10 6.125
20150408 22:20 5.75
20150408 22:30 5.75
20150408 22:40 5.875
20150408 22:50 5.875
20150408 23:00 5.25
20150408 23:10 5.125
20150408 23:20 5.25
20150408 23:30 5.125
20150408 23:40 5.125
20150408 23:50 4.875
