YYYYMMDD HH:MM measured temperature
20151213 00:00 7.875
20151213 00:10 8.5
20151213 00:20 8.75
20151213 00:30 9
20151213 00:40 9.125
20151213 00:50 9.125
20151213 01:00 9.25
20151213 01:10 9.25
20151213 01:20 9.25
20151213 01:30 9.375
20151213 01:40 9.5
20151213 01:50 9.5
20151213 02:00 9.625
20151213 02:10 9.625
20151213 02:20 9.625
20151213 02:30 9.625
20151213 02:40 9.625
20151213 02:50 9.75
20151213 03:00 9.875
20151213 03:10 9.75
20151213 03:20 10
20151213 03:30 10.125
20151213 03:40 10.25
20151213 03:50 10.125
20151213 04:00 9.5
20151213 04:10 9
20151213 04:20 8.875
20151213 04:30 8.75
20151213 04:40 8.625
20151213 04:50 8.375
20151213 05:00 7.75
20151213 05:10 6.5
20151213 05:20 6
20151213 05:30 5.625
20151213 05:40 5.25
20151213 05:50 5.125
20151213 06:00 4.75
20151213 06:10 4.625
20151213 06:20 4.5
20151213 06:30 4.5
20151213 06:40 4.375
20151213 06:50 4.375
20151213 07:00 4.375
20151213 07:10 4.375
20151213 07:20 4.5
20151213 07:30 4.375
20151213 07:40 4.5
20151213 07:50 4.5
20151213 08:00 4.5
20151213 08:10 4.625
20151213 08:20 4.625
20151213 08:30 4.625
20151213 08:40 4.625
20151213 08:50 4.25
20151213 09:00 4.375
20151213 09:10 4.625
20151213 09:20 4.75
20151213 09:30 4.625
20151213 09:40 4.75
20151213 09:50 4.625
20151213 10:00 4.75
20151213 10:10 5.125
20151213 10:20 5.25
20151213 10:30 5.5
20151213 10:40 5.625
20151213 10:50 5.75
20151213 11:00 6
20151213 11:10 6.25
20151213 11:20 6.375
20151213 11:30 6.375
20151213 11:40 6.625
20151213 11:50 6.75
20151213 12:00 6.75
20151213 12:10 7
20151213 12:20 7.25
20151213 12:30 7.375
20151213 12:40 7.625
20151213 12:50 9.875
20151213 13:00 10.25
20151213 13:10 7.875
20151213 13:20 7.5
20151213 13:30 7.125
20151213 13:40 6.875
20151213 13:50 7.125
20151213 14:00 7.25
20151213 14:10 7.625
20151213 14:20 7.875
20151213 14:30 8
20151213 14:40 7.25
20151213 14:50 6.75
20151213 15:00 6.5
20151213 15:10 6.25
20151213 15:20 6
20151213 15:30 5.75
20151213 15:40 5.375
20151213 15:50 5
20151213 16:00 4.75
20151213 16:10 4
20151213 16:20 3.875
20151213 16:30 3.375
20151213 16:40 3.125
20151213 16:50 2.875
20151213 17:00 2.875
20151213 17:10 2.75
20151213 17:20 2.625
20151213 17:30 2.375
20151213 17:40 2.375
20151213 17:50 2.5
20151213 18:00 2.125
20151213 18:10 2.25
20151213 18:20 2
20151213 18:30 2
20151213 18:40 1.625
20151213 18:50 1.75
20151213 19:00 1.75
20151213 19:10 1.625
20151213 19:20 1.5
20151213 19:30 1.875
20151213 19:40 1.625
20151213 19:50 1.5
20151213 20:00 1.875
20151213 20:10 1
20151213 20:20 1
20151213 20:30 0.875
20151213 20:40 1
20151213 20:50 0.75
20151213 21:00 1
20151213 21:10 0.875
20151213 21:20 0
20151213 21:30 0.25
20151213 21:40 0.5
20151213 21:50 0.875
20151213 22:00 1
20151213 22:10 0.75
20151213 22:20 1
20151213 22:30 0.5
20151213 22:40 0.375
20151213 22:50 0.375
20151213 23:00 -0.25
20151213 23:10 -0.625
20151213 23:20 -0.375
20151213 23:30 -0.375
20151213 23:40 -0.25
20151213 23:50 -0.25
