YYYYMMDD HH:MM measured temperature
20150117 00:00 3
20150117 00:10 2.875
20150117 00:20 2.625
20150117 00:30 2.75
20150117 00:40 2.625
20150117 00:50 2.5
20150117 01:00 2.5
20150117 01:10 2.625
20150117 01:20 2.5
20150117 01:30 2.125
20150117 01:40 2.375
20150117 01:50 2.375
20150117 02:00 2.375
20150117 02:10 2.375
20150117 02:20 2.375
20150117 02:30 2.125
20150117 02:40 2.125
20150117 02:50 2.125
20150117 03:00 2.125
20150117 03:10 1.875
20150117 03:20 2.375
20150117 03:30 2.375
20150117 03:40 2.375
20150117 03:50 2.375
20150117 04:00 2.25
20150117 04:10 2
20150117 04:20 2
20150117 04:30 2.25
20150117 04:40 2
20150117 04:50 1.875
20150117 05:00 1.75
20150117 05:10 1.625
20150117 05:20 1.625
20150117 05:30 1.375
20150117 05:40 1.375
20150117 05:50 1.25
20150117 06:00 1.125
20150117 06:10 1.125
20150117 06:20 1.125
20150117 06:30 1.125
20150117 06:40 1
20150117 06:50 1
20150117 07:00 0.875
20150117 07:10 0.875
20150117 07:20 0.75
20150117 07:30 0.625
20150117 07:40 0.75
20150117 07:50 0.75
20150117 08:00 0.875
20150117 08:10 0.75
20150117 08:20 0.625
20150117 08:30 0.5
20150117 08:40 0.375
20150117 08:50 0.375
20150117 09:00 0.375
20150117 09:10 0.375
20150117 09:20 0.375
20150117 09:30 0.25
20150117 09:40 0.5
20150117 09:50 0.75
20150117 10:00 0.875
20150117 10:10 1.125
20150117 10:20 1.25
20150117 10:30 1.625
20150117 10:40 1.875
20150117 10:50 2.125
20150117 11:00 2.5
20150117 11:10 2.625
20150117 11:20 2.875
20150117 11:30 3.25
20150117 11:40 3.625
20150117 11:50 4.125
20150117 12:00 5
20150117 12:10 6.625
20150117 12:20 7.25
20150117 12:30 8.5
20150117 12:40 9
20150117 12:50 8.625
20150117 13:00 8
20150117 13:10 8.5
20150117 13:20 8.25
20150117 13:30 8.125
20150117 13:40 7.125
20150117 13:50 7.375
20150117 14:00 6.625
20150117 14:10 6.5
20150117 14:20 6.875
20150117 14:30 7
20150117 14:40 6.875
20150117 14:50 6.375
20150117 15:00 5.25
20150117 15:10 5
20150117 15:20 5
20150117 15:30 4.75
20150117 15:40 4.75
20150117 15:50 4.625
20150117 16:00 4.375
20150117 16:10 4
20150117 16:20 3.75
20150117 16:30 3.375
20150117 16:40 3.375
20150117 16:50 2.875
20150117 17:00 2.875
20150117 17:10 2.625
20150117 17:20 2.375
20150117 17:30 2.25
20150117 17:40 2.375
20150117 17:50 2
20150117 18:00 2
20150117 18:10 1.875
20150117 18:20 2
20150117 18:30 1.75
20150117 18:40 1.75
20150117 18:50 1.75
20150117 19:00 1.5
20150117 19:10 1.625
20150117 19:20 1.625
20150117 19:30 1.5
20150117 19:40 1.375
20150117 19:50 1.5
20150117 20:00 1.375
20150117 20:10 1.375
20150117 20:20 1.25
20150117 20:30 1.25
20150117 20:40 1.125
20150117 20:50 1.125
20150117 21:00 0.875
20150117 21:10 1
20150117 21:20 0.875
20150117 21:30 0.875
20150117 21:40 0.75
20150117 21:50 0.75
20150117 22:00 0.625
20150117 22:10 0.625
20150117 22:20 0.625
20150117 22:30 0.75
20150117 22:40 0.625
20150117 22:50 0.625
20150117 23:00 0.625
20150117 23:10 0.625
20150117 23:20 0.5
20150117 23:30 0.5
20150117 23:40 0.5
20150117 23:50 0.625
