YYYYMMDD HH:MM measured temperature
20150420 00:00 7
20150420 00:10 7
20150420 00:20 7
20150420 00:30 6.875
20150420 00:40 6.625
20150420 00:50 6.375
20150420 01:00 6.375
20150420 01:10 6.5
20150420 01:20 6.25
20150420 01:30 5.875
20150420 01:40 5.625
20150420 01:50 5.625
20150420 02:00 5.5
20150420 02:10 5.625
20150420 02:20 5.25
20150420 02:30 5.375
20150420 02:40 5.125
20150420 02:50 4.75
20150420 03:00 4.75
20150420 03:10 4.625
20150420 03:20 4.5
20150420 03:30 3.875
20150420 03:40 4.375
20150420 03:50 4.375
20150420 04:00 4.5
20150420 04:10 4.125
20150420 04:20 3.375
20150420 04:30 3.375
20150420 04:40 3.25
20150420 04:50 3.375
20150420 05:00 3.25
20150420 05:10 3.375
20150420 05:20 3.25
20150420 05:30 3.75
20150420 05:40 3.5
20150420 05:50 2.625
20150420 06:00 2.25
20150420 06:10 2.5
20150420 06:20 2.875
20150420 06:30 3
20150420 06:40 3
20150420 06:50 2.75
20150420 07:00 3
20150420 07:10 3.5
20150420 07:20 3.75
20150420 07:30 4.125
20150420 07:40 4.5
20150420 07:50 5.125
20150420 08:00 5.75
20150420 08:10 6.625
20150420 08:20 7.75
20150420 08:30 8.5
20150420 08:40 9.75
20150420 08:50 10.375
20150420 09:00 11.375
20150420 09:10 11.875
20150420 09:20 12.375
20150420 09:30 13
20150420 09:40 13.125
20150420 09:50 13.5
20150420 10:00 13.875
20150420 10:10 14.75
20150420 10:20 14.25
20150420 10:30 14.625
20150420 10:40 15.25
20150420 10:50 15.25
20150420 11:00 16.875
20150420 11:10 16.375
20150420 11:20 17.125
20150420 11:30 18.25
20150420 11:40 17.5
20150420 11:50 18
20150420 12:00 18
20150420 12:10 19
20150420 12:20 18.5
20150420 12:30 18.875
20150420 12:40 19.25
20150420 12:50 19.875
20150420 13:00 21.125
20150420 13:10 20.75
20150420 13:20 21.125
20150420 13:30 20.75
20150420 13:40 22
20150420 13:50 21.75
20150420 14:00 20.75
20150420 14:10 21.75
20150420 14:20 20.75
20150420 14:30 20.25
20150420 14:40 20.5
20150420 14:50 20.75
20150420 15:00 20.5
20150420 15:10 19.125
20150420 15:20 19.125
20150420 15:30 19.75
20150420 15:40 19.75
20150420 15:50 20.375
20150420 16:00 19.25
20150420 16:10 19
20150420 16:20 20
20150420 16:30 19.5
20150420 16:40 19.125
20150420 16:50 19.375
20150420 17:00 19
20150420 17:10 19.375
20150420 17:20 18.875
20150420 17:30 18.75
20150420 17:40 18.875
20150420 17:50 18.75
20150420 18:00 18.25
20150420 18:10 18.25
20150420 18:20 18.125
20150420 18:30 17.875
20150420 18:40 17.875
20150420 18:50 17.875
20150420 19:00 17.5
20150420 19:10 17.125
20150420 19:20 16.875
20150420 19:30 16.5
20150420 19:40 16.25
20150420 19:50 15.875
20150420 20:00 15.25
20150420 20:10 14.875
20150420 20:20 14.375
20150420 20:30 13.875
20150420 20:40 13.75
20150420 20:50 13.5
20150420 21:00 13.375
20150420 21:10 13
20150420 21:20 12.75
20150420 21:30 12.5
20150420 21:40 12.125
20150420 21:50 12.25
20150420 22:00 11.875
20150420 22:10 11.25
20150420 22:20 11.5
20150420 22:30 11.25
20150420 22:40 10.875
20150420 22:50 10.25
20150420 23:00 10
20150420 23:10 9
20150420 23:20 9.25
20150420 23:30 8.875
20150420 23:40 8.75
20150420 23:50 7.875
