YYYYMMDD HH:MM measured temperature
20150609 00:00 9.25
20150609 00:10 9.375
20150609 00:20 9.25
20150609 00:30 9.125
20150609 00:40 9.125
20150609 00:50 8.875
20150609 01:00 8.75
20150609 01:10 8.375
20150609 01:20 8.125
20150609 01:30 8
20150609 01:40 7.875
20150609 01:50 7.75
20150609 02:00 7.75
20150609 02:10 7.75
20150609 02:20 7.5
20150609 02:30 7.375
20150609 02:40 7.25
20150609 02:50 6.875
20150609 03:00 6.875
20150609 03:10 6.875
20150609 03:20 6.625
20150609 03:30 6.375
20150609 03:40 6.25
20150609 03:50 5.875
20150609 04:00 5.875
20150609 04:10 5.625
20150609 04:20 5.625
20150609 04:30 5.625
20150609 04:40 5.375
20150609 04:50 5.5
20150609 05:00 5.75
20150609 05:10 6.125
20150609 05:20 6.375
20150609 05:30 6.625
20150609 05:40 6.75
20150609 05:50 7
20150609 06:00 7.25
20150609 06:10 7.625
20150609 06:20 7.875
20150609 06:30 8.125
20150609 06:40 8.625
20150609 06:50 8.75
20150609 07:00 9.625
20150609 07:10 9.875
20150609 07:20 10.25
20150609 07:30 10.25
20150609 07:40 10.25
20150609 07:50 10.75
20150609 08:00 11.375
20150609 08:10 11.75
20150609 08:20 11.5
20150609 08:30 11.75
20150609 08:40 11
20150609 08:50 11.5
20150609 09:00 11.625
20150609 09:10 11.625
20150609 09:20 11.875
20150609 09:30 11.875
20150609 09:40 12.125
20150609 09:50 12.875
20150609 10:00 12.875
20150609 10:10 12.75
20150609 10:20 13.5
20150609 10:30 13.875
20150609 10:40 14.5
20150609 10:50 13.25
20150609 11:00 14.375
20150609 11:10 14.25
20150609 11:20 14.25
20150609 11:30 15.75
20150609 11:40 14.375
20150609 11:50 15.625
20150609 12:00 16
20150609 12:10 14.875
20150609 12:20 14.75
20150609 12:30 16.625
20150609 12:40 17
20150609 12:50 15.875
20150609 13:00 16.875
20150609 13:10 16.5
20150609 13:20 17.5
20150609 13:30 18.375
20150609 13:40 18.5
20150609 13:50 16
20150609 14:00 17.5
20150609 14:10 18.125
20150609 14:20 17
20150609 14:30 16.375
20150609 14:40 17.875
20150609 14:50 16.75
20150609 15:00 18
20150609 15:10 18.125
20150609 15:20 18.625
20150609 15:30 17.75
20150609 15:40 17.25
20150609 15:50 17.875
20150609 16:00 17
20150609 16:10 17.125
20150609 16:20 17
20150609 16:30 17.375
20150609 16:40 17.25
20150609 16:50 16.75
20150609 17:00 17.125
20150609 17:10 17.25
20150609 17:20 17
20150609 17:30 17.5
20150609 17:40 16.875
20150609 17:50 17.125
20150609 18:00 17.25
20150609 18:10 16.625
20150609 18:20 17
20150609 18:30 16.875
20150609 18:40 16.5
20150609 18:50 17
20150609 19:00 16.5
20150609 19:10 16.375
20150609 19:20 16.375
20150609 19:30 17.5
20150609 19:40 16.875
20150609 19:50 16.125
20150609 20:00 16
20150609 20:10 16
20150609 20:20 15.75
20150609 20:30 15.5
20150609 20:40 15.5
20150609 20:50 15.25
20150609 21:00 15
20150609 21:10 14.75
20150609 21:20 14.125
20150609 21:30 13.625
20150609 21:40 13.125
20150609 21:50 12.875
20150609 22:00 12.375
20150609 22:10 12.125
20150609 22:20 11.875
20150609 22:30 12.375
20150609 22:40 12.25
20150609 22:50 12
20150609 23:00 11.625
20150609 23:10 11.5
20150609 23:20 11.375
20150609 23:30 11.25
20150609 23:40 11
20150609 23:50 10.5
