YYYYMMDD HH:MM measured temperature
20151007 00:00 13.5
20151007 00:10 13.5
20151007 00:20 13.5
20151007 00:30 13.5
20151007 00:40 13.625
20151007 00:50 13.75
20151007 01:00 13.625
20151007 01:10 13.5
20151007 01:20 13.375
20151007 01:30 13.375
20151007 01:40 13.25
20151007 01:50 13.25
20151007 02:00 13.375
20151007 02:10 13.375
20151007 02:20 13.375
20151007 02:30 13.375
20151007 02:40 13.375
20151007 02:50 13.375
20151007 03:00 13.375
20151007 03:10 13.5
20151007 03:20 13.5
20151007 03:30 13.5
20151007 03:40 13.5
20151007 03:50 13.5
20151007 04:00 13.5
20151007 04:10 13.5
20151007 04:20 13.5
20151007 04:30 13.5
20151007 04:40 13.5
20151007 04:50 13.5
20151007 05:00 13.5
20151007 05:10 13.5
20151007 05:20 13.5
20151007 05:30 13.5
20151007 05:40 13.5
20151007 05:50 13.5
20151007 06:00 13.625
20151007 06:10 13.625
20151007 06:20 13.625
20151007 06:30 13.625
20151007 06:40 13.625
20151007 06:50 13.625
20151007 07:00 13.5
20151007 07:10 13.5
20151007 07:20 13.375
20151007 07:30 13.375
20151007 07:40 13.375
20151007 07:50 13.375
20151007 08:00 13.375
20151007 08:10 13.375
20151007 08:20 13.375
20151007 08:30 13.5
20151007 08:40 13.5
20151007 08:50 13.5
20151007 09:00 13.5
20151007 09:10 13.625
20151007 09:20 13.625
20151007 09:30 13.625
20151007 09:40 13.625
20151007 09:50 13.75
20151007 10:00 13.75
20151007 10:10 13.875
20151007 10:20 14.125
20151007 10:30 14.125
20151007 10:40 14.25
20151007 10:50 14.375
20151007 11:00 14.5
20151007 11:10 14.375
20151007 11:20 14.5
20151007 11:30 14.625
20151007 11:40 14.375
20151007 11:50 14.375
20151007 12:00 14.5
20151007 12:10 14.5
20151007 12:20 14.75
20151007 12:30 14.875
20151007 12:40 15
20151007 12:50 15.5
20151007 13:00 15.5
20151007 13:10 15.625
20151007 13:20 15.5
20151007 13:30 15.5
20151007 13:40 15.625
20151007 13:50 15.75
20151007 14:00 15.75
20151007 14:10 15.625
20151007 14:20 15.75
20151007 14:30 16.125
20151007 14:40 15.625
20151007 14:50 15.5
20151007 15:00 15.75
20151007 15:10 15.5
20151007 15:20 15.5
20151007 15:30 15.375
20151007 15:40 15.25
20151007 15:50 15.25
20151007 16:00 15.375
20151007 16:10 15.625
20151007 16:20 15.5
20151007 16:30 15.625
20151007 16:40 15.875
20151007 16:50 15.625
20151007 17:00 15.5
20151007 17:10 15.375
20151007 17:20 15
20151007 17:30 15
20151007 17:40 15
20151007 17:50 15
20151007 18:00 15
20151007 18:10 15
20151007 18:20 15.125
20151007 18:30 15
20151007 18:40 15
20151007 18:50 14.875
20151007 19:00 14.625
20151007 19:10 14.625
20151007 19:20 14.625
20151007 19:30 14.625
20151007 19:40 14.5
20151007 19:50 14.375
20151007 20:00 14.25
20151007 20:10 14.25
20151007 20:20 14.25
20151007 20:30 14.125
20151007 20:40 14.125
20151007 20:50 14.125
20151007 21:00 14.125
20151007 21:10 14.125
20151007 21:20 14.125
20151007 21:30 14.125
20151007 21:40 14.125
20151007 21:50 14.25
20151007 22:00 14.25
20151007 22:10 14.25
20151007 22:20 14.25
20151007 22:30 14.25
20151007 22:40 14.25
20151007 22:50 14.25
20151007 23:00 14.25
20151007 23:10 14.25
20151007 23:20 14.25
20151007 23:30 14.125
20151007 23:40 14.125
20151007 23:50 14.125
