YYYYMMDD HH:MM measured temperature
20150712 00:00 15.625
20150712 00:10 15.5
20150712 00:20 15.375
20150712 00:30 15.25
20150712 00:40 15
20150712 00:50 15
20150712 01:00 15
20150712 01:10 14.875
20150712 01:20 15
20150712 01:30 14.875
20150712 01:40 14.75
20150712 01:50 14.875
20150712 02:00 14.75
20150712 02:10 14.625
20150712 02:20 14.25
20150712 02:30 14.75
20150712 02:40 15
20150712 02:50 14.75
20150712 03:00 14.75
20150712 03:10 14.75
20150712 03:20 14.875
20150712 03:30 14.875
20150712 03:40 14.375
20150712 03:50 14.5
20150712 04:00 14.375
20150712 04:10 14.5
20150712 04:20 14.5
20150712 04:30 14.625
20150712 04:40 14.625
20150712 04:50 14.25
20150712 05:00 14.375
20150712 05:10 14.5
20150712 05:20 14.625
20150712 05:30 14.75
20150712 05:40 14.875
20150712 05:50 14.75
20150712 06:00 15
20150712 06:10 15.125
20150712 06:20 15.25
20150712 06:30 15.375
20150712 06:40 15.625
20150712 06:50 15.75
20150712 07:00 16
20150712 07:10 16
20150712 07:20 16.5
20150712 07:30 16.5
20150712 07:40 16.625
20150712 07:50 17
20150712 08:00 17
20150712 08:10 16.75
20150712 08:20 16.5
20150712 08:30 16.5
20150712 08:40 16.375
20150712 08:50 16.5
20150712 09:00 16.625
20150712 09:10 16.875
20150712 09:20 17.25
20150712 09:30 17.25
20150712 09:40 17.875
20150712 09:50 17.5
20150712 10:00 17
20150712 10:10 16.75
20150712 10:20 17.375
20150712 10:30 17.625
20150712 10:40 18
20150712 10:50 18.25
20150712 11:00 18.5
20150712 11:10 17.875
20150712 11:20 17.875
20150712 11:30 17.75
20150712 11:40 17.75
20150712 11:50 17.5
20150712 12:00 18.125
20150712 12:10 17.625
20150712 12:20 18
20150712 12:30 18.25
20150712 12:40 19.625
20150712 12:50 19.375
20150712 13:00 18.875
20150712 13:10 19.25
20150712 13:20 19
20150712 13:30 19.625
20150712 13:40 19.5
20150712 13:50 19.875
20150712 14:00 20.625
20150712 14:10 20.625
20150712 14:20 20.25
20150712 14:30 20.25
20150712 14:40 19.625
20150712 14:50 19.625
20150712 15:00 19.125
20150712 15:10 18.625
20150712 15:20 18.125
20150712 15:30 17.875
20150712 15:40 17.375
20150712 15:50 17.875
20150712 16:00 18.25
20150712 16:10 18.25
20150712 16:20 17.75
20150712 16:30 16.875
20150712 16:40 16.875
20150712 16:50 16.625
20150712 17:00 16.5
20150712 17:10 16.5
20150712 17:20 16.625
20150712 17:30 16.375
20150712 17:40 16.125
20150712 17:50 16.25
20150712 18:00 16.25
20150712 18:10 16.125
20150712 18:20 16.25
20150712 18:30 16.375
20150712 18:40 16.5
20150712 18:50 16.375
20150712 19:00 16.5
20150712 19:10 16.375
20150712 19:20 16.125
20150712 19:30 16.125
20150712 19:40 15.875
20150712 19:50 15.75
20150712 20:00 15.75
20150712 20:10 15.625
20150712 20:20 15.25
20150712 20:30 15.375
20150712 20:40 15.5
20150712 20:50 15.5
20150712 21:00 15.625
20150712 21:10 15.625
20150712 21:20 15.625
20150712 21:30 15.5
20150712 21:40 15.5
20150712 21:50 15.5
20150712 22:00 15.5
20150712 22:10 15.5
20150712 22:20 15.5
20150712 22:30 15.5
20150712 22:40 15.625
20150712 22:50 15.5
20150712 23:00 15.5
20150712 23:10 15.375
20150712 23:20 15.25
20150712 23:30 15.25
20150712 23:40 15.375
20150712 23:50 15.375
