YYYYMMDD HH:MM measured temperature
20150131 00:00 0
20150131 00:10 0
20150131 00:20 0
20150131 00:30 0.125
20150131 00:40 0.25
20150131 00:50 0.25
20150131 01:00 0.25
20150131 01:10 0.375
20150131 01:20 0.5
20150131 01:30 0.5
20150131 01:40 0.5
20150131 01:50 0.5
20150131 02:00 0.5
20150131 02:10 0.625
20150131 02:20 0.625
20150131 02:30 0.625
20150131 02:40 0.625
20150131 02:50 0.5
20150131 03:00 0.5
20150131 03:10 0.5
20150131 03:20 0.625
20150131 03:30 0.75
20150131 03:40 0.625
20150131 03:50 0.625
20150131 04:00 0.625
20150131 04:10 0.625
20150131 04:20 0.75
20150131 04:30 0.625
20150131 04:40 0.25
20150131 04:50 0.5
20150131 05:00 0.5
20150131 05:10 0.625
20150131 05:20 0.75
20150131 05:30 0.5
20150131 05:40 0.5
20150131 05:50 0.5
20150131 06:00 0.5
20150131 06:10 0.5
20150131 06:20 0.625
20150131 06:30 0.625
20150131 06:40 0.5
20150131 06:50 0.5
20150131 07:00 0.625
20150131 07:10 0.625
20150131 07:20 0.625
20150131 07:30 0.5
20150131 07:40 0.5
20150131 07:50 0.625
20150131 08:00 0.5
20150131 08:10 0.5
20150131 08:20 0.625
20150131 08:30 0.625
20150131 08:40 0.625
20150131 08:50 0.625
20150131 09:00 0.75
20150131 09:10 0.875
20150131 09:20 0.875
20150131 09:30 1
20150131 09:40 1.125
20150131 09:50 1
20150131 10:00 1.125
20150131 10:10 1.25
20150131 10:20 1.25
20150131 10:30 1.25
20150131 10:40 1.25
20150131 10:50 1.375
20150131 11:00 1.625
20150131 11:10 1.5
20150131 11:20 1.625
20150131 11:30 1.625
20150131 11:40 1.5
20150131 11:50 1.625
20150131 12:00 1.5
20150131 12:10 1.5
20150131 12:20 1.5
20150131 12:30 1.5
20150131 12:40 1.625
20150131 12:50 1.5
20150131 13:00 2
20150131 13:10 1.875
20150131 13:20 1.875
20150131 13:30 1.75
20150131 13:40 1.75
20150131 13:50 1.625
20150131 14:00 1.5
20150131 14:10 1
20150131 14:20 1
20150131 14:30 1.125
20150131 14:40 1.125
20150131 14:50 1
20150131 15:00 1
20150131 15:10 1.125
20150131 15:20 1
20150131 15:30 1.125
20150131 15:40 1.25
20150131 15:50 1.5
20150131 16:00 1.5
20150131 16:10 1.5
20150131 16:20 1.625
20150131 16:30 1.625
20150131 16:40 1.625
20150131 16:50 1.375
20150131 17:00 1.375
20150131 17:10 1.25
20150131 17:20 1.25
20150131 17:30 1.875
20150131 17:40 1.75
20150131 17:50 1.625
20150131 18:00 1.75
20150131 18:10 2
20150131 18:20 2
20150131 18:30 2
20150131 18:40 2
20150131 18:50 1.875
20150131 19:00 1.75
20150131 19:10 1.75
20150131 19:20 1.875
20150131 19:30 2
20150131 19:40 2
20150131 19:50 2.125
20150131 20:00 2.125
20150131 20:10 2.125
20150131 20:20 2.125
20150131 20:30 2
20150131 20:40 2
20150131 20:50 2
20150131 21:00 1.875
20150131 21:10 1.75
20150131 21:20 1.25
20150131 21:30 1.375
20150131 21:40 1.5
20150131 21:50 1.375
20150131 22:00 1.25
20150131 22:10 1.25
20150131 22:20 1.25
20150131 22:30 1.25
20150131 22:40 1.125
20150131 22:50 1.125
20150131 23:00 1.25
20150131 23:10 1.25
20150131 23:20 1.25
20150131 23:30 1.25
20150131 23:40 1.125
20150131 23:50 1
