YYYYMMDD HH:MM measured temperature
20151122 00:00 0.125
20151122 00:10 0.125
20151122 00:20 0.125
20151122 00:30 0.125
20151122 00:40 0.125
20151122 00:50 0
20151122 01:00 0.125
20151122 01:10 0
20151122 01:20 -0.375
20151122 01:30 -0.5
20151122 01:40 -0.5
20151122 01:50 -0.75
20151122 02:00 -1
20151122 02:10 -0.875
20151122 02:20 0.125
20151122 02:30 0.125
20151122 02:40 0.375
20151122 02:50 0.875
20151122 03:00 0.25
20151122 03:10 0.25
20151122 03:20 0
20151122 03:30 0
20151122 03:40 -0.25
20151122 03:50 -0.375
20151122 04:00 -0.5
20151122 04:10 -0.75
20151122 04:20 -0.75
20151122 04:30 -0.125
20151122 04:40 -0.25
20151122 04:50 -0.125
20151122 05:00 0
20151122 05:10 -0.125
20151122 05:20 -0.25
20151122 05:30 -0.375
20151122 05:40 -0.375
20151122 05:50 -0.25
20151122 06:00 -0.5
20151122 06:10 -0.75
20151122 06:20 -0.75
20151122 06:30 -0.875
20151122 06:40 -0.75
20151122 06:50 -0.75
20151122 07:00 -0.75
20151122 07:10 -0.875
20151122 07:20 -0.625
20151122 07:30 -1
20151122 07:40 -1
20151122 07:50 -0.875
20151122 08:00 -1
20151122 08:10 -1.125
20151122 08:20 -1
20151122 08:30 -1
20151122 08:40 -1
20151122 08:50 -1
20151122 09:00 -0.75
20151122 09:10 -0.75
20151122 09:20 -0.625
20151122 09:30 -0.25
20151122 09:40 0.25
20151122 09:50 0.375
20151122 10:00 0.375
20151122 10:10 0.5
20151122 10:20 0.625
20151122 10:30 0.75
20151122 10:40 1.5
20151122 10:50 1
20151122 11:00 1
20151122 11:10 0.75
20151122 11:20 1
20151122 11:30 1
20151122 11:40 1
20151122 11:50 1.125
20151122 12:00 1.125
20151122 12:10 1.375
20151122 12:20 1.25
20151122 12:30 1
20151122 12:40 0.75
20151122 12:50 0.75
20151122 13:00 0.75
20151122 13:10 0.875
20151122 13:20 1.25
20151122 13:30 1.5
20151122 13:40 1.25
20151122 13:50 1.125
20151122 14:00 1
20151122 14:10 0.75
20151122 14:20 0.75
20151122 14:30 0.5
20151122 14:40 0.375
20151122 14:50 0.375
20151122 15:00 0.25
20151122 15:10 0.25
20151122 15:20 0.375
20151122 15:30 0.25
20151122 15:40 0.375
20151122 15:50 0.375
20151122 16:00 0.375
20151122 16:10 0.375
20151122 16:20 0.375
20151122 16:30 0.375
20151122 16:40 0.125
20151122 16:50 0.25
20151122 17:00 0.375
20151122 17:10 0.375
20151122 17:20 0.5
20151122 17:30 0.625
20151122 17:40 0.75
20151122 17:50 0.875
20151122 18:00 1
20151122 18:10 1
20151122 18:20 1.125
20151122 18:30 1.125
20151122 18:40 1.25
20151122 18:50 1.375
20151122 19:00 1.375
20151122 19:10 1.5
20151122 19:20 1.625
20151122 19:30 1.5
20151122 19:40 1.5
20151122 19:50 1.375
20151122 20:00 1.25
20151122 20:10 1
20151122 20:20 0.625
20151122 20:30 0.75
20151122 20:40 0.75
20151122 20:50 0.875
20151122 21:00 1
20151122 21:10 0.875
20151122 21:20 0.75
20151122 21:30 0.75
20151122 21:40 0.625
20151122 21:50 0.625
20151122 22:00 0.625
20151122 22:10 0.75
20151122 22:20 0.75
20151122 22:30 1
20151122 22:40 1.125
20151122 22:50 1.125
20151122 23:00 1.25
20151122 23:10 1.375
20151122 23:20 1.5
20151122 23:30 1.625
20151122 23:40 1.75
20151122 23:50 1.875
