YYYYMMDD HH:MM measured temperature
20150614 00:00 14
20150614 00:10 14.25
20150614 00:20 14.125
20150614 00:30 14.5
20150614 00:40 14.375
20150614 00:50 14.125
20150614 01:00 14.375
20150614 01:10 15.125
20150614 01:20 15
20150614 01:30 15
20150614 01:40 14.875
20150614 01:50 14.625
20150614 02:00 15.125
20150614 02:10 15.25
20150614 02:20 15.375
20150614 02:30 15.5
20150614 02:40 16
20150614 02:50 16
20150614 03:00 16
20150614 03:10 16
20150614 03:20 16
20150614 03:30 15.875
20150614 03:40 16
20150614 03:50 15.75
20150614 04:00 15.75
20150614 04:10 15.75
20150614 04:20 15.625
20150614 04:30 15.625
20150614 04:40 15.5
20150614 04:50 15.375
20150614 05:00 15.25
20150614 05:10 15
20150614 05:20 14.75
20150614 05:30 14.625
20150614 05:40 14.625
20150614 05:50 14.625
20150614 06:00 14.5
20150614 06:10 14.125
20150614 06:20 13.875
20150614 06:30 13.875
20150614 06:40 13.875
20150614 06:50 13.875
20150614 07:00 13.875
20150614 07:10 13.875
20150614 07:20 13.75
20150614 07:30 13.375
20150614 07:40 13
20150614 07:50 13.125
20150614 08:00 13.25
20150614 08:10 13.5
20150614 08:20 13.5
20150614 08:30 13.75
20150614 08:40 13.75
20150614 08:50 13.5
20150614 09:00 14
20150614 09:10 14
20150614 09:20 14.375
20150614 09:30 14.625
20150614 09:40 14.875
20150614 09:50 14.625
20150614 10:00 15.125
20150614 10:10 15.25
20150614 10:20 14.875
20150614 10:30 15.625
20150614 10:40 15.5
20150614 10:50 15.75
20150614 11:00 17
20150614 11:10 15.875
20150614 11:20 16.5
20150614 11:30 17.125
20150614 11:40 16.375
20150614 11:50 16.375
20150614 12:00 17.125
20150614 12:10 17
20150614 12:20 15.5
20150614 12:30 16.25
20150614 12:40 16.25
20150614 12:50 16.75
20150614 13:00 15.625
20150614 13:10 16.5
20150614 13:20 16.125
20150614 13:30 16.625
20150614 13:40 16.375
20150614 13:50 17
20150614 14:00 15.75
20150614 14:10 16.125
20150614 14:20 17.375
20150614 14:30 16.75
20150614 14:40 17
20150614 14:50 16.5
20150614 15:00 16.75
20150614 15:10 16.5
20150614 15:20 16.75
20150614 15:30 16.75
20150614 15:40 16.875
20150614 15:50 17.625
20150614 16:00 17.375
20150614 16:10 15.75
20150614 16:20 16.25
20150614 16:30 16.25
20150614 16:40 15.625
20150614 16:50 15.875
20150614 17:00 15.625
20150614 17:10 15.625
20150614 17:20 15.375
20150614 17:30 15.375
20150614 17:40 15.375
20150614 17:50 15.125
20150614 18:00 15
20150614 18:10 15
20150614 18:20 14.75
20150614 18:30 15
20150614 18:40 14.75
20150614 18:50 14.5
20150614 19:00 14.125
20150614 19:10 14.375
20150614 19:20 14
20150614 19:30 13.75
20150614 19:40 13.875
20150614 19:50 13.75
20150614 20:00 13.625
20150614 20:10 13.5
20150614 20:20 13.375
20150614 20:30 13.375
20150614 20:40 13.25
20150614 20:50 13
20150614 21:00 13
20150614 21:10 13
20150614 21:20 12.875
20150614 21:30 12.75
20150614 21:40 12.625
20150614 21:50 12.375
20150614 22:00 12.375
20150614 22:10 12.25
20150614 22:20 12.125
20150614 22:30 12.125
20150614 22:40 12
20150614 22:50 11.875
20150614 23:00 11.75
20150614 23:10 11.875
20150614 23:20 11.625
20150614 23:30 11.625
20150614 23:40 11.5
20150614 23:50 11.375
