YYYYMMDD HH:MM measured temperature
20150304 00:00 1.5
20150304 00:10 1.5
20150304 00:20 1.375
20150304 00:30 1.5
20150304 00:40 1.375
20150304 00:50 1.375
20150304 01:00 1.25
20150304 01:10 1.5
20150304 01:20 1.625
20150304 01:30 1.625
20150304 01:40 1.625
20150304 01:50 1.625
20150304 02:00 1.25
20150304 02:10 1
20150304 02:20 1
20150304 02:30 0.875
20150304 02:40 1
20150304 02:50 1
20150304 03:00 1
20150304 03:10 1
20150304 03:20 1.125
20150304 03:30 1.25
20150304 03:40 1.25
20150304 03:50 1.125
20150304 04:00 1.125
20150304 04:10 1.125
20150304 04:20 1
20150304 04:30 1.125
20150304 04:40 1
20150304 04:50 1
20150304 05:00 1
20150304 05:10 1
20150304 05:20 0.875
20150304 05:30 0.75
20150304 05:40 0.625
20150304 05:50 0.625
20150304 06:00 0.75
20150304 06:10 0.75
20150304 06:20 0.75
20150304 06:30 1
20150304 06:40 1.125
20150304 06:50 1.125
20150304 07:00 1.25
20150304 07:10 1.25
20150304 07:20 1.25
20150304 07:30 1.375
20150304 07:40 1.625
20150304 07:50 1.625
20150304 08:00 1.625
20150304 08:10 1.75
20150304 08:20 2
20150304 08:30 2.125
20150304 08:40 2.375
20150304 08:50 2.5
20150304 09:00 2.75
20150304 09:10 3
20150304 09:20 3.125
20150304 09:30 3.25
20150304 09:40 3.5
20150304 09:50 3.75
20150304 10:00 4
20150304 10:10 4
20150304 10:20 3.5
20150304 10:30 3.75
20150304 10:40 4
20150304 10:50 4.75
20150304 11:00 4.875
20150304 11:10 5
20150304 11:20 5.25
20150304 11:30 5.375
20150304 11:40 5.625
20150304 11:50 5.75
20150304 12:00 5.375
20150304 12:10 5.625
20150304 12:20 5.75
20150304 12:30 6
20150304 12:40 5.625
20150304 12:50 6.125
20150304 13:00 5.625
20150304 13:10 4.875
20150304 13:20 3.25
20150304 13:30 3.125
20150304 13:40 3.5
20150304 13:50 3.5
20150304 14:00 4.875
20150304 14:10 6
20150304 14:20 7.125
20150304 14:30 6
20150304 14:40 7.875
20150304 14:50 6.75
20150304 15:00 5.75
20150304 15:10 7
20150304 15:20 6.625
20150304 15:30 5.5
20150304 15:40 5.75
20150304 15:50 5.875
20150304 16:00 6
20150304 16:10 5.75
20150304 16:20 5.625
20150304 16:30 5.875
20150304 16:40 3.25
20150304 16:50 3.625
20150304 17:00 4
20150304 17:10 3.875
20150304 17:20 3.875
20150304 17:30 3.625
20150304 17:40 3.625
20150304 17:50 3.375
20150304 18:00 3.25
20150304 18:10 3.25
20150304 18:20 3.375
20150304 18:30 3.5
20150304 18:40 3.625
20150304 18:50 3.625
20150304 19:00 3.75
20150304 19:10 3.5
20150304 19:20 3.5
20150304 19:30 3.5
20150304 19:40 3.5
20150304 19:50 3.625
20150304 20:00 3.75
20150304 20:10 4
20150304 20:20 4
20150304 20:30 4.125
20150304 20:40 4.25
20150304 20:50 4.25
20150304 21:00 4.25
20150304 21:10 4.25
20150304 21:20 4
20150304 21:30 3.875
20150304 21:40 3.875
20150304 21:50 3.875
20150304 22:00 3.875
20150304 22:10 4
20150304 22:20 4
20150304 22:30 4
20150304 22:40 4
20150304 22:50 4.125
20150304 23:00 4
20150304 23:10 4
20150304 23:20 3.875
20150304 23:30 3.875
20150304 23:40 3.875
20150304 23:50 3.875
