YYYYMMDD HH:MM measured temperature
20150413 00:00 11.5
20150413 00:10 11.625
20150413 00:20 11.875
20150413 00:30 12
20150413 00:40 12.375
20150413 00:50 12.375
20150413 01:00 12.25
20150413 01:10 11.875
20150413 01:20 9.875
20150413 01:30 8.5
20150413 01:40 8
20150413 01:50 7.625
20150413 02:00 7.375
20150413 02:10 7.375
20150413 02:20 7
20150413 02:30 6.75
20150413 02:40 6.625
20150413 02:50 6.625
20150413 03:00 6.375
20150413 03:10 6.25
20150413 03:20 6.125
20150413 03:30 6.125
20150413 03:40 6.125
20150413 03:50 6
20150413 04:00 5.75
20150413 04:10 5.875
20150413 04:20 6
20150413 04:30 6
20150413 04:40 6
20150413 04:50 6
20150413 05:00 6
20150413 05:10 5.875
20150413 05:20 5.75
20150413 05:30 5.75
20150413 05:40 5.5
20150413 05:50 5.5
20150413 06:00 5.625
20150413 06:10 5.375
20150413 06:20 5.125
20150413 06:30 5.125
20150413 06:40 5.125
20150413 06:50 5.125
20150413 07:00 5
20150413 07:10 5
20150413 07:20 5.125
20150413 07:30 4.875
20150413 07:40 5.125
20150413 07:50 5.375
20150413 08:00 5.375
20150413 08:10 5.5
20150413 08:20 5.75
20150413 08:30 6
20150413 08:40 6.875
20150413 08:50 7.375
20150413 09:00 7
20150413 09:10 7.625
20150413 09:20 7.5
20150413 09:30 8
20150413 09:40 8.75
20150413 09:50 8.875
20150413 10:00 8.625
20150413 10:10 9.25
20150413 10:20 8.5
20150413 10:30 9
20150413 10:40 10.125
20150413 10:50 9.125
20150413 11:00 9.75
20150413 11:10 9.625
20150413 11:20 9.625
20150413 11:30 10.375
20150413 11:40 11.5
20150413 11:50 11.875
20150413 12:00 11.375
20150413 12:10 12
20150413 12:20 12.75
20150413 12:30 11.75
20150413 12:40 11
20150413 12:50 11.25
20150413 13:00 13
20150413 13:10 12
20150413 13:20 11.5
20150413 13:30 13.375
20150413 13:40 12
20150413 13:50 13.5
20150413 14:00 15.25
20150413 14:10 14.625
20150413 14:20 13.875
20150413 14:30 12.75
20150413 14:40 12
20150413 14:50 13.125
20150413 15:00 11.25
20150413 15:10 12.75
20150413 15:20 12.25
20150413 15:30 13.25
20150413 15:40 13.125
20150413 15:50 13
20150413 16:00 13.125
20150413 16:10 11.5
20150413 16:20 12.875
20150413 16:30 11.875
20150413 16:40 10.75
20150413 16:50 11.875
20150413 17:00 11.875
20150413 17:10 10.5
20150413 17:20 10.625
20150413 17:30 10.5
20150413 17:40 10.375
20150413 17:50 10.75
20150413 18:00 10.875
20150413 18:10 10.5
20150413 18:20 10.375
20150413 18:30 10.125
20150413 18:40 9.5
20150413 18:50 9.5
20150413 19:00 9.25
20150413 19:10 9.125
20150413 19:20 8.75
20150413 19:30 8.625
20150413 19:40 8.375
20150413 19:50 8
20150413 20:00 7.625
20150413 20:10 7.5
20150413 20:20 7.125
20150413 20:30 7.125
20150413 20:40 6.875
20150413 20:50 6.625
20150413 21:00 6.25
20150413 21:10 6
20150413 21:20 6
20150413 21:30 5.375
20150413 21:40 5.375
20150413 21:50 5.125
20150413 22:00 5.375
20150413 22:10 4.875
20150413 22:20 5
20150413 22:30 5
20150413 22:40 4.875
20150413 22:50 4.875
20150413 23:00 4.375
20150413 23:10 4
20150413 23:20 3.75
20150413 23:30 3.5
20150413 23:40 3.375
20150413 23:50 3.125
