YYYYMMDD HH:MM measured temperature
20151014 00:00 5.25
20151014 00:10 5.25
20151014 00:20 5.25
20151014 00:30 5.375
20151014 00:40 5.25
20151014 00:50 5.375
20151014 01:00 5.375
20151014 01:10 5.375
20151014 01:20 5.125
20151014 01:30 5.125
20151014 01:40 5.25
20151014 01:50 5.375
20151014 02:00 5.375
20151014 02:10 5.375
20151014 02:20 5.375
20151014 02:30 5.125
20151014 02:40 5.125
20151014 02:50 5.125
20151014 03:00 5.125
20151014 03:10 5.125
20151014 03:20 5.25
20151014 03:30 5.25
20151014 03:40 5.25
20151014 03:50 5.25
20151014 04:00 5.25
20151014 04:10 5.25
20151014 04:20 5.375
20151014 04:30 5.375
20151014 04:40 5.25
20151014 04:50 5.25
20151014 05:00 5.25
20151014 05:10 5
20151014 05:20 5
20151014 05:30 5
20151014 05:40 5
20151014 05:50 5
20151014 06:00 4.875
20151014 06:10 4.75
20151014 06:20 4.75
20151014 06:30 4.625
20151014 06:40 4.625
20151014 06:50 4.625
20151014 07:00 4.625
20151014 07:10 4.625
20151014 07:20 4.5
20151014 07:30 4.5
20151014 07:40 4.375
20151014 07:50 4.5
20151014 08:00 4.375
20151014 08:10 4.5
20151014 08:20 4.5
20151014 08:30 4.5
20151014 08:40 4.625
20151014 08:50 4.75
20151014 09:00 4.75
20151014 09:10 4.75
20151014 09:20 4.625
20151014 09:30 4.625
20151014 09:40 4.625
20151014 09:50 5
20151014 10:00 5.125
20151014 10:10 5.125
20151014 10:20 5
20151014 10:30 5.125
20151014 10:40 5.125
20151014 10:50 5.125
20151014 11:00 5.125
20151014 11:10 5.75
20151014 11:20 5.625
20151014 11:30 5.375
20151014 11:40 5.25
20151014 11:50 5.125
20151014 12:00 5.25
20151014 12:10 5.375
20151014 12:20 5.625
20151014 12:30 5.625
20151014 12:40 5.875
20151014 12:50 5.625
20151014 13:00 6
20151014 13:10 5.875
20151014 13:20 5.75
20151014 13:30 5.75
20151014 13:40 5.75
20151014 13:50 5.875
20151014 14:00 5.875
20151014 14:10 6
20151014 14:20 6
20151014 14:30 5.875
20151014 14:40 6.125
20151014 14:50 6
20151014 15:00 6.125
20151014 15:10 6.125
20151014 15:20 6.125
20151014 15:30 6.25
20151014 15:40 5.875
20151014 15:50 5.875
20151014 16:00 5.625
20151014 16:10 5.5
20151014 16:20 5.5
20151014 16:30 5.5
20151014 16:40 5.5
20151014 16:50 5.5
20151014 17:00 5.375
20151014 17:10 5.375
20151014 17:20 5.25
20151014 17:30 5.375
20151014 17:40 5.5
20151014 17:50 5.5
20151014 18:00 5.375
20151014 18:10 5.25
20151014 18:20 5.375
20151014 18:30 5.375
20151014 18:40 5.5
20151014 18:50 5.5
20151014 19:00 5.375
20151014 19:10 5.5
20151014 19:20 5.5
20151014 19:30 5.5
20151014 19:40 5.5
20151014 19:50 5.5
20151014 20:00 5.5
20151014 20:10 5.375
20151014 20:20 5.5
20151014 20:30 5.5
20151014 20:40 5.5
20151014 20:50 5.5
20151014 21:00 5.5
20151014 21:10 5.5
20151014 21:20 5.5
20151014 21:30 5.5
20151014 21:40 5.5
20151014 21:50 5.5
20151014 22:00 5.625
20151014 22:10 5.625
20151014 22:20 5.75
20151014 22:30 5.625
20151014 22:40 5.625
20151014 22:50 5.75
20151014 23:00 5.75
20151014 23:10 5.75
20151014 23:20 5.75
20151014 23:30 5.75
20151014 23:40 5.75
20151014 23:50 5.875
