YYYYMMDD HH:MM measured temperature
20150309 00:00 5.75
20150309 00:10 5.875
20150309 00:20 5.375
20150309 00:30 5.25
20150309 00:40 5.125
20150309 00:50 4.75
20150309 01:00 4.75
20150309 01:10 5.625
20150309 01:20 5.875
20150309 01:30 6.25
20150309 01:40 6.25
20150309 01:50 6.25
20150309 02:00 6.5
20150309 02:10 6.75
20150309 02:20 7.125
20150309 02:30 7.25
20150309 02:40 7.125
20150309 02:50 7.125
20150309 03:00 7.125
20150309 03:10 7
20150309 03:20 7.125
20150309 03:30 7.125
20150309 03:40 7.125
20150309 03:50 7
20150309 04:00 7
20150309 04:10 6.875
20150309 04:20 6.875
20150309 04:30 7
20150309 04:40 7
20150309 04:50 6.875
20150309 05:00 6.875
20150309 05:10 6.875
20150309 05:20 6.75
20150309 05:30 6.75
20150309 05:40 6.75
20150309 05:50 6.625
20150309 06:00 6.625
20150309 06:10 6.5
20150309 06:20 6.625
20150309 06:30 6.375
20150309 06:40 6.125
20150309 06:50 6
20150309 07:00 6.125
20150309 07:10 6.125
20150309 07:20 6.25
20150309 07:30 6
20150309 07:40 5.875
20150309 07:50 5.75
20150309 08:00 5.625
20150309 08:10 5.25
20150309 08:20 5.5
20150309 08:30 5.875
20150309 08:40 5.875
20150309 08:50 5.875
20150309 09:00 6.125
20150309 09:10 6.125
20150309 09:20 7.125
20150309 09:30 7.625
20150309 09:40 7.625
20150309 09:50 7.5
20150309 10:00 7.25
20150309 10:10 7.125
20150309 10:20 6.875
20150309 10:30 7.125
20150309 10:40 7.125
20150309 10:50 7.25
20150309 11:00 8.25
20150309 11:10 7.875
20150309 11:20 8.875
20150309 11:30 9.5
20150309 11:40 8.5
20150309 11:50 9.375
20150309 12:00 9
20150309 12:10 9.25
20150309 12:20 9.375
20150309 12:30 10.75
20150309 12:40 12.25
20150309 12:50 12.5
20150309 13:00 12.75
20150309 13:10 16.5
20150309 13:20 15.75
20150309 13:30 15.375
20150309 13:40 16.5
20150309 13:50 18
20150309 14:00 18.5
20150309 14:10 16.625
20150309 14:20 13.375
20150309 14:30 13
20150309 14:40 15.75
20150309 14:50 13
20150309 15:00 17.625
20150309 15:10 14.25
20150309 15:20 12.25
20150309 15:30 16.875
20150309 15:40 13.25
20150309 15:50 14.75
20150309 16:00 15.625
20150309 16:10 12.625
20150309 16:20 14.375
20150309 16:30 14
20150309 16:40 12.5
20150309 16:50 13.125
20150309 17:00 13.375
20150309 17:10 12.625
20150309 17:20 12.875
20150309 17:30 12.5
20150309 17:40 12.25
20150309 17:50 11.125
20150309 18:00 11.125
20150309 18:10 10.75
20150309 18:20 10.5
20150309 18:30 10.625
20150309 18:40 10.625
20150309 18:50 10.375
20150309 19:00 9.625
20150309 19:10 9.25
20150309 19:20 8.5
20150309 19:30 7.625
20150309 19:40 7.25
20150309 19:50 7.25
20150309 20:00 6.875
20150309 20:10 7
20150309 20:20 6.75
20150309 20:30 6.125
20150309 20:40 6.25
20150309 20:50 6.25
20150309 21:00 6.625
20150309 21:10 6.875
20150309 21:20 6.125
20150309 21:30 6.375
20150309 21:40 5.375
20150309 21:50 5.625
20150309 22:00 6
20150309 22:10 5.5
20150309 22:20 5.375
20150309 22:30 5.375
20150309 22:40 5.625
20150309 22:50 5.25
20150309 23:00 5.375
20150309 23:10 5.125
20150309 23:20 4.875
20150309 23:30 5.375
20150309 23:40 5.25
20150309 23:50 5.5
