YYYYMMDD HH:MM measured temperature
20150221 00:00 5.375
20150221 00:10 5.375
20150221 00:20 5.375
20150221 00:30 5.375
20150221 00:40 5.25
20150221 00:50 5.25
20150221 01:00 5.25
20150221 01:10 5.25
20150221 01:20 5.25
20150221 01:30 5.25
20150221 01:40 5.25
20150221 01:50 5.25
20150221 02:00 5.25
20150221 02:10 5.375
20150221 02:20 5.375
20150221 02:30 5.5
20150221 02:40 5.5
20150221 02:50 5.5
20150221 03:00 5.5
20150221 03:10 5.625
20150221 03:20 5.5
20150221 03:30 5.5
20150221 03:40 5.5
20150221 03:50 5.5
20150221 04:00 5.375
20150221 04:10 5.375
20150221 04:20 5.375
20150221 04:30 5.375
20150221 04:40 5.5
20150221 04:50 5.375
20150221 05:00 5.5
20150221 05:10 5.375
20150221 05:20 5.375
20150221 05:30 5.375
20150221 05:40 5.375
20150221 05:50 5.375
20150221 06:00 5.5
20150221 06:10 5.5
20150221 06:20 5.375
20150221 06:30 5.375
20150221 06:40 5.375
20150221 06:50 5.5
20150221 07:00 5.5
20150221 07:10 5.5
20150221 07:20 5.375
20150221 07:30 5.375
20150221 07:40 5.375
20150221 07:50 5.5
20150221 08:00 5.5
20150221 08:10 5.5
20150221 08:20 5.5
20150221 08:30 5.5
20150221 08:40 5.625
20150221 08:50 5.625
20150221 09:00 5.625
20150221 09:10 5.625
20150221 09:20 5.625
20150221 09:30 5.5
20150221 09:40 5.5
20150221 09:50 5.5
20150221 10:00 5.625
20150221 10:10 5.5
20150221 10:20 5.375
20150221 10:30 4.125
20150221 10:40 3.75
20150221 10:50 3.375
20150221 11:00 3
20150221 11:10 3
20150221 11:20 3
20150221 11:30 3.125
20150221 11:40 3.5
20150221 11:50 3.5
20150221 12:00 3.375
20150221 12:10 3.25
20150221 12:20 3.25
20150221 12:30 3.25
20150221 12:40 3.125
20150221 12:50 3.5
20150221 13:00 3.5
20150221 13:10 3.5
20150221 13:20 3.625
20150221 13:30 3.5
20150221 13:40 3.5
20150221 13:50 3.375
20150221 14:00 3.25
20150221 14:10 3.25
20150221 14:20 3.625
20150221 14:30 3.875
20150221 14:40 4.25
20150221 14:50 4.125
20150221 15:00 4.5
20150221 15:10 4.875
20150221 15:20 4.625
20150221 15:30 4.625
20150221 15:40 4.75
20150221 15:50 4.75
20150221 16:00 4.875
20150221 16:10 3
20150221 16:20 2.5
20150221 16:30 2
20150221 16:40 1.75
20150221 16:50 2.375
20150221 17:00 2.5
20150221 17:10 2.625
20150221 17:20 2.625
20150221 17:30 2.5
20150221 17:40 2.375
20150221 17:50 2.125
20150221 18:00 1.875
20150221 18:10 1.625
20150221 18:20 1.75
20150221 18:30 1.75
20150221 18:40 1.75
20150221 18:50 1.875
20150221 19:00 1.875
20150221 19:10 2
20150221 19:20 2.125
20150221 19:30 2.5
20150221 19:40 2.625
20150221 19:50 2.625
20150221 20:00 2.5
20150221 20:10 2.25
20150221 20:20 2.375
20150221 20:30 2.375
20150221 20:40 2.25
20150221 20:50 2.25
20150221 21:00 2.5
20150221 21:10 2.5
20150221 21:20 2.5
20150221 21:30 2.625
20150221 21:40 2.5
20150221 21:50 2.375
20150221 22:00 2.25
20150221 22:10 2.375
20150221 22:20 2.375
20150221 22:30 2.5
20150221 22:40 2.5
20150221 22:50 2.5
20150221 23:00 2.5
20150221 23:10 2.375
20150221 23:20 2.375
20150221 23:30 2.375
20150221 23:40 2.25
20150221 23:50 1.875
