YYYYMMDD HH:MM measured temperature
20150112 00:00 23.5
20150112 00:10 23.25
20150112 00:20 23.375
20150112 00:30 23.625
20150112 00:40 23.75
20150112 00:50 23.75
20150112 01:00 23.75
20150112 01:10 23.625
20150112 01:20 23.75
20150112 01:30 24
20150112 01:40 23.5
20150112 01:50 23.375
20150112 02:00 23.25
20150112 02:10 23.375
20150112 02:20 23.375
20150112 02:30 23.5
20150112 02:40 23.625
20150112 02:50 23.75
20150112 03:00 23.875
20150112 03:10 23.875
20150112 03:20 23.75
20150112 03:30 23.625
20150112 03:40 23.5
20150112 03:50 23.375
20150112 04:00 23.375
20150112 04:10 23.25
20150112 04:20 23.25
20150112 04:30 23
20150112 04:40 22.75
20150112 04:50 22.75
20150112 05:00 22.5625
20150112 05:10 22.4375
20150112 05:20 22.25
20150112 05:30 22
20150112 05:40 21.75
20150112 05:50 21.625
20150112 06:00 21.375
20150112 06:10 21.25
20150112 06:20 21.25
20150112 06:30 21.25
20150112 06:40 21.125
20150112 06:50 21
20150112 07:00 20.875
20150112 07:10 20.75
20150112 07:20 20.625
20150112 07:30 20.5
20150112 07:40 20.375
20150112 07:50 20.1875
20150112 08:00 20.125
20150112 08:10 20
20150112 08:20 20
20150112 08:30 19.875
20150112 08:40 19.875
20150112 08:50 19.75
20150112 09:00 19.75
20150112 09:10 19.5625
20150112 09:20 19.5
20150112 09:30 19.5
20150112 09:40 19.5
20150112 09:50 19.375
20150112 10:00 19.3125
20150112 10:10 19.375
20150112 10:20 19.25
20150112 10:30 19.25
20150112 10:40 85
20150112 10:50 19.25
20150112 11:00 19.125
20150112 11:10 19
20150112 11:20 19
20150112 11:30 18.875
20150112 11:40 18.875
20150112 11:50 18.875
20150112 12:00 18.875
20150112 12:10 18.875
20150112 12:20 18.75
20150112 12:30 18.75
20150112 12:40 18.75
20150112 12:50 18.625
20150112 13:00 18.625
20150112 13:10 85
20150112 13:20 18.625
20150112 13:30 85
20150112 13:40 18.625
20150112 13:50 18.625
20150112 14:00 18.5
20150112 14:10 18.5
20150112 14:20 18.5
20150112 14:30 18.5
20150112 14:40 18.5
20150112 14:50 18.5
20150112 15:00 18.375
20150112 15:10 18.375
20150112 15:20 18.375
20150112 15:30 18.375
20150112 15:40 18.375
20150112 15:50 18.375
20150112 16:00 18.375
20150112 16:10 18.3125
20150112 16:20 18.375
20150112 16:30 18.3125
20150112 16:40 18.3125
20150112 16:50 18.375
20150112 17:00 18.25
20150112 17:10 18.25
20150112 17:20 18.125
20150112 17:30 18.125
20150112 17:40 18.125
20150112 17:50 18.125
20150112 18:00 18.125
20150112 18:10 18.25
20150112 18:20 18.25
20150112 18:30 18.1875
20150112 18:40 18.25
20150112 18:50 18.25
20150112 19:00 18.125
20150112 19:10 18.25
20150112 19:20 18.25
20150112 19:30 18.25
20150112 19:40 18.25
20150112 19:50 18.25
20150112 20:00 18.125
20150112 20:10 18.125
20150112 20:20 18.125
20150112 20:30 18.125
20150112 20:40 18.125
20150112 20:50 18.125
20150112 21:00 18.25
20150112 21:10 18.125
20150112 21:20 18.125
20150112 21:30 18.125
20150112 21:40 18.125
20150112 21:50 18.125
20150112 22:00 18.125
20150112 22:10 18.125
20150112 22:20 18
20150112 22:30 17.875
20150112 22:40 17.875
20150112 22:50 17.75
20150112 23:00 17.75
20150112 23:10 17.75
20150112 23:20 17.5625
20150112 23:30 17.5625
20150112 23:40 17.625
20150112 23:50 17.5
