YYYYMMDD HH:MM measured temperature
20150108 00:00 4.25
20150108 00:10 4.3125
20150108 00:20 4.375
20150108 00:30 4.375
20150108 00:40 4.375
20150108 00:50 4.3125
20150108 01:00 4.375
20150108 01:10 4.25
20150108 01:20 4.1875
20150108 01:30 4.1875
20150108 01:40 4.125
20150108 01:50 4.0625
20150108 02:00 4.125
20150108 02:10 4
20150108 02:20 4.125
20150108 02:30 3.9375
20150108 02:40 3.875
20150108 02:50 4
20150108 03:00 3.875
20150108 03:10 4
20150108 03:20 3.75
20150108 03:30 3.625
20150108 03:40 3.75
20150108 03:50 3.75
20150108 04:00 3.6875
20150108 04:10 3.75
20150108 04:20 3.6875
20150108 04:30 3.6875
20150108 04:40 3.6875
20150108 04:50 3.75
20150108 05:00 3.375
20150108 05:10 3.1875
20150108 05:20 3.25
20150108 05:30 3.3125
20150108 05:40 3.3125
20150108 05:50 3.25
20150108 06:00 3.25
20150108 06:10 3.25
20150108 06:20 3.25
20150108 06:30 3.3125
20150108 06:40 3.375
20150108 06:50 3.4375
20150108 07:00 3.5625
20150108 07:10 3.625
20150108 07:20 3.6875
20150108 07:30 3.75
20150108 07:40 3.8125
20150108 07:50 3.9375
20150108 08:00 4
20150108 08:10 4.0625
20150108 08:20 4.125
20150108 08:30 4.25
20150108 08:40 4.375
20150108 08:50 4.4375
20150108 09:00 4.5625
20150108 09:10 4.6875
20150108 09:20 4.75
20150108 09:30 4.875
20150108 09:40 5
20150108 09:50 5.125
20150108 10:00 5.125
20150108 10:10 5.25
20150108 10:20 5.5
20150108 10:30 5.5
20150108 10:40 5.75
20150108 10:50 5.875
20150108 11:00 5.625
20150108 11:10 85
20150108 11:20 85
20150108 11:30 127.875
20150108 11:40 127.875
20150108 11:50 85
20150108 12:00 85
20150108 12:10 85
20150108 12:20 85
20150108 12:30
20150108 12:40
20150108 12:50
20150108 13:00
20150108 13:10
20150108 13:20
20150108 13:30
20150108 13:40
20150108 13:50
20150108 14:00
20150108 14:10
20150108 14:20
20150108 14:30
20150108 14:40
20150108 14:50
20150108 15:00
20150108 15:10
20150108 15:20
20150108 15:30
20150108 15:40
20150108 15:50
20150108 16:00
20150108 16:10
20150108 16:20
20150108 16:30
20150108 16:40
20150108 16:50
20150108 17:00
20150108 17:10
20150108 17:20
20150108 17:30
20150108 17:40
20150108 17:50
20150108 18:00
20150108 18:10
20150108 18:20
20150108 18:30
20150108 18:40
20150108 18:50
20150108 19:00
20150108 19:10
20150108 19:20
20150108 19:30
20150108 19:40
20150108 19:50
20150108 20:00
20150108 20:10
20150108 20:20
20150108 20:30
20150108 20:40
20150108 20:50
20150108 21:00
20150108 21:10
20150108 21:20
20150108 21:30
20150108 21:40
20150108 21:50
20150108 22:00
20150108 22:10
20150108 22:20
20150108 22:30
20150108 22:40
20150108 22:50
20150108 23:00
20150108 23:10
20150108 23:20
20150108 23:30
20150108 23:40
20150108 23:50
