YYYYMMDD HH:MM measured temperature
20150214 00:00 -0.25
20150214 00:10 -0.25
20150214 00:20 -0.25
20150214 00:30 -0.25
20150214 00:40 -0.25
20150214 00:50 -0.5
20150214 01:00 -0.5
20150214 01:10 -0.5
20150214 01:20 -0.875
20150214 01:30 -0.75
20150214 01:40 -0.75
20150214 01:50 -0.75
20150214 02:00 -0.625
20150214 02:10 -0.75
20150214 02:20 -0.75
20150214 02:30 -0.5
20150214 02:40 -0.375
20150214 02:50 -0.375
20150214 03:00 -0.25
20150214 03:10 -0.125
20150214 03:20 -0.375
20150214 03:30 -0.5
20150214 03:40 -0.375
20150214 03:50 -0.25
20150214 04:00 0
20150214 04:10 -0.125
20150214 04:20 0
20150214 04:30 0
20150214 04:40 -0.125
20150214 04:50 0
20150214 05:00 -0.125
20150214 05:10 -0.25
20150214 05:20 -0.125
20150214 05:30 0
20150214 05:40 0
20150214 05:50 -0.125
20150214 06:00 -0.25
20150214 06:10 -0.25
20150214 06:20 -0.375
20150214 06:30 -0.75
20150214 06:40 -0.875
20150214 06:50 -1
20150214 07:00 -0.875
20150214 07:10 -0.625
20150214 07:20 -0.375
20150214 07:30 -0.25
20150214 07:40 -0.5
20150214 07:50 -1
20150214 08:00 -1.125
20150214 08:10 -0.625
20150214 08:20 -0.375
20150214 08:30 0
20150214 08:40 0.5
20150214 08:50 1
20150214 09:00 1.125
20150214 09:10 1.625
20150214 09:20 1.875
20150214 09:30 1.875
20150214 09:40 1.75
20150214 09:50 2.125
20150214 10:00 2.625
20150214 10:10 2.875
20150214 10:20 3.125
20150214 10:30 3.375
20150214 10:40 3.875
20150214 10:50 4.125
20150214 11:00 4.625
20150214 11:10 5.125
20150214 11:20 5.625
20150214 11:30 6
20150214 11:40 6.625
20150214 11:50 7
20150214 12:00 7.375
20150214 12:10 7.375
20150214 12:20 6.875
20150214 12:30 8.375
20150214 12:40 8.875
20150214 12:50 10.125
20150214 13:00 11.25
20150214 13:10 11.875
20150214 13:20 12.625
20150214 13:30 12
20150214 13:40 11.375
20150214 13:50 12.75
20150214 14:00 12.5
20150214 14:10 11.75
20150214 14:20 11.25
20150214 14:30 11.75
20150214 14:40 12.375
20150214 14:50 12.75
20150214 15:00 12
20150214 15:10 11.625
20150214 15:20 11.25
20150214 15:30 11
20150214 15:40 11.5
20150214 15:50 11
20150214 16:00 10
20150214 16:10 9.25
20150214 16:20 9
20150214 16:30 8.625
20150214 16:40 8.375
20150214 16:50 8.125
20150214 17:00 7.875
20150214 17:10 7.75
20150214 17:20 7.25
20150214 17:30 6.75
20150214 17:40 6.375
20150214 17:50 6
20150214 18:00 5.875
20150214 18:10 5.5
20150214 18:20 5.5
20150214 18:30 5.375
20150214 18:40 5.125
20150214 18:50 4.875
20150214 19:00 4.625
20150214 19:10 4.5
20150214 19:20 4.25
20150214 19:30 4.25
20150214 19:40 3.875
20150214 19:50 3.875
20150214 20:00 3.75
20150214 20:10 3.5
20150214 20:20 3.125
20150214 20:30 3.125
20150214 20:40 3
20150214 20:50 2.75
20150214 21:00 2.75
20150214 21:10 2.125
20150214 21:20 2.25
20150214 21:30 2.25
20150214 21:40 2.375
20150214 21:50 2.375
20150214 22:00 2
20150214 22:10 2
20150214 22:20 1.875
20150214 22:30 1.75
20150214 22:40 1.25
20150214 22:50 1.25
20150214 23:00 1
20150214 23:10 1.25
20150214 23:20 1.125
20150214 23:30 1
20150214 23:40 1
20150214 23:50 1
