YYYYMMDD HH:MM measured temperature
20150608 00:00 10.125
20150608 00:10 10
20150608 00:20 9.75
20150608 00:30 9.75
20150608 00:40 9.625
20150608 00:50 9.625
20150608 01:00 9.5
20150608 01:10 8.875
20150608 01:20 8.375
20150608 01:30 8
20150608 01:40 7.875
20150608 01:50 8
20150608 02:00 8
20150608 02:10 7.75
20150608 02:20 6.875
20150608 02:30 6.75
20150608 02:40 6.75
20150608 02:50 6.5
20150608 03:00 6.375
20150608 03:10 6.5
20150608 03:20 6.25
20150608 03:30 6.25
20150608 03:40 5.75
20150608 03:50 5.5
20150608 04:00 5.375
20150608 04:10 5.5
20150608 04:20 5.5
20150608 04:30 5.375
20150608 04:40 5.375
20150608 04:50 5.375
20150608 05:00 5.875
20150608 05:10 6.625
20150608 05:20 6.875
20150608 05:30 7
20150608 05:40 7.25
20150608 05:50 7.5
20150608 06:00 8
20150608 06:10 8.25
20150608 06:20 8.125
20150608 06:30 8.25
20150608 06:40 8.5
20150608 06:50 9.25
20150608 07:00 9.625
20150608 07:10 9.625
20150608 07:20 9.875
20150608 07:30 10.5
20150608 07:40 11.125
20150608 07:50 11.375
20150608 08:00 11.125
20150608 08:10 11.25
20150608 08:20 11.75
20150608 08:30 12.375
20150608 08:40 13.125
20150608 08:50 12.375
20150608 09:00 14
20150608 09:10 13.125
20150608 09:20 12.625
20150608 09:30 13.5
20150608 09:40 13.375
20150608 09:50 13.125
20150608 10:00 13.25
20150608 10:10 13.75
20150608 10:20 14.5
20150608 10:30 14.375
20150608 10:40 14.625
20150608 10:50 15.25
20150608 11:00 16.25
20150608 11:10 14.75
20150608 11:20 13.875
20150608 11:30 16.5
20150608 11:40 15.25
20150608 11:50 16.25
20150608 12:00 15.625
20150608 12:10 15.625
20150608 12:20 16.375
20150608 12:30 16.875
20150608 12:40 16.375
20150608 12:50 17.5
20150608 13:00 16.125
20150608 13:10 15.875
20150608 13:20 16.5
20150608 13:30 18.375
20150608 13:40 17.75
20150608 13:50 17.25
20150608 14:00 16.375
20150608 14:10 17.375
20150608 14:20 18.5
20150608 14:30 16.25
20150608 14:40 17
20150608 14:50 17.625
20150608 15:00 18.5
20150608 15:10 17
20150608 15:20 18.375
20150608 15:30 16.75
20150608 15:40 16.375
20150608 15:50 17.125
20150608 16:00 17.625
20150608 16:10 16.625
20150608 16:20 17.125
20150608 16:30 16.375
20150608 16:40 16.5
20150608 16:50 16.625
20150608 17:00 17.5
20150608 17:10 16.625
20150608 17:20 16
20150608 17:30 15.375
20150608 17:40 15
20150608 17:50 16.625
20150608 18:00 16
20150608 18:10 16.25
20150608 18:20 16
20150608 18:30 15
20150608 18:40 14.625
20150608 18:50 14.625
20150608 19:00 15
20150608 19:10 14.75
20150608 19:20 14.25
20150608 19:30 14.5
20150608 19:40 14.375
20150608 19:50 13.625
20150608 20:00 13.875
20150608 20:10 13.625
20150608 20:20 13.25
20150608 20:30 12.625
20150608 20:40 12.5
20150608 20:50 12.25
20150608 21:00 12.125
20150608 21:10 11.875
20150608 21:20 11.625
20150608 21:30 11.5
20150608 21:40 11.25
20150608 21:50 10.75
20150608 22:00 11
20150608 22:10 10.75
20150608 22:20 10.5
20150608 22:30 10.375
20150608 22:40 10.25
20150608 22:50 10.125
20150608 23:00 10.25
20150608 23:10 10
20150608 23:20 9.875
20150608 23:30 9.75
20150608 23:40 9.5
20150608 23:50 9.375
