YYYYMMDD HH:MM measured temperature
20150529 00:00 5.875
20150529 00:10 5.75
20150529 00:20 5.625
20150529 00:30 5.75
20150529 00:40 5.5
20150529 00:50 5.25
20150529 01:00 5.125
20150529 01:10 5
20150529 01:20 4.875
20150529 01:30 5
20150529 01:40 4.875
20150529 01:50 4.625
20150529 02:00 4.625
20150529 02:10 4.625
20150529 02:20 4.5
20150529 02:30 4.375
20150529 02:40 4.5
20150529 02:50 4.25
20150529 03:00 4.25
20150529 03:10 4.25
20150529 03:20 4.125
20150529 03:30 4.25
20150529 03:40 4.125
20150529 03:50 4.125
20150529 04:00 4
20150529 04:10 4
20150529 04:20 4
20150529 04:30 3.875
20150529 04:40 4
20150529 04:50 3.75
20150529 05:00 3.875
20150529 05:10 3.75
20150529 05:20 3.625
20150529 05:30 3.75
20150529 05:40 4
20150529 05:50 4
20150529 06:00 4.25
20150529 06:10 4.25
20150529 06:20 5.25
20150529 06:30 5.5
20150529 06:40 5.75
20150529 06:50 5.75
20150529 07:00 6.125
20150529 07:10 6.875
20150529 07:20 7.5
20150529 07:30 7.75
20150529 07:40 8.25
20150529 07:50 8.875
20150529 08:00 9.375
20150529 08:10 10.75
20150529 08:20 11.125
20150529 08:30 11.125
20150529 08:40 11.5
20150529 08:50 11.75
20150529 09:00 12.375
20150529 09:10 12.75
20150529 09:20 13.375
20150529 09:30 13.75
20150529 09:40 13.5
20150529 09:50 14.125
20150529 10:00 14.125
20150529 10:10 14.25
20150529 10:20 15
20150529 10:30 14.875
20150529 10:40 15.25
20150529 10:50 15.25
20150529 11:00 15.875
20150529 11:10 15.625
20150529 11:20 16
20150529 11:30 15.5
20150529 11:40 15.625
20150529 11:50 15.125
20150529 12:00 15.125
20150529 12:10 15.75
20150529 12:20 15.625
20150529 12:30 16.75
20150529 12:40 17.375
20150529 12:50 16.875
20150529 13:00 17.125
20150529 13:10 16.25
20150529 13:20 16.5
20150529 13:30 16.375
20150529 13:40 16.875
20150529 13:50 16.75
20150529 14:00 17.625
20150529 14:10 18.125
20150529 14:20 17.25
20150529 14:30 17.5
20150529 14:40 17
20150529 14:50 17.125
20150529 15:00 17.125
20150529 15:10 16.75
20150529 15:20 17.625
20150529 15:30 17.875
20150529 15:40 18.875
20150529 15:50 19
20150529 16:00 17.625
20150529 16:10 17.125
20150529 16:20 17.375
20150529 16:30 16.875
20150529 16:40 17.25
20150529 16:50 18
20150529 17:00 17.5
20150529 17:10 17.375
20150529 17:20 17.75
20150529 17:30 16.875
20150529 17:40 18.25
20150529 17:50 17.375
20150529 18:00 16.5
20150529 18:10 16.75
20150529 18:20 16.875
20150529 18:30 16.75
20150529 18:40 16.5
20150529 18:50 16.625
20150529 19:00 16.5
20150529 19:10 16.5
20150529 19:20 16
20150529 19:30 15.625
20150529 19:40 14.75
20150529 19:50 13.375
20150529 20:00 12.75
20150529 20:10 12.75
20150529 20:20 12.25
20150529 20:30 12.375
20150529 20:40 12.125
20150529 20:50 12
20150529 21:00 11.75
20150529 21:10 11.625
20150529 21:20 11.625
20150529 21:30 11.625
20150529 21:40 11.375
20150529 21:50 11.125
20150529 22:00 11.25
20150529 22:10 11.25
20150529 22:20 11.25
20150529 22:30 11.5
20150529 22:40 11.75
20150529 22:50 12.125
20150529 23:00 12.125
20150529 23:10 12.25
20150529 23:20 13.125
20150529 23:30 12.875
20150529 23:40 12.875
20150529 23:50 11.75
