YYYYMMDD HH:MM measured temperature
20150831 00:00 18.125
20150831 00:10 18
20150831 00:20 17.875
20150831 00:30 17.875
20150831 00:40 17.875
20150831 00:50 17.6875
20150831 01:00 17.75
20150831 01:10 17.6875
20150831 01:20 17.625
20150831 01:30 17.5
20150831 01:40 17.375
20150831 01:50 17.375
20150831 02:00 17.375
20150831 02:10 17.5
20150831 02:20 17.25
20150831 02:30 17.3125
20150831 02:40 17.5
20150831 02:50 17.5
20150831 03:00 17.5
20150831 03:10 17.625
20150831 03:20 17.625
20150831 03:30 17.5
20150831 03:40 17.625
20150831 03:50 17.5
20150831 04:00 17.4375
20150831 04:10 17.375
20150831 04:20 17.125
20150831 04:30 17.25
20150831 04:40 17.1875
20150831 04:50 17.125
20150831 05:00 17.0625
20150831 05:10 17.1875
20150831 05:20 17.0625
20150831 05:30 17.0625
20150831 05:40 17.125
20150831 05:50 17.125
20150831 06:00 17.125
20150831 06:10 17.0625
20150831 06:20 17.125
20150831 06:30 17.25
20150831 06:40 17.1875
20150831 06:50 17.1875
20150831 07:00 17.125
20150831 07:10 17.25
20150831 07:20 17.25
20150831 07:30 17.3125
20150831 07:40 17.5
20150831 07:50 17.6875
20150831 08:00 17.75
20150831 08:10 18.0625
20150831 08:20 18
20150831 08:30 85
20150831 08:40 18.3125
20150831 08:50 85
20150831 09:00 18.4375
20150831 09:10 18.375
20150831 09:20 18.375
20150831 09:30 18.25
20150831 09:40 18.75
20150831 09:50 19.25
20150831 10:00 19.625
20150831 10:10 20
20150831 10:20 20.375
20150831 10:30 20.75
20150831 10:40 21
20150831 10:50 21.125
20150831 11:00 22.125
20150831 11:10 22.375
20150831 11:20 22.375
20150831 11:30 21.5
20150831 11:40 23
20150831 11:50 23
20150831 12:00 24
20150831 12:10 22.625
20150831 12:20 23.25
20150831 12:30 25
20150831 12:40 24.375
20150831 12:50 24.75
20150831 13:00 24.875
20150831 13:10 25.25
20150831 13:20 25.5
20150831 13:30 26.125
20150831 13:40 26.375
20150831 13:50 26.625
20150831 14:00 26.25
20150831 14:10 26.5
20150831 14:20 26.5
20150831 14:30 26.75
20150831 14:40 27
20150831 14:50 27.5
20150831 15:00 27.375
20150831 15:10 27.625
20150831 15:20 27.875
20150831 15:30 28
20150831 15:40 28.25
20150831 15:50 28.375
20150831 16:00 28
20150831 16:10 28.375
20150831 16:20 28.25
20150831 16:30 28.375
20150831 16:40 28
20150831 16:50 28
20150831 17:00 28.125
20150831 17:10 27.75
20150831 17:20 27.5
20150831 17:30 27.875
20150831 17:40 27.75
20150831 17:50 27.125
20150831 18:00 27.25
20150831 18:10 27.25
20150831 18:20 26.875
20150831 18:30 26.375
20150831 18:40 25.875
20150831 18:50 25.625
20150831 19:00 25.375
20150831 19:10 24.875
20150831 19:20 25.125
20150831 19:30 24.625
20150831 19:40 24.375
20150831 19:50 23.75
20150831 20:00 23.875
20150831 20:10 23.375
20150831 20:20 23.25
20150831 20:30 23
20150831 20:40 22.875
20150831 20:50 22.25
20150831 21:00 22.25
20150831 21:10 22.625
20150831 21:20 22.75
20150831 21:30 22.5
20150831 21:40 22
20150831 21:50 22.125
20150831 22:00 23
20150831 22:10 23
20150831 22:20 23.25
20150831 22:30 23.5
20150831 22:40 23.125
20150831 22:50 22.75
20150831 23:00 22.375
20150831 23:10 21.75
20150831 23:20 21.5
20150831 23:30 21.25
20150831 23:40 21
20150831 23:50 20.625
