YYYYMMDD HH:MM measured temperature
20150528 00:00 11.375
20150528 00:10 11.375
20150528 00:20 11.125
20150528 00:30 11.25
20150528 00:40 11.375
20150528 00:50 11.5
20150528 01:00 11.375
20150528 01:10 11.375
20150528 01:20 11.375
20150528 01:30 11.375
20150528 01:40 11.5
20150528 01:50 11.625
20150528 02:00 12
20150528 02:10 12.25
20150528 02:20 12.25
20150528 02:30 12.25
20150528 02:40 12.125
20150528 02:50 11.875
20150528 03:00 11.75
20150528 03:10 11.625
20150528 03:20 11.625
20150528 03:30 11.625
20150528 03:40 11.625
20150528 03:50 11.5
20150528 04:00 11.375
20150528 04:10 11.375
20150528 04:20 11.375
20150528 04:30 11.25
20150528 04:40 11.25
20150528 04:50 11.125
20150528 05:00 11.125
20150528 05:10 11.125
20150528 05:20 11
20150528 05:30 11.125
20150528 05:40 11.125
20150528 05:50 11
20150528 06:00 11.125
20150528 06:10 11.25
20150528 06:20 11.125
20150528 06:30 11.25
20150528 06:40 11.375
20150528 06:50 11.625
20150528 07:00 11.75
20150528 07:10 11.875
20150528 07:20 12
20150528 07:30 12.125
20150528 07:40 12.125
20150528 07:50 12.375
20150528 08:00 12.5
20150528 08:10 12.625
20150528 08:20 12.75
20150528 08:30 13
20150528 08:40 13.5
20150528 08:50 14.25
20150528 09:00 14.375
20150528 09:10 14.375
20150528 09:20 14.625
20150528 09:30 15
20150528 09:40 15.25
20150528 09:50 15.625
20150528 10:00 15
20150528 10:10 15
20150528 10:20 14.625
20150528 10:30 14.875
20150528 10:40 15
20150528 10:50 14.75
20150528 11:00 14.625
20150528 11:10 14.625
20150528 11:20 14.625
20150528 11:30 14.75
20150528 11:40 15.25
20150528 11:50 15.125
20150528 12:00 15
20150528 12:10 15.75
20150528 12:20 16.75
20150528 12:30 15.625
20150528 12:40 14.25
20150528 12:50 13.5
20150528 13:00 13.5
20150528 13:10 15.125
20150528 13:20 15.625
20150528 13:30 16.25
20150528 13:40 15.75
20150528 13:50 15.75
20150528 14:00 15.25
20150528 14:10 13.75
20150528 14:20 13.625
20150528 14:30 15.25
20150528 14:40 14.75
20150528 14:50 12.75
20150528 15:00 11.375
20150528 15:10 11.75
20150528 15:20 12.25
20150528 15:30 12.125
20150528 15:40 12.25
20150528 15:50 12.25
20150528 16:00 11.875
20150528 16:10 11.375
20150528 16:20 11.375
20150528 16:30 11.5
20150528 16:40 12
20150528 16:50 12.375
20150528 17:00 13.125
20150528 17:10 12.5
20150528 17:20 12.125
20150528 17:30 12.5
20150528 17:40 12.625
20150528 17:50 13.125
20150528 18:00 12.75
20150528 18:10 11.875
20150528 18:20 11
20150528 18:30 12.5
20150528 18:40 12.125
20150528 18:50 12.625
20150528 19:00 12.625
20150528 19:10 13.125
20150528 19:20 13.125
20150528 19:30 12.875
20150528 19:40 12.5
20150528 19:50 12.75
20150528 20:00 12.5
20150528 20:10 12.125
20150528 20:20 11.75
20150528 20:30 11.5
20150528 20:40 11.125
20150528 20:50 10.875
20150528 21:00 10.625
20150528 21:10 10
20150528 21:20 9.625
20150528 21:30 9
20150528 21:40 9.125
20150528 21:50 8.625
20150528 22:00 8.25
20150528 22:10 7.875
20150528 22:20 7.5
20150528 22:30 7.375
20150528 22:40 7.125
20150528 22:50 7.125
20150528 23:00 6.5
20150528 23:10 6.375
20150528 23:20 6.25
20150528 23:30 6.25
20150528 23:40 6
20150528 23:50 5.875
