YYYYMMDD HH:MM measured temperature
20150430 00:00 8.625
20150430 00:10 8.5
20150430 00:20 8.125
20150430 00:30 8.375
20150430 00:40 8.625
20150430 00:50 8.5
20150430 01:00 7.875
20150430 01:10 7.5
20150430 01:20 7.5
20150430 01:30 7.625
20150430 01:40 7.75
20150430 01:50 7.25
20150430 02:00 7.5
20150430 02:10 7
20150430 02:20 7.25
20150430 02:30 7
20150430 02:40 6.625
20150430 02:50 7.125
20150430 03:00 6.875
20150430 03:10 6.5
20150430 03:20 7.125
20150430 03:30 7.5
20150430 03:40 7.5
20150430 03:50 7.125
20150430 04:00 7.25
20150430 04:10 7.375
20150430 04:20 7.375
20150430 04:30 7.625
20150430 04:40 7.375
20150430 04:50 7.5
20150430 05:00 7.5
20150430 05:10 7.5
20150430 05:20 7.375
20150430 05:30 7
20150430 05:40 7
20150430 05:50 7
20150430 06:00 7
20150430 06:10 7.25
20150430 06:20 7.375
20150430 06:30 7.5
20150430 06:40 7.625
20150430 06:50 7.5
20150430 07:00 7.5
20150430 07:10 7.5
20150430 07:20 7.375
20150430 07:30 7.125
20150430 07:40 7.375
20150430 07:50 7.375
20150430 08:00 7.25
20150430 08:10 7.5
20150430 08:20 7.5
20150430 08:30 7.5
20150430 08:40 7.625
20150430 08:50 8.125
20150430 09:00 8
20150430 09:10 8.125
20150430 09:20 9
20150430 09:30 9
20150430 09:40 9.25
20150430 09:50 9.375
20150430 10:00 9.375
20150430 10:10 10.625
20150430 10:20 11.625
20150430 10:30 12
20150430 10:40 12.375
20150430 10:50 11
20150430 11:00 12.5
20150430 11:10 13.25
20150430 11:20 11.375
20150430 11:30 11.125
20150430 11:40 11.5
20150430 11:50 10.875
20150430 12:00 10.875
20150430 12:10 10.125
20150430 12:20 10.875
20150430 12:30 10.875
20150430 12:40 11.75
20150430 12:50 12.5
20150430 13:00 12.125
20150430 13:10 12.75
20150430 13:20 12.125
20150430 13:30 12.25
20150430 13:40 9.625
20150430 13:50 9.125
20150430 14:00 11.5
20150430 14:10 11.25
20150430 14:20 12.75
20150430 14:30 12.375
20150430 14:40 13.125
20150430 14:50 11.75
20150430 15:00 11.5
20150430 15:10 12.25
20150430 15:20 12.25
20150430 15:30 12.25
20150430 15:40 13.5
20150430 15:50 14
20150430 16:00 12.625
20150430 16:10 11.625
20150430 16:20 10.125
20150430 16:30 10.625
20150430 16:40 10.75
20150430 16:50 11.375
20150430 17:00 10.125
20150430 17:10 11
20150430 17:20 10.25
20150430 17:30 9.875
20150430 17:40 9.5
20150430 17:50 9.5
20150430 18:00 9.875
20150430 18:10 10.25
20150430 18:20 10
20150430 18:30 10.5
20150430 18:40 10.5
20150430 18:50 10.25
20150430 19:00 9.875
20150430 19:10 10
20150430 19:20 10.375
20150430 19:30 9.75
20150430 19:40 9.625
20150430 19:50 9.75
20150430 20:00 9.75
20150430 20:10 10.125
20150430 20:20 10
20150430 20:30 9.75
20150430 20:40 9.25
20150430 20:50 8.875
20150430 21:00 8.5
20150430 21:10 8.625
20150430 21:20 8.375
20150430 21:30 8.25
20150430 21:40 8.125
20150430 21:50 7.5
20150430 22:00 6.875
20150430 22:10 6.625
20150430 22:20 6.5
20150430 22:30 6.5
20150430 22:40 6.75
20150430 22:50 7.125
20150430 23:00 7
20150430 23:10 6.625
20150430 23:20 6.5
20150430 23:30 6.5
20150430 23:40 6.375
20150430 23:50 6
