YYYYMMDD HH:MM measured temperature
20150308 00:00 7.625
20150308 00:10 7.5
20150308 00:20 7.25
20150308 00:30 7.25
20150308 00:40 7.125
20150308 00:50 7
20150308 01:00 6.75
20150308 01:10 6.75
20150308 01:20 6.625
20150308 01:30 6.625
20150308 01:40 6.25
20150308 01:50 6.25
20150308 03:00 6.25
20150308 03:10 6.25
20150308 03:20 6.125
20150308 03:30 6.125
20150308 03:40 6.125
20150308 03:50 6.25
20150308 04:00 6.25
20150308 04:10 6
20150308 04:20 6.25
20150308 04:30 6.25
20150308 04:40 6.25
20150308 04:50 6.125
20150308 05:00 5.875
20150308 05:10 5.875
20150308 05:20 6.125
20150308 05:30 5.75
20150308 05:40 5.75
20150308 05:50 5.75
20150308 06:00 5.5
20150308 06:10 5.5
20150308 06:20 5.375
20150308 06:30 5.375
20150308 06:40 5.375
20150308 06:50 5.5
20150308 07:00 5.375
20150308 07:10 5.375
20150308 07:20 5.25
20150308 07:30 5.25
20150308 07:40 5.25
20150308 07:50 5
20150308 08:00 5
20150308 08:10 4.625
20150308 08:20 4.875
20150308 08:30 5.25
20150308 08:40 5.5
20150308 08:50 5.25
20150308 09:00 5.75
20150308 09:10 6.375
20150308 09:20 7.375
20150308 09:30 7.875
20150308 09:40 8.125
20150308 09:50 8.375
20150308 10:00 8.75
20150308 10:10 9.125
20150308 10:20 9.5
20150308 10:30 9.75
20150308 10:40 9.875
20150308 10:50 10.125
20150308 11:00 10.375
20150308 11:10 10.75
20150308 11:20 10.75
20150308 11:30 11.125
20150308 11:40 11.375
20150308 11:50 11.5
20150308 12:00 12
20150308 12:10 12.25
20150308 12:20 12.875
20150308 12:30 13.875
20150308 12:40 14.875
20150308 12:50 16
20150308 13:00 18.25
20150308 13:10 19.375
20150308 13:20 19.625
20150308 13:30 18.75
20150308 13:40 21
20150308 13:50 18.875
20150308 14:00 19.75
20150308 14:10 19.75
20150308 14:20 19.125
20150308 14:30 19.75
20150308 14:40 19.75
20150308 14:50 20.75
20150308 15:00 19.375
20150308 15:10 19
20150308 15:20 20.25
20150308 15:30 19.75
20150308 15:40 19.375
20150308 15:50 18.625
20150308 16:00 19
20150308 16:10 18.5
20150308 16:20 18.75
20150308 16:30 18
20150308 16:40 17.625
20150308 16:50 17.5
20150308 17:00 17.375
20150308 17:10 17.5
20150308 17:20 17.25
20150308 17:30 17
20150308 17:40 16.875
20150308 17:50 16.5
20150308 18:00 16.375
20150308 18:10 16
20150308 18:20 15.625
20150308 18:30 15.375
20150308 18:40 14.75
20150308 18:50 14.125
20150308 19:00 13.875
20150308 19:10 13.75
20150308 19:20 13.25
20150308 19:30 13.25
20150308 19:40 12.75
20150308 19:50 12.375
20150308 20:00 12
20150308 20:10 11.625
20150308 20:20 10.875
20150308 20:30 10.375
20150308 20:40 9.625
20150308 20:50 10.125
20150308 21:00 9.25
20150308 21:10 9.75
20150308 21:20 9
20150308 21:30 8.625
20150308 21:40 8.5
20150308 21:50 8
20150308 22:00 8.125
20150308 22:10 7.875
20150308 22:20 7.25
20150308 22:30 7.25
20150308 22:40 7.375
20150308 22:50 7.25
20150308 23:00 7.25
20150308 23:10 7.25
20150308 23:20 7
20150308 23:30 6.75
20150308 23:40 6
20150308 23:50 6.125
