YYYYMMDD HH:MM measured temperature
20151124 00:00 2.375
20151124 00:10 2.5
20151124 00:20 2.5
20151124 00:30 2.5
20151124 00:40 2.5
20151124 00:50 2.5
20151124 01:00 2.625
20151124 01:10 2.75
20151124 01:20 2.75
20151124 01:30 2.75
20151124 01:40 2.75
20151124 01:50 2.875
20151124 02:00 2.75
20151124 02:10 2.75
20151124 02:20 2.75
20151124 02:30 2.875
20151124 02:40 2.875
20151124 02:50 2.875
20151124 03:00 2.875
20151124 03:10 2.875
20151124 03:20 2.875
20151124 03:30 2.875
20151124 03:40 2.875
20151124 03:50 2.875
20151124 04:00 2.875
20151124 04:10 2.875
20151124 04:20 2.875
20151124 04:30 2.75
20151124 04:40 2.75
20151124 04:50 2.625
20151124 05:00 2.875
20151124 05:10 2.75
20151124 05:20 2.75
20151124 05:30 2.75
20151124 05:40 2.75
20151124 05:50 2.75
20151124 06:00 2.75
20151124 06:10 2.75
20151124 06:20 2.75
20151124 06:30 2.625
20151124 06:40 2.625
20151124 06:50 2.625
20151124 07:00 2.625
20151124 07:10 2.625
20151124 07:20 2.75
20151124 07:30 2.625
20151124 07:40 2.625
20151124 07:50 2.625
20151124 08:00 2.75
20151124 08:10 2.75
20151124 08:20 2.875
20151124 08:30 2.875
20151124 08:40 3
20151124 08:50 3
20151124 09:00 3.125
20151124 09:10 3.125
20151124 09:20 3.25
20151124 09:30 3.25
20151124 09:40 3.375
20151124 09:50 3.375
20151124 10:00 3.375
20151124 10:10 3.5
20151124 10:20 3.5
20151124 10:30 3.625
20151124 10:40 3.625
20151124 10:50 3.75
20151124 11:00 3.75
20151124 11:10 3.75
20151124 11:20 4
20151124 11:30 4.125
20151124 11:40 4.125
20151124 11:50 4.25
20151124 12:00 4.25
20151124 12:10 4.25
20151124 12:20 4.25
20151124 12:30 4.375
20151124 12:40 4.375
20151124 12:50 4.375
20151124 13:00 4.375
20151124 13:10 4.375
20151124 13:20 4.125
20151124 13:30 3.875
20151124 13:40 3.75
20151124 13:50 3.875
20151124 14:00 3.875
20151124 14:10 4
20151124 14:20 4.125
20151124 14:30 4.125
20151124 14:40 4.125
20151124 14:50 3.75
20151124 15:00 3.25
20151124 15:10 2.625
20151124 15:20 2.5
20151124 15:30 2.25
20151124 15:40 2.125
20151124 15:50 2
20151124 16:00 2
20151124 16:10 1.875
20151124 16:20 1.875
20151124 16:30 1.875
20151124 16:40 1.75
20151124 16:50 1.625
20151124 17:00 1.75
20151124 17:10 1.625
20151124 17:20 1.5
20151124 17:30 1.5
20151124 17:40 1.375
20151124 17:50 1.375
20151124 18:00 1.25
20151124 18:10 1.25
20151124 18:20 1.25
20151124 18:30 1.375
20151124 18:40 1.5
20151124 18:50 1.5
20151124 19:00 1.5
20151124 19:10 1.5
20151124 19:20 1.5
20151124 19:30 1.5
20151124 19:40 1.5
20151124 19:50 1.5
20151124 20:00 1.25
20151124 20:10 1.25
20151124 20:20 1.375
20151124 20:30 1.375
20151124 20:40 1.5
20151124 20:50 1.5
20151124 21:00 1.5
20151124 21:10 1.5
20151124 21:20 1.375
20151124 21:30 1.375
20151124 21:40 1.375
20151124 21:50 1.375
20151124 22:00 1.5
20151124 22:10 1.5
20151124 22:20 1.625
20151124 22:30 1.5
20151124 22:40 1.625
20151124 22:50 1.625
20151124 23:00 1.625
20151124 23:10 1.625
20151124 23:20 1.625
20151124 23:30 1.75
20151124 23:40 1.875
20151124 23:50 1.875
