YYYYMMDD HH:MM measured temperature
20151013 00:00 1.375
20151013 00:10 1.25
20151013 00:20 1.125
20151013 00:30 1.125
20151013 00:40 0.875
20151013 00:50 0.875
20151013 01:00 0.75
20151013 01:10 0.625
20151013 01:20 0.875
20151013 01:30 0.75
20151013 01:40 0.75
20151013 01:50 0.75
20151013 02:00 0.625
20151013 02:10 0.75
20151013 02:20 0.75
20151013 02:30 0.875
20151013 02:40 0.875
20151013 02:50 0.75
20151013 03:00 0.75
20151013 03:10 0.875
20151013 03:20 1
20151013 03:30 1
20151013 03:40 1
20151013 03:50 0.875
20151013 04:00 1
20151013 04:10 0.875
20151013 04:20 0.75
20151013 04:30 0.75
20151013 04:40 0.5
20151013 04:50 0.5
20151013 05:00 0.5
20151013 05:10 0.375
20151013 05:20 0.25
20151013 05:30 0.125
20151013 05:40 0.125
20151013 05:50 0
20151013 06:00 -0.25
20151013 06:10 -0.125
20151013 06:20 -0.25
20151013 06:30 -0.375
20151013 06:40 -0.375
20151013 06:50 -0.25
20151013 07:00 -0.375
20151013 07:10 -0.25
20151013 07:20 -0.375
20151013 07:30 -0.25
20151013 07:40 -0.25
20151013 07:50 -0.25
20151013 08:00 -0.125
20151013 08:10 0.25
20151013 08:20 0.625
20151013 08:30 1
20151013 08:40 1.125
20151013 08:50 1.375
20151013 09:00 1.625
20151013 09:10 1.5
20151013 09:20 1.625
20151013 09:30 2.5
20151013 09:40 2.75
20151013 09:50 3.375
20151013 10:00 3.75
20151013 10:10 4.25
20151013 10:20 4.625
20151013 10:30 5.125
20151013 10:40 5.625
20151013 10:50 5
20151013 11:00 5.625
20151013 11:10 6.5
20151013 11:20 6
20151013 11:30 6.125
20151013 11:40 6.25
20151013 11:50 6.5
20151013 12:00 6.625
20151013 12:10 6.375
20151013 12:20 6.25
20151013 12:30 7
20151013 12:40 6.875
20151013 12:50 7.125
20151013 13:00 7
20151013 13:10 7.125
20151013 13:20 7
20151013 13:30 6.75
20151013 13:40 6.125
20151013 13:50 6.375
20151013 14:00 7.375
20151013 14:10 8.5
20151013 14:20 7.625
20151013 14:30 7.5
20151013 14:40 8.125
20151013 14:50 7.875
20151013 15:00 7.375
20151013 15:10 7.25
20151013 15:20 7
20151013 15:30 7.5
20151013 15:40 7.125
20151013 15:50 6.75
20151013 16:00 7
20151013 16:10 7.25
20151013 16:20 7
20151013 16:30 6.875
20151013 16:40 6.625
20151013 16:50 6.75
20151013 17:00 6.5
20151013 17:10 6.375
20151013 17:20 6.375
20151013 17:30 6.25
20151013 17:40 6.125
20151013 17:50 6.25
20151013 18:00 6.25
20151013 18:10 6.125
20151013 18:20 5.875
20151013 18:30 5.75
20151013 18:40 5.75
20151013 18:50 5.875
20151013 19:00 5.875
20151013 19:10 5.75
20151013 19:20 5.875
20151013 19:30 5.75
20151013 19:40 5.75
20151013 19:50 5.5
20151013 20:00 5.375
20151013 20:10 5.375
20151013 20:20 5.5
20151013 20:30 5.375
20151013 20:40 5.5
20151013 20:50 5.125
20151013 21:00 4.625
20151013 21:10 4.25
20151013 21:20 4.375
20151013 21:30 4.75
20151013 21:40 5
20151013 21:50 4.875
20151013 22:00 4.875
20151013 22:10 5
20151013 22:20 5.25
20151013 22:30 5.125
20151013 22:40 5.25
20151013 22:50 5.125
20151013 23:00 5.25
20151013 23:10 5.25
20151013 23:20 5.125
20151013 23:30 5.25
20151013 23:40 5.25
20151013 23:50 5.375
