YYYYMMDD HH:MM measured temperature
20151012 00:00 2
20151012 00:10 2
20151012 00:20 2
20151012 00:30 1.75
20151012 00:40 1.875
20151012 00:50 1.5
20151012 01:00 1.375
20151012 01:10 1.5
20151012 01:20 1.5
20151012 01:30 1.375
20151012 01:40 1.5
20151012 01:50 1.25
20151012 02:00 1.25
20151012 02:10 1.25
20151012 02:20 1.25
20151012 02:30 1.125
20151012 02:40 1.25
20151012 02:50 1.125
20151012 03:00 1.125
20151012 03:10 1
20151012 03:20 1.25
20151012 03:30 1.125
20151012 03:40 1
20151012 03:50 1
20151012 04:00 0.875
20151012 04:10 0.75
20151012 04:20 0.75
20151012 04:30 0.625
20151012 04:40 0.625
20151012 04:50 0.5
20151012 05:00 0.5
20151012 05:10 0.5
20151012 05:20 0.5
20151012 05:30 0.375
20151012 05:40 0.25
20151012 05:50 0.375
20151012 06:00 0.375
20151012 06:10 0.5
20151012 06:20 0.5
20151012 06:30 0.375
20151012 06:40 0.375
20151012 06:50 0.25
20151012 07:00 0.125
20151012 07:10 0
20151012 07:20 -0.125
20151012 07:30 0
20151012 07:40 0
20151012 07:50 0.25
20151012 08:00 0.25
20151012 08:10 0.5
20151012 08:20 0.625
20151012 08:30 0.875
20151012 08:40 0.875
20151012 08:50 1.375
20151012 09:00 1.625
20151012 09:10 1.875
20151012 09:20 2.25
20151012 09:30 2.75
20151012 09:40 3.375
20151012 09:50 3.5
20151012 10:00 4.125
20151012 10:10 4.5
20151012 10:20 4.25
20151012 10:30 5.125
20151012 10:40 5.25
20151012 10:50 5.875
20151012 11:00 6
20151012 11:10 6.125
20151012 11:20 6.25
20151012 11:30 6.625
20151012 11:40 7
20151012 11:50 7.125
20151012 12:00 7.25
20151012 12:10 7.5
20151012 12:20 7.625
20151012 12:30 7.875
20151012 12:40 8.125
20151012 12:50 8.375
20151012 13:00 8.375
20151012 13:10 8.75
20151012 13:20 9
20151012 13:30 9.125
20151012 13:40 9.25
20151012 13:50 9.5
20151012 14:00 9.75
20151012 14:10 9.625
20151012 14:20 9.375
20151012 14:30 9.75
20151012 14:40 9.625
20151012 14:50 9
20151012 15:00 9.25
20151012 15:10 9.25
20151012 15:20 8.875
20151012 15:30 8.625
20151012 15:40 8.75
20151012 15:50 8
20151012 16:00 8.125
20151012 16:10 8
20151012 16:20 7.875
20151012 16:30 8
20151012 16:40 7.75
20151012 16:50 7.375
20151012 17:00 7.375
20151012 17:10 7.25
20151012 17:20 7
20151012 17:30 6.75
20151012 17:40 6.25
20151012 17:50 5.875
20151012 18:00 5.75
20151012 18:10 5.5
20151012 18:20 5.375
20151012 18:30 5.25
20151012 18:40 5.125
20151012 18:50 5.125
20151012 19:00 4.875
20151012 19:10 4.625
20151012 19:20 4.375
20151012 19:30 4.25
20151012 19:40 4.125
20151012 19:50 4.125
20151012 20:00 3.75
20151012 20:10 3.625
20151012 20:20 3.625
20151012 20:30 3.25
20151012 20:40 3.125
20151012 20:50 3
20151012 21:00 2.75
20151012 21:10 2.5
20151012 21:20 2.5
20151012 21:30 2.625
20151012 21:40 2.5
20151012 21:50 2.25
20151012 22:00 2.25
20151012 22:10 2.25
20151012 22:20 2.25
20151012 22:30 2.125
20151012 22:40 2
20151012 22:50 1.875
20151012 23:00 1.875
20151012 23:10 1.75
20151012 23:20 1.875
20151012 23:30 1.875
20151012 23:40 1.625
20151012 23:50 1.5
