YYYYMMDD HH:MM measured temperature
20150929 00:00 7.125
20150929 00:10 6.625
20150929 00:20 6.375
20150929 00:30 6.125
20150929 00:40 6.125
20150929 00:50 6.25
20150929 01:00 6.125
20150929 01:10 6.125
20150929 01:20 6
20150929 01:30 6.25
20150929 01:40 6.5
20150929 01:50 6.625
20150929 02:00 6.625
20150929 02:10 6.5
20150929 02:20 6.625
20150929 02:30 6.5
20150929 02:40 6.25
20150929 02:50 6
20150929 03:00 5.625
20150929 03:10 5.5
20150929 03:20 5.5
20150929 03:30 5.375
20150929 03:40 5.375
20150929 03:50 5.375
20150929 04:00 5.5
20150929 04:10 5.75
20150929 04:20 5.625
20150929 04:30 5.625
20150929 04:40 5.5
20150929 04:50 5.625
20150929 05:00 5.625
20150929 05:10 5.375
20150929 05:20 5.125
20150929 05:30 5.125
20150929 05:40 5
20150929 05:50 5
20150929 06:00 5
20150929 06:10 4.875
20150929 06:20 4.75
20150929 06:30 4.75
20150929 06:40 4.625
20150929 06:50 4.5
20150929 07:00 4.625
20150929 07:10 4.375
20150929 07:20 4.375
20150929 07:30 4.5
20150929 07:40 4.5
20150929 07:50 4.75
20150929 08:00 4.875
20150929 08:10 4.5
20150929 08:20 4.875
20150929 08:30 5.375
20150929 08:40 6.125
20150929 08:50 6.25
20150929 09:00 6.625
20150929 09:10 7.75
20150929 09:20 8.5
20150929 09:30 9.375
20150929 09:40 10
20150929 09:50 10.375
20150929 10:00 11.125
20150929 10:10 11.75
20150929 10:20 12.375
20150929 10:30 12.5
20150929 10:40 13.25
20150929 10:50 13.25
20150929 11:00 14.5
20150929 11:10 13.875
20150929 11:20 14.25
20150929 11:30 14.25
20150929 11:40 14.625
20150929 11:50 14.75
20150929 12:00 15
20150929 12:10 15.375
20150929 12:20 14.875
20150929 12:30 15.25
20150929 12:40 15
20150929 12:50 14.75
20150929 13:00 15.25
20150929 13:10 16.75
20150929 13:20 17.25
20150929 13:30 18
20150929 13:40 17.75
20150929 13:50 17.875
20150929 14:00 17.875
20150929 14:10 17.375
20150929 14:20 15.875
20150929 14:30 15.75
20150929 14:40 16.5
20150929 14:50 17.125
20150929 15:00 15.25
20150929 15:10 17.25
20150929 15:20 17.75
20150929 15:30 16.125
20150929 15:40 17.25
20150929 15:50 18.125
20150929 16:00 18.25
20150929 16:10 17.875
20150929 16:20 17.125
20150929 16:30 15.125
20150929 16:40 15.75
20150929 16:50 15.875
20150929 17:00 16.125
20150929 17:10 14.375
20150929 17:20 14.5
20150929 17:30 14.5
20150929 17:40 14.375
20150929 17:50 14.25
20150929 18:00 13.75
20150929 18:10 13.375
20150929 18:20 12.875
20150929 18:30 12.5
20150929 18:40 12.25
20150929 18:50 11.75
20150929 19:00 11.125
20150929 19:10 11.125
20150929 19:20 10.625
20150929 19:30 10.25
20150929 19:40 9.75
20150929 19:50 9.625
20150929 20:00 9.75
20150929 20:10 9.5
20150929 20:20 9.375
20150929 20:30 9.25
20150929 20:40 9.25
20150929 20:50 9.125
20150929 21:00 9.125
20150929 21:10 9.125
20150929 21:20 9
20150929 21:30 8.875
20150929 21:40 8.875
20150929 21:50 8.875
20150929 22:00 8.75
20150929 22:10 8.75
20150929 22:20 8.75
20150929 22:30 8.625
20150929 22:40 8.5
20150929 22:50 8.5
20150929 23:00 8.375
20150929 23:10 8.375
20150929 23:20 8.125
20150929 23:30 8.125
20150929 23:40 8
20150929 23:50 8
