YYYYMMDD HH:MM measured temperature
20150327 00:00 4.625
20150327 00:10 4.625
20150327 00:20 4.625
20150327 00:30 4.625
20150327 00:40 4.625
20150327 00:50 4.625
20150327 01:00 4.625
20150327 01:10 4.625
20150327 01:20 4.625
20150327 01:30 4.625
20150327 01:40 4.75
20150327 01:50 4.75
20150327 02:00 4.75
20150327 02:10 4.75
20150327 02:20 4.875
20150327 02:30 4.875
20150327 02:40 4.875
20150327 02:50 4.75
20150327 03:00 4.75
20150327 03:10 4.75
20150327 03:20 4.625
20150327 03:30 4.625
20150327 03:40 4.75
20150327 03:50 4.75
20150327 04:00 4.875
20150327 04:10 4.875
20150327 04:20 5
20150327 04:30 4.875
20150327 04:40 4.875
20150327 04:50 5
20150327 05:00 5
20150327 05:10 5
20150327 05:20 5.125
20150327 05:30 5.125
20150327 05:40 5.25
20150327 05:50 5.375
20150327 06:00 5.5
20150327 06:10 5.5
20150327 06:20 5.5
20150327 06:30 5.5
20150327 06:40 5.5
20150327 06:50 5.625
20150327 07:00 5.5
20150327 07:10 5.625
20150327 07:20 5.5
20150327 07:30 5.625
20150327 07:40 5.75
20150327 07:50 5.75
20150327 08:00 6
20150327 08:10 5.875
20150327 08:20 6
20150327 08:30 6.25
20150327 08:40 6.375
20150327 08:50 6.25
20150327 09:00 6
20150327 09:10 6
20150327 09:20 5.75
20150327 09:30 5.75
20150327 09:40 5.625
20150327 09:50 5.875
20150327 10:00 6.125
20150327 10:10 6.5
20150327 10:20 8
20150327 10:30 7.25
20150327 10:40 7.125
20150327 10:50 7.125
20150327 11:00 6.75
20150327 11:10 6.5
20150327 11:20 6.875
20150327 11:30 7
20150327 11:40 7
20150327 11:50 7
20150327 12:00 7.25
20150327 12:10 7.5
20150327 12:20 7.625
20150327 12:30 7.5
20150327 12:40 7.625
20150327 12:50 7.5
20150327 13:00 8
20150327 13:10 7.625
20150327 13:20 7
20150327 13:30 6.75
20150327 13:40 7.125
20150327 13:50 7.25
20150327 14:00 7.125
20150327 14:10 7.125
20150327 14:20 7.25
20150327 14:30 7.125
20150327 14:40 7
20150327 14:50 6.625
20150327 15:00 6.625
20150327 15:10 6.625
20150327 15:20 6.75
20150327 15:30 7
20150327 15:40 7
20150327 15:50 6.875
20150327 16:00 7.125
20150327 16:10 7.5
20150327 16:20 7
20150327 16:30 7
20150327 16:40 8.375
20150327 16:50 8.375
20150327 17:00 9.25
20150327 17:10 8.25
20150327 17:20 7.625
20150327 17:30 7.5
20150327 17:40 7.875
20150327 17:50 8.375
20150327 18:00 8.25
20150327 18:10 8.125
20150327 18:20 7.625
20150327 18:30 7.5
20150327 18:40 7.375
20150327 18:50 7.375
20150327 19:00 7.375
20150327 19:10 7.25
20150327 19:20 7.125
20150327 19:30 7.125
20150327 19:40 7
20150327 19:50 7
20150327 20:00 6.875
20150327 20:10 6.75
20150327 20:20 7
20150327 20:30 6.875
20150327 20:40 6.75
20150327 20:50 6.75
20150327 21:00 6.75
20150327 21:10 6.5
20150327 21:20 6
20150327 21:30 6
20150327 21:40 5.75
20150327 21:50 5.5
20150327 22:00 5.5
20150327 22:10 5.5
20150327 22:20 5.375
20150327 22:30 5.375
20150327 22:40 5.375
20150327 22:50 5.375
20150327 23:00 5.375
20150327 23:10 5.5
20150327 23:20 5.5
20150327 23:30 5.375
20150327 23:40 5.375
20150327 23:50 5.375
