YYYYMMDD HH:MM measured temperature
20150701 00:00 14.875
20150701 00:10 14.875
20150701 00:20 14.625
20150701 00:30 14.75
20150701 00:40 14.375
20150701 00:50 14.625
20150701 01:00 14.5
20150701 01:10 14.375
20150701 01:20 14.5
20150701 01:30 14.375
20150701 01:40 14.25
20150701 01:50 14.125
20150701 02:00 14
20150701 02:10 13.875
20150701 02:20 13.625
20150701 02:30 13.5
20150701 02:40 13.375
20150701 02:50 13.375
20150701 03:00 13.125
20150701 03:10 13.125
20150701 03:20 13.125
20150701 03:30 13
20150701 03:40 12.875
20150701 03:50 12.875
20150701 04:00 12.875
20150701 04:10 12.75
20150701 04:20 12.625
20150701 04:30 12.625
20150701 04:40 12.625
20150701 04:50 12.625
20150701 05:00 12.625
20150701 05:10 12.625
20150701 05:20 12.5
20150701 05:30 12.5
20150701 05:40 12.5
20150701 05:50 12.75
20150701 06:00 12.875
20150701 06:10 13.125
20150701 06:20 13.375
20150701 06:30 13.5
20150701 06:40 13.75
20150701 06:50 14.25
20150701 07:00 14.5
20150701 07:10 15
20150701 07:20 15.5
20150701 07:30 16
20150701 07:40 16.5
20150701 07:50 16.875
20150701 08:00 17.25
20150701 08:10 17.875
20150701 08:20 18.25
20150701 08:30 18.875
20150701 08:40 19.375
20150701 08:50 20.25
20150701 09:00 21.125
20150701 09:10 21.25
20150701 09:20 21.875
20150701 09:30 21.75
20150701 09:40 22.125
20150701 09:50 22.875
20150701 10:00 23.75
20150701 10:10 23.25
20150701 10:20 24.375
20150701 10:30 25
20150701 10:40 24.875
20150701 10:50 25.375
20150701 11:00 25.5
20150701 11:10 25.625
20150701 11:20 26
20150701 11:30 26.125
20150701 11:40 26.625
20150701 11:50 26.5
20150701 12:00 27.25
20150701 12:10 27.5
20150701 12:20 27.5
20150701 12:30 27.375
20150701 12:40 27.75
20150701 12:50 27.375
20150701 13:00 28.5
20150701 13:10 27.875
20150701 13:20 28.25
20150701 13:30 28.5
20150701 13:40 29.375
20150701 13:50 28.375
20150701 14:00 29.25
20150701 14:10 29
20150701 14:20 29.5
20150701 14:30 29
20150701 14:40 28.875
20150701 14:50 29
20150701 15:00 29.125
20150701 15:10 29.5
20150701 15:20 30
20150701 15:30 29.625
20150701 15:40 29.5
20150701 15:50 30.25
20150701 16:00 29.25
20150701 16:10 29.5
20150701 16:20 29.625
20150701 16:30 29
20150701 16:40 29.25
20150701 16:50 28.75
20150701 17:00 28.875
20150701 17:10 29
20150701 17:20 28.75
20150701 17:30 28.625
20150701 17:40 28.5
20150701 17:50 28.625
20150701 18:00 28
20150701 18:10 27.75
20150701 18:20 27.875
20150701 18:30 27.75
20150701 18:40 27.5
20150701 18:50 27.375
20150701 19:00 27.125
20150701 19:10 27.25
20150701 19:20 26.75
20150701 19:30 26.625
20150701 19:40 26.25
20150701 19:50 26.125
20150701 20:00 25.875
20150701 20:10 25.625
20150701 20:20 25.25
20150701 20:30 25
20150701 20:40 24.5
20150701 20:50 24.25
20150701 21:00 23.75
20150701 21:10 23.75
20150701 21:20 23.25
20150701 21:30 23
20150701 21:40 22.875
20150701 21:50 22.5
20150701 22:00 21.75
20150701 22:10 21.875
20150701 22:20 21.75
20150701 22:30 21.75
20150701 22:40 21.5
20150701 22:50 21.25
20150701 23:00 21.125
20150701 23:10 21
20150701 23:20 21.125
20150701 23:30 20.5
20150701 23:40 20.375
20150701 23:50 20.25
