YYYYMMDD HH:MM measured temperature
20150418 00:00 6.125
20150418 00:10 6.125
20150418 00:20 6.125
20150418 00:30 5.875
20150418 00:40 5.625
20150418 00:50 4.875
20150418 01:00 4.75
20150418 01:10 4.375
20150418 01:20 4.625
20150418 01:30 4.25
20150418 01:40 3.875
20150418 01:50 3.75
20150418 02:00 3.625
20150418 02:10 3.75
20150418 02:20 3.625
20150418 02:30 3.75
20150418 02:40 3.625
20150418 02:50 3.5
20150418 03:00 3.5
20150418 03:10 3.375
20150418 03:20 3.875
20150418 03:30 3.5
20150418 03:40 3.375
20150418 03:50 3.875
20150418 04:00 3.375
20150418 04:10 3
20150418 04:20 3
20150418 04:30 2.875
20150418 04:40 2.75
20150418 04:50 2.875
20150418 05:00 2.625
20150418 05:10 2.25
20150418 05:20 2.25
20150418 05:30 2.125
20150418 05:40 2.25
20150418 05:50 2.125
20150418 06:00 2
20150418 06:10 2.125
20150418 06:20 1.5
20150418 06:30 1.375
20150418 06:40 1.75
20150418 06:50 1.5
20150418 07:00 2
20150418 07:10 2.625
20150418 07:20 3.125
20150418 07:30 3.625
20150418 07:40 4
20150418 07:50 4.375
20150418 08:00 4.625
20150418 08:10 4.875
20150418 08:20 5.25
20150418 08:30 5.5
20150418 08:40 6.75
20150418 08:50 7.125
20150418 09:00 7.375
20150418 09:10 8.25
20150418 09:20 9
20150418 09:30 9.75
20150418 09:40 9.875
20150418 09:50 10.25
20150418 10:00 10.625
20150418 10:10 11.25
20150418 10:20 10.75
20150418 10:30 12
20150418 10:40 11
20150418 10:50 12.125
20150418 11:00 12.625
20150418 11:10 12.875
20150418 11:20 12.375
20150418 11:30 13.375
20150418 11:40 13.75
20150418 11:50 12.25
20150418 12:00 13.75
20150418 12:10 14.625
20150418 12:20 13.5
20150418 12:30 15.75
20150418 12:40 14.5
20150418 12:50 17
20150418 13:00 15.875
20150418 13:10 16
20150418 13:20 17.625
20150418 13:30 17.625
20150418 13:40 17.625
20150418 13:50 16
20150418 14:00 16.25
20150418 14:10 15.875
20150418 14:20 18.25
20150418 14:30 14.375
20150418 14:40 15
20150418 14:50 14
20150418 15:00 15.5
20150418 15:10 15.5
20150418 15:20 15
20150418 15:30 14.375
20150418 15:40 15.125
20150418 15:50 14.875
20150418 16:00 15.25
20150418 16:10 13.5
20150418 16:20 13.75
20150418 16:30 13.375
20150418 16:40 14.125
20150418 16:50 14.75
20150418 17:00 14.25
20150418 17:10 13.875
20150418 17:20 15.125
20150418 17:30 15.125
20150418 17:40 14.625
20150418 17:50 14
20150418 18:00 13.375
20150418 18:10 13.25
20150418 18:20 12.5
20150418 18:30 12.5
20150418 18:40 12.625
20150418 18:50 12.25
20150418 19:00 12.25
20150418 19:10 11.5
20150418 19:20 11.375
20150418 19:30 11.125
20150418 19:40 10.625
20150418 19:50 10.375
20150418 20:00 10.125
20150418 20:10 9.875
20150418 20:20 9.375
20150418 20:30 9
20150418 20:40 8.75
20150418 20:50 8.625
20150418 21:00 8.375
20150418 21:10 8
20150418 21:20 7.75
20150418 21:30 7.375
20150418 21:40 7
20150418 21:50 6.75
20150418 22:00 6.75
20150418 22:10 6.5
20150418 22:20 6.25
20150418 22:30 6.25
20150418 22:40 6.125
20150418 22:50 5.875
20150418 23:00 5.875
20150418 23:10 5.75
20150418 23:20 5.625
20150418 23:30 5.5
20150418 23:40 5.25
20150418 23:50 5.125
