YYYYMMDD HH:MM measured temperature
20151029 00:00 6.75
20151029 00:10 6.875
20151029 00:20 6.875
20151029 00:30 6.625
20151029 00:40 6.75
20151029 00:50 6.75
20151029 01:00 6.75
20151029 01:10 6.625
20151029 01:20 6.625
20151029 01:30 6.5
20151029 01:40 6.5
20151029 01:50 6.375
20151029 02:00 6.25
20151029 02:10 6.5
20151029 02:20 6.5
20151029 02:30 6.5
20151029 02:40 6.5
20151029 02:50 6.5
20151029 03:00 6.5
20151029 03:10 6.5
20151029 03:20 6.5
20151029 03:30 6.5
20151029 03:40 6.5
20151029 03:50 6.5
20151029 04:00 6.5
20151029 04:10 6.5
20151029 04:20 6.5
20151029 04:30 6.5
20151029 04:40 6.625
20151029 04:50 6.5
20151029 05:00 6.5
20151029 05:10 6.375
20151029 05:20 5.875
20151029 05:30 5.5
20151029 05:40 5.375
20151029 05:50 5.125
20151029 06:00 5
20151029 06:10 4.875
20151029 06:20 4.5
20151029 06:30 4.625
20151029 06:40 4.5
20151029 06:50 4.25
20151029 07:00 4.75
20151029 07:10 4.75
20151029 07:20 5
20151029 07:30 5.25
20151029 07:40 5.5
20151029 07:50 5.5
20151029 08:00 5.625
20151029 08:10 5.75
20151029 08:20 5.75
20151029 08:30 5.875
20151029 08:40 6
20151029 08:50 6.125
20151029 09:00 6.125
20151029 09:10 6.125
20151029 09:20 6.125
20151029 09:30 6
20151029 09:40 6
20151029 09:50 6
20151029 10:00 6
20151029 10:10 6
20151029 10:20 6.375
20151029 10:30 6.5
20151029 10:40 6.875
20151029 10:50 6.75
20151029 11:00 6.75
20151029 11:10 6.5
20151029 11:20 7.25
20151029 11:30 7.25
20151029 11:40 7.25
20151029 11:50 7.5
20151029 12:00 7.625
20151029 12:10 8
20151029 12:20 8.25
20151029 12:30 8.25
20151029 12:40 8.375
20151029 12:50 8.25
20151029 13:00 8.375
20151029 13:10 8.75
20151029 13:20 8.75
20151029 13:30 9.25
20151029 13:40 9.125
20151029 13:50 9.375
20151029 14:00 9.375
20151029 14:10 9.375
20151029 14:20 9.625
20151029 14:30 9.75
20151029 14:40 9.625
20151029 14:50 9.75
20151029 15:00 10.375
20151029 15:10 11.25
20151029 15:20 10.875
20151029 15:30 10.75
20151029 15:40 10.5
20151029 15:50 10.75
20151029 16:00 10.5
20151029 16:10 10.375
20151029 16:20 10.5
20151029 16:30 10.5
20151029 16:40 10.5
20151029 16:50 10.375
20151029 17:00 10.25
20151029 17:10 10.25
20151029 17:20 10.25
20151029 17:30 10.25
20151029 17:40 10.125
20151029 17:50 10.125
20151029 18:00 10.125
20151029 18:10 10.125
20151029 18:20 10.125
20151029 18:30 10.125
20151029 18:40 10.125
20151029 18:50 10.125
20151029 19:00 10.125
20151029 19:10 10.125
20151029 19:20 10.125
20151029 19:30 10.125
20151029 19:40 10.125
20151029 19:50 10.25
20151029 20:00 10.25
20151029 20:10 10.125
20151029 20:20 10.25
20151029 20:30 10.25
20151029 20:40 10.125
20151029 20:50 10.25
20151029 21:00 10.125
20151029 21:10 10.25
20151029 21:20 10.25
20151029 21:30 10.25
20151029 21:40 10.25
20151029 21:50 10.25
20151029 22:00 10.25
20151029 22:10 10.25
20151029 22:20 10.375
20151029 22:30 10.25
20151029 22:40 10.125
20151029 22:50 10
20151029 23:00 10
20151029 23:10 9.625
20151029 23:20 9.625
20151029 23:30 9.125
20151029 23:40 9
20151029 23:50 8.875
