YYYYMMDD HH:MM measured temperature
20150715 00:00 13
20150715 00:10 12.875
20150715 00:20 12.75
20150715 00:30 12.625
20150715 00:40 12.25
20150715 00:50 12.125
20150715 01:00 11.875
20150715 01:10 11.625
20150715 01:20 11.5
20150715 01:30 11.75
20150715 01:40 12
20150715 01:50 12.25
20150715 02:00 12.625
20150715 02:10 12.75
20150715 02:20 12.75
20150715 02:30 12.375
20150715 02:40 11.625
20150715 02:50 11.5
20150715 03:00 11.25
20150715 03:10 11.125
20150715 03:20 11.125
20150715 03:30 11.25
20150715 03:40 11
20150715 03:50 11.25
20150715 04:00 11.625
20150715 04:10 12
20150715 04:20 12.25
20150715 04:30 12.5
20150715 04:40 12.625
20150715 04:50 12.75
20150715 05:00 12.75
20150715 05:10 12.75
20150715 05:20 12.625
20150715 05:30 12.75
20150715 05:40 12.75
20150715 05:50 13
20150715 06:00 13.25
20150715 06:10 13.375
20150715 06:20 13.375
20150715 06:30 13.5
20150715 06:40 13.625
20150715 06:50 13.875
20150715 07:00 14
20150715 07:10 14.5
20150715 07:20 14.5
20150715 07:30 14.5
20150715 07:40 14.375
20150715 07:50 14.75
20150715 08:00 15.5
20150715 08:10 16.125
20150715 08:20 16
20150715 08:30 16.5
20150715 08:40 16.75
20150715 08:50 16.25
20150715 09:00 16.5
20150715 09:10 16.75
20150715 09:20 16.75
20150715 09:30 17.125
20150715 09:40 17.875
20150715 09:50 17.375
20150715 10:00 18.125
20150715 10:10 18.25
20150715 10:20 17.375
20150715 10:30 18
20150715 10:40 19.25
20150715 10:50 18.125
20150715 11:00 18.625
20150715 11:10 19.625
20150715 11:20 19.875
20150715 11:30 19.5
20150715 11:40 20.125
20150715 11:50 20.125
20150715 12:00 20
20150715 12:10 19.125
20150715 12:20 18.875
20150715 12:30 19.875
20150715 12:40 20.625
20150715 12:50 20.25
20150715 13:00 21.125
20150715 13:10 20.75
20150715 13:20 21.875
20150715 13:30 21
20150715 13:40 22.75
20150715 13:50 21.375
20150715 14:00 22
20150715 14:10 22.375
20150715 14:20 22.875
20150715 14:30 24
20150715 14:40 22.375
20150715 14:50 22.875
20150715 15:00 22.5
20150715 15:10 22.25
20150715 15:20 23.25
20150715 15:30 21.875
20150715 15:40 22.625
20150715 15:50 22.875
20150715 16:00 23.125
20150715 16:10 22.25
20150715 16:20 21.5
20150715 16:30 22.25
20150715 16:40 21.875
20150715 16:50 22.25
20150715 17:00 22.5
20150715 17:10 23
20150715 17:20 23.125
20150715 17:30 22.375
20150715 17:40 22.375
20150715 17:50 21.75
20150715 18:00 22
20150715 18:10 21.625
20150715 18:20 21.625
20150715 18:30 21.75
20150715 18:40 21.125
20150715 18:50 20.5
20150715 19:00 20.375
20150715 19:10 19.375
20150715 19:20 19.875
20150715 19:30 19.5
20150715 19:40 19.25
20150715 19:50 19
20150715 20:00 18.5
20150715 20:10 18.375
20150715 20:20 18.125
20150715 20:30 17.75
20150715 20:40 17.625
20150715 20:50 17.125
20150715 21:00 17.125
20150715 21:10 17
20150715 21:20 17
20150715 21:30 16.75
20150715 21:40 16.75
20150715 21:50 16.875
20150715 22:00 16.75
20150715 22:10 16.625
20150715 22:20 16.625
20150715 22:30 16.5
20150715 22:40 16.5
20150715 22:50 16.625
20150715 23:00 16.5
20150715 23:10 16.5
20150715 23:20 16.5
20150715 23:30 16.375
20150715 23:40 16.5
20150715 23:50 16.375
