YYYYMMDD HH:MM measured temperature
20151005 00:00 6.375
20151005 00:10 6.25
20151005 00:20 6.125
20151005 00:30 6.125
20151005 00:40 6
20151005 00:50 6.125
20151005 01:00 6.125
20151005 01:10 6.125
20151005 01:20 6
20151005 01:30 6
20151005 01:40 5.875
20151005 01:50 6.125
20151005 02:00 5.875
20151005 02:10 5.75
20151005 02:20 5.875
20151005 02:30 5.75
20151005 02:40 5.75
20151005 02:50 5.875
20151005 03:00 6
20151005 03:10 6
20151005 03:20 6
20151005 03:30 5.75
20151005 03:40 5.75
20151005 03:50 5.875
20151005 04:00 6.5
20151005 04:10 6.875
20151005 04:20 7
20151005 04:30 7.125
20151005 04:40 7.25
20151005 04:50 7.25
20151005 05:00 7.125
20151005 05:10 7
20151005 05:20 6.875
20151005 05:30 6.75
20151005 05:40 6.875
20151005 05:50 6.875
20151005 06:00 7
20151005 06:10 6.75
20151005 06:20 6.625
20151005 06:30 6.5
20151005 06:40 6.75
20151005 06:50 6.625
20151005 07:00 6.75
20151005 07:10 6.25
20151005 07:20 6.25
20151005 07:30 6.5
20151005 07:40 6.5
20151005 07:50 6.625
20151005 08:00 6.625
20151005 08:10 6.875
20151005 08:20 7.125
20151005 08:30 7.25
20151005 08:40 7.375
20151005 08:50 7.75
20151005 09:00 8.5
20151005 09:10 8.875
20151005 09:20 9.625
20151005 09:30 10
20151005 09:40 10.625
20151005 09:50 11.375
20151005 10:00 12.125
20151005 10:10 12.875
20151005 10:20 12.875
20151005 10:30 13.375
20151005 10:40 13.75
20151005 10:50 14
20151005 11:00 14.5
20151005 11:10 14.875
20151005 11:20 15.125
20151005 11:30 15.625
20151005 11:40 15.875
20151005 11:50 15.75
20151005 12:00 16.5
20151005 12:10 16.875
20151005 12:20 17.5
20151005 12:30 17.75
20151005 12:40 17.5
20151005 12:50 18
20151005 13:00 18
20151005 13:10 18.375
20151005 13:20 18.5
20151005 13:30 19
20151005 13:40 18.875
20151005 13:50 19.625
20151005 14:00 18.875
20151005 14:10 18.5
20151005 14:20 18.375
20151005 14:30 18.5
20151005 14:40 19.625
20151005 14:50 19.625
20151005 15:00 20.5
20151005 15:10 20.25
20151005 15:20 19.625
20151005 15:30 19.875
20151005 15:40 19
20151005 15:50 18.25
20151005 16:00 18.375
20151005 16:10 18.25
20151005 16:20 18.125
20151005 16:30 18
20151005 16:40 18.5
20151005 16:50 18.625
20151005 17:00 17.75
20151005 17:10 17.5
20151005 17:20 17
20151005 17:30 16.75
20151005 17:40 16.875
20151005 17:50 16.25
20151005 18:00 15.875
20151005 18:10 15.875
20151005 18:20 15.625
20151005 18:30 15.125
20151005 18:40 14.625
20151005 18:50 14.375
20151005 19:00 14.125
20151005 19:10 13.875
20151005 19:20 13.875
20151005 19:30 13.75
20151005 19:40 13.75
20151005 19:50 13.625
20151005 20:00 13.75
20151005 20:10 13.75
20151005 20:20 13.75
20151005 20:30 13.625
20151005 20:40 13.375
20151005 20:50 13.5
20151005 21:00 13.75
20151005 21:10 13.25
20151005 21:20 13.125
20151005 21:30 13.125
20151005 21:40 13.125
20151005 21:50 13.125
20151005 22:00 13.125
20151005 22:10 13
20151005 22:20 13.25
20151005 22:30 13.125
20151005 22:40 13.25
20151005 22:50 13.125
20151005 23:00 12.875
20151005 23:10 12.875
20151005 23:20 12.875
20151005 23:30 12.625
20151005 23:40 12.5
20151005 23:50 12.5
