YYYYMMDD HH:MM measured temperature
20150227 00:00 6.5
20150227 00:10 6.375
20150227 00:20 6.25
20150227 00:30 5.875
20150227 00:40 5.875
20150227 00:50 5.75
20150227 01:00 5.5
20150227 01:10 5.375
20150227 01:20 5.25
20150227 01:30 5.25
20150227 01:40 5.125
20150227 01:50 5
20150227 02:00 4.75
20150227 02:10 4.625
20150227 02:20 4.5
20150227 02:30 4.5
20150227 02:40 4.5
20150227 02:50 4.375
20150227 03:00 4.375
20150227 03:10 4.25
20150227 03:20 4.375
20150227 03:30 4.375
20150227 03:40 4.25
20150227 03:50 4.25
20150227 04:00 4.25
20150227 04:10 4.25
20150227 04:20 4.25
20150227 04:30 4.125
20150227 04:40 4.25
20150227 04:50 4.25
20150227 05:00 4.125
20150227 05:10 4.25
20150227 05:20 4.125
20150227 05:30 4.125
20150227 05:40 4.25
20150227 05:50 4.25
20150227 06:00 4.25
20150227 06:10 4.25
20150227 06:20 4.125
20150227 06:30 4.25
20150227 06:40 4.25
20150227 06:50 4.375
20150227 07:00 4.25
20150227 07:10 4.25
20150227 07:20 4.125
20150227 07:30 4.25
20150227 07:40 4.125
20150227 07:50 4.25
20150227 08:00 4.25
20150227 08:10 4.25
20150227 08:20 4.375
20150227 08:30 4.5
20150227 08:40 4.75
20150227 08:50 4.75
20150227 09:00 4.625
20150227 09:10 4.875
20150227 09:20 4.875
20150227 09:30 4.875
20150227 09:40 5.125
20150227 09:50 5.125
20150227 10:00 5.125
20150227 10:10 5.5
20150227 10:20 5.625
20150227 10:30 5.75
20150227 10:40 5.75
20150227 10:50 5.625
20150227 11:00 5.5
20150227 11:10 5.625
20150227 11:20 5.625
20150227 11:30 5.875
20150227 11:40 6.375
20150227 11:50 6.25
20150227 12:00 6.25
20150227 12:10 6.375
20150227 12:20 6.5
20150227 12:30 6.75
20150227 12:40 6.75
20150227 12:50 6.625
20150227 13:00 6.625
20150227 13:10 6.25
20150227 13:20 6.625
20150227 13:30 7
20150227 13:40 7.25
20150227 13:50 7
20150227 14:00 6.875
20150227 14:10 6.75
20150227 14:20 6.625
20150227 14:30 6.75
20150227 14:40 6.625
20150227 14:50 6.75
20150227 15:00 6.625
20150227 15:10 6.75
20150227 15:20 6.5
20150227 15:30 6.5
20150227 15:40 6.625
20150227 15:50 6.5
20150227 16:00 6.75
20150227 16:10 7
20150227 16:20 6.875
20150227 16:30 6.625
20150227 16:40 6.25
20150227 16:50 6
20150227 17:00 5.75
20150227 17:10 5.625
20150227 17:20 5.625
20150227 17:30 5.375
20150227 17:40 5.25
20150227 17:50 5
20150227 18:00 4.875
20150227 18:10 4.875
20150227 18:20 4.75
20150227 18:30 4.5
20150227 18:40 4.25
20150227 18:50 4.125
20150227 19:00 3.875
20150227 19:10 3.75
20150227 19:20 3.625
20150227 19:30 3.375
20150227 19:40 3.375
20150227 19:50 3.375
20150227 20:00 3.625
20150227 20:10 3.125
20150227 20:20 3.125
20150227 20:30 3.125
20150227 20:40 3
20150227 20:50 3
20150227 21:00 2.875
20150227 21:10 2.75
20150227 21:20 2.75
20150227 21:30 2.625
20150227 21:40 2.5
20150227 21:50 2.125
20150227 22:00 2
20150227 22:10 2.25
20150227 22:20 2.25
20150227 22:30 2.125
20150227 22:40 2.25
20150227 22:50 2.125
20150227 23:00 2
20150227 23:10 1.75
20150227 23:20 1.625
20150227 23:30 1.625
20150227 23:40 1.625
20150227 23:50 1.5
