YYYYMMDD HH:MM measured temperature
20151018 00:00 7.375
20151018 00:10 7.375
20151018 00:20 7.375
20151018 00:30 7.375
20151018 00:40 7.375
20151018 00:50 7.375
20151018 01:00 7.375
20151018 01:10 7.25
20151018 01:20 7.25
20151018 01:30 7.25
20151018 01:40 7.25
20151018 01:50 7.25
20151018 02:00 7.25
20151018 02:10 7.25
20151018 02:20 7.125
20151018 02:30 7.25
20151018 02:40 7.25
20151018 02:50 7.25
20151018 03:00 7.25
20151018 03:10 7.25
20151018 03:20 7.25
20151018 03:30 7.25
20151018 03:40 7.25
20151018 03:50 7.25
20151018 04:00 7.25
20151018 04:10 7.25
20151018 04:20 7.25
20151018 04:30 7.25
20151018 04:40 7.25
20151018 04:50 7.25
20151018 05:00 7.25
20151018 05:10 7.25
20151018 05:20 7.125
20151018 05:30 7.125
20151018 05:40 7.125
20151018 05:50 7.125
20151018 06:00 7.125
20151018 06:10 7.125
20151018 06:20 7.125
20151018 06:30 7.125
20151018 06:40 7.125
20151018 06:50 7.125
20151018 07:00 7.125
20151018 07:10 7.125
20151018 07:20 7.125
20151018 07:30 7.125
20151018 07:40 7.125
20151018 07:50 7.125
20151018 08:00 7.125
20151018 08:10 7.125
20151018 08:20 7.125
20151018 08:30 7
20151018 08:40 7.125
20151018 08:50 7.125
20151018 09:00 7.125
20151018 09:10 7.25
20151018 09:20 7.375
20151018 09:30 7.25
20151018 09:40 7.375
20151018 09:50 7.5
20151018 10:00 7.5
20151018 10:10 7.625
20151018 10:20 7.75
20151018 10:30 7.875
20151018 10:40 7.75
20151018 10:50 7.875
20151018 11:00 7.875
20151018 11:10 8
20151018 11:20 8
20151018 11:30 8
20151018 11:40 8.125
20151018 11:50 8.125
20151018 12:00 8.125
20151018 12:10 8
20151018 12:20 8
20151018 12:30 8.125
20151018 12:40 8.25
20151018 12:50 8.25
20151018 13:00 8.125
20151018 13:10 8.125
20151018 13:20 8
20151018 13:30 8
20151018 13:40 7.875
20151018 13:50 8.125
20151018 14:00 8.25
20151018 14:10 8.125
20151018 14:20 8.375
20151018 14:30 8.5
20151018 14:40 8.25
20151018 14:50 8.25
20151018 15:00 8.375
20151018 15:10 8.25
20151018 15:20 8.375
20151018 15:30 8.25
20151018 15:40 8.25
20151018 15:50 8.25
20151018 16:00 8.25
20151018 16:10 8.25
20151018 16:20 8.25
20151018 16:30 8.125
20151018 16:40 8.25
20151018 16:50 8.25
20151018 17:00 8.125
20151018 17:10 8.125
20151018 17:20 8
20151018 17:30 8
20151018 17:40 8
20151018 17:50 8
20151018 18:00 8
20151018 18:10 7.875
20151018 18:20 7.875
20151018 18:30 7.875
20151018 18:40 7.75
20151018 18:50 7.75
20151018 19:00 7.75
20151018 19:10 7.75
20151018 19:20 7.75
20151018 19:30 7.75
20151018 19:40 7.75
20151018 19:50 7.75
20151018 20:00 7.875
20151018 20:10 7.75
20151018 20:20 7.875
20151018 20:30 7.875
20151018 20:40 7.75
20151018 20:50 7.75
20151018 21:00 7.75
20151018 21:10 7.75
20151018 21:20 7.75
20151018 21:30 7.75
20151018 21:40 7.875
20151018 21:50 7.75
20151018 22:00 7.75
20151018 22:10 7.75
20151018 22:20 7.75
20151018 22:30 7.75
20151018 22:40 7.75
20151018 22:50 7.75
20151018 23:00 7.75
20151018 23:10 7.75
20151018 23:20 7.75
20151018 23:30 7.75
20151018 23:40 7.75
20151018 23:50 7.75
