YYYYMMDD HH:MM measured temperature
20151202 00:00 9.75
20151202 00:10 9.75
20151202 00:20 9.875
20151202 00:30 10
20151202 00:40 9.875
20151202 00:50 10
20151202 01:00 10
20151202 01:10 10.125
20151202 01:20 10.125
20151202 01:30 10.125
20151202 01:40 10.25
20151202 01:50 10.375
20151202 02:00 10.25
20151202 02:10 10.375
20151202 02:20 10.375
20151202 02:30 10.375
20151202 02:40 10.5
20151202 02:50 10.5
20151202 03:00 10.5
20151202 03:10 10.5
20151202 03:20 10.5
20151202 03:30 10.625
20151202 03:40 10.5
20151202 03:50 10.5
20151202 04:00 10.375
20151202 04:10 10.375
20151202 04:20 10.375
20151202 04:30 10.375
20151202 04:40 10.375
20151202 04:50 10.375
20151202 05:00 10.25
20151202 05:10 10.375
20151202 05:20 10.375
20151202 05:30 10.375
20151202 05:40 10.375
20151202 05:50 10.25
20151202 06:00 10.25
20151202 06:10 10.375
20151202 06:20 10.375
20151202 06:30 10.25
20151202 06:40 10.25
20151202 06:50 10.25
20151202 07:00 10.125
20151202 07:10 10.25
20151202 07:20 10.125
20151202 07:30 10.125
20151202 07:40 10.125
20151202 07:50 10.125
20151202 08:00 10
20151202 08:10 10
20151202 08:20 10
20151202 08:30 10
20151202 08:40 10
20151202 08:50 10
20151202 09:00 9.875
20151202 09:10 9.875
20151202 09:20 10
20151202 09:30 10
20151202 09:40 10
20151202 09:50 9.875
20151202 10:00 9.875
20151202 10:10 10
20151202 10:20 10
20151202 10:30 9.875
20151202 10:40 10
20151202 10:50 10
20151202 11:00 10
20151202 11:10 10
20151202 11:20 10.125
20151202 11:30 10.125
20151202 11:40 10.125
20151202 11:50 10.125
20151202 12:00 10.125
20151202 12:10 10.125
20151202 12:20 10.125
20151202 12:30 10.25
20151202 12:40 10.375
20151202 12:50 10.5
20151202 13:00 10.5
20151202 13:10 10.625
20151202 13:20 10.75
20151202 13:30 10.75
20151202 13:40 10.75
20151202 13:50 10.625
20151202 14:00 10.625
20151202 14:10 10.5
20151202 14:20 10.5
20151202 14:30 10.5
20151202 14:40 10.5
20151202 14:50 10.25
20151202 15:00 10.25
20151202 15:10 10.25
20151202 15:20 10.125
20151202 15:30 10.125
20151202 15:40 10
20151202 15:50 10
20151202 16:00 9.875
20151202 16:10 9.875
20151202 16:20 10
20151202 16:30 10
20151202 16:40 9.875
20151202 16:50 9.875
20151202 17:00 9.75
20151202 17:10 9.875
20151202 17:20 9.75
20151202 17:30 9.75
20151202 17:40 9.75
20151202 17:50 9.75
20151202 18:00 9.875
20151202 18:10 9.75
20151202 18:20 9.75
20151202 18:30 9.625
20151202 18:40 9.625
20151202 18:50 9.5
20151202 19:00 9.5
20151202 19:10 9.5
20151202 19:20 9.5
20151202 19:30 9.625
20151202 19:40 9.625
20151202 19:50 9.625
20151202 20:00 9.625
20151202 20:10 9.75
20151202 20:20 9.625
20151202 20:30 9.625
20151202 20:40 9.625
20151202 20:50 9.375
20151202 21:00 9.125
20151202 21:10 9
20151202 21:20 8.75
20151202 21:30 8.625
20151202 21:40 8.5
20151202 21:50 8.25
20151202 22:00 8.375
20151202 22:10 8.125
20151202 22:20 8
20151202 22:30 7.875
20151202 22:40 8
20151202 22:50 7.875
20151202 23:00 8.125
20151202 23:10 8
20151202 23:20 8
20151202 23:30 8.125
20151202 23:40 8.25
20151202 23:50 8.25
