YYYYMMDD HH:MM measured temperature
20150305 00:00 3.75
20150305 00:10 3.625
20150305 00:20 3.375
20150305 00:30 3.25
20150305 00:40 3.25
20150305 00:50 3.25
20150305 01:00 3.25
20150305 01:10 3.5
20150305 01:20 3.75
20150305 01:30 3.75
20150305 01:40 3.75
20150305 01:50 3.5
20150305 02:00 3.125
20150305 02:10 2.875
20150305 02:20 2.875
20150305 02:30 3
20150305 02:40 3
20150305 02:50 2.875
20150305 03:00 2.875
20150305 03:10 2.875
20150305 03:20 2.875
20150305 03:30 2.875
20150305 03:40 2.75
20150305 03:50 3
20150305 04:00 2.875
20150305 04:10 3
20150305 04:20 2.875
20150305 04:30 2.75
20150305 04:40 2.875
20150305 04:50 2.75
20150305 05:00 2.75
20150305 05:10 2.75
20150305 05:20 2.75
20150305 05:30 2.875
20150305 05:40 2.875
20150305 05:50 2.75
20150305 06:00 2.875
20150305 06:10 2.75
20150305 06:20 2.75
20150305 06:30 2.75
20150305 06:40 2.625
20150305 06:50 2.75
20150305 07:00 3
20150305 07:10 3.125
20150305 07:20 3.125
20150305 07:30 3.25
20150305 07:40 3.375
20150305 07:50 3.375
20150305 08:00 3.5
20150305 08:10 3.625
20150305 08:20 3.625
20150305 08:30 3.75
20150305 08:40 3.875
20150305 08:50 4.125
20150305 09:00 4.25
20150305 09:10 4.375
20150305 09:20 4.625
20150305 09:30 5
20150305 09:40 5.625
20150305 09:50 5.75
20150305 10:00 6.125
20150305 10:10 6.125
20150305 10:20 6.125
20150305 10:30 6
20150305 10:40 6.125
20150305 10:50 6.25
20150305 11:00 6.625
20150305 11:10 7
20150305 11:20 7.125
20150305 11:30 7.25
20150305 11:40 7.75
20150305 11:50 8.25
20150305 12:00 7.875
20150305 12:10 7
20150305 12:20 6.875
20150305 12:30 7.5
20150305 12:40 7.625
20150305 12:50 7.875
20150305 13:00 7.875
20150305 13:10 7.5
20150305 13:20 7.375
20150305 13:30 7.25
20150305 13:40 8.125
20150305 13:50 7.875
20150305 14:00 8.125
20150305 14:10 7.875
20150305 14:20 7.875
20150305 14:30 7.75
20150305 14:40 7.625
20150305 14:50 7.875
20150305 15:00 8.25
20150305 15:10 8
20150305 15:20 8.125
20150305 15:30 8.75
20150305 15:40 8.875
20150305 15:50 8.5
20150305 16:00 8.125
20150305 16:10 8
20150305 16:20 8
20150305 16:30 7.875
20150305 16:40 7.75
20150305 16:50 7.625
20150305 17:00 7.5
20150305 17:10 7.375
20150305 17:20 7.25
20150305 17:30 7.125
20150305 17:40 7
20150305 17:50 6.875
20150305 18:00 6.75
20150305 18:10 6.625
20150305 18:20 6.5
20150305 18:30 6.375
20150305 18:40 6.25
20150305 18:50 6.25
20150305 19:00 6.25
20150305 19:10 6.25
20150305 19:20 6.25
20150305 19:30 6.125
20150305 19:40 6.125
20150305 19:50 6.125
20150305 20:00 6
20150305 20:10 5.875
20150305 20:20 5.75
20150305 20:30 5.5
20150305 20:40 5.25
20150305 20:50 4.875
20150305 21:00 4.625
20150305 21:10 4
20150305 21:20 3.625
20150305 21:30 3.375
20150305 21:40 3.125
20150305 21:50 2.75
20150305 22:00 2.875
20150305 22:10 2.5
20150305 22:20 3.25
20150305 22:30 3.5
20150305 22:40 3
20150305 22:50 2.875
20150305 23:00 2.625
20150305 23:10 2.75
20150305 23:20 3.375
20150305 23:30 3.625
20150305 23:40 4
20150305 23:50 4.25
