YYYYMMDD HH:MM measured temperature
20150623 00:00 10.625
20150623 00:10 10.375
20150623 00:20 10.25
20150623 00:30 10.375
20150623 00:40 10.375
20150623 00:50 10.25
20150623 01:00 10.25
20150623 01:10 10.25
20150623 01:20 10.25
20150623 01:30 10.25
20150623 01:40 10.25
20150623 01:50 10.25
20150623 02:00 10.125
20150623 02:10 10.125
20150623 02:20 10
20150623 02:30 10
20150623 02:40 9.875
20150623 02:50 9.875
20150623 03:00 9.75
20150623 03:10 9.75
20150623 03:20 9.75
20150623 03:30 9.75
20150623 03:40 9.75
20150623 03:50 9.75
20150623 04:00 9.75
20150623 04:10 9.625
20150623 04:20 9.75
20150623 04:30 9.75
20150623 04:40 9.625
20150623 04:50 9.625
20150623 05:00 9.625
20150623 05:10 9.625
20150623 05:20 9.625
20150623 05:30 9.625
20150623 05:40 9.625
20150623 05:50 9.625
20150623 06:00 9.625
20150623 06:10 9.75
20150623 06:20 9.75
20150623 06:30 9.875
20150623 06:40 9.875
20150623 06:50 10
20150623 07:00 10.25
20150623 07:10 10.25
20150623 07:20 10.375
20150623 07:30 10.625
20150623 07:40 10.75
20150623 07:50 10.875
20150623 08:00 11.25
20150623 08:10 11.375
20150623 08:20 11.25
20150623 08:30 11.125
20150623 08:40 12
20150623 08:50 12
20150623 09:00 12.5
20150623 09:10 12.625
20150623 09:20 13.5
20150623 09:30 13.75
20150623 09:40 14
20150623 09:50 13
20150623 10:00 13.25
20150623 10:10 14.375
20150623 10:20 14.5
20150623 10:30 12.75
20150623 10:40 11.875
20150623 10:50 11.5
20150623 11:00 12.125
20150623 11:10 13.125
20150623 11:20 13.75
20150623 11:30 14.125
20150623 11:40 14.5
20150623 11:50 14.375
20150623 12:00 12.375
20150623 12:10 12.625
20150623 12:20 13.75
20150623 12:30 14.375
20150623 12:40 14.75
20150623 12:50 14.875
20150623 13:00 14.75
20150623 13:10 16.125
20150623 13:20 15.5
20150623 13:30 17.5
20150623 13:40 16.125
20150623 13:50 14.875
20150623 14:00 15.25
20150623 14:10 16.25
20150623 14:20 17.625
20150623 14:30 15.875
20150623 14:40 14.375
20150623 14:50 15.5
20150623 15:00 17.25
20150623 15:10 15.5
20150623 15:20 14.125
20150623 15:30 14.875
20150623 15:40 16.75
20150623 15:50 15.5
20150623 16:00 16.75
20150623 16:10 17.375
20150623 16:20 18
20150623 16:30 17.75
20150623 16:40 17.5
20150623 16:50 17.375
20150623 17:00 17.75
20150623 17:10 16
20150623 17:20 15.625
20150623 17:30 15.5
20150623 17:40 16
20150623 17:50 16
20150623 18:00 16.75
20150623 18:10 16.75
20150623 18:20 16.25
20150623 18:30 17
20150623 18:40 16.5
20150623 18:50 15.5
20150623 19:00 15.625
20150623 19:10 15.125
20150623 19:20 15.25
20150623 19:30 15.125
20150623 19:40 15.125
20150623 19:50 14.375
20150623 20:00 14.625
20150623 20:10 14.375
20150623 20:20 14.125
20150623 20:30 14
20150623 20:40 14
20150623 20:50 14
20150623 21:00 13.875
20150623 21:10 13.625
20150623 21:20 13.125
20150623 21:30 12.75
20150623 21:40 12.5
20150623 21:50 12.625
20150623 22:00 12.75
20150623 22:10 12.75
20150623 22:20 12.5
20150623 22:30 12.375
20150623 22:40 12.25
20150623 22:50 12.125
20150623 23:00 12.125
20150623 23:10 12.125
20150623 23:20 12
20150623 23:30 11.875
20150623 23:40 11.875
20150623 23:50 11.75
