YYYYMMDD HH:MM measured temperature
20150904 00:00 8.875
20150904 00:10 8.8125
20150904 00:20 9.125
20150904 00:30 9
20150904 00:40 9.0625
20150904 00:50 8.75
20150904 01:00 8.625
20150904 01:10 8.625
20150904 01:20 8.5
20150904 01:30 8.5
20150904 01:40 8.625
20150904 01:50 8.6875
20150904 02:00 8.75
20150904 02:10 8.75
20150904 02:20 9.125
20150904 02:30 9.25
20150904 02:40 9.25
20150904 02:50 9.3125
20150904 03:00 9.375
20150904 03:10 9.375
20150904 03:20 9.375
20150904 03:30 9.4375
20150904 03:40 9.5
20150904 03:50 9.5
20150904 04:00 9.5
20150904 04:10 9.625
20150904 04:20 9.5
20150904 04:30 9.5625
20150904 04:40 9.625
20150904 04:50 9.5
20150904 05:00 9.625
20150904 05:10 9.625
20150904 05:20 9.625
20150904 05:30 9.75
20150904 05:40 9.75
20150904 05:50 9.875
20150904 06:00 9.875
20150904 06:10 10
20150904 06:20 10
20150904 06:30 10
20150904 06:40 9.875
20150904 06:50 9.875
20150904 07:00 9.75
20150904 07:10 9.75
20150904 07:20 9.875
20150904 07:30 10
20150904 07:40 10.25
20150904 07:50 10.375
20150904 08:00 10.5
20150904 08:10 10.625
20150904 08:20 10.875
20150904 08:30 11.125
20150904 08:40 11.75
20150904 08:50 12.625
20150904 09:00 13
20150904 09:10 12.75
20150904 09:20 12.75
20150904 09:30 13.25
20150904 09:40 13.5
20150904 09:50 13.75
20150904 10:00 13.75
20150904 10:10 14
20150904 10:20 14.375
20150904 10:30 15
20150904 10:40 14.875
20150904 10:50 15.5
20150904 11:00 15.375
20150904 11:10 15.125
20150904 11:20 14.625
20150904 11:30 14.75
20150904 11:40 15.125
20150904 11:50 15
20150904 12:00 16.5
20150904 12:10 15.625
20150904 12:20 15.75
20150904 12:30 15.875
20150904 12:40 16
20150904 12:50 16.125
20150904 13:00 16
20150904 13:10 15.875
20150904 13:20 15.75
20150904 13:30 15.875
20150904 13:40 16
20150904 13:50 17.125
20150904 14:00 16.625
20150904 14:10 16.125
20150904 14:20 17.125
20150904 14:30 17.625
20150904 14:40 17.125
20150904 14:50 16.5
20150904 15:00 17.25
20150904 15:10 16.625
20150904 15:20 17.375
20150904 15:30 17.375
20150904 15:40 16.5
20150904 15:50 16.375
20150904 16:00 16.625
20150904 16:10 16.875
20150904 16:20 16.75
20150904 16:30 16.125
20150904 16:40 16.25
20150904 16:50 16.625
20150904 17:00 16
20150904 17:10 15.625
20150904 17:20 15
20150904 17:30 15.75
20150904 17:40 16.375
20150904 17:50 15.875
20150904 18:00 15.75
20150904 18:10 15.75
20150904 18:20 15.75
20150904 18:30 15.625
20150904 18:40 15.5
20150904 18:50 15.625
20150904 19:00 15.5
20150904 19:10 15.375
20150904 19:20 15.25
20150904 19:30 15.25
20150904 19:40 15.25
20150904 19:50 15.25
20150904 20:00 15.125
20150904 20:10 14.875
20150904 20:20 14.375
20150904 20:30 14.25
20150904 20:40 14.125
20150904 20:50 14.625
20150904 21:00 14.875
20150904 21:10 14.625
20150904 21:20 14.625
20150904 21:30 14.625
20150904 21:40 14.5
20150904 21:50 14.25
20150904 22:00 13.5
20150904 22:10 13.375
20150904 22:20 13.5
20150904 22:30 13.25
20150904 22:40 12.875
20150904 22:50 12.5
20150904 23:00 12.25
20150904 23:10 12.25
20150904 23:20 12.25
20150904 23:30 12.125
20150904 23:40 12.25
20150904 23:50 12.25
