YYYYMMDD HH:MM measured temperature
20150926 00:00 8.125
20150926 00:10 8
20150926 00:20 8
20150926 00:30 7.875
20150926 00:40 7.625
20150926 00:50 7.875
20150926 01:00 7.75
20150926 01:10 7.75
20150926 01:20 7.875
20150926 01:30 7.625
20150926 01:40 7.5
20150926 01:50 7.25
20150926 02:00 7.125
20150926 02:10 6.875
20150926 02:20 6.75
20150926 02:30 6.625
20150926 02:40 6.5
20150926 02:50 6.375
20150926 03:00 6.375
20150926 03:10 6.25
20150926 03:20 6.25
20150926 03:30 6
20150926 03:40 6.375
20150926 03:50 6.25
20150926 04:00 6.5
20150926 04:10 6.25
20150926 04:20 6.625
20150926 04:30 6.125
20150926 04:40 6
20150926 04:50 5.375
20150926 05:00 5.5
20150926 05:10 5.5625
20150926 05:20 5.5
20150926 05:30 5.75
20150926 05:40 5.625
20150926 05:50 5.5
20150926 06:00 5.5
20150926 06:10 5.5
20150926 06:20 5.5
20150926 06:30 5.3125
20150926 06:40 5.25
20150926 06:50 5
20150926 07:00 4.75
20150926 07:10 4.75
20150926 07:20 4.75
20150926 07:30 5.1875
20150926 07:40 5.25
20150926 07:50 6
20150926 08:00 6.375
20150926 08:10 7.125
20150926 08:20 7.5
20150926 08:30 7.875
20150926 08:40 8.375
20150926 08:50 8.375
20150926 09:00 8.75
20150926 09:10 9.125
20150926 09:20 9.375
20150926 09:30 9.625
20150926 09:40 9.875
20150926 09:50 9.625
20150926 10:00 9.625
20150926 10:10 10
20150926 10:20 11
20150926 10:30 11.875
20150926 10:40 13
20150926 10:50 13.625
20150926 11:00 14.625
20150926 11:10 14
20150926 11:20 14.375
20150926 11:30 14.625
20150926 11:40 15.125
20150926 11:50 15.75
20150926 12:00 15.125
20150926 12:10 16.5
20150926 12:20 15.875
20150926 12:30 15.25
20150926 12:40 15.375
20150926 12:50 15.875
20150926 13:00 17
20150926 13:10 15.75
20150926 13:20 16.375
20150926 13:30 15.375
20150926 13:40 17.125
20150926 13:50 18.125
20150926 14:00 15.875
20150926 14:10 15.875
20150926 14:20 17.5
20150926 14:30 17.75
20150926 14:40 19
20150926 14:50 15.75
20150926 15:00 15.375
20150926 15:10 15.625
20150926 15:20 14.875
20150926 15:30 15.375
20150926 15:40 15
20150926 15:50 15
20150926 16:00 15.125
20150926 16:10 15.5
20150926 16:20 15.125
20150926 16:30 15.875
20150926 16:40 16.75
20150926 16:50 16.5
20150926 17:00 17.125
20150926 17:10 17
20150926 17:20 17.125
20150926 17:30 16.625
20150926 17:40 15.625
20150926 17:50 15.125
20150926 18:00 14.75
20150926 18:10 14.625
20150926 18:20 14.5
20150926 18:30 14.125
20150926 18:40 13.75
20150926 18:50 13.25
20150926 19:00 12.875
20150926 19:10 12.5
20150926 19:20 12.5
20150926 19:30 12.125
20150926 19:40 11.375
20150926 19:50 11.25
20150926 20:00 11
20150926 20:10 10.875
20150926 20:20 10.5
20150926 20:30 10.25
20150926 20:40 9.75
20150926 20:50 9.75
20150926 21:00 9.5
20150926 21:10 9.25
20150926 21:20 9.125
20150926 21:30 9.125
20150926 21:40 9.25
20150926 21:50 9
20150926 22:00 8.875
20150926 22:10 8.75
20150926 22:20 8.75
20150926 22:30 8.5
20150926 22:40 8.25
20150926 22:50 7.875
20150926 23:00 7.75
20150926 23:10 7.625
20150926 23:20 7.375
20150926 23:30 7.5
20150926 23:40 7.5
20150926 23:50 7.625
