YYYYMMDD HH:MM measured temperature
20150212 00:00 3.25
20150212 00:10 3.25
20150212 00:20 3.25
20150212 00:30 3.25
20150212 00:40 3.25
20150212 00:50 3.25
20150212 01:00 3.25
20150212 01:10 3.375
20150212 01:20 3.25
20150212 01:30 3.375
20150212 01:40 3.5
20150212 01:50 3.375
20150212 02:00 3.375
20150212 02:10 3.5
20150212 02:20 3.25
20150212 02:30 3.375
20150212 02:40 3.25
20150212 02:50 3.125
20150212 03:00 3.125
20150212 03:10 3
20150212 03:20 3
20150212 03:30 3
20150212 03:40 3
20150212 03:50 2.875
20150212 04:00 2.875
20150212 04:10 2.75
20150212 04:20 2.625
20150212 04:30 2.75
20150212 04:40 2.625
20150212 04:50 2.375
20150212 05:00 2.375
20150212 05:10 2.25
20150212 05:20 2.125
20150212 05:30 2.125
20150212 05:40 2
20150212 05:50 1.875
20150212 06:00 1.875
20150212 06:10 2
20150212 06:20 2
20150212 06:30 1.75
20150212 06:40 1.75
20150212 06:50 1.75
20150212 07:00 1.75
20150212 07:10 2
20150212 07:20 1.75
20150212 07:30 1.625
20150212 07:40 1.625
20150212 07:50 1.5
20150212 08:00 1.5
20150212 08:10 1.5
20150212 08:20 1.375
20150212 08:30 1.125
20150212 08:40 1.25
20150212 08:50 1.25
20150212 09:00 1.375
20150212 09:10 1.25
20150212 09:20 1.25
20150212 09:30 1.5
20150212 09:40 1.25
20150212 09:50 1.25
20150212 10:00 1.125
20150212 10:10 1.25
20150212 10:20 1.25
20150212 10:30 1.125
20150212 10:40 1.125
20150212 10:50 1.25
20150212 11:00 1.25
20150212 11:10 1.25
20150212 11:20 1.375
20150212 11:30 1.5
20150212 11:40 1.25
20150212 11:50 1.375
20150212 12:00 1.375
20150212 12:10 1.375
20150212 12:20 1.5
20150212 12:30 1.5
20150212 12:40 1.625
20150212 12:50 1.625
20150212 13:00 1.75
20150212 13:10 1.5
20150212 13:20 1.75
20150212 13:30 1.75
20150212 13:40 1.75
20150212 13:50 1.875
20150212 14:00 1.875
20150212 14:10 1.625
20150212 14:20 2
20150212 14:30 1.875
20150212 14:40 1.75
20150212 14:50 1.75
20150212 15:00 1.625
20150212 15:10 1.75
20150212 15:20 1.625
20150212 15:30 1.625
20150212 15:40 1.5
20150212 15:50 1.375
20150212 16:00 1.625
20150212 16:10 1.5
20150212 16:20 1.5
20150212 16:30 1.5
20150212 16:40 1.375
20150212 16:50 1.375
20150212 17:00 1.25
20150212 17:10 1.125
20150212 17:20 1
20150212 17:30 0.875
20150212 17:40 1
20150212 17:50 0.875
20150212 18:00 0.875
20150212 18:10 0.875
20150212 18:20 1
20150212 18:30 1
20150212 18:40 1
20150212 18:50 1.125
20150212 19:00 1
20150212 19:10 0.875
20150212 19:20 0.875
20150212 19:30 0.75
20150212 19:40 0.875
20150212 19:50 1
20150212 20:00 0.875
20150212 20:10 0.75
20150212 20:20 0.75
20150212 20:30 0.875
20150212 20:40 0.75
20150212 20:50 0.75
20150212 21:00 0.875
20150212 21:10 0.625
20150212 21:20 0.5
20150212 21:30 0.5
20150212 21:40 0.375
20150212 21:50 0.375
20150212 22:00 0.25
20150212 22:10 0.375
20150212 22:20 0.375
20150212 22:30 0.375
20150212 22:40 0.25
20150212 22:50 0.125
20150212 23:00 0.25
20150212 23:10 0.125
20150212 23:20 0.25
20150212 23:30 0.375
20150212 23:40 0.375
20150212 23:50 0.5
