YYYYMMDD HH:MM measured temperature
20150314 00:00 2.125
20150314 00:10 2
20150314 00:20 2
20150314 00:30 2.125
20150314 00:40 2.375
20150314 00:50 2.625
20150314 01:00 2.75
20150314 01:10 2.875
20150314 01:20 3
20150314 01:30 3.125
20150314 01:40 3.25
20150314 01:50 3.125
20150314 02:00 3.125
20150314 02:10 3.125
20150314 02:20 3.125
20150314 02:30 3.125
20150314 02:40 3.125
20150314 02:50 3
20150314 03:00 3
20150314 03:10 3
20150314 03:20 3
20150314 03:30 3
20150314 03:40 3
20150314 03:50 3
20150314 04:00 3
20150314 04:10 2.875
20150314 04:20 2.875
20150314 04:30 2.875
20150314 04:40 2.875
20150314 04:50 2.875
20150314 05:00 2.75
20150314 05:10 2.875
20150314 05:20 2.75
20150314 05:30 2.875
20150314 05:40 2.875
20150314 05:50 3
20150314 06:00 3
20150314 06:10 3
20150314 06:20 3.125
20150314 06:30 3.125
20150314 06:40 3.125
20150314 06:50 3.25
20150314 07:00 3.25
20150314 07:10 3.375
20150314 07:20 3.5
20150314 07:30 3.5
20150314 07:40 3.5
20150314 07:50 3.625
20150314 08:00 3.625
20150314 08:10 3.625
20150314 08:20 3.75
20150314 08:30 3.75
20150314 08:40 4
20150314 08:50 4
20150314 09:00 4.125
20150314 09:10 4.125
20150314 09:20 4.25
20150314 09:30 4.25
20150314 09:40 4.375
20150314 09:50 4.5
20150314 10:00 4.5
20150314 10:10 4.75
20150314 10:20 4.75
20150314 10:30 4.75
20150314 10:40 5.25
20150314 10:50 5.375
20150314 11:00 5.625
20150314 11:10 5.625
20150314 11:20 5.875
20150314 11:30 6
20150314 11:40 6
20150314 11:50 6.125
20150314 12:00 6
20150314 12:10 6.125
20150314 12:20 6
20150314 12:30 6.125
20150314 12:40 6
20150314 12:50 6.375
20150314 13:00 6.75
20150314 13:10 6.875
20150314 13:20 7.5
20150314 13:30 7.875
20150314 13:40 7.5
20150314 13:50 6.75
20150314 14:00 6.5
20150314 14:10 6.25
20150314 14:20 6.125
20150314 14:30 6.25
20150314 14:40 6.125
20150314 14:50 5.875
20150314 15:00 5.625
20150314 15:10 5.625
20150314 15:20 5.5
20150314 15:30 5.5
20150314 15:40 5.5
20150314 15:50 5.375
20150314 16:00 5.125
20150314 16:10 5.125
20150314 16:20 5.125
20150314 16:30 5.125
20150314 16:40 5
20150314 16:50 5.125
20150314 17:00 5.25
20150314 17:10 5.25
20150314 17:20 5.25
20150314 17:30 5.25
20150314 17:40 5.25
20150314 17:50 5.125
20150314 18:00 5.125
20150314 18:10 5.25
20150314 18:20 5.25
20150314 18:30 5.125
20150314 18:40 5.125
20150314 18:50 5.125
20150314 19:00 5.25
20150314 19:10 5.125
20150314 19:20 5.125
20150314 19:30 5.125
20150314 19:40 5.125
20150314 19:50 5.125
20150314 20:00 5.25
20150314 20:10 5.125
20150314 20:20 5.125
20150314 20:30 5.25
20150314 20:40 5.125
20150314 20:50 5.25
20150314 21:00 5.25
20150314 21:10 5.25
20150314 21:20 5.25
20150314 21:30 5.25
20150314 21:40 5.25
20150314 21:50 5.25
20150314 22:00 5.25
20150314 22:10 5.125
20150314 22:20 5
20150314 22:30 5
20150314 22:40 4.875
20150314 22:50 4.875
20150314 23:00 4.75
20150314 23:10 4.625
20150314 23:20 4.5
20150314 23:30 4.5
20150314 23:40 4.625
20150314 23:50 4.5
