YYYYMMDD HH:MM measured temperature
20151021 00:00 7.625
20151021 00:10 7.875
20151021 00:20 7.875
20151021 00:30 7.875
20151021 00:40 7.875
20151021 00:50 8
20151021 01:00 7.875
20151021 01:10 7.875
20151021 01:20 8
20151021 01:30 7.875
20151021 01:40 7.875
20151021 01:50 7.75
20151021 02:00 7.75
20151021 02:10 7.75
20151021 02:20 7.75
20151021 02:30 7.75
20151021 02:40 7.875
20151021 02:50 7.75
20151021 03:00 7.75
20151021 03:10 7.75
20151021 03:20 7.75
20151021 03:30 7.625
20151021 03:40 7.625
20151021 03:50 7.625
20151021 04:00 7.625
20151021 04:10 7.75
20151021 04:20 7.625
20151021 04:30 7.625
20151021 04:40 7.625
20151021 04:50 7.625
20151021 05:00 7.5
20151021 05:10 7.625
20151021 05:20 7.625
20151021 05:30 7.625
20151021 05:40 7.5
20151021 05:50 7.5
20151021 06:00 7.625
20151021 06:10 7.5
20151021 06:20 7.5
20151021 06:30 7.5
20151021 06:40 7.5
20151021 06:50 7.5
20151021 07:00 7.5
20151021 07:10 7.625
20151021 07:20 7.625
20151021 07:30 7.625
20151021 07:40 7.625
20151021 07:50 7.625
20151021 08:00 7.625
20151021 08:10 7.625
20151021 08:20 7.625
20151021 08:30 7.75
20151021 08:40 7.875
20151021 08:50 8
20151021 09:00 8.125
20151021 09:10 8.125
20151021 09:20 8.125
20151021 09:30 8.25
20151021 09:40 8.375
20151021 09:50 8.5
20151021 10:00 8.625
20151021 10:10 8.75
20151021 10:20 8.75
20151021 10:30 8.875
20151021 10:40 9
20151021 10:50 9.125
20151021 11:00 9.25
20151021 11:10 9.25
20151021 11:20 9.875
20151021 11:30 10.375
20151021 11:40 10.5
20151021 11:50 10.75
20151021 12:00 10.75
20151021 12:10 10.75
20151021 12:20 10.875
20151021 12:30 10.875
20151021 12:40 11.25
20151021 12:50 11.5
20151021 13:00 11.25
20151021 13:10 11.25
20151021 13:20 11.25
20151021 13:30 11.375
20151021 13:40 11.25
20151021 13:50 11.25
20151021 14:00 11.25
20151021 14:10 11.375
20151021 14:20 11.375
20151021 14:30 11.625
20151021 14:40 12
20151021 14:50 12
20151021 15:00 11.875
20151021 15:10 12
20151021 15:20 12.125
20151021 15:30 11.875
20151021 15:40 11.875
20151021 15:50 11.875
20151021 16:00 11.75
20151021 16:10 11.75
20151021 16:20 11.625
20151021 16:30 11.5
20151021 16:40 11.5
20151021 16:50 11.375
20151021 17:00 11.25
20151021 17:10 11.125
20151021 17:20 11.125
20151021 17:30 11
20151021 17:40 11
20151021 17:50 10.75
20151021 18:00 10.5
20151021 18:10 10.375
20151021 18:20 10.375
20151021 18:30 10.25
20151021 18:40 10.25
20151021 18:50 10.25
20151021 19:00 10.25
20151021 19:10 10.125
20151021 19:20 10.125
20151021 19:30 10.125
20151021 19:40 10.125
20151021 19:50 10
20151021 20:00 10
20151021 20:10 9.875
20151021 20:20 9.75
20151021 20:30 9.75
20151021 20:40 9.625
20151021 20:50 9.625
20151021 21:00 9.5
20151021 21:10 9.5
20151021 21:20 9.5
20151021 21:30 9.5
20151021 21:40 9.5
20151021 21:50 9.625
20151021 22:00 9.625
20151021 22:10 9.75
20151021 22:20 9.75
20151021 22:30 9.75
20151021 22:40 9.75
20151021 22:50 9.75
20151021 23:00 9.75
20151021 23:10 9.75
20151021 23:20 9.75
20151021 23:30 9.75
20151021 23:40 9.75
20151021 23:50 9.625
