YYYYMMDD HH:MM measured temperature
20150124 00:00 -1.125
20150124 00:10 -1.125
20150124 00:20 -1
20150124 00:30 -1
20150124 00:40 -1
20150124 00:50 -0.875
20150124 01:00 -1
20150124 01:10 -1
20150124 01:20 -1
20150124 01:30 -1
20150124 01:40 -1.125
20150124 01:50 -1.25
20150124 02:00 -1.25
20150124 02:10 -1.25
20150124 02:20 -1.5
20150124 02:30 -1.625
20150124 02:40 -1.75
20150124 02:50 -1.875
20150124 03:00 -2
20150124 03:10 -2
20150124 03:20 -2
20150124 03:30 -2
20150124 03:40 -2
20150124 03:50 -2.125
20150124 04:00 -2.125
20150124 04:10 -2.125
20150124 04:20 -2.25
20150124 04:30 -2.125
20150124 04:40 -2.125
20150124 04:50 -2.25
20150124 05:00 -2.125
20150124 05:10 -2.125
20150124 05:20 -2.125
20150124 05:30 -2
20150124 05:40 -2
20150124 05:50 -1.875
20150124 06:00 -1.875
20150124 06:10 -1.75
20150124 06:20 -1.75
20150124 06:30 -1.75
20150124 06:40 -1.625
20150124 06:50 -1.625
20150124 07:00 -1.625
20150124 07:10 -1.625
20150124 07:20 -1.625
20150124 07:30 -1.5
20150124 07:40 -1.5
20150124 07:50 -1.5
20150124 08:00 -1.5
20150124 08:10 -1.375
20150124 08:20 -1.375
20150124 08:30 -1.25
20150124 08:40 -1.25
20150124 08:50 -1.25
20150124 09:00 -1.375
20150124 09:10 -1.375
20150124 09:20 -1.5
20150124 09:30 -1.5
20150124 09:40 -1.375
20150124 09:50 -1.375
20150124 10:00 -1.25
20150124 10:10 -1.125
20150124 10:20 -1
20150124 10:30 -1
20150124 10:40 -1
20150124 10:50 -1
20150124 11:00 -1
20150124 11:10 -1
20150124 11:20 -0.875
20150124 11:30 -0.75
20150124 11:40 -0.625
20150124 11:50 -0.5
20150124 12:00 -0.375
20150124 12:10 -0.375
20150124 12:20 -0.375
20150124 12:30 -0.25
20150124 12:40 0
20150124 12:50 0
20150124 13:00 0.125
20150124 13:10 0.25
20150124 13:20 0.375
20150124 13:30 0.375
20150124 13:40 0.375
20150124 13:50 0.375
20150124 14:00 0.375
20150124 14:10 0.5
20150124 14:20 0.5
20150124 14:30 0.625
20150124 14:40 0.625
20150124 14:50 0.625
20150124 15:00 0.75
20150124 15:10 0.875
20150124 15:20 0.875
20150124 15:30 0.875
20150124 15:40 0.875
20150124 15:50 1.125
20150124 16:00 1
20150124 16:10 0.75
20150124 16:20 0.5
20150124 16:30 0.125
20150124 16:40 -0.25
20150124 16:50 -0.25
20150124 17:00 -0.125
20150124 17:10 -0.375
20150124 17:20 -0.5
20150124 17:30 -0.25
20150124 17:40 -0.375
20150124 17:50 -0.5
20150124 18:00 0.5
20150124 18:10 0.5
20150124 18:20 0.125
20150124 18:30 0.375
20150124 18:40 0.125
20150124 18:50 0.125
20150124 19:00 -0.375
20150124 19:10 -0.625
20150124 19:20 -0.625
20150124 19:30 -1
20150124 19:40 -0.625
20150124 19:50 -0.5
20150124 20:00 -0.5
20150124 20:10 -0.5
20150124 20:20 -0.75
20150124 20:30 -0.75
20150124 20:40 -0.875
20150124 20:50 -0.375
20150124 21:00 -0.5
20150124 21:10 -0.5
20150124 21:20 -1.125
20150124 21:30 -1
20150124 21:40 -1
20150124 21:50 -1
20150124 22:00 -0.625
20150124 22:10 -1.125
20150124 22:20 -1
20150124 22:30 -0.75
20150124 22:40 -0.875
20150124 22:50 -1
20150124 23:00 -1.125
20150124 23:10 -0.875
20150124 23:20 -1.25
20150124 23:30 -1.125
20150124 23:40 -0.25
20150124 23:50 -0.25
