YYYYMMDD HH:MM measured temperature
20150720 00:00 14.125
20150720 00:10 13.875
20150720 00:20 13.25
20150720 00:30 13.375
20150720 00:40 13.75
20150720 00:50 13.625
20150720 01:00 13.625
20150720 01:10 13.375
20150720 01:20 13.125
20150720 01:30 12.875
20150720 01:40 12.625
20150720 01:50 12.375
20150720 02:00 12.25
20150720 02:10 12.25
20150720 02:20 12.125
20150720 02:30 12.125
20150720 02:40 12
20150720 02:50 11.75
20150720 03:00 11.75
20150720 03:10 11.75
20150720 03:20 11.5
20150720 03:30 11.375
20150720 03:40 11.25
20150720 03:50 11.125
20150720 04:00 11
20150720 04:10 10.875
20150720 04:20 10.875
20150720 04:30 10.25
20150720 04:40 10.5
20150720 04:50 10.375
20150720 05:00 9.875
20150720 05:10 10.125
20150720 05:20 10.125
20150720 05:30 9.625
20150720 05:40 9.5
20150720 05:50 9.5
20150720 06:00 9.625
20150720 06:10 9.625
20150720 06:20 9.875
20150720 06:30 10.25
20150720 06:40 10.75
20150720 06:50 10.875
20150720 07:00 11.25
20150720 07:10 11.625
20150720 07:20 11.625
20150720 07:30 12
20150720 07:40 12.375
20150720 07:50 12.75
20150720 08:00 13.25
20150720 08:10 13.625
20150720 08:20 14.125
20150720 08:30 14.5
20150720 08:40 14.75
20150720 08:50 15.5
20150720 09:00 15.625
20150720 09:10 16
20150720 09:20 16.5
20150720 09:30 16.625
20150720 09:40 16.875
20150720 09:50 16.75
20150720 10:00 17.25
20150720 10:10 17.625
20150720 10:20 18.875
20150720 10:30 16.875
20150720 10:40 17.25
20150720 10:50 18.875
20150720 11:00 18.625
20150720 11:10 18.5
20150720 11:20 19.125
20150720 11:30 18.375
20150720 11:40 20.125
20150720 11:50 20.125
20150720 12:00 19.625
20150720 12:10 19.25
20150720 12:20 19.375
20150720 12:30 19
20150720 12:40 20.375
20150720 12:50 19.75
20150720 13:00 20
20150720 13:10 22.25
20150720 13:20 21.375
20150720 13:30 21.125
20150720 13:40 21.375
20150720 13:50 20.75
20150720 14:00 21.25
20150720 14:10 21.125
20150720 14:20 22
20150720 14:30 22.375
20150720 14:40 21.875
20150720 14:50 22.625
20150720 15:00 23.375
20150720 15:10 22.875
20150720 15:20 22.5
20150720 15:30 23.25
20150720 15:40 23.375
20150720 15:50 22.5
20150720 16:00 23.375
20150720 16:10 23.25
20150720 16:20 22.375
20150720 16:30 23.25
20150720 16:40 23.375
20150720 16:50 23
20150720 17:00 23.25
20150720 17:10 23.375
20150720 17:20 23
20150720 17:30 22.625
20150720 17:40 22.375
20150720 17:50 22.5
20150720 18:00 22.125
20150720 18:10 21.875
20150720 18:20 21.75
20150720 18:30 22.375
20150720 18:40 22.125
20150720 18:50 22.375
20150720 19:00 21.375
20150720 19:10 21.5
20150720 19:20 21.25
20150720 19:30 21
20150720 19:40 20.625
20150720 19:50 20.125
20150720 20:00 19.5
20150720 20:10 19.25
20150720 20:20 19
20150720 20:30 19.125
20150720 20:40 19
20150720 20:50 18.875
20150720 21:00 18.75
20150720 21:10 18.875
20150720 21:20 19
20150720 21:30 19
20150720 21:40 18.875
20150720 21:50 18.75
20150720 22:00 18.875
20150720 22:10 18.75
20150720 22:20 18.25
20150720 22:30 18.125
20150720 22:40 18.375
20150720 22:50 18.25
20150720 23:00 18
20150720 23:10 18.375
20150720 23:20 18.25
20150720 23:30 18.5
20150720 23:40 18.375
20150720 23:50 18.375
