YYYYMMDD HH:MM measured temperature
20150104 00:00 3
20150104 00:10 2.8125
20150104 00:20 2.6875
20150104 00:30 3.125
20150104 00:40 3
20150104 00:50 3.5
20150104 01:00 3.25
20150104 01:10 3
20150104 01:20 2.75
20150104 01:30 2.875
20150104 01:40 3
20150104 01:50 3.3125
20150104 02:00 3.25
20150104 02:10 3.25
20150104 02:20 3.375
20150104 02:30 3
20150104 02:40 2.75
20150104 02:50 3.0625
20150104 03:00 3.3125
20150104 03:10 3.5
20150104 03:20 3.4375
20150104 03:30 3.5625
20150104 03:40 3.625
20150104 03:50 3.6875
20150104 04:00 3.375
20150104 04:10 3.25
20150104 04:20 3.25
20150104 04:30 3.5625
20150104 04:40 3.625
20150104 04:50 3.5625
20150104 05:00 3.3125
20150104 05:10 3.5
20150104 05:20 3.4375
20150104 05:30 3.1875
20150104 05:40 3.0625
20150104 05:50 3.1875
20150104 06:00 3.125
20150104 06:10 2.9375
20150104 06:20 2.9375
20150104 06:30 2.875
20150104 06:40 2.75
20150104 06:50 2.5625
20150104 07:00 2.5625
20150104 07:10 3.125
20150104 07:20 3.0625
20150104 07:30 3.1875
20150104 07:40 3.1875
20150104 07:50 2.875
20150104 08:00 2.6875
20150104 08:10 2.625
20150104 08:20 2.75
20150104 08:30 2.6875
20150104 08:40 2.5625
20150104 08:50 2.4375
20150104 09:00 2.5
20150104 09:10 2.5625
20150104 09:20 2.6875
20150104 09:30 2.75
20150104 09:40 2.875
20150104 09:50 3.25
20150104 10:00 3.1875
20150104 10:10 3.25
20150104 10:20 3.4375
20150104 10:30 3.75
20150104 10:40 4.0625
20150104 10:50 4.125
20150104 11:00 4.375
20150104 11:10 4.625
20150104 11:20 4.875
20150104 11:30 4.8125
20150104 11:40 5.1875
20150104 11:50 5.3125
20150104 12:00 5.8125
20150104 12:10 8.0625
20150104 12:20 9.5
20150104 12:30 9.4375
20150104 12:40 8.6875
20150104 12:50 7
20150104 13:00 7.3125
20150104 13:10 10.1875
20150104 13:20 11.125
20150104 13:30 11.25
20150104 13:40 10.375
20150104 13:50 8.5
20150104 14:00 8.1875
20150104 14:10 8.6875
20150104 14:20 8
20150104 14:30 6.8125
20150104 14:40 6.5625
20150104 14:50 6.25
20150104 15:00 6.125
20150104 15:10 5.75
20150104 15:20 5.75
20150104 15:30 5.6875
20150104 15:40 5.75
20150104 15:50 5.625
20150104 16:00 5.25
20150104 16:10 5.0625
20150104 16:20 4.9375
20150104 16:30 4.8125
20150104 16:40 4.75
20150104 16:50 4.625
20150104 17:00 4.5625
20150104 17:10 4.4375
20150104 17:20 4.25
20150104 17:30 4.1875
20150104 17:40 4.0625
20150104 17:50 4.0625
20150104 18:00 4.125
20150104 18:10 4.1875
20150104 18:20 4.4375
20150104 18:30 4.5
20150104 18:40 4.75
20150104 18:50 4.5
20150104 19:00 4.625
20150104 19:10 4.5
20150104 19:20 4.5
20150104 19:30 4.375
20150104 19:40 4.25
20150104 19:50 4.125
20150104 20:00 3.75
20150104 20:10 3.3125
20150104 20:20 3.125
20150104 20:30 2.9375
20150104 20:40 2.8125
20150104 20:50 2.875
20150104 21:00 3.0625
20150104 21:10 2.75
20150104 21:20 2.625
20150104 21:30 2.625
20150104 21:40 2.875
20150104 21:50 3.0625
20150104 22:00 3.1875
20150104 22:10 3.375
20150104 22:20 3.375
20150104 22:30 2.875
20150104 22:40 2.5
20150104 22:50 2.3125
20150104 23:00 2.25
20150104 23:10 2.375
20150104 23:20 2.625
20150104 23:30 2.6875
20150104 23:40 2.625
20150104 23:50 2.875
