YYYYMMDD HH:MM measured temperature
20150925 00:00 11.75
20150925 00:10 11.875
20150925 00:20 11.75
20150925 00:30 11.75
20150925 00:40 11.75
20150925 00:50 11.625
20150925 01:00 11.625
20150925 01:10 11.625
20150925 01:20 11.5
20150925 01:30 11.5
20150925 01:40 11.375
20150925 01:50 11.375
20150925 02:00 11.125
20150925 02:10 11.125
20150925 02:20 11.125
20150925 02:30 10.875
20150925 02:40 11
20150925 02:50 11
20150925 03:00 11.125
20150925 03:10 10.875
20150925 03:20 10.75
20150925 03:30 10.625
20150925 03:40 10.25
20150925 03:50 10.375
20150925 04:00 10.25
20150925 04:10 10.25
20150925 04:20 10.125
20150925 04:30 10.125
20150925 04:40 10.25
20150925 04:50 10.375
20150925 05:00 10.5
20150925 05:10 10.5
20150925 05:20 10.5
20150925 05:30 10.5
20150925 05:40 10.5
20150925 05:50 10.5
20150925 06:00 10.375
20150925 06:10 10.25
20150925 06:20 10.25
20150925 06:30 10.125
20150925 06:40 10.25
20150925 06:50 10.125
20150925 07:00 10
20150925 07:10 10.125
20150925 07:20 10.25
20150925 07:30 10.375
20150925 07:40 10.5
20150925 07:50 10.625
20150925 08:00 10.75
20150925 08:10 11
20150925 08:20 11.125
20150925 08:30 11.25
20150925 08:40 11.375
20150925 08:50 11.5
20150925 09:00 11.625
20150925 09:10 11.75
20150925 09:20 11.875
20150925 09:30 12
20150925 09:40 12
20150925 09:50 11.875
20150925 10:00 12.125
20150925 10:10 12.375
20150925 10:20 12.25
20150925 10:30 12.375
20150925 10:40 12.375
20150925 10:50 12.625
20150925 11:00 13
20150925 11:10 13.125
20150925 11:20 13
20150925 11:30 13.125
20150925 11:40 13
20150925 11:50 13
20150925 12:00 12.875
20150925 12:10 13
20150925 12:20 13.125
20150925 12:30 13.25
20150925 12:40 13.75
20150925 12:50 13.75
20150925 13:00 13.875
20150925 13:10 15
20150925 13:20 15
20150925 13:30 15.5
20150925 13:40 15.125
20150925 13:50 15.875
20150925 14:00 15.875
20150925 14:10 15.25
20150925 14:20 16.75
20150925 14:30 14.5
20150925 14:40 16.375
20150925 14:50 15.75
20150925 15:00 16.5
20150925 15:10 16.75
20150925 15:20 17.125
20150925 15:30 17.875
20150925 15:40 17.5
20150925 15:50 17.375
20150925 16:00 17.25
20150925 16:10 17.375
20150925 16:20 18.25
20150925 16:30 18
20150925 16:40 17.5
20150925 16:50 17.25
20150925 17:00 17.125
20150925 17:10 15.375
20150925 17:20 14.875
20150925 17:30 14.125
20150925 17:40 14.5
20150925 17:50 15.5
20150925 18:00 16
20150925 18:10 15.875
20150925 18:20 15
20150925 18:30 14.5
20150925 18:40 14.25
20150925 18:50 13.875
20150925 19:00 13.25
20150925 19:10 12.75
20150925 19:20 12.625
20150925 19:30 12.25
20150925 19:40 12.25
20150925 19:50 12.25
20150925 20:00 12
20150925 20:10 11.625
20150925 20:20 11.25
20150925 20:30 11.25
20150925 20:40 10.75
20150925 20:50 10.75
20150925 21:00 10.375
20150925 21:10 10.125
20150925 21:20 9.875
20150925 21:30 9.75
20150925 21:40 9.75
20150925 21:50 9.5
20150925 22:00 9.5
20150925 22:10 9.5
20150925 22:20 9.5
20150925 22:30 9.125
20150925 22:40 9.25
20150925 22:50 8.75
20150925 23:00 8.75
20150925 23:10 8.5
20150925 23:20 8.25
20150925 23:30 8.25
20150925 23:40 8.25
20150925 23:50 8.125
