YYYYMMDD HH:MM measured temperature
20151111 00:00 14.625
20151111 00:10 14.625
20151111 00:20 14.625
20151111 00:30 14.625
20151111 00:40 14.625
20151111 00:50 14.625
20151111 01:00 14.625
20151111 01:10 14.625
20151111 01:20 14.625
20151111 01:30 14.625
20151111 01:40 14.625
20151111 01:50 14.75
20151111 02:00 14.625
20151111 02:10 14.625
20151111 02:20 14.625
20151111 02:30 14.5
20151111 02:40 14.375
20151111 02:50 14.375
20151111 03:00 14.25
20151111 03:10 14.25
20151111 03:20 14.125
20151111 03:30 14.125
20151111 03:40 14.125
20151111 03:50 14
20151111 04:00 13.875
20151111 04:10 13.75
20151111 04:20 13.625
20151111 04:30 13.625
20151111 04:40 13.625
20151111 04:50 13.5
20151111 05:00 13.5
20151111 05:10 13.5
20151111 05:20 13.625
20151111 05:30 13.5
20151111 05:40 13.5
20151111 05:50 13.5
20151111 06:00 13.5
20151111 06:10 13.375
20151111 06:20 13.375
20151111 06:30 13.25
20151111 06:40 13.125
20151111 06:50 13.125
20151111 07:00 13
20151111 07:10 13
20151111 07:20 13
20151111 07:30 13
20151111 07:40 12.875
20151111 07:50 12.875
20151111 08:00 12.875
20151111 08:10 12.75
20151111 08:20 12.875
20151111 08:30 12.75
20151111 08:40 12.75
20151111 08:50 12.75
20151111 09:00 12.75
20151111 09:10 12.75
20151111 09:20 12.75
20151111 09:30 12.75
20151111 09:40 12.75
20151111 09:50 12.75
20151111 10:00 12.75
20151111 10:10 12.75
20151111 10:20 12.875
20151111 10:30 12.75
20151111 10:40 12.75
20151111 10:50 12.75
20151111 11:00 12.75
20151111 11:10 12.75
20151111 11:20 12.75
20151111 11:30 12.5
20151111 11:40 12.5
20151111 11:50 12.5
20151111 12:00 12.5
20151111 12:10 12.5
20151111 12:20 12.375
20151111 12:30 12.375
20151111 12:40 12.375
20151111 12:50 12.5
20151111 13:00 12.375
20151111 13:10 12.375
20151111 13:20 12.375
20151111 13:30 12.375
20151111 13:40 12.25
20151111 13:50 12.375
20151111 14:00 12.25
20151111 14:10 12.25
20151111 14:20 12.125
20151111 14:30 12.125
20151111 14:40 12
20151111 14:50 12
20151111 15:00 11.875
20151111 15:10 11.875
20151111 15:20 11.875
20151111 15:30 11.75
20151111 15:40 11.75
20151111 15:50 11.75
20151111 16:00 11.75
20151111 16:10 11.75
20151111 16:20 11.625
20151111 16:30 11.625
20151111 16:40 11.625
20151111 16:50 11.75
20151111 17:00 11.75
20151111 17:10 11.875
20151111 17:20 11.75
20151111 17:30 11.75
20151111 17:40 11.75
20151111 17:50 11.75
20151111 18:00 11.75
20151111 18:10 11.75
20151111 18:20 11.75
20151111 18:30 11.75
20151111 18:40 11.75
20151111 18:50 11.625
20151111 19:00 11.625
20151111 19:10 11.625
20151111 19:20 11.625
20151111 19:30 11.625
20151111 19:40 11.625
20151111 19:50 11.625
20151111 20:00 11.625
20151111 20:10 11.625
20151111 20:20 11.5
20151111 20:30 11.625
20151111 20:40 11.625
20151111 20:50 11.625
20151111 21:00 11.625
20151111 21:10 11.625
20151111 21:20 11.625
20151111 21:30 11.625
20151111 21:40 11.625
20151111 21:50 11.5
20151111 22:00 11.5
20151111 22:10 11.625
20151111 22:20 11.5
20151111 22:30 11.625
20151111 22:40 11.5
20151111 22:50 11.5
20151111 23:00 11.625
20151111 23:10 11.5
20151111 23:20 11.5
20151111 23:30 11.5
20151111 23:40 11.25
20151111 23:50 11.25
