YYYYMMDD HH:MM measured temperature
20150814 00:00 17.875
20150814 00:10 17.875
20150814 00:20 18
20150814 00:30 17.875
20150814 00:40 17.75
20150814 00:50 17.75
20150814 01:00 17.625
20150814 01:10 17.75
20150814 01:20 17.75
20150814 01:30 17.75
20150814 01:40 17.5
20150814 01:50 17.5
20150814 02:00 17.5
20150814 02:10 17.375
20150814 02:20 17.375
20150814 02:30 17.25
20150814 02:40 17.125
20150814 02:50 17.25
20150814 03:00 17.25
20150814 03:10 17.25
20150814 03:20 17.125
20150814 03:30 17.125
20150814 03:40 17
20150814 03:50 17
20150814 04:00 16.875
20150814 04:10 16.875
20150814 04:20 16.75
20150814 04:30 16.875
20150814 04:40 17
20150814 04:50 17.125
20150814 05:00 17.125
20150814 05:10 17.25
20150814 05:20 17.5
20150814 05:30 17.125
20150814 05:40 17.125
20150814 05:50 16.875
20150814 06:00 17.125
20150814 06:10 17.375
20150814 06:20 17.625
20150814 06:30 17.5
20150814 06:40 17.75
20150814 06:50 18
20150814 07:00 18
20150814 07:10 17.875
20150814 07:20 18
20150814 07:30 18.375
20150814 07:40 18.875
20150814 07:50 19.125
20150814 08:00 19.125
20150814 08:10 19.5
20150814 08:20 20
20150814 08:30 20.5
20150814 08:40 21
20150814 08:50 21.625
20150814 09:00 21.375
20150814 09:10 21
20150814 09:20 20.75
20150814 09:30 21.375
20150814 09:40 21.875
20150814 09:50 22.375
20150814 10:00 23
20150814 10:10 23.25
20150814 10:20 24.375
20150814 10:30 23.625
20150814 10:40 24.75
20150814 10:50 25.125
20150814 11:00 24.875
20150814 11:10 24.75
20150814 11:20 26.125
20150814 11:30 25.875
20150814 11:40 26
20150814 11:50 26.375
20150814 12:00 26.625
20150814 12:10 26.125
20150814 12:20 26.625
20150814 12:30 26.625
20150814 12:40 26.875
20150814 12:50 27.75
20150814 13:00 27.625
20150814 13:10 27.625
20150814 13:20 27.75
20150814 13:30 28
20150814 13:40 28.375
20150814 13:50 29.5
20150814 14:00 29.625
20150814 14:10 29.5
20150814 14:20 27.75
20150814 14:30 27.875
20150814 14:40 27.625
20150814 14:50 28
20150814 15:00 28
20150814 15:10 27.625
20150814 15:20 27.625
20150814 15:30 27.5
20150814 15:40 27.875
20150814 15:50 27.75
20150814 16:00 28
20150814 16:10 27.5
20150814 16:20 27.5
20150814 16:30 27.625
20150814 16:40 27
20150814 16:50 27.875
20150814 17:00 27
20150814 17:10 27.5
20150814 17:20 27.75
20150814 17:30 27.625
20150814 17:40 27
20150814 17:50 26.375
20150814 18:00 26.125
20150814 18:10 26.25
20150814 18:20 26.25
20150814 18:30 26.5
20150814 18:40 26.875
20150814 18:50 26.625
20150814 19:00 26.25
20150814 19:10 26.25
20150814 19:20 26.25
20150814 19:30 25.75
20150814 19:40 25.875
20150814 19:50 25.625
20150814 20:00 25.375
20150814 20:10 25.375
20150814 20:20 25
20150814 20:30 24.75
20150814 20:40 24.5
20150814 20:50 24.25
20150814 21:00 23.75
20150814 21:10 23
20150814 21:20 23
20150814 21:30 22.25
20150814 21:40 22.125
20150814 21:50 21.75
20150814 22:00 21.625
20150814 22:10 21.375
20150814 22:20 21.625
20150814 22:30 21.375
20150814 22:40 21.5
20150814 22:50 21.375
20150814 23:00 21.125
20150814 23:10 21.375
20150814 23:20 21.25
20150814 23:30 21.75
20150814 23:40 21.5
20150814 23:50 21.375
