YYYYMMDD HH:MM measured temperature
20150923 00:00 10.25
20150923 00:10 10.25
20150923 00:20 10.125
20150923 00:30 9.9375
20150923 00:40 9.75
20150923 00:50 9.5625
20150923 01:00 85
20150923 01:10 85
20150923 01:20 8.875
20150923 01:30 9.125
20150923 01:40 9.0625
20150923 01:50 9
20150923 02:00 8.75
20150923 02:10 8.75
20150923 02:20 8.5
20150923 02:30 8.625
20150923 02:40 85
20150923 02:50 8.9375
20150923 03:00 9.0625
20150923 03:10 9.1875
20150923 03:20 8.9375
20150923 03:30 9.125
20150923 03:40 9.25
20150923 03:50 9.125
20150923 04:00 9.1875
20150923 04:10 9.5
20150923 04:20 9.5
20150923 04:30 85
20150923 04:40 9.6875
20150923 04:50 9.5625
20150923 05:00 9.375
20150923 05:10 9.4375
20150923 05:20 85
20150923 05:30 9.625
20150923 05:40 9.75
20150923 05:50 9.875
20150923 06:00 10
20150923 06:10 10.125
20150923 06:20 10.125
20150923 06:30 10.0625
20150923 06:40 10.125
20150923 06:50 10.125
20150923 07:00 10.1875
20150923 07:10 10.3125
20150923 07:20 10.5
20150923 07:30 10.625
20150923 07:40 10.625
20150923 07:50 10.75
20150923 08:00 10.8125
20150923 08:10 10.9375
20150923 08:20 10.875
20150923 08:30 11
20150923 08:40 11
20150923 08:50 11.1875
20150923 09:00 11.5
20150923 09:10 11.625
20150923 09:20 11.75
20150923 09:30 12
20150923 09:40 12.25
20150923 09:50 12.625
20150923 10:00 12.25
20150923 10:10 12.25
20150923 10:20 12.375
20150923 10:30 13.5
20150923 10:40 13.875
20150923 10:50 13.25
20150923 11:00 13
20150923 11:10 13.625
20150923 11:20 13.375
20150923 11:30 13.625
20150923 11:40 13.75
20150923 11:50 13.75
20150923 12:00 13.5
20150923 12:10 13.625
20150923 12:20 13
20150923 12:30 13.125
20150923 12:40 13.25
20150923 12:50 13.25
20150923 13:00 13.25
20150923 13:10 13.5
20150923 13:20 13.5
20150923 13:30 14
20150923 13:40 14.25
20150923 13:50 15.625
20150923 14:00 14.875
20150923 14:10 14.875
20150923 14:20 15.5
20150923 14:30 15
20150923 14:40 14.625
20150923 14:50 14.5
20150923 15:00 14.5
20150923 15:10 14.875
20150923 15:20 14.75
20150923 15:30 15.25
20150923 15:40 15.875
20150923 15:50 15.75
20150923 16:00 16
20150923 16:10 15.75
20150923 16:20 16
20150923 16:30 15.875
20150923 16:40 15.625
20150923 16:50 15.25
20150923 17:00 14.625
20150923 17:10 14.375
20150923 17:20 14.125
20150923 17:30 14.375
20150923 17:40 14.5
20150923 17:50 14.375
20150923 18:00 14.25
20150923 18:10 14.125
20150923 18:20 13.625
20150923 18:30 13
20150923 18:40 12.625
20150923 18:50 12.25
20150923 19:00 11.875
20150923 19:10 11.625
20150923 19:20 11.125
20150923 19:30 10.875
20150923 19:40 10.875
20150923 19:50 10.875
20150923 20:00 10.875
20150923 20:10 10.75
20150923 20:20 10.75
20150923 20:30 10.875
20150923 20:40 11
20150923 20:50 11.125
20150923 21:00 11.375
20150923 21:10 11.75
20150923 21:20 11.875
20150923 21:30 11.75
20150923 21:40 11.75
20150923 21:50 11.75
20150923 22:00 11.75
20150923 22:10 11.75
20150923 22:20 11.75
20150923 22:30 11.625
20150923 22:40 11.375
20150923 22:50 11.25
20150923 23:00 11.25
20150923 23:10 11.25
20150923 23:20 11.375
20150923 23:30 11.375
20150923 23:40 11.25
20150923 23:50 11.25
