YYYYMMDD HH:MM measured temperature
20151116 00:00 12.625
20151116 00:10 12.625
20151116 00:20 12.625
20151116 00:30 12.5
20151116 00:40 12.5
20151116 00:50 12.5
20151116 01:00 12.5
20151116 01:10 12.5
20151116 01:20 12.5
20151116 01:30 12.5
20151116 01:40 12.5
20151116 01:50 12.375
20151116 02:00 12.375
20151116 02:10 12.375
20151116 02:20 12.375
20151116 02:30 12.375
20151116 02:40 12.25
20151116 02:50 12.375
20151116 03:00 12.25
20151116 03:10 12.375
20151116 03:20 12.25
20151116 03:30 12.25
20151116 03:40 12.125
20151116 03:50 12.125
20151116 04:00 12.125
20151116 04:10 12.125
20151116 04:20 12.125
20151116 04:30 12.25
20151116 04:40 12.125
20151116 04:50 12.125
20151116 05:00 12.125
20151116 05:10 12.125
20151116 05:20 12.125
20151116 05:30 12.125
20151116 05:40 12
20151116 05:50 12
20151116 06:00 11.875
20151116 06:10 11.75
20151116 06:20 11.75
20151116 06:30 11.625
20151116 06:40 11.625
20151116 06:50 11.625
20151116 07:00 11.625
20151116 07:10 11.625
20151116 07:20 11.625
20151116 07:30 11.625
20151116 07:40 11.625
20151116 07:50 11.5
20151116 08:00 11.5
20151116 08:10 11.625
20151116 08:20 11.625
20151116 08:30 11.625
20151116 08:40 11.625
20151116 08:50 11.625
20151116 09:00 11.75
20151116 09:10 11.75
20151116 09:20 11.875
20151116 09:30 11.625
20151116 09:40 11.625
20151116 09:50 11.75
20151116 10:00 11.5
20151116 10:10 11.625
20151116 10:20 11.625
20151116 10:30 11.75
20151116 10:40 11.75
20151116 10:50 11.875
20151116 11:00 11.875
20151116 11:10 11.75
20151116 11:20 11.875
20151116 11:30 12.125
20151116 11:40 12
20151116 11:50 12.125
20151116 12:00 12
20151116 12:10 12.125
20151116 12:20 12.25
20151116 12:30 12.375
20151116 12:40 12.5
20151116 12:50 12.375
20151116 13:00 12.25
20151116 13:10 12.375
20151116 13:20 12.625
20151116 13:30 12.5
20151116 13:40 12.375
20151116 13:50 12.375
20151116 14:00 12.5
20151116 14:10 12.125
20151116 14:20 12.125
20151116 14:30 11.625
20151116 14:40 11.625
20151116 14:50 11.625
20151116 15:00 11.25
20151116 15:10 11
20151116 15:20 10.875
20151116 15:30 10.75
20151116 15:40 11
20151116 15:50 11.125
20151116 16:00 11.125
20151116 16:10 11.25
20151116 16:20 11.25
20151116 16:30 11.375
20151116 16:40 11.375
20151116 16:50 11.25
20151116 17:00 11
20151116 17:10 10.875
20151116 17:20 10.75
20151116 17:30 10.75
20151116 17:40 10.75
20151116 17:50 10.75
20151116 18:00 10.625
20151116 18:10 10.75
20151116 18:20 10.75
20151116 18:30 10.75
20151116 18:40 10.875
20151116 18:50 10.875
20151116 19:00 10.875
20151116 19:10 10.625
20151116 19:20 10.375
20151116 19:30 10.25
20151116 19:40 10.125
20151116 19:50 10.125
20151116 20:00 10.125
20151116 20:10 10.125
20151116 20:20 10.125
20151116 20:30 10.375
20151116 20:40 10.375
20151116 20:50 10.375
20151116 21:00 10.25
20151116 21:10 10.125
20151116 21:20 10
20151116 21:30 9.75
20151116 21:40 9.625
20151116 21:50 9.375
20151116 22:00 9.125
20151116 22:10 9.25
20151116 22:20 9.25
20151116 22:30 9.125
20151116 22:40 9.5
20151116 22:50 9.75
20151116 23:00 9.875
20151116 23:10 10
20151116 23:20 10
20151116 23:30 10
20151116 23:40 9.875
20151116 23:50 9.875
