YYYYMMDD HH:MM measured temperature
20150103 00:00 4.9375
20150103 00:10 4.75
20150103 00:20 4.625
20150103 00:30 4.375
20150103 00:40 4.625
20150103 00:50 4.75
20150103 01:00 4.75
20150103 01:10 4.875
20150103 01:20 4.8125
20150103 01:30 4.75
20150103 01:40 4.8125
20150103 01:50 4.75
20150103 02:00 4.75
20150103 02:10 4.5625
20150103 02:20 4.5625
20150103 02:30 4.5625
20150103 02:40 4.625
20150103 02:50 4.5
20150103 03:00 4.5
20150103 03:10 4.25
20150103 03:20 4.0625
20150103 03:30 4.0625
20150103 03:40 4.25
20150103 03:50 4.125
20150103 04:00 4.0625
20150103 04:10 4.125
20150103 04:20 4.125
20150103 04:30 4.125
20150103 04:40 4.1875
20150103 04:50 4.1875
20150103 05:00 4.25
20150103 05:10 4.125
20150103 05:20 4.1875
20150103 05:30 4.125
20150103 05:40 4
20150103 05:50 3.9375
20150103 06:00 4
20150103 06:10 4
20150103 06:20 3.9375
20150103 06:30 3.9375
20150103 06:40 3.9375
20150103 06:50 4
20150103 07:00 3.9375
20150103 07:10 3.8125
20150103 07:20 3.9375
20150103 07:30 3.875
20150103 07:40 4
20150103 07:50 3.875
20150103 08:00 3.8125
20150103 08:10 4
20150103 08:20 3.8125
20150103 08:30 3.875
20150103 08:40 3.875
20150103 08:50 3.8125
20150103 09:00 4
20150103 09:10 3.9375
20150103 09:20 4.0625
20150103 09:30 4.0625
20150103 09:40 4.125
20150103 09:50 4.125
20150103 10:00 4.125
20150103 10:10 4.25
20150103 10:20 4.25
20150103 10:30 4.3125
20150103 10:40 4.375
20150103 10:50 4.4375
20150103 11:00 4.625
20150103 11:10 4.625
20150103 11:20 4.5625
20150103 11:30 4.6875
20150103 11:40 4.75
20150103 11:50 4.875
20150103 12:00 4.9375
20150103 12:10 5.0625
20150103 12:20 5.125
20150103 12:30 5.1875
20150103 12:40 5.25
20150103 12:50 5.3125
20150103 13:00 5.375
20150103 13:10 5.5
20150103 13:20 5.4375
20150103 13:30 5.625
20150103 13:40 5.625
20150103 13:50 5.625
20150103 14:00 5.75
20150103 14:10 5.6875
20150103 14:20 5.75
20150103 14:30 5.75
20150103 14:40 5.5
20150103 14:50 5.4375
20150103 15:00 5.375
20150103 15:10 5.375
20150103 15:20 5.25
20150103 15:30 5.125
20150103 15:40 5.0625
20150103 15:50 5.125
20150103 16:00 4.9375
20150103 16:10 4.9375
20150103 16:20 4.625
20150103 16:30 4.75
20150103 16:40 4.625
20150103 16:50 4.4375
20150103 17:00 4.5
20150103 17:10 4.625
20150103 17:20 4.625
20150103 17:30 4.5
20150103 17:40 4.625
20150103 17:50 4.5625
20150103 18:00 4.5
20150103 18:10 4.375
20150103 18:20 4.5
20150103 18:30 4.5
20150103 18:40 4.375
20150103 18:50 4.375
20150103 19:00 4.25
20150103 19:10 4.1875
20150103 19:20 4.1875
20150103 19:30 4.1875
20150103 19:40 4.1875
20150103 19:50 4.0625
20150103 20:00 3.875
20150103 20:10 3.6875
20150103 20:20 3.4375
20150103 20:30 3.6875
20150103 20:40 3.6875
20150103 20:50 3.625
20150103 21:00 3.5
20150103 21:10 3.3125
20150103 21:20 3.0625
20150103 21:30 3.125
20150103 21:40 3.125
20150103 21:50 3.25
20150103 22:00 3.25
20150103 22:10 3.125
20150103 22:20 3.25
20150103 22:30 3.25
20150103 22:40 3.125
20150103 22:50 3
20150103 23:00 3.0625
20150103 23:10 3.125
20150103 23:20 2.8125
20150103 23:30 2.875
20150103 23:40 3
20150103 23:50 3.1875
