YYYYMMDD HH:MM measured temperature
20151206 00:00 7
20151206 00:10 6.875
20151206 00:20 6.875
20151206 00:30 7.25
20151206 00:40 7.125
20151206 00:50 6.875
20151206 01:00 7
20151206 01:10 7
20151206 01:20 7
20151206 01:30 6.875
20151206 01:40 6.875
20151206 01:50 6.75
20151206 02:00 6.5
20151206 02:10 6.25
20151206 02:20 6.375
20151206 02:30 6.375
20151206 02:40 6.375
20151206 02:50 6.125
20151206 03:00 6
20151206 03:10 6.25
20151206 03:20 6.625
20151206 03:30 6.75
20151206 03:40 6.75
20151206 03:50 6.625
20151206 04:00 6.75
20151206 04:10 6.75
20151206 04:20 7
20151206 04:30 7
20151206 04:40 7
20151206 04:50 7
20151206 05:00 7.125
20151206 05:10 7
20151206 05:20 7
20151206 05:30 7
20151206 05:40 7.125
20151206 05:50 7.125
20151206 06:00 7.25
20151206 06:10 7.375
20151206 06:20 7.375
20151206 06:30 7.375
20151206 06:40 7.25
20151206 06:50 7.25
20151206 07:00 7.25
20151206 07:10 7.375
20151206 07:20 7.25
20151206 07:30 7.25
20151206 07:40 7.125
20151206 07:50 7.25
20151206 08:00 7.125
20151206 08:10 7.125
20151206 08:20 7.25
20151206 08:30 7.25
20151206 08:40 7.375
20151206 08:50 7.5
20151206 09:00 7.625
20151206 09:10 7.75
20151206 09:20 7.75
20151206 09:30 7.875
20151206 09:40 8
20151206 09:50 8.125
20151206 10:00 8.25
20151206 10:10 8.25
20151206 10:20 8.375
20151206 10:30 8.375
20151206 10:40 8.5
20151206 10:50 8.75
20151206 11:00 8.875
20151206 11:10 9.125
20151206 11:20 9.375
20151206 11:30 9.5
20151206 11:40 9.5
20151206 11:50 9.625
20151206 12:00 9.625
20151206 12:10 10.125
20151206 12:20 10.375
20151206 12:30 10.5
20151206 12:40 11
20151206 12:50 12.25
20151206 13:00 12.625
20151206 13:10 12.5
20151206 13:20 12
20151206 13:30 11.875
20151206 13:40 11.125
20151206 13:50 11
20151206 14:00 11.125
20151206 14:10 11
20151206 14:20 11.125
20151206 14:30 11.25
20151206 14:40 11.25
20151206 14:50 11.25
20151206 15:00 11.25
20151206 15:10 11.125
20151206 15:20 11.125
20151206 15:30 11.125
20151206 15:40 11.125
20151206 15:50 11.125
20151206 16:00 11.125
20151206 16:10 11.125
20151206 16:20 11.125
20151206 16:30 11
20151206 16:40 11
20151206 16:50 10.9375
20151206 17:00 10.9375
20151206 17:10 11.125
20151206 17:20 11.125
20151206 17:30 11.125
20151206 17:40 11.0625
20151206 17:50 11
20151206 18:00 11
20151206 18:10 10.875
20151206 18:20 10.875
20151206 18:30 10.75
20151206 18:40 10.5
20151206 18:50 10.25
20151206 19:00 10.125
20151206 19:10 10.125
20151206 19:20 10.125
20151206 19:30 10
20151206 19:40 10
20151206 19:50 9.875
20151206 20:00 9.75
20151206 20:10 9.875
20151206 20:20 9.75
20151206 20:30 9.875
20151206 20:40 10
20151206 20:50 10.125
20151206 21:00 10.125
20151206 21:10 10.125
20151206 21:20 10.25
20151206 21:30 10.25
20151206 21:40 10.375
20151206 21:50 10.375
20151206 22:00 10.5
20151206 22:10 10.5
20151206 22:20 10.5
20151206 22:30 10.5
20151206 22:40 10.625
20151206 22:50 10.625
20151206 23:00 10.75
20151206 23:10 10.625
20151206 23:20 10.75
20151206 23:30 10.75
20151206 23:40 10.75
20151206 23:50 10.75
