YYYYMMDD HH:MM measured temperature
20150410 00:00 7.875
20150410 00:10 7.875
20150410 00:20 7.125
20150410 00:30 7
20150410 00:40 7
20150410 00:50 7
20150410 01:00 7
20150410 01:10 6.75
20150410 01:20 6.75
20150410 01:30 6.25
20150410 01:40 6.25
20150410 01:50 6
20150410 02:00 5.625
20150410 02:10 5.625
20150410 02:20 5.25
20150410 02:30 5.25
20150410 02:40 5.375
20150410 02:50 5.25
20150410 03:00 5.25
20150410 03:10 5.25
20150410 03:20 4.75
20150410 03:30 4.75
20150410 03:40 4.5
20150410 03:50 4.5
20150410 04:00 4.375
20150410 04:10 4.375
20150410 04:20 4.375
20150410 04:30 4.5
20150410 04:40 4.25
20150410 04:50 4.25
20150410 05:00 4
20150410 05:10 4.125
20150410 05:20 4.5
20150410 05:30 4
20150410 05:40 3.875
20150410 05:50 3.75
20150410 06:00 3.75
20150410 06:10 3.875
20150410 06:20 3.625
20150410 06:30 3.875
20150410 06:40 3.875
20150410 06:50 3.875
20150410 07:00 3.875
20150410 07:10 4.125
20150410 07:20 4.375
20150410 07:30 5.125
20150410 07:40 5.5
20150410 07:50 5.625
20150410 08:00 5.75
20150410 08:10 6.375
20150410 08:20 6.875
20150410 08:30 7.375
20150410 08:40 8.125
20150410 08:50 8.5
20150410 09:00 9.25
20150410 09:10 9.875
20150410 09:20 10.125
20150410 09:30 10.75
20150410 09:40 11
20150410 09:50 11.875
20150410 10:00 12.375
20150410 10:10 12.75
20150410 10:20 13.5
20150410 10:30 14.375
20150410 10:40 15.25
20150410 10:50 15.875
20150410 11:00 16.375
20150410 11:10 17.375
20150410 11:20 17.625
20150410 11:30 17.75
20150410 11:40 18.125
20150410 11:50 17.875
20150410 12:00 19.25
20150410 12:10 20.875
20150410 12:20 20.875
20150410 12:30 20.375
20150410 12:40 20.875
20150410 12:50 20.875
20150410 13:00 21.625
20150410 13:10 21.875
20150410 13:20 19.375
20150410 13:30 21.625
20150410 13:40 22
20150410 13:50 21.375
20150410 14:00 22.25
20150410 14:10 21
20150410 14:20 22.25
20150410 14:30 22.75
20150410 14:40 20.5
20150410 14:50 23.125
20150410 15:00 23.125
20150410 15:10 24.375
20150410 15:20 22.375
20150410 15:30 22.625
20150410 15:40 22.5
20150410 15:50 22.125
20150410 16:00 22.875
20150410 16:10 21.625
20150410 16:20 20.875
20150410 16:30 21
20150410 16:40 20.75
20150410 16:50 20.875
20150410 17:00 20.25
20150410 17:10 20.625
20150410 17:20 20
20150410 17:30 20
20150410 17:40 19.75
20150410 17:50 19.375
20150410 18:00 19.375
20150410 18:10 19.25
20150410 18:20 19.25
20150410 18:30 19
20150410 18:40 18.875
20150410 18:50 18.625
20150410 19:00 18.5
20150410 19:10 17.75
20150410 19:20 17.75
20150410 19:30 17.25
20150410 19:40 16.875
20150410 19:50 15.625
20150410 20:00 15.25
20150410 20:10 14.625
20150410 20:20 13.875
20150410 20:30 13.75
20150410 20:40 13.25
20150410 20:50 13
20150410 21:00 12.75
20150410 21:10 11.875
20150410 21:20 11.75
20150410 21:30 11.875
20150410 21:40 11.625
20150410 21:50 11
20150410 22:00 11
20150410 22:10 10.75
20150410 22:20 10.625
20150410 22:30 10
20150410 22:40 9.75
20150410 22:50 9.875
20150410 23:00 9.5
20150410 23:10 9.25
20150410 23:20 9.25
20150410 23:30 9
20150410 23:40 9
20150410 23:50 9.125
