YYYYMMDD HH:MM measured temperature
20150820 00:00 15.75
20150820 00:10 15.75
20150820 00:20 15.75
20150820 00:30 15.75
20150820 00:40 15.75
20150820 00:50 15.75
20150820 01:00 15.625
20150820 01:10 15.5
20150820 01:20 15.5
20150820 01:30 15.375
20150820 01:40 15.375
20150820 01:50 15.5
20150820 02:00 15.25
20150820 02:10 15.125
20150820 02:20 14.875
20150820 02:30 14.75
20150820 02:40 14.75
20150820 02:50 15
20150820 03:00 15
20150820 03:10 15
20150820 03:20 14.875
20150820 03:30 14.875
20150820 03:40 14.75
20150820 03:50 14.875
20150820 04:00 14.875
20150820 04:10 14.75
20150820 04:20 14.75
20150820 04:30 14.75
20150820 04:40 14.75
20150820 04:50 14.6875
20150820 05:00 14.625
20150820 05:10 14.625
20150820 05:20 14.5
20150820 05:30 14.5
20150820 05:40 14.625
20150820 05:50 14.625
20150820 06:00 14.625
20150820 06:10 14.625
20150820 06:20 14.75
20150820 06:30 14.875
20150820 06:40 15
20150820 06:50 15
20150820 07:00 15.125
20150820 07:10 15.5
20150820 07:20 15.625
20150820 07:30 15.75
20150820 07:40 15.75
20150820 07:50 16
20150820 08:00 16.25
20150820 08:10 16.25
20150820 08:20 16.75
20150820 08:30 17.125
20150820 08:40 17.375
20150820 08:50 17.5
20150820 09:00 17.875
20150820 09:10 18.125
20150820 09:20 18.5
20150820 09:30 18.75
20150820 09:40 18.75
20150820 09:50 19.5
20150820 10:00 19.5
20150820 10:10 19.125
20150820 10:20 19.75
20150820 10:30 20
20150820 10:40 20.5
20150820 10:50 21.375
20150820 11:00 20.75
20150820 11:10 21.375
20150820 11:20 20.375
20150820 11:30 20.875
20150820 11:40 21.25
20150820 11:50 21.75
20150820 12:00 20.75
20150820 12:10 20.75
20150820 12:20 21.375
20150820 12:30 21.5
20150820 12:40 20.625
20150820 12:50 22.25
20150820 13:00 22.5
20150820 13:10 21.5
20150820 13:20 22.875
20150820 13:30 23.5
20150820 13:40 23.375
20150820 13:50 23.75
20150820 14:00 23.75
20150820 14:10 24
20150820 14:20 23.375
20150820 14:30 22.875
20150820 14:40 23.625
20150820 14:50 23.625
20150820 15:00 23.125
20150820 15:10 23.75
20150820 15:20 22.5
20150820 15:30 23
20150820 15:40 22.75
20150820 15:50 22.25
20150820 16:00 23.375
20150820 16:10 23.5
20150820 16:20 23
20150820 16:30 22.875
20150820 16:40 23.875
20150820 16:50 22.875
20150820 17:00 23.375
20150820 17:10 22.625
20150820 17:20 22.5
20150820 17:30 22
20150820 17:40 21.75
20150820 17:50 22
20150820 18:00 21.75
20150820 18:10 21.75
20150820 18:20 21.625
20150820 18:30 21.625
20150820 18:40 21.625
20150820 18:50 21.875
20150820 19:00 21.625
20150820 19:10 21.375
20150820 19:20 21
20150820 19:30 20.75
20150820 19:40 20.625
20150820 19:50 20.25
20150820 20:00 19.75
20150820 20:10 19.5
20150820 20:20 19.25
20150820 20:30 19.125
20150820 20:40 19
20150820 20:50 18.875
20150820 21:00 18.75
20150820 21:10 18.75
20150820 21:20 18.625
20150820 21:30 18.625
20150820 21:40 18.25
20150820 21:50 18.375
20150820 22:00 18
20150820 22:10 17.5
20150820 22:20 17.125
20150820 22:30 16.875
20150820 22:40 16.75
20150820 22:50 16.625
20150820 23:00 16.375
20150820 23:10 16.25
20150820 23:20 16.125
20150820 23:30 16.125
20150820 23:40 16
20150820 23:50 15.625
