YYYYMMDD HH:MM measured temperature
20150730 00:00 12.125
20150730 00:10 12.0625
20150730 00:20 12
20150730 00:30 12.0625
20150730 00:40 12
20150730 00:50 12.125
20150730 01:00 12.25
20150730 01:10 12.25
20150730 01:20 12.25
20150730 01:30 12.25
20150730 01:40 12.25
20150730 01:50 12.125
20150730 02:00 12.125
20150730 02:10 12.25
20150730 02:20 12.25
20150730 02:30 12.125
20150730 02:40 12.125
20150730 02:50 12.25
20150730 03:00 12.25
20150730 03:10 12.25
20150730 03:20 12.375
20150730 03:30 12.375
20150730 03:40 12.5
20150730 03:50 12.5
20150730 04:00 12.375
20150730 04:10 12.5
20150730 04:20 12.625
20150730 04:30 12.625
20150730 04:40 12.5
20150730 04:50 12.375
20150730 05:00 12.25
20150730 05:10 12.125
20150730 05:20 12.25
20150730 05:30 12.125
20150730 05:40 12.25
20150730 05:50 12.25
20150730 06:00 12.125
20150730 06:10 12.25
20150730 06:20 12.25
20150730 06:30 12.125
20150730 06:40 12.25
20150730 06:50 12.375
20150730 07:00 12.25
20150730 07:10 12.25
20150730 07:20 12.5
20150730 07:30 12.625
20150730 07:40 12.625
20150730 07:50 12.75
20150730 08:00 12.75
20150730 08:10 13.125
20150730 08:20 13.25
20150730 08:30 13.5
20150730 08:40 13.5
20150730 08:50 13.75
20150730 09:00 14.625
20150730 09:10 14
20150730 09:20 14
20150730 09:30 13.875
20150730 09:40 14.375
20150730 09:50 14.625
20150730 10:00 14.625
20150730 10:10 14.625
20150730 10:20 14.75
20150730 10:30 14.625
20150730 10:40 13.625
20150730 10:50 14
20150730 11:00 13.5
20150730 11:10 14.125
20150730 11:20 14.625
20150730 11:30 15.25
20150730 11:40 15.5
20150730 11:50 16.375
20150730 12:00 16.125
20150730 12:10 15.25
20150730 12:20 15.125
20150730 12:30 15.625
20150730 12:40 17.125
20150730 12:50 15.5
20150730 13:00 14.75
20150730 13:10 13.875
20150730 13:20 13.75
20150730 13:30 13.75
20150730 13:40 14.375
20150730 13:50 15.125
20150730 14:00 17.25
20150730 14:10 15.5
20150730 14:20 16
20150730 14:30 17.625
20150730 14:40 16.75
20150730 14:50 16.375
20150730 15:00 17
20150730 15:10 15.75
20150730 15:20 15.5
20150730 15:30 15.375
20150730 15:40 16
20150730 15:50 16.25
20150730 16:00 16.875
20150730 16:10 16.375
20150730 16:20 17
20150730 16:30 16.75
20150730 16:40 17.375
20150730 16:50 16.125
20150730 17:00 15.5
20150730 17:10 16.875
20150730 17:20 16.25
20150730 17:30 16.875
20150730 17:40 16.375
20150730 17:50 16
20150730 18:00 15.625
20150730 18:10 15.75
20150730 18:20 15.375
20150730 18:30 15.5
20150730 18:40 15.125
20150730 18:50 14.875
20150730 19:00 14.875
20150730 19:10 14.875
20150730 19:20 15
20150730 19:30 14.875
20150730 19:40 14
20150730 19:50 14.25
20150730 20:00 14.125
20150730 20:10 14.125
20150730 20:20 14
20150730 20:30 13.875
20150730 20:40 13.75
20150730 20:50 13.5
20150730 21:00 13.375
20150730 21:10 13.375
20150730 21:20 13.375
20150730 21:30 13.375
20150730 21:40 13.125
20150730 21:50 12.5
20150730 22:00 12.375
20150730 22:10 12.5
20150730 22:20 12.375
20150730 22:30 12.5
20150730 22:40 12.5
20150730 22:50 12.5
20150730 23:00 12.375
20150730 23:10 12.375
20150730 23:20 12.375
20150730 23:30 12.375
20150730 23:40 12.375
20150730 23:50 12.375
