YYYYMMDD HH:MM measured temperature
20151024 00:00 8.5
20151024 00:10 8.5
20151024 00:20 8.625
20151024 00:30 8.875
20151024 00:40 9
20151024 00:50 8.75
20151024 01:00 8.625
20151024 01:10 8.75
20151024 01:20 8.75
20151024 01:30 8.875
20151024 01:40 8.625
20151024 01:50 8.375
20151024 02:00 8
20151024 02:10 7.625
20151024 02:20 7.75
20151024 02:30 7.75
20151024 02:40 7.75
20151024 02:50 7.375
20151024 03:00 7
20151024 03:10 7
20151024 03:20 6.75
20151024 03:30 6.625
20151024 03:40 6.75
20151024 03:50 6.75
20151024 04:00 6.75
20151024 04:10 6.5
20151024 04:20 7
20151024 04:30 6.875
20151024 04:40 6.875
20151024 04:50 7.25
20151024 05:00 7.375
20151024 05:10 7.5
20151024 05:20 7.5
20151024 05:30 7.125
20151024 05:40 7.375
20151024 05:50 7.25
20151024 06:00 7.25
20151024 06:10 7.375
20151024 06:20 7.375
20151024 06:30 7.5
20151024 06:40 7.5
20151024 06:50 7.625
20151024 07:00 7.625
20151024 07:10 7.625
20151024 07:20 7.625
20151024 07:30 7.625
20151024 07:40 7.5
20151024 07:50 7.5
20151024 08:00 7.5
20151024 08:10 7.375
20151024 08:20 7.375
20151024 08:30 7.375
20151024 08:40 7.5
20151024 08:50 7.5
20151024 09:00 7.625
20151024 09:10 7.75
20151024 09:20 8
20151024 09:30 8.125
20151024 09:40 8.375
20151024 09:50 8.625
20151024 10:00 8.75
20151024 10:10 8.875
20151024 10:20 9.125
20151024 10:30 9.5
20151024 10:40 9.5
20151024 10:50 9.625
20151024 11:00 9.75
20151024 11:10 10
20151024 11:20 10.125
20151024 11:30 10.25
20151024 11:40 10.625
20151024 11:50 10.875
20151024 12:00 11
20151024 12:10 11.125
20151024 12:20 11.375
20151024 12:30 11.5
20151024 12:40 11.625
20151024 12:50 11.875
20151024 13:00 11.625
20151024 13:10 11.75
20151024 13:20 11.875
20151024 13:30 11.75
20151024 13:40 12
20151024 13:50 12
20151024 14:00 12.125
20151024 14:10 11.875
20151024 14:20 12
20151024 14:30 12
20151024 14:40 11.875
20151024 14:50 11.875
20151024 15:00 11.875
20151024 15:10 12.25
20151024 15:20 12
20151024 15:30 11.75
20151024 15:40 11.875
20151024 15:50 12
20151024 16:00 11.875
20151024 16:10 11.75
20151024 16:20 11.75
20151024 16:30 11.75
20151024 16:40 11.5
20151024 16:50 11.5
20151024 17:00 11.375
20151024 17:10 11.375
20151024 17:20 11.25
20151024 17:30 11.125
20151024 17:40 11.125
20151024 17:50 11
20151024 18:00 11
20151024 18:10 10.875
20151024 18:20 10.875
20151024 18:30 10.625
20151024 18:40 10.75
20151024 18:50 10.75
20151024 19:00 10.75
20151024 19:10 10.75
20151024 19:20 10.5
20151024 19:30 10.625
20151024 19:40 10.5
20151024 19:50 10.5
20151024 20:00 10.375
20151024 20:10 10.375
20151024 20:20 10.375
20151024 20:30 10.25
20151024 20:40 10.125
20151024 20:50 10
20151024 21:00 10
20151024 21:10 9.875
20151024 21:20 9.875
20151024 21:30 9.75
20151024 21:40 9.875
20151024 21:50 9.75
20151024 22:00 9.625
20151024 22:10 9.5
20151024 22:20 9.5
20151024 22:30 9.5
20151024 22:40 9.375
20151024 22:50 9.25
20151024 23:00 9.375
20151024 23:10 9.25
20151024 23:20 9.125
20151024 23:30 9.125
20151024 23:40 9.125
20151024 23:50 9.125
