YYYYMMDD HH:MM measured temperature
20150725 00:00 18.25
20150725 00:10 17.875
20150725 00:20 17.875
20150725 00:30 17.875
20150725 00:40 17.875
20150725 00:50 18
20150725 01:00 18
20150725 01:10 18.25
20150725 01:20 18.5
20150725 01:30 18.75
20150725 01:40 19
20150725 01:50 19
20150725 02:00 19
20150725 02:10 18.875
20150725 02:20 19.125
20150725 02:30 19
20150725 02:40 19.125
20150725 02:50 19.125
20150725 03:00 19.125
20150725 03:10 19.125
20150725 03:20 18.75
20150725 03:30 17
20150725 03:40 16.75
20150725 03:50 16.5
20150725 04:00 16.375
20150725 04:10 16.25
20150725 04:20 16.25
20150725 04:30 16.125
20150725 04:40 16.125
20150725 04:50 16.25
20150725 05:00 16.375
20150725 05:10 16.375
20150725 05:20 16.375
20150725 05:30 16.375
20150725 05:40 16.375
20150725 05:50 16.4375
20150725 06:00 16.5
20150725 06:10 16.5
20150725 06:20 16.5
20150725 06:30 16.625
20150725 06:40 16.5625
20150725 06:50 16.625
20150725 07:00 16.875
20150725 07:10 16.9375
20150725 07:20 17.4375
20150725 07:30 17.625
20150725 07:40 18.125
20150725 07:50 18.75
20150725 08:00 18.5
20150725 08:10 19
20150725 08:20 19.375
20150725 08:30 19.25
20150725 08:40 19.125
20150725 08:50 19.375
20150725 09:00 19.25
20150725 09:10 20.125
20150725 09:20 20.5
20150725 09:30 20.5
20150725 09:40 20.375
20150725 09:50 20.25
20150725 10:00 21.25
20150725 10:10 21.125
20150725 10:20 21.25
20150725 10:30 21.375
20150725 10:40 21.875
20150725 10:50 22
20150725 11:00 22.125
20150725 11:10 21.375
20150725 11:20 22
20150725 11:30 23.125
20150725 11:40 22.25
20150725 11:50 22.625
20150725 12:00 23.625
20150725 12:10 24.375
20150725 12:20 24.875
20150725 12:30 23.875
20150725 12:40 24.5
20150725 12:50 23.625
20150725 13:00 23.5
20150725 13:10 23.75
20150725 13:20 22.75
20150725 13:30 19.625
20150725 13:40 20.375
20150725 13:50 20.75
20150725 14:00 20.875
20150725 14:10 19.875
20150725 14:20 19
20150725 14:30 19.875
20150725 14:40 21.625
20150725 14:50 20.75
20150725 15:00 20.75
20150725 15:10 20.5
20150725 15:20 19.75
20150725 15:30 18.875
20150725 15:40 17.375
20150725 15:50 17.75
20150725 16:00 17.25
20150725 16:10 18.25
20150725 16:20 18.75
20150725 16:30 18.625
20150725 16:40 19.125
20150725 16:50 18.875
20150725 17:00 18.625
20150725 17:10 18
20150725 17:20 18.25
20150725 17:30 18.5
20150725 17:40 17.625
20150725 17:50 17.5
20150725 18:00 17.5
20150725 18:10 16.875
20150725 18:20 16.5
20150725 18:30 16
20150725 18:40 15.875
20150725 18:50 15.625
20150725 19:00 15
20150725 19:10 14.5
20150725 19:20 14.25
20150725 19:30 14
20150725 19:40 13.875
20150725 19:50 14
20150725 20:00 14
20150725 20:10 13.875
20150725 20:20 14
20150725 20:30 13.75
20150725 20:40 13.875
20150725 20:50 13.875
20150725 21:00 13.9375
20150725 21:10 14
20150725 21:20 14.125
20150725 21:30 14.125
20150725 21:40 14.1875
20150725 21:50 14.3125
20150725 22:00 14.5
20150725 22:10 14.75
20150725 22:20 14.625
20150725 22:30 14.375
20150725 22:40 14.0625
20150725 22:50 13.75
20150725 23:00 13.5
20150725 23:10 13.25
20150725 23:20 13.25
20150725 23:30 13.25
20150725 23:40 13.125
20150725 23:50 13
