YYYYMMDD HH:MM measured temperature
20150627 00:00 16.875
20150627 00:10 16.75
20150627 00:20 16.75
20150627 00:30 16.625
20150627 00:40 16.625
20150627 00:50 16.5
20150627 01:00 16.5
20150627 01:10 16.375
20150627 01:20 16.375
20150627 01:30 16.25
20150627 01:40 16.5
20150627 01:50 16.5
20150627 02:00 16.5
20150627 02:10 16.125
20150627 02:20 16
20150627 02:30 15.75
20150627 02:40 15.375
20150627 02:50 15.375
20150627 03:00 15.375
20150627 03:10 16
20150627 03:20 16.125
20150627 03:30 16.125
20150627 03:40 16.25
20150627 03:50 16.375
20150627 04:00 16.375
20150627 04:10 16.25
20150627 04:20 16
20150627 04:30 16.375
20150627 04:40 16.25
20150627 04:50 16.5
20150627 05:00 16.75
20150627 05:10 17
20150627 05:20 17.125
20150627 05:30 17.375
20150627 05:40 17.375
20150627 05:50 17.125
20150627 06:00 17.125
20150627 06:10 16.875
20150627 06:20 16.875
20150627 06:30 16.875
20150627 06:40 17
20150627 06:50 17
20150627 07:00 17.125
20150627 07:10 17.5
20150627 07:20 18
20150627 07:30 18.125
20150627 07:40 17.75
20150627 07:50 17.75
20150627 08:00 18
20150627 08:10 18.125
20150627 08:20 18.625
20150627 08:30 18.625
20150627 08:40 18.75
20150627 08:50 19
20150627 09:00 18.5
20150627 09:10 18.625
20150627 09:20 18.75
20150627 09:30 18.75
20150627 09:40 18.5
20150627 09:50 19.75
20150627 10:00 20.25
20150627 10:10 19.625
20150627 10:20 19.5
20150627 10:30 20.375
20150627 10:40 20.625
20150627 10:50 20.625
20150627 11:00 21
20150627 11:10 20.75
20150627 11:20 21
20150627 11:30 22.625
20150627 11:40 20.75
20150627 11:50 22
20150627 12:00 22.125
20150627 12:10 23.375
20150627 12:20 22.75
20150627 12:30 22.5
20150627 12:40 21.375
20150627 12:50 21.75
20150627 13:00 21.875
20150627 13:10 23
20150627 13:20 23
20150627 13:30 22.875
20150627 13:40 22.875
20150627 13:50 22.75
20150627 14:00 22.5
20150627 14:10 21.5
20150627 14:20 22.5
20150627 14:30 22.375
20150627 14:40 21.75
20150627 14:50 22.25
20150627 15:00 22.125
20150627 15:10 21.5
20150627 15:20 21.875
20150627 15:30 20.75
20150627 15:40 20.375
20150627 15:50 20.125
20150627 16:00 20.125
20150627 16:10 20.75
20150627 16:20 21.75
20150627 16:30 20.875
20150627 16:40 20.25
20150627 16:50 20.875
20150627 17:00 19
20150627 17:10 19.125
20150627 17:20 19.625
20150627 17:30 18.875
20150627 17:40 18.625
20150627 17:50 18.125
20150627 18:00 18.25
20150627 18:10 18.25
20150627 18:20 17.5
20150627 18:30 17.25
20150627 18:40 17.625
20150627 18:50 16.875
20150627 19:00 17
20150627 19:10 16.625
20150627 19:20 17.125
20150627 19:30 16.75
20150627 19:40 16.75
20150627 19:50 16.25
20150627 20:00 16
20150627 20:10 15.875
20150627 20:20 15.25
20150627 20:30 15.125
20150627 20:40 15
20150627 20:50 14.625
20150627 21:00 14.625
20150627 21:10 14.625
20150627 21:20 14.25
20150627 21:30 14.125
20150627 21:40 13.75
20150627 21:50 13.625
20150627 22:00 13.625
20150627 22:10 13.75
20150627 22:20 13.625
20150627 22:30 13.625
20150627 22:40 13.75
20150627 22:50 13.75
20150627 23:00 13.625
20150627 23:10 13.625
20150627 23:20 13.625
20150627 23:30 13.5
20150627 23:40 13.625
20150627 23:50 13.625
