YYYYMMDD HH:MM measured temperature
20151128 00:00 3.875
20151128 00:10 3.875
20151128 00:20 3.875
20151128 00:30 3.875
20151128 00:40 3.75
20151128 00:50 3.625
20151128 01:00 3.5
20151128 01:10 3.5
20151128 01:20 3.5
20151128 01:30 3.25
20151128 01:40 3.5
20151128 01:50 3.625
20151128 02:00 3.625
20151128 02:10 3.75
20151128 02:20 3.75
20151128 02:30 3.75
20151128 02:40 3.75
20151128 02:50 3.875
20151128 03:00 3.75
20151128 03:10 3.625
20151128 03:20 3.5
20151128 03:30 3.375
20151128 03:40 3.375
20151128 03:50 3.375
20151128 04:00 3.375
20151128 04:10 3.25
20151128 04:20 3.375
20151128 04:30 3.375
20151128 04:40 3.375
20151128 04:50 3.375
20151128 05:00 3.125
20151128 05:10 2.75
20151128 05:20 2.75
20151128 05:30 2.75
20151128 05:40 2.75
20151128 05:50 2.75
20151128 06:00 2.75
20151128 06:10 2.75
20151128 06:20 2.875
20151128 06:30 2.875
20151128 06:40 3
20151128 06:50 3.125
20151128 07:00 3.125
20151128 07:10 3.125
20151128 07:20 3.125
20151128 07:30 3.25
20151128 07:40 3.375
20151128 07:50 3.375
20151128 08:00 3.625
20151128 08:10 3.75
20151128 08:20 3.875
20151128 08:30 4.125
20151128 08:40 4.25
20151128 08:50 4.625
20151128 09:00 4.75
20151128 09:10 5
20151128 09:20 5
20151128 09:30 5
20151128 09:40 5.125
20151128 09:50 5.125
20151128 10:00 5.125
20151128 10:10 5.25
20151128 10:20 5.125
20151128 10:30 5.25
20151128 10:40 5.375
20151128 10:50 5.375
20151128 11:00 5.375
20151128 11:10 5.875
20151128 11:20 6.25
20151128 11:30 6.25
20151128 11:40 6.125
20151128 11:50 6.5
20151128 12:00 6.75
20151128 12:10 6.875
20151128 12:20 6.875
20151128 12:30 7.125
20151128 12:40 7.375
20151128 12:50 7.5
20151128 13:00 8.375
20151128 13:10 8.375
20151128 13:20 8.375
20151128 13:30 7.75
20151128 13:40 7.625
20151128 13:50 7.375
20151128 14:00 7.375
20151128 14:10 7.75
20151128 14:20 6.75
20151128 14:30 6.5
20151128 14:40 6.5
20151128 14:50 6
20151128 15:00 6
20151128 15:10 5.625
20151128 15:20 5.5
20151128 15:30 5.125
20151128 15:40 5
20151128 15:50 4.75
20151128 16:00 4.75
20151128 16:10 4.875
20151128 16:20 4.875
20151128 16:30 5.125
20151128 16:40 5.125
20151128 16:50 4.875
20151128 17:00 4.875
20151128 17:10 4.625
20151128 17:20 4.5
20151128 17:30 4.5
20151128 17:40 4.5
20151128 17:50 4.375
20151128 18:00 4.375
20151128 18:10 4.375
20151128 18:20 4.625
20151128 18:30 4.625
20151128 18:40 4.5
20151128 18:50 4.625
20151128 19:00 4.5
20151128 19:10 4.625
20151128 19:20 4.625
20151128 19:30 4.625
20151128 19:40 4.625
20151128 19:50 4.625
20151128 20:00 4.625
20151128 20:10 4.625
20151128 20:20 4.625
20151128 20:30 4.75
20151128 20:40 4.875
20151128 20:50 4.875
20151128 21:00 4.875
20151128 21:10 4.875
20151128 21:20 4.875
20151128 21:30 5
20151128 21:40 4.875
20151128 21:50 4.875
20151128 22:00 4.75
20151128 22:10 4.75
20151128 22:20 4.75
20151128 22:30 4.875
20151128 22:40 4.875
20151128 22:50 5
20151128 23:00 5
20151128 23:10 5
20151128 23:20 5.25
20151128 23:30 5.25
20151128 23:40 5
20151128 23:50 4.875
