YYYYMMDD HH:MM measured temperature
20150311 00:00 3.125
20150311 00:10 3
20150311 00:20 3.125
20150311 00:30 3
20150311 00:40 3
20150311 00:50 3.125
20150311 01:00 3.125
20150311 01:10 3
20150311 01:20 3
20150311 01:30 3.125
20150311 01:40 3
20150311 01:50 3
20150311 02:00 2.875
20150311 02:10 2.875
20150311 02:20 3
20150311 02:30 2.75
20150311 02:40 2.625
20150311 02:50 2.25
20150311 03:00 2
20150311 03:10 2
20150311 03:20 2
20150311 03:30 2.25
20150311 03:40 2.375
20150311 03:50 2.375
20150311 04:00 2.375
20150311 04:10 2.375
20150311 04:20 2.25
20150311 04:30 2.125
20150311 04:40 2.375
20150311 04:50 2.375
20150311 05:00 2.375
20150311 05:10 2.5
20150311 05:20 2.5
20150311 05:30 2.375
20150311 05:40 2
20150311 05:50 1.875
20150311 06:00 1.75
20150311 06:10 1.75
20150311 06:20 1.625
20150311 06:30 1.875
20150311 06:40 1.625
20150311 06:50 1.625
20150311 07:00 1.625
20150311 07:10 1.625
20150311 07:20 1.5
20150311 07:30 1.5
20150311 07:40 1.75
20150311 07:50 1.875
20150311 08:00 1.75
20150311 08:10 2
20150311 08:20 2.5
20150311 08:30 2.625
20150311 08:40 2.625
20150311 08:50 2.875
20150311 09:00 3.125
20150311 09:10 3.5
20150311 09:20 3.75
20150311 09:30 3.875
20150311 09:40 4.125
20150311 09:50 4.5
20150311 10:00 4.75
20150311 10:10 5.5
20150311 10:20 6.125
20150311 10:30 6.5
20150311 10:40 6.375
20150311 10:50 6.625
20150311 11:00 6.375
20150311 11:10 6.75
20150311 11:20 7.125
20150311 11:30 7.75
20150311 11:40 7.5
20150311 11:50 7.5
20150311 12:00 8
20150311 12:10 7.875
20150311 12:20 7.75
20150311 12:30 7.75
20150311 12:40 8.25
20150311 12:50 8.5
20150311 13:00 10.875
20150311 13:10 12.125
20150311 13:20 9.875
20150311 13:30 11.375
20150311 13:40 10.5
20150311 13:50 9.75
20150311 14:00 10.25
20150311 14:10 13.625
20150311 14:20 10.625
20150311 14:30 11.125
20150311 14:40 12.125
20150311 14:50 12.125
20150311 15:00 12.25
20150311 15:10 11.875
20150311 15:20 11.125
20150311 15:30 12.25
20150311 15:40 12.75
20150311 15:50 11.125
20150311 16:00 11.375
20150311 16:10 11.5
20150311 16:20 11
20150311 16:30 11.5
20150311 16:40 10.5
20150311 16:50 10
20150311 17:00 11
20150311 17:10 10
20150311 17:20 10.5
20150311 17:30 9.375
20150311 17:40 9
20150311 17:50 9.25
20150311 18:00 9
20150311 18:10 8.875
20150311 18:20 8.75
20150311 18:30 8.25
20150311 18:40 8
20150311 18:50 7.875
20150311 19:00 7.375
20150311 19:10 7.125
20150311 19:20 7
20150311 19:30 6.875
20150311 19:40 6.5
20150311 19:50 6.25
20150311 20:00 6.125
20150311 20:10 6
20150311 20:20 5.625
20150311 20:30 5.5
20150311 20:40 5.375
20150311 20:50 5.125
20150311 21:00 5
20150311 21:10 4.625
20150311 21:20 4.5
20150311 21:30 4.5
20150311 21:40 4.125
20150311 21:50 3.375
20150311 22:00 3.875
20150311 22:10 3.375
20150311 22:20 3.5
20150311 22:30 3.625
20150311 22:40 3.625
20150311 22:50 3.375
20150311 23:00 3.375
20150311 23:10 3.375
20150311 23:20 3.25
20150311 23:30 3
20150311 23:40 3.125
20150311 23:50 3
