YYYYMMDD HH:MM measured temperature
20151022 00:00 9.75
20151022 00:10 9.625
20151022 00:20 9.625
20151022 00:30 9.625
20151022 00:40 9.625
20151022 00:50 9.625
20151022 01:00 9.625
20151022 01:10 9.625
20151022 01:20 9.625
20151022 01:30 9.625
20151022 01:40 9.625
20151022 01:50 9.75
20151022 02:00 9.625
20151022 02:10 9.5
20151022 02:20 9.375
20151022 02:30 9.25
20151022 02:40 9.25
20151022 02:50 9.25
20151022 03:00 9.25
20151022 03:10 9.25
20151022 03:20 9.25
20151022 03:30 9.25
20151022 03:40 9.25
20151022 03:50 9.25
20151022 04:00 9.25
20151022 04:10 9.25
20151022 04:20 9.25
20151022 04:30 9.25
20151022 04:40 9.25
20151022 04:50 9.25
20151022 05:00 9.25
20151022 05:10 9.375
20151022 05:20 9.375
20151022 05:30 9.5
20151022 05:40 9.5
20151022 05:50 9.5
20151022 06:00 9.625
20151022 06:10 9.5
20151022 06:20 9.625
20151022 06:30 9.625
20151022 06:40 9.625
20151022 06:50 9.625
20151022 07:00 9.625
20151022 07:10 9.625
20151022 07:20 9.625
20151022 07:30 9.5
20151022 07:40 9.5
20151022 07:50 9.5
20151022 08:00 9.5
20151022 08:10 9.625
20151022 08:20 9.625
20151022 08:30 9.625
20151022 08:40 9.625
20151022 08:50 9.75
20151022 09:00 9.75
20151022 09:10 9.75
20151022 09:20 9.75
20151022 09:30 9.875
20151022 09:40 9.875
20151022 09:50 10
20151022 10:00 10
20151022 10:10 10.125
20151022 10:20 10.25
20151022 10:30 10.375
20151022 10:40 10.5
20151022 10:50 10.625
20151022 11:00 10.625
20151022 11:10 10.75
20151022 11:20 10.75
20151022 11:30 10.75
20151022 11:40 10.875
20151022 11:50 11
20151022 12:00 11
20151022 12:10 11
20151022 12:20 11.125
20151022 12:30 11.25
20151022 12:40 11.375
20151022 12:50 11.5
20151022 13:00 11.5
20151022 13:10 11.5
20151022 13:20 11.5
20151022 13:30 11.5
20151022 13:40 11.75
20151022 13:50 11.75
20151022 14:00 11.75
20151022 14:10 11.75
20151022 14:20 11.75
20151022 14:30 11.875
20151022 14:40 12
20151022 14:50 12.125
20151022 15:00 12.125
20151022 15:10 12.25
20151022 15:20 12.25
20151022 15:30 12.375
20151022 15:40 12.5
20151022 15:50 12.625
20151022 16:00 12.625
20151022 16:10 12.75
20151022 16:20 12.75
20151022 16:30 12.75
20151022 16:40 12.625
20151022 16:50 12.625
20151022 17:00 12.75
20151022 17:10 12.5
20151022 17:20 12.125
20151022 17:30 12
20151022 17:40 12
20151022 17:50 12
20151022 18:00 11.875
20151022 18:10 11.75
20151022 18:20 11.75
20151022 18:30 11.75
20151022 18:40 11.75
20151022 18:50 11.75
20151022 19:00 11.75
20151022 19:10 11.625
20151022 19:20 11.625
20151022 19:30 11.625
20151022 19:40 11.625
20151022 19:50 11.625
20151022 20:00 11.125
20151022 20:10 11
20151022 20:20 10.75
20151022 20:30 10.75
20151022 20:40 10.5
20151022 20:50 10.625
20151022 21:00 10.625
20151022 21:10 10.625
20151022 21:20 10.75
20151022 21:30 10.875
20151022 21:40 11
20151022 21:50 11
20151022 22:00 10.75
20151022 22:10 10.75
20151022 22:20 10.75
20151022 22:30 10.75
20151022 22:40 10.625
20151022 22:50 10.75
20151022 23:00 10.625
20151022 23:10 10.75
20151022 23:20 10.875
20151022 23:30 10.75
20151022 23:40 10.625
20151022 23:50 10.75
