YYYYMMDD HH:MM measured temperature
20151217 00:00 10.75
20151217 00:10 10.875
20151217 00:20 10.875
20151217 00:30 10.75
20151217 00:40 10.875
20151217 00:50 10.875
20151217 01:00 10.875
20151217 01:10 10.875
20151217 01:20 10.875
20151217 01:30 10.875
20151217 01:40 10.875
20151217 01:50 10.875
20151217 02:00 10.875
20151217 02:10 10.875
20151217 02:20 10.875
20151217 02:30 10.875
20151217 02:40 11
20151217 02:50 11
20151217 03:00 10.9375
20151217 03:10 11
20151217 03:20 11
20151217 03:30 11
20151217 03:40 11
20151217 03:50 11
20151217 04:00 11
20151217 04:10 11
20151217 04:20 11
20151217 04:30 11.125
20151217 04:40 11.125
20151217 04:50 11.125
20151217 05:00 11.25
20151217 05:10 11.25
20151217 05:20 11.25
20151217 05:30 11.25
20151217 05:40 11.25
20151217 05:50 11.125
20151217 06:00 11.25
20151217 06:10 11.125
20151217 06:20 11.125
20151217 06:30 11.25
20151217 06:40 11.25
20151217 06:50 11.125
20151217 07:00 11.125
20151217 07:10 11.125
20151217 07:20 11
20151217 07:30 11
20151217 07:40 11.125
20151217 07:50 11.125
20151217 08:00 11.125
20151217 08:10 11.125
20151217 08:20 11
20151217 08:30 11
20151217 08:40 11
20151217 08:50 11
20151217 09:00 11.125
20151217 09:10 11.125
20151217 09:20 11.125
20151217 09:30 11.125
20151217 09:40 11.25
20151217 09:50 11.375
20151217 10:00 11.375
20151217 10:10 11.5
20151217 10:20 11.5
20151217 10:30 11.625
20151217 10:40 11.625
20151217 10:50 11.625
20151217 11:00 11.625
20151217 11:10 11.75
20151217 11:20 11.75
20151217 11:30 11.875
20151217 11:40 11.875
20151217 11:50 11.875
20151217 12:00 12.125
20151217 12:10 12.375
20151217 12:20 12.5
20151217 12:30 12.5
20151217 12:40 12.625
20151217 12:50 12.625
20151217 13:00 12.75
20151217 13:10 12.875
20151217 13:20 12.875
20151217 13:30 12.875
20151217 13:40 12.875
20151217 13:50 12.75
20151217 14:00 12.75
20151217 14:10 12.75
20151217 14:20 12.75
20151217 14:30 12.75
20151217 14:40 12.875
20151217 14:50 12.625
20151217 15:00 12.5
20151217 15:10 12.375
20151217 15:20 12.25
20151217 15:30 12.25
20151217 15:40 12.125
20151217 15:50 12.125
20151217 16:00 12.125
20151217 16:10 12.125
20151217 16:20 12
20151217 16:30 12
20151217 16:40 11.75
20151217 16:50 11.75
20151217 17:00 11.75
20151217 17:10 11.625
20151217 17:20 11.5
20151217 17:30 11.375
20151217 17:40 11.375
20151217 17:50 11.25
20151217 18:00 11.25
20151217 18:10 11.5
20151217 18:20 11.625
20151217 18:30 11.625
20151217 18:40 11.5
20151217 18:50 11.75
20151217 19:00 12.125
20151217 19:10 12
20151217 19:20 12.125
20151217 19:30 12
20151217 19:40 12
20151217 19:50 12.125
20151217 20:00 12.125
20151217 20:10 12
20151217 20:20 12
20151217 20:30 12
20151217 20:40 12
20151217 20:50 11.75
20151217 21:00 11.75
20151217 21:10 12
20151217 21:20 11.875
20151217 21:30 11.875
20151217 21:40 11.875
20151217 21:50 11.875
20151217 22:00 11.625
20151217 22:10 11.375
20151217 22:20 11.375
20151217 22:30 11.5
20151217 22:40 11.375
20151217 22:50 11.375
20151217 23:00 11.25
20151217 23:10 11.125
20151217 23:20 11
20151217 23:30 10.875
20151217 23:40 11
20151217 23:50 11.125
