YYYYMMDD HH:MM measured temperature
20150218 00:00 0.625
20150218 00:10 0.625
20150218 00:20 0.625
20150218 00:30 0.5
20150218 00:40 0.5
20150218 00:50 0.5
20150218 01:00 0.375
20150218 01:10 0.25
20150218 01:20 0.375
20150218 01:30 0.25
20150218 01:40 0.125
20150218 01:50 0.25
20150218 02:00 0.375
20150218 02:10 0.5
20150218 02:20 0.375
20150218 02:30 0.375
20150218 02:40 0.375
20150218 02:50 0.375
20150218 03:00 0.375
20150218 03:10 0.25
20150218 03:20 0
20150218 03:30 0
20150218 03:40 0
20150218 03:50 0.125
20150218 04:00 0
20150218 04:10 0
20150218 04:20 0
20150218 04:30 -0.125
20150218 04:40 -0.125
20150218 04:50 -0.125
20150218 05:00 -0.125
20150218 05:10 -0.125
20150218 05:20 -0.125
20150218 05:30 -0.125
20150218 05:40 -0.125
20150218 05:50 -0.25
20150218 06:00 -0.125
20150218 06:10 -0.25
20150218 06:20 -0.25
20150218 06:30 -0.375
20150218 06:40 -0.25
20150218 06:50 -0.375
20150218 07:00 -0.25
20150218 07:10 -0.25
20150218 07:20 -0.375
20150218 07:30 -0.375
20150218 07:40 -0.25
20150218 07:50 -0.25
20150218 08:00 -0.125
20150218 08:10 0
20150218 08:20 0.125
20150218 08:30 0.125
20150218 08:40 0.25
20150218 08:50 0.25
20150218 09:00 0.25
20150218 09:10 0.375
20150218 09:20 0.5
20150218 09:30 0.625
20150218 09:40 0.625
20150218 09:50 0.875
20150218 10:00 1
20150218 10:10 1.375
20150218 10:20 1.5
20150218 10:30 1.625
20150218 10:40 1.5
20150218 10:50 1.75
20150218 11:00 1.75
20150218 11:10 1.75
20150218 11:20 1.875
20150218 11:30 2.125
20150218 11:40 2.625
20150218 11:50 2.75
20150218 12:00 2.75
20150218 12:10 2.75
20150218 12:20 2.875
20150218 12:30 3
20150218 12:40 3.625
20150218 12:50 4.5
20150218 13:00 5.375
20150218 13:10 8.125
20150218 13:20 8.375
20150218 13:30 8.75
20150218 13:40 8.75
20150218 13:50 8.75
20150218 14:00 9.625
20150218 14:10 8.625
20150218 14:20 9.125
20150218 14:30 9.375
20150218 14:40 8.5
20150218 14:50 8.25
20150218 15:00 8.375
20150218 15:10 8.375
20150218 15:20 7.75
20150218 15:30 8
20150218 15:40 7.75
20150218 15:50 7.625
20150218 16:00 7.25
20150218 16:10 6.875
20150218 16:20 7
20150218 16:30 6.625
20150218 16:40 6.625
20150218 16:50 6.375
20150218 17:00 6.125
20150218 17:10 5.75
20150218 17:20 5.5
20150218 17:30 5.375
20150218 17:40 4.875
20150218 17:50 4.5
20150218 18:00 4.25
20150218 18:10 4
20150218 18:20 3.875
20150218 18:30 3.625
20150218 18:40 3.625
20150218 18:50 3.625
20150218 19:00 3.5
20150218 19:10 3.375
20150218 19:20 3.25
20150218 19:30 3.25
20150218 19:40 3.125
20150218 19:50 3.125
20150218 20:00 2.75
20150218 20:10 2.875
20150218 20:20 2.875
20150218 20:30 2.875
20150218 20:40 2.75
20150218 20:50 2.625
20150218 21:00 2.625
20150218 21:10 2.5
20150218 21:20 2.5
20150218 21:30 2.25
20150218 21:40 2.125
20150218 21:50 2.125
20150218 22:00 2
20150218 22:10 1.875
20150218 22:20 1.875
20150218 22:30 1.875
20150218 22:40 1.75
20150218 22:50 1.75
20150218 23:00 1.75
20150218 23:10 1.625
20150218 23:20 1.5
20150218 23:30 1.5
20150218 23:40 1.5
20150218 23:50 1.375
