YYYYMMDD HH:MM measured temperature
20150118 00:00 0.75
20150118 00:10 0.75
20150118 00:20 0.625
20150118 00:30 0.75
20150118 00:40 0.75
20150118 00:50 0.75
20150118 01:00 0.75
20150118 01:10 0.75
20150118 01:20 0.875
20150118 01:30 1
20150118 01:40 1.125
20150118 01:50 1.125
20150118 02:00 1.25
20150118 02:10 1.375
20150118 02:20 1.375
20150118 02:30 1.375
20150118 02:40 1.25
20150118 02:50 1.625
20150118 03:00 1.5
20150118 03:10 1.625
20150118 03:20 1.5
20150118 03:30 1.5
20150118 03:40 1.625
20150118 03:50 1.625
20150118 04:00 1.5
20150118 04:10 1.5
20150118 04:20 1.5
20150118 04:30 1.375
20150118 04:40 1.5
20150118 04:50 1.5
20150118 05:00 1.5
20150118 05:10 1.5
20150118 05:20 1.5
20150118 05:30 1.5
20150118 05:40 1.5
20150118 05:50 1.5
20150118 06:00 1.5
20150118 06:10 1.625
20150118 06:20 1.625
20150118 06:30 1.625
20150118 06:40 1.625
20150118 06:50 1.5
20150118 07:00 1.625
20150118 07:10 1.625
20150118 07:20 1.625
20150118 07:30 1.625
20150118 07:40 1.625
20150118 07:50 1.5
20150118 08:00 1.5
20150118 08:10 1.5
20150118 08:20 1.5
20150118 08:30 1.5
20150118 08:40 1.5
20150118 08:50 1.5
20150118 09:00 1.5
20150118 09:10 1.5
20150118 09:20 1.625
20150118 09:30 1.625
20150118 09:40 1.75
20150118 09:50 1.75
20150118 10:00 1.875
20150118 10:10 1.875
20150118 10:20 1.875
20150118 10:30 1.875
20150118 10:40 2
20150118 10:50 2
20150118 11:00 1.875
20150118 11:10 1.75
20150118 11:20 1.75
20150118 11:30 1.625
20150118 11:40 1.625
20150118 11:50 1.375
20150118 12:00 1.375
20150118 12:10 1.5
20150118 12:20 1.625
20150118 12:30 1.625
20150118 12:40 1.625
20150118 12:50 1.5
20150118 13:00 1.375
20150118 13:10 1.375
20150118 13:20 1.25
20150118 13:30 1.125
20150118 13:40 1
20150118 13:50 1
20150118 14:00 1.125
20150118 14:10 1.125
20150118 14:20 1.125
20150118 14:30 1.125
20150118 14:40 1.25
20150118 14:50 1.125
20150118 15:00 1.25
20150118 15:10 1.25
20150118 15:20 1.25
20150118 15:30 1.25
20150118 15:40 1.25
20150118 15:50 1.25
20150118 16:00 1.25
20150118 16:10 1.375
20150118 16:20 1.5
20150118 16:30 1.5
20150118 16:40 1.5
20150118 16:50 1.5
20150118 17:00 1.5
20150118 17:10 1.5
20150118 17:20 1.5
20150118 17:30 1.5
20150118 17:40 1.5
20150118 17:50 1.5
20150118 18:00 1.625
20150118 18:10 1.625
20150118 18:20 1.625
20150118 18:30 1.625
20150118 18:40 1.625
20150118 18:50 1.625
20150118 19:00 1.625
20150118 19:10 1.75
20150118 19:20 1.75
20150118 19:30 1.625
20150118 19:40 1.5
20150118 19:50 1.5
20150118 20:00 1.5
20150118 20:10 1.5
20150118 20:20 1.5
20150118 20:30 1.5
20150118 20:40 1.625
20150118 20:50 1.625
20150118 21:00 1.625
20150118 21:10 1.625
20150118 21:20 1.625
20150118 21:30 1.75
20150118 21:40 1.75
20150118 21:50 1.625
20150118 22:00 1.625
20150118 22:10 1.625
20150118 22:20 1.625
20150118 22:30 1.625
20150118 22:40 1.5
20150118 22:50 1.5
20150118 23:00 1.5
20150118 23:10 1.25
20150118 23:20 1.375
20150118 23:30 1.25
20150118 23:40 1.25
20150118 23:50 1.25
