YYYYMMDD HH:MM measured temperature
20150824 00:00 16
20150824 00:10 16
20150824 00:20 15.75
20150824 00:30 15.625
20150824 00:40 15.5
20150824 00:50 15.625
20150824 01:00 15.5
20150824 01:10 15.375
20150824 01:20 15.375
20150824 01:30 15.375
20150824 01:40 15.5
20150824 01:50 15.375
20150824 02:00 15.375
20150824 02:10 15.25
20150824 02:20 15.25
20150824 02:30 15.125
20150824 02:40 15.125
20150824 02:50 15.125
20150824 03:00 15.125
20150824 03:10 14.875
20150824 03:20 14.75
20150824 03:30 14.625
20150824 03:40 14.75
20150824 03:50 14.75
20150824 04:00 15
20150824 04:10 15
20150824 04:20 15.125
20150824 04:30 15
20150824 04:40 15.125
20150824 04:50 15
20150824 05:00 15.125
20150824 05:10 15
20150824 05:20 15
20150824 05:30 15
20150824 05:40 15
20150824 05:50 14.875
20150824 06:00 14.875
20150824 06:10 14.875
20150824 06:20 14.875
20150824 06:30 14.875
20150824 06:40 14.875
20150824 06:50 14.875
20150824 07:00 14.875
20150824 07:10 14.75
20150824 07:20 14.875
20150824 07:30 14.875
20150824 07:40 15.125
20150824 07:50 15.25
20150824 08:00 15
20150824 08:10 14.875
20150824 08:20 14.75
20150824 08:30 14.75
20150824 08:40 14.875
20150824 08:50 15
20150824 09:00 15.375
20150824 09:10 15.75
20150824 09:20 15.875
20150824 09:30 15.875
20150824 09:40 16.125
20150824 09:50 15.75
20150824 10:00 15.75
20150824 10:10 15.875
20150824 10:20 15.75
20150824 10:30 15.75
20150824 10:40 16.25
20150824 10:50 16.375
20150824 11:00 17.5
20150824 11:10 18.375
20150824 11:20 18.5
20150824 11:30 18.875
20150824 11:40 18.875
20150824 11:50 19
20150824 12:00 20.125
20150824 12:10 20.25
20150824 12:20 19.75
20150824 12:30 19.5
20150824 12:40 19.5
20150824 12:50 19.375
20150824 13:00 19.75
20150824 13:10 21.25
20150824 13:20 21.875
20150824 13:30 22.5
20150824 13:40 22.25
20150824 13:50 22.25
20150824 14:00 23.75
20150824 14:10 23.75
20150824 14:20 23.75
20150824 14:30 23.375
20150824 14:40 24.25
20150824 14:50 23.875
20150824 15:00 24.625
20150824 15:10 24
20150824 15:20 23.875
20150824 15:30 24.25
20150824 15:40 23.25
20150824 15:50 23
20150824 16:00 22.25
20150824 16:10 21.75
20150824 16:20 24
20150824 16:30 23.625
20150824 16:40 22.875
20150824 16:50 22.5
20150824 17:00 23.25
20150824 17:10 23.5
20150824 17:20 23.375
20150824 17:30 23
20150824 17:40 22.875
20150824 17:50 22.75
20150824 18:00 22.5
20150824 18:10 22.25
20150824 18:20 22.375
20150824 18:30 22.25
20150824 18:40 22.5
20150824 18:50 22.625
20150824 19:00 22.25
20150824 19:10 22.125
20150824 19:20 21.875
20150824 19:30 21.75
20150824 19:40 21.875
20150824 19:50 21.875
20150824 20:00 22
20150824 20:10 22
20150824 20:20 22
20150824 20:30 22.25
20150824 20:40 22.125
20150824 20:50 22.125
20150824 21:00 21.875
20150824 21:10 21.25
20150824 21:20 21.25
20150824 21:30 21
20150824 21:40 20.75
20150824 21:50 20.5
20150824 22:00 20.25
20150824 22:10 20
20150824 22:20 19.625
20150824 22:30 19.25
20150824 22:40 19.25
20150824 22:50 19
20150824 23:00 19.125
20150824 23:10 19
20150824 23:20 18.875
20150824 23:30 18.625
20150824 23:40 18.25
20150824 23:50 18.25
