YYYYMMDD HH:MM measured temperature
20150422 00:00 7.125
20150422 00:10 7
20150422 00:20 7
20150422 00:30 7
20150422 00:40 7.125
20150422 00:50 7.25
20150422 01:00 7.375
20150422 01:10 7.5
20150422 01:20 7.25
20150422 01:30 7.5
20150422 01:40 7.25
20150422 01:50 7
20150422 02:00 7.125
20150422 02:10 7
20150422 02:20 7
20150422 02:30 7
20150422 02:40 7.125
20150422 02:50 7.125
20150422 03:00 7
20150422 03:10 6.875
20150422 03:20 6.75
20150422 03:30 6.625
20150422 03:40 6.5
20150422 03:50 6.625
20150422 04:00 6.625
20150422 04:10 6.5
20150422 04:20 6.625
20150422 04:30 6.625
20150422 04:40 6.625
20150422 04:50 6.75
20150422 05:00 6.75
20150422 05:10 6.875
20150422 05:20 7
20150422 05:30 7.125
20150422 05:40 7
20150422 05:50 7.125
20150422 06:00 7.125
20150422 06:10 7.25
20150422 06:20 7.375
20150422 06:30 7.5
20150422 06:40 7.5
20150422 06:50 7.625
20150422 07:00 7.75
20150422 07:10 7.75
20150422 07:20 7.75
20150422 07:30 7.875
20150422 07:40 7.875
20150422 07:50 8
20150422 08:00 8.125
20150422 08:10 8.25
20150422 08:20 8.375
20150422 08:30 8.5
20150422 08:40 8.75
20150422 08:50 8.75
20150422 09:00 8.5
20150422 09:10 8.625
20150422 09:20 8.75
20150422 09:30 9.125
20150422 09:40 9.25
20150422 09:50 9.25
20150422 10:00 9.375
20150422 10:10 9.5
20150422 10:20 10.5
20150422 10:30 10.625
20150422 10:40 10.5
20150422 10:50 12.25
20150422 11:00 11.75
20150422 11:10 12.75
20150422 11:20 11.625
20150422 11:30 11.5
20150422 11:40 12.5
20150422 11:50 12.75
20150422 12:00 13.875
20150422 12:10 11.875
20150422 12:20 13.625
20150422 12:30 16
20150422 12:40 16.5
20150422 12:50 14.125
20150422 13:00 17.25
20150422 13:10 16.375
20150422 13:20 16.25
20150422 13:30 15.25
20150422 13:40 19.125
20150422 13:50 17.25
20150422 14:00 19.125
20150422 14:10 16.375
20150422 14:20 20
20150422 14:30 17.125
20150422 14:40 17.125
20150422 14:50 17.625
20150422 15:00 17.625
20150422 15:10 16.375
20150422 15:20 16.375
20150422 15:30 17.375
20150422 15:40 17.125
20150422 15:50 18.625
20150422 16:00 17.5
20150422 16:10 16
20150422 16:20 16.875
20150422 16:30 17.125
20150422 16:40 16.125
20150422 16:50 16.625
20150422 17:00 15.75
20150422 17:10 16
20150422 17:20 16.25
20150422 17:30 16.125
20150422 17:40 15.5
20150422 17:50 15.375
20150422 18:00 16
20150422 18:10 16.25
20150422 18:20 15.875
20150422 18:30 15.375
20150422 18:40 15.125
20150422 18:50 15.125
20150422 19:00 15
20150422 19:10 14.5
20150422 19:20 14.125
20150422 19:30 13.75
20150422 19:40 13.5
20150422 19:50 13
20150422 20:00 12.625
20150422 20:10 12.25
20150422 20:20 12.125
20150422 20:30 11.875
20150422 20:40 11.375
20150422 20:50 11.125
20150422 21:00 10.5
20150422 21:10 10
20150422 21:20 10.125
20150422 21:30 9.75
20150422 21:40 9.5
20150422 21:50 9
20150422 22:00 9
20150422 22:10 8.625
20150422 22:20 8.625
20150422 22:30 8.375
20150422 22:40 8
20150422 22:50 7.75
20150422 23:00 7.5
20150422 23:10 7.375
20150422 23:20 7.125
20150422 23:30 6.75
20150422 23:40 6.75
20150422 23:50 6.625
