YYYYMMDD HH:MM measured temperature
20151221 00:00 11.125
20151221 00:10 11
20151221 00:20 10.75
20151221 00:30 10.75
20151221 00:40 10.75
20151221 00:50 10.75
20151221 01:00 10.75
20151221 01:10 10.75
20151221 01:20 10.625
20151221 01:30 10.75
20151221 01:40 10.75
20151221 01:50 10.75
20151221 02:00 10.75
20151221 02:10 10.625
20151221 02:20 10.75
20151221 02:30 10.75
20151221 02:40 10.875
20151221 02:50 10.875
20151221 03:00 10.75
20151221 03:10 10.625
20151221 03:20 10.5
20151221 03:30 10.5
20151221 03:40 10.375
20151221 03:50 10.25
20151221 04:00 10.25
20151221 04:10 10.25
20151221 04:20 10.25
20151221 04:30 10.375
20151221 04:40 10.375
20151221 04:50 10.375
20151221 05:00 10.625
20151221 05:10 10.625
20151221 05:20 10.5
20151221 05:30 10.625
20151221 05:40 10.5
20151221 05:50 10.375
20151221 06:00 10.5
20151221 06:10 10.25
20151221 06:20 10.375
20151221 06:30 10.25
20151221 06:40 10.25
20151221 06:50 10.25
20151221 07:00 10.25
20151221 07:10 10.125
20151221 07:20 9.875
20151221 07:30 9.75
20151221 07:40 10
20151221 07:50 10
20151221 08:00 10
20151221 08:10 9.875
20151221 08:20 9.875
20151221 08:30 9.75
20151221 08:40 9.5
20151221 08:50 9.5
20151221 09:00 9.375
20151221 09:10 9.5
20151221 09:20 9.625
20151221 09:30 9.375
20151221 09:40 9.25
20151221 09:50 9.625
20151221 10:00 9.75
20151221 10:10 10.125
20151221 10:20 10.375
20151221 10:30 10.375
20151221 10:40 10.125
20151221 10:50 10.125
20151221 11:00 10.25
20151221 11:10 10.25
20151221 11:20 10.375
20151221 11:30 10.375
20151221 11:40 10.75
20151221 11:50 10.5
20151221 12:00 10.625
20151221 12:10 10.75
20151221 12:20 10.5
20151221 12:30 10.5
20151221 12:40 10.5
20151221 12:50 10.375
20151221 13:00 12
20151221 13:10 10.375
20151221 13:20 10
20151221 13:30 9.75
20151221 13:40 9.75
20151221 13:50 9.875
20151221 14:00 9.875
20151221 14:10 10
20151221 14:20 10.125
20151221 14:30 10.25
20151221 14:40 10
20151221 14:50 10
20151221 15:00 9.75
20151221 15:10 9.875
20151221 15:20 9.875
20151221 15:30 9.75
20151221 15:40 9.875
20151221 15:50 9.625
20151221 16:00 9.625
20151221 16:10 9.375
20151221 16:20 9.25
20151221 16:30 9.125
20151221 16:40 9.25
20151221 16:50 9.25
20151221 17:00 9.125
20151221 17:10 9.5
20151221 17:20 9.5
20151221 17:30 9.5
20151221 17:40 9.5
20151221 17:50 9.5
20151221 18:00 9.875
20151221 18:10 9.625
20151221 18:20 9.75
20151221 18:30 9.875
20151221 18:40 9.75
20151221 18:50 9.75
20151221 19:00 9.5
20151221 19:10 9.375
20151221 19:20 9.5
20151221 19:30 9.375
20151221 19:40 9.625
20151221 19:50 9.875
20151221 20:00 9.875
20151221 20:10 9.5
20151221 20:20 9.25
20151221 20:30 9
20151221 20:40 8.875
20151221 20:50 8.75
20151221 21:00 8.875
20151221 21:10 9
20151221 21:20 9.125
20151221 21:30 9.25
20151221 21:40 9.375
20151221 21:50 9.75
20151221 22:00 9.875
20151221 22:10 10.125
20151221 22:20 10.375
20151221 22:30 10.5
20151221 22:40 10.125
20151221 22:50 10.25
20151221 23:00 9.75
20151221 23:10 9.375
20151221 23:20 9.375
20151221 23:30 9.75
20151221 23:40 9.625
20151221 23:50 9.5
