YYYYMMDD HH:MM measured temperature
20150825 00:00 18.125
20150825 00:10 18.125
20150825 00:20 18.125
20150825 00:30 17.875
20150825 00:40 17.75
20150825 00:50 17.625
20150825 01:00 17.625
20150825 01:10 17.625
20150825 01:20 17.5
20150825 01:30 17.375
20150825 01:40 17.375
20150825 01:50 17.25
20150825 02:00 17.25
20150825 02:10 17.125
20150825 02:20 17.125
20150825 02:30 17.125
20150825 02:40 17.25
20150825 02:50 17.125
20150825 03:00 17
20150825 03:10 16.75
20150825 03:20 16.625
20150825 03:30 16.75
20150825 03:40 16.625
20150825 03:50 16.625
20150825 04:00 16.5
20150825 04:10 16.5
20150825 04:20 16.25
20150825 04:30 16.5
20150825 04:40 16.625
20150825 04:50 16.5
20150825 05:00 16.75
20150825 05:10 16.75
20150825 05:20 16.75
20150825 05:30 16.625
20150825 05:40 16.5
20150825 05:50 16.5
20150825 06:00 16.625
20150825 06:10 16.625
20150825 06:20 16.625
20150825 06:30 16.5
20150825 06:40 16.5
20150825 06:50 16.5
20150825 07:00 16.5
20150825 07:10 16.5
20150825 07:20 16.5
20150825 07:30 16.5
20150825 07:40 16.5
20150825 07:50 16.625
20150825 08:00 16.75
20150825 08:10 16.875
20150825 08:20 16.875
20150825 08:30 16.625
20150825 08:40 16.75
20150825 08:50 16.375
20150825 09:00 16.125
20150825 09:10 16
20150825 09:20 15.5
20150825 09:30 14.75
20150825 09:40 14.3125
20150825 09:50 14.4375
20150825 10:00 14.4375
20150825 10:10 14.5
20150825 10:20 14.625
20150825 10:30 14.875
20150825 10:40 15.75
20150825 10:50 16.375
20150825 11:00 17
20150825 11:10 17.75
20150825 11:20 17.8125
20150825 11:30 18.25
20150825 11:40 18.5
20150825 11:50 18.625
20150825 12:00 19
20150825 12:10 18.5
20150825 12:20 18.875
20150825 12:30 18.25
20150825 12:40 20
20150825 12:50 19.625
20150825 13:00 20
20150825 13:10 20.625
20150825 13:20 20
20150825 13:30 20.125
20150825 13:40 19.875
20150825 13:50 19.625
20150825 14:00 19.75
20150825 14:10 21.375
20150825 14:20 21.375
20150825 14:30 19
20150825 14:40 19
20150825 14:50 19.625
20150825 15:00 20.125
20150825 15:10 19.875
20150825 15:20 18.75
20150825 15:30 18.125
20150825 15:40 18.125
20150825 15:50 18.625
20150825 16:00 18.625
20150825 16:10 18.625
20150825 16:20 18.75
20150825 16:30 20.25
20150825 16:40 19.75
20150825 16:50 19.875
20150825 17:00 19.875
20150825 17:10 19.75
20150825 17:20 19.5
20150825 17:30 19.375
20150825 17:40 18.75
20150825 17:50 19.5
20150825 18:00 19
20150825 18:10 19
20150825 18:20 18.625
20150825 18:30 18.5
20150825 18:40 18.75
20150825 18:50 18.25
20150825 19:00 18.125
20150825 19:10 18.125
20150825 19:20 18
20150825 19:30 17.875
20150825 19:40 17.5
20150825 19:50 17.25
20150825 20:00 17
20150825 20:10 16.75
20150825 20:20 16.75
20150825 20:30 16.75
20150825 20:40 16.625
20150825 20:50 16.625
20150825 21:00 16.5
20150825 21:10 16.375
20150825 21:20 16.375
20150825 21:30 16.25
20150825 21:40 16.125
20150825 21:50 16.125
20150825 22:00 16.25
20150825 22:10 16.125
20150825 22:20 16.125
20150825 22:30 16
20150825 22:40 16
20150825 22:50 15.875
20150825 23:00 15.875
20150825 23:10 16
20150825 23:20 16.125
20150825 23:30 16
20150825 23:40 15.625
20150825 23:50 15.5
