YYYYMMDD HH:MM measured temperature
20150321 00:00 4.75
20150321 00:10 4.625
20150321 00:20 4.625
20150321 00:30 4.625
20150321 00:40 4.625
20150321 00:50 4.5
20150321 01:00 4.5
20150321 01:10 4.5
20150321 01:20 4.375
20150321 01:30 4.375
20150321 01:40 4.25
20150321 01:50 4.25
20150321 02:00 4.25
20150321 02:10 4.25
20150321 02:20 4.125
20150321 02:30 4.125
20150321 02:40 4
20150321 02:50 4
20150321 03:00 4
20150321 03:10 3.875
20150321 03:20 3.875
20150321 03:30 3.75
20150321 03:40 3.75
20150321 03:50 3.75
20150321 04:00 3.625
20150321 04:10 3.625
20150321 04:20 3.625
20150321 04:30 3.5
20150321 04:40 3.5
20150321 04:50 3.625
20150321 05:00 3.625
20150321 05:10 3.625
20150321 05:20 3.625
20150321 05:30 3.5
20150321 05:40 3.625
20150321 05:50 3.625
20150321 06:00 3.625
20150321 06:10 3.75
20150321 06:20 3.75
20150321 06:30 3.75
20150321 06:40 3.75
20150321 06:50 3.75
20150321 07:00 3.75
20150321 07:10 3.75
20150321 07:20 3.875
20150321 07:30 3.875
20150321 07:40 3.875
20150321 07:50 4
20150321 08:00 4.125
20150321 08:10 4.125
20150321 08:20 4.125
20150321 08:30 4.125
20150321 08:40 4.25
20150321 08:50 4.25
20150321 09:00 4.375
20150321 09:10 4.5
20150321 09:20 4.625
20150321 09:30 4.75
20150321 09:40 5
20150321 09:50 5.125
20150321 10:00 5.25
20150321 10:10 5.25
20150321 10:20 5.375
20150321 10:30 5.5
20150321 10:40 6.25
20150321 10:50 6.25
20150321 11:00 6
20150321 11:10 6.875
20150321 11:20 7.375
20150321 11:30 8
20150321 11:40 7.25
20150321 11:50 6.875
20150321 12:00 6.75
20150321 12:10 7
20150321 12:20 9.375
20150321 12:30 7.75
20150321 12:40 8.75
20150321 12:50 7.25
20150321 13:00 10.125
20150321 13:10 11.875
20150321 13:20 8.25
20150321 13:30 7.25
20150321 13:40 7.5
20150321 13:50 7.5
20150321 14:00 7.75
20150321 14:10 7.375
20150321 14:20 9.125
20150321 14:30 9.125
20150321 14:40 7.125
20150321 14:50 7
20150321 15:00 7.375
20150321 15:10 8
20150321 15:20 7.25
20150321 15:30 6.75
20150321 15:40 6.5
20150321 15:50 6.5
20150321 16:00 6.375
20150321 16:10 6.625
20150321 16:20 6.75
20150321 16:30 6.625
20150321 16:40 6.5
20150321 16:50 7
20150321 17:00 7.25
20150321 17:10 6.75
20150321 17:20 6.375
20150321 17:30 6.25
20150321 17:40 6.125
20150321 17:50 5.875
20150321 18:00 5.625
20150321 18:10 5.5
20150321 18:20 5.125
20150321 18:30 4.875
20150321 18:40 4.625
20150321 18:50 4.5
20150321 19:00 4.375
20150321 19:10 4.125
20150321 19:20 4
20150321 19:30 4
20150321 19:40 4
20150321 19:50 4
20150321 20:00 4
20150321 20:10 4.125
20150321 20:20 4.125
20150321 20:30 4.125
20150321 20:40 4.125
20150321 20:50 4
20150321 21:00 3.875
20150321 21:10 3.75
20150321 21:20 3.5
20150321 21:30 3.375
20150321 21:40 3.375
20150321 21:50 3.25
20150321 22:00 3.25
20150321 22:10 3.375
20150321 22:20 3.375
20150321 22:30 3.375
20150321 22:40 3.25
20150321 22:50 3.25
20150321 23:00 3.125
20150321 23:10 3
20150321 23:20 3
20150321 23:30 3
20150321 23:40 2.75
20150321 23:50 2.75
