YYYYMMDD HH:MM measured temperature
20150617 00:00 9.625
20150617 00:10 9.125
20150617 00:20 9
20150617 00:30 8.625
20150617 00:40 8.375
20150617 00:50 7.5
20150617 01:00 7.25
20150617 01:10 7.375
20150617 01:20 6.75
20150617 01:30 6.875
20150617 01:40 7
20150617 01:50 6.5
20150617 02:00 6.375
20150617 02:10 6.125
20150617 02:20 6.25
20150617 02:30 6.5
20150617 02:40 7.375
20150617 02:50 7.625
20150617 03:00 7.75
20150617 03:10 7.875
20150617 03:20 7.625
20150617 03:30 7.375
20150617 03:40 7.125
20150617 03:50 6.75
20150617 04:00 6.875
20150617 04:10 6.75
20150617 04:20 6.75
20150617 04:30 6.875
20150617 04:40 6.875
20150617 04:50 6.875
20150617 05:00 7.125
20150617 05:10 7.375
20150617 05:20 7.375
20150617 05:30 6.875
20150617 05:40 7.125
20150617 05:50 7
20150617 06:00 6.75
20150617 06:10 7.125
20150617 06:20 7.25
20150617 06:30 7.875
20150617 06:40 8.125
20150617 06:50 8.375
20150617 07:00 8.5
20150617 07:10 8.875
20150617 07:20 9.5
20150617 07:30 10.125
20150617 07:40 10.375
20150617 07:50 10.625
20150617 08:00 10.875
20150617 08:10 11.625
20150617 08:20 12.25
20150617 08:30 12.25
20150617 08:40 12.75
20150617 08:50 13
20150617 09:00 13.5
20150617 09:10 14
20150617 09:20 14
20150617 09:30 14
20150617 09:40 15.125
20150617 09:50 15.625
20150617 10:00 15.25
20150617 10:10 15.375
20150617 10:20 16
20150617 10:30 16.125
20150617 10:40 16.25
20150617 10:50 16.5
20150617 11:00 16.5
20150617 11:10 15.875
20150617 11:20 16.75
20150617 11:30 17.625
20150617 11:40 17.5
20150617 11:50 17.5
20150617 12:00 17.75
20150617 12:10 18.25
20150617 12:20 18.625
20150617 12:30 18.75
20150617 12:40 19.75
20150617 12:50 20.125
20150617 13:00 18.75
20150617 13:10 18.75
20150617 13:20 20
20150617 13:30 19.125
20150617 13:40 19.625
20150617 13:50 19.625
20150617 14:00 20
20150617 14:10 20.25
20150617 14:20 19.5
20150617 14:30 20
20150617 14:40 21
20150617 14:50 20.5
20150617 15:00 20.875
20150617 15:10 20.875
20150617 15:20 21.5
20150617 15:30 20.625
20150617 15:40 20.875
20150617 15:50 20.75
20150617 16:00 20.75
20150617 16:10 20.375
20150617 16:20 20.5
20150617 16:30 19.75
20150617 16:40 19.625
20150617 16:50 19.75
20150617 17:00 19.625
20150617 17:10 19.5
20150617 17:20 19.75
20150617 17:30 19.875
20150617 17:40 19.5
20150617 17:50 19.5
20150617 18:00 19.5
20150617 18:10 19.125
20150617 18:20 19
20150617 18:30 18.625
20150617 18:40 18.375
20150617 18:50 18.25
20150617 19:00 18.125
20150617 19:10 17.875
20150617 19:20 17.625
20150617 19:30 17.25
20150617 19:40 16.75
20150617 19:50 16.375
20150617 20:00 16
20150617 20:10 15.75
20150617 20:20 15.625
20150617 20:30 15.5
20150617 20:40 15.375
20150617 20:50 15.125
20150617 21:00 15.125
20150617 21:10 14.875
20150617 21:20 14.875
20150617 21:30 14.75
20150617 21:40 14.625
20150617 21:50 14.5
20150617 22:00 14.5
20150617 22:10 14.375
20150617 22:20 14.375
20150617 22:30 14.25
20150617 22:40 14.125
20150617 22:50 14
20150617 23:00 13.875
20150617 23:10 13.875
20150617 23:20 13.75
20150617 23:30 13.75
20150617 23:40 13.625
20150617 23:50 13.625
