YYYYMMDD HH:MM measured temperature
20151118 00:00 13.75
20151118 00:10 13.875
20151118 00:20 13.75
20151118 00:30 13.75
20151118 00:40 13.75
20151118 00:50 13.5
20151118 01:00 13.5
20151118 01:10 13.375
20151118 01:20 12.875
20151118 01:30 12
20151118 01:40 11.75
20151118 01:50 11.375
20151118 02:00 11.25
20151118 02:10 11.625
20151118 02:20 11.75
20151118 02:30 11.625
20151118 02:40 11.625
20151118 02:50 11.625
20151118 03:00 11.75
20151118 03:10 11.375
20151118 03:20 10.875
20151118 03:30 10.875
20151118 03:40 10.5
20151118 03:50 10.5
20151118 04:00 10.5
20151118 04:10 10.625
20151118 04:20 10.625
20151118 04:30 10.625
20151118 04:40 10.625
20151118 04:50 10.625
20151118 05:00 10.5
20151118 05:10 10.625
20151118 05:20 10.625
20151118 05:30 10.75
20151118 05:40 10.625
20151118 05:50 10.625
20151118 06:00 10.5
20151118 06:10 10.625
20151118 06:20 10.875
20151118 06:30 11.125
20151118 06:40 11.25
20151118 06:50 11.375
20151118 07:00 11.125
20151118 07:10 10.875
20151118 07:20 10.875
20151118 07:30 10.75
20151118 07:40 10.5
20151118 07:50 10.25
20151118 08:00 9.875
20151118 08:10 10.125
20151118 08:20 10.125
20151118 08:30 9.875
20151118 08:40 9.75
20151118 08:50 10
20151118 09:00 10.125
20151118 09:10 10
20151118 09:20 10.25
20151118 09:30 10.125
20151118 09:40 9.75
20151118 09:50 9.625
20151118 10:00 9.5
20151118 10:10 9.5
20151118 10:20 10
20151118 10:30 9.875
20151118 10:40 9.875
20151118 10:50 10
20151118 11:00 10.5
20151118 11:10 10.5
20151118 11:20 10.375
20151118 11:30 10.5
20151118 11:40 10.625
20151118 11:50 10.625
20151118 12:00 10.625
20151118 12:10 11.25
20151118 12:20 11.25
20151118 12:30 11.75
20151118 12:40 11.5
20151118 12:50 12
20151118 13:00 11.5
20151118 13:10 11.125
20151118 13:20 10.875
20151118 13:30 10.75
20151118 13:40 11.125
20151118 13:50 11.625
20151118 14:00 11.25
20151118 14:10 10.875
20151118 14:20 10.875
20151118 14:30 11
20151118 14:40 11
20151118 14:50 11
20151118 15:00 11
20151118 15:10 10.625
20151118 15:20 10.75
20151118 15:30 10.75
20151118 15:40 10.75
20151118 15:50 10.875
20151118 16:00 10.75
20151118 16:10 10.75
20151118 16:20 10.875
20151118 16:30 11
20151118 16:40 10.75
20151118 16:50 11
20151118 17:00 11
20151118 17:10 11
20151118 17:20 11
20151118 17:30 11
20151118 17:40 11
20151118 17:50 11.25
20151118 18:00 11.375
20151118 18:10 11.375
20151118 18:20 11.625
20151118 18:30 11.75
20151118 18:40 11.75
20151118 18:50 11.75
20151118 19:00 12
20151118 19:10 12.125
20151118 19:20 12
20151118 19:30 12.125
20151118 19:40 12.125
20151118 19:50 12.25
20151118 20:00 11.75
20151118 20:10 11.875
20151118 20:20 11.75
20151118 20:30 11.5
20151118 20:40 11.5
20151118 20:50 11.75
20151118 21:00 11.625
20151118 21:10 11.75
20151118 21:20 11.125
20151118 21:30 10.625
20151118 21:40 10.5
20151118 21:50 10.25
20151118 22:00 10.25
20151118 22:10 10.125
20151118 22:20 10.25
20151118 22:30 10.5
20151118 22:40 10.625
20151118 22:50 10.5
20151118 23:00 10.875
20151118 23:10 10.875
20151118 23:20 10.875
20151118 23:30 10.75
20151118 23:40 10.875
20151118 23:50 10.875
