YYYYMMDD HH:MM measured temperature
20150402 00:00 1.875
20150402 00:10 1.875
20150402 00:20 1.875
20150402 00:30 1.875
20150402 00:40 1.875
20150402 00:50 1.875
20150402 01:00 1.875
20150402 01:10 1.875
20150402 01:20 2
20150402 01:30 2
20150402 01:40 2.125
20150402 01:50 2.125
20150402 02:00 2.25
20150402 02:10 2.25
20150402 02:20 2.125
20150402 02:30 2.125
20150402 02:40 2.125
20150402 02:50 2.125
20150402 03:00 2.125
20150402 03:10 2.125
20150402 03:20 2.25
20150402 03:30 2.375
20150402 03:40 2.5
20150402 03:50 2.5
20150402 04:00 2.625
20150402 04:10 2.625
20150402 04:20 2.625
20150402 04:30 2.75
20150402 04:40 2.625
20150402 04:50 2.625
20150402 05:00 2.5
20150402 05:10 2.25
20150402 05:20 2.125
20150402 05:30 1.875
20150402 05:40 2
20150402 05:50 2
20150402 06:00 2.125
20150402 06:10 2.25
20150402 06:20 2.25
20150402 06:30 2.125
20150402 06:40 1.875
20150402 06:50 2
20150402 07:00 1.875
20150402 07:10 2
20150402 07:20 2.125
20150402 07:30 2.125
20150402 07:40 2.125
20150402 07:50 2
20150402 08:00 2.25
20150402 08:10 2.375
20150402 08:20 2.375
20150402 08:30 2.75
20150402 08:40 2.875
20150402 08:50 3
20150402 09:00 3.25
20150402 09:10 3.875
20150402 09:20 3.875
20150402 09:30 3.875
20150402 09:40 4
20150402 09:50 4
20150402 10:00 4
20150402 10:10 4.375
20150402 10:20 5.25
20150402 10:30 4
20150402 10:40 3.5
20150402 10:50 3.5
20150402 11:00 3
20150402 11:10 2.75
20150402 11:20 3.75
20150402 11:30 3.5
20150402 11:40 3.125
20150402 11:50 2.625
20150402 12:00 2.875
20150402 12:10 3.25
20150402 12:20 4
20150402 12:30 5.875
20150402 12:40 7.125
20150402 12:50 3.875
20150402 13:00 4.5
20150402 13:10 6.875
20150402 13:20 5.125
20150402 13:30 5.25
20150402 13:40 8.5
20150402 13:50 5.875
20150402 14:00 4.625
20150402 14:10 5.625
20150402 14:20 5.375
20150402 14:30 7.125
20150402 14:40 8.375
20150402 14:50 6.5
20150402 15:00 4.75
20150402 15:10 8
20150402 15:20 8.5
20150402 15:30 6.875
20150402 15:40 6.625
20150402 15:50 7.125
20150402 16:00 6
20150402 16:10 7.25
20150402 16:20 7
20150402 16:30 3.25
20150402 16:40 5.125
20150402 16:50 6.25
20150402 17:00 5.625
20150402 17:10 6.25
20150402 17:20 6.375
20150402 17:30 6.5
20150402 17:40 6.125
20150402 17:50 6.5
20150402 18:00 6.625
20150402 18:10 5.875
20150402 18:20 6
20150402 18:30 6
20150402 18:40 5.75
20150402 18:50 5.625
20150402 19:00 5.25
20150402 19:10 5.25
20150402 19:20 5.25
20150402 19:30 5.375
20150402 19:40 5.125
20150402 19:50 5.125
20150402 20:00 4.875
20150402 20:10 4.75
20150402 20:20 4.75
20150402 20:30 4.5
20150402 20:40 4.5
20150402 20:50 4.5
20150402 21:00 4.375
20150402 21:10 4.5
20150402 21:20 4.375
20150402 21:30 4.25
20150402 21:40 4.25
20150402 21:50 4.5
20150402 22:00 4.25
20150402 22:10 4
20150402 22:20 3.75
20150402 22:30 3.625
20150402 22:40 3.375
20150402 22:50 3.125
20150402 23:00 3.125
20150402 23:10 3.125
20150402 23:20 2.875
20150402 23:30 2.875
20150402 23:40 3
20150402 23:50 3.125
