YYYYMMDD HH:MM measured temperature
20150222 00:00 2.125
20150222 00:10 2.375
20150222 00:20 2.25
20150222 00:30 2.25
20150222 00:40 2.5
20150222 00:50 2.5
20150222 01:00 2.5
20150222 01:10 2.5
20150222 01:20 2.375
20150222 01:30 2.5
20150222 01:40 2.5
20150222 01:50 2.5
20150222 02:00 2.5
20150222 02:10 2.5
20150222 02:20 2.5
20150222 02:30 2.5
20150222 02:40 2.5
20150222 02:50 2.375
20150222 03:00 2.375
20150222 03:10 2.25
20150222 03:20 2.25
20150222 03:30 2.25
20150222 03:40 2.125
20150222 03:50 2.25
20150222 04:00 2.25
20150222 04:10 2.25
20150222 04:20 2.25
20150222 04:30 2.25
20150222 04:40 2.25
20150222 04:50 2.25
20150222 05:00 2.25
20150222 05:10 2.125
20150222 05:20 2.125
20150222 05:30 2.125
20150222 05:40 2
20150222 05:50 2
20150222 06:00 2
20150222 06:10 2
20150222 06:20 2
20150222 06:30 1.875
20150222 06:40 1.875
20150222 06:50 1.75
20150222 07:00 1.625
20150222 07:10 1.5
20150222 07:20 1.625
20150222 07:30 1.5
20150222 07:40 1.375
20150222 07:50 1.25
20150222 08:00 1.25
20150222 08:10 1.375
20150222 08:20 1.5
20150222 08:30 1.375
20150222 08:40 1.5
20150222 08:50 1.5
20150222 09:00 1.625
20150222 09:10 1.75
20150222 09:20 1.75
20150222 09:30 2
20150222 09:40 2.125
20150222 09:50 2.5
20150222 10:00 2.375
20150222 10:10 2.125
20150222 10:20 2.5
20150222 10:30 3.75
20150222 10:40 3.375
20150222 10:50 4
20150222 11:00 4
20150222 11:10 4.125
20150222 11:20 4
20150222 11:30 4
20150222 11:40 5.5
20150222 11:50 5.125
20150222 12:00 5.625
20150222 12:10 5.5
20150222 12:20 7.625
20150222 12:30 5.5
20150222 12:40 7.25
20150222 12:50 5.375
20150222 13:00 6
20150222 13:10 9.125
20150222 13:20 7.5
20150222 13:30 6
20150222 13:40 5.5
20150222 13:50 5.375
20150222 14:00 8.625
20150222 14:10 8.375
20150222 14:20 9.375
20150222 14:30 9.875
20150222 14:40 6.75
20150222 14:50 6.125
20150222 15:00 7.75
20150222 15:10 7.375
20150222 15:20 8.625
20150222 15:30 7.75
20150222 15:40 7.875
20150222 15:50 6.5
20150222 16:00 7
20150222 16:10 6.875
20150222 16:20 6.5
20150222 16:30 6.5
20150222 16:40 6.5
20150222 16:50 5.875
20150222 17:00 5.5
20150222 17:10 5.125
20150222 17:20 5
20150222 17:30 4.625
20150222 17:40 4.5
20150222 17:50 4.25
20150222 18:00 4.25
20150222 18:10 3.875
20150222 18:20 3.75
20150222 18:30 3.625
20150222 18:40 3.5
20150222 18:50 3.375
20150222 19:00 3.25
20150222 19:10 3.125
20150222 19:20 3
20150222 19:30 2.875
20150222 19:40 2.75
20150222 19:50 2.625
20150222 20:00 2.5
20150222 20:10 2.5
20150222 20:20 2.375
20150222 20:30 2.25
20150222 20:40 2.125
20150222 20:50 2.25
20150222 21:00 2.125
20150222 21:10 2.25
20150222 21:20 2.25
20150222 21:30 2.25
20150222 21:40 2.25
20150222 21:50 2.375
20150222 22:00 2.25
20150222 22:10 2.375
20150222 22:20 2.375
20150222 22:30 2.5
20150222 22:40 2.5
20150222 22:50 2.75
20150222 23:00 2.875
20150222 23:10 2.875
20150222 23:20 2.875
20150222 23:30 3
20150222 23:40 3.25
20150222 23:50 3.375
