YYYYMMDD HH:MM measured temperature
20150519 00:00 11.75
20150519 00:10 11.75
20150519 00:20 11.5
20150519 00:30 11.5
20150519 00:40 11.375
20150519 00:50 11.25
20150519 01:00 11.375
20150519 01:10 11.375
20150519 01:20 11.375
20150519 01:30 11.25
20150519 01:40 11.25
20150519 01:50 11.125
20150519 02:00 11
20150519 02:10 10.75
20150519 02:20 10.625
20150519 02:30 10.375
20150519 02:40 10.25
20150519 02:50 10
20150519 03:00 9.75
20150519 03:10 9.625
20150519 03:20 9.625
20150519 03:30 9.5
20150519 03:40 9.375
20150519 03:50 9.25
20150519 04:00 9.25
20150519 04:10 9.125
20150519 04:20 8.75
20150519 04:30 8.5
20150519 04:40 8.75
20150519 04:50 8.625
20150519 05:00 8.375
20150519 05:10 8.125
20150519 05:20 8
20150519 05:30 8
20150519 05:40 8
20150519 05:50 7.75
20150519 06:00 7.75
20150519 06:10 8
20150519 06:20 8.625
20150519 06:30 8.875
20150519 06:40 9.125
20150519 06:50 9.25
20150519 07:00 9.5
20150519 07:10 9.625
20150519 07:20 10
20150519 07:30 10.25
20150519 07:40 10.125
20150519 07:50 9.875
20150519 08:00 10.125
20150519 08:10 10.625
20150519 08:20 11.375
20150519 08:30 10.625
20150519 08:40 10.875
20150519 08:50 11.5
20150519 09:00 10.75
20150519 09:10 10.125
20150519 09:20 10.875
20150519 09:30 10.5
20150519 09:40 10
20150519 09:50 10.375
20150519 10:00 11.5
20150519 10:10 13.25
20150519 10:20 12.375
20150519 10:30 13.5
20150519 10:40 13.125
20150519 10:50 12.75
20150519 11:00 13.25
20150519 11:10 12.875
20150519 11:20 11.625
20150519 11:30 11.875
20150519 11:40 11.875
20150519 11:50 13
20150519 12:00 13.75
20150519 12:10 13.25
20150519 12:20 14.25
20150519 12:30 14
20150519 12:40 13.25
20150519 12:50 14.5
20150519 13:00 15.375
20150519 13:10 15.125
20150519 13:20 15
20150519 13:30 16.125
20150519 13:40 15.875
20150519 13:50 16
20150519 14:00 14.875
20150519 14:10 14.5
20150519 14:20 15.375
20150519 14:30 14.75
20150519 14:40 15.5
20150519 14:50 15.25
20150519 15:00 15.625
20150519 15:10 15
20150519 15:20 16.5
20150519 15:30 15.25
20150519 15:40 14.625
20150519 15:50 15.375
20150519 16:00 14.75
20150519 16:10 14.625
20150519 16:20 12.25
20150519 16:30 9.5
20150519 16:40 9.25
20150519 16:50 9.5
20150519 17:00 9.375
20150519 17:10 11
20150519 17:20 11.25
20150519 17:30 11.5
20150519 17:40 11.125
20150519 17:50 11.375
20150519 18:00 11.5
20150519 18:10 11.75
20150519 18:20 11.375
20150519 18:30 12.375
20150519 18:40 12.375
20150519 18:50 12.375
20150519 19:00 11.75
20150519 19:10 11.5
20150519 19:20 12.125
20150519 19:30 12.625
20150519 19:40 12.125
20150519 19:50 11.5
20150519 20:00 11.5
20150519 20:10 11.5
20150519 20:20 11.75
20150519 20:30 11.375
20150519 20:40 11.5
20150519 20:50 11.25
20150519 21:00 10.875
20150519 21:10 10.5
20150519 21:20 10.5
20150519 21:30 10.125
20150519 21:40 9.625
20150519 21:50 9.5
20150519 22:00 9.125
20150519 22:10 8.25
20150519 22:20 8.5
20150519 22:30 7.75
20150519 22:40 7.75
20150519 22:50 8.375
20150519 23:00 8.625
20150519 23:10 8.375
20150519 23:20 7.625
20150519 23:30 7.25
20150519 23:40 6.75
20150519 23:50 6.5
