YYYYMMDD HH:MM measured temperature
20150520 00:00 6.5
20150520 00:10 6.125
20150520 00:20 6
20150520 00:30 5.875
20150520 00:40 6.5
20150520 00:50 6.625
20150520 01:00 6
20150520 01:10 6.25
20150520 01:20 6.75
20150520 01:30 7.25
20150520 01:40 7.125
20150520 01:50 7.75
20150520 02:00 7.625
20150520 02:10 7.5
20150520 02:20 6.875
20150520 02:30 6.375
20150520 02:40 6.875
20150520 02:50 7.125
20150520 03:00 7.25
20150520 03:10 7.25
20150520 03:20 7.375
20150520 03:30 7.625
20150520 03:40 7.625
20150520 03:50 7.75
20150520 04:00 7.875
20150520 04:10 7.625
20150520 04:20 7.375
20150520 04:30 7.125
20150520 04:40 7
20150520 04:50 6.75
20150520 05:00 6.5
20150520 05:10 6.25
20150520 05:20 5.875
20150520 05:30 5.625
20150520 05:40 6.125
20150520 05:50 5.875
20150520 06:00 6.125
20150520 06:10 6
20150520 06:20 6.125
20150520 06:30 6.5
20150520 06:40 6.625
20150520 06:50 6.875
20150520 07:00 7.125
20150520 07:10 7.375
20150520 07:20 7.625
20150520 07:30 7.875
20150520 07:40 8.25
20150520 07:50 8.5
20150520 08:00 8.875
20150520 08:10 9.375
20150520 08:20 9.875
20150520 08:30 10.25
20150520 08:40 10.625
20150520 08:50 11
20150520 09:00 11
20150520 09:10 11
20150520 09:20 11.5
20150520 09:30 11.875
20150520 09:40 12
20150520 09:50 12.375
20150520 10:00 12
20150520 10:10 11.5
20150520 10:20 13
20150520 10:30 12.75
20150520 10:40 12.625
20150520 10:50 13
20150520 11:00 14.25
20150520 11:10 13.375
20150520 11:20 13.625
20150520 11:30 13.25
20150520 11:40 12.875
20150520 11:50 13.75
20150520 12:00 12.75
20150520 12:10 12.125
20150520 12:20 13.625
20150520 12:30 12.5
20150520 12:40 14.75
20150520 12:50 15
20150520 13:00 12.25
20150520 13:10 11.625
20150520 13:20 11.875
20150520 13:30 12.75
20150520 13:40 12
20150520 13:50 12.875
20150520 14:00 14
20150520 14:10 16.625
20150520 14:20 14.5
20150520 14:30 12.5
20150520 14:40 12.75
20150520 14:50 15
20150520 15:00 14.25
20150520 15:10 15.5
20150520 15:20 14
20150520 15:30 12.875
20150520 15:40 12
20150520 15:50 12.375
20150520 16:00 13
20150520 16:10 14.375
20150520 16:20 13.375
20150520 16:30 14.125
20150520 16:40 13.625
20150520 16:50 13.5
20150520 17:00 13.625
20150520 17:10 14.125
20150520 17:20 13.5
20150520 17:30 13.125
20150520 17:40 12.875
20150520 17:50 12.375
20150520 18:00 12.375
20150520 18:10 13
20150520 18:20 12.625
20150520 18:30 12.875
20150520 18:40 12.75
20150520 18:50 12.75
20150520 19:00 12.625
20150520 19:10 12
20150520 19:20 11.875
20150520 19:30 11.625
20150520 19:40 11.25
20150520 19:50 11
20150520 20:00 11.125
20150520 20:10 11.125
20150520 20:20 10.875
20150520 20:30 10.625
20150520 20:40 10.5
20150520 20:50 10.375
20150520 21:00 10.25
20150520 21:10 9.75
20150520 21:20 9.375
20150520 21:30 9.125
20150520 21:40 8.625
20150520 21:50 8.375
20150520 22:00 7.75
20150520 22:10 7.25
20150520 22:20 7
20150520 22:30 6.75
20150520 22:40 6.625
20150520 22:50 6.375
20150520 23:00 6.375
20150520 23:10 6.25
20150520 23:20 6.375
20150520 23:30 6.25
20150520 23:40 6
20150520 23:50 5.75
