YYYYMMDD HH:MM measured temperature
20151224 00:00 5.625
20151224 00:10 5.5
20151224 00:20 5.625
20151224 00:30 5.625
20151224 00:40 5.625
20151224 00:50 5.625
20151224 01:00 5.625
20151224 01:10 5.625
20151224 01:20 5.625
20151224 01:30 5.625
20151224 01:40 5.75
20151224 01:50 5.75
20151224 02:00 5.625
20151224 02:10 5.5
20151224 02:20 5.625
20151224 02:30 5.75
20151224 02:40 5.5
20151224 02:50 5.625
20151224 03:00 5.875
20151224 03:10 6
20151224 03:20 6
20151224 03:30 6
20151224 03:40 5.875
20151224 03:50 5.75
20151224 04:00 5.5
20151224 04:10 5.5
20151224 04:20 5.375
20151224 04:30 5.5
20151224 04:40 5.375
20151224 04:50 5.375
20151224 05:00 5.25
20151224 05:10 5.25
20151224 05:20 5.25
20151224 05:30 5.5
20151224 05:40 5.5
20151224 05:50 5.625
20151224 06:00 5.5
20151224 06:10 5.625
20151224 06:20 5.5
20151224 06:30 5.5
20151224 06:40 5.5
20151224 06:50 5.375
20151224 07:00 5.25
20151224 07:10 5.125
20151224 07:20 5.125
20151224 07:30 5.125
20151224 07:40 5
20151224 07:50 4.875
20151224 08:00 4.875
20151224 08:10 4.875
20151224 08:20 4.75
20151224 08:30 4.625
20151224 08:40 4.75
20151224 08:50 4.625
20151224 09:00 4.75
20151224 09:10 4.875
20151224 09:20 5.125
20151224 09:30 5.5
20151224 09:40 5.375
20151224 09:50 5.75
20151224 10:00 6.25
20151224 10:10 6.25
20151224 10:20 6.375
20151224 10:30 6.625
20151224 10:40 6.75
20151224 10:50 7
20151224 11:00 7.25
20151224 11:10 8.125
20151224 11:20 8.25
20151224 11:30 8.375
20151224 11:40 8.5
20151224 11:50 8.75
20151224 12:00 9.375
20151224 12:10 9.875
20151224 12:20 10
20151224 12:30 10.125
20151224 12:40 10.125
20151224 12:50 10.375
20151224 13:00 10.375
20151224 13:10 10.375
20151224 13:20 10.5
20151224 13:30 10.75
20151224 13:40 10.75
20151224 13:50 10.75
20151224 14:00 10.75
20151224 14:10 10.75
20151224 14:20 10.625
20151224 14:30 10.5
20151224 14:40 10.75
20151224 14:50 10.625
20151224 15:00 10.5
20151224 15:10 10.375
20151224 15:20 10.5
20151224 15:30 10.5
20151224 15:40 10.5
20151224 15:50 10.5
20151224 16:00 10.625
20151224 16:10 10.5
20151224 16:20 10.5
20151224 16:30 10.375
20151224 16:40 10.25
20151224 16:50 10.5
20151224 17:00 10.5
20151224 17:10 11
20151224 17:20 11.125
20151224 17:30 11.25
20151224 17:40 11.125
20151224 17:50 11.125
20151224 18:00 11
20151224 18:10 11.125
20151224 18:20 11.125
20151224 18:30 11.375
20151224 18:40 11.5
20151224 18:50 11.375
20151224 19:00 11.25
20151224 19:10 11.125
20151224 19:20 11.125
20151224 19:30 11.125
20151224 19:40 11.125
20151224 19:50 11.25
20151224 20:00 11.25
20151224 20:10 11.25
20151224 20:20 11
20151224 20:30 11.5
20151224 20:40 11.625
20151224 20:50 11.375
20151224 21:00 11.25
20151224 21:10 11.125
20151224 21:20 10.75
20151224 21:30 10.625
20151224 21:40 10.375
20151224 21:50 10.5
20151224 22:00 10.625
20151224 22:10 10.75
20151224 22:20 10.375
20151224 22:30 9.75
20151224 22:40 9.5
20151224 22:50 9.5
20151224 23:00 9.75
20151224 23:10 9.75
20151224 23:20 9.875
20151224 23:30 9.625
20151224 23:40 9.625
20151224 23:50 9.375
