YYYYMMDD HH:MM measured temperature
20150827 00:00 20.875
20150827 00:10 20.625
20150827 00:20 20.375
20150827 00:30 20.375
20150827 00:40 20.5
20150827 00:50 20.5
20150827 01:00 20.375
20150827 01:10 20.375
20150827 01:20 20.25
20150827 01:30 20
20150827 01:40 20
20150827 01:50 20.125
20150827 02:00 19.75
20150827 02:10 19.875
20150827 02:20 19.5
20150827 02:30 19.375
20150827 02:40 19
20150827 02:50 18.625
20150827 03:00 18.375
20150827 03:10 18.25
20150827 03:20 18
20150827 03:30 17.625
20150827 03:40 17.5
20150827 03:50 17.5
20150827 04:00 18
20150827 04:10 18
20150827 04:20 18.25
20150827 04:30 18
20150827 04:40 18
20150827 04:50 17.875
20150827 05:00 17.625
20150827 05:10 18
20150827 05:20 18
20150827 05:30 18.125
20150827 05:40 18.25
20150827 05:50 18.125
20150827 06:00 18.375
20150827 06:10 18.5
20150827 06:20 18.375
20150827 06:30 18.375
20150827 06:40 18.375
20150827 06:50 18.25
20150827 07:00 18
20150827 07:10 18
20150827 07:20 17.75
20150827 07:30 17.75
20150827 07:40 17.75
20150827 07:50 17.75
20150827 08:00 17.75
20150827 08:10 17.75
20150827 08:20 17.875
20150827 08:30 18
20150827 08:40 18
20150827 08:50 18.25
20150827 09:00 18.5
20150827 09:10 18.625
20150827 09:20 19
20150827 09:30 19.25
20150827 09:40 19.375
20150827 09:50 19.5
20150827 10:00 19.625
20150827 10:10 19.75
20150827 10:20 19.625
20150827 10:30 19.75
20150827 10:40 19.75
20150827 10:50 19.5
20150827 11:00 19.875
20150827 11:10 19.5
20150827 11:20 19.5
20150827 11:30 19.5
20150827 11:40 19.625
20150827 11:50 20.125
20150827 12:00 20.125
20150827 12:10 20.25
20150827 12:20 20.25
20150827 12:30 20.25
20150827 12:40 19.875
20150827 12:50 20
20150827 13:00 20.125
20150827 13:10 20.125
20150827 13:20 20
20150827 13:30 19.875
20150827 13:40 19.75
20150827 13:50 19.375
20150827 14:00 18.75
20150827 14:10 18.5
20150827 14:20 18.375
20150827 14:30 18.25
20150827 14:40 17.625
20150827 14:50 17.125
20150827 15:00 17.25
20150827 15:10 17.25
20150827 15:20 17
20150827 15:30 17.25
20150827 15:40 17.625
20150827 15:50 17.625
20150827 16:00 17.5
20150827 16:10 17.625
20150827 16:20 17.25
20150827 16:30 16.5
20150827 16:40 15.375
20150827 16:50 15.625
20150827 17:00 16.25
20150827 17:10 15.875
20150827 17:20 15.875
20150827 17:30 15.875
20150827 17:40 16
20150827 17:50 15.75
20150827 18:00 15.5
20150827 18:10 14.75
20150827 18:20 14.125
20150827 18:30 14
20150827 18:40 14
20150827 18:50 14
20150827 19:00 14
20150827 19:10 14
20150827 19:20 14
20150827 19:30 13.875
20150827 19:40 13.625
20150827 19:50 13.5
20150827 20:00 13.375
20150827 20:10 13.5
20150827 20:20 13.5
20150827 20:30 13.75
20150827 20:40 13.5
20150827 20:50 13.625
20150827 21:00 13.5
20150827 21:10 13.5
20150827 21:20 13.5
20150827 21:30 13.625
20150827 21:40 13.5
20150827 21:50 13.375
20150827 22:00 13.375
20150827 22:10 13.5
20150827 22:20 13.5
20150827 22:30 13.5
20150827 22:40 13.625
20150827 22:50 13.625
20150827 23:00 13.625
20150827 23:10 13.625
20150827 23:20 13.625
20150827 23:30 13.5
20150827 23:40 13.5
20150827 23:50 13.375
