YYYYMMDD HH:MM measured temperature
20150903 00:00 11.5
20150903 00:10 10.375
20150903 00:20 10.125
20150903 00:30 10
20150903 00:40 10.375
20150903 00:50 10.125
20150903 01:00 9.875
20150903 01:10 9.75
20150903 01:20 9.5
20150903 01:30 9.375
20150903 01:40 9.125
20150903 01:50 9.25
20150903 02:00 9
20150903 02:10 8.875
20150903 02:20 8.875
20150903 02:30 8.75
20150903 02:40 8.75
20150903 02:50 8.5
20150903 03:00 8.5
20150903 03:10 8.375
20150903 03:20 8.375
20150903 03:30 8.5
20150903 03:40 8.375
20150903 03:50 8.25
20150903 04:00 8.375
20150903 04:10 8.25
20150903 04:20 8.375
20150903 04:30 8.5625
20150903 04:40 8.625
20150903 04:50 8.375
20150903 05:00 8.375
20150903 05:10 8.25
20150903 05:20 8.25
20150903 05:30 8.25
20150903 05:40 8.125
20150903 05:50 8.75
20150903 06:00 8.75
20150903 06:10 8.75
20150903 06:20 8.875
20150903 06:30 8.625
20150903 06:40 9.0625
20150903 06:50 9.375
20150903 07:00 9.75
20150903 07:10 9.875
20150903 07:20 10
20150903 07:30 10.25
20150903 07:40 10.25
20150903 07:50 10.5
20150903 08:00 10.625
20150903 08:10 10.875
20150903 08:20 11.125
20150903 08:30 11.5
20150903 08:40 11.625
20150903 08:50 11.75
20150903 09:00 12
20150903 09:10 12.625
20150903 09:20 12.625
20150903 09:30 12.375
20150903 09:40 13.25
20150903 09:50 13.75
20150903 10:00 14.125
20150903 10:10 14.375
20150903 10:20 14.25
20150903 10:30 14.75
20150903 10:40 14.625
20150903 10:50 14.875
20150903 11:00 15.25
20150903 11:10 16.125
20150903 11:20 16
20150903 11:30 16.375
20150903 11:40 16.5
20150903 11:50 17.375
20150903 12:00 17.125
20150903 12:10 17.375
20150903 12:20 17.75
20150903 12:30 16.75
20150903 12:40 16.875
20150903 12:50 16
20150903 13:00 17.75
20150903 13:10 18.5
20150903 13:20 18.5
20150903 13:30 19.125
20150903 13:40 20
20150903 13:50 19
20150903 14:00 18.875
20150903 14:10 17.625
20150903 14:20 19.5
20150903 14:30 18.125
20150903 14:40 20
20150903 14:50 20.25
20150903 15:00 20.125
20150903 15:10 18.625
20150903 15:20 18.25
20150903 15:30 17.625
20150903 15:40 17.375
20150903 15:50 19.625
20150903 16:00 19.625
20150903 16:10 19.25
20150903 16:20 19.75
20150903 16:30 18.625
20150903 16:40 20.125
20150903 16:50 19.875
20150903 17:00 19
20150903 17:10 18
20150903 17:20 18.875
20150903 17:30 17.75
20150903 17:40 18.875
20150903 17:50 18.625
20150903 18:00 18.375
20150903 18:10 17.625
20150903 18:20 17.625
20150903 18:30 17.5
20150903 18:40 17.25
20150903 18:50 16.75
20150903 19:00 15.875
20150903 19:10 14
20150903 19:20 13.75
20150903 19:30 13.25
20150903 19:40 13.125
20150903 19:50 13
20150903 20:00 12
20150903 20:10 11.625
20150903 20:20 11.375
20150903 20:30 11.125
20150903 20:40 11
20150903 20:50 10.75
20150903 21:00 10.625
20150903 21:10 10.5
20150903 21:20 10.375
20150903 21:30 10.25
20150903 21:40 10.125
20150903 21:50 10.125
20150903 22:00 10.125
20150903 22:10 10
20150903 22:20 10
20150903 22:30 10
20150903 22:40 9.875
20150903 22:50 9.75
20150903 23:00 9.625
20150903 23:10 9.625
20150903 23:20 9.5
20150903 23:30 9.75
20150903 23:40 9.5
20150903 23:50 8.9375
