YYYYMMDD HH:MM measured temperature
20150531 00:00 6.75
20150531 00:10 6.625
20150531 00:20 6.375
20150531 00:30 6.25
20150531 00:40 6
20150531 00:50 6.875
20150531 01:00 7.125
20150531 01:10 7
20150531 01:20 6.625
20150531 01:30 6.75
20150531 01:40 6.75
20150531 01:50 6.625
20150531 02:00 6.5
20150531 02:10 6.5
20150531 02:20 6.375
20150531 02:30 6.375
20150531 02:40 6.25
20150531 02:50 6.25
20150531 03:00 6.125
20150531 03:10 6
20150531 03:20 5.25
20150531 03:30 4.75
20150531 03:40 4.375
20150531 03:50 4.375
20150531 04:00 4.5
20150531 04:10 4.5
20150531 04:20 4.375
20150531 04:30 4.75
20150531 04:40 5.375
20150531 04:50 5.625
20150531 05:00 5.75
20150531 05:10 5.625
20150531 05:20 6.125
20150531 05:30 6.25
20150531 05:40 6.375
20150531 05:50 6.5
20150531 06:00 6.625
20150531 06:10 6.875
20150531 06:20 7.125
20150531 06:30 7.25
20150531 06:40 7.375
20150531 06:50 7.625
20150531 07:00 7.875
20150531 07:10 7.875
20150531 07:20 8.125
20150531 07:30 8.5
20150531 07:40 9
20150531 07:50 9
20150531 08:00 9.375
20150531 08:10 10
20150531 08:20 10.25
20150531 08:30 10.75
20150531 08:40 11.125
20150531 08:50 12
20150531 09:00 12.125
20150531 09:10 13
20150531 09:20 13.125
20150531 09:30 14.125
20150531 09:40 13.375
20150531 09:50 13.625
20150531 10:00 14.25
20150531 10:10 14.75
20150531 10:20 14.75
20150531 10:30 15.625
20150531 10:40 15.875
20150531 10:50 16.375
20150531 11:00 16.25
20150531 11:10 17
20150531 11:20 16.25
20150531 11:30 16.375
20150531 11:40 15.625
20150531 11:50 15.375
20150531 12:00 15.375
20150531 12:10 14.75
20150531 12:20 15
20150531 12:30 15.375
20150531 12:40 15.875
20150531 12:50 15.625
20150531 13:00 15.375
20150531 13:10 15.125
20150531 13:20 14.875
20150531 13:30 14.875
20150531 13:40 15.75
20150531 13:50 16.75
20150531 14:00 16.75
20150531 14:10 16.875
20150531 14:20 16.625
20150531 14:30 18
20150531 14:40 17.625
20150531 14:50 18.125
20150531 15:00 17.75
20150531 15:10 17.375
20150531 15:20 17.625
20150531 15:30 17.875
20150531 15:40 18.375
20150531 15:50 18.375
20150531 16:00 18.625
20150531 16:10 18.375
20150531 16:20 18.25
20150531 16:30 18.25
20150531 16:40 18.25
20150531 16:50 18
20150531 17:00 17.75
20150531 17:10 17.625
20150531 17:20 17.625
20150531 17:30 17.25
20150531 17:40 17.25
20150531 17:50 17.5
20150531 18:00 17.75
20150531 18:10 17.75
20150531 18:20 17.875
20150531 18:30 17.625
20150531 18:40 17.625
20150531 18:50 17
20150531 19:00 16.5
20150531 19:10 16.375
20150531 19:20 16.25
20150531 19:30 15.75
20150531 19:40 15.625
20150531 19:50 15.625
20150531 20:00 15.3125
20150531 20:10 15.5
20150531 20:20 15.5
20150531 20:30 15.5
20150531 20:40 15.5
20150531 20:50 15.5
20150531 21:00 15.375
20150531 21:10 15.25
20150531 21:20 14.875
20150531 21:30 14.75
20150531 21:40 14.75
20150531 21:50 14.625
20150531 22:00 14.625
20150531 22:10 14.625
20150531 22:20 14.625
20150531 22:30 14.625
20150531 22:40 14.75
20150531 22:50 14.875
20150531 23:00 14.875
20150531 23:10 14.875
20150531 23:20 15
20150531 23:30 15
20150531 23:40 15
20150531 23:50 14.875
