YYYYMMDD HH:MM measured temperature
20151201 00:00 4.5
20151201 00:10 4.5
20151201 00:20 4.5
20151201 00:30 4.25
20151201 00:40 4.375
20151201 00:50 4.625
20151201 01:00 4.625
20151201 01:10 4.625
20151201 01:20 4.75
20151201 01:30 4.875
20151201 01:40 4.75
20151201 01:50 4.625
20151201 02:00 4.625
20151201 02:10 4.625
20151201 02:20 4.5
20151201 02:30 4.625
20151201 02:40 4.625
20151201 02:50 4.75
20151201 03:00 5.125
20151201 03:10 5
20151201 03:20 5.125
20151201 03:30 4.75
20151201 03:40 4.25
20151201 03:50 4.375
20151201 04:00 4.625
20151201 04:10 4.875
20151201 04:20 5.125
20151201 04:30 5.125
20151201 04:40 5.125
20151201 04:50 4.875
20151201 05:00 4.875
20151201 05:10 5
20151201 05:20 5.25
20151201 05:30 5.375
20151201 05:40 5.125
20151201 05:50 5.125
20151201 06:00 4.875
20151201 06:10 4.625
20151201 06:20 4.625
20151201 06:30 4.375
20151201 06:40 4.75
20151201 06:50 4.875
20151201 07:00 4.875
20151201 07:10 4.625
20151201 07:20 4.375
20151201 07:30 4.125
20151201 07:40 4.375
20151201 07:50 4.25
20151201 08:00 4
20151201 08:10 3.75
20151201 08:20 4
20151201 08:30 3.875
20151201 08:40 4
20151201 08:50 4.5
20151201 09:00 4.5
20151201 09:10 4.5
20151201 09:20 4.625
20151201 09:30 4.75
20151201 09:40 5.125
20151201 09:50 5.375
20151201 10:00 5.25
20151201 10:10 5.375
20151201 10:20 5.75
20151201 10:30 5.875
20151201 10:40 5.75
20151201 10:50 6
20151201 11:00 6.625
20151201 11:10 6.375
20151201 11:20 6.25
20151201 11:30 6.25
20151201 11:40 6.375
20151201 11:50 6.5
20151201 12:00 6.75
20151201 12:10 7.375
20151201 12:20 7.25
20151201 12:30 7.75
20151201 12:40 7.375
20151201 12:50 7.5
20151201 13:00 7.625
20151201 13:10 7.625
20151201 13:20 7.5
20151201 13:30 7.375
20151201 13:40 7.25
20151201 13:50 7.375
20151201 14:00 7.125
20151201 14:10 7
20151201 14:20 7
20151201 14:30 6.875
20151201 14:40 6.875
20151201 14:50 6.75
20151201 15:00 6.75
20151201 15:10 6.625
20151201 15:20 6.625
20151201 15:30 6.5
20151201 15:40 6.25
20151201 15:50 6.25
20151201 16:00 6
20151201 16:10 6
20151201 16:20 6
20151201 16:30 6
20151201 16:40 6
20151201 16:50 6
20151201 17:00 6
20151201 17:10 6.125
20151201 17:20 6.125
20151201 17:30 6.125
20151201 17:40 6.125
20151201 17:50 6.25
20151201 18:00 6.25
20151201 18:10 6.25
20151201 18:20 6.25
20151201 18:30 6.25
20151201 18:40 6.25
20151201 18:50 6.25
20151201 19:00 6.25
20151201 19:10 6.25
20151201 19:20 6.25
20151201 19:30 6.25
20151201 19:40 6.25
20151201 19:50 6.25
20151201 20:00 6.25
20151201 20:10 6.25
20151201 20:20 6.125
20151201 20:30 6.125
20151201 20:40 6.125
20151201 20:50 6.125
20151201 21:00 6.125
20151201 21:10 6.125
20151201 21:20 6.25
20151201 21:30 6.25
20151201 21:40 6.375
20151201 21:50 6.5
20151201 22:00 6.625
20151201 22:10 6.875
20151201 22:20 7
20151201 22:30 7.375
20151201 22:40 7.625
20151201 22:50 8
20151201 23:00 8.375
20151201 23:10 8.625
20151201 23:20 8.875
20151201 23:30 9.125
20151201 23:40 9.375
20151201 23:50 9.5
