YYYYMMDD HH:MM measured temperature
20150428 00:00 3.5
20150428 00:10 3.25
20150428 00:20 3
20150428 00:30 3
20150428 00:40 2.75
20150428 00:50 2.25
20150428 01:00 2.125
20150428 01:10 1.875
20150428 01:20 1.875
20150428 01:30 1.625
20150428 01:40 1.5
20150428 01:50 1.125
20150428 02:00 1.125
20150428 02:10 0.875
20150428 02:20 0.75
20150428 02:30 0.875
20150428 02:40 0.875
20150428 02:50 0.625
20150428 03:00 0.375
20150428 03:10 0.25
20150428 03:20 0.75
20150428 03:30 0.75
20150428 03:40 0.375
20150428 03:50 0.25
20150428 04:00 0
20150428 04:10 0
20150428 04:20 -0.25
20150428 04:30 -0.25
20150428 04:40 -0.25
20150428 04:50 -0.375
20150428 05:00 -0.375
20150428 05:10 -0.5
20150428 05:20 -0.625
20150428 05:30 -0.625
20150428 05:40 -0.75
20150428 05:50 -0.875
20150428 06:00 -1
20150428 06:10 -0.75
20150428 06:20 -0.75
20150428 06:30 -0.625
20150428 06:40 -0.5
20150428 06:50 -0.125
20150428 07:00 0.125
20150428 07:10 0.5
20150428 07:20 1
20150428 07:30 1.5
20150428 07:40 1.875
20150428 07:50 2.5
20150428 08:00 2.875
20150428 08:10 3.625
20150428 08:20 4.625
20150428 08:30 5.375
20150428 08:40 6.125
20150428 08:50 6.75
20150428 09:00 7.125
20150428 09:10 7.375
20150428 09:20 7.25
20150428 09:30 6.75
20150428 09:40 7.25
20150428 09:50 8.125
20150428 10:00 9.375
20150428 10:10 8.875
20150428 10:20 7.875
20150428 10:30 8
20150428 10:40 8.75
20150428 10:50 9.375
20150428 11:00 9.25
20150428 11:10 9.875
20150428 11:20 10.25
20150428 11:30 8.625
20150428 11:40 10.75
20150428 11:50 10.875
20150428 12:00 9.125
20150428 12:10 10.625
20150428 12:20 9.25
20150428 12:30 9.625
20150428 12:40 10.25
20150428 12:50 10.5
20150428 13:00 10.625
20150428 13:10 11.75
20150428 13:20 11.125
20150428 13:30 11.875
20150428 13:40 12.375
20150428 13:50 12.5
20150428 14:00 12.625
20150428 14:10 12.375
20150428 14:20 13.125
20150428 14:30 12.875
20150428 14:40 13.125
20150428 14:50 13.25
20150428 15:00 12.875
20150428 15:10 12.625
20150428 15:20 11.75
20150428 15:30 12.875
20150428 15:40 13
20150428 15:50 12.5
20150428 16:00 11.5
20150428 16:10 11
20150428 16:20 10.5
20150428 16:30 12.125
20150428 16:40 12.125
20150428 16:50 11.375
20150428 17:00 11.25
20150428 17:10 10.375
20150428 17:20 8.375
20150428 17:30 7.875
20150428 17:40 7.375
20150428 17:50 7.25
20150428 18:00 7.875
20150428 18:10 8
20150428 18:20 7.75
20150428 18:30 7.625
20150428 18:40 7.25
20150428 18:50 7.125
20150428 19:00 7.5
20150428 19:10 7.375
20150428 19:20 6.5
20150428 19:30 7
20150428 19:40 7
20150428 19:50 6.5
20150428 20:00 6.375
20150428 20:10 5.75
20150428 20:20 5.125
20150428 20:30 5.125
20150428 20:40 4.875
20150428 20:50 4.75
20150428 21:00 4.625
20150428 21:10 4.5
20150428 21:20 4.375
20150428 21:30 4.375
20150428 21:40 4.375
20150428 21:50 4.25
20150428 22:00 4
20150428 22:10 3.875
20150428 22:20 3.625
20150428 22:30 3.5
20150428 22:40 3.5
20150428 22:50 3.5
20150428 23:00 3.375
20150428 23:10 3.25
20150428 23:20 3.125
20150428 23:30 2.75
20150428 23:40 2.75
20150428 23:50 2.75
