YYYYMMDD HH:MM measured temperature
20151123 00:00 1.875
20151123 00:10 2
20151123 00:20 2
20151123 00:30 2
20151123 00:40 2
20151123 00:50 2
20151123 01:00 2.125
20151123 01:10 2.125
20151123 01:20 2.25
20151123 01:30 2.4375
20151123 01:40 2.3125
20151123 01:50 2.125
20151123 02:00 1.875
20151123 02:10 1.5625
20151123 02:20 1.4375
20151123 02:30 1.4375
20151123 02:40 1.375
20151123 02:50 1.375
20151123 03:00 1.125
20151123 03:10 1
20151123 03:20 0.8125
20151123 03:30 85
20151123 03:40 0.6875
20151123 03:50 85
20151123 04:00 0.75
20151123 04:10 0.875
20151123 04:20 1.125
20151123 04:30 1.125
20151123 04:40 1.25
20151123 04:50 1.25
20151123 05:00 1.25
20151123 05:10 1.125
20151123 05:20 1
20151123 05:30 0.875
20151123 05:40 0.625
20151123 05:50 0.5
20151123 06:00 0.375
20151123 06:10 0.5
20151123 06:20 0.25
20151123 06:30 0.25
20151123 06:40 0
20151123 06:50 0
20151123 07:00 -0.125
20151123 07:10 -0.25
20151123 07:20 -0.25
20151123 07:30 -0.25
20151123 07:40 -0.25
20151123 07:50 -0.5
20151123 08:00 -0.625
20151123 08:10 -0.625
20151123 08:20 -0.625
20151123 08:30 -0.5
20151123 08:40 -0.5
20151123 08:50 -0.5
20151123 09:00 -0.375
20151123 09:10 -0.25
20151123 09:20 -0.125
20151123 09:30 0
20151123 09:40 0.125
20151123 09:50 0.25
20151123 10:00 0.5
20151123 10:10 0.75
20151123 10:20 0.875
20151123 10:30 1.125
20151123 10:40 1.125
20151123 10:50 1.5
20151123 11:00 1.5
20151123 11:10 1.75
20151123 11:20 2.25
20151123 11:30 2.5
20151123 11:40 2.5
20151123 11:50 3
20151123 12:00 3.25
20151123 12:10 3.375
20151123 12:20 3.875
20151123 12:30 4.125
20151123 12:40 4.625
20151123 12:50 5.75
20151123 13:00 5.375
20151123 13:10 5.5
20151123 13:20 4.75
20151123 13:30 5
20151123 13:40 4.625
20151123 13:50 5.25
20151123 14:00 4.125
20151123 14:10 4
20151123 14:20 3.75
20151123 14:30 4.25
20151123 14:40 3.625
20151123 14:50 3.375
20151123 15:00 3.25
20151123 15:10 2.875
20151123 15:20 2.75
20151123 15:30 2.375
20151123 15:40 2.25
20151123 15:50 2.125
20151123 16:00 2.125
20151123 16:10 2
20151123 16:20 1.625
20151123 16:30 0.875
20151123 16:40 1.125
20151123 16:50 1.125
20151123 17:00 1
20151123 17:10 0.75
20151123 17:20 0.75
20151123 17:30 0.5
20151123 17:40 0.625
20151123 17:50 0.625
20151123 18:00 0.75
20151123 18:10 0.75
20151123 18:20 0.75
20151123 18:30 0.75
20151123 18:40 0.875
20151123 18:50 1
20151123 19:00 0.875
20151123 19:10 1.125
20151123 19:20 1.125
20151123 19:30 1.25
20151123 19:40 1.25
20151123 19:50 1.375
20151123 20:00 1.5
20151123 20:10 1.5
20151123 20:20 1.625
20151123 20:30 1.625
20151123 20:40 1.625
20151123 20:50 1.75
20151123 21:00 1.75
20151123 21:10 1.75
20151123 21:20 1.875
20151123 21:30 2
20151123 21:40 2
20151123 21:50 2
20151123 22:00 2
20151123 22:10 2
20151123 22:20 2.125
20151123 22:30 2.125
20151123 22:40 2.125
20151123 22:50 2.125
20151123 23:00 2.125
20151123 23:10 2.25
20151123 23:20 2.25
20151123 23:30 2.375
20151123 23:40 2.375
20151123 23:50 2.375
