YYYYMMDD HH:MM measured temperature
20151208 00:00 9.25
20151208 00:10 8.5
20151208 00:20 8.25
20151208 00:30 7.75
20151208 00:40 7.875
20151208 00:50 7.625
20151208 01:00 7.5
20151208 01:10 7.75
20151208 01:20 8
20151208 01:30 8.25
20151208 01:40 8.25
20151208 01:50 8.375
20151208 02:00 8.25
20151208 02:10 8.125
20151208 02:20 8
20151208 02:30 7.875
20151208 02:40 7.875
20151208 02:50 7.875
20151208 03:00 7.625
20151208 03:10 7.625
20151208 03:20 7.625
20151208 03:30 7.625
20151208 03:40 7.625
20151208 03:50 7.625
20151208 04:00 7.5
20151208 04:10 7.375
20151208 04:20 7.125
20151208 04:30 7.25
20151208 04:40 7.375
20151208 04:50 7.375
20151208 05:00 7.25
20151208 05:10 7.25
20151208 05:20 7.25
20151208 05:30 7.25
20151208 05:40 7.125
20151208 05:50 7
20151208 06:00 6.875
20151208 06:10 6.875
20151208 06:20 6.875
20151208 06:30 6.75
20151208 06:40 6.875
20151208 06:50 6.875
20151208 07:00 7
20151208 07:10 6.875
20151208 07:20 6.875
20151208 07:30 6.75
20151208 07:40 6.625
20151208 07:50 6.375
20151208 08:00 6.375
20151208 08:10 6.375
20151208 08:20 6.375
20151208 08:30 6.25
20151208 08:40 6.25
20151208 08:50 6.125
20151208 09:00 6.25
20151208 09:10 6.375
20151208 09:20 6.5
20151208 09:30 6.75
20151208 09:40 7
20151208 09:50 7.25
20151208 10:00 7.5
20151208 10:10 7.625
20151208 10:20 8
20151208 10:30 8.25
20151208 10:40 8.5
20151208 10:50 8.875
20151208 11:00 9.25
20151208 11:10 9.5
20151208 11:20 9.875
20151208 11:30 10.125
20151208 11:40 10.125
20151208 11:50 10.75
20151208 12:00 11
20151208 12:10 11.375
20151208 12:20 11.625
20151208 12:30 12.125
20151208 12:40 12.875
20151208 12:50 15.75
20151208 13:00 15.875
20151208 13:10 15.625
20151208 13:20 15.125
20151208 13:30 14.75
20151208 13:40 14.875
20151208 13:50 13.875
20151208 14:00 13.5
20151208 14:10 14.125
20151208 14:20 14.125
20151208 14:30 14.125
20151208 14:40 12.875
20151208 14:50 12.375
20151208 15:00 12.25
20151208 15:10 12
20151208 15:20 11.75
20151208 15:30 11.75
20151208 15:40 11.25
20151208 15:50 11
20151208 16:00 10.875
20151208 16:10 10.625
20151208 16:20 10.5
20151208 16:30 10.375
20151208 16:40 10.125
20151208 16:50 10.125
20151208 17:00 10.25
20151208 17:10 10
20151208 17:20 10
20151208 17:30 9.875
20151208 17:40 9.375
20151208 17:50 9.375
20151208 18:00 9.375
20151208 18:10 8.875
20151208 18:20 9
20151208 18:30 9
20151208 18:40 9.125
20151208 18:50 9
20151208 19:00 9
20151208 19:10 8.75
20151208 19:20 8.75
20151208 19:30 8.625
20151208 19:40 8.75
20151208 19:50 8.75
20151208 20:00 8.75
20151208 20:10 8.625
20151208 20:20 8.5
20151208 20:30 8.625
20151208 20:40 8.5
20151208 20:50 8.5
20151208 21:00 8.25
20151208 21:10 8.5
20151208 21:20 9.125
20151208 21:30 9.625
20151208 21:40 9.75
20151208 21:50 10.125
20151208 22:00 10.125
20151208 22:10 10.125
20151208 22:20 9.875
20151208 22:30 9.75
20151208 22:40 9.375
20151208 22:50 9.375
20151208 23:00 9.25
20151208 23:10 9.375
20151208 23:20 9.25
20151208 23:30 9.375
20151208 23:40 9.25
20151208 23:50 9.25
