YYYYMMDD HH:MM measured temperature
20150605 00:00 13
20150605 00:10 12.875
20150605 00:20 12.75
20150605 00:30 12.375
20150605 00:40 12.375
20150605 00:50 12.125
20150605 01:00 12.125
20150605 01:10 11.875
20150605 01:20 11.75
20150605 01:30 11.625
20150605 01:40 11.625
20150605 01:50 11.5
20150605 02:00 11.375
20150605 02:10 11.25
20150605 02:20 11.25
20150605 02:30 11
20150605 02:40 11
20150605 02:50 10.875
20150605 03:00 10.75
20150605 03:10 10.75
20150605 03:20 10.75
20150605 03:30 10.5
20150605 03:40 10.5
20150605 03:50 10.625
20150605 04:00 10.5
20150605 04:10 10.5
20150605 04:20 10.375
20150605 04:30 10.25
20150605 04:40 10.125
20150605 04:50 10.125
20150605 05:00 9.875
20150605 05:10 10.125
20150605 05:20 10
20150605 05:30 10.375
20150605 05:40 10.5
20150605 05:50 10.625
20150605 06:00 10.875
20150605 06:10 11.25
20150605 06:20 12
20150605 06:30 12.25
20150605 06:40 12.5
20150605 06:50 12.75
20150605 07:00 13.125
20150605 07:10 13.625
20150605 07:20 13.75
20150605 07:30 14.25
20150605 07:40 14.5
20150605 07:50 14.75
20150605 08:00 15.375
20150605 08:10 16.125
20150605 08:20 16.5
20150605 08:30 16.375
20150605 08:40 17.125
20150605 08:50 18.25
20150605 09:00 19.25
20150605 09:10 19.375
20150605 09:20 19.625
20150605 09:30 20.125
20150605 09:40 20.875
20150605 09:50 21.25
20150605 10:00 21.375
20150605 10:10 21.875
20150605 10:20 21.875
20150605 10:30 22.125
20150605 10:40 22.75
20150605 10:50 22.75
20150605 11:00 23.5
20150605 11:10 24
20150605 11:20 24.5
20150605 11:30 24.125
20150605 11:40 25
20150605 11:50 24.75
20150605 12:00 25.625
20150605 12:10 26.125
20150605 12:20 26
20150605 12:30 26.375
20150605 12:40 26.125
20150605 12:50 27
20150605 13:00 27.625
20150605 13:10 27
20150605 13:20 27.125
20150605 13:30 27.75
20150605 13:40 27.5
20150605 13:50 28
20150605 14:00 27.875
20150605 14:10 28.25
20150605 14:20 28.625
20150605 14:30 28.875
20150605 14:40 28.875
20150605 14:50 29.375
20150605 15:00 29
20150605 15:10 29.25
20150605 15:20 29
20150605 15:30 29.625
20150605 15:40 29.625
20150605 15:50 29.875
20150605 16:00 29.375
20150605 16:10 29.5
20150605 16:20 29.5
20150605 16:30 29.625
20150605 16:40 29.625
20150605 16:50 29.375
20150605 17:00 29.375
20150605 17:10 29.5
20150605 17:20 29.125
20150605 17:30 29.375
20150605 17:40 29.375
20150605 17:50 29
20150605 18:00 29.125
20150605 18:10 29
20150605 18:20 28.75
20150605 18:30 28.875
20150605 18:40 29
20150605 18:50 28.5
20150605 19:00 28.75
20150605 19:10 28.5
20150605 19:20 28.375
20150605 19:30 28.125
20150605 19:40 27.875
20150605 19:50 27.625
20150605 20:00 27.25
20150605 20:10 26.25
20150605 20:20 25.625
20150605 20:30 25.25
20150605 20:40 24.875
20150605 20:50 24.5
20150605 21:00 24.125
20150605 21:10 23.75
20150605 21:20 23.375
20150605 21:30 23.125
20150605 21:40 23.125
20150605 21:50 23.125
20150605 22:00 22.875
20150605 22:10 22.75
20150605 22:20 22.625
20150605 22:30 22.125
20150605 22:40 22
20150605 22:50 21.75
20150605 23:00 21.25
20150605 23:10 21.375
20150605 23:20 21.25
20150605 23:30 21.25
20150605 23:40 21
20150605 23:50 21
