YYYYMMDD HH:MM measured temperature
20150810 00:00 16.375
20150810 00:10 16.125
20150810 00:20 15.875
20150810 00:30 15.875
20150810 00:40 15.75
20150810 00:50 15.625
20150810 01:00 15.625
20150810 01:10 15.75
20150810 01:20 15.875
20150810 01:30 16
20150810 01:40 16
20150810 01:50 16
20150810 02:00 16
20150810 02:10 15.875
20150810 02:20 15.625
20150810 02:30 15.5
20150810 02:40 15.75
20150810 02:50 15.75
20150810 03:00 15.75
20150810 03:10 15.75
20150810 03:20 15.625
20150810 03:30 15.625
20150810 03:40 15.375
20150810 03:50 15.125
20150810 04:00 15
20150810 04:10 15
20150810 04:20 15.125
20150810 04:30 15.375
20150810 04:40 15.25
20150810 04:50 15.25
20150810 05:00 15.25
20150810 05:10 15.25
20150810 05:20 15.125
20150810 05:30 14.875
20150810 05:40 14.75
20150810 05:50 15
20150810 06:00 15.125
20150810 06:10 15.125
20150810 06:20 15.25
20150810 06:30 15.25
20150810 06:40 15.375
20150810 06:50 15.375
20150810 07:00 15.5
20150810 07:10 15.625
20150810 07:20 15.875
20150810 07:30 16.25
20150810 07:40 16.375
20150810 07:50 16.625
20150810 08:00 17
20150810 08:10 17.25
20150810 08:20 17.5
20150810 08:30 17.75
20150810 08:40 18.5
20150810 08:50 18.625
20150810 09:00 18.875
20150810 09:10 19.5
20150810 09:20 19.375
20150810 09:30 19.375
20150810 09:40 19.5
20150810 09:50 20.125
20150810 10:00 20.625
20150810 10:10 20.75
20150810 10:20 21.5
20150810 10:30 21
20150810 10:40 21.625
20150810 10:50 22.125
20150810 11:00 23
20150810 11:10 23.625
20150810 11:20 24.25
20150810 11:30 23.125
20150810 11:40 22.625
20150810 11:50 22.5
20150810 12:00 22.75
20150810 12:10 23.625
20150810 12:20 24.625
20150810 12:30 24.375
20150810 12:40 24.5
20150810 12:50 24.5
20150810 13:00 25.75
20150810 13:10 25.625
20150810 13:20 25.875
20150810 13:30 25
20150810 13:40 26.125
20150810 13:50 25.125
20150810 14:00 25.75
20150810 14:10 24.625
20150810 14:20 25
20150810 14:30 26.125
20150810 14:40 25.375
20150810 14:50 25.25
20150810 15:00 25
20150810 15:10 25.25
20150810 15:20 25.25
20150810 15:30 25.5
20150810 15:40 27
20150810 15:50 26.25
20150810 16:00 25.75
20150810 16:10 25.75
20150810 16:20 26.5
20150810 16:30 26.875
20150810 16:40 26.75
20150810 16:50 26.25
20150810 17:00 25.625
20150810 17:10 25.5
20150810 17:20 26.125
20150810 17:30 26
20150810 17:40 25.125
20150810 17:50 25.5
20150810 18:00 25.5
20150810 18:10 25.25
20150810 18:20 25.125
20150810 18:30 25.125
20150810 18:40 24.625
20150810 18:50 24.875
20150810 19:00 24.375
20150810 19:10 24
20150810 19:20 23.75
20150810 19:30 23.75
20150810 19:40 23.5
20150810 19:50 22.875
20150810 20:00 21.875
20150810 20:10 21.5
20150810 20:20 21.25
20150810 20:30 21.125
20150810 20:40 20.875
20150810 20:50 20.75
20150810 21:00 21
20150810 21:10 21
20150810 21:20 20.75
20150810 21:30 20.625
20150810 21:40 20.5
20150810 21:50 20.5
20150810 22:00 20.5
20150810 22:10 20.25
20150810 22:20 20.25
20150810 22:30 20.25
20150810 22:40 20.125
20150810 22:50 20
20150810 23:00 20
20150810 23:10 19.75
20150810 23:20 19.75
20150810 23:30 19.5
20150810 23:40 19.25
20150810 23:50 18.75
