YYYYMMDD HH:MM measured temperature
20150502 00:00 3.75
20150502 00:10 3.5
20150502 00:20 3.25
20150502 00:30 2.5
20150502 00:40 3
20150502 00:50 2.5
20150502 01:00 2.5
20150502 01:10 2.5
20150502 01:20 2.25
20150502 01:30 2.125
20150502 01:40 2.25
20150502 01:50 2
20150502 02:00 1.75
20150502 02:10 2.25
20150502 02:20 2.375
20150502 02:30 2
20150502 02:40 2.375
20150502 02:50 2.5
20150502 03:00 2.75
20150502 03:10 3
20150502 03:20 3.25
20150502 03:30 3.375
20150502 03:40 3.375
20150502 03:50 3.5
20150502 04:00 3.25
20150502 04:10 3.375
20150502 04:20 3.5
20150502 04:30 3.5
20150502 04:40 3.375
20150502 04:50 3.5
20150502 05:00 3.375
20150502 05:10 3.5
20150502 05:20 3.375
20150502 05:30 3.25
20150502 05:40 2.75
20150502 05:50 2.75
20150502 06:00 2.625
20150502 06:10 2.75
20150502 06:20 2.625
20150502 06:30 2.375
20150502 06:40 2.75
20150502 06:50 3.125
20150502 07:00 3.75
20150502 07:10 4.125
20150502 07:20 4.5
20150502 07:30 5
20150502 07:40 5.625
20150502 07:50 5.875
20150502 08:00 6.375
20150502 08:10 6.5
20150502 08:20 7.125
20150502 08:30 7.625
20150502 08:40 8.375
20150502 08:50 8.5
20150502 09:00 9.25
20150502 09:10 8.625
20150502 09:20 9.125
20150502 09:30 9.25
20150502 09:40 9.125
20150502 09:50 9.375
20150502 10:00 9
20150502 10:10 8.625
20150502 10:20 8.5
20150502 10:30 9
20150502 10:40 10
20150502 10:50 9.125
20150502 11:00 9.75
20150502 11:10 9
20150502 11:20 10.25
20150502 11:30 10.375
20150502 11:40 10.625
20150502 11:50 10.625
20150502 12:00 12.375
20150502 12:10 11.875
20150502 12:20 10.875
20150502 12:30 10.875
20150502 12:40 10.875
20150502 12:50 11.125
20150502 13:00 11.75
20150502 13:10 11.25
20150502 13:20 11.5
20150502 13:30 12.625
20150502 13:40 12.375
20150502 13:50 11.875
20150502 14:00 11.75
20150502 14:10 11.125
20150502 14:20 12
20150502 14:30 13.5
20150502 14:40 13.75
20150502 14:50 12.625
20150502 15:00 12
20150502 15:10 12.25
20150502 15:20 11.625
20150502 15:30 11.75
20150502 15:40 12
20150502 15:50 14.125
20150502 16:00 13.5
20150502 16:10 13
20150502 16:20 12.875
20150502 16:30 12.875
20150502 16:40 12.5
20150502 16:50 12.625
20150502 17:00 13.125
20150502 17:10 12.375
20150502 17:20 12.625
20150502 17:30 13.625
20150502 17:40 12.5
20150502 17:50 12.375
20150502 18:00 12
20150502 18:10 12
20150502 18:20 12.375
20150502 18:30 12.5
20150502 18:40 12.5
20150502 18:50 12.125
20150502 19:00 11.5
20150502 19:10 11.5
20150502 19:20 11.25
20150502 19:30 11.25
20150502 19:40 10.875
20150502 19:50 10.625
20150502 20:00 10.25
20150502 20:10 9.75
20150502 20:20 9.25
20150502 20:30 9.25
20150502 20:40 8.75
20150502 20:50 8.125
20150502 21:00 7.75
20150502 21:10 7.25
20150502 21:20 7.125
20150502 21:30 7
20150502 21:40 6.625
20150502 21:50 6.125
20150502 22:00 6
20150502 22:10 6
20150502 22:20 5.5
20150502 22:30 5.625
20150502 22:40 5.5
20150502 22:50 5.625
20150502 23:00 5.375
20150502 23:10 5.25
20150502 23:20 5
20150502 23:30 5.125
20150502 23:40 5
20150502 23:50 5.125
