YYYYMMDD HH:MM measured temperature
20150512 00:00 16
20150512 00:10 16
20150512 00:20 15.625
20150512 00:30 15.375
20150512 00:40 14.125
20150512 00:50 14.25
20150512 01:00 13.75
20150512 01:10 13.25
20150512 01:20 13
20150512 01:30 13.125
20150512 01:40 12.875
20150512 01:50 12.75
20150512 02:00 12.375
20150512 02:10 12.5
20150512 02:20 12.25
20150512 02:30 12.25
20150512 02:40 12.125
20150512 02:50 12.375
20150512 03:00 12.25
20150512 03:10 12
20150512 03:20 11.875
20150512 03:30 11.625
20150512 03:40 11.75
20150512 03:50 11.75
20150512 04:00 11.125
20150512 04:10 11.5
20150512 04:20 11.625
20150512 04:30 11.5
20150512 04:40 11.25
20150512 04:50 11.25
20150512 05:00 11.125
20150512 05:10 11
20150512 05:20 10.875
20150512 05:30 11.5
20150512 05:40 11.375
20150512 05:50 11.5
20150512 06:00 11.625
20150512 06:10 11.75
20150512 06:20 12
20150512 06:30 12.375
20150512 06:40 12.625
20150512 06:50 12.75
20150512 07:00 13
20150512 07:10 13.5
20150512 07:20 13.875
20150512 07:30 14.125
20150512 07:40 14.375
20150512 07:50 14.75
20150512 08:00 15
20150512 08:10 15.125
20150512 08:20 15.375
20150512 08:30 16
20150512 08:40 16.25
20150512 08:50 16.125
20150512 09:00 17.25
20150512 09:10 17.125
20150512 09:20 17.125
20150512 09:30 17.375
20150512 09:40 17.625
20150512 09:50 18.125
20150512 10:00 18.25
20150512 10:10 18.375
20150512 10:20 19
20150512 10:30 19.75
20150512 10:40 19.375
20150512 10:50 20.125
20150512 11:00 20
20150512 11:10 20.5
20150512 11:20 20.375
20150512 11:30 20.875
20150512 11:40 21.625
20150512 11:50 22.5
20150512 12:00 20.75
20150512 12:10 22.375
20150512 12:20 22.25
20150512 12:30 22.125
20150512 12:40 22.75
20150512 12:50 22.875
20150512 13:00 22
20150512 13:10 22
20150512 13:20 21.5
20150512 13:30 20.375
20150512 13:40 22
20150512 13:50 21.375
20150512 14:00 22.125
20150512 14:10 21.5
20150512 14:20 20.5
20150512 14:30 20.5
20150512 14:40 22.25
20150512 14:50 20.875
20150512 15:00 20.125
20150512 15:10 20.5
20150512 15:20 20.25
20150512 15:30 19.625
20150512 15:40 20.625
20150512 15:50 19.25
20150512 16:00 17.25
20150512 16:10 17.625
20150512 16:20 17.75
20150512 16:30 16.5
20150512 16:40 16
20150512 16:50 16.5
20150512 17:00 15.875
20150512 17:10 15.25
20150512 17:20 15
20150512 17:30 13.75
20150512 17:40 13.5
20150512 17:50 14.75
20150512 18:00 14.625
20150512 18:10 14.5
20150512 18:20 14.75
20150512 18:30 14.5
20150512 18:40 14
20150512 18:50 13.875
20150512 19:00 13.75
20150512 19:10 13.5
20150512 19:20 13.375
20150512 19:30 13.125
20150512 19:40 12.625
20150512 19:50 12.5
20150512 20:00 12.625
20150512 20:10 12.375
20150512 20:20 12.125
20150512 20:30 11.875
20150512 20:40 11.75
20150512 20:50 11.625
20150512 21:00 11.375
20150512 21:10 11.375
20150512 21:20 11
20150512 21:30 10.875
20150512 21:40 10.125
20150512 21:50 10.5
20150512 22:00 10.125
20150512 22:10 9.75
20150512 22:20 9.5
20150512 22:30 9.125
20150512 22:40 9.125
20150512 22:50 8.125
20150512 23:00 8.125
20150512 23:10 8.5
20150512 23:20 8.375
20150512 23:30 8.75
20150512 23:40 8.75
20150512 23:50 8.75
