YYYYMMDD HH:MM measured temperature
20151103 00:00 4.75
20151103 00:10 4.75
20151103 00:20 4.875
20151103 00:30 4.75
20151103 00:40 4.875
20151103 00:50 4.75
20151103 01:00 4.75
20151103 01:10 4.75
20151103 01:20 4.75
20151103 01:30 4.625
20151103 01:40 4.625
20151103 01:50 4.75
20151103 02:00 4.75
20151103 02:10 4.75
20151103 02:20 4.625
20151103 02:30 4.625
20151103 02:40 4.625
20151103 02:50 4.5
20151103 03:00 4.5
20151103 03:10 4.5
20151103 03:20 4.5
20151103 03:30 4.375
20151103 03:40 4.375
20151103 03:50 4.375
20151103 04:00 4.125
20151103 04:10 4.125
20151103 04:20 4.125
20151103 04:30 4.125
20151103 04:40 3.875
20151103 04:50 3.875
20151103 05:00 3.75
20151103 05:10 3.875
20151103 05:20 3.875
20151103 05:30 3.75
20151103 05:40 3.625
20151103 05:50 3.375
20151103 06:00 3.5
20151103 06:10 3.5
20151103 06:20 3.25
20151103 06:30 3.25
20151103 06:40 2.75
20151103 06:50 3
20151103 07:00 2.875
20151103 07:10 2.875
20151103 07:20 2.875
20151103 07:30 2.75
20151103 07:40 2.75
20151103 07:50 2.625
20151103 08:00 2.25
20151103 08:10 2.5
20151103 08:20 2.625
20151103 08:30 2.625
20151103 08:40 2.5
20151103 08:50 2.5
20151103 09:00 2.375
20151103 09:10 2.5
20151103 09:20 2.375
20151103 09:30 2.5
20151103 09:40 2.75
20151103 09:50 2.625
20151103 10:00 2.875
20151103 10:10 3
20151103 10:20 2.875
20151103 10:30 3.125
20151103 10:40 3.375
20151103 10:50 3.25
20151103 11:00 3.5
20151103 11:10 3.875
20151103 11:20 4.375
20151103 11:30 4.125
20151103 11:40 4.25
20151103 11:50 4.25
20151103 12:00 4.375
20151103 12:10 4.75
20151103 12:20 5
20151103 12:30 5
20151103 12:40 5.125
20151103 12:50 4.75
20151103 13:00 5
20151103 13:10 5.125
20151103 13:20 5.125
20151103 13:30 5.25
20151103 13:40 5.375
20151103 13:50 5.5
20151103 14:00 5.375
20151103 14:10 4.875
20151103 14:20 4.875
20151103 14:30 5.375
20151103 14:40 5.25
20151103 14:50 5.25
20151103 15:00 5.25
20151103 15:10 4.875
20151103 15:20 4.75
20151103 15:30 5
20151103 15:40 5
20151103 15:50 5
20151103 16:00 5.125
20151103 16:10 4.75
20151103 16:20 4.75
20151103 16:30 4.5
20151103 16:40 4.375
20151103 16:50 4.25
20151103 17:00 4.375
20151103 17:10 4.25
20151103 17:20 4
20151103 17:30 3.875
20151103 17:40 4.25
20151103 17:50 4
20151103 18:00 4
20151103 18:10 3.75
20151103 18:20 3.625
20151103 18:30 3.375
20151103 18:40 3.5
20151103 18:50 3.5
20151103 19:00 3.5
20151103 19:10 3.5
20151103 19:20 3.125
20151103 19:30 3.25
20151103 19:40 3.25
20151103 19:50 2.875
20151103 20:00 2.625
20151103 20:10 2.75
20151103 20:20 2.75
20151103 20:30 2.875
20151103 20:40 2.75
20151103 20:50 2.75
20151103 21:00 2.625
20151103 21:10 2.75
20151103 21:20 2.375
20151103 21:30 2.75
20151103 21:40 2.25
20151103 21:50 2.625
20151103 22:00 2.375
20151103 22:10 2.25
20151103 22:20 2.125
20151103 22:30 2.25
20151103 22:40 2.125
20151103 22:50 2
20151103 23:00 2.125
20151103 23:10 2
20151103 23:20 1.875
20151103 23:30 1.875
20151103 23:40 1.875
20151103 23:50 1.875
