YYYYMMDD HH:MM measured temperature
20150721 00:00 18.25
20150721 00:10 18.25
20150721 00:20 18.25
20150721 00:30 18.375
20150721 00:40 18.25
20150721 00:50 18.125
20150721 01:00 18.125
20150721 01:10 18.125
20150721 01:20 18.125
20150721 01:30 18.125
20150721 01:40 18.125
20150721 01:50 18
20150721 02:00 18
20150721 02:10 18
20150721 02:20 18
20150721 02:30 18
20150721 02:40 18.125
20150721 02:50 17.875
20150721 03:00 18
20150721 03:10 18.125
20150721 03:20 18.125
20150721 03:30 18.25
20150721 03:40 18.375
20150721 03:50 18.375
20150721 04:00 18.5
20150721 04:10 18.625
20150721 04:20 18.875
20150721 04:30 19
20150721 04:40 19.25
20150721 04:50 19.375
20150721 05:00 19.375
20150721 05:10 19.375
20150721 05:20 19.25
20150721 05:30 19.375
20150721 05:40 19.375
20150721 05:50 19.375
20150721 06:00 19.375
20150721 06:10 19.375
20150721 06:20 19.375
20150721 06:30 19.5
20150721 06:40 19.625
20150721 06:50 20
20150721 07:00 20.125
20150721 07:10 20.125
20150721 07:20 20.375
20150721 07:30 20.375
20150721 07:40 21.125
20150721 07:50 21.125
20150721 08:00 21.375
20150721 08:10 21.125
20150721 08:20 21.25
20150721 08:30 21.625
20150721 08:40 21.875
20150721 08:50 22.25
20150721 09:00 21.75
20150721 09:10 21.5
20150721 09:20 21
20150721 09:30 20.625
20150721 09:40 20.625
20150721 09:50 20.875
20150721 10:00 21.5
20150721 10:10 22.375
20150721 10:20 23
20150721 10:30 22.125
20150721 10:40 22.875
20150721 10:50 22.875
20150721 11:00 21.875
20150721 11:10 23.375
20150721 11:20 22.125
20150721 11:30 23.375
20150721 11:40 23
20150721 11:50 24
20150721 12:00 23.375
20150721 12:10 23.75
20150721 12:20 24.375
20150721 12:30 23.75
20150721 12:40 24.25
20150721 12:50 24.25
20150721 13:00 23.25
20150721 13:10 22.875
20150721 13:20 25
20150721 13:30 25.125
20150721 13:40 25.75
20150721 13:50 25.375
20150721 14:00 26.25
20150721 14:10 24.5
20150721 14:20 25.25
20150721 14:30 25.25
20150721 14:40 25.125
20150721 14:50 24.375
20150721 15:00 24.25
20150721 15:10 25.375
20150721 15:20 25
20150721 15:30 25
20150721 15:40 25.625
20150721 15:50 25.25
20150721 16:00 25.125
20150721 16:10 25
20150721 16:20 23.875
20150721 16:30 24.75
20150721 16:40 24.5
20150721 16:50 24.125
20150721 17:00 25.125
20150721 17:10 24.125
20150721 17:20 24.125
20150721 17:30 23.75
20150721 17:40 22.875
20150721 17:50 23.875
20150721 18:00 23.625
20150721 18:10 23.625
20150721 18:20 23.5
20150721 18:30 23.625
20150721 18:40 23.5
20150721 18:50 23.25
20150721 19:00 23.125
20150721 19:10 23.125
20150721 19:20 22.875
20150721 19:30 22.625
20150721 19:40 22.625
20150721 19:50 22.25
20150721 20:00 22
20150721 20:10 21.875
20150721 20:20 21.625
20150721 20:30 21.375
20150721 20:40 21.25
20150721 20:50 20.5
20150721 21:00 20.25
20150721 21:10 20
20150721 21:20 19
20150721 21:30 18.25
20150721 21:40 17.875
20150721 21:50 17.5
20150721 22:00 17.25
20150721 22:10 16.875
20150721 22:20 16.625
20150721 22:30 16.375
20150721 22:40 16
20150721 22:50 15.875
20150721 23:00 15.875
20150721 23:10 15.875
20150721 23:20 16
20150721 23:30 16
20150721 23:40 15.875
20150721 23:50 15.75
