YYYYMMDD HH:MM measured temperature
20150601 00:00 14.75
20150601 00:10 14.5
20150601 00:20 14.5
20150601 00:30 14.5
20150601 00:40 14.375
20150601 00:50 14.25
20150601 01:00 14.25
20150601 01:10 14.25
20150601 01:20 14.25
20150601 01:30 14.375
20150601 01:40 14.25
20150601 01:50 12.125
20150601 02:00 11.375
20150601 02:10 11.25
20150601 02:20 11.125
20150601 02:30 11
20150601 02:40 10.875
20150601 02:50 10.75
20150601 03:00 10.625
20150601 03:10 10.5
20150601 03:20 10.25
20150601 03:30 10.25
20150601 03:40 10.125
20150601 03:50 10.125
20150601 04:00 10
20150601 04:10 9.75
20150601 04:20 9.75
20150601 04:30 9.625
20150601 04:40 9.625
20150601 04:50 9.375
20150601 05:00 8.875
20150601 05:10 8.875
20150601 05:20 8.75
20150601 05:30 8.75
20150601 05:40 8.75
20150601 05:50 8.75
20150601 06:00 8.75
20150601 06:10 8.875
20150601 06:20 9
20150601 06:30 9.125
20150601 06:40 9.25
20150601 06:50 9.625
20150601 07:00 9.625
20150601 07:10 9.625
20150601 07:20 10.125
20150601 07:30 10.25
20150601 07:40 10.125
20150601 07:50 10.375
20150601 08:00 10.375
20150601 08:10 11.125
20150601 08:20 11.25
20150601 08:30 11.75
20150601 08:40 11.25
20150601 08:50 11.625
20150601 09:00 11.5
20150601 09:10 12.125
20150601 09:20 12.75
20150601 09:30 13.5
20150601 09:40 13.5
20150601 09:50 13.25
20150601 10:00 12.75
20150601 10:10 13.5
20150601 10:20 13.75
20150601 10:30 14.5
20150601 10:40 13.375
20150601 10:50 14.75
20150601 11:00 15.125
20150601 11:10 14.625
20150601 11:20 14.5
20150601 11:30 14.625
20150601 11:40 14.75
20150601 11:50 14.875
20150601 12:00 16.375
20150601 12:10 15.5
20150601 12:20 15.25
20150601 12:30 15.125
20150601 12:40 15
20150601 12:50 15.125
20150601 13:00 15.125
20150601 13:10 15.625
20150601 13:20 15.75
20150601 13:30 15.875
20150601 13:40 16.125
20150601 13:50 16.375
20150601 14:00 16
20150601 14:10 16.5
20150601 14:20 16.25
20150601 14:30 16.5
20150601 14:40 17.5
20150601 14:50 16.125
20150601 15:00 16.875
20150601 15:10 16.875
20150601 15:20 16.75
20150601 15:30 17
20150601 15:40 16.625
20150601 15:50 16.625
20150601 16:00 16.375
20150601 16:10 16.625
20150601 16:20 16.75
20150601 16:30 17
20150601 16:40 16.375
20150601 16:50 17
20150601 17:00 17.25
20150601 17:10 16.75
20150601 17:20 16
20150601 17:30 15.75
20150601 17:40 16.125
20150601 17:50 15.875
20150601 18:00 16.625
20150601 18:10 16.625
20150601 18:20 16.25
20150601 18:30 15.5
20150601 18:40 15.75
20150601 18:50 15.875
20150601 19:00 15.5
20150601 19:10 15.5
20150601 19:20 15.125
20150601 19:30 15.125
20150601 19:40 15
20150601 19:50 14.5
20150601 20:00 14.5
20150601 20:10 14.125
20150601 20:20 14.125
20150601 20:30 13.875
20150601 20:40 13.5
20150601 20:50 12.75
20150601 21:00 12.375
20150601 21:10 12.25
20150601 21:20 11.875
20150601 21:30 11.625
20150601 21:40 11.25
20150601 21:50 11.25
20150601 22:00 11.375
20150601 22:10 11.5
20150601 22:20 11.625
20150601 22:30 11.5
20150601 22:40 11.25
20150601 22:50 11
20150601 23:00 10.875
20150601 23:10 10.875
20150601 23:20 10.875
20150601 23:30 11.125
20150601 23:40 11.125
20150601 23:50 11.25
