YYYYMMDD HH:MM measured temperature
20150527 00:00 8.125
20150527 00:10 8.125
20150527 00:20 8.375
20150527 00:30 8.375
20150527 00:40 8.5
20150527 00:50 8.25
20150527 01:00 8
20150527 01:10 7.75
20150527 01:20 7.75
20150527 01:30 7.75
20150527 01:40 8.125
20150527 01:50 8.375
20150527 02:00 8.625
20150527 02:10 8.625
20150527 02:20 8.625
20150527 02:30 8.5
20150527 02:40 8.5
20150527 02:50 8.625
20150527 03:00 8.625
20150527 03:10 8.625
20150527 03:20 8.625
20150527 03:30 8.625
20150527 03:40 8.625
20150527 03:50 8.75
20150527 04:00 8.75
20150527 04:10 8.75
20150527 04:20 8.625
20150527 04:30 8.625
20150527 04:40 8.625
20150527 04:50 8.625
20150527 05:00 8.75
20150527 05:10 8.75
20150527 05:20 8.875
20150527 05:30 8.875
20150527 05:40 8.875
20150527 05:50 8.875
20150527 06:00 9.125
20150527 06:10 9.125
20150527 06:20 9.125
20150527 06:30 9.125
20150527 06:40 9.25
20150527 06:50 10
20150527 07:00 10.125
20150527 07:10 10
20150527 07:20 9.875
20150527 07:30 10.375
20150527 07:40 10
20150527 07:50 10
20150527 08:00 11.375
20150527 08:10 11
20150527 08:20 11
20150527 08:30 11.75
20150527 08:40 11.25
20150527 08:50 11
20150527 09:00 10.875
20150527 09:10 11.375
20150527 09:20 12.75
20150527 09:30 12.375
20150527 09:40 11.5
20150527 09:50 11.125
20150527 10:00 11.375
20150527 10:10 12.25
20150527 10:20 13.875
20150527 10:30 12.625
20150527 10:40 12.125
20150527 10:50 13.375
20150527 11:00 12
20150527 11:10 12.375
20150527 11:20 13.875
20150527 11:30 13.875
20150527 11:40 15.25
20150527 11:50 14.75
20150527 12:00 14.375
20150527 12:10 14.75
20150527 12:20 15.125
20150527 12:30 15.375
20150527 12:40 16.875
20150527 12:50 15.625
20150527 13:00 15.125
20150527 13:10 15.625
20150527 13:20 17.125
20150527 13:30 16.5
20150527 13:40 15
20150527 13:50 16.25
20150527 14:00 15.25
20150527 14:10 15.125
20150527 14:20 15.375
20150527 14:30 16.25
20150527 14:40 15
20150527 14:50 14.875
20150527 15:00 15.25
20150527 15:10 16.5
20150527 15:20 15.375
20150527 15:30 16
20150527 15:40 15.75
20150527 15:50 15.875
20150527 16:00 15.75
20150527 16:10 15.25
20150527 16:20 15.75
20150527 16:30 15.75
20150527 16:40 16.125
20150527 16:50 15.875
20150527 17:00 15.5
20150527 17:10 15.375
20150527 17:20 14.75
20150527 17:30 14.625
20150527 17:40 14.5
20150527 17:50 14.75
20150527 18:00 14.75
20150527 18:10 15
20150527 18:20 15.125
20150527 18:30 14.875
20150527 18:40 14.75
20150527 18:50 14.75
20150527 19:00 14.5
20150527 19:10 14.5
20150527 19:20 14.375
20150527 19:30 14.375
20150527 19:40 14.5
20150527 19:50 14.375
20150527 20:00 14.125
20150527 20:10 14
20150527 20:20 13.875
20150527 20:30 13.625
20150527 20:40 13.5
20150527 20:50 13.375
20150527 21:00 13.375
20150527 21:10 13.125
20150527 21:20 12.875
20150527 21:30 12.75
20150527 21:40 12.625
20150527 21:50 12.375
20150527 22:00 12.375
20150527 22:10 12.375
20150527 22:20 12.375
20150527 22:30 12.25
20150527 22:40 12.25
20150527 22:50 12.25
20150527 23:00 12.25
20150527 23:10 12.375
20150527 23:20 12.25
20150527 23:30 12
20150527 23:40 11.875
20150527 23:50 11.625
