YYYYMMDD HH:MM measured temperature
20150811 00:00 18.625
20150811 00:10 18
20150811 00:20 18
20150811 00:30 18
20150811 00:40 18.125
20150811 00:50 17.875
20150811 01:00 18
20150811 01:10 17.875
20150811 01:20 17.375
20150811 01:30 17.5
20150811 01:40 17.5
20150811 01:50 17.5
20150811 02:00 17.4375
20150811 02:10 17.375
20150811 02:20 17.5
20150811 02:30 17.3125
20150811 02:40 17.375
20150811 02:50 17.25
20150811 03:00 17.125
20150811 03:10 17.125
20150811 03:20 17.125
20150811 03:30 16.9375
20150811 03:40 16.5
20150811 03:50 16.75
20150811 04:00 16.6875
20150811 04:10 16.625
20150811 04:20 16.5
20150811 04:30 16.5
20150811 04:40 16.625
20150811 04:50 16.5
20150811 05:00 16.5
20150811 05:10 16.375
20150811 05:20 16.625
20150811 05:30 16.625
20150811 05:40 16.75
20150811 05:50 16.875
20150811 06:00 16.8125
20150811 06:10 16.875
20150811 06:20 16.875
20150811 06:30 16.875
20150811 06:40 16.9375
20150811 06:50 16.8125
20150811 07:00 16.875
20150811 07:10 16.875
20150811 07:20 17
20150811 07:30 16.9375
20150811 07:40 17.125
20150811 07:50 17.375
20150811 08:00 17.125
20150811 08:10 17.125
20150811 08:20 17.25
20150811 08:30 17.25
20150811 08:40 17.5
20150811 08:50 17.625
20150811 09:00 18
20150811 09:10 17.875
20150811 09:20 17.875
20150811 09:30 18.125
20150811 09:40 18.375
20150811 09:50 18.5
20150811 10:00 18.875
20150811 10:10 19.375
20150811 10:20 19.375
20150811 10:30 20.75
20150811 10:40 22
20150811 10:50 21.5
20150811 11:00 21.125
20150811 11:10 21.75
20150811 11:20 21.5
20150811 11:30 22.75
20150811 11:40 21.625
20150811 11:50 22.125
20150811 12:00 22
20150811 12:10 22.625
20150811 12:20 23.375
20150811 12:30 22.75
20150811 12:40 23
20150811 12:50 23.25
20150811 13:00 22.875
20150811 13:10 23.75
20150811 13:20 24
20150811 13:30 24.25
20150811 13:40 23.375
20150811 13:50 24.5
20150811 14:00 23
20150811 14:10 25.625
20150811 14:20 24.375
20150811 14:30 24.625
20150811 14:40 23.5
20150811 14:50 24.25
20150811 15:00 23.375
20150811 15:10 25.25
20150811 15:20 26.125
20150811 15:30 26.125
20150811 15:40 24.25
20150811 15:50 24.625
20150811 16:00 23.625
20150811 16:10 25
20150811 16:20 25
20150811 16:30 24.25
20150811 16:40 24.375
20150811 16:50 24.75
20150811 17:00 24.625
20150811 17:10 24.375
20150811 17:20 24.75
20150811 17:30 23.875
20150811 17:40 24
20150811 17:50 23.5
20150811 18:00 23.875
20150811 18:10 23.75
20150811 18:20 23.25
20150811 18:30 23.125
20150811 18:40 22.5
20150811 18:50 22.5
20150811 19:00 22.125
20150811 19:10 22
20150811 19:20 21.75
20150811 19:30 21.25
20150811 19:40 21
20150811 19:50 20.75
20150811 20:00 20.5
20150811 20:10 20.25
20150811 20:20 19.875
20150811 20:30 19.75
20150811 20:40 19.5
20150811 20:50 19.125
20150811 21:00 18.875
20150811 21:10 18.625
20150811 21:20 18.5
20150811 21:30 18.25
20150811 21:40 18.125
20150811 21:50 18
20150811 22:00 17.875
20150811 22:10 17.625
20150811 22:20 17.5
20150811 22:30 17.5
20150811 22:40 17.375
20150811 22:50 17.125
20150811 23:00 17
20150811 23:10 16.75
20150811 23:20 16.625
20150811 23:30 16.625
20150811 23:40 16.625
20150811 23:50 16.5
