YYYYMMDD HH:MM measured temperature
20151121 00:00 5.75
20151121 00:10 5.625
20151121 00:20 5.5
20151121 00:30 5.5
20151121 00:40 5.375
20151121 00:50 5.25
20151121 01:00 5.25
20151121 01:10 4.875
20151121 01:20 4.75
20151121 01:30 4.75
20151121 01:40 4.625
20151121 01:50 4.5
20151121 02:00 4.25
20151121 02:10 4.125
20151121 02:20 4
20151121 02:30 3.875
20151121 02:40 3.75
20151121 02:50 3.625
20151121 03:00 3.5
20151121 03:10 3.5
20151121 03:20 3.5
20151121 03:30 3.25
20151121 03:40 3
20151121 03:50 2.875
20151121 04:00 2.75
20151121 04:10 2.75
20151121 04:20 2.625
20151121 04:30 2.375
20151121 04:40 2.375
20151121 04:50 2.5
20151121 05:00 2.625
20151121 05:10 2.625
20151121 05:20 2.875
20151121 05:30 3.125
20151121 05:40 3.25
20151121 05:50 3.25
20151121 06:00 2.875
20151121 06:10 3
20151121 06:20 3
20151121 06:30 2.625
20151121 06:40 2.625
20151121 06:50 2.5
20151121 07:00 2.5
20151121 07:10 2.875
20151121 07:20 3
20151121 07:30 3.125
20151121 07:40 3.125
20151121 07:50 3.25
20151121 08:00 3.125
20151121 08:10 3.375
20151121 08:20 3.5
20151121 08:30 3.75
20151121 08:40 3.875
20151121 08:50 4
20151121 09:00 4.125
20151121 09:10 4.25
20151121 09:20 4.375
20151121 09:30 4.375
20151121 09:40 4.5
20151121 09:50 4.625
20151121 10:00 4.625
20151121 10:10 4.875
20151121 10:20 4.875
20151121 10:30 5.125
20151121 10:40 5.25
20151121 10:50 5.5
20151121 11:00 5.625
20151121 11:10 5.75
20151121 11:20 6
20151121 11:30 5.625
20151121 11:40 5.75
20151121 11:50 6.375
20151121 12:00 6.25
20151121 12:10 6.5
20151121 12:20 6.75
20151121 12:30 6.625
20151121 12:40 6.125
20151121 12:50 5.75
20151121 13:00 5.625
20151121 13:10 5.625
20151121 13:20 5.875
20151121 13:30 5.875
20151121 13:40 5.625
20151121 13:50 5.25
20151121 14:00 5
20151121 14:10 5
20151121 14:20 4.875
20151121 14:30 4.75
20151121 14:40 4.625
20151121 14:50 4.5
20151121 15:00 4.375
20151121 15:10 4.375
20151121 15:20 4.25
20151121 15:30 4.375
20151121 15:40 4.375
20151121 15:50 4.375
20151121 16:00 4.25
20151121 16:10 4.25
20151121 16:20 3.875
20151121 16:30 3.75
20151121 16:40 3.75
20151121 16:50 3.75
20151121 17:00 3.625
20151121 17:10 3.625
20151121 17:20 3.5
20151121 17:30 3.25
20151121 17:40 3.375
20151121 17:50 3.375
20151121 18:00 3.25
20151121 18:10 3.25
20151121 18:20 3.25
20151121 18:30 3.25
20151121 18:40 3.375
20151121 18:50 3.5
20151121 19:00 3.5
20151121 19:10 3.375
20151121 19:20 3.25
20151121 19:30 3.125
20151121 19:40 2.875
20151121 19:50 2.625
20151121 20:00 2.375
20151121 20:10 2
20151121 20:20 1.875
20151121 20:30 1.75
20151121 20:40 1.5
20151121 20:50 1.5
20151121 21:00 1.25
20151121 21:10 1.25
20151121 21:20 1.375
20151121 21:30 1.25
20151121 21:40 1
20151121 21:50 1
20151121 22:00 0.875
20151121 22:10 0.625
20151121 22:20 0.5
20151121 22:30 0.25
20151121 22:40 0.375
20151121 22:50 0.375
20151121 23:00 0.375
20151121 23:10 0.25
20151121 23:20 0.125
20151121 23:30 0.125
20151121 23:40 0.125
20151121 23:50 0
