YYYYMMDD HH:MM measured temperature
20150414 00:00 2.375
20150414 00:10 2.5
20150414 00:20 2.75
20150414 00:30 2.75
20150414 00:40 2.875
20150414 00:50 2.875
20150414 01:00 2.875
20150414 01:10 2.875
20150414 01:20 3.125
20150414 01:30 2.75
20150414 01:40 2.5
20150414 01:50 2
20150414 02:00 1.875
20150414 02:10 2
20150414 02:20 2.5
20150414 02:30 2.5
20150414 02:40 2.5
20150414 02:50 2.625
20150414 03:00 2.5
20150414 03:10 2.25
20150414 03:20 2.125
20150414 03:30 2.125
20150414 03:40 2.25
20150414 03:50 2.25
20150414 04:00 2.125
20150414 04:10 2.125
20150414 04:20 2.25
20150414 04:30 2.375
20150414 04:40 2.25
20150414 04:50 2.25
20150414 05:00 2.25
20150414 05:10 2.375
20150414 05:20 2.5
20150414 05:30 2.375
20150414 05:40 2.375
20150414 05:50 2.25
20150414 06:00 2.25
20150414 06:10 2.125
20150414 06:20 2
20150414 06:30 2
20150414 06:40 2.125
20150414 06:50 2.25
20150414 07:00 2.375
20150414 07:10 2.625
20150414 07:20 2.75
20150414 07:30 3
20150414 07:40 3.25
20150414 07:50 3.625
20150414 08:00 4
20150414 08:10 4.375
20150414 08:20 5
20150414 08:30 5.625
20150414 08:40 6.5
20150414 08:50 7.125
20150414 09:00 7.25
20150414 09:10 7.25
20150414 09:20 7.375
20150414 09:30 7.5
20150414 09:40 7.5
20150414 09:50 7.75
20150414 10:00 7.875
20150414 10:10 8.375
20150414 10:20 8.375
20150414 10:30 8.5
20150414 10:40 8.875
20150414 10:50 8.875
20150414 11:00 8.875
20150414 11:10 8.875
20150414 11:20 9.25
20150414 11:30 9.875
20150414 11:40 10.5
20150414 11:50 12.5
20150414 12:00 12.625
20150414 12:10 13.5
20150414 12:20 12.75
20150414 12:30 13.25
20150414 12:40 13.75
20150414 12:50 14.625
20150414 13:00 14.875
20150414 13:10 14.875
20150414 13:20 15.125
20150414 13:30 15.375
20150414 13:40 16.25
20150414 13:50 16.375
20150414 14:00 16.5
20150414 14:10 16.875
20150414 14:20 16.5
20150414 14:30 16.625
20150414 14:40 16.75
20150414 14:50 16.5
20150414 15:00 16.75
20150414 15:10 16.875
20150414 15:20 16.875
20150414 15:30 17.125
20150414 15:40 17
20150414 15:50 17
20150414 16:00 18
20150414 16:10 17.75
20150414 16:20 17.125
20150414 16:30 17.25
20150414 16:40 16.875
20150414 16:50 16.75
20150414 17:00 16.375
20150414 17:10 16.125
20150414 17:20 16.125
20150414 17:30 16.125
20150414 17:40 15.875
20150414 17:50 15.875
20150414 18:00 15.75
20150414 18:10 15.375
20150414 18:20 15.375
20150414 18:30 15.25
20150414 18:40 15.125
20150414 18:50 14.5
20150414 19:00 14.25
20150414 19:10 14
20150414 19:20 13.625
20150414 19:30 13.625
20150414 19:40 13.375
20150414 19:50 13
20150414 20:00 12.625
20150414 20:10 12.25
20150414 20:20 11.75
20150414 20:30 11.5
20150414 20:40 11.25
20150414 20:50 11.125
20150414 21:00 11
20150414 21:10 10.75
20150414 21:20 10.375
20150414 21:30 10
20150414 21:40 9.375
20150414 21:50 9.125
20150414 22:00 9.25
20150414 22:10 9.125
20150414 22:20 9.5
20150414 22:30 9.625
20150414 22:40 9.125
20150414 22:50 9.5
20150414 23:00 9.5
20150414 23:10 9.75
20150414 23:20 9.75
20150414 23:30 9.75
20150414 23:40 9.5
20150414 23:50 9.25
