YYYYMMDD HH:MM measured temperature
20150325 00:00 2.125
20150325 00:10 1.625
20150325 00:20 1.25
20150325 00:30 1.5
20150325 00:40 1.375
20150325 00:50 1.125
20150325 01:00 1.5
20150325 01:10 1.125
20150325 01:20 1.25
20150325 01:30 1.375
20150325 01:40 1.625
20150325 01:50 1.75
20150325 02:00 1.875
20150325 02:10 1.875
20150325 02:20 1.875
20150325 02:30 1.75
20150325 02:40 1.75
20150325 02:50 2
20150325 03:00 2
20150325 03:10 2.375
20150325 03:20 2.25
20150325 03:30 2.375
20150325 03:40 2.25
20150325 03:50 2.375
20150325 04:00 2.375
20150325 04:10 2.25
20150325 04:20 2.25
20150325 04:30 2.25
20150325 04:40 2.125
20150325 04:50 2.125
20150325 05:00 2.5
20150325 05:10 2.5
20150325 05:20 2.625
20150325 05:30 2.75
20150325 05:40 2.625
20150325 05:50 2.5
20150325 06:00 2.875
20150325 06:10 3
20150325 06:20 3.25
20150325 06:30 3.125
20150325 06:40 3.375
20150325 06:50 3.25
20150325 07:00 3.375
20150325 07:10 3.25
20150325 07:20 3.5
20150325 07:30 3.75
20150325 07:40 3.875
20150325 07:50 4
20150325 08:00 4
20150325 08:10 4.125
20150325 08:20 4.375
20150325 08:30 5
20150325 08:40 5.375
20150325 08:50 5.875
20150325 09:00 6.25
20150325 09:10 6.25
20150325 09:20 6.625
20150325 09:30 7.375
20150325 09:40 7.875
20150325 09:50 8
20150325 10:00 8.125
20150325 10:10 8.625
20150325 10:20 9.125
20150325 10:30 9.5
20150325 10:40 9.375
20150325 10:50 9.125
20150325 11:00 9.25
20150325 11:10 9.375
20150325 11:20 10
20150325 11:30 11.5
20150325 11:40 11.875
20150325 11:50 13.25
20150325 12:00 13.375
20150325 12:10 13
20150325 12:20 12.875
20150325 12:30 12.375
20150325 12:40 12.625
20150325 12:50 13.5
20150325 13:00 14.375
20150325 13:10 15
20150325 13:20 14.625
20150325 13:30 14.75
20150325 13:40 15
20150325 13:50 15.375
20150325 14:00 16.25
20150325 14:10 15.5
20150325 14:20 15.375
20150325 14:30 16.375
20150325 14:40 15.75
20150325 14:50 15
20150325 15:00 14.5
20150325 15:10 14.375
20150325 15:20 14.875
20150325 15:30 14.875
20150325 15:40 14.875
20150325 15:50 15
20150325 16:00 15.25
20150325 16:10 15.125
20150325 16:20 15
20150325 16:30 15
20150325 16:40 15
20150325 16:50 15.125
20150325 17:00 15
20150325 17:10 15
20150325 17:20 14.875
20150325 17:30 14.625
20150325 17:40 14.625
20150325 17:50 14.375
20150325 18:00 14.25
20150325 18:10 14.125
20150325 18:20 14
20150325 18:30 13.75
20150325 18:40 13.375
20150325 18:50 13.25
20150325 19:00 13
20150325 19:10 12.875
20150325 19:20 12.5
20150325 19:30 12.25
20150325 19:40 12.125
20150325 19:50 11.875
20150325 20:00 11.75
20150325 20:10 11.625
20150325 20:20 11.75
20150325 20:30 11.25
20150325 20:40 10.75
20150325 20:50 10.125
20150325 21:00 9.75
20150325 21:10 9.375
20150325 21:20 9.25
20150325 21:30 9.375
20150325 21:40 8.875
20150325 21:50 9.125
20150325 22:00 8.625
20150325 22:10 8.875
20150325 22:20 8.5
20150325 22:30 8.625
20150325 22:40 8.375
20150325 22:50 8.375
20150325 23:00 8.25
20150325 23:10 8.125
20150325 23:20 7.875
20150325 23:30 7.75
20150325 23:40 7.625
20150325 23:50 7.5
