YYYYMMDD HH:MM measured temperature
20150421 00:00 8.375
20150421 00:10 8
20150421 00:20 7.75
20150421 00:30 7.5
20150421 00:40 7.75
20150421 00:50 7.75
20150421 01:00 7.25
20150421 01:10 6.5
20150421 01:20 6.625
20150421 01:30 6.375
20150421 01:40 6.25
20150421 01:50 6.25
20150421 02:00 6.625
20150421 02:10 6.375
20150421 02:20 6.125
20150421 02:30 6.25
20150421 02:40 6
20150421 02:50 5.625
20150421 03:00 5.375
20150421 03:10 4.875
20150421 03:20 5.125
20150421 03:30 5.125
20150421 03:40 5.25
20150421 03:50 5.25
20150421 04:00 5.25
20150421 04:10 4.875
20150421 04:20 4.75
20150421 04:30 4.5
20150421 04:40 4.5
20150421 04:50 4.25
20150421 05:00 4
20150421 05:10 4.5
20150421 05:20 4.625
20150421 05:30 4.25
20150421 05:40 4.5
20150421 05:50 4.75
20150421 06:00 4.75
20150421 06:10 5.25
20150421 06:20 5.5
20150421 06:30 5.25
20150421 06:40 5.875
20150421 06:50 5.125
20150421 07:00 5.5
20150421 07:10 6.125
20150421 07:20 6.375
20150421 07:30 6.75
20150421 07:40 7
20150421 07:50 7.25
20150421 08:00 7.75
20150421 08:10 8.125
20150421 08:20 8.625
20150421 08:30 8.875
20150421 08:40 9.875
20150421 08:50 10.5
20150421 09:00 10.75
20150421 09:10 11.5
20150421 09:20 12.25
20150421 09:30 13.125
20150421 09:40 13.375
20150421 09:50 13.875
20150421 10:00 14.375
20150421 10:10 14.375
20150421 10:20 15.125
20150421 10:30 16
20150421 10:40 16.125
20150421 10:50 16.125
20150421 11:00 16.125
20150421 11:10 17.5
20150421 11:20 17.625
20150421 11:30 18
20150421 11:40 18.25
20150421 11:50 18.625
20150421 12:00 18.375
20150421 12:10 19.125
20150421 12:20 18.75
20150421 12:30 19.875
20150421 12:40 20
20150421 12:50 19.875
20150421 13:00 21
20150421 13:10 20
20150421 13:20 20.25
20150421 13:30 21
20150421 13:40 19.75
20150421 13:50 20
20150421 14:00 19.125
20150421 14:10 19.125
20150421 14:20 18.625
20150421 14:30 19.5
20150421 14:40 19.75
20150421 14:50 18.75
20150421 15:00 19.875
20150421 15:10 18.25
20150421 15:20 17.25
20150421 15:30 18.125
20150421 15:40 17.75
20150421 15:50 17.75
20150421 16:00 17
20150421 16:10 16.5
20150421 16:20 15.75
20150421 16:30 15.75
20150421 16:40 14.625
20150421 16:50 14.5
20150421 17:00 14.25
20150421 17:10 14.25
20150421 17:20 13.125
20150421 17:30 13.25
20150421 17:40 12.25
20150421 17:50 11.75
20150421 18:00 10.375
20150421 18:10 10.625
20150421 18:20 10.25
20150421 18:30 10.625
20150421 18:40 9.125
20150421 18:50 9
20150421 19:00 9.25
20150421 19:10 8.875
20150421 19:20 8.375
20150421 19:30 8.25
20150421 19:40 8.125
20150421 19:50 8.125
20150421 20:00 7.875
20150421 20:10 7.875
20150421 20:20 8
20150421 20:30 7.75
20150421 20:40 7.75
20150421 20:50 7.875
20150421 21:00 7.875
20150421 21:10 7.875
20150421 21:20 7.75
20150421 21:30 7.875
20150421 21:40 8
20150421 21:50 7.75
20150421 22:00 7.75
20150421 22:10 7.625
20150421 22:20 7.375
20150421 22:30 7.125
20150421 22:40 7
20150421 22:50 7
20150421 23:00 7.125
20150421 23:10 7.25
20150421 23:20 7.25
20150421 23:30 7.25
20150421 23:40 7.25
20150421 23:50 7.125
