YYYYMMDD HH:MM measured temperature
20150705 00:00 20
20150705 00:10 20.25
20150705 00:20 20.125
20150705 00:30 20
20150705 00:40 20.125
20150705 00:50 20
20150705 01:00 20.125
20150705 01:10 20.125
20150705 01:20 19.875
20150705 01:30 19.875
20150705 01:40 19.75
20150705 01:50 19.75
20150705 02:00 19.75
20150705 02:10 19.75
20150705 02:20 19.75
20150705 02:30 20.125
20150705 02:40 20.5
20150705 02:50 20.625
20150705 03:00 20.5
20150705 03:10 20.25
20150705 03:20 19.875
20150705 03:30 20.25
20150705 03:40 20.625
20150705 03:50 20.75
20150705 04:00 20.625
20150705 04:10 20.5
20150705 04:20 20.5
20150705 04:30 20.375
20150705 04:40 20.375
20150705 04:50 20.375
20150705 05:00 20.375
20150705 05:10 20.25
20150705 05:20 20.25
20150705 05:30 20.25
20150705 05:40 20
20150705 05:50 20
20150705 06:00 19.875
20150705 06:10 19.875
20150705 06:20 19.875
20150705 06:30 19.875
20150705 06:40 19.875
20150705 06:50 20.125
20150705 07:00 20
20150705 07:10 20.125
20150705 07:20 19.875
20150705 07:30 20
20150705 07:40 20.125
20150705 07:50 20.25
20150705 08:00 20.125
20150705 08:10 20.5
20150705 08:20 20.625
20150705 08:30 21.125
20150705 08:40 21.625
20150705 08:50 21.75
20150705 09:00 22.5
20150705 09:10 22.625
20150705 09:20 22.875
20150705 09:30 23.375
20150705 09:40 24.125
20150705 09:50 23.375
20150705 10:00 23.875
20150705 10:10 24.25
20150705 10:20 24.375
20150705 10:30 24.5
20150705 10:40 24.125
20150705 10:50 24.25
20150705 11:00 26.375
20150705 11:10 26.5
20150705 11:20 26.625
20150705 11:30 25.5
20150705 11:40 27.125
20150705 11:50 26.5
20150705 12:00 26.625
20150705 12:10 26.625
20150705 12:20 27.75
20150705 12:30 26.875
20150705 12:40 26.625
20150705 12:50 26
20150705 13:00 25.375
20150705 13:10 24.875
20150705 13:20 25.375
20150705 13:30 25.125
20150705 13:40 25.75
20150705 13:50 26.125
20150705 14:00 25.75
20150705 14:10 25.25
20150705 14:20 24.875
20150705 14:30 24.5
20150705 14:40 24.125
20150705 14:50 23.5
20150705 15:00 24
20150705 15:10 23.625
20150705 15:20 23.75
20150705 15:30 24.25
20150705 15:40 24.25
20150705 15:50 23
20150705 16:00 22.5
20150705 16:10 22.625
20150705 16:20 22.5
20150705 16:30 23.25
20150705 16:40 23.375
20150705 16:50 25.625
20150705 17:00 25.125
20150705 17:10 23.875
20150705 17:20 23.875
20150705 17:30 24.125
20150705 17:40 23.5
20150705 17:50 23
20150705 18:00 22.625
20150705 18:10 22.375
20150705 18:20 22.375
20150705 18:30 22.5
20150705 18:40 22.5
20150705 18:50 22.25
20150705 19:00 21.875
20150705 19:10 22
20150705 19:20 21.875
20150705 19:30 21.5
20150705 19:40 21.625
20150705 19:50 21.5
20150705 20:00 21.5
20150705 20:10 21.25
20150705 20:20 21.125
20150705 20:30 21.25
20150705 20:40 21.25
20150705 20:50 21.25
20150705 21:00 21.5
20150705 21:10 21.5
20150705 21:20 21.125
20150705 21:30 21
20150705 21:40 20.75
20150705 21:50 20.625
20150705 22:00 20.5
20150705 22:10 20.375
20150705 22:20 20.25
20150705 22:30 20.125
20150705 22:40 20
20150705 22:50 19.75
20150705 23:00 19.5
20150705 23:10 19.375
20150705 23:20 19.25
20150705 23:30 19
20150705 23:40 18.875
20150705 23:50 18.75
