YYYYMMDD HH:MM measured temperature
20150203 00:00 0.625
20150203 00:10 0.75
20150203 00:20 0.625
20150203 00:30 0.625
20150203 00:40 0.5
20150203 00:50 0.5
20150203 01:00 0.5
20150203 01:10 0.5
20150203 01:20 0.625
20150203 01:30 0.5
20150203 01:40 0.25
20150203 01:50 -0.125
20150203 02:00 -0.25
20150203 02:10 -0.375
20150203 02:20 -0.375
20150203 02:30 -0.5
20150203 02:40 -0.125
20150203 02:50 -0.125
20150203 03:00 -0.25
20150203 03:10 -0.375
20150203 03:20 -0.625
20150203 03:30 -0.75
20150203 03:40 -0.75
20150203 03:50 -0.75
20150203 04:00 -0.75
20150203 04:10 -0.625
20150203 04:20 -0.625
20150203 04:30 -0.5
20150203 04:40 -0.375
20150203 04:50 -0.25
20150203 05:00 -0.125
20150203 05:10 -0.125
20150203 05:20 0
20150203 05:30 0
20150203 05:40 0
20150203 05:50 0
20150203 06:00 0.125
20150203 06:10 0.125
20150203 06:20 0.25
20150203 06:30 0.25
20150203 06:40 0.25
20150203 06:50 0.25
20150203 07:00 0.25
20150203 07:10 0.25
20150203 07:20 0.25
20150203 07:30 0.375
20150203 07:40 0.375
20150203 07:50 0.375
20150203 08:00 0.375
20150203 08:10 0.375
20150203 08:20 0.375
20150203 08:30 0.25
20150203 08:40 0.375
20150203 08:50 0.375
20150203 09:00 0.375
20150203 09:10 0.375
20150203 09:20 0.5
20150203 09:30 0.5
20150203 09:40 0.5
20150203 09:50 0.5
20150203 10:00 0.5
20150203 10:10 0.875
20150203 10:20 1
20150203 10:30 1
20150203 10:40 0.875
20150203 10:50 0.75
20150203 11:00 1.125
20150203 11:10 1.25
20150203 11:20 0.875
20150203 11:30 1.125
20150203 11:40 1.375
20150203 11:50 1.125
20150203 12:00 1.375
20150203 12:10 1.5
20150203 12:20 1.5
20150203 12:30 1.5
20150203 12:40 1.5
20150203 12:50 1.625
20150203 13:00 2
20150203 13:10 1.75
20150203 13:20 1.5
20150203 13:30 1.375
20150203 13:40 0.875
20150203 13:50 0
20150203 14:00 -0.25
20150203 14:10 0.25
20150203 14:20 -0.25
20150203 14:30 -0.375
20150203 14:40 -0.625
20150203 14:50 -0.5
20150203 15:00 -0.5
20150203 15:10 -0.125
20150203 15:20 0.125
20150203 15:30 -0.125
20150203 15:40 -0.125
20150203 15:50 -0.125
20150203 16:00 -0.375
20150203 16:10 -0.5
20150203 16:20 -0.625
20150203 16:30 -0.75
20150203 16:40 -0.875
20150203 16:50 -0.875
20150203 17:00 -0.875
20150203 17:10 -1.75
20150203 17:20 -1.375
20150203 17:30 -1.625
20150203 17:40 -1.875
20150203 17:50 -2
20150203 18:00 -2.125
20150203 18:10 -2.375
20150203 18:20 -2
20150203 18:30 -2.125
20150203 18:40 -2.25
20150203 18:50 -2.375
20150203 19:00 -2.25
20150203 19:10 -2
20150203 19:20 -2
20150203 19:30 -2
20150203 19:40 -2
20150203 19:50 -2
20150203 20:00 -2.25
20150203 20:10 -2.125
20150203 20:20 -2.25
20150203 20:30 -2.375
20150203 20:40 -2.375
20150203 20:50 -2.125
20150203 21:00 -2
20150203 21:10 -1.875
20150203 21:20 -1.875
20150203 21:30 -2
20150203 21:40 -1.875
20150203 21:50 -1.875
20150203 22:00 -1.875
20150203 22:10 -1.75
20150203 22:20 -2
20150203 22:30 -2.25
20150203 22:40 -2.5
20150203 22:50 -2.625
20150203 23:00 -2.75
20150203 23:10 -2.75
20150203 23:20 -2.625
20150203 23:30 -2.5
20150203 23:40 -2.5
20150203 23:50 -2.5
