YYYYMMDD HH:MM measured temperature
20150914 00:00 16.9375
20150914 00:10 85
20150914 00:20 16.875
20150914 00:30 16.75
20150914 00:40 16.75
20150914 00:50 16.625
20150914 01:00 16.5625
20150914 01:10 16.375
20150914 01:20 16.375
20150914 01:30 16.25
20150914 01:40 16.25
20150914 01:50 16.0625
20150914 02:00 15.875
20150914 02:10 15.875
20150914 02:20 15.6875
20150914 02:30 85
20150914 02:40 15.375
20150914 02:50 15.25
20150914 03:00 14.875
20150914 03:10 14.875
20150914 03:20 14.75
20150914 03:30 14.75
20150914 03:40 14.5625
20150914 03:50 85
20150914 04:00 14.4375
20150914 04:10 14.375
20150914 04:20 14.25
20150914 04:30 14.375
20150914 04:40 14.3125
20150914 04:50 85
20150914 05:00 14.125
20150914 05:10 14.125
20150914 05:20 85
20150914 05:30 14.1875
20150914 05:40 14.3125
20150914 05:50 14.4375
20150914 06:00 14.5
20150914 06:10 85
20150914 06:20 14.75
20150914 06:30 85
20150914 06:40 14.625
20150914 06:50 14.5625
20150914 07:00 14.6875
20150914 07:10 14.875
20150914 07:20 15
20150914 07:30 85
20150914 07:40 85
20150914 07:50 15.375
20150914 08:00 15.375
20150914 08:10 15.4375
20150914 08:20 15.625
20150914 08:30 15.75
20150914 08:40 15.6875
20150914 08:50 85
20150914 09:00 16
20150914 09:10 15.875
20150914 09:20 15.9375
20150914 09:30 16
20150914 09:40 16.0625
20150914 09:50 16.3125
20150914 10:00 16.875
20150914 10:10 16.875
20150914 10:20 16.875
20150914 10:30 16.875
20150914 10:40 16.875
20150914 10:50 16.75
20150914 11:00 16.75
20150914 11:10 16.75
20150914 11:20 16.625
20150914 11:30 16.75
20150914 11:40 16.625
20150914 11:50 16.625
20150914 12:00 16.625
20150914 12:10 16.625
20150914 12:20 16.5
20150914 12:30 16.5
20150914 12:40 16.5
20150914 12:50 16.625
20150914 13:00 16.75
20150914 13:10 16.625
20150914 13:20 16.625
20150914 13:30 16.5
20150914 13:40 16.75
20150914 13:50 16.5
20150914 14:00 16.5
20150914 14:10 16.25
20150914 14:20 16.25
20150914 14:30 16.25
20150914 14:40 16.375
20150914 14:50 16.375
20150914 15:00 17.375
20150914 15:10 17.625
20150914 15:20 17.5
20150914 15:30 17.875
20150914 15:40 17.5
20150914 15:50 17.375
20150914 16:00 17.5
20150914 16:10 18
20150914 16:20 18.875
20150914 16:30 18.375
20150914 16:40 19.125
20150914 16:50 18.25
20150914 17:00 18.875
20150914 17:10 19
20150914 17:20 19.125
20150914 17:30 19.125
20150914 17:40 19.125
20150914 17:50 19.25
20150914 18:00 18.75
20150914 18:10 18.75
20150914 18:20 18.75
20150914 18:30 18.5
20150914 18:40 18.125
20150914 18:50 17.875
20150914 19:00 17.375
20150914 19:10 17.125
20150914 19:20 16.875
20150914 19:30 16.625
20150914 19:40 16.875
20150914 19:50 16.5
20150914 20:00 16.5
20150914 20:10 16.25
20150914 20:20 16.25
20150914 20:30 16.25
20150914 20:40 16.375
20150914 20:50 16.25
20150914 21:00 15.75
20150914 21:10 15.375
20150914 21:20 14.875
20150914 21:30 14.375
20150914 21:40 14.375
20150914 21:50 14.25
20150914 22:00 14.125
20150914 22:10 14
20150914 22:20 14.125
20150914 22:30 14.25
20150914 22:40 14.125
20150914 22:50 14.125
20150914 23:00 13.875
20150914 23:10 13.75
20150914 23:20 13.625
20150914 23:30 13.625
20150914 23:40 13.75
20150914 23:50 13.875
