YYYYMMDD HH:MM measured temperature
20150403 00:00 3.125
20150403 00:10 3.25
20150403 00:20 3.125
20150403 00:30 3
20150403 00:40 3.125
20150403 00:50 3.125
20150403 01:00 2.875
20150403 01:10 3
20150403 01:20 3
20150403 01:30 3
20150403 01:40 3.25
20150403 01:50 3.375
20150403 02:00 3.375
20150403 02:10 3.375
20150403 02:20 3.375
20150403 02:30 3.5
20150403 02:40 3.625
20150403 02:50 3.625
20150403 03:00 3.625
20150403 03:10 3.5
20150403 03:20 3.5
20150403 03:30 3.25
20150403 03:40 3.25
20150403 03:50 3.375
20150403 04:00 3.375
20150403 04:10 3.5
20150403 04:20 3.5
20150403 04:30 3.5
20150403 04:40 3.5
20150403 04:50 3.5
20150403 05:00 3.375
20150403 05:10 3.375
20150403 05:20 3.375
20150403 05:30 3.25
20150403 05:40 3.375
20150403 05:50 3.375
20150403 06:00 3.5
20150403 06:10 3.5
20150403 06:20 3.5
20150403 06:30 3.625
20150403 06:40 3.5
20150403 06:50 3.5
20150403 07:00 3.625
20150403 07:10 3.5
20150403 07:20 3.5
20150403 07:30 3.5
20150403 07:40 3.5
20150403 07:50 3.75
20150403 08:00 3.875
20150403 08:10 3.75
20150403 08:20 3.875
20150403 08:30 4.375
20150403 08:40 4.875
20150403 08:50 5.25
20150403 09:00 5.625
20150403 09:10 6.125
20150403 09:20 5.625
20150403 09:30 5.625
20150403 09:40 5.5
20150403 09:50 5.5
20150403 10:00 6
20150403 10:10 5.375
20150403 10:20 6.5
20150403 10:30 7.25
20150403 10:40 8.5
20150403 10:50 6.875
20150403 11:00 6.375
20150403 11:10 6
20150403 11:20 5.125
20150403 11:30 5.25
20150403 11:40 6.25
20150403 11:50 7.625
20150403 12:00 7.75
20150403 12:10 9.625
20150403 12:20 9.25
20150403 12:30 11.625
20150403 12:40 10
20150403 12:50 11.125
20150403 13:00 8
20150403 13:10 7.375
20150403 13:20 11.75
20150403 13:30 11.5
20150403 13:40 14.125
20150403 13:50 8.5
20150403 14:00 10.125
20150403 14:10 12.125
20150403 14:20 10.875
20150403 14:30 12.25
20150403 14:40 10.125
20150403 14:50 10.125
20150403 15:00 9.75
20150403 15:10 8.125
20150403 15:20 11.625
20150403 15:30 9.875
20150403 15:40 8.375
20150403 15:50 8.375
20150403 16:00 7.875
20150403 16:10 8.875
20150403 16:20 9.625
20150403 16:30 8.25
20150403 16:40 8
20150403 16:50 8.125
20150403 17:00 8.875
20150403 17:10 8.25
20150403 17:20 7.75
20150403 17:30 7.875
20150403 17:40 8.5
20150403 17:50 8.125
20150403 18:00 8.5
20150403 18:10 7.75
20150403 18:20 7.5
20150403 18:30 7
20150403 18:40 7
20150403 18:50 6.375
20150403 19:00 6.5
20150403 19:10 6.5
20150403 19:20 6.25
20150403 19:30 6
20150403 19:40 5.625
20150403 19:50 5.25
20150403 20:00 5
20150403 20:10 4.625
20150403 20:20 4.375
20150403 20:30 4.25
20150403 20:40 4.25
20150403 20:50 3.875
20150403 21:00 3.625
20150403 21:10 3.375
20150403 21:20 3.5
20150403 21:30 3
20150403 21:40 2.875
20150403 21:50 2.625
20150403 22:00 2.625
20150403 22:10 2.5
20150403 22:20 2.375
20150403 22:30 1.75
20150403 22:40 1.75
20150403 22:50 1.625
20150403 23:00 1.5
20150403 23:10 1.5
20150403 23:20 1.25
20150403 23:30 1
20150403 23:40 1
20150403 23:50 0.75
