YYYYMMDD HH:MM measured temperature
20150916 00:00 11.875
20150916 00:10 11.625
20150916 00:20 11.625
20150916 00:30 11.625
20150916 00:40 11.625
20150916 00:50 11.625
20150916 01:00 11.375
20150916 01:10 11.25
20150916 01:20 11.375
20150916 01:30 11.25
20150916 01:40 11.125
20150916 01:50 11.125
20150916 02:00 11.25
20150916 02:10 11
20150916 02:20 11.125
20150916 02:30 11
20150916 02:40 11
20150916 02:50 10.5
20150916 03:00 11
20150916 03:10 11.125
20150916 03:20 11.125
20150916 03:30 11.125
20150916 03:40 11.125
20150916 03:50 11.125
20150916 04:00 11.125
20150916 04:10 11.125
20150916 04:20 11.125
20150916 04:30 11
20150916 04:40 11
20150916 04:50 11
20150916 05:00 11
20150916 05:10 11
20150916 05:20 11
20150916 05:30 11.125
20150916 05:40 11
20150916 05:50 10.75
20150916 06:00 10.625
20150916 06:10 10.75
20150916 06:20 10.625
20150916 06:30 10.625
20150916 06:40 10.625
20150916 06:50 10.75
20150916 07:00 11
20150916 07:10 11
20150916 07:20 11.25
20150916 07:30 11.5
20150916 07:40 11.5
20150916 07:50 11.875
20150916 08:00 11.875
20150916 08:10 12.125
20150916 08:20 12.375
20150916 08:30 12.5
20150916 08:40 12.625
20150916 08:50 12.875
20150916 09:00 12.5
20150916 09:10 12.5
20150916 09:20 12.625
20150916 09:30 12.75
20150916 09:40 13.25
20150916 09:50 13
20150916 10:00 13.125
20150916 10:10 13.5
20150916 10:20 14
20150916 10:30 14.375
20150916 10:40 14.5
20150916 10:50 14
20150916 11:00 14
20150916 11:10 14.125
20150916 11:20 14.375
20150916 11:30 14.625
20150916 11:40 14.625
20150916 11:50 14.75
20150916 12:00 14.75
20150916 12:10 14.75
20150916 12:20 15.25
20150916 12:30 15.25
20150916 12:40 15.375
20150916 12:50 15.125
20150916 13:00 15.375
20150916 13:10 15.5
20150916 13:20 16.125
20150916 13:30 16.375
20150916 13:40 16.625
20150916 13:50 17.25
20150916 14:00 16.875
20150916 14:10 16.625
20150916 14:20 16.75
20150916 14:30 17
20150916 14:40 16.625
20150916 14:50 16.5
20150916 15:00 16.5
20150916 15:10 16.75
20150916 15:20 16.625
20150916 15:30 16.625
20150916 15:40 16.5
20150916 15:50 16.375
20150916 16:00 16.375
20150916 16:10 16.125
20150916 16:20 16.125
20150916 16:30 16.125
20150916 16:40 16.125
20150916 16:50 16.125
20150916 17:00 16.75
20150916 17:10 16.875
20150916 17:20 17
20150916 17:30 16.625
20150916 17:40 16.5
20150916 17:50 16.625
20150916 18:00 16.625
20150916 18:10 16.5
20150916 18:20 16.5
20150916 18:30 16.5
20150916 18:40 16.375
20150916 18:50 16.375
20150916 19:00 16.375
20150916 19:10 16.375
20150916 19:20 16.375
20150916 19:30 16.375
20150916 19:40 16.5
20150916 19:50 16.375
20150916 20:00 16.5
20150916 20:10 16.5
20150916 20:20 16.625
20150916 20:30 16.75
20150916 20:40 16.625
20150916 20:50 16.625
20150916 21:00 16.75
20150916 21:10 16.875
20150916 21:20 16.75
20150916 21:30 16.5
20150916 21:40 16.5
20150916 21:50 16.25
20150916 22:00 16.25
20150916 22:10 16.125
20150916 22:20 16
20150916 22:30 15.875
20150916 22:40 15.875
20150916 22:50 15.875
20150916 23:00 15.875
20150916 23:10 15.875
20150916 23:20 15.875
20150916 23:30 15.875
20150916 23:40 15.875
20150916 23:50 15.875
