YYYYMMDD HH:MM measured temperature
20150621 00:00 9
20150621 00:10 8.875
20150621 00:20 8.875
20150621 00:30 8.75
20150621 00:40 8.5
20150621 00:50 8.25
20150621 01:00 8.125
20150621 01:10 8.25
20150621 01:20 8.375
20150621 01:30 8.125
20150621 01:40 8
20150621 01:50 8.125
20150621 02:00 7.75
20150621 02:10 7.625
20150621 02:20 7.75
20150621 02:30 7.625
20150621 02:40 7.625
20150621 02:50 7.375
20150621 03:00 7.75
20150621 03:10 8
20150621 03:20 8
20150621 03:30 7.875
20150621 03:40 8.125
20150621 03:50 7.875
20150621 04:00 8
20150621 04:10 7.5
20150621 04:20 7.5
20150621 04:30 7.25
20150621 04:40 7.125
20150621 04:50 7
20150621 05:00 6.875
20150621 05:10 6.75
20150621 05:20 6.75
20150621 05:30 6.875
20150621 05:40 7.125
20150621 05:50 7.375
20150621 06:00 8
20150621 06:10 8.375
20150621 06:20 8.75
20150621 06:30 9
20150621 06:40 9.25
20150621 06:50 9.625
20150621 07:00 9.625
20150621 07:10 9.5
20150621 07:20 9.625
20150621 07:30 9.875
20150621 07:40 10.25
20150621 07:50 10.75
20150621 08:00 11.25
20150621 08:10 12
20150621 08:20 13
20150621 08:30 13.75
20150621 08:40 14
20150621 08:50 14.125
20150621 09:00 14.125
20150621 09:10 14.5
20150621 09:20 14.875
20150621 09:30 14.75
20150621 09:40 14.625
20150621 09:50 14.875
20150621 10:00 15.5
20150621 10:10 15.375
20150621 10:20 15.25
20150621 10:30 17
20150621 10:40 16.125
20150621 10:50 16.25
20150621 11:00 16
20150621 11:10 16.125
20150621 11:20 16.625
20150621 11:30 17.375
20150621 11:40 18.125
20150621 11:50 16.5
20150621 12:00 16.625
20150621 12:10 18.25
20150621 12:20 16.5
20150621 12:30 17.75
20150621 12:40 17.625
20150621 12:50 18
20150621 13:00 18.125
20150621 13:10 17.75
20150621 13:20 17.75
20150621 13:30 18.125
20150621 13:40 17.125
20150621 13:50 18.375
20150621 14:00 18.875
20150621 14:10 19
20150621 14:20 17.875
20150621 14:30 19
20150621 14:40 19.5
20150621 14:50 19.25
20150621 15:00 19
20150621 15:10 18.625
20150621 15:20 18.25
20150621 15:30 18.875
20150621 15:40 19.125
20150621 15:50 19.25
20150621 16:00 19.75
20150621 16:10 19.375
20150621 16:20 18.75
20150621 16:30 19.25
20150621 16:40 18.25
20150621 16:50 18.625
20150621 17:00 18.875
20150621 17:10 18.625
20150621 17:20 18.625
20150621 17:30 18
20150621 17:40 17.625
20150621 17:50 18.625
20150621 18:00 19.375
20150621 18:10 18.75
20150621 18:20 18.25
20150621 18:30 17.75
20150621 18:40 18
20150621 18:50 17.875
20150621 19:00 17.5
20150621 19:10 17.5
20150621 19:20 17.5
20150621 19:30 17.375
20150621 19:40 17.25
20150621 19:50 17.25
20150621 20:00 16.875
20150621 20:10 16.625
20150621 20:20 16.5
20150621 20:30 16.375
20150621 20:40 16.25
20150621 20:50 16.125
20150621 21:00 16.125
20150621 21:10 16
20150621 21:20 15.75
20150621 21:30 15.625
20150621 21:40 15.375
20150621 21:50 15
20150621 22:00 15
20150621 22:10 14.875
20150621 22:20 15
20150621 22:30 15
20150621 22:40 15
20150621 22:50 14.875
20150621 23:00 14.875
20150621 23:10 14.625
20150621 23:20 13.75
20150621 23:30 12.625
20150621 23:40 12.25
20150621 23:50 12.375
