YYYYMMDD HH:MM measured temperature
20150713 00:00 15.375
20150713 00:10 15.375
20150713 00:20 15.375
20150713 00:30 15.25
20150713 00:40 15.25
20150713 00:50 15.25
20150713 01:00 15.25
20150713 01:10 15.125
20150713 01:20 15.125
20150713 01:30 15.125
20150713 01:40 15
20150713 01:50 15
20150713 02:00 15
20150713 02:10 15
20150713 02:20 15
20150713 02:30 15
20150713 02:40 15
20150713 02:50 15
20150713 03:00 15
20150713 03:10 14.875
20150713 03:20 14.75
20150713 03:30 14.75
20150713 03:40 14.875
20150713 03:50 14.875
20150713 04:00 15
20150713 04:10 15
20150713 04:20 15.125
20150713 04:30 15.125
20150713 04:40 15.25
20150713 04:50 15.25
20150713 05:00 15.25
20150713 05:10 15.25
20150713 05:20 15.25
20150713 05:30 15.25
20150713 05:40 15.375
20150713 05:50 15.25
20150713 06:00 15.25
20150713 06:10 15.25
20150713 06:20 15.375
20150713 06:30 15.375
20150713 06:40 15.5
20150713 06:50 15.625
20150713 07:00 15.875
20150713 07:10 16
20150713 07:20 16.125
20150713 07:30 16.25
20150713 07:40 16.375
20150713 07:50 16.75
20150713 08:00 16.25
20150713 08:10 16.5
20150713 08:20 16.875
20150713 08:30 17.375
20150713 08:40 17.125
20150713 08:50 17.375
20150713 09:00 17.5
20150713 09:10 17.5
20150713 09:20 18.375
20150713 09:30 18.625
20150713 09:40 19
20150713 09:50 18.5
20150713 10:00 18.125
20150713 10:10 18.875
20150713 10:20 19.125
20150713 10:30 19.125
20150713 10:40 19.375
20150713 10:50 19.875
20150713 11:00 19.25
20150713 11:10 19.25
20150713 11:20 19.375
20150713 11:30 20.875
20150713 11:40 20.25
20150713 11:50 19.625
20150713 12:00 19.375
20150713 12:10 19.875
20150713 12:20 19.25
20150713 12:30 19.625
20150713 12:40 20.375
20150713 12:50 20.5
20150713 13:00 20.25
20150713 13:10 20.5
20150713 13:20 20.375
20150713 13:30 20.375
20150713 13:40 20
20150713 13:50 19.25
20150713 14:00 19.25
20150713 14:10 19.125
20150713 14:20 18
20150713 14:30 18
20150713 14:40 18.375
20150713 14:50 18.875
20150713 15:00 19.125
20150713 15:10 19.125
20150713 15:20 18.5
20150713 15:30 18.25
20150713 15:40 18
20150713 15:50 17.875
20150713 16:00 18
20150713 16:10 17.75
20150713 16:20 17.125
20150713 16:30 17
20150713 16:40 17.375
20150713 16:50 17.375
20150713 17:00 17.5
20150713 17:10 17.5
20150713 17:20 17.5
20150713 17:30 17.625
20150713 17:40 17.5
20150713 17:50 17.25
20150713 18:00 17.125
20150713 18:10 17
20150713 18:20 17
20150713 18:30 17
20150713 18:40 17.25
20150713 18:50 17.25
20150713 19:00 16.75
20150713 19:10 16.375
20150713 19:20 16.375
20150713 19:30 16.375
20150713 19:40 16.5
20150713 19:50 16.375
20150713 20:00 16.375
20150713 20:10 16.375
20150713 20:20 16.375
20150713 20:30 16.375
20150713 20:40 16.375
20150713 20:50 16.25
20150713 21:00 16.125
20150713 21:10 16
20150713 21:20 16
20150713 21:30 15.875
20150713 21:40 15.75
20150713 21:50 15.625
20150713 22:00 15.5
20150713 22:10 15.625
20150713 22:20 15.375
20150713 22:30 15.5
20150713 22:40 15.5
20150713 22:50 15.5
20150713 23:00 15.5
20150713 23:10 15.5
20150713 23:20 15.5
20150713 23:30 15.375
20150713 23:40 15.375
20150713 23:50 15.375
