YYYYMMDD HH:MM measured temperature
20150215 18:10 1.5
20150215 18:20 1.25
20150215 18:30 1.125
20150215 18:40 1.625
20150215 18:50 2
20150215 19:00 1.75
20150215 19:10 1.625
20150215 19:20 1.625
20150215 19:30 1.5
20150215 19:40 1.625
20150215 19:50 1.625
20150215 20:00 1.75
20150215 20:10 1.75
20150215 20:20 1.625
20150215 20:30 1.75
20150215 20:40 1.625
20150215 20:50 1.625
20150215 21:00 1.625
20150215 21:10 1.5
20150215 21:20 1.375
20150215 21:30 1.375
20150215 21:40 1.25
20150215 21:50 1.25
20150215 22:00 1.5
20150215 22:10 1.625
20150215 22:20 2
20150215 22:30 2.25
20150215 22:40 2.25
20150215 22:50 2.5
20150215 23:00 2.5
20150215 23:10 2.5
20150215 23:20 2.5
20150215 23:30 2.5
20150215 23:40 2.625
20150215 23:50 2.625
