YYYYMMDD HH:MM measured temperature
20150329 00:00 8.75
20150329 00:10 8.75
20150329 00:20 8.875
20150329 00:30 8.875
20150329 00:40 8.875
20150329 00:50 8.875
20150329 01:00 8.875
20150329 01:10 9
20150329 01:20 9
20150329 01:30 9.125
20150329 01:40 9.25
20150329 01:50 9.375
20150329 02:00 9.5
20150329 02:10 9.5
20150329 02:20 9.625
20150329 02:30 9.75
20150329 02:40 9.75
20150329 02:50 9.75
20150329 03:00 9.75
20150329 03:10 9.75
20150329 03:20 9.875
20150329 03:30 9.875
20150329 03:40 9.875
20150329 03:50 10
20150329 04:00 10
20150329 04:10 10
20150329 04:20 10.125
20150329 04:30 10.125
20150329 04:40 10.125
20150329 04:50 10.125
20150329 05:00 10.125
20150329 05:10 10
20150329 05:20 10
20150329 05:30 10
20150329 05:40 10
20150329 05:50 9.75
20150329 06:00 9.75
20150329 06:10 9.625
20150329 06:20 9.625
20150329 06:30 9.625
20150329 06:40 9.375
20150329 06:50 9.375
20150329 07:00 9.25
20150329 07:10 9.25
20150329 07:20 9.125
20150329 07:30 9.125
20150329 07:40 9
20150329 07:50 9
20150329 08:00 9.125
20150329 08:10 9.125
20150329 08:20 9.25
20150329 08:30 9.375
20150329 08:40 9.375
20150329 08:50 9.375
20150329 09:00 9.25
20150329 09:10 9.25
20150329 09:20 9.375
20150329 09:30 9.25
20150329 09:40 9.25
20150329 09:50 9
20150329 10:00 8.875
20150329 10:10 9
20150329 10:20 8.875
20150329 10:30 8.75
20150329 10:40 8.75
20150329 10:50 9.25
20150329 11:00 9
20150329 11:10 8.875
20150329 11:20 8.875
20150329 11:30 9.25
20150329 11:40 9.25
20150329 11:50 9.375
20150329 12:00 9.375
20150329 12:10 9.25
20150329 12:20 9.75
20150329 12:30 10
20150329 12:40 10
20150329 12:50 9.75
20150329 13:00 9.5
20150329 13:10 9.375
20150329 13:20 9.125
20150329 13:30 9.125
20150329 13:40 9
20150329 13:50 9.125
20150329 14:00 8.875
20150329 14:10 9
20150329 14:20 7.75
20150329 14:30 8
20150329 14:40 8.25
20150329 14:50 8.75
20150329 15:00 8.75
20150329 15:10 8.625
20150329 15:20 8.625
20150329 15:30 8.75
20150329 15:40 8.75
20150329 15:50 8.875
20150329 16:00 8.625
20150329 16:10 8
20150329 16:20 8
20150329 16:30 8
20150329 16:40 8.5
20150329 16:50 8.75
20150329 17:00 8.75
20150329 17:10 9.25
20150329 17:20 9.125
20150329 17:30 9
20150329 17:40 8.75
20150329 17:50 8.5
20150329 18:00 8.5
20150329 18:10 8.375
20150329 18:20 8.375
20150329 18:30 8.375
20150329 18:40 8.25
20150329 18:50 8.25
20150329 19:00 8.25
20150329 19:10 8.25
20150329 19:20 8.375
20150329 19:30 8.375
20150329 19:40 8.625
20150329 19:50 8.75
20150329 20:00 8.75
20150329 20:10 8.875
20150329 20:20 8.875
20150329 20:30 8.875
20150329 20:40 9
20150329 20:50 9.25
20150329 21:00 9.625
20150329 21:10 9.625
20150329 21:20 9.75
20150329 21:30 9.625
20150329 21:40 9.5
20150329 21:50 9.375
20150329 22:00 9
20150329 22:10 9
20150329 22:20 9
20150329 22:30 8.5
20150329 22:40 7.125
20150329 22:50 6
20150329 23:00 5.5
20150329 23:10 5.25
20150329 23:20 5
20150329 23:30 5.125
20150329 23:40 5.125
20150329 23:50 5.25
