YYYYMMDD HH:MM measured temperature
20150523 00:00 13.375
20150523 00:10 13
20150523 00:20 13
20150523 00:30 13
20150523 00:40 13.25
20150523 00:50 13
20150523 01:00 13
20150523 01:10 13.125
20150523 01:20 13
20150523 01:30 12.625
20150523 01:40 12.625
20150523 01:50 12.5
20150523 02:00 12.625
20150523 02:10 12.5
20150523 02:20 12.5
20150523 02:30 12.375
20150523 02:40 12.125
20150523 02:50 12.125
20150523 03:00 12
20150523 03:10 12
20150523 03:20 12
20150523 03:30 11.75
20150523 03:40 12
20150523 03:50 12
20150523 04:00 11.625
20150523 04:10 11.75
20150523 04:20 11.375
20150523 04:30 11.625
20150523 04:40 11.25
20150523 04:50 11.125
20150523 05:00 11
20150523 05:10 11
20150523 05:20 11.125
20150523 05:30 11
20150523 05:40 11.375
20150523 05:50 11.375
20150523 06:00 11.75
20150523 06:10 11.875
20150523 06:20 12
20150523 06:30 12
20150523 06:40 12.125
20150523 06:50 12.25
20150523 07:00 12.5
20150523 07:10 13
20150523 07:20 13
20150523 07:30 13.25
20150523 07:40 13.5
20150523 07:50 13.375
20150523 08:00 13.5
20150523 08:10 13.5
20150523 08:20 13.375
20150523 08:30 13.375
20150523 08:40 13.25
20150523 08:50 13.125
20150523 09:00 12.5
20150523 09:10 12.625
20150523 09:20 12.25
20150523 09:30 12.125
20150523 09:40 12
20150523 09:50 11.875
20150523 10:00 11.625
20150523 10:10 10.75
20150523 10:20 10.75
20150523 10:30 10.75
20150523 10:40 10.625
20150523 10:50 11.125
20150523 11:00 10.625
20150523 11:10 10.625
20150523 11:20 10.875
20150523 11:30 11.125
20150523 11:40 10.625
20150523 11:50 10.625
20150523 12:00 10.25
20150523 12:10 10.375
20150523 12:20 10.5
20150523 12:30 10.5
20150523 12:40 10.5
20150523 12:50 11.125
20150523 13:00 10.625
20150523 13:10 11.75
20150523 13:20 12.25
20150523 13:30 11.375
20150523 13:40 13.25
20150523 13:50 12.75
20150523 14:00 13.375
20150523 14:10 14.875
20150523 14:20 16.625
20150523 14:30 15.875
20150523 14:40 16.25
20150523 14:50 15.75
20150523 15:00 15.125
20150523 15:10 15.625
20150523 15:20 16.375
20150523 15:30 16.5
20150523 15:40 16.5
20150523 15:50 16.125
20150523 16:00 16
20150523 16:10 16.125
20150523 16:20 16
20150523 16:30 15.75
20150523 16:40 15.75
20150523 16:50 15.375
20150523 17:00 15.5
20150523 17:10 15
20150523 17:20 14.75
20150523 17:30 14.375
20150523 17:40 14.5
20150523 17:50 14.5
20150523 18:00 13.875
20150523 18:10 14
20150523 18:20 13.875
20150523 18:30 13.375
20150523 18:40 13.75
20150523 18:50 13.75
20150523 19:00 13
20150523 19:10 13.125
20150523 19:20 12.875
20150523 19:30 12.625
20150523 19:40 12.625
20150523 19:50 12.25
20150523 20:00 12.125
20150523 20:10 11.75
20150523 20:20 11.375
20150523 20:30 11
20150523 20:40 10.75
20150523 20:50 10.5
20150523 21:00 10.375
20150523 21:10 10
20150523 21:20 9.75
20150523 21:30 9.625
20150523 21:40 9.375
20150523 21:50 9
20150523 22:00 8.75
20150523 22:10 8.5
20150523 22:20 8.125
20150523 22:30 8
20150523 22:40 7.875
20150523 22:50 7.75
20150523 23:00 7.75
20150523 23:10 7.625
20150523 23:20 7.25
20150523 23:30 7.125
20150523 23:40 6.875
20150523 23:50 6.375
