YYYYMMDD HH:MM measured temperature
20150802 00:00 12.875
20150802 00:10 12.5
20150802 00:20 12.375
20150802 00:30 12.375
20150802 00:40 12
20150802 00:50 12
20150802 01:00 12
20150802 01:10 12.25
20150802 01:20 11.5
20150802 01:30 11.375
20150802 01:40 11.5
20150802 01:50 11.125
20150802 02:00 11.125
20150802 02:10 11.125
20150802 02:20 11
20150802 02:30 11
20150802 02:40 10.625
20150802 02:50 10.625
20150802 03:00 10.375
20150802 03:10 10.125
20150802 03:20 10.125
20150802 03:30 10.125
20150802 03:40 10.125
20150802 03:50 9.75
20150802 04:00 9.875
20150802 04:10 9.625
20150802 04:20 9.75
20150802 04:30 9.625
20150802 04:40 9.25
20150802 04:50 9.6875
20150802 05:00 9.625
20150802 05:10 9.125
20150802 05:20 9
20150802 05:30 8.875
20150802 05:40 8.75
20150802 05:50 8.625
20150802 06:00 8.625
20150802 06:10 8.75
20150802 06:20 8.75
20150802 06:30 8.875
20150802 06:40 8.9375
20150802 06:50 9.25
20150802 07:00 10.0625
20150802 07:10 10.5
20150802 07:20 10.75
20150802 07:30 11.25
20150802 07:40 11.5
20150802 07:50 11.875
20150802 08:00 12.125
20150802 08:10 13
20150802 08:20 13.25
20150802 08:30 14.5
20150802 08:40 15.375
20150802 08:50 15.875
20150802 09:00 16.75
20150802 09:10 17.375
20150802 09:20 17.625
20150802 09:30 17.75
20150802 09:40 18.25
20150802 09:50 18.5
20150802 10:00 18.875
20150802 10:10 18.875
20150802 10:20 19.25
20150802 10:30 19.625
20150802 10:40 19.5
20150802 10:50 20
20150802 11:00 20.125
20150802 11:10 20.5
20150802 11:20 20.5
20150802 11:30 20.5
20150802 11:40 21.875
20150802 11:50 20.875
20150802 12:00 21.25
20150802 12:10 21.375
20150802 12:20 21.5
20150802 12:30 21.375
20150802 12:40 21.25
20150802 12:50 22.125
20150802 13:00 22.5
20150802 13:10 23.125
20150802 13:20 22.875
20150802 13:30 23.5
20150802 13:40 23.375
20150802 13:50 22.625
20150802 14:00 22.625
20150802 14:10 23.75
20150802 14:20 23.75
20150802 14:30 22.5
20150802 14:40 23
20150802 14:50 23.5
20150802 15:00 24.25
20150802 15:10 24.125
20150802 15:20 22.125
20150802 15:30 23.5
20150802 15:40 23.5
20150802 15:50 22.5
20150802 16:00 23.125
20150802 16:10 22.5
20150802 16:20 23.125
20150802 16:30 22.75
20150802 16:40 22.625
20150802 16:50 23.375
20150802 17:00 23.75
20150802 17:10 22.75
20150802 17:20 22.625
20150802 17:30 22.125
20150802 17:40 23.375
20150802 17:50 22.125
20150802 18:00 22
20150802 18:10 22
20150802 18:20 21.375
20150802 18:30 21.375
20150802 18:40 21.5
20150802 18:50 21.375
20150802 19:00 21.125
20150802 19:10 21.5
20150802 19:20 21.5
20150802 19:30 20.5
20150802 19:40 20.25
20150802 19:50 20.125
20150802 20:00 19.625
20150802 20:10 19.375
20150802 20:20 19.125
20150802 20:30 18.25
20150802 20:40 17.875
20150802 20:50 17.625
20150802 21:00 17.25
20150802 21:10 17
20150802 21:20 16.625
20150802 21:30 16.375
20150802 21:40 16
20150802 21:50 15.75
20150802 22:00 15.625
20150802 22:10 15.375
20150802 22:20 15.125
20150802 22:30 15
20150802 22:40 14.875
20150802 22:50 14.5
20150802 23:00 14.5
20150802 23:10 14.25
20150802 23:20 14.375
20150802 23:30 14.125
20150802 23:40 13.875
20150802 23:50 13.75
