YYYYMMDD HH:MM measured temperature
20150506 00:00 9.25
20150506 00:10 9.375
20150506 00:20 9.625
20150506 00:30 9.625
20150506 00:40 9.5
20150506 00:50 9.125
20150506 01:00 9.25
20150506 01:10 8.75
20150506 01:20 8.75
20150506 01:30 8.5
20150506 01:40 8.625
20150506 01:50 8.875
20150506 02:00 8.875
20150506 02:10 8.75
20150506 02:20 8.25
20150506 02:30 7.875
20150506 02:40 7.625
20150506 02:50 7.375
20150506 03:00 7.625
20150506 03:10 7.75
20150506 03:20 7.75
20150506 03:30 7.5
20150506 03:40 7.25
20150506 03:50 7.5
20150506 04:00 7.375
20150506 04:10 7.75
20150506 04:20 7.875
20150506 04:30 7.875
20150506 04:40 7.5
20150506 04:50 7.375
20150506 05:00 7.75
20150506 05:10 7.625
20150506 05:20 7.875
20150506 05:30 7.75
20150506 05:40 7.5
20150506 05:50 7.625
20150506 06:00 7.75
20150506 06:10 7.625
20150506 06:20 7.625
20150506 06:30 7.5
20150506 06:40 8.25
20150506 06:50 8.75
20150506 07:00 8.75
20150506 07:10 9.375
20150506 07:20 9.75
20150506 07:30 10
20150506 07:40 10.375
20150506 07:50 11
20150506 08:00 11.375
20150506 08:10 11.75
20150506 08:20 12.375
20150506 08:30 12.875
20150506 08:40 13.25
20150506 08:50 13.625
20150506 09:00 13.75
20150506 09:10 14.125
20150506 09:20 14.125
20150506 09:30 14.5
20150506 09:40 14.875
20150506 09:50 15.375
20150506 10:00 15.5
20150506 10:10 15.5
20150506 10:20 15.75
20150506 10:30 15.625
20150506 10:40 15.125
20150506 10:50 16
20150506 11:00 17.125
20150506 11:10 16.5
20150506 11:20 17.125
20150506 11:30 16.875
20150506 11:40 17.25
20150506 11:50 16.625
20150506 12:00 16
20150506 12:10 16.875
20150506 12:20 16.875
20150506 12:30 16.125
20150506 12:40 16.25
20150506 12:50 16.25
20150506 13:00 17.25
20150506 13:10 17.75
20150506 13:20 17.875
20150506 13:30 17.75
20150506 13:40 17.875
20150506 13:50 17.5
20150506 14:00 17.125
20150506 14:10 17.75
20150506 14:20 18.75
20150506 14:30 18.375
20150506 14:40 18.875
20150506 14:50 17.75
20150506 15:00 17.125
20150506 15:10 18.375
20150506 15:20 17.75
20150506 15:30 18
20150506 15:40 18.25
20150506 15:50 18.5
20150506 16:00 18.375
20150506 16:10 17.625
20150506 16:20 18
20150506 16:30 18.375
20150506 16:40 17.625
20150506 16:50 17.375
20150506 17:00 17.125
20150506 17:10 16.625
20150506 17:20 15.25
20150506 17:30 13
20150506 17:40 13.5
20150506 17:50 13.25
20150506 18:00 13.5
20150506 18:10 14.125
20150506 18:20 13.875
20150506 18:30 14
20150506 18:40 14.5
20150506 18:50 13.625
20150506 19:00 13.5
20150506 19:10 12.25
20150506 19:20 11.875
20150506 19:30 11.5
20150506 19:40 11.25
20150506 19:50 11
20150506 20:00 11.125
20150506 20:10 11
20150506 20:20 10.125
20150506 20:30 9.875
20150506 20:40 9.625
20150506 20:50 9.625
20150506 21:00 9
20150506 21:10 8.625
20150506 21:20 8.625
20150506 21:30 8.5
20150506 21:40 8.125
20150506 21:50 8.25
20150506 22:00 8.25
20150506 22:10 8.25
20150506 22:20 8.625
20150506 22:30 8.625
20150506 22:40 8.75
20150506 22:50 8.625
20150506 23:00 8.375
20150506 23:10 8.25
20150506 23:20 8.375
20150506 23:30 8.5
20150506 23:40 8.5
20150506 23:50 8.875
