YYYYMMDD HH:MM measured temperature
20151130 00:00 6.25
20151130 00:10 6.125
20151130 00:20 6.25
20151130 00:30 6.25
20151130 00:40 6.125
20151130 00:50 6.25
20151130 01:00 6.625
20151130 01:10 6.625
20151130 01:20 6.875
20151130 01:30 6.875
20151130 01:40 6.75
20151130 01:50 6.625
20151130 02:00 6.5
20151130 02:10 6.5
20151130 02:20 6.25
20151130 02:30 6.125
20151130 02:40 6
20151130 02:50 6.125
20151130 03:00 6
20151130 03:10 5.875
20151130 03:20 6
20151130 03:30 6
20151130 03:40 6.25
20151130 03:50 6.125
20151130 04:00 6.25
20151130 04:10 6.5
20151130 04:20 6.375
20151130 04:30 5.75
20151130 04:40 5.625
20151130 04:50 5.625
20151130 05:00 5.5
20151130 05:10 5.125
20151130 05:20 5.375
20151130 05:30 5.375
20151130 05:40 5.5
20151130 05:50 5.25
20151130 06:00 5.125
20151130 06:10 5
20151130 06:20 5
20151130 06:30 5
20151130 06:40 4.875
20151130 06:50 5.125
20151130 07:00 5.25
20151130 07:10 5.125
20151130 07:20 5.25
20151130 07:30 5.5
20151130 07:40 5.25
20151130 07:50 5.25
20151130 08:00 5.125
20151130 08:10 5.25
20151130 08:20 5.375
20151130 08:30 5.125
20151130 08:40 5.375
20151130 08:50 5.5
20151130 09:00 5.625
20151130 09:10 5.625
20151130 09:20 5.625
20151130 09:30 5.625
20151130 09:40 5.75
20151130 09:50 5.75
20151130 10:00 5.75
20151130 10:10 5.75
20151130 10:20 5.875
20151130 10:30 6
20151130 10:40 6.125
20151130 10:50 6.125
20151130 11:00 6.125
20151130 11:10 6.25
20151130 11:20 6.25
20151130 11:30 6.25
20151130 11:40 6.125
20151130 11:50 6.25
20151130 12:00 6.25
20151130 12:10 6.25
20151130 12:20 6.25
20151130 12:30 6.375
20151130 12:40 6.375
20151130 12:50 6.5
20151130 13:00 6.5
20151130 13:10 6.5
20151130 13:20 6.5
20151130 13:30 6.625
20151130 13:40 6.5
20151130 13:50 6.5
20151130 14:00 6.625
20151130 14:10 6.375
20151130 14:20 6.125
20151130 14:30 5.75
20151130 14:40 5.5
20151130 14:50 5.25
20151130 15:00 5.125
20151130 15:10 5.25
20151130 15:20 5.125
20151130 15:30 4.75
20151130 15:40 4.375
20151130 15:50 4.125
20151130 16:00 4
20151130 16:10 3.75
20151130 16:20 3.75
20151130 16:30 3.625
20151130 16:40 3.625
20151130 16:50 3.5
20151130 17:00 3.5
20151130 17:10 3.375
20151130 17:20 3.375
20151130 17:30 3.5
20151130 17:40 3.5
20151130 17:50 3.375
20151130 18:00 3.25
20151130 18:10 3.25
20151130 18:20 3.25
20151130 18:30 3.25
20151130 18:40 3.25
20151130 18:50 3.25
20151130 19:00 3.375
20151130 19:10 3.25
20151130 19:20 3.375
20151130 19:30 3.25
20151130 19:40 3.625
20151130 19:50 3.75
20151130 20:00 4.125
20151130 20:10 4.25
20151130 20:20 4.375
20151130 20:30 4.375
20151130 20:40 4.625
20151130 20:50 4.375
20151130 21:00 4.625
20151130 21:10 4.5
20151130 21:20 4.625
20151130 21:30 4.875
20151130 21:40 5
20151130 21:50 5.125
20151130 22:00 5.625
20151130 22:10 5.875
20151130 22:20 6.125
20151130 22:30 6.25
20151130 22:40 6.375
20151130 22:50 6.625
20151130 23:00 6.375
20151130 23:10 6.125
20151130 23:20 5.625
20151130 23:30 5
20151130 23:40 4.75
20151130 23:50 4.625
