YYYYMMDD HH:MM measured temperature
20151002 00:00 5.25
20151002 00:10 5.125
20151002 00:20 4.875
20151002 00:30 4.75
20151002 00:40 5
20151002 00:50 4.875
20151002 01:00 5
20151002 01:10 4.875
20151002 01:20 4.5
20151002 01:30 4.5
20151002 01:40 4.375
20151002 01:50 4.375
20151002 02:00 4.25
20151002 02:10 4.25
20151002 02:20 4.375
20151002 02:30 4.25
20151002 02:40 4.125
20151002 02:50 4.125
20151002 03:00 4.5
20151002 03:10 4.375
20151002 03:20 4.125
20151002 03:30 4.5
20151002 03:40 4
20151002 03:50 3.75
20151002 04:00 3.625
20151002 04:10 3.625
20151002 04:20 3.625
20151002 04:30 3.5
20151002 04:40 3.5
20151002 04:50 3.5
20151002 05:00 3.375
20151002 05:10 3.25
20151002 05:20 3.375
20151002 05:30 3.75
20151002 05:40 3.375
20151002 05:50 3.5
20151002 06:00 3.75
20151002 06:10 3.625
20151002 06:20 3.5
20151002 06:30 3.875
20151002 06:40 3.75
20151002 06:50 3.625
20151002 07:00 4
20151002 07:10 3.875
20151002 07:20 4
20151002 07:30 4.125
20151002 07:40 4.375
20151002 07:50 4.5
20151002 08:00 4.375
20151002 08:10 4.75
20151002 08:20 4.875
20151002 08:30 5
20151002 08:40 5.125
20151002 08:50 5.5
20151002 09:00 5.75
20151002 09:10 6
20151002 09:20 6.75
20151002 09:30 7.5
20151002 09:40 7.75
20151002 09:50 8.5
20151002 10:00 8.625
20151002 10:10 9.125
20151002 10:20 9.5
20151002 10:30 9.25
20151002 10:40 9.5
20151002 10:50 9.75
20151002 11:00 10.25
20151002 11:10 10.75
20151002 11:20 11
20151002 11:30 11
20151002 11:40 11
20151002 11:50 11.625
20151002 12:00 11.625
20151002 12:10 11.75
20151002 12:20 12.875
20151002 12:30 13.125
20151002 12:40 13.625
20151002 12:50 13.5
20151002 13:00 13.625
20151002 13:10 15
20151002 13:20 14.5
20151002 13:30 15
20151002 13:40 15.875
20151002 13:50 15.5
20151002 14:00 16.5
20151002 14:10 15.875
20151002 14:20 16.125
20151002 14:30 17.625
20151002 14:40 16
20151002 14:50 16.25
20151002 15:00 17.375
20151002 15:10 17.75
20151002 15:20 17.375
20151002 15:30 17.125
20151002 15:40 17.125
20151002 15:50 17.5
20151002 16:00 17.875
20151002 16:10 17.375
20151002 16:20 17.25
20151002 16:30 17.375
20151002 16:40 17
20151002 16:50 16.75
20151002 17:00 16.625
20151002 17:10 16
20151002 17:20 16.125
20151002 17:30 15.75
20151002 17:40 15.375
20151002 17:50 15
20151002 18:00 14.5
20151002 18:10 14.125
20151002 18:20 13.75
20151002 18:30 13.125
20151002 18:40 12.625
20151002 18:50 12.25
20151002 19:00 11.875
20151002 19:10 11.5
20151002 19:20 11.5
20151002 19:30 10.875
20151002 19:40 10.75
20151002 19:50 10.5
20151002 20:00 10.25
20151002 20:10 10.125
20151002 20:20 10
20151002 20:30 9.875
20151002 20:40 9.625
20151002 20:50 9.5
20151002 21:00 9.5
20151002 21:10 9.25
20151002 21:20 9.125
20151002 21:30 8.875
20151002 21:40 8.625
20151002 21:50 8
20151002 22:00 7.5
20151002 22:10 7.75
20151002 22:20 7.875
20151002 22:30 7.75
20151002 22:40 7.375
20151002 22:50 6.75
20151002 23:00 6.625
20151002 23:10 6.375
20151002 23:20 6.25
20151002 23:30 5.875
20151002 23:40 5.375
20151002 23:50 5.5
