YYYYMMDD HH:MM measured temperature
20150425 00:00 8.5
20150425 00:10 8.5
20150425 00:20 8.375
20150425 00:30 8.25
20150425 00:40 8.375
20150425 00:50 8.5
20150425 01:00 8.25
20150425 01:10 8.5
20150425 01:20 8.875
20150425 01:30 9.125
20150425 01:40 9.625
20150425 01:50 10
20150425 02:00 10.625
20150425 02:10 10.375
20150425 02:20 10.375
20150425 02:30 10.5
20150425 02:40 10.5
20150425 02:50 10.75
20150425 03:00 10.875
20150425 03:10 10.875
20150425 03:20 10.125
20150425 03:30 10.5
20150425 03:40 10.125
20150425 03:50 10.125
20150425 04:00 10.5
20150425 04:10 10.625
20150425 04:20 10.625
20150425 04:30 10.375
20150425 04:40 10.25
20150425 04:50 10.125
20150425 05:00 9.625
20150425 05:10 9.75
20150425 05:20 9.375
20150425 05:30 9.5
20150425 05:40 9.625
20150425 05:50 9.75
20150425 06:00 10
20150425 06:10 10
20150425 06:20 10.25
20150425 06:30 10.375
20150425 06:40 10.5
20150425 06:50 10.625
20150425 07:00 10.875
20150425 07:10 11.125
20150425 07:20 11.25
20150425 07:30 11.625
20150425 07:40 11.625
20150425 07:50 11.75
20150425 08:00 11.5
20150425 08:10 11.25
20150425 08:20 11.125
20150425 08:30 11.25
20150425 08:40 11
20150425 08:50 10.75
20150425 09:00 10.625
20150425 09:10 11.25
20150425 09:20 12
20150425 09:30 12.25
20150425 09:40 12.25
20150425 09:50 12.375
20150425 10:00 12.625
20150425 10:10 12.625
20150425 10:20 13
20150425 10:30 13.5
20150425 10:40 12.25
20150425 10:50 12
20150425 11:00 11.75
20150425 11:10 12.25
20150425 11:20 12.375
20150425 11:30 12.375
20150425 11:40 12.25
20150425 11:50 12.5
20150425 12:00 12.625
20150425 12:10 13
20150425 12:20 13.125
20150425 12:30 13.125
20150425 12:40 13.625
20150425 12:50 13.625
20150425 13:00 13.5
20150425 13:10 13.5
20150425 13:20 13.75
20150425 13:30 13.25
20150425 13:40 12.625
20150425 13:50 12.25
20150425 14:00 12
20150425 14:10 12
20150425 14:20 12
20150425 14:30 12.25
20150425 14:40 12.5
20150425 14:50 13.375
20150425 15:00 13
20150425 15:10 12.5
20150425 15:20 12.625
20150425 15:30 12.875
20150425 15:40 13.125
20150425 15:50 13.5
20150425 16:00 13.25
20150425 16:10 13.875
20150425 16:20 13.875
20150425 16:30 14
20150425 16:40 14.375
20150425 16:50 14.5
20150425 17:00 14
20150425 17:10 13.75
20150425 17:20 14.375
20150425 17:30 14.125
20150425 17:40 14.25
20150425 17:50 14.375
20150425 18:00 14.25
20150425 18:10 14.125
20150425 18:20 14.125
20150425 18:30 14.25
20150425 18:40 14.125
20150425 18:50 14
20150425 19:00 13.75
20150425 19:10 13.625
20150425 19:20 13.625
20150425 19:30 13.625
20150425 19:40 13.5
20150425 19:50 13.375
20150425 20:00 13.25
20150425 20:10 13.25
20150425 20:20 13.25
20150425 20:30 13.125
20150425 20:40 13
20150425 20:50 12.875
20150425 21:00 12.75
20150425 21:10 12.625
20150425 21:20 12.5
20150425 21:30 12.375
20150425 21:40 12.125
20150425 21:50 12
20150425 22:00 12
20150425 22:10 11.75
20150425 22:20 11.75
20150425 22:30 11.75
20150425 22:40 11.625
20150425 22:50 11.5
20150425 23:00 11.5
20150425 23:10 11.625
20150425 23:20 11.5
20150425 23:30 11.5
20150425 23:40 11.5
20150425 23:50 11.125
