YYYYMMDD HH:MM measured temperature
20150509 00:00 12
20150509 00:10 12
20150509 00:20 11.875
20150509 00:30 11.625
20150509 00:40 11.375
20150509 00:50 11.25
20150509 01:00 11.125
20150509 01:10 11
20150509 01:20 10.875
20150509 01:30 10.75
20150509 01:40 10.5
20150509 01:50 10.375
20150509 02:00 10.375
20150509 02:10 10.5
20150509 02:20 10.5
20150509 02:30 10.625
20150509 02:40 10.5
20150509 02:50 10.625
20150509 03:00 10.625
20150509 03:10 10.5
20150509 03:20 10.625
20150509 03:30 10.875
20150509 03:40 10.875
20150509 03:50 10.75
20150509 04:00 10.625
20150509 04:10 10.375
20150509 04:20 10.5
20150509 04:30 10.5
20150509 04:40 10.125
20150509 04:50 10
20150509 05:00 10
20150509 05:10 10.25
20150509 05:20 10.125
20150509 05:30 10.25
20150509 05:40 10.25
20150509 05:50 10.375
20150509 06:00 10.5
20150509 06:10 10.5
20150509 06:20 10.625
20150509 06:30 10.75
20150509 06:40 10.875
20150509 06:50 11.125
20150509 07:00 11.25
20150509 07:10 11.5
20150509 07:20 12
20150509 07:30 12.125
20150509 07:40 12.5
20150509 07:50 12.875
20150509 08:00 13.5
20150509 08:10 13.75
20150509 08:20 13.5
20150509 08:30 13.25
20150509 08:40 12.5
20150509 08:50 12.375
20150509 09:00 13.25
20150509 09:10 13.125
20150509 09:20 13.5
20150509 09:30 13.25
20150509 09:40 13.375
20150509 09:50 13.75
20150509 10:00 14.25
20150509 10:10 14.625
20150509 10:20 14.5
20150509 10:30 14.75
20150509 10:40 14.75
20150509 10:50 14.625
20150509 11:00 14.375
20150509 11:10 14.375
20150509 11:20 14.375
20150509 11:30 14.375
20150509 11:40 15.125
20150509 11:50 15.75
20150509 12:00 16.625
20150509 12:10 17.875
20150509 12:20 16.25
20150509 12:30 15.375
20150509 12:40 14.625
20150509 12:50 14.375
20150509 13:00 14.875
20150509 13:10 16.625
20150509 13:20 15.875
20150509 13:30 16.5
20150509 13:40 17.5
20150509 13:50 17.875
20150509 14:00 18
20150509 14:10 17.125
20150509 14:20 18.125
20150509 14:30 19.125
20150509 14:40 17.5
20150509 14:50 16.5
20150509 15:00 16
20150509 15:10 15.875
20150509 15:20 15.375
20150509 15:30 15.125
20150509 15:40 14.75
20150509 15:50 16.375
20150509 16:00 16.125
20150509 16:10 16.125
20150509 16:20 17
20150509 16:30 17.375
20150509 16:40 16.125
20150509 16:50 16.125
20150509 17:00 15.625
20150509 17:10 15.875
20150509 17:20 15.625
20150509 17:30 15
20150509 17:40 15
20150509 17:50 14.75
20150509 18:00 14.875
20150509 18:10 14.75
20150509 18:20 14.75
20150509 18:30 15
20150509 18:40 14.75
20150509 18:50 14.625
20150509 19:00 15.125
20150509 19:10 15
20150509 19:20 14
20150509 19:30 14.625
20150509 19:40 13.75
20150509 19:50 13.375
20150509 20:00 13.5
20150509 20:10 13.5
20150509 20:20 13.125
20150509 20:30 12.875
20150509 20:40 12.625
20150509 20:50 13
20150509 21:00 12.875
20150509 21:10 12.875
20150509 21:20 12.75
20150509 21:30 12.75
20150509 21:40 12.75
20150509 21:50 12.375
20150509 22:00 12.25
20150509 22:10 12.125
20150509 22:20 11.75
20150509 22:30 11.5
20150509 22:40 11.125
20150509 22:50 11.125
20150509 23:00 11
20150509 23:10 11
20150509 23:20 10.75
20150509 23:30 11
20150509 23:40 11
20150509 23:50 10.625
