YYYYMMDD HH:MM measured temperature
20150807 00:00 22.625
20150807 00:10 22.125
20150807 00:20 21.75
20150807 00:30 21.375
20150807 00:40 20.875
20150807 00:50 20.375
20150807 01:00 20
20150807 01:10 19.625
20150807 01:20 19.5
20150807 01:30 19.125
20150807 01:40 19
20150807 01:50 18.75
20150807 02:00 18.5
20150807 02:10 18.5
20150807 02:20 18.25
20150807 02:30 18
20150807 02:40 17.875
20150807 02:50 17.875
20150807 03:00 17.25
20150807 03:10 17.25
20150807 03:20 17
20150807 03:30 16.25
20150807 03:40 16.5
20150807 03:50 16.125
20150807 04:00 15.75
20150807 04:10 15.625
20150807 04:20 15.5
20150807 04:30 15.5
20150807 04:40 15.375
20150807 04:50 15.5
20150807 05:00 15
20150807 05:10 15.375
20150807 05:20 15.25
20150807 05:30 14.875
20150807 05:40 15.125
20150807 05:50 15.375
20150807 06:00 15.5
20150807 06:10 15
20150807 06:20 15.375
20150807 06:30 15.625
20150807 06:40 16.125
20150807 06:50 16.25
20150807 07:00 16.5
20150807 07:10 16.5
20150807 07:20 16.625
20150807 07:30 16.75
20150807 07:40 17.5
20150807 07:50 17.75
20150807 08:00 18
20150807 08:10 18.625
20150807 08:20 19
20150807 08:30 19
20150807 08:40 18.625
20150807 08:50 17.5
20150807 09:00 17.625
20150807 09:10 17.25
20150807 09:20 17.25
20150807 09:30 17.25
20150807 09:40 17.125
20150807 09:50 17
20150807 10:00 17.125
20150807 10:10 17.25
20150807 10:20 17.375
20150807 10:30 17
20150807 10:40 17
20150807 10:50 17.125
20150807 11:00 17.4375
20150807 11:10 17.625
20150807 11:20 17.5
20150807 11:30 17.625
20150807 11:40 17.625
20150807 11:50 16.875
20150807 12:00 17.25
20150807 12:10 17
20150807 12:20 17.5625
20150807 12:30 17.875
20150807 12:40 17.5
20150807 12:50 18.9375
20150807 13:00 19.375
20150807 13:10 19.375
20150807 13:20 18.25
20150807 13:30 18.75
20150807 13:40 19.25
20150807 13:50 19.875
20150807 14:00 20.25
20150807 14:10 20.125
20150807 14:20 20
20150807 14:30 20.25
20150807 14:40 21.625
20150807 14:50 20.75
20150807 15:00 20.375
20150807 15:10 20.25
20150807 15:20 21.375
20150807 15:30 21.875
20150807 15:40 22
20150807 15:50 22.25
20150807 16:00 23.625
20150807 16:10 23.625
20150807 16:20 22.75
20150807 16:30 23
20150807 16:40 22.875
20150807 16:50 22.75
20150807 17:00 23.375
20150807 17:10 22.375
20150807 17:20 22.125
20150807 17:30 21.875
20150807 17:40 21.75
20150807 17:50 21.25
20150807 18:00 21.25
20150807 18:10 21.375
20150807 18:20 21.75
20150807 18:30 22
20150807 18:40 22
20150807 18:50 22.125
20150807 19:00 22
20150807 19:10 21.875
20150807 19:20 21.75
20150807 19:30 21.75
20150807 19:40 21.625
20150807 19:50 21.5
20150807 20:00 21.125
20150807 20:10 21
20150807 20:20 20.75
20150807 20:30 20.25
20150807 20:40 20
20150807 20:50 19.875
20150807 21:00 19.625
20150807 21:10 19.375
20150807 21:20 19.125
20150807 21:30 19.125
20150807 21:40 18.875
20150807 21:50 18.875
20150807 22:00 18.75
20150807 22:10 18.5625
20150807 22:20 18.5
20150807 22:30 18.4375
20150807 22:40 18.25
20150807 22:50 18.1875
20150807 23:00 17.9375
20150807 23:10 17.75
20150807 23:20 17.8125
20150807 23:30 17.75
20150807 23:40 17.8125
20150807 23:50 18
