YYYYMMDD HH:MM measured temperature
20150711 00:00 11.625
20150711 00:10 11.5
20150711 00:20 11.25
20150711 00:30 11
20150711 00:40 11
20150711 00:50 10.75
20150711 01:00 10.625
20150711 01:10 10.75
20150711 01:20 10.625
20150711 01:30 10.5
20150711 01:40 10.375
20150711 01:50 10.25
20150711 02:00 10.125
20150711 02:10 10.25
20150711 02:20 10.25
20150711 02:30 10.25
20150711 02:40 10
20150711 02:50 10
20150711 03:00 10.125
20150711 03:10 10.125
20150711 03:20 10
20150711 03:30 9.75
20150711 03:40 9.625
20150711 03:50 9.5
20150711 04:00 9.5
20150711 04:10 9.5
20150711 04:20 9.375
20150711 04:30 9.25
20150711 04:40 9.125
20150711 04:50 9
20150711 05:00 9.25
20150711 05:10 9.125
20150711 05:20 9
20150711 05:30 9.25
20150711 05:40 9.125
20150711 05:50 9.125
20150711 06:00 9.25
20150711 06:10 9.625
20150711 06:20 9.625
20150711 06:30 10
20150711 06:40 10.625
20150711 06:50 11.125
20150711 07:00 11.75
20150711 07:10 12.5
20150711 07:20 12.875
20150711 07:30 13.125
20150711 07:40 13.375
20150711 07:50 14
20150711 08:00 14.5
20150711 08:10 14.5
20150711 08:20 15.25
20150711 08:30 15.5
20150711 08:40 15.25
20150711 08:50 16.5
20150711 09:00 16.625
20150711 09:10 16.75
20150711 09:20 18.25
20150711 09:30 17.125
20150711 09:40 17
20150711 09:50 17.375
20150711 10:00 17.5
20150711 10:10 18
20150711 10:20 18
20150711 10:30 18.375
20150711 10:40 18
20150711 10:50 17.625
20150711 11:00 17.875
20150711 11:10 18.25
20150711 11:20 18.875
20150711 11:30 19.625
20150711 11:40 20.875
20150711 11:50 20.25
20150711 12:00 20.125
20150711 12:10 20.625
20150711 12:20 21
20150711 12:30 21.375
20150711 12:40 21.25
20150711 12:50 22
20150711 13:00 23.375
20150711 13:10 22.5
20150711 13:20 21.375
20150711 13:30 22.75
20150711 13:40 22
20150711 13:50 23
20150711 14:00 22.625
20150711 14:10 21.875
20150711 14:20 23.5
20150711 14:30 23
20150711 14:40 23.125
20150711 14:50 24
20150711 15:00 23.375
20150711 15:10 23.25
20150711 15:20 23.375
20150711 15:30 24
20150711 15:40 24.875
20150711 15:50 24.75
20150711 16:00 24.25
20150711 16:10 24.375
20150711 16:20 24.125
20150711 16:30 24.75
20150711 16:40 24.375
20150711 16:50 23.625
20150711 17:00 23.75
20150711 17:10 24
20150711 17:20 24.375
20150711 17:30 23.25
20150711 17:40 24
20150711 17:50 23.5
20150711 18:00 22.625
20150711 18:10 23
20150711 18:20 23.25
20150711 18:30 23
20150711 18:40 23.25
20150711 18:50 23.25
20150711 19:00 23.125
20150711 19:10 23.25
20150711 19:20 23.125
20150711 19:30 22.625
20150711 19:40 22.75
20150711 19:50 22.5
20150711 20:00 22.25
20150711 20:10 21.625
20150711 20:20 21.375
20150711 20:30 21
20150711 20:40 20.5
20150711 20:50 20.125
20150711 21:00 19.75
20150711 21:10 19.125
20150711 21:20 18.75
20150711 21:30 18.375
20150711 21:40 18.125
20150711 21:50 17.75
20150711 22:00 17.375
20150711 22:10 17.25
20150711 22:20 17
20150711 22:30 17
20150711 22:40 17
20150711 22:50 17
20150711 23:00 16.75
20150711 23:10 16.5
20150711 23:20 16.25
20150711 23:30 16.25
20150711 23:40 16
20150711 23:50 15.875
