YYYYMMDD HH:MM measured temperature
20150805 00:00 16.5
20150805 00:10 16.5
20150805 00:20 16.5625
20150805 00:30 16.5
20150805 00:40 16.375
20150805 00:50 16.375
20150805 01:00 16.125
20150805 01:10 16
20150805 01:20 15.75
20150805 01:30 15.125
20150805 01:40 15.25
20150805 01:50 15.375
20150805 02:00 15
20150805 02:10 14.75
20150805 02:20 14.1875
20150805 02:30 14
20150805 02:40 13.5
20150805 02:50 13.25
20150805 03:00 13.125
20150805 03:10 12.9375
20150805 03:20 12.875
20150805 03:30 12.75
20150805 03:40 13.25
20150805 03:50 13.375
20150805 04:00 13.25
20150805 04:10 13.125
20150805 04:20 13
20150805 04:30 13.1875
20150805 04:40 13.25
20150805 04:50 13.3125
20150805 05:00 13.25
20150805 05:10 13.25
20150805 05:20 13.25
20150805 05:30 13.1875
20150805 05:40 13.0625
20150805 05:50 13
20150805 06:00 13
20150805 06:10 13.0625
20150805 06:20 13.125
20150805 06:30 13.25
20150805 06:40 13.25
20150805 06:50 13.375
20150805 07:00 13.5
20150805 07:10 13.625
20150805 07:20 13.9375
20150805 07:30 14.0625
20150805 07:40 14
20150805 07:50 14
20150805 08:00 14.0625
20150805 08:10 14.25
20150805 08:20 14.375
20150805 08:30 15.25
20150805 08:40 15.375
20150805 08:50 16
20150805 09:00 16.75
20150805 09:10 17.25
20150805 09:20 17.375
20150805 09:30 17.875
20150805 09:40 18.375
20150805 09:50 18.375
20150805 10:00 19
20150805 10:10 19.25
20150805 10:20 19.375
20150805 10:30 18.75
20150805 10:40 19.875
20150805 10:50 20.5
20150805 11:00 19.25
20150805 11:10 20.75
20150805 11:20 20
20150805 11:30 20.375
20150805 11:40 20.75
20150805 11:50 20.5
20150805 12:00 21
20150805 12:10 21.25
20150805 12:20 21.75
20150805 12:30 21.5
20150805 12:40 21.875
20150805 12:50 22.375
20150805 13:00 23.25
20150805 13:10 23.125
20150805 13:20 23
20150805 13:30 22.875
20150805 13:40 23.5
20150805 13:50 23.25
20150805 14:00 24.375
20150805 14:10 24.5
20150805 14:20 24.25
20150805 14:30 24.625
20150805 14:40 24.5
20150805 14:50 24
20150805 15:00 23.375
20150805 15:10 24.25
20150805 15:20 24.375
20150805 15:30 24.5
20150805 15:40 24.375
20150805 15:50 25
20150805 16:00 24.625
20150805 16:10 24.5
20150805 16:20 24.625
20150805 16:30 24.875
20150805 16:40 24
20150805 16:50 23.75
20150805 17:00 24.5
20150805 17:10 24.625
20150805 17:20 23.375
20150805 17:30 23.25
20150805 17:40 23.375
20150805 17:50 23.125
20150805 18:00 22.75
20150805 18:10 22.5
20150805 18:20 22.375
20150805 18:30 23.375
20150805 18:40 22.375
20150805 18:50 22.5
20150805 19:00 22.125
20150805 19:10 21.625
20150805 19:20 21.875
20150805 19:30 21.75
20150805 19:40 21
20150805 19:50 21
20150805 20:00 20.875
20150805 20:10 20.375
20150805 20:20 20.125
20150805 20:30 19.75
20150805 20:40 19.125
20150805 20:50 18.75
20150805 21:00 18.375
20150805 21:10 18
20150805 21:20 17.75
20150805 21:30 17.5
20150805 21:40 17.25
20150805 21:50 17
20150805 22:00 16.875
20150805 22:10 16.875
20150805 22:20 16.5
20150805 22:30 16.375
20150805 22:40 16.375
20150805 22:50 16.125
20150805 23:00 15.875
20150805 23:10 15.75
20150805 23:20 15.625
20150805 23:30 15.5
20150805 23:40 15.375
20150805 23:50 15.25
