YYYYMMDD HH:MM measured temperature
20151030 00:00 8.875
20151030 00:10 8.875
20151030 00:20 8.875
20151030 00:30 9.125
20151030 00:40 8.625
20151030 00:50 8.25
20151030 01:00 7.875
20151030 01:10 7.375
20151030 01:20 7.5
20151030 01:30 7.625
20151030 01:40 7.5
20151030 01:50 7.75
20151030 02:00 7.625
20151030 02:10 7.75
20151030 02:20 7.75
20151030 02:30 7.875
20151030 02:40 7.875
20151030 02:50 7.75
20151030 03:00 8
20151030 03:10 8
20151030 03:20 8
20151030 03:30 8.125
20151030 03:40 8.25
20151030 03:50 8.25
20151030 04:00 8.375
20151030 04:10 8.5
20151030 04:20 8.5
20151030 04:30 8.5
20151030 04:40 8.625
20151030 04:50 8.625
20151030 05:00 8.625
20151030 05:10 8.75
20151030 05:20 8.75
20151030 05:30 8.875
20151030 05:40 8.875
20151030 05:50 8.875
20151030 06:00 8.875
20151030 06:10 8.875
20151030 06:20 8.75
20151030 06:30 8.875
20151030 06:40 9
20151030 06:50 9
20151030 07:00 9.125
20151030 07:10 9.25
20151030 07:20 9.125
20151030 07:30 9.125
20151030 07:40 9.125
20151030 07:50 9
20151030 08:00 9
20151030 08:10 8.875
20151030 08:20 8.75
20151030 08:30 8.5
20151030 08:40 8.75
20151030 08:50 9
20151030 09:00 9.125
20151030 09:10 9.125
20151030 09:20 9.375
20151030 09:30 9.625
20151030 09:40 9.625
20151030 09:50 9.875
20151030 10:00 10.125
20151030 10:10 10.375
20151030 10:20 10.375
20151030 10:30 10.5
20151030 10:40 10.75
20151030 10:50 11
20151030 11:00 11
20151030 11:10 11.25
20151030 11:20 11.625
20151030 11:30 11.5
20151030 11:40 11.875
20151030 11:50 12
20151030 12:00 12.375
20151030 12:10 12.75
20151030 12:20 13.125
20151030 12:30 13.375
20151030 12:40 13.75
20151030 12:50 14.25
20151030 13:00 14.125
20151030 13:10 14.625
20151030 13:20 14.25
20151030 13:30 14.375
20151030 13:40 14.375
20151030 13:50 14.625
20151030 14:00 14.625
20151030 14:10 14.5
20151030 14:20 14.5
20151030 14:30 15
20151030 14:40 14.25
20151030 14:50 14.25
20151030 15:00 14.375
20151030 15:10 14.125
20151030 15:20 14.375
20151030 15:30 14.875
20151030 15:40 14.375
20151030 15:50 14.25
20151030 16:00 14.125
20151030 16:10 14.125
20151030 16:20 13.875
20151030 16:30 13.875
20151030 16:40 13.625
20151030 16:50 13.5
20151030 17:00 13.25
20151030 17:10 13
20151030 17:20 12.875
20151030 17:30 12.875
20151030 17:40 12.875
20151030 17:50 12.625
20151030 18:00 12.5
20151030 18:10 12.375
20151030 18:20 12.25
20151030 18:30 12.125
20151030 18:40 12
20151030 18:50 11.875
20151030 19:00 11.625
20151030 19:10 11.5
20151030 19:20 11.25
20151030 19:30 11.125
20151030 19:40 11.125
20151030 19:50 11
20151030 20:00 10.75
20151030 20:10 10.375
20151030 20:20 10
20151030 20:30 10
20151030 20:40 9.5
20151030 20:50 9.375
20151030 21:00 9.25
20151030 21:10 9
20151030 21:20 8.875
20151030 21:30 8.875
20151030 21:40 8.875
20151030 21:50 8.875
20151030 22:00 8.875
20151030 22:10 8.875
20151030 22:20 8.875
20151030 22:30 8.875
20151030 22:40 8.875
20151030 22:50 8.625
20151030 23:00 8.5
20151030 23:10 8.5
20151030 23:20 8.25
20151030 23:30 8.125
20151030 23:40 8.125
20151030 23:50 8
