YYYYMMDD HH:MM measured temperature
20151115 00:00 7.25
20151115 00:10 7.375
20151115 00:20 7.375
20151115 00:30 7.375
20151115 00:40 7.375
20151115 00:50 7.375
20151115 01:00 7.375
20151115 01:10 7.375
20151115 01:20 7.375
20151115 01:30 7.375
20151115 01:40 7.375
20151115 01:50 7.5
20151115 02:00 7.5
20151115 02:10 7.5
20151115 02:20 7.5
20151115 02:30 7.625
20151115 02:40 7.625
20151115 02:50 7.625
20151115 03:00 7.625
20151115 03:10 7.625
20151115 03:20 7.625
20151115 03:30 7.625
20151115 03:40 7.625
20151115 03:50 7.625
20151115 04:00 7.625
20151115 04:10 7.625
20151115 04:20 7.625
20151115 04:30 7.625
20151115 04:40 7.75
20151115 04:50 7.875
20151115 05:00 7.875
20151115 05:10 8
20151115 05:20 8.125
20151115 05:30 8.125
20151115 05:40 8.25
20151115 05:50 8.625
20151115 06:00 9
20151115 06:10 9.5
20151115 06:20 10
20151115 06:30 10.625
20151115 06:40 10.875
20151115 06:50 11.125
20151115 07:00 11.125
20151115 07:10 11.25
20151115 07:20 11.375
20151115 07:30 11.5
20151115 07:40 11.5
20151115 07:50 11.625
20151115 08:00 11.625
20151115 08:10 11.75
20151115 08:20 11.875
20151115 08:30 12
20151115 08:40 12
20151115 08:50 12.125
20151115 09:00 12.25
20151115 09:10 12.375
20151115 09:20 12.375
20151115 09:30 12.625
20151115 09:40 12.625
20151115 09:50 12.625
20151115 10:00 12.625
20151115 10:10 12.75
20151115 10:20 12.75
20151115 10:30 12.75
20151115 10:40 12.75
20151115 10:50 12.875
20151115 11:00 12.75
20151115 11:10 12.75
20151115 11:20 12.75
20151115 11:30 12.875
20151115 11:40 12.875
20151115 11:50 12.875
20151115 12:00 12.75
20151115 12:10 12.75
20151115 12:20 12.75
20151115 12:30 12.625
20151115 12:40 12.625
20151115 12:50 12.875
20151115 13:00 12.75
20151115 13:10 12.625
20151115 13:20 12.625
20151115 13:30 12.625
20151115 13:40 12.625
20151115 13:50 12.625
20151115 14:00 12.625
20151115 14:10 12.75
20151115 14:20 12.75
20151115 14:30 12.75
20151115 14:40 12.75
20151115 14:50 12.75
20151115 15:00 12.875
20151115 15:10 12.875
20151115 15:20 12.875
20151115 15:30 12.875
20151115 15:40 12.875
20151115 15:50 12.875
20151115 16:00 12.875
20151115 16:10 12.875
20151115 16:20 12.875
20151115 16:30 12.875
20151115 16:40 12.875
20151115 16:50 12.75
20151115 17:00 12.75
20151115 17:10 12.75
20151115 17:20 12.75
20151115 17:30 12.75
20151115 17:40 12.75
20151115 17:50 12.75
20151115 18:00 12.75
20151115 18:10 12.75
20151115 18:20 12.75
20151115 18:30 12.75
20151115 18:40 12.75
20151115 18:50 12.75
20151115 19:00 12.75
20151115 19:10 12.75
20151115 19:20 12.75
20151115 19:30 12.875
20151115 19:40 12.875
20151115 19:50 12.875
20151115 20:00 12.875
20151115 20:10 12.875
20151115 20:20 12.875
20151115 20:30 12.875
20151115 20:40 12.875
20151115 20:50 12.875
20151115 21:00 12.875
20151115 21:10 12.875
20151115 21:20 12.875
20151115 21:30 12.875
20151115 21:40 12.875
20151115 21:50 12.875
20151115 22:00 12.875
20151115 22:10 12.875
20151115 22:20 12.875
20151115 22:30 12.875
20151115 22:40 12.75
20151115 22:50 12.75
20151115 23:00 12.75
20151115 23:10 12.75
20151115 23:20 12.75
20151115 23:30 12.75
20151115 23:40 12.625
20151115 23:50 12.625
