YYYYMMDD HH:MM measured temperature
20150817 00:00 19.0625
20150817 00:10 19.125
20150817 00:20 19.125
20150817 00:30 19.0625
20150817 00:40 19.125
20150817 00:50 19.125
20150817 01:00 19
20150817 01:10 19
20150817 01:20 19
20150817 01:30 18.875
20150817 01:40 18.75
20150817 01:50 18.75
20150817 02:00 18.5625
20150817 02:10 18.5
20150817 02:20 18.4375
20150817 02:30 18.4375
20150817 02:40 18.4375
20150817 02:50 18.3125
20150817 03:00 18.3125
20150817 03:10 18.375
20150817 03:20 18.1875
20150817 03:30 18.25
20150817 03:40 18.375
20150817 03:50 18.1875
20150817 04:00 18.125
20150817 04:10 18.125
20150817 04:20 18.125
20150817 04:30 18.125
20150817 04:40 18
20150817 04:50 18
20150817 05:00 17.9375
20150817 05:10 17.875
20150817 05:20 17.875
20150817 05:30 17.875
20150817 05:40 17.875
20150817 05:50 17.875
20150817 06:00 17.8125
20150817 06:10 17.75
20150817 06:20 17.8125
20150817 06:30 17.75
20150817 06:40 17.75
20150817 06:50 17.75
20150817 07:00 17.8125
20150817 07:10 17.8125
20150817 07:20 17.875
20150817 07:30 17.9375
20150817 07:40 18.0625
20150817 07:50 18.125
20150817 08:00 18.125
20150817 08:10 18.5
20150817 08:20 18.75
20150817 08:30 18.8125
20150817 08:40 18.6875
20150817 08:50 19
20150817 09:00 19.125
20150817 09:10 19.25
20150817 09:20 19.25
20150817 09:30 19.375
20150817 09:40 19.875
20150817 09:50 19.75
20150817 10:00 20.0625
20150817 10:10 20.9375
20150817 10:20 20.375
20150817 10:30 19.875
20150817 10:40 19.625
20150817 10:50 19.625
20150817 11:00 19.875
20150817 11:10 20.1875
20150817 11:20 20.75
20150817 11:30 20.6875
20150817 11:40 20.75
20150817 11:50 21
20150817 12:00 21.5
20150817 12:10 22.875
20150817 12:20 21.875
20150817 12:30 21.25
20150817 12:40 21
20150817 12:50 20.75
20150817 13:00 20.625
20150817 13:10 20.375
20150817 13:20 20.375
20150817 13:30 20.625
20150817 13:40 20.625
20150817 13:50 20.625
20150817 14:00 20.625
20150817 14:10 20.75
20150817 14:20 20.75
20150817 14:30 20.75
20150817 14:40 20.625
20150817 14:50 20.75
20150817 15:00 20.75
20150817 15:10 20.75
20150817 15:20 20.625
20150817 15:30 20.75
20150817 15:40 20.3125
20150817 15:50 20.125
20150817 16:00 20.375
20150817 16:10 20
20150817 16:20 19.875
20150817 16:30 19.875
20150817 16:40 19.75
20150817 16:50 19.875
20150817 17:00 19.875
20150817 17:10 19.875
20150817 17:20 19.75
20150817 17:30 19.625
20150817 17:40 19.6875
20150817 17:50 19.75
20150817 18:00 19.625
20150817 18:10 19.625
20150817 18:20 19.5
20150817 18:30 19.5
20150817 18:40 19.4375
20150817 18:50 19.5
20150817 19:00 19.5
20150817 19:10 19.625
20150817 19:20 19.625
20150817 19:30 19.5
20150817 19:40 19.5
20150817 19:50 19.4375
20150817 20:00 19.5
20150817 20:10 19.3125
20150817 20:20 19.3125
20150817 20:30 19.25
20150817 20:40 19.1875
20150817 20:50 19.125
20150817 21:00 19.125
20150817 21:10 19.125
20150817 21:20 19.125
20150817 21:30 19.0625
20150817 21:40 18.875
20150817 21:50 18.5625
20150817 22:00 18.5
20150817 22:10 18.125
20150817 22:20 18.1875
20150817 22:30 17.75
20150817 22:40 17.75
20150817 22:50 17.6875
20150817 23:00 17.625
20150817 23:10 17.625
20150817 23:20 17.5625
20150817 23:30 17.6875
20150817 23:40 17.5
20150817 23:50 17.625
