YYYYMMDD HH:MM measured temperature
20150928 00:00 9.875
20150928 00:10 10.125
20150928 00:20 9.875
20150928 00:30 10.125
20150928 00:40 10.5
20150928 00:50 10.875
20150928 01:00 10.875
20150928 01:10 10.875
20150928 01:20 11
20150928 01:30 11
20150928 01:40 10.75
20150928 01:50 10.625
20150928 02:00 10.75
20150928 02:10 10.75
20150928 02:20 10.625
20150928 02:30 10.625
20150928 02:40 10.5
20150928 02:50 10.125
20150928 03:00 10
20150928 03:10 10.125
20150928 03:20 9.75
20150928 03:30 9.375
20150928 03:40 9.375
20150928 03:50 9.375
20150928 04:00 9.5
20150928 04:10 9.375
20150928 04:20 9
20150928 04:30 8.875
20150928 04:40 8.75
20150928 04:50 8.5
20150928 05:00 8.125
20150928 05:10 8.25
20150928 05:20 8.125
20150928 05:30 8
20150928 05:40 8.125
20150928 05:50 8
20150928 06:00 7.875
20150928 06:10 8
20150928 06:20 8.125
20150928 06:30 8.25
20150928 06:40 8.375
20150928 06:50 8.5
20150928 07:00 8.5
20150928 07:10 8.5
20150928 07:20 8.625
20150928 07:30 8.875
20150928 07:40 9
20150928 07:50 9
20150928 08:00 9.125
20150928 08:10 9.125
20150928 08:20 9.375
20150928 08:30 9.75
20150928 08:40 10
20150928 08:50 10.625
20150928 09:00 10.75
20150928 09:10 11
20150928 09:20 11.375
20150928 09:30 11.75
20150928 09:40 11.625
20150928 09:50 12.125
20150928 10:00 12.5
20150928 10:10 12.875
20150928 10:20 12.75
20150928 10:30 13.375
20150928 10:40 14
20150928 10:50 13.75
20150928 11:00 14.25
20150928 11:10 15.25
20150928 11:20 15.5
20150928 11:30 15
20150928 11:40 14.25
20150928 11:50 14.25
20150928 12:00 14.75
20150928 12:10 15.375
20150928 12:20 15.875
20150928 12:30 15.875
20150928 12:40 15.75
20150928 12:50 16.625
20150928 13:00 16.875
20150928 13:10 18
20150928 13:20 18.5
20150928 13:30 16
20150928 13:40 15.625
20150928 13:50 15.75
20150928 14:00 15.875
20150928 14:10 17.5
20150928 14:20 15.75
20150928 14:30 17.625
20150928 14:40 17.5
20150928 14:50 15
20150928 15:00 16.25
20150928 15:10 18.25
20150928 15:20 17.375
20150928 15:30 15.75
20150928 15:40 15.5
20150928 15:50 16.125
20150928 16:00 17
20150928 16:10 17.625
20150928 16:20 16.625
20150928 16:30 15.375
20150928 16:40 15
20150928 16:50 16.125
20150928 17:00 16.5
20150928 17:10 15.625
20150928 17:20 14.25
20150928 17:30 15.5
20150928 17:40 15.75
20150928 17:50 15.125
20150928 18:00 14.5
20150928 18:10 13.5
20150928 18:20 13
20150928 18:30 12.625
20150928 18:40 11.875
20150928 18:50 12
20150928 19:00 11.625
20150928 19:10 11.25
20150928 19:20 11.25
20150928 19:30 11.375
20150928 19:40 10.875
20150928 19:50 10.625
20150928 20:00 10.25
20150928 20:10 10
20150928 20:20 9.75
20150928 20:30 9.5
20150928 20:40 9.375
20150928 20:50 9.25
20150928 21:00 9.625
20150928 21:10 9.375
20150928 21:20 9.375
20150928 21:30 9.25
20150928 21:40 8.875
20150928 21:50 8.875
20150928 22:00 8.75
20150928 22:10 8.5
20150928 22:20 8.25
20150928 22:30 8.125
20150928 22:40 7.625
20150928 22:50 7.375
20150928 23:00 7.375
20150928 23:10 7.5
20150928 23:20 7.375
20150928 23:30 7.5
20150928 23:40 7.25
20150928 23:50 7.125
