YYYYMMDD HH:MM measured temperature
20150507 00:00 9.125
20150507 00:10 9.375
20150507 00:20 9.375
20150507 00:30 9.375
20150507 00:40 9.25
20150507 00:50 9.125
20150507 01:00 8.875
20150507 01:10 8.875
20150507 01:20 8.75
20150507 01:30 8.75
20150507 01:40 8.875
20150507 01:50 8.875
20150507 02:00 9
20150507 02:10 9.25
20150507 02:20 9.25
20150507 02:30 9.125
20150507 02:40 9
20150507 02:50 9.25
20150507 03:00 9.25
20150507 03:10 9.25
20150507 03:20 8.875
20150507 03:30 8.875
20150507 03:40 8.875
20150507 03:50 9
20150507 04:00 9
20150507 04:10 9.125
20150507 04:20 9.125
20150507 04:30 9
20150507 04:40 8.875
20150507 04:50 8.875
20150507 05:00 8.875
20150507 05:10 8.875
20150507 05:20 9.125
20150507 05:30 9.375
20150507 05:40 9.375
20150507 05:50 9.125
20150507 06:00 9.375
20150507 06:10 9.5
20150507 06:20 9.625
20150507 06:30 9.75
20150507 06:40 9.75
20150507 06:50 9.875
20150507 07:00 10
20150507 07:10 10
20150507 07:20 10
20150507 07:30 10.125
20150507 07:40 10
20150507 07:50 10.25
20150507 08:00 10.375
20150507 08:10 10.25
20150507 08:20 10.125
20150507 08:30 10
20150507 08:40 10.375
20150507 08:50 11.125
20150507 09:00 11.5
20150507 09:10 12.375
20150507 09:20 12.125
20150507 09:30 11.875
20150507 09:40 12.375
20150507 09:50 12.25
20150507 10:00 13.125
20150507 10:10 12.75
20150507 10:20 12.375
20150507 10:30 12.875
20150507 10:40 12.125
20150507 10:50 12
20150507 11:00 12.5
20150507 11:10 9.875
20150507 11:20 9.625
20150507 11:30 9.25
20150507 11:40 9.25
20150507 11:50 9.625
20150507 12:00 9.75
20150507 12:10 11.875
20150507 12:20 12.25
20150507 12:30 10.75
20150507 12:40 11
20150507 12:50 13
20150507 13:00 10.75
20150507 13:10 11
20150507 13:20 11.5
20150507 13:30 11.375
20150507 13:40 12.375
20150507 13:50 13.375
20150507 14:00 12.5
20150507 14:10 12.875
20150507 14:20 14
20150507 14:30 14.375
20150507 14:40 13.75
20150507 14:50 12.75
20150507 15:00 14.125
20150507 15:10 14
20150507 15:20 14
20150507 15:30 13.875
20150507 15:40 13.875
20150507 15:50 12.875
20150507 16:00 12
20150507 16:10 12.375
20150507 16:20 13.5
20150507 16:30 13.875
20150507 16:40 13.75
20150507 16:50 13.625
20150507 17:00 13.875
20150507 17:10 15.125
20150507 17:20 14.25
20150507 17:30 14.75
20150507 17:40 14.125
20150507 17:50 14.5
20150507 18:00 14.25
20150507 18:10 14
20150507 18:20 13.5
20150507 18:30 13.375
20150507 18:40 12.625
20150507 18:50 9.875
20150507 19:00 10
20150507 19:10 11
20150507 19:20 11.5
20150507 19:30 11.75
20150507 19:40 11.875
20150507 19:50 11.75
20150507 20:00 11.625
20150507 20:10 11.375
20150507 20:20 11.125
20150507 20:30 10.625
20150507 20:40 10.125
20150507 20:50 9.625
20150507 21:00 9.25
20150507 21:10 9.125
20150507 21:20 8.625
20150507 21:30 8.5
20150507 21:40 8.5
20150507 21:50 8.125
20150507 22:00 8
20150507 22:10 7.875
20150507 22:20 7.625
20150507 22:30 7.25
20150507 22:40 7.375
20150507 22:50 7.375
20150507 23:00 7.125
20150507 23:10 7
20150507 23:20 6.75
20150507 23:30 6.5
20150507 23:40 6.375
20150507 23:50 6
