YYYYMMDD HH:MM measured temperature
20151003 00:00 5.5
20151003 00:10 5.75
20151003 00:20 5.5
20151003 00:30 5.625
20151003 00:40 5.625
20151003 00:50 5.875
20151003 01:00 6.25
20151003 01:10 6.375
20151003 01:20 6
20151003 01:30 6
20151003 01:40 5.75
20151003 01:50 5.375
20151003 02:00 5.25
20151003 02:10 5.375
20151003 02:20 5.25
20151003 02:30 5
20151003 02:40 5.25
20151003 02:50 5.25
20151003 03:00 5.375
20151003 03:10 5.125
20151003 03:20 5.125
20151003 03:30 4.375
20151003 03:40 4.375
20151003 03:50 4.375
20151003 04:00 4.125
20151003 04:10 3.75
20151003 04:20 3.75
20151003 04:30 4
20151003 04:40 3.875
20151003 04:50 3.75
20151003 05:00 4
20151003 05:10 3.875
20151003 05:20 4.25
20151003 05:30 4.25
20151003 05:40 4.375
20151003 05:50 4.25
20151003 06:00 4.25
20151003 06:10 4.125
20151003 06:20 4.25
20151003 06:30 4.25
20151003 06:40 4.375
20151003 06:50 4.625
20151003 07:00 4.5
20151003 07:10 4.625
20151003 07:20 4.625
20151003 07:30 4.625
20151003 07:40 4.5
20151003 07:50 4.375
20151003 08:00 4.5
20151003 08:10 4.75
20151003 08:20 5
20151003 08:30 5.375
20151003 08:40 5.875
20151003 08:50 6.375
20151003 09:00 7
20151003 09:10 7.625
20151003 09:20 8.25
20151003 09:30 8.75
20151003 09:40 9.25
20151003 09:50 9.875
20151003 10:00 10.5
20151003 10:10 11
20151003 10:20 11.5
20151003 10:30 12
20151003 10:40 12.5
20151003 10:50 13
20151003 11:00 13.5
20151003 11:10 14.125
20151003 11:20 14.375
20151003 11:30 14.75
20151003 11:40 15.25
20151003 11:50 15.625
20151003 12:00 15.875
20151003 12:10 16.25
20151003 12:20 16.625
20151003 12:30 17
20151003 12:40 17.25
20151003 12:50 17.5
20151003 13:00 17.75
20151003 13:10 17.875
20151003 13:20 18.5
20151003 13:30 18.75
20151003 13:40 19.25
20151003 13:50 19.375
20151003 14:00 19.375
20151003 14:10 19.625
20151003 14:20 20.125
20151003 14:30 19.25
20151003 14:40 19.25
20151003 14:50 19.625
20151003 15:00 18.75
20151003 15:10 19.5
20151003 15:20 19.75
20151003 15:30 19.375
20151003 15:40 18.75
20151003 15:50 19.875
20151003 16:00 20.125
20151003 16:10 19
20151003 16:20 18.125
20151003 16:30 17.75
20151003 16:40 17.25
20151003 16:50 17.125
20151003 17:00 17.875
20151003 17:10 17.125
20151003 17:20 16.25
20151003 17:30 16.25
20151003 17:40 15.875
20151003 17:50 15.5
20151003 18:00 15.125
20151003 18:10 14.875
20151003 18:20 14.5
20151003 18:30 14
20151003 18:40 13.625
20151003 18:50 13.25
20151003 19:00 13
20151003 19:10 12.625
20151003 19:20 12.5
20151003 19:30 11.875
20151003 19:40 12.125
20151003 19:50 11.75
20151003 20:00 11.75
20151003 20:10 11.75
20151003 20:20 11.5
20151003 20:30 11.625
20151003 20:40 11.25
20151003 20:50 10.875
20151003 21:00 10.75
20151003 21:10 10.375
20151003 21:20 10.375
20151003 21:30 10.125
20151003 21:40 10
20151003 21:50 9.75
20151003 22:00 9.375
20151003 22:10 9.25
20151003 22:20 9.25
20151003 22:30 9
20151003 22:40 8.625
20151003 22:50 8.625
20151003 23:00 8.5
20151003 23:10 8.375
20151003 23:20 8.75
20151003 23:30 9
20151003 23:40 9.125
20151003 23:50 9.25
