YYYYMMDD HH:MM measured temperature
20150804 00:00 19.875
20150804 00:10 19.75
20150804 00:20 19.625
20150804 00:30 19.375
20150804 00:40 19.375
20150804 00:50 19.375
20150804 01:00 19.25
20150804 01:10 19.125
20150804 01:20 18.875
20150804 01:30 18.75
20150804 01:40 18.625
20150804 01:50 18.5
20150804 02:00 18.25
20150804 02:10 18.25
20150804 02:20 18.375
20150804 02:30 18.375
20150804 02:40 18.5
20150804 02:50 18.375
20150804 03:00 18.125
20150804 03:10 18
20150804 03:20 17.75
20150804 03:30 17.625
20150804 03:40 17.375
20150804 03:50 17.375
20150804 04:00 17.5
20150804 04:10 17.5
20150804 04:20 17.5
20150804 04:30 17.25
20150804 04:40 17.375
20150804 04:50 17.25
20150804 05:00 17.25
20150804 05:10 17.125
20150804 05:20 16.875
20150804 05:30 17
20150804 05:40 16.875
20150804 05:50 17
20150804 06:00 17.125
20150804 06:10 17.625
20150804 06:20 17.875
20150804 06:30 18
20150804 06:40 18
20150804 06:50 18.25
20150804 07:00 18.375
20150804 07:10 18.5
20150804 07:20 18.75
20150804 07:30 19.375
20150804 07:40 19.875
20150804 07:50 20.5
20150804 08:00 20.75
20150804 08:10 21.375
20150804 08:20 21.875
20150804 08:30 22.5
20150804 08:40 23.375
20150804 08:50 24
20150804 09:00 24.125
20150804 09:10 24.375
20150804 09:20 25.25
20150804 09:30 24.625
20150804 09:40 24.5
20150804 09:50 24.125
20150804 10:00 23.75
20150804 10:10 24.375
20150804 10:20 24.75
20150804 10:30 24.25
20150804 10:40 25.375
20150804 10:50 26
20150804 11:00 26
20150804 11:10 25.625
20150804 11:20 26.125
20150804 11:30 25.75
20150804 11:40 25.5
20150804 11:50 25.625
20150804 12:00 25.625
20150804 12:10 27.375
20150804 12:20 26.125
20150804 12:30 27.5
20150804 12:40 27.75
20150804 12:50 27.375
20150804 13:00 27.875
20150804 13:10 28.25
20150804 13:20 29
20150804 13:30 29.25
20150804 13:40 29.25
20150804 13:50 28.5
20150804 14:00 27.75
20150804 14:10 27.375
20150804 14:20 28
20150804 14:30 27.125
20150804 14:40 26.5
20150804 14:50 26
20150804 15:00 25.75
20150804 15:10 25.25
20150804 15:20 25.375
20150804 15:30 24.875
20150804 15:40 24.5
20150804 15:50 24.75
20150804 16:00 24.625
20150804 16:10 25
20150804 16:20 24.5
20150804 16:30 24.125
20150804 16:40 24.125
20150804 16:50 24
20150804 17:00 23.75
20150804 17:10 23.125
20150804 17:20 20.625
20150804 17:30 20.375
20150804 17:40 20.25
20150804 17:50 20.25
20150804 18:00 20.25
20150804 18:10 20.125
20150804 18:20 20.25
20150804 18:30 20.375
20150804 18:40 20.375
20150804 18:50 20.375
20150804 19:00 20.5
20150804 19:10 20.5
20150804 19:20 20.25
20150804 19:30 20
20150804 19:40 20
20150804 19:50 19.75
20150804 20:00 19.625
20150804 20:10 19.5
20150804 20:20 19.5
20150804 20:30 19.5
20150804 20:40 19.375
20150804 20:50 19.125
20150804 21:00 18.125
20150804 21:10 17.5
20150804 21:20 17.25
20150804 21:30 16.6875
20150804 21:40 16.5
20150804 21:50 16.5
20150804 22:00 16.5
20150804 22:10 16.625
20150804 22:20 16.625
20150804 22:30 16.5
20150804 22:40 16.5
20150804 22:50 16.5625
20150804 23:00 16.5625
20150804 23:10 16.5
20150804 23:20 16.5625
20150804 23:30 16.625
20150804 23:40 16.625
20150804 23:50 16.625
