YYYYMMDD HH:MM measured temperature
20150202 00:00 0.25
20150202 00:10 0.375
20150202 00:20 0.25
20150202 00:30 0.125
20150202 00:40 0.25
20150202 00:50 0.25
20150202 01:00 0.125
20150202 01:10 0
20150202 01:20 0
20150202 01:30 0
20150202 01:40 -0.125
20150202 01:50 -0.125
20150202 02:00 -0.125
20150202 02:10 -0.25
20150202 02:20 -0.25
20150202 02:30 -0.375
20150202 02:40 -0.5
20150202 02:50 -0.5
20150202 03:00 -0.25
20150202 03:10 -0.125
20150202 03:20 0
20150202 03:30 0.25
20150202 03:40 0.125
20150202 03:50 0
20150202 04:00 0
20150202 04:10 -0.125
20150202 04:20 -0.125
20150202 04:30 -0.375
20150202 04:40 -0.25
20150202 04:50 -0.125
20150202 05:00 0
20150202 05:10 -0.125
20150202 05:20 0
20150202 05:30 0.25
20150202 05:40 0.375
20150202 05:50 0.5
20150202 06:00 0.5
20150202 06:10 0.5
20150202 06:20 0.625
20150202 06:30 0.625
20150202 06:40 0.75
20150202 06:50 1
20150202 07:00 1
20150202 07:10 1
20150202 07:20 1
20150202 07:30 0.875
20150202 07:40 0.875
20150202 07:50 0.875
20150202 08:00 0.75
20150202 08:10 0.75
20150202 08:20 0.625
20150202 08:30 0.5
20150202 08:40 0.375
20150202 08:50 0.5
20150202 09:00 0.5
20150202 09:10 0.5
20150202 09:20 0.75
20150202 09:30 0.75
20150202 09:40 1
20150202 09:50 1
20150202 10:00 1
20150202 10:10 1
20150202 10:20 1.125
20150202 10:30 1.25
20150202 10:40 1.5
20150202 10:50 2.125
20150202 11:00 1.625
20150202 11:10 2
20150202 11:20 2.875
20150202 11:30 1.625
20150202 11:40 1.5
20150202 11:50 1.875
20150202 12:00 2.125
20150202 12:10 2.375
20150202 12:20 2.375
20150202 12:30 2.5
20150202 12:40 3
20150202 12:50 2.75
20150202 13:00 4.25
20150202 13:10 3.125
20150202 13:20 3.75
20150202 13:30 5.625
20150202 13:40 3.875
20150202 13:50 4.5
20150202 14:00 4.75
20150202 14:10 3.625
20150202 14:20 3.5
20150202 14:30 3.625
20150202 14:40 4.375
20150202 14:50 5.375
20150202 15:00 3.75
20150202 15:10 4
20150202 15:20 4.25
20150202 15:30 4.375
20150202 15:40 3.875
20150202 15:50 3.75
20150202 16:00 3.5
20150202 16:10 3.75
20150202 16:20 3.75
20150202 16:30 3.25
20150202 16:40 2.75
20150202 16:50 2.5
20150202 17:00 2.125
20150202 17:10 1.75
20150202 17:20 1.5
20150202 17:30 1.5
20150202 17:40 1.375
20150202 17:50 1.5
20150202 18:00 1.5
20150202 18:10 1.5
20150202 18:20 1.75
20150202 18:30 1.25
20150202 18:40 1
20150202 18:50 0.875
20150202 19:00 0.875
20150202 19:10 0.75
20150202 19:20 0.625
20150202 19:30 0.625
20150202 19:40 0.5
20150202 19:50 0.375
20150202 20:00 0.5
20150202 20:10 0.625
20150202 20:20 0.625
20150202 20:30 0.75
20150202 20:40 0.75
20150202 20:50 0.75
20150202 21:00 0.75
20150202 21:10 0.75
20150202 21:20 0.75
20150202 21:30 0.875
20150202 21:40 0.625
20150202 21:50 0.625
20150202 22:00 0.5
20150202 22:10 0.5
20150202 22:20 0.5
20150202 22:30 0.625
20150202 22:40 0.375
20150202 22:50 0.5
20150202 23:00 0.375
20150202 23:10 0.375
20150202 23:20 0.5
20150202 23:30 0.625
20150202 23:40 0.625
20150202 23:50 0.625
