YYYYMMDD HH:MM measured temperature
20150924 00:00 11.125
20150924 00:10 11.125
20150924 00:20 11
20150924 00:30 10.75
20150924 00:40 10.75
20150924 00:50 10.75
20150924 01:00 10.125
20150924 01:10 9.875
20150924 01:20 10.25
20150924 01:30 10.375
20150924 01:40 10.375
20150924 01:50 10.125
20150924 02:00 9.75
20150924 02:10 9.9375
20150924 02:20 10
20150924 02:30 10
20150924 02:40 9.75
20150924 02:50 9.75
20150924 03:00 9.75
20150924 03:10 9.6875
20150924 03:20 9.5625
20150924 03:30 9.75
20150924 03:40 9.8125
20150924 03:50 10
20150924 04:00 10.125
20150924 04:10 10.25
20150924 04:20 10.25
20150924 04:30 10.3125
20150924 04:40 10.375
20150924 04:50 10.5
20150924 05:00 10.625
20150924 05:10 10.75
20150924 05:20 10.875
20150924 05:30 11
20150924 05:40 11.125
20150924 05:50 11
20150924 06:00 11.25
20150924 06:10 11.25
20150924 06:20 11.375
20150924 06:30 11.5
20150924 06:40 11.5
20150924 06:50 11.5
20150924 07:00 11.625
20150924 07:10 11.625
20150924 07:20 11.625
20150924 07:30 11.625
20150924 07:40 11.625
20150924 07:50 11.75
20150924 08:00 11.75
20150924 08:10 11.75
20150924 08:20 11.625
20150924 08:30 11.625
20150924 08:40 11.875
20150924 08:50 12.375
20150924 09:00 12.625
20150924 09:10 12.25
20150924 09:20 12.25
20150924 09:30 12.625
20150924 09:40 12.875
20150924 09:50 13.375
20150924 10:00 13.5
20150924 10:10 13.375
20150924 10:20 13.375
20150924 10:30 13.5
20150924 10:40 13.625
20150924 10:50 14
20150924 11:00 14.125
20150924 11:10 14.5
20150924 11:20 14.875
20150924 11:30 14.5
20150924 11:40 14.5
20150924 11:50 15
20150924 12:00 15.125
20150924 12:10 15.375
20150924 12:20 15.375
20150924 12:30 15.25
20150924 12:40 15.125
20150924 12:50 15.5
20150924 13:00 15.625
20150924 13:10 15.75
20150924 13:20 15.875
20150924 13:30 16.5
20150924 13:40 16.5
20150924 13:50 16.5
20150924 14:00 16.5
20150924 14:10 16.625
20150924 14:20 16.125
20150924 14:30 16.375
20150924 14:40 16.875
20150924 14:50 17.5
20150924 15:00 16.75
20150924 15:10 17
20150924 15:20 17.25
20150924 15:30 17.625
20150924 15:40 18
20150924 15:50 17
20150924 16:00 17
20150924 16:10 16.75
20150924 16:20 16.375
20150924 16:30 16.25
20150924 16:40 16.25
20150924 16:50 16.25
20150924 17:00 16.5
20150924 17:10 16.375
20150924 17:20 16.25
20150924 17:30 16
20150924 17:40 15.875
20150924 17:50 15.625
20150924 18:00 15.5
20150924 18:10 15.375
20150924 18:20 15.25
20150924 18:30 15.125
20150924 18:40 15.125
20150924 18:50 15.125
20150924 19:00 15.25
20150924 19:10 15.125
20150924 19:20 15
20150924 19:30 14
20150924 19:40 13.75
20150924 19:50 13.75
20150924 20:00 13.75
20150924 20:10 13.75
20150924 20:20 13.75
20150924 20:30 13.875
20150924 20:40 13.875
20150924 20:50 13.75
20150924 21:00 13.75
20150924 21:10 13.625
20150924 21:20 13.625
20150924 21:30 13.5
20150924 21:40 13.5
20150924 21:50 13.375
20150924 22:00 13.375
20150924 22:10 13.375
20150924 22:20 13.125
20150924 22:30 12.375
20150924 22:40 12.125
20150924 22:50 12
20150924 23:00 12
20150924 23:10 12
20150924 23:20 11.875
20150924 23:30 11.875
20150924 23:40 11.875
20150924 23:50 11.875
