YYYYMMDD HH:MM measured temperature
20151226 00:00 10.75
20151226 00:10 11
20151226 00:20 11.25
20151226 00:30 11.5
20151226 00:40 11.625
20151226 00:50 11.75
20151226 01:00 11.875
20151226 01:10 11.625
20151226 01:20 11.75
20151226 01:30 11.75
20151226 01:40 11.875
20151226 01:50 12
20151226 02:00 12
20151226 02:10 12.25
20151226 02:20 12.25
20151226 02:30 12.375
20151226 02:40 12.5
20151226 02:50 12.5
20151226 03:00 12.5
20151226 03:10 12.625
20151226 03:20 12.75
20151226 03:30 12.75
20151226 03:40 13
20151226 03:50 12.875
20151226 04:00 13
20151226 04:10 13
20151226 04:20 13.125
20151226 04:30 13.125
20151226 04:40 13.375
20151226 04:50 13.375
20151226 05:00 13.25
20151226 05:10 13.25
20151226 05:20 13.125
20151226 05:30 13.25
20151226 05:40 13.25
20151226 05:50 13.125
20151226 06:00 12.125
20151226 06:10 11.875
20151226 06:20 11.875
20151226 06:30 11.875
20151226 06:40 11.875
20151226 06:50 11.875
20151226 07:00 11.75
20151226 07:10 11.875
20151226 07:20 12
20151226 07:30 12.125
20151226 07:40 12.125
20151226 07:50 12.25
20151226 08:00 12.375
20151226 08:10 12.375
20151226 08:20 12.5
20151226 08:30 12.625
20151226 08:40 12.75
20151226 08:50 12.875
20151226 09:00 12.875
20151226 09:10 13
20151226 09:20 13.125
20151226 09:30 13.125
20151226 09:40 13.125
20151226 09:50 13.25
20151226 10:00 13.375
20151226 10:10 13.375
20151226 10:20 13.5
20151226 10:30 13.5
20151226 10:40 13.375
20151226 10:50 13.25
20151226 11:00 13.125
20151226 11:10 13.25
20151226 11:20 13.5
20151226 11:30 13.625
20151226 11:40 13.75
20151226 11:50 13.75
20151226 12:00 13.625
20151226 12:10 13.625
20151226 12:20 13.75
20151226 12:30 13.75
20151226 12:40 13.75
20151226 12:50 13.875
20151226 13:00 14
20151226 13:10 14
20151226 13:20 13.75
20151226 13:30 13.75
20151226 13:40 13.625
20151226 13:50 13.625
20151226 14:00 13.5
20151226 14:10 13.625
20151226 14:20 13.625
20151226 14:30 13.625
20151226 14:40 13.5
20151226 14:50 13.375
20151226 15:00 13.25
20151226 15:10 13.25
20151226 15:20 13.25
20151226 15:30 13.25
20151226 15:40 13.25
20151226 15:50 13.25
20151226 16:00 13
20151226 16:10 12.875
20151226 16:20 12.75
20151226 16:30 12.75
20151226 16:40 12.625
20151226 16:50 12.875
20151226 17:00 12.625
20151226 17:10 12.625
20151226 17:20 12.5
20151226 17:30 12.625
20151226 17:40 12.5
20151226 17:50 12.5
20151226 18:00 12.5
20151226 18:10 12.5
20151226 18:20 12.375
20151226 18:30 12.375
20151226 18:40 12.5
20151226 18:50 12.75
20151226 19:00 12.625
20151226 19:10 12.875
20151226 19:20 12.875
20151226 19:30 12.875
20151226 19:40 12.875
20151226 19:50 12.875
20151226 20:00 12.75
20151226 20:10 12.875
20151226 20:20 12.875
20151226 20:30 12.875
20151226 20:40 12.875
20151226 20:50 13.125
20151226 21:00 12.875
20151226 21:10 12.75
20151226 21:20 12.75
20151226 21:30 12.5
20151226 21:40 12.75
20151226 21:50 12.625
20151226 22:00 12.625
20151226 22:10 12.875
20151226 22:20 12.75
20151226 22:30 12.75
20151226 22:40 12.875
20151226 22:50 12.625
20151226 23:00 12.5
20151226 23:10 12.375
20151226 23:20 12
20151226 23:30 11.75
20151226 23:40 11.75
20151226 23:50 11.625
