YYYYMMDD HH:MM measured temperature
20150521 00:00 5.5
20150521 00:10 5.375
20150521 00:20 5.25
20150521 00:30 5.125
20150521 00:40 5
20150521 00:50 5
20150521 01:00 5
20150521 01:10 5
20150521 01:20 4.875
20150521 01:30 4.875
20150521 01:40 4.875
20150521 01:50 4.75
20150521 02:00 4.75
20150521 02:10 5.125
20150521 02:20 5.25
20150521 02:30 5.125
20150521 02:40 5.625
20150521 02:50 5.75
20150521 03:00 5.125
20150521 03:10 5
20150521 03:20 4.75
20150521 03:30 4.5
20150521 03:40 4.375
20150521 03:50 4.25
20150521 04:00 4.125
20150521 04:10 4.125
20150521 04:20 4.5
20150521 04:30 4.125
20150521 04:40 4.125
20150521 04:50 5
20150521 05:00 5.125
20150521 05:10 5.25
20150521 05:20 5
20150521 05:30 5.25
20150521 05:40 5.25
20150521 05:50 5.375
20150521 06:00 5.625
20150521 06:10 6
20150521 06:20 6.25
20150521 06:30 6.125
20150521 06:40 6.5
20150521 06:50 6.75
20150521 07:00 7.125
20150521 07:10 7.25
20150521 07:20 7.5
20150521 07:30 8
20150521 07:40 8.25
20150521 07:50 8.125
20150521 08:00 8.25
20150521 08:10 8.375
20150521 08:20 9.125
20150521 08:30 10.75
20150521 08:40 10
20150521 08:50 9.5
20150521 09:00 10.125
20150521 09:10 10.25
20150521 09:20 10.625
20150521 09:30 10.375
20150521 09:40 10.375
20150521 09:50 10.875
20150521 10:00 11.5
20150521 10:10 11.875
20150521 10:20 11.25
20150521 10:30 11.375
20150521 10:40 11.375
20150521 10:50 11.875
20150521 11:00 12.25
20150521 11:10 12.875
20150521 11:20 13
20150521 11:30 11.875
20150521 11:40 11.75
20150521 11:50 12.125
20150521 12:00 12.875
20150521 12:10 12.75
20150521 12:20 13.125
20150521 12:30 13.125
20150521 12:40 12.875
20150521 12:50 13
20150521 13:00 13.125
20150521 13:10 12.875
20150521 13:20 12.25
20150521 13:30 12.75
20150521 13:40 13.875
20150521 13:50 13.5
20150521 14:00 13.5
20150521 14:10 13.875
20150521 14:20 15.375
20150521 14:30 13.25
20150521 14:40 13
20150521 14:50 12.75
20150521 15:00 15.375
20150521 15:10 14
20150521 15:20 14.75
20150521 15:30 15.25
20150521 15:40 15.875
20150521 15:50 15.375
20150521 16:00 14.625
20150521 16:10 14.875
20150521 16:20 15.875
20150521 16:30 15.75
20150521 16:40 14.75
20150521 16:50 15.625
20150521 17:00 14.875
20150521 17:10 14.75
20150521 17:20 15
20150521 17:30 15
20150521 17:40 15.25
20150521 17:50 15.125
20150521 18:00 15.75
20150521 18:10 15.125
20150521 18:20 14.75
20150521 18:30 14.625
20150521 18:40 14.75
20150521 18:50 15
20150521 19:00 15
20150521 19:10 14.5
20150521 19:20 14.625
20150521 19:30 14.5
20150521 19:40 14.25
20150521 19:50 14.125
20150521 20:00 13.875
20150521 20:10 13.25
20150521 20:20 13.25
20150521 20:30 13.25
20150521 20:40 13.125
20150521 20:50 13.125
20150521 21:00 12.625
20150521 21:10 12.75
20150521 21:20 12.375
20150521 21:30 12.5
20150521 21:40 12.5
20150521 21:50 12.625
20150521 22:00 12.375
20150521 22:10 11.625
20150521 22:20 11.125
20150521 22:30 10.75
20150521 22:40 10
20150521 22:50 9.875
20150521 23:00 9.75
20150521 23:10 9.5
20150521 23:20 9.5
20150521 23:30 9.5
20150521 23:40 8.875
20150521 23:50 8.875
