YYYYMMDD HH:MM measured temperature
20150731 00:00 12.375
20150731 00:10 12.375
20150731 00:20 12.375
20150731 00:30 12.375
20150731 00:40 12.25
20150731 00:50 12.375
20150731 01:00 12.375
20150731 01:10 12.25
20150731 01:20 11.875
20150731 01:30 11.625
20150731 01:40 11.5
20150731 01:50 11.5
20150731 02:00 11.375
20150731 02:10 11.5
20150731 02:20 11.375
20150731 02:30 11
20150731 02:40 11
20150731 02:50 11
20150731 03:00 11
20150731 03:10 11
20150731 03:20 11
20150731 03:30 10.75
20150731 03:40 10.75
20150731 03:50 10.75
20150731 04:00 10.75
20150731 04:10 10.625
20150731 04:20 10.5
20150731 04:30 10.5
20150731 04:40 10.625
20150731 04:50 10.375
20150731 05:00 10.375
20150731 05:10 10.25
20150731 05:20 10.25
20150731 05:30 10.25
20150731 05:40 10.375
20150731 05:50 10.5
20150731 06:00 10.625
20150731 06:10 10.75
20150731 06:20 10.875
20150731 06:30 10.875
20150731 06:40 10.875
20150731 06:50 10.875
20150731 07:00 10.625
20150731 07:10 11
20150731 07:20 11.125
20150731 07:30 11.375
20150731 07:40 11.5
20150731 07:50 11.75
20150731 08:00 12
20150731 08:10 12.125
20150731 08:20 12
20150731 08:30 12
20150731 08:40 12.5
20150731 08:50 12.5
20150731 09:00 13.625
20150731 09:10 13.75
20150731 09:20 14.125
20150731 09:30 14
20150731 09:40 14.125
20150731 09:50 14.625
20150731 10:00 14.75
20150731 10:10 14.25
20150731 10:20 14.25
20150731 10:30 14.75
20150731 10:40 15.375
20150731 10:50 14.5
20150731 11:00 14
20150731 11:10 14
20150731 11:20 14.5
20150731 11:30 15
20150731 11:40 15.625
20150731 11:50 15.25
20150731 12:00 15.75
20150731 12:10 16
20150731 12:20 16.375
20150731 12:30 15.25
20150731 12:40 15.125
20150731 12:50 16
20150731 13:00 15.875
20150731 13:10 15.875
20150731 13:20 16.125
20150731 13:30 16.875
20150731 13:40 16.25
20150731 13:50 16.5
20150731 14:00 16.5
20150731 14:10 15.75
20150731 14:20 15.875
20150731 14:30 17.25
20150731 14:40 17
20150731 14:50 17.125
20150731 15:00 16.75
20150731 15:10 16.625
20150731 15:20 17.375
20150731 15:30 16.5
20150731 15:40 18.125
20150731 15:50 18.25
20150731 16:00 17.875
20150731 16:10 17.5
20150731 16:20 19.125
20150731 16:30 17.875
20150731 16:40 17.875
20150731 16:50 17.375
20150731 17:00 17.5
20150731 17:10 17.625
20150731 17:20 16.125
20150731 17:30 17
20150731 17:40 16.75
20150731 17:50 16.125
20150731 18:00 16.5
20150731 18:10 16.5
20150731 18:20 16.625
20150731 18:30 16.25
20150731 18:40 16.5
20150731 18:50 16
20150731 19:00 16
20150731 19:10 15.625
20150731 19:20 15.5
20150731 19:30 15.5
20150731 19:40 15.375
20150731 19:50 15.25
20150731 20:00 15.125
20150731 20:10 14.75
20150731 20:20 14.625
20150731 20:30 14
20150731 20:40 13.625
20150731 20:50 13.25
20150731 21:00 12.25
20150731 21:10 12
20150731 21:20 11.5
20150731 21:30 10.875
20150731 21:40 10.5
20150731 21:50 10.375
20150731 22:00 10.125
20150731 22:10 10
20150731 22:20 9.75
20150731 22:30 9.5
20150731 22:40 9.5
20150731 22:50 9.25
20150731 23:00 9.125
20150731 23:10 8.875
20150731 23:20 8.875
20150731 23:30 8.75
20150731 23:40 8.5
20150731 23:50 8.375
