YYYYMMDD HH:MM measured temperature
20150815 00:00 21.125
20150815 00:10 20.875
20150815 00:20 20.8125
20150815 00:30 20.75
20150815 00:40 20.4375
20150815 00:50 20.625
20150815 01:00 20.5
20150815 01:10 20.375
20150815 01:20 20.25
20150815 01:30 20.375
20150815 01:40 20.1875
20150815 01:50 20.25
20150815 02:00 20.25
20150815 02:10 20
20150815 02:20 19.875
20150815 02:30 19.875
20150815 02:40 19.6875
20150815 02:50 19.5625
20150815 03:00 19.1875
20150815 03:10 19.25
20150815 03:20 18.75
20150815 03:30 18.875
20150815 03:40 18.75
20150815 03:50 18.625
20150815 04:00 18.5
20150815 04:10 18.375
20150815 04:20 18.125
20150815 04:30 18.25
20150815 04:40 18.125
20150815 04:50 18.1875
20150815 05:00 18.25
20150815 05:10 18.0625
20150815 05:20 17.8125
20150815 05:30 18.25
20150815 05:40 18.1875
20150815 05:50 18.125
20150815 06:00 18.25
20150815 06:10 18
20150815 06:20 18.1875
20150815 06:30 18.4375
20150815 06:40 18.375
20150815 06:50 18.5
20150815 07:00 18.625
20150815 07:10 18.6875
20150815 07:20 19
20150815 07:30 19.125
20150815 07:40 19.375
20150815 07:50 19.375
20150815 08:00 19.4375
20150815 08:10 19.75
20150815 08:20 19.5
20150815 08:30 18.3125
20150815 08:40 18.375
20150815 08:50 18.5
20150815 09:00 18.5625
20150815 09:10 19
20150815 09:20 19.6875
20150815 09:30 20
20150815 09:40 20.1875
20150815 09:50 20
20150815 10:00 20.5625
20150815 10:10 20.75
20150815 10:20 21.375
20150815 10:30 21.125
20150815 10:40 21.875
20150815 10:50 21.875
20150815 11:00 22.125
20150815 11:10 22.5625
20150815 11:20 22.625
20150815 11:30 23.125
20150815 11:40 23
20150815 11:50 23.25
20150815 12:00 23.375
20150815 12:10 23.5
20150815 12:20 23.875
20150815 12:30 24.25
20150815 12:40 25.75
20150815 12:50 25.375
20150815 13:00 26
20150815 13:10 25.5
20150815 13:20 25.875
20150815 13:30 25.625
20150815 13:40 25.375
20150815 13:50 25.75
20150815 14:00 24.75
20150815 14:10 24.125
20150815 14:20 22.875
20150815 14:30 21.875
20150815 14:40 21.125
20150815 14:50 20.875
20150815 15:00 20.375
20150815 15:10 20
20150815 15:20 20
20150815 15:30 19.75
20150815 15:40 20.25
20150815 15:50 20.75
20150815 16:00 22.75
20150815 16:10 22.75
20150815 16:20 23.375
20150815 16:30 23.875
20150815 16:40 24
20150815 16:50 24.375
20150815 17:00 24.25
20150815 17:10 24.5
20150815 17:20 24.375
20150815 17:30 24
20150815 17:40 24.375
20150815 17:50 23.875
20150815 18:00 24.125
20150815 18:10 24.375
20150815 18:20 24
20150815 18:30 23.25
20150815 18:40 22.75
20150815 18:50 22.625
20150815 19:00 22
20150815 19:10 21.625
20150815 19:20 21.125
20150815 19:30 20.875
20150815 19:40 20
20150815 19:50 19.875
20150815 20:00 19.875
20150815 20:10 19.75
20150815 20:20 20
20150815 20:30 19.625
20150815 20:40 19.25
20150815 20:50 19.125
20150815 21:00 19
20150815 21:10 18.6875
20150815 21:20 18.625
20150815 21:30 19
20150815 21:40 19
20150815 21:50 18.875
20150815 22:00 18.625
20150815 22:10 18.5
20150815 22:20 18.375
20150815 22:30 18.25
20150815 22:40 18.0625
20150815 22:50 18.125
20150815 23:00 18
20150815 23:10 17.9375
20150815 23:20 18
20150815 23:30 18
20150815 23:40 18.0625
20150815 23:50 18.25
