YYYYMMDD HH:MM measured temperature
20150603 00:00 17.75
20150603 00:10 18
20150603 00:20 18
20150603 00:30 17.875
20150603 00:40 17.875
20150603 00:50 17.25
20150603 01:00 17.5
20150603 01:10 17.375
20150603 01:20 17.375
20150603 01:30 17.5
20150603 01:40 17.25
20150603 01:50 17.125
20150603 02:00 17.375
20150603 02:10 16.75
20150603 02:20 17.25
20150603 02:30 17.125
20150603 02:40 16.875
20150603 02:50 16.75
20150603 03:00 16.625
20150603 03:10 16.5
20150603 03:20 16.5
20150603 03:30 16.125
20150603 03:40 15.625
20150603 03:50 15.375
20150603 04:00 15.375
20150603 04:10 15
20150603 04:20 14.75
20150603 04:30 14.75
20150603 04:40 14.75
20150603 04:50 14.875
20150603 05:00 14.625
20150603 05:10 14.125
20150603 05:20 14.5
20150603 05:30 14.5
20150603 05:40 14.25
20150603 05:50 14.125
20150603 06:00 14.125
20150603 06:10 14.375
20150603 06:20 14.125
20150603 06:30 14.25
20150603 06:40 14.5
20150603 06:50 14.5
20150603 07:00 14.5
20150603 07:10 14.5
20150603 07:20 14.125
20150603 07:30 14.5
20150603 07:40 14.625
20150603 07:50 14.375
20150603 08:00 14.625
20150603 08:10 14.75
20150603 08:20 14.875
20150603 08:30 15.125
20150603 08:40 15.5
20150603 08:50 16.125
20150603 09:00 16.25
20150603 09:10 15.625
20150603 09:20 15.875
20150603 09:30 16.5
20150603 09:40 16.75
20150603 09:50 16.625
20150603 10:00 16
20150603 10:10 16.5
20150603 10:20 16.625
20150603 10:30 17
20150603 10:40 16.625
20150603 10:50 15.75
20150603 11:00 15.75
20150603 11:10 15.125
20150603 11:20 14.375
20150603 11:30 14.5
20150603 11:40 15.375
20150603 11:50 16.875
20150603 12:00 16.5
20150603 12:10 16.25
20150603 12:20 16.125
20150603 12:30 16.75
20150603 12:40 18
20150603 12:50 17.5
20150603 13:00 18.25
20150603 13:10 17.25
20150603 13:20 17.875
20150603 13:30 17.75
20150603 13:40 17.5
20150603 13:50 16.125
20150603 14:00 15.875
20150603 14:10 15.375
20150603 14:20 16.875
20150603 14:30 17.125
20150603 14:40 15.875
20150603 14:50 17.375
20150603 15:00 17.125
20150603 15:10 18.125
20150603 15:20 17
20150603 15:30 16
20150603 15:40 17.75
20150603 15:50 17.875
20150603 16:00 17
20150603 16:10 17.375
20150603 16:20 17.875
20150603 16:30 18.75
20150603 16:40 18.75
20150603 16:50 17.625
20150603 17:00 18.375
20150603 17:10 17.875
20150603 17:20 17.625
20150603 17:30 17.625
20150603 17:40 17.75
20150603 17:50 17.125
20150603 18:00 17.375
20150603 18:10 17.5
20150603 18:20 17
20150603 18:30 17.5
20150603 18:40 17.375
20150603 18:50 17
20150603 19:00 16.625
20150603 19:10 16.375
20150603 19:20 16.625
20150603 19:30 16.25
20150603 19:40 15.875
20150603 19:50 15.5
20150603 20:00 15.375
20150603 20:10 15.125
20150603 20:20 15
20150603 20:30 14.75
20150603 20:40 14.375
20150603 20:50 14.25
20150603 21:00 13.875
20150603 21:10 13.625
20150603 21:20 13.375
20150603 21:30 13.125
20150603 21:40 12.75
20150603 21:50 12.625
20150603 22:00 12
20150603 22:10 11.875
20150603 22:20 11.75
20150603 22:30 11.5
20150603 22:40 11.5
20150603 22:50 11.25
20150603 23:00 10.875
20150603 23:10 10.5
20150603 23:20 10.125
20150603 23:30 9.75
20150603 23:40 9.75
20150603 23:50 9.625
