YYYYMMDD HH:MM measured temperature
20150407 00:00 2.375
20150407 00:10 2.125
20150407 00:20 2.125
20150407 00:30 1.875
20150407 00:40 1.75
20150407 00:50 1.75
20150407 01:00 1.875
20150407 01:10 1.75
20150407 01:20 1.5
20150407 01:30 1.625
20150407 01:40 1.75
20150407 01:50 1.625
20150407 02:00 1.125
20150407 02:10 0.75
20150407 02:20 1
20150407 02:30 1.125
20150407 02:40 1
20150407 02:50 0.625
20150407 03:00 0.875
20150407 03:10 1
20150407 03:20 0.875
20150407 03:30 0.875
20150407 03:40 0.875
20150407 03:50 0.875
20150407 04:00 0.625
20150407 04:10 0.75
20150407 04:20 0.625
20150407 04:30 0.5
20150407 04:40 0.625
20150407 04:50 0.25
20150407 05:00 0.375
20150407 05:10 0.5
20150407 05:20 0.375
20150407 05:30 0.125
20150407 05:40 0
20150407 05:50 0.25
20150407 06:00 0.25
20150407 06:10 0.125
20150407 06:20 0.5
20150407 06:30 0.25
20150407 06:40 0.5
20150407 06:50 0.5
20150407 07:00 0.75
20150407 07:10 0.875
20150407 07:20 1
20150407 07:30 1.5
20150407 07:40 1.875
20150407 07:50 2
20150407 08:00 2.25
20150407 08:10 2.625
20150407 08:20 2.75
20150407 08:30 3
20150407 08:40 3.375
20150407 08:50 4
20150407 09:00 4.25
20150407 09:10 5
20150407 09:20 5.625
20150407 09:30 6
20150407 09:40 6.125
20150407 09:50 6.375
20150407 10:00 6.625
20150407 10:10 7.125
20150407 10:20 7.875
20150407 10:30 8.125
20150407 10:40 8.125
20150407 10:50 8.125
20150407 11:00 8.5
20150407 11:10 8.5
20150407 11:20 8.75
20150407 11:30 8.625
20150407 11:40 8.875
20150407 11:50 8.875
20150407 12:00 8.875
20150407 12:10 9
20150407 12:20 9
20150407 12:30 9.125
20150407 12:40 9.25
20150407 12:50 9.125
20150407 13:00 9.375
20150407 13:10 9.5
20150407 13:20 9.875
20150407 13:30 9.75
20150407 13:40 10
20150407 13:50 10.25
20150407 14:00 10.5
20150407 14:10 10.375
20150407 14:20 10.25
20150407 14:30 10.625
20150407 14:40 11
20150407 14:50 11.25
20150407 15:00 11.375
20150407 15:10 11.125
20150407 15:20 11
20150407 15:30 10.875
20150407 15:40 11
20150407 15:50 11.125
20150407 16:00 10.75
20150407 16:10 10.875
20150407 16:20 11
20150407 16:30 11
20150407 16:40 10.625
20150407 16:50 10
20150407 17:00 10.125
20150407 17:10 9.875
20150407 17:20 9.75
20150407 17:30 9.75
20150407 17:40 9.5
20150407 17:50 9.25
20150407 18:00 9.25
20150407 18:10 9.25
20150407 18:20 9.375
20150407 18:30 9.375
20150407 18:40 9.125
20150407 18:50 9.25
20150407 19:00 9.125
20150407 19:10 9.125
20150407 19:20 8.875
20150407 19:30 8.875
20150407 19:40 8.75
20150407 19:50 8.875
20150407 20:00 8.875
20150407 20:10 8.75
20150407 20:20 8.5
20150407 20:30 8.5
20150407 20:40 8.375
20150407 20:50 8.5
20150407 21:00 8.375
20150407 21:10 8.375
20150407 21:20 8.375
20150407 21:30 8.25
20150407 21:40 8.125
20150407 21:50 7.875
20150407 22:00 7.75
20150407 22:10 7.625
20150407 22:20 7.375
20150407 22:30 7.375
20150407 22:40 7.25
20150407 22:50 7.125
20150407 23:00 7.125
20150407 23:10 7
20150407 23:20 7
20150407 23:30 7
20150407 23:40 6.875
20150407 23:50 6.875
