YYYYMMDD HH:MM measured temperature
20151120 00:00 8.25
20151120 00:10 8.125
20151120 00:20 8
20151120 00:30 7.875
20151120 00:40 7.625
20151120 00:50 7.5
20151120 01:00 7.625
20151120 01:10 7.625
20151120 01:20 7.625
20151120 01:30 7.5
20151120 01:40 7.5
20151120 01:50 7.25
20151120 02:00 7.125
20151120 02:10 7
20151120 02:20 7
20151120 02:30 6.875
20151120 02:40 6.875
20151120 02:50 6.875
20151120 03:00 6.75
20151120 03:10 6.625
20151120 03:20 6.75
20151120 03:30 6.875
20151120 03:40 6.75
20151120 03:50 6.875
20151120 04:00 7.125
20151120 04:10 7.25
20151120 04:20 7.375
20151120 04:30 7.375
20151120 04:40 7.25
20151120 04:50 7.375
20151120 05:00 7.5
20151120 05:10 7.75
20151120 05:20 7.625
20151120 05:30 7.5
20151120 05:40 7.5
20151120 05:50 7.5
20151120 06:00 7.25
20151120 06:10 7
20151120 06:20 7
20151120 06:30 7
20151120 06:40 7
20151120 06:50 7.125
20151120 07:00 7.25
20151120 07:10 7.375
20151120 07:20 7.25
20151120 07:30 7.25
20151120 07:40 7.25
20151120 07:50 7
20151120 08:00 6.875
20151120 08:10 6.75
20151120 08:20 6.75
20151120 08:30 6.375
20151120 08:40 6.5
20151120 08:50 6.5
20151120 09:00 6.5
20151120 09:10 6.25
20151120 09:20 6.375
20151120 09:30 7
20151120 09:40 7.125
20151120 09:50 7.125
20151120 10:00 7.375
20151120 10:10 7.5
20151120 10:20 7.625
20151120 10:30 7.75
20151120 10:40 8
20151120 10:50 8
20151120 11:00 8.125
20151120 11:10 8
20151120 11:20 8.25
20151120 11:30 8.125
20151120 11:40 8.125
20151120 11:50 8.25
20151120 12:00 8.25
20151120 12:10 7.875
20151120 12:20 8
20151120 12:30 8.125
20151120 12:40 8
20151120 12:50 7.875
20151120 13:00 7.75
20151120 13:10 7.75
20151120 13:20 7.625
20151120 13:30 7.625
20151120 13:40 7.625
20151120 13:50 7.625
20151120 14:00 7.75
20151120 14:10 7.75
20151120 14:20 8.125
20151120 14:30 8.5
20151120 14:40 7.875
20151120 14:50 8.125
20151120 15:00 7.5
20151120 15:10 7.375
20151120 15:20 7.25
20151120 15:30 7.5
20151120 15:40 7.5
20151120 15:50 7.5
20151120 16:00 7.5
20151120 16:10 7.5
20151120 16:20 7.5
20151120 16:30 7.25
20151120 16:40 7.375
20151120 16:50 7.25
20151120 17:00 7.375
20151120 17:10 7.25
20151120 17:20 7.125
20151120 17:30 7
20151120 17:40 7
20151120 17:50 7
20151120 18:00 7
20151120 18:10 7
20151120 18:20 7
20151120 18:30 7
20151120 18:40 6.875
20151120 18:50 6.75
20151120 19:00 6.875
20151120 19:10 6.875
20151120 19:20 6.875
20151120 19:30 6.75
20151120 19:40 6.75
20151120 19:50 6.75
20151120 20:00 6.625
20151120 20:10 6.5
20151120 20:20 6.375
20151120 20:30 6.375
20151120 20:40 6.5
20151120 20:50 6.5
20151120 21:00 6.375
20151120 21:10 6.375
20151120 21:20 6.125
20151120 21:30 6.125
20151120 21:40 6.125
20151120 21:50 6.125
20151120 22:00 6
20151120 22:10 6
20151120 22:20 6
20151120 22:30 6
20151120 22:40 5.875
20151120 22:50 6
20151120 23:00 5.875
20151120 23:10 5.875
20151120 23:20 5.875
20151120 23:30 5.875
20151120 23:40 5.875
20151120 23:50 5.875
