YYYYMMDD HH:MM measured temperature
20151001 00:00 6.125
20151001 00:10 6.125
20151001 00:20 6.125
20151001 00:30 6.25
20151001 00:40 6.125
20151001 00:50 6
20151001 01:00 6
20151001 01:10 5.75
20151001 01:20 5.625
20151001 01:30 5.25
20151001 01:40 5.125
20151001 01:50 5.25
20151001 02:00 5.375
20151001 02:10 5.25
20151001 02:20 5.125
20151001 02:30 4.875
20151001 02:40 4.875
20151001 02:50 4.5
20151001 03:00 4.75
20151001 03:10 4.75
20151001 03:20 4.625
20151001 03:30 4.375
20151001 03:40 4.625
20151001 03:50 4.625
20151001 04:00 4.375
20151001 04:10 4.125
20151001 04:20 3.875
20151001 04:30 3.875
20151001 04:40 3.75
20151001 04:50 3.75
20151001 05:00 3.75
20151001 05:10 3.625
20151001 05:20 4.125
20151001 05:30 3.5
20151001 05:40 3.625
20151001 05:50 3.5
20151001 06:00 3.375
20151001 06:10 3.375
20151001 06:20 3.25
20151001 06:30 3.25
20151001 06:40 3.125
20151001 06:50 3.125
20151001 07:00 3.125
20151001 07:10 2.875
20151001 07:20 2.875
20151001 07:30 2.5
20151001 07:40 2.625
20151001 07:50 2.875
20151001 08:00 3.125
20151001 08:10 3.5
20151001 08:20 3.75
20151001 08:30 4.125
20151001 08:40 5
20151001 08:50 5.375
20151001 09:00 5.875
20151001 09:10 6.875
20151001 09:20 7.25
20151001 09:30 8
20151001 09:40 9
20151001 09:50 9.5
20151001 10:00 10.25
20151001 10:10 10.25
20151001 10:20 10.875
20151001 10:30 11.25
20151001 10:40 11.875
20151001 10:50 12.125
20151001 11:00 12.375
20151001 11:10 13
20151001 11:20 13.625
20151001 11:30 13.625
20151001 11:40 14
20151001 11:50 14.125
20151001 12:00 14.25
20151001 12:10 14.625
20151001 12:20 15.5
20151001 12:30 15.625
20151001 12:40 14.875
20151001 12:50 15.875
20151001 13:00 15.625
20151001 13:10 15.25
20151001 13:20 15.875
20151001 13:30 17.25
20151001 13:40 16.625
20151001 13:50 16.5
20151001 14:00 16.5
20151001 14:10 16.75
20151001 14:20 17.25
20151001 14:30 17.75
20151001 14:40 16.25
20151001 14:50 17
20151001 15:00 17.125
20151001 15:10 17.125
20151001 15:20 16.875
20151001 15:30 17.875
20151001 15:40 17.25
20151001 15:50 16.875
20151001 16:00 16.75
20151001 16:10 17
20151001 16:20 17.25
20151001 16:30 17
20151001 16:40 16.625
20151001 16:50 16.625
20151001 17:00 16.25
20151001 17:10 16
20151001 17:20 16.125
20151001 17:30 15.5
20151001 17:40 15.25
20151001 17:50 14.625
20151001 18:00 14.875
20151001 18:10 14.625
20151001 18:20 13.875
20151001 18:30 13.125
20151001 18:40 12.75
20151001 18:50 12.125
20151001 19:00 11.25
20151001 19:10 11
20151001 19:20 10.25
20151001 19:30 10.125
20151001 19:40 9.875
20151001 19:50 9.625
20151001 20:00 9.25
20151001 20:10 8.875
20151001 20:20 9.25
20151001 20:30 10
20151001 20:40 8.875
20151001 20:50 8.75
20151001 21:00 8.875
20151001 21:10 8.75
20151001 21:20 8
20151001 21:30 7.875
20151001 21:40 7.375
20151001 21:50 7.75
20151001 22:00 7.375
20151001 22:10 7.125
20151001 22:20 6.875
20151001 22:30 6.5
20151001 22:40 6.5
20151001 22:50 6.375
20151001 23:00 6.25
20151001 23:10 6.25
20151001 23:20 5.625
20151001 23:30 5.375
20151001 23:40 5.25
20151001 23:50 5.5
