YYYYMMDD HH:MM measured temperature
20150330 00:00 5.25
20150330 00:10 5.375
20150330 00:20 5.5
20150330 00:30 5.5
20150330 00:40 5.625
20150330 00:50 5.625
20150330 01:00 5.625
20150330 01:10 5.625
20150330 01:20 5.75
20150330 01:30 5.75
20150330 01:40 5.75
20150330 01:50 5.625
20150330 02:00 5.625
20150330 02:10 5.5
20150330 02:20 5.375
20150330 02:30 5.25
20150330 02:40 5.125
20150330 02:50 5.25
20150330 03:00 5.25
20150330 03:10 5.25
20150330 03:20 5.25
20150330 03:30 5.25
20150330 03:40 5.375
20150330 03:50 5.375
20150330 04:00 5.25
20150330 04:10 5.125
20150330 04:20 5.375
20150330 04:30 5.375
20150330 04:40 5.375
20150330 04:50 5.25
20150330 05:00 4.75
20150330 05:10 4.625
20150330 05:20 4.5
20150330 05:30 4.5
20150330 05:40 4.875
20150330 05:50 4.75
20150330 06:00 5
20150330 06:10 4.875
20150330 06:20 5
20150330 06:30 4.75
20150330 06:40 4.75
20150330 06:50 4.75
20150330 07:00 4.625
20150330 07:10 4.625
20150330 07:20 4.375
20150330 07:30 4.125
20150330 07:40 4.25
20150330 07:50 4.25
20150330 08:00 4.25
20150330 08:10 4.375
20150330 08:20 4.5
20150330 08:30 4.625
20150330 08:40 4.875
20150330 08:50 5
20150330 09:00 4.125
20150330 09:10 4.25
20150330 09:20 4.5
20150330 09:30 4.5
20150330 09:40 4.875
20150330 09:50 4.875
20150330 10:00 4.625
20150330 10:10 4.625
20150330 10:20 4.75
20150330 10:30 4.75
20150330 10:40 4.75
20150330 10:50 4.875
20150330 11:00 4.625
20150330 11:10 4.75
20150330 11:20 4.625
20150330 11:30 4.375
20150330 11:40 5
20150330 11:50 5.25
20150330 12:00 4.875
20150330 12:10 4.625
20150330 12:20 5.125
20150330 12:30 6.375
20150330 12:40 7.375
20150330 12:50 6.875
20150330 13:00 6.875
20150330 13:10 8.125
20150330 13:20 8.25
20150330 13:30 8
20150330 13:40 9.25
20150330 13:50 9
20150330 14:00 6.75
20150330 14:10 9.125
20150330 14:20 9.875
20150330 14:30 10.125
20150330 14:40 10.75
20150330 14:50 9.75
20150330 15:00 11.25
20150330 15:10 9
20150330 15:20 10.5
20150330 15:30 8.625
20150330 15:40 8.875
20150330 15:50 9.75
20150330 16:00 8.125
20150330 16:10 8.5
20150330 16:20 8.5
20150330 16:30 8.625
20150330 16:40 8.375
20150330 16:50 7.125
20150330 17:00 8.25
20150330 17:10 8
20150330 17:20 7.75
20150330 17:30 7.5
20150330 17:40 6.25
20150330 17:50 7.125
20150330 18:00 6.625
20150330 18:10 6.75
20150330 18:20 6.75
20150330 18:30 6.375
20150330 18:40 6.25
20150330 18:50 6
20150330 19:00 5.875
20150330 19:10 5.75
20150330 19:20 5.875
20150330 19:30 6
20150330 19:40 5.625
20150330 19:50 5.5
20150330 20:00 5.5
20150330 20:10 5.375
20150330 20:20 5.125
20150330 20:30 5
20150330 20:40 4.75
20150330 20:50 4.75
20150330 21:00 4.625
20150330 21:10 4.625
20150330 21:20 4.625
20150330 21:30 4.5
20150330 21:40 4.375
20150330 21:50 4.25
20150330 22:00 4.25
20150330 22:10 4.125
20150330 22:20 4.125
20150330 22:30 4.25
20150330 22:40 4.25
20150330 22:50 4.25
20150330 23:00 4.125
20150330 23:10 4.25
20150330 23:20 4.25
20150330 23:30 4.25
20150330 23:40 4.375
20150330 23:50 4.375
