YYYYMMDD HH:MM measured temperature
20150406 00:00 4.875
20150406 00:10 4.875
20150406 00:20 4.75
20150406 00:30 4.75
20150406 00:40 4.875
20150406 00:50 4.75
20150406 01:00 4.625
20150406 01:10 4.625
20150406 01:20 4.5
20150406 01:30 4.5
20150406 01:40 4.375
20150406 01:50 4.25
20150406 02:00 4.375
20150406 02:10 4.375
20150406 02:20 4.375
20150406 02:30 4.375
20150406 02:40 4.25
20150406 02:50 4.375
20150406 03:00 4.375
20150406 03:10 4.375
20150406 03:20 4.25
20150406 03:30 4.375
20150406 03:40 4.375
20150406 03:50 4.375
20150406 04:00 4.5
20150406 04:10 4.625
20150406 04:20 4.625
20150406 04:30 4.625
20150406 04:40 4.625
20150406 04:50 4.625
20150406 05:00 4.625
20150406 05:10 4.5
20150406 05:20 4.625
20150406 05:30 4.625
20150406 05:40 4.625
20150406 05:50 4.625
20150406 06:00 4.75
20150406 06:10 4.625
20150406 06:20 4.5
20150406 06:30 4.625
20150406 06:40 4.5
20150406 06:50 4.5
20150406 07:00 4.5
20150406 07:10 4.625
20150406 07:20 4.625
20150406 07:30 4.625
20150406 07:40 4.75
20150406 07:50 5.125
20150406 08:00 5.5
20150406 08:10 5.875
20150406 08:20 5.625
20150406 08:30 6.125
20150406 08:40 6.75
20150406 08:50 6.625
20150406 09:00 6.5
20150406 09:10 7
20150406 09:20 6.875
20150406 09:30 6.75
20150406 09:40 7.125
20150406 09:50 7.375
20150406 10:00 8
20150406 10:10 7.375
20150406 10:20 9
20150406 10:30 9.875
20150406 10:40 9.5
20150406 10:50 9.125
20150406 11:00 9.625
20150406 11:10 10.5
20150406 11:20 10.5
20150406 11:30 10.625
20150406 11:40 10.875
20150406 11:50 11
20150406 12:00 11.875
20150406 12:10 11.5
20150406 12:20 12.375
20150406 12:30 12.25
20150406 12:40 14
20150406 12:50 13.125
20150406 13:00 13.125
20150406 13:10 14.875
20150406 13:20 14
20150406 13:30 14.25
20150406 13:40 15.5
20150406 13:50 15.375
20150406 14:00 14.5
20150406 14:10 14.875
20150406 14:20 15
20150406 14:30 15.25
20150406 14:40 14
20150406 14:50 16
20150406 15:00 15.125
20150406 15:10 14.75
20150406 15:20 14.125
20150406 15:30 14.25
20150406 15:40 14
20150406 15:50 13.5
20150406 16:00 13.25
20150406 16:10 13.25
20150406 16:20 12.875
20150406 16:30 12.625
20150406 16:40 12.375
20150406 16:50 12.75
20150406 17:00 12.5
20150406 17:10 11.875
20150406 17:20 11.875
20150406 17:30 11.875
20150406 17:40 11.75
20150406 17:50 11.75
20150406 18:00 11.5
20150406 18:10 11.125
20150406 18:20 11.125
20150406 18:30 10.875
20150406 18:40 10.875
20150406 18:50 10.625
20150406 19:00 10.375
20150406 19:10 10.125
20150406 19:20 9.75
20150406 19:30 9.375
20150406 19:40 9.125
20150406 19:50 8.875
20150406 20:00 8.25
20150406 20:10 7.625
20150406 20:20 7.5
20150406 20:30 7
20150406 20:40 6.875
20150406 20:50 6.25
20150406 21:00 6
20150406 21:10 5.875
20150406 21:20 5.625
20150406 21:30 5.75
20150406 21:40 4.875
20150406 21:50 4.375
20150406 22:00 4.375
20150406 22:10 4.125
20150406 22:20 3.875
20150406 22:30 3.75
20150406 22:40 3.375
20150406 22:50 3.125
20150406 23:00 2.875
20150406 23:10 3.125
20150406 23:20 3.25
20150406 23:30 2.75
20150406 23:40 2.625
20150406 23:50 2.25
