YYYYMMDD HH:MM measured temperature
20150426 00:00 11
20150426 00:10 11
20150426 00:20 11.25
20150426 00:30 11.25
20150426 00:40 11.25
20150426 00:50 11.125
20150426 01:00 11.125
20150426 01:10 11.125
20150426 01:20 10.875
20150426 01:30 10.5
20150426 01:40 10.25
20150426 01:50 10
20150426 02:00 9.625
20150426 02:10 9.5
20150426 02:20 9.375
20150426 02:30 9.375
20150426 02:40 9.125
20150426 02:50 9.25
20150426 03:00 9.125
20150426 03:10 8.375
20150426 03:20 8.625
20150426 03:30 8.75
20150426 03:40 8.5
20150426 03:50 8.25
20150426 04:00 8.25
20150426 04:10 8.25
20150426 04:20 8.125
20150426 04:30 7.625
20150426 04:40 7.75
20150426 04:50 7.625
20150426 05:00 8.125
20150426 05:10 8.25
20150426 05:20 8.375
20150426 05:30 8.375
20150426 05:40 8.5
20150426 05:50 8.5
20150426 06:00 8.375
20150426 06:10 8.5
20150426 06:20 8.625
20150426 06:30 8.75
20150426 06:40 8.875
20150426 06:50 9
20150426 07:00 9.125
20150426 07:10 9.125
20150426 07:20 9.625
20150426 07:30 9.875
20150426 07:40 9.75
20150426 07:50 9.875
20150426 08:00 10
20150426 08:10 10.375
20150426 08:20 10.375
20150426 08:30 10.5
20150426 08:40 10.5
20150426 08:50 10.625
20150426 09:00 10.625
20150426 09:10 11.125
20150426 09:20 11.25
20150426 09:30 11.125
20150426 09:40 11.25
20150426 09:50 11.125
20150426 10:00 11
20150426 10:10 11.5
20150426 10:20 11.75
20150426 10:30 12
20150426 10:40 11.875
20150426 10:50 12.125
20150426 11:00 12.25
20150426 11:10 12.5
20150426 11:20 13.25
20150426 11:30 12.625
20150426 11:40 12.125
20150426 11:50 12
20150426 12:00 12.625
20150426 12:10 13.625
20150426 12:20 13.5
20150426 12:30 13.875
20150426 12:40 13.5
20150426 12:50 13.25
20150426 13:00 13.125
20150426 13:10 13.5
20150426 13:20 14.375
20150426 13:30 15.5
20150426 13:40 14.75
20150426 13:50 14.375
20150426 14:00 15.25
20150426 14:10 14.5
20150426 14:20 13.875
20150426 14:30 13.875
20150426 14:40 14.125
20150426 14:50 13.625
20150426 15:00 12.625
20150426 15:10 13.25
20150426 15:20 13.125
20150426 15:30 13.25
20150426 15:40 13.5
20150426 15:50 12.75
20150426 16:00 12.375
20150426 16:10 12.75
20150426 16:20 11.875
20150426 16:30 11.625
20150426 16:40 11.375
20150426 16:50 10.875
20150426 17:00 10.5
20150426 17:10 10.25
20150426 17:20 10.125
20150426 17:30 9.5
20150426 17:40 10
20150426 17:50 9.625
20150426 18:00 9.75
20150426 18:10 9.375
20150426 18:20 9.375
20150426 18:30 8.75
20150426 18:40 8.625
20150426 18:50 8.5
20150426 19:00 8.125
20150426 19:10 8.375
20150426 19:20 8.375
20150426 19:30 8.125
20150426 19:40 8.375
20150426 19:50 8.125
20150426 20:00 8.125
20150426 20:10 7.875
20150426 20:20 7.875
20150426 20:30 7.75
20150426 20:40 7.625
20150426 20:50 7.625
20150426 21:00 7.5
20150426 21:10 7.5
20150426 21:20 7.5
20150426 21:30 7.5
20150426 21:40 7.375
20150426 21:50 7.5
20150426 22:00 7.25
20150426 22:10 7.25
20150426 22:20 7.25
20150426 22:30 7.25
20150426 22:40 7.125
20150426 22:50 7.125
20150426 23:00 7
20150426 23:10 7
20150426 23:20 7
20150426 23:30 7
20150426 23:40 7
20150426 23:50 6.875
