YYYYMMDD HH:MM measured temperature
20151110 00:00 11.5
20151110 00:10 11.375
20151110 00:20 11.25
20151110 00:30 11.25
20151110 00:40 11.25
20151110 00:50 11.375
20151110 01:00 11.375
20151110 01:10 11.5
20151110 01:20 11.5
20151110 01:30 11.5
20151110 01:40 11.5
20151110 01:50 11.625
20151110 02:00 11.625
20151110 02:10 11.625
20151110 02:20 11.75
20151110 02:30 11.75
20151110 02:40 11.875
20151110 02:50 12
20151110 03:00 12
20151110 03:10 12.125
20151110 03:20 12.125
20151110 03:30 12.125
20151110 03:40 12.125
20151110 03:50 12.125
20151110 04:00 12.125
20151110 04:10 12.125
20151110 04:20 12.125
20151110 04:30 12.125
20151110 04:40 12.25
20151110 04:50 12.25
20151110 05:00 12.25
20151110 05:10 12.375
20151110 05:20 12.375
20151110 05:30 12.5
20151110 05:40 12.5
20151110 05:50 12.5
20151110 06:00 12.625
20151110 06:10 12.625
20151110 06:20 12.625
20151110 06:30 12.625
20151110 06:40 12.75
20151110 06:50 12.875
20151110 07:00 13
20151110 07:10 13.25
20151110 07:20 13.375
20151110 07:30 13.625
20151110 07:40 13.625
20151110 07:50 13.625
20151110 08:00 13.75
20151110 08:10 13.875
20151110 08:20 13.875
20151110 08:30 14
20151110 08:40 14
20151110 08:50 14.125
20151110 09:00 14.25
20151110 09:10 14.125
20151110 09:20 14.25
20151110 09:30 14.25
20151110 09:40 14.375
20151110 09:50 14.375
20151110 10:00 14.375
20151110 10:10 14.375
20151110 10:20 14.5
20151110 10:30 14.5
20151110 10:40 14.5
20151110 10:50 14.625
20151110 11:00 14.625
20151110 11:10 14.625
20151110 11:20 14.625
20151110 11:30 14.75
20151110 11:40 14.75
20151110 11:50 14.75
20151110 12:00 14.75
20151110 12:10 14.875
20151110 12:20 15
20151110 12:30 15.125
20151110 12:40 15.125
20151110 12:50 15.125
20151110 13:00 15.125
20151110 13:10 15.125
20151110 13:20 15.125
20151110 13:30 15.125
20151110 13:40 15.125
20151110 13:50 15.125
20151110 14:00 15.25
20151110 14:10 15.375
20151110 14:20 15.375
20151110 14:30 15.25
20151110 14:40 15.125
20151110 14:50 15.125
20151110 15:00 15.125
20151110 15:10 15
20151110 15:20 14.875
20151110 15:30 14.875
20151110 15:40 15
20151110 15:50 14.875
20151110 16:00 14.75
20151110 16:10 14.75
20151110 16:20 14.75
20151110 16:30 14.625
20151110 16:40 14.625
20151110 16:50 14.625
20151110 17:00 14.625
20151110 17:10 14.625
20151110 17:20 14.625
20151110 17:30 14.75
20151110 17:40 14.75
20151110 17:50 14.75
20151110 18:00 14.75
20151110 18:10 14.75
20151110 18:20 14.75
20151110 18:30 14.75
20151110 18:40 14.75
20151110 18:50 14.75
20151110 19:00 14.75
20151110 19:10 14.75
20151110 19:20 14.75
20151110 19:30 14.625
20151110 19:40 14.75
20151110 19:50 14.875
20151110 20:00 14.625
20151110 20:10 14.5
20151110 20:20 14.375
20151110 20:30 14.375
20151110 20:40 14.375
20151110 20:50 14.5
20151110 21:00 14.625
20151110 21:10 14.625
20151110 21:20 14.625
20151110 21:30 14.625
20151110 21:40 14.625
20151110 21:50 14.625
20151110 22:00 14.5
20151110 22:10 14.5
20151110 22:20 14.5
20151110 22:30 14.625
20151110 22:40 14.625
20151110 22:50 14.625
20151110 23:00 14.625
20151110 23:10 14.625
20151110 23:20 14.625
20151110 23:30 14.625
20151110 23:40 14.625
20151110 23:50 14.625
