YYYYMMDD HH:MM measured temperature
20151026 00:00 4.75
20151026 00:10 4.5
20151026 00:20 4.375
20151026 00:30 4.375
20151026 00:40 4.125
20151026 00:50 4
20151026 01:00 3.875
20151026 01:10 3.625
20151026 01:20 3.5
20151026 01:30 3.5
20151026 01:40 3.5
20151026 01:50 3.375
20151026 02:00 3.25
20151026 02:10 3.25
20151026 02:20 3.125
20151026 02:30 3.125
20151026 02:40 3.125
20151026 02:50 3.125
20151026 03:00 3
20151026 03:10 2.875
20151026 03:20 2.875
20151026 03:30 2.875
20151026 03:40 2.875
20151026 03:50 2.75
20151026 04:00 2.625
20151026 04:10 2.625
20151026 04:20 2.5
20151026 04:30 2.375
20151026 04:40 2.375
20151026 04:50 2.5
20151026 05:00 2.375
20151026 05:10 2.375
20151026 05:20 2.125
20151026 05:30 2.25
20151026 05:40 2.375
20151026 05:50 2.125
20151026 06:00 2.375
20151026 06:10 2.625
20151026 06:20 2.5
20151026 06:30 2.375
20151026 06:40 2.375
20151026 06:50 2.75
20151026 07:00 2.875
20151026 07:10 2.875
20151026 07:20 2.875
20151026 07:30 2.625
20151026 07:40 2.875
20151026 07:50 3
20151026 08:00 3.125
20151026 08:10 3.125
20151026 08:20 3
20151026 08:30 3.25
20151026 08:40 3.625
20151026 08:50 3.75
20151026 09:00 4
20151026 09:10 4.625
20151026 09:20 5
20151026 09:30 5.625
20151026 09:40 6.25
20151026 09:50 6.5
20151026 10:00 6.75
20151026 10:10 6.75
20151026 10:20 7.125
20151026 10:30 7.5
20151026 10:40 8
20151026 10:50 8.25
20151026 11:00 8.5
20151026 11:10 8.875
20151026 11:20 9.125
20151026 11:30 9.625
20151026 11:40 10
20151026 11:50 10.5
20151026 12:00 10.875
20151026 12:10 11.375
20151026 12:20 11.75
20151026 12:30 12
20151026 12:40 11.75
20151026 12:50 11.625
20151026 13:00 12.5
20151026 13:10 12.75
20151026 13:20 12.75
20151026 13:30 13.5
20151026 13:40 13.5
20151026 13:50 13.625
20151026 14:00 12.75
20151026 14:10 12.375
20151026 14:20 13.5
20151026 14:30 13.875
20151026 14:40 14
20151026 14:50 14
20151026 15:00 14.25
20151026 15:10 14.5
20151026 15:20 15
20151026 15:30 15.5
20151026 15:40 15.625
20151026 15:50 15.25
20151026 16:00 14.625
20151026 16:10 14.75
20151026 16:20 14.375
20151026 16:30 13.625
20151026 16:40 13
20151026 16:50 12.75
20151026 17:00 12.5
20151026 17:10 12.25
20151026 17:20 11.625
20151026 17:30 11.125
20151026 17:40 11
20151026 17:50 10.25
20151026 18:00 10.125
20151026 18:10 9.75
20151026 18:20 9.375
20151026 18:30 9.25
20151026 18:40 9
20151026 18:50 8.625
20151026 19:00 8.625
20151026 19:10 8.625
20151026 19:20 8.625
20151026 19:30 8.5
20151026 19:40 8.375
20151026 19:50 8.125
20151026 20:00 8.25
20151026 20:10 8.5
20151026 20:20 8.5
20151026 20:30 8.375
20151026 20:40 8.125
20151026 20:50 7.875
20151026 21:00 7.75
20151026 21:10 7.625
20151026 21:20 7.25
20151026 21:30 7.25
20151026 21:40 7.125
20151026 21:50 7.125
20151026 22:00 6.875
20151026 22:10 6.625
20151026 22:20 6.75
20151026 22:30 6.625
20151026 22:40 6.5
20151026 22:50 6.625
20151026 23:00 6.375
20151026 23:10 6.5
20151026 23:20 6.375
20151026 23:30 6.375
20151026 23:40 6.125
20151026 23:50 6.25
