YYYYMMDD HH:MM measured temperature
20151203 00:00 8.25
20151203 00:10 8.25
20151203 00:20 8.125
20151203 00:30 8.375
20151203 00:40 8.375
20151203 00:50 8.375
20151203 01:00 8.25
20151203 01:10 8.25
20151203 01:20 8.25
20151203 01:30 8.125
20151203 01:40 8
20151203 01:50 7.875
20151203 02:00 7.75
20151203 02:10 7.75
20151203 02:20 7.625
20151203 02:30 7.5
20151203 02:40 7.25
20151203 02:50 7.25
20151203 03:00 7.125
20151203 03:10 7.125
20151203 03:20 6.875
20151203 03:30 6.75
20151203 03:40 6.75
20151203 03:50 6.75
20151203 04:00 6.75
20151203 04:10 6.75
20151203 04:20 6.75
20151203 04:30 6.75
20151203 04:40 6.875
20151203 04:50 6.875
20151203 05:00 7
20151203 05:10 7
20151203 05:20 6.875
20151203 05:30 7
20151203 05:40 7
20151203 05:50 7
20151203 06:00 7.125
20151203 06:10 7.125
20151203 06:20 7.25
20151203 06:30 7.25
20151203 06:40 7.375
20151203 06:50 7.625
20151203 07:00 7.625
20151203 07:10 7.625
20151203 07:20 7.5
20151203 07:30 7.375
20151203 07:40 6.875
20151203 07:50 6.75
20151203 08:00 6.75
20151203 08:10 6.625
20151203 08:20 6.75
20151203 08:30 6.75
20151203 08:40 6.75
20151203 08:50 6.5
20151203 09:00 6.625
20151203 09:10 6.625
20151203 09:20 7
20151203 09:30 7.375
20151203 09:40 7.75
20151203 09:50 8.25
20151203 10:00 8.375
20151203 10:10 8.375
20151203 10:20 8.625
20151203 10:30 8.5
20151203 10:40 8.5
20151203 10:50 8.75
20151203 11:00 9
20151203 11:10 9.5
20151203 11:20 9.5
20151203 11:30 9.5
20151203 11:40 9.75
20151203 11:50 10.25
20151203 12:00 9.875
20151203 12:10 9.875
20151203 12:20 10.5
20151203 12:30 10.875
20151203 12:40 10.5
20151203 12:50 12.625
20151203 13:00 13.125
20151203 13:10 12.625
20151203 13:20 12
20151203 13:30 11.75
20151203 13:40 11.25
20151203 13:50 12
20151203 14:00 11.375
20151203 14:10 12.25
20151203 14:20 11.375
20151203 14:30 11.375
20151203 14:40 10.875
20151203 14:50 10.75
20151203 15:00 10.75
20151203 15:10 10.5
20151203 15:20 10
20151203 15:30 9.5
20151203 15:40 9.375
20151203 15:50 9
20151203 16:00 8.875
20151203 16:10 8.625
20151203 16:20 8.5
20151203 16:30 8.625
20151203 16:40 8.75
20151203 16:50 8.875
20151203 17:00 9
20151203 17:10 9
20151203 17:20 9
20151203 17:30 9.125
20151203 17:40 9
20151203 17:50 9.125
20151203 18:00 9.125
20151203 18:10 9.25
20151203 18:20 9.25
20151203 18:30 9.125
20151203 18:40 9.125
20151203 18:50 9.125
20151203 19:00 9.125
20151203 19:10 9
20151203 19:20 9.125
20151203 19:30 9.125
20151203 19:40 9
20151203 19:50 8.875
20151203 20:00 8.625
20151203 20:10 8.375
20151203 20:20 8.25
20151203 20:30 8.125
20151203 20:40 7.75
20151203 20:50 7.625
20151203 21:00 7.5
20151203 21:10 7.375
20151203 21:20 7.25
20151203 21:30 7.125
20151203 21:40 7
20151203 21:50 7.125
20151203 22:00 7
20151203 22:10 7
20151203 22:20 7.125
20151203 22:30 7
20151203 22:40 6.875
20151203 22:50 6.875
20151203 23:00 6.875
20151203 23:10 6.75
20151203 23:20 6.875
20151203 23:30 6.75
20151203 23:40 6.5
20151203 23:50 6.625
