YYYYMMDD HH:MM measured temperature
20151105 00:00 8
20151105 00:10 7.875
20151105 00:20 7.75
20151105 00:30 7.875
20151105 00:40 7.75
20151105 00:50 7.75
20151105 01:00 7.75
20151105 01:10 7.625
20151105 01:20 7.25
20151105 01:30 7.25
20151105 01:40 7.5
20151105 01:50 7.375
20151105 02:00 7.25
20151105 02:10 7.5
20151105 02:20 7.625
20151105 02:30 7.5
20151105 02:40 7.75
20151105 02:50 7.5
20151105 03:00 7.75
20151105 03:10 8.125
20151105 03:20 8.125
20151105 03:30 8.25
20151105 03:40 8.375
20151105 03:50 8.625
20151105 04:00 8.75
20151105 04:10 8.75
20151105 04:20 9
20151105 04:30 9
20151105 04:40 9.25
20151105 04:50 9.375
20151105 05:00 9.125
20151105 05:10 9.125
20151105 05:20 9.25
20151105 05:30 9.375
20151105 05:40 10
20151105 05:50 10
20151105 06:00 9.875
20151105 06:10 10
20151105 06:20 9.75
20151105 06:30 9.625
20151105 06:40 9.5
20151105 06:50 9.5
20151105 07:00 9.5
20151105 07:10 9.375
20151105 07:20 9.5
20151105 07:30 9.25
20151105 07:40 9
20151105 07:50 8.875
20151105 08:00 9
20151105 08:10 8.875
20151105 08:20 9
20151105 08:30 9.25
20151105 08:40 9.375
20151105 08:50 9.5
20151105 09:00 9.75
20151105 09:10 10
20151105 09:20 10.375
20151105 09:30 10.625
20151105 09:40 10.75
20151105 09:50 10.875
20151105 10:00 11.25
20151105 10:10 11.375
20151105 10:20 11.5
20151105 10:30 11.375
20151105 10:40 11.75
20151105 10:50 12
20151105 11:00 12.375
20151105 11:10 12.5
20151105 11:20 12.75
20151105 11:30 12.875
20151105 11:40 13
20151105 11:50 13.5
20151105 12:00 13.75
20151105 12:10 13.875
20151105 12:20 13.875
20151105 12:30 13.875
20151105 12:40 14.25
20151105 12:50 15
20151105 13:00 14.875
20151105 13:10 15.25
20151105 13:20 15.5
20151105 13:30 15.625
20151105 13:40 15.125
20151105 13:50 14.75
20151105 14:00 14.75
20151105 14:10 14.625
20151105 14:20 14.5
20151105 14:30 14.5
20151105 14:40 14.375
20151105 14:50 14.25
20151105 15:00 14.25
20151105 15:10 14.25
20151105 15:20 14.25
20151105 15:30 14.25
20151105 15:40 14
20151105 15:50 13.375
20151105 16:00 12.875
20151105 16:10 12.625
20151105 16:20 12.625
20151105 16:30 12.625
20151105 16:40 12.625
20151105 16:50 12.625
20151105 17:00 12.75
20151105 17:10 12.75
20151105 17:20 12.75
20151105 17:30 12.75
20151105 17:40 12.875
20151105 17:50 13
20151105 18:00 12.875
20151105 18:10 12.75
20151105 18:20 12.75
20151105 18:30 12.75
20151105 18:40 12.75
20151105 18:50 12.625
20151105 19:00 12.625
20151105 19:10 12.625
20151105 19:20 12.625
20151105 19:30 12.5
20151105 19:40 12.375
20151105 19:50 12.375
20151105 20:00 12.375
20151105 20:10 12
20151105 20:20 12
20151105 20:30 11.875
20151105 20:40 11.75
20151105 20:50 11.75
20151105 21:00 11.75
20151105 21:10 11.75
20151105 21:20 11.875
20151105 21:30 12
20151105 21:40 11.75
20151105 21:50 11.875
20151105 22:00 12
20151105 22:10 12
20151105 22:20 11.875
20151105 22:30 11.75
20151105 22:40 12
20151105 22:50 11.75
20151105 23:00 12
20151105 23:10 12
20151105 23:20 12
20151105 23:30 11.875
20151105 23:40 11.875
20151105 23:50 11.875
