YYYYMMDD HH:MM measured temperature
20150703 00:00 22.875
20150703 00:10 22.5
20150703 00:20 22.125
20150703 00:30 22
20150703 00:40 22
20150703 00:50 22
20150703 01:00 22
20150703 01:10 21.875
20150703 01:20 21.75
20150703 01:30 21.5
20150703 01:40 21.375
20150703 01:50 21.125
20150703 02:00 21.125
20150703 02:10 21
20150703 02:20 20.625
20150703 02:30 20.5
20150703 02:40 20.625
20150703 02:50 20.625
20150703 03:00 20.75
20150703 03:10 21.125
20150703 03:20 21.125
20150703 03:30 20.375
20150703 03:40 20.375
20150703 03:50 20
20150703 04:00 19.625
20150703 04:10 19.625
20150703 04:20 19.875
20150703 04:30 20.25
20150703 04:40 20.5
20150703 04:50 20.75
20150703 05:00 20.75
20150703 05:10 20.5
20150703 05:20 20.875
20150703 05:30 21
20150703 05:40 21
20150703 05:50 21.375
20150703 06:00 21.5
20150703 06:10 21.5
20150703 06:20 21.625
20150703 06:30 21.625
20150703 06:40 21.5
20150703 06:50 21.375
20150703 07:00 20
20150703 07:10 18.1875
20150703 07:20 18
20150703 07:30 18.25
20150703 07:40 18.5
20150703 07:50 18.5
20150703 08:00 18.5
20150703 08:10 18.25
20150703 08:20 18.375
20150703 08:30 18.625
20150703 08:40 18.75
20150703 08:50 18.75
20150703 09:00 19
20150703 09:10 19.375
20150703 09:20 19.875
20150703 09:30 20.25
20150703 09:40 20.875
20150703 09:50 21.625
20150703 10:00 22.75
20150703 10:10 24
20150703 10:20 24.75
20150703 10:30 25.125
20150703 10:40 25.125
20150703 10:50 25.875
20150703 11:00 25.375
20150703 11:10 25.375
20150703 11:20 26
20150703 11:30 25.5
20150703 11:40 26.25
20150703 11:50 25.375
20150703 12:00 26.125
20150703 12:10 25.75
20150703 12:20 26
20150703 12:30 27.125
20150703 12:40 26.875
20150703 12:50 27.375
20150703 13:00 28.25
20150703 13:10 28.5
20150703 13:20 28.875
20150703 13:30 28.375
20150703 13:40 29.5
20150703 13:50 29.625
20150703 14:00 29.375
20150703 14:10 29.125
20150703 14:20 29.875
20150703 14:30 29.75
20150703 14:40 30.25
20150703 14:50 29.875
20150703 15:00 30
20150703 15:10 30.25
20150703 15:20 31
20150703 15:30 29.625
20150703 15:40 29.375
20150703 15:50 29.5
20150703 16:00 29.125
20150703 16:10 28.5
20150703 16:20 28.625
20150703 16:30 29
20150703 16:40 28.125
20150703 16:50 28.125
20150703 17:00 28.125
20150703 17:10 28.25
20150703 17:20 28.125
20150703 17:30 28.25
20150703 17:40 28.125
20150703 17:50 28.375
20150703 18:00 28.375
20150703 18:10 27.875
20150703 18:20 28.125
20150703 18:30 27.875
20150703 18:40 28.125
20150703 18:50 27.625
20150703 19:00 27.75
20150703 19:10 27.625
20150703 19:20 27.5
20150703 19:30 27.5
20150703 19:40 27.25
20150703 19:50 27.25
20150703 20:00 27
20150703 20:10 26.875
20150703 20:20 26.5
20150703 20:30 25.75
20150703 20:40 25.75
20150703 20:50 25.625
20150703 21:00 25
20150703 21:10 25.125
20150703 21:20 25
20150703 21:30 24.75
20150703 21:40 24.375
20150703 21:50 24.125
20150703 22:00 23.75
20150703 22:10 23.25
20150703 22:20 23.125
20150703 22:30 23
20150703 22:40 22.75
20150703 22:50 22.5
20150703 23:00 22.125
20150703 23:10 22
20150703 23:20 21.75
20150703 23:30 21.75
20150703 23:40 21.625
20150703 23:50 21.5
