YYYYMMDD HH:MM measured temperature
20151216 00:00 4.75
20151216 00:10 4.875
20151216 00:20 4.75
20151216 00:30 4.75
20151216 00:40 4.875
20151216 00:50 4.875
20151216 01:00 5
20151216 01:10 4.875
20151216 01:20 4.875
20151216 01:30 4.875
20151216 01:40 5
20151216 01:50 4.875
20151216 02:00 4.875
20151216 02:10 5
20151216 02:20 5.125
20151216 02:30 5.125
20151216 02:40 5.25
20151216 02:50 5.375
20151216 03:00 5.375
20151216 03:10 5.25
20151216 03:20 5.25
20151216 03:30 5.375
20151216 03:40 5.5
20151216 03:50 5.5
20151216 04:00 5.5
20151216 04:10 5.5
20151216 04:20 5.625
20151216 04:30 5.625
20151216 04:40 5.625
20151216 04:50 5.625
20151216 05:00 5.625
20151216 05:10 5.625
20151216 05:20 5.625
20151216 05:30 5.625
20151216 05:40 5.625
20151216 05:50 5.75
20151216 06:00 5.75
20151216 06:10 5.75
20151216 06:20 5.75
20151216 06:30 5.75
20151216 06:40 5.875
20151216 06:50 5.875
20151216 07:00 5.875
20151216 07:10 5.875
20151216 07:20 5.875
20151216 07:30 5.875
20151216 07:40 6
20151216 07:50 6
20151216 08:00 6
20151216 08:10 6
20151216 08:20 6.125
20151216 08:30 6.25
20151216 08:40 6.25
20151216 08:50 6.125
20151216 09:00 6.125
20151216 09:10 6.25
20151216 09:20 6.125
20151216 09:30 6.125
20151216 09:40 6.25
20151216 09:50 6.25
20151216 10:00 6.5
20151216 10:10 6.875
20151216 10:20 7
20151216 10:30 7.25
20151216 10:40 7.625
20151216 10:50 7.625
20151216 11:00 7.75
20151216 11:10 7.75
20151216 11:20 7.875
20151216 11:30 8
20151216 11:40 8.25
20151216 11:50 8.25
20151216 12:00 8.375
20151216 12:10 8.75
20151216 12:20 8.5
20151216 12:30 8.625
20151216 12:40 8.625
20151216 12:50 8.625
20151216 13:00 8.75
20151216 13:10 8.875
20151216 13:20 9
20151216 13:30 9.125
20151216 13:40 9.25
20151216 13:50 9.375
20151216 14:00 9.5
20151216 14:10 9.375
20151216 14:20 9.25
20151216 14:30 9.125
20151216 14:40 9.125
20151216 14:50 9.125
20151216 15:00 9.125
20151216 15:10 9
20151216 15:20 8.75
20151216 15:30 8.625
20151216 15:40 8.625
20151216 15:50 8.5
20151216 16:00 8.5
20151216 16:10 8.625
20151216 16:20 8.625
20151216 16:30 8.625
20151216 16:40 8.625
20151216 16:50 8.625
20151216 17:00 8.75
20151216 17:10 8.75
20151216 17:20 8.8125
20151216 17:30 85
20151216 17:40 9
20151216 17:50 9.125
20151216 18:00 9.125
20151216 18:10 9.25
20151216 18:20 9.25
20151216 18:30 9.375
20151216 18:40 9.375
20151216 18:50 9.375
20151216 19:00 9.5
20151216 19:10 9.625
20151216 19:20 9.625
20151216 19:30 9.625
20151216 19:40 9.75
20151216 19:50 9.625
20151216 20:00 9.75
20151216 20:10 9.75
20151216 20:20 9.875
20151216 20:30 9.9375
20151216 20:40 9.9375
20151216 20:50 9.9375
20151216 21:00 10
20151216 21:10 10.125
20151216 21:20 10.125
20151216 21:30 10.125
20151216 21:40 10.125
20151216 21:50 10.25
20151216 22:00 10.25
20151216 22:10 10.5
20151216 22:20 10.5
20151216 22:30 10.5
20151216 22:40 10.625
20151216 22:50 10.625
20151216 23:00 85
20151216 23:10 10.75
20151216 23:20 10.75
20151216 23:30 10.75
20151216 23:40 10.75
20151216 23:50 10.75
