YYYYMMDD HH:MM measured temperature
20150902 00:00 12.125
20150902 00:10 12.125
20150902 00:20 12
20150902 00:30 11.875
20150902 00:40 11.875
20150902 00:50 12
20150902 01:00 11.875
20150902 01:10 11.875
20150902 01:20 12
20150902 01:30 11.875
20150902 01:40 11.875
20150902 01:50 11.875
20150902 02:00 11.75
20150902 02:10 11.625
20150902 02:20 11.625
20150902 02:30 11.5
20150902 02:40 11.5
20150902 02:50 11.375
20150902 03:00 11.3125
20150902 03:10 11.375
20150902 03:20 11.25
20150902 03:30 11.1875
20150902 03:40 11.25
20150902 03:50 11.25
20150902 04:00 11
20150902 04:10 11.125
20150902 04:20 11
20150902 04:30 11
20150902 04:40 11
20150902 04:50 11
20150902 05:00 11
20150902 05:10 11
20150902 05:20 11
20150902 05:30 10.875
20150902 05:40 10.875
20150902 05:50 10.875
20150902 06:00 10.875
20150902 06:10 10.875
20150902 06:20 10.75
20150902 06:30 10.75
20150902 06:40 10.625
20150902 06:50 10.75
20150902 07:00 10.75
20150902 07:10 10.75
20150902 07:20 10.875
20150902 07:30 10.875
20150902 07:40 11.125
20150902 07:50 11.125
20150902 08:00 11.25
20150902 08:10 11.5
20150902 08:20 11.875
20150902 08:30 12.125
20150902 08:40 12.625
20150902 08:50 13
20150902 09:00 13.375
20150902 09:10 13.625
20150902 09:20 14
20150902 09:30 14.25
20150902 09:40 14.625
20150902 09:50 15
20150902 10:00 15.375
20150902 10:10 15.375
20150902 10:20 15.75
20150902 10:30 15.5
20150902 10:40 16.625
20150902 10:50 15.875
20150902 11:00 16
20150902 11:10 17
20150902 11:20 16.5
20150902 11:30 17.375
20150902 11:40 17.625
20150902 11:50 18.375
20150902 12:00 16.625
20150902 12:10 15.875
20150902 12:20 16.75
20150902 12:30 17.75
20150902 12:40 18.125
20150902 12:50 17.875
20150902 13:00 18.125
20150902 13:10 18.125
20150902 13:20 18.5
20150902 13:30 18.5
20150902 13:40 17.375
20150902 13:50 16.75
20150902 14:00 16.5
20150902 14:10 18.625
20150902 14:20 18.75
20150902 14:30 17.125
20150902 14:40 19.25
20150902 14:50 21
20150902 15:00 19
20150902 15:10 17.5
20150902 15:20 17.375
20150902 15:30 17.5
20150902 15:40 18.125
20150902 15:50 17.75
20150902 16:00 19.5
20150902 16:10 17.875
20150902 16:20 17.75
20150902 16:30 17.625
20150902 16:40 17.25
20150902 16:50 17.25
20150902 17:00 17.375
20150902 17:10 17.375
20150902 17:20 17.25
20150902 17:30 18.25
20150902 17:40 17.625
20150902 17:50 17.375
20150902 18:00 17.5
20150902 18:10 17.375
20150902 18:20 17.75
20150902 18:30 17.125
20150902 18:40 16.75
20150902 18:50 16.625
20150902 19:00 16.5
20150902 19:10 16.125
20150902 19:20 15.25
20150902 19:30 15.25
20150902 19:40 14.875
20150902 19:50 15
20150902 20:00 15
20150902 20:10 15
20150902 20:20 15
20150902 20:30 14.75
20150902 20:40 14.375
20150902 20:50 14.375
20150902 21:00 14.125
20150902 21:10 13.875
20150902 21:20 13.375
20150902 21:30 13.5
20150902 21:40 13.125
20150902 21:50 12.75
20150902 22:00 12.25
20150902 22:10 11.875
20150902 22:20 11.75
20150902 22:30 11.375
20150902 22:40 11.25
20150902 22:50 10.875
20150902 23:00 11.125
20150902 23:10 11.25
20150902 23:20 10.875
20150902 23:30 10.625
20150902 23:40 11.125
20150902 23:50 11.5
