YYYYMMDD HH:MM measured temperature
20150429 00:00 2.75
20150429 00:10 2.5
20150429 00:20 2.5
20150429 00:30 2.5
20150429 00:40 2.375
20150429 00:50 2.25
20150429 01:00 2.25
20150429 01:10 2.125
20150429 01:20 2.125
20150429 01:30 2.125
20150429 01:40 2.125
20150429 01:50 2
20150429 02:00 1.875
20150429 02:10 2
20150429 02:20 2
20150429 02:30 2.125
20150429 02:40 2
20150429 02:50 1.5
20150429 03:00 1.125
20150429 03:10 1
20150429 03:20 0.875
20150429 03:30 0.75
20150429 03:40 0.875
20150429 03:50 1
20150429 04:00 1.25
20150429 04:10 1.375
20150429 04:20 1.25
20150429 04:30 1.125
20150429 04:40 1.125
20150429 04:50 1
20150429 05:00 0.875
20150429 05:10 1
20150429 05:20 0.875
20150429 05:30 0.875
20150429 05:40 0.75
20150429 05:50 0.75
20150429 06:00 0.375
20150429 06:10 0.375
20150429 06:20 0.375
20150429 06:30 1
20150429 06:40 1.25
20150429 06:50 1.625
20150429 07:00 1.75
20150429 07:10 2.125
20150429 07:20 2.5
20150429 07:30 2.75
20150429 07:40 3.25
20150429 07:50 3.625
20150429 08:00 4.125
20150429 08:10 4.625
20150429 08:20 5.375
20150429 08:30 6
20150429 08:40 6.625
20150429 08:50 6.875
20150429 09:00 7.25
20150429 09:10 7.75
20150429 09:20 8
20150429 09:30 8.625
20150429 09:40 8.875
20150429 09:50 9.5
20150429 10:00 10
20150429 10:10 10.25
20150429 10:20 10.375
20150429 10:30 10.375
20150429 10:40 11
20150429 10:50 11.625
20150429 11:00 11.5
20150429 11:10 11.625
20150429 11:20 11.875
20150429 11:30 12.25
20150429 11:40 12.75
20150429 11:50 12.5
20150429 12:00 12.75
20150429 12:10 13
20150429 12:20 13.375
20150429 12:30 12.75
20150429 12:40 13.125
20150429 12:50 13.125
20150429 13:00 14
20150429 13:10 13.5
20150429 13:20 13.625
20150429 13:30 13.875
20150429 13:40 13.875
20150429 13:50 13.75
20150429 14:00 13.875
20150429 14:10 14.125
20150429 14:20 14
20150429 14:30 14.125
20150429 14:40 14.5
20150429 14:50 14.5
20150429 15:00 14.625
20150429 15:10 14.25
20150429 15:20 14.375
20150429 15:30 14.375
20150429 15:40 14.375
20150429 15:50 14.25
20150429 16:00 15
20150429 16:10 14.625
20150429 16:20 14.5
20150429 16:30 14.875
20150429 16:40 14.125
20150429 16:50 14.375
20150429 17:00 14.625
20150429 17:10 15.375
20150429 17:20 14.75
20150429 17:30 14.25
20150429 17:40 14.375
20150429 17:50 14.125
20150429 18:00 14.625
20150429 18:10 13.5
20150429 18:20 13.5
20150429 18:30 13.375
20150429 18:40 13.25
20150429 18:50 13.125
20150429 19:00 13
20150429 19:10 12.875
20150429 19:20 12.75
20150429 19:30 12.625
20150429 19:40 12.5
20150429 19:50 12.375
20150429 20:00 12
20150429 20:10 11.75
20150429 20:20 11.5
20150429 20:30 11.25
20150429 20:40 11.125
20150429 20:50 11
20150429 21:00 10.875
20150429 21:10 10.75
20150429 21:20 10.75
20150429 21:30 10.75
20150429 21:40 10.625
20150429 21:50 10.5
20150429 22:00 10.375
20150429 22:10 10.375
20150429 22:20 10.125
20150429 22:30 10.125
20150429 22:40 10
20150429 22:50 9.5
20150429 23:00 9.25
20150429 23:10 9
20150429 23:20 8.875
20150429 23:30 8.625
20150429 23:40 8.375
20150429 23:50 8.375
