YYYYMMDD HH:MM measured temperature
20150819 00:00 15
20150819 00:10 14.875
20150819 00:20 15
20150819 00:30 14.875
20150819 00:40 15.125
20150819 00:50 15
20150819 01:00 14.875
20150819 01:10 15
20150819 01:20 14.875
20150819 01:30 14.875
20150819 01:40 14.875
20150819 01:50 14.75
20150819 02:00 14.625
20150819 02:10 14.5
20150819 02:20 14.625
20150819 02:30 14.375
20150819 02:40 14.375
20150819 02:50 14.5
20150819 03:00 14.375
20150819 03:10 14.5
20150819 03:20 14.375
20150819 03:30 14.375
20150819 03:40 14.375
20150819 03:50 14.375
20150819 04:00 14.25
20150819 04:10 14.125
20150819 04:20 14.25
20150819 04:30 14.25
20150819 04:40 14.25
20150819 04:50 14.25
20150819 05:00 14.25
20150819 05:10 14.25
20150819 05:20 14.25
20150819 05:30 14.25
20150819 05:40 14.125
20150819 05:50 14.25
20150819 06:00 14.25
20150819 06:10 14.25
20150819 06:20 14.25
20150819 06:30 14.25
20150819 06:40 14.25
20150819 06:50 14.25
20150819 07:00 14.25
20150819 07:10 14.25
20150819 07:20 14.375
20150819 07:30 14.375
20150819 07:40 14.5
20150819 07:50 14.625
20150819 08:00 14.5
20150819 08:10 14.625
20150819 08:20 14.75
20150819 08:30 14.75
20150819 08:40 15
20150819 08:50 15
20150819 09:00 15.5
20150819 09:10 15.625
20150819 09:20 15.75
20150819 09:30 15.875
20150819 09:40 15.875
20150819 09:50 16.375
20150819 10:00 16.5
20150819 10:10 16.75
20150819 10:20 16.75
20150819 10:30 16.5
20150819 10:40 16.5
20150819 10:50 16.875
20150819 11:00 17.25
20150819 11:10 17.375
20150819 11:20 17.75
20150819 11:30 17.5
20150819 11:40 17.25
20150819 11:50 17.375
20150819 12:00 18.375
20150819 12:10 17.875
20150819 12:20 18.375
20150819 12:30 18.25
20150819 12:40 18.5
20150819 12:50 19
20150819 13:00 19.875
20150819 13:10 19.125
20150819 13:20 19.875
20150819 13:30 19.5
20150819 13:40 19.5
20150819 13:50 19.875
20150819 14:00 20
20150819 14:10 19.625
20150819 14:20 19.375
20150819 14:30 20.625
20150819 14:40 20.875
20150819 14:50 20
20150819 15:00 19.5
20150819 15:10 20.625
20150819 15:20 20.125
20150819 15:30 20.25
20150819 15:40 21.125
20150819 15:50 21.25
20150819 16:00 20.375
20150819 16:10 20.625
20150819 16:20 20.125
20150819 16:30 20.125
20150819 16:40 19.5
20150819 16:50 19.75
20150819 17:00 19.5
20150819 17:10 19.75
20150819 17:20 21.125
20150819 17:30 21.125
20150819 17:40 20.25
20150819 17:50 19.75
20150819 18:00 19.125
20150819 18:10 19.125
20150819 18:20 19.625
20150819 18:30 19.625
20150819 18:40 19.25
20150819 18:50 18.625
20150819 19:00 18.5
20150819 19:10 18.375
20150819 19:20 18
20150819 19:30 17.75
20150819 19:40 17.375
20150819 19:50 17.125
20150819 20:00 17
20150819 20:10 16.875
20150819 20:20 16.875
20150819 20:30 16.875
20150819 20:40 16.75
20150819 20:50 16.75
20150819 21:00 16.75
20150819 21:10 16.625
20150819 21:20 16.625
20150819 21:30 16.625
20150819 21:40 16.5
20150819 21:50 16.375
20150819 22:00 16.25
20150819 22:10 16.125
20150819 22:20 16
20150819 22:30 16
20150819 22:40 16
20150819 22:50 16
20150819 23:00 15.875
20150819 23:10 15.75
20150819 23:20 15.75
20150819 23:30 15.75
20150819 23:40 15.75
20150819 23:50 15.75
