YYYYMMDD HH:MM measured temperature
20150508 00:00 6
20150508 00:10 6.125
20150508 00:20 6
20150508 00:30 5.875
20150508 00:40 5.875
20150508 00:50 5.5
20150508 01:00 5.5
20150508 01:10 5.375
20150508 01:20 5.125
20150508 01:30 5.125
20150508 01:40 5.125
20150508 01:50 5.25
20150508 02:00 5.25
20150508 02:10 5.375
20150508 02:20 5.5
20150508 02:30 5.5
20150508 02:40 5.5
20150508 02:50 5.625
20150508 03:00 5.625
20150508 03:10 5.625
20150508 03:20 5.75
20150508 03:30 5.875
20150508 03:40 6.25
20150508 03:50 6.5
20150508 04:00 6.625
20150508 04:10 6.5
20150508 04:20 6.625
20150508 04:30 6.5
20150508 04:40 6.5
20150508 04:50 6.625
20150508 05:00 7
20150508 05:10 6.875
20150508 05:20 6.75
20150508 05:30 6.5
20150508 05:40 6.375
20150508 05:50 6.375
20150508 06:00 6.375
20150508 06:10 6.5
20150508 06:20 6.625
20150508 06:30 6.75
20150508 06:40 7
20150508 06:50 7.25
20150508 07:00 7.25
20150508 07:10 7.5
20150508 07:20 7.75
20150508 07:30 8.25
20150508 07:40 8.375
20150508 07:50 8.625
20150508 08:00 9
20150508 08:10 9.25
20150508 08:20 9.625
20150508 08:30 9.875
20150508 08:40 11.125
20150508 08:50 11.125
20150508 09:00 11.25
20150508 09:10 11.625
20150508 09:20 12.5
20150508 09:30 13.5
20150508 09:40 13.875
20150508 09:50 15
20150508 10:00 14.625
20150508 10:10 14.375
20150508 10:20 14.375
20150508 10:30 15.5
20150508 10:40 15.875
20150508 10:50 16.125
20150508 11:00 15.375
20150508 11:10 16
20150508 11:20 15.375
20150508 11:30 16.375
20150508 11:40 16.375
20150508 11:50 16.5
20150508 12:00 16.5
20150508 12:10 15.5
20150508 12:20 16.75
20150508 12:30 17.25
20150508 12:40 15.375
20150508 12:50 16.5
20150508 13:00 16.5
20150508 13:10 17
20150508 13:20 17.25
20150508 13:30 17.5
20150508 13:40 16.75
20150508 13:50 18
20150508 14:00 17.5
20150508 14:10 17.75
20150508 14:20 17.75
20150508 14:30 18
20150508 14:40 18.5
20150508 14:50 17.75
20150508 15:00 17.625
20150508 15:10 18.25
20150508 15:20 17.75
20150508 15:30 17.25
20150508 15:40 18.75
20150508 15:50 18.375
20150508 16:00 18
20150508 16:10 17.25
20150508 16:20 18.375
20150508 16:30 19.25
20150508 16:40 19.5
20150508 16:50 18.75
20150508 17:00 17.5
20150508 17:10 17.25
20150508 17:20 17.375
20150508 17:30 17.375
20150508 17:40 18
20150508 17:50 17.5
20150508 18:00 17.25
20150508 18:10 17.125
20150508 18:20 16.875
20150508 18:30 16.625
20150508 18:40 16.375
20150508 18:50 16
20150508 19:00 15.875
20150508 19:10 15.75
20150508 19:20 15.625
20150508 19:30 15.25
20150508 19:40 15
20150508 19:50 14.875
20150508 20:00 14.75
20150508 20:10 14.375
20150508 20:20 14.25
20150508 20:30 14
20150508 20:40 13.875
20150508 20:50 13.75
20150508 21:00 13.75
20150508 21:10 13.625
20150508 21:20 13.375
20150508 21:30 13.25
20150508 21:40 13.125
20150508 21:50 13
20150508 22:00 13
20150508 22:10 12.875
20150508 22:20 12.75
20150508 22:30 12.625
20150508 22:40 12.625
20150508 22:50 12.5
20150508 23:00 12.5
20150508 23:10 12.375
20150508 23:20 12.375
20150508 23:30 12.25
20150508 23:40 12.25
20150508 23:50 12.125
