YYYYMMDD HH:MM measured temperature
20150409 00:00 4.375
20150409 00:10 4.25
20150409 00:20 4.25
20150409 00:30 4.25
20150409 00:40 4
20150409 00:50 3.875
20150409 01:00 3.75
20150409 01:10 3.75
20150409 01:20 3.375
20150409 01:30 3.25
20150409 01:40 3.25
20150409 01:50 2.625
20150409 02:00 2.375
20150409 02:10 2.375
20150409 02:20 2.75
20150409 02:30 2.25
20150409 02:40 2.25
20150409 02:50 2.375
20150409 03:00 2.75
20150409 03:10 3
20150409 03:20 3.125
20150409 03:30 3
20150409 03:40 3.25
20150409 03:50 3.25
20150409 04:00 3.375
20150409 04:10 3.25
20150409 04:20 3.5
20150409 04:30 3.5
20150409 04:40 3.5
20150409 04:50 3.625
20150409 05:00 3.375
20150409 05:10 3.25
20150409 05:20 3.25
20150409 05:30 3.125
20150409 05:40 3
20150409 05:50 2.75
20150409 06:00 3
20150409 06:10 3
20150409 06:20 3
20150409 06:30 2.625
20150409 06:40 2.5
20150409 06:50 2.5
20150409 07:00 2.375
20150409 07:10 2.5
20150409 07:20 2.75
20150409 07:30 2.625
20150409 07:40 2.75
20150409 07:50 2.75
20150409 08:00 3.125
20150409 08:10 3
20150409 08:20 3.375
20150409 08:30 3.75
20150409 08:40 3.75
20150409 08:50 3.875
20150409 09:00 4
20150409 09:10 4.75
20150409 09:20 5
20150409 09:30 5.5
20150409 09:40 6
20150409 09:50 6.375
20150409 10:00 6.5
20150409 10:10 7.5
20150409 10:20 9.125
20150409 10:30 7.5
20150409 10:40 10
20150409 10:50 10
20150409 11:00 11.125
20150409 11:10 11
20150409 11:20 12.875
20150409 11:30 13.75
20150409 11:40 13.125
20150409 11:50 13.75
20150409 12:00 14.625
20150409 12:10 14.875
20150409 12:20 15.75
20150409 12:30 16.125
20150409 12:40 15.875
20150409 12:50 17.875
20150409 13:00 18.375
20150409 13:10 15.75
20150409 13:20 19.875
20150409 13:30 20.625
20150409 13:40 19.5
20150409 13:50 19.125
20150409 14:00 19.25
20150409 14:10 20.75
20150409 14:20 21.5
20150409 14:30 22.25
20150409 14:40 20.25
20150409 14:50 19.625
20150409 15:00 17.75
20150409 15:10 17.25
20150409 15:20 18.75
20150409 15:30 19.625
20150409 15:40 19
20150409 15:50 17.625
20150409 16:00 18.75
20150409 16:10 18.75
20150409 16:20 17.5
20150409 16:30 17.75
20150409 16:40 18.25
20150409 16:50 18.375
20150409 17:00 17.5
20150409 17:10 17.125
20150409 17:20 16.375
20150409 17:30 17.375
20150409 17:40 17.25
20150409 17:50 17.25
20150409 18:00 16.375
20150409 18:10 16.75
20150409 18:20 16.125
20150409 18:30 15.875
20150409 18:40 15.625
20150409 18:50 15.375
20150409 19:00 15.25
20150409 19:10 15.125
20150409 19:20 14.75
20150409 19:30 14.5
20150409 19:40 14.375
20150409 19:50 13.375
20150409 20:00 13
20150409 20:10 12.5
20150409 20:20 12.375
20150409 20:30 11.625
20150409 20:40 11.625
20150409 20:50 10.875
20150409 21:00 11.125
20150409 21:10 11
20150409 21:20 10.375
20150409 21:30 10.25
20150409 21:40 9.75
20150409 21:50 9.75
20150409 22:00 9.75
20150409 22:10 9.75
20150409 22:20 9.375
20150409 22:30 9.25
20150409 22:40 9.25
20150409 22:50 9
20150409 23:00 8.25
20150409 23:10 8.125
20150409 23:20 7.75
20150409 23:30 8
20150409 23:40 7.75
20150409 23:50 7.75
