YYYYMMDD HH:MM measured temperature
20150809 00:00 12.875
20150809 00:10 12.375
20150809 00:20 12.375
20150809 00:30 12.375
20150809 00:40 12.125
20150809 00:50 11.625
20150809 01:00 11.75
20150809 01:10 11.875
20150809 01:20 11.875
20150809 01:30 11.75
20150809 01:40 11.875
20150809 01:50 12
20150809 02:00 12.125
20150809 02:10 11.75
20150809 02:20 11.375
20150809 02:30 11.125
20150809 02:40 11.125
20150809 02:50 11.125
20150809 03:00 11.25
20150809 03:10 11.25
20150809 03:20 11
20150809 03:30 10.875
20150809 03:40 10.625
20150809 03:50 10.375
20150809 04:00 10.375
20150809 04:10 10.5
20150809 04:20 10.375
20150809 04:30 10
20150809 04:40 10
20150809 04:50 10
20150809 05:00 9.875
20150809 05:10 10
20150809 05:20 10
20150809 05:30 9.75
20150809 05:40 9.5
20150809 05:50 9.25
20150809 06:00 9.25
20150809 06:10 9
20150809 06:20 9.25
20150809 06:30 9.125
20150809 06:40 9.375
20150809 06:50 9.875
20150809 07:00 10
20150809 07:10 10.25
20150809 07:20 11
20150809 07:30 11.375
20150809 07:40 11.625
20150809 07:50 11.875
20150809 08:00 12.375
20150809 08:10 12.875
20150809 08:20 13.5
20150809 08:30 14.25
20150809 08:40 15
20150809 08:50 15.625
20150809 09:00 16
20150809 09:10 17
20150809 09:20 17
20150809 09:30 18.125
20150809 09:40 18.5
20150809 09:50 19.25
20150809 10:00 19.625
20150809 10:10 20
20150809 10:20 20.375
20150809 10:30 21
20150809 10:40 21
20150809 10:50 20.875
20150809 11:00 21.25
20150809 11:10 22.25
20150809 11:20 21
20150809 11:30 20.625
20150809 11:40 21.75
20150809 11:50 20.875
20150809 12:00 21.625
20150809 12:10 22.375
20150809 12:20 23
20150809 12:30 23.25
20150809 12:40 23.625
20150809 12:50 23.75
20150809 13:00 24.125
20150809 13:10 23.75
20150809 13:20 23.625
20150809 13:30 23.75
20150809 13:40 23.625
20150809 13:50 25.125
20150809 14:00 24.75
20150809 14:10 24.5
20150809 14:20 24.625
20150809 14:30 24.875
20150809 14:40 24.875
20150809 14:50 25.25
20150809 15:00 24.5
20150809 15:10 24.75
20150809 15:20 24.5
20150809 15:30 24.875
20150809 15:40 25.5
20150809 15:50 25.5
20150809 16:00 25.875
20150809 16:10 24.875
20150809 16:20 26.25
20150809 16:30 25.875
20150809 16:40 25.375
20150809 16:50 24.875
20150809 17:00 24.5
20150809 17:10 24.5
20150809 17:20 25
20150809 17:30 24.625
20150809 17:40 24.375
20150809 17:50 24.25
20150809 18:00 24.25
20150809 18:10 24
20150809 18:20 23.125
20150809 18:30 23.25
20150809 18:40 23.25
20150809 18:50 23.25
20150809 19:00 22.875
20150809 19:10 22.75
20150809 19:20 22.25
20150809 19:30 22
20150809 19:40 21.875
20150809 19:50 21.625
20150809 20:00 21.5
20150809 20:10 21.125
20150809 20:20 21.25
20150809 20:30 20.875
20150809 20:40 20.625
20150809 20:50 20.5
20150809 21:00 20.25
20150809 21:10 20
20150809 21:20 19.5
20150809 21:30 19.25
20150809 21:40 19.125
20150809 21:50 18.875
20150809 22:00 18.5
20150809 22:10 18.25
20150809 22:20 18
20150809 22:30 17.75
20150809 22:40 17.5
20150809 22:50 17.25
20150809 23:00 17.125
20150809 23:10 16.875
20150809 23:20 16.75
20150809 23:30 16.625
20150809 23:40 16.5
20150809 23:50 16.5
