YYYYMMDD HH:MM measured temperature
20150119 00:00 1.25
20150119 00:10 1
20150119 00:20 1
20150119 00:30 1
20150119 00:40 1
20150119 00:50 1
20150119 01:00 0.875
20150119 01:10 0.875
20150119 01:20 1
20150119 01:30 0.875
20150119 01:40 0.75
20150119 01:50 0.75
20150119 02:00 0.75
20150119 02:10 0.75
20150119 02:20 0.625
20150119 02:30 0.5
20150119 02:40 0.625
20150119 02:50 0.625
20150119 03:00 0.5
20150119 03:10 0.5
20150119 03:20 0.5
20150119 03:30 0.5
20150119 03:40 0.5
20150119 03:50 0.375
20150119 04:00 0.375
20150119 04:10 0.25
20150119 04:20 0.125
20150119 04:30 0.125
20150119 04:40 0.25
20150119 04:50 0.25
20150119 05:00 0.125
20150119 05:10 0.125
20150119 05:20 0.125
20150119 05:30 0
20150119 05:40 0
20150119 05:50 -0.125
20150119 06:00 -0.375
20150119 06:10 -0.375
20150119 06:20 -0.125
20150119 06:30 -0.25
20150119 06:40 -0.375
20150119 06:50 -0.375
20150119 07:00 -0.375
20150119 07:10 -0.5
20150119 07:20 -0.5
20150119 07:30 -0.5
20150119 07:40 -0.5
20150119 07:50 -0.5
20150119 08:00 -0.375
20150119 08:10 -0.5
20150119 08:20 -0.5
20150119 08:30 -0.5
20150119 08:40 -0.5
20150119 08:50 -0.5
20150119 09:00 -0.25
20150119 09:10 -0.25
20150119 09:20 -0.125
20150119 09:30 -0.125
20150119 09:40 -0.125
20150119 09:50 0
20150119 10:00 0.125
20150119 10:10 0.25
20150119 10:20 0.375
20150119 10:30 0.375
20150119 10:40 0.5
20150119 10:50 0.5
20150119 11:00 0.75
20150119 11:10 0.625
20150119 11:20 0.75
20150119 11:30 0.875
20150119 11:40 0.875
20150119 11:50 1.125
20150119 12:00 1
20150119 12:10 1
20150119 12:20 1.125
20150119 12:30 1.25
20150119 12:40 1.5
20150119 12:50 1.5
20150119 13:00 1.75
20150119 13:10 1.875
20150119 13:20 1.875
20150119 13:30 1.875
20150119 13:40 2.25
20150119 13:50 2
20150119 14:00 2
20150119 14:10 1.875
20150119 14:20 2
20150119 14:30 2.125
20150119 14:40 2.125
20150119 14:50 2.125
20150119 15:00 2
20150119 15:10 1.875
20150119 15:20 1.875
20150119 15:30 1.75
20150119 15:40 1.75
20150119 15:50 1.875
20150119 16:00 1.75
20150119 16:10 1.5
20150119 16:20 1.375
20150119 16:30 1.25
20150119 16:40 1.25
20150119 16:50 1.375
20150119 17:00 1.375
20150119 17:10 1.125
20150119 17:20 1
20150119 17:30 0.75
20150119 17:40 0.625
20150119 17:50 0.625
20150119 18:00 0.875
20150119 18:10 0.75
20150119 18:20 0.75
20150119 18:30 0.625
20150119 18:40 0.5
20150119 18:50 0.5
20150119 19:00 0.5
20150119 19:10 0.25
20150119 19:20 0.5
20150119 19:30 0.125
20150119 19:40 0.375
20150119 19:50 0.25
20150119 20:00 0
20150119 20:10 0.125
20150119 20:20 -0.125
20150119 20:30 -0.125
20150119 20:40 -0.375
20150119 20:50 -0.125
20150119 21:00 -0.25
20150119 21:10 -0.25
20150119 21:20 -0.375
20150119 21:30 -0.375
20150119 21:40 -0.625
20150119 21:50 -0.5
20150119 22:00 -0.25
20150119 22:10 -0.5
20150119 22:20 -0.5
20150119 22:30 -0.625
20150119 22:40 -0.875
20150119 22:50 -0.875
20150119 23:00 -0.875
20150119 23:10 -0.75
20150119 23:20 -0.875
20150119 23:30 -0.75
20150119 23:40 -1
20150119 23:50 -1
