YYYYMMDD HH:MM measured temperature
20150611 00:00 12.375
20150611 00:10 11.875
20150611 00:20 12
20150611 00:30 11.875
20150611 00:40 11.625
20150611 00:50 11.5
20150611 01:00 11.125
20150611 01:10 10.5
20150611 01:20 10.375
20150611 01:30 10.125
20150611 01:40 9.75
20150611 01:50 10.25
20150611 02:00 9.5
20150611 02:10 9.625
20150611 02:20 9.125
20150611 02:30 8.875
20150611 02:40 8.625
20150611 02:50 8.625
20150611 03:00 8.625
20150611 03:10 8.375
20150611 03:20 8.625
20150611 03:30 8.75
20150611 03:40 8.75
20150611 03:50 8.625
20150611 04:00 8.375
20150611 04:10 8.625
20150611 04:20 8.625
20150611 04:30 8.375
20150611 04:40 8.125
20150611 04:50 8
20150611 05:00 7.875
20150611 05:10 7.75
20150611 05:20 7.75
20150611 05:30 7.75
20150611 05:40 8.5
20150611 05:50 8.75
20150611 06:00 8.875
20150611 06:10 9.125
20150611 06:20 9.25
20150611 06:30 9.25
20150611 06:40 9.625
20150611 06:50 9.75
20150611 07:00 10.25
20150611 07:10 10.625
20150611 07:20 11
20150611 07:30 11.125
20150611 07:40 11.5
20150611 07:50 11.75
20150611 08:00 12
20150611 08:10 12.5
20150611 08:20 13.125
20150611 08:30 13.625
20150611 08:40 14.125
20150611 08:50 14.5
20150611 09:00 15.375
20150611 09:10 15.625
20150611 09:20 15.75
20150611 09:30 16
20150611 09:40 16.875
20150611 09:50 16.875
20150611 10:00 17.5
20150611 10:10 17.625
20150611 10:20 18.25
20150611 10:30 19.125
20150611 10:40 19.375
20150611 10:50 19.125
20150611 11:00 18.5
20150611 11:10 19.875
20150611 11:20 19.5
20150611 11:30 20.375
20150611 11:40 20.375
20150611 11:50 20.625
20150611 12:00 20.75
20150611 12:10 20.875
20150611 12:20 21.125
20150611 12:30 20.5
20150611 12:40 20.625
20150611 12:50 22.25
20150611 13:00 21.5
20150611 13:10 21.75
20150611 13:20 22.125
20150611 13:30 22.875
20150611 13:40 22.375
20150611 13:50 23
20150611 14:00 22.375
20150611 14:10 21.25
20150611 14:20 23
20150611 14:30 23
20150611 14:40 22.125
20150611 14:50 22.125
20150611 15:00 21.5
20150611 15:10 22.5
20150611 15:20 24.25
20150611 15:30 23.125
20150611 15:40 21.625
20150611 15:50 22.75
20150611 16:00 22.75
20150611 16:10 23.5
20150611 16:20 23.375
20150611 16:30 22.25
20150611 16:40 23
20150611 16:50 22.875
20150611 17:00 22.875
20150611 17:10 22.375
20150611 17:20 22.25
20150611 17:30 22.125
20150611 17:40 22
20150611 17:50 21.875
20150611 18:00 22
20150611 18:10 22.125
20150611 18:20 22.125
20150611 18:30 22
20150611 18:40 21.875
20150611 18:50 21.75
20150611 19:00 21.625
20150611 19:10 21.5
20150611 19:20 21.25
20150611 19:30 21
20150611 19:40 21
20150611 19:50 20.875
20150611 20:00 20.625
20150611 20:10 20.375
20150611 20:20 19.875
20150611 20:30 19.625
20150611 20:40 19.375
20150611 20:50 19.125
20150611 21:00 18.5
20150611 21:10 18.25
20150611 21:20 17.75
20150611 21:30 17.75
20150611 21:40 17.25
20150611 21:50 17.375
20150611 22:00 16.875
20150611 22:10 16.75
20150611 22:20 16.25
20150611 22:30 16
20150611 22:40 15.625
20150611 22:50 15.375
20150611 23:00 15.375
20150611 23:10 14.875
20150611 23:20 14.75
20150611 23:30 14.75
20150611 23:40 14.25
20150611 23:50 14.125
