YYYYMMDD HH:MM measured temperature
20150726 00:00 12.8125
20150726 00:10 12.875
20150726 00:20 12.875
20150726 00:30 12.875
20150726 00:40 12.875
20150726 00:50 12.75
20150726 01:00 12.625
20150726 01:10 12.5
20150726 01:20 12.5
20150726 01:30 12.375
20150726 01:40 12.375
20150726 01:50 12.25
20150726 02:00 12.25
20150726 02:10 12.125
20150726 02:20 12.125
20150726 02:30 12.0625
20150726 02:40 12.125
20150726 02:50 12
20150726 03:00 11.875
20150726 03:10 12
20150726 03:20 12.125
20150726 03:30 12.125
20150726 03:40 12.125
20150726 03:50 12.125
20150726 04:00 12.25
20150726 04:10 12.125
20150726 04:20 12.125
20150726 04:30 12.125
20150726 04:40 12.125
20150726 04:50 12
20150726 05:00 12
20150726 05:10 11.75
20150726 05:20 11.375
20150726 05:30 11.25
20150726 05:40 11
20150726 05:50 10.875
20150726 06:00 11
20150726 06:10 11.125
20150726 06:20 11.25
20150726 06:30 11.25
20150726 06:40 11.25
20150726 06:50 11.375
20150726 07:00 11.5
20150726 07:10 11.75
20150726 07:20 11.875
20150726 07:30 12
20150726 07:40 12.25
20150726 07:50 12.75
20150726 08:00 13
20150726 08:10 12.75
20150726 08:20 12.875
20150726 08:30 13.125
20150726 08:40 13.25
20150726 08:50 13.625
20150726 09:00 14.25
20150726 09:10 14.375
20150726 09:20 14.75
20150726 09:30 15
20150726 09:40 15.25
20150726 09:50 14.875
20150726 10:00 15.625
20150726 10:10 16.5
20150726 10:20 16
20150726 10:30 16.25
20150726 10:40 16.25
20150726 10:50 17.125
20150726 11:00 17
20150726 11:10 16.875
20150726 11:20 17.25
20150726 11:30 17.625
20150726 11:40 16.625
20150726 11:50 16.75
20150726 12:00 17.375
20150726 12:10 16.75
20150726 12:20 18.875
20150726 12:30 17.75
20150726 12:40 17.375
20150726 12:50 17.5
20150726 13:00 18.25
20150726 13:10 17.625
20150726 13:20 19.5
20150726 13:30 20
20150726 13:40 17.5
20150726 13:50 19
20150726 14:00 20.75
20150726 14:10 20.375
20150726 14:20 20.625
20150726 14:30 20
20150726 14:40 20
20150726 14:50 19.25
20150726 15:00 19.25
20150726 15:10 20
20150726 15:20 20.375
20150726 15:30 20.5
20150726 15:40 20.375
20150726 15:50 19.125
20150726 16:00 20
20150726 16:10 19.25
20150726 16:20 19.125
20150726 16:30 19.25
20150726 16:40 19.625
20150726 16:50 20.125
20150726 17:00 19.375
20150726 17:10 19.625
20150726 17:20 19.5
20150726 17:30 20.125
20150726 17:40 19.75
20150726 17:50 19.875
20150726 18:00 19.375
20150726 18:10 19.75
20150726 18:20 19.875
20150726 18:30 19.5
20150726 18:40 19.25
20150726 18:50 19.5
20150726 19:00 19.25
20150726 19:10 19.125
20150726 19:20 18.875
20150726 19:30 18.75
20150726 19:40 18.5
20150726 19:50 18.375
20150726 20:00 18
20150726 20:10 17.875
20150726 20:20 17.5
20150726 20:30 17.375
20150726 20:40 17
20150726 20:50 16.75
20150726 21:00 16.75
20150726 21:10 16.75
20150726 21:20 16.25
20150726 21:30 15.875
20150726 21:40 15.625
20150726 21:50 15.875
20150726 22:00 16.125
20150726 22:10 16
20150726 22:20 16.25
20150726 22:30 16.125
20150726 22:40 16
20150726 22:50 15.625
20150726 23:00 15.125
20150726 23:10 14.625
20150726 23:20 14.375
20150726 23:30 14.25
20150726 23:40 14
20150726 23:50 13.75
