YYYYMMDD HH:MM measured temperature
20151004 00:00 9.375
20151004 00:10 9.375
20151004 00:20 9.375
20151004 00:30 9.5
20151004 00:40 9.625
20151004 00:50 9.625
20151004 01:00 9.375
20151004 01:10 9.375
20151004 01:20 9.25
20151004 01:30 9.125
20151004 01:40 9
20151004 01:50 8.75
20151004 02:00 8.5
20151004 02:10 8.375
20151004 02:20 8.375
20151004 02:30 8.5
20151004 02:40 8.5
20151004 02:50 8.75
20151004 03:00 8.75
20151004 03:10 8.5
20151004 03:20 8.5
20151004 03:30 8.25
20151004 03:40 8.125
20151004 03:50 8
20151004 04:00 8.625
20151004 04:10 7.75
20151004 04:20 7.75
20151004 04:30 7.625
20151004 04:40 7.625
20151004 04:50 7.625
20151004 05:00 7.25
20151004 05:10 7.25
20151004 05:20 7
20151004 05:30 6.75
20151004 05:40 6.75
20151004 05:50 6.875
20151004 06:00 6.375
20151004 06:10 6.375
20151004 06:20 6.25
20151004 06:30 6.625
20151004 06:40 6.5
20151004 06:50 6.5
20151004 07:00 6.25
20151004 07:10 6.625
20151004 07:20 7
20151004 07:30 7.25
20151004 07:40 7.375
20151004 07:50 7.125
20151004 08:00 7.25
20151004 08:10 7.375
20151004 08:20 8
20151004 08:30 8.75
20151004 08:40 9.25
20151004 08:50 9.625
20151004 09:00 9.875
20151004 09:10 10.125
20151004 09:20 10.5
20151004 09:30 11
20151004 09:40 11.5
20151004 09:50 11.875
20151004 10:00 12.375
20151004 10:10 12.5
20151004 10:20 12.5
20151004 10:30 12.875
20151004 10:40 13.125
20151004 10:50 13.25
20151004 11:00 13.375
20151004 11:10 13.375
20151004 11:20 13.875
20151004 11:30 13.75
20151004 11:40 14.75
20151004 11:50 14.625
20151004 12:00 15
20151004 12:10 15.625
20151004 12:20 15.75
20151004 12:30 16.75
20151004 12:40 16.375
20151004 12:50 16.25
20151004 13:00 15.875
20151004 13:10 15.625
20151004 13:20 16.5
20151004 13:30 16.125
20151004 13:40 17
20151004 13:50 16.5
20151004 14:00 16.25
20151004 14:10 16.375
20151004 14:20 16.5
20151004 14:30 16.625
20151004 14:40 16.125
20151004 14:50 16.625
20151004 15:00 15.75
20151004 15:10 15.625
20151004 15:20 16.375
20151004 15:30 16.5
20151004 15:40 16.875
20151004 15:50 17
20151004 16:00 17.5
20151004 16:10 17.5
20151004 16:20 17.25
20151004 16:30 17
20151004 16:40 16
20151004 16:50 15.5
20151004 17:00 16.375
20151004 17:10 16.25
20151004 17:20 16
20151004 17:30 15.75
20151004 17:40 15.5
20151004 17:50 14.625
20151004 18:00 14.5
20151004 18:10 13.875
20151004 18:20 13.5
20151004 18:30 13
20151004 18:40 12.5
20151004 18:50 12
20151004 19:00 11.25
20151004 19:10 11
20151004 19:20 10.75
20151004 19:30 10
20151004 19:40 10
20151004 19:50 9.625
20151004 20:00 9.375
20151004 20:10 9
20151004 20:20 8.875
20151004 20:30 8.75
20151004 20:40 8.75
20151004 20:50 8.75
20151004 21:00 8.5
20151004 21:10 8
20151004 21:20 8
20151004 21:30 7.625
20151004 21:40 7.5
20151004 21:50 7.375
20151004 22:00 7.625
20151004 22:10 7.875
20151004 22:20 7.375
20151004 22:30 7
20151004 22:40 7.5
20151004 22:50 7.375
20151004 23:00 7
20151004 23:10 6.75
20151004 23:20 6.5
20151004 23:30 6.5
20151004 23:40 6.375
20151004 23:50 6.5
