YYYYMMDD HH:MM measured temperature
20150206 00:00 -0.625
20150206 00:10 -1.125
20150206 00:20 -1.25
20150206 00:30 -1.625
20150206 00:40 -1.625
20150206 00:50 -2
20150206 01:00 -2
20150206 01:10 -1.5
20150206 01:20 -1.875
20150206 01:30 -2.25
20150206 01:40 -2.375
20150206 01:50 -2.5
20150206 02:00 -2.625
20150206 02:10 -2.625
20150206 02:20 -2.75
20150206 02:30 -2.75
20150206 02:40 -2.375
20150206 02:50 -1.875
20150206 03:00 -1.75
20150206 03:10 -1.625
20150206 03:20 -1.5
20150206 03:30 -1.5
20150206 03:40 -1.5
20150206 03:50 -1.5
20150206 04:00 -1.25
20150206 04:10 -1.5
20150206 04:20 -1.5
20150206 04:30 -2
20150206 04:40 -2.5
20150206 04:50 -2.75
20150206 05:00 -3
20150206 05:10 -3.125
20150206 05:20 -3.375
20150206 05:30 -3.375
20150206 05:40 -3.5
20150206 05:50 -3.625
20150206 06:00 -3.75
20150206 06:10 -4
20150206 06:20 -4.125
20150206 06:30 -4
20150206 06:40 -4
20150206 06:50 -4.125
20150206 07:00 -4.25
20150206 07:10 -4.125
20150206 07:20 -4.25
20150206 07:30 -4.25
20150206 07:40 -4.25
20150206 07:50 -4.375
20150206 08:00 -4.25
20150206 08:10 -4.25
20150206 08:20 -4.125
20150206 08:30 -4
20150206 08:40 -3.875
20150206 08:50 -3.625
20150206 09:00 -3.375
20150206 09:10 -3.25
20150206 09:20 -3
20150206 09:30 -2.75
20150206 09:40 -2.5
20150206 09:50 -2.25
20150206 10:00 -2.25
20150206 10:10 -2
20150206 10:20 -1.75
20150206 10:30 -1.625
20150206 10:40 -1.375
20150206 10:50 -1.125
20150206 11:00 -0.75
20150206 11:10 -0.625
20150206 11:20 -0.375
20150206 11:30 0
20150206 11:40 0.25
20150206 11:50 0.75
20150206 12:00 1.625
20150206 12:10 3.5
20150206 12:20 5.375
20150206 12:30 5.125
20150206 12:40 4.375
20150206 12:50 5.5
20150206 13:00 5.375
20150206 13:10 5
20150206 13:20 4.5
20150206 13:30 4.75
20150206 13:40 4.5
20150206 13:50 4.75
20150206 14:00 4.375
20150206 14:10 4.375
20150206 14:20 4.25
20150206 14:30 4.25
20150206 14:40 4.5
20150206 14:50 3.75
20150206 15:00 3.25
20150206 15:10 2.5
20150206 15:20 3.125
20150206 15:30 1.875
20150206 15:40 1.5
20150206 15:50 1.125
20150206 16:00 1
20150206 16:10 0.875
20150206 16:20 0.375
20150206 16:30 0.125
20150206 16:40 0
20150206 16:50 -0.25
20150206 17:00 -0.75
20150206 17:10 -1.125
20150206 17:20 -1.375
20150206 17:30 -1.375
20150206 17:40 -2.125
20150206 17:50 -2.125
20150206 18:00 -2.125
20150206 18:10 -2.375
20150206 18:20 -2.125
20150206 18:30 -2.125
20150206 18:40 -2.125
20150206 18:50 -2.25
20150206 19:00 -2.375
20150206 19:10 -2.375
20150206 19:20 -2.5
20150206 19:30 -2.5
20150206 19:40 -2.5
20150206 19:50 -2.875
20150206 20:00 -2.875
20150206 20:10 -2.625
20150206 20:20 -3
20150206 20:30 -2.875
20150206 20:40 -3.125
20150206 20:50 -3.125
20150206 21:00 -3.125
20150206 21:10 -3.25
20150206 21:20 -3.125
20150206 21:30 -3
20150206 21:40 -3
20150206 21:50 -3.25
20150206 22:00 -3.5
20150206 22:10 -3.375
20150206 22:20 -3.5
20150206 22:30 -3.625
20150206 22:40 -3.625
20150206 22:50 -3.375
20150206 23:00 -3.5
20150206 23:10 -3.75
20150206 23:20 -3.875
20150206 23:30 -4
20150206 23:40 -4.125
20150206 23:50 -4.25
