YYYYMMDD HH:MM measured temperature
20151218 00:00 11.125
20151218 00:10 11.375
20151218 00:20 11.5
20151218 00:30 11.5
20151218 00:40 11.375
20151218 00:50 11.375
20151218 01:00 11.375
20151218 01:10 11.375
20151218 01:20 11.125
20151218 01:30 11.25
20151218 01:40 11.375
20151218 01:50 11.5
20151218 02:00 11.625
20151218 02:10 11.75
20151218 02:20 11.75
20151218 02:30 11.75
20151218 02:40 11.75
20151218 02:50 11.875
20151218 03:00 11.875
20151218 03:10 11.75
20151218 03:20 12
20151218 03:30 11.75
20151218 03:40 11.625
20151218 03:50 11.75
20151218 04:00 11.5
20151218 04:10 11.375
20151218 04:20 11.25
20151218 04:30 11.25
20151218 04:40 11.25
20151218 04:50 11.25
20151218 05:00 11.5
20151218 05:10 11.75
20151218 05:20 12
20151218 05:30 12.125
20151218 05:40 12.25
20151218 05:50 12.25
20151218 06:00 12.25
20151218 06:10 12.125
20151218 06:20 12
20151218 06:30 11.875
20151218 06:40 11.875
20151218 06:50 11.875
20151218 07:00 11.875
20151218 07:10 11.875
20151218 07:20 11.75
20151218 07:30 11.75
20151218 07:40 11.875
20151218 07:50 11.75
20151218 08:00 11.625
20151218 08:10 11.625
20151218 08:20 11.75
20151218 08:30 11.625
20151218 08:40 11.625
20151218 08:50 11.625
20151218 09:00 11.625
20151218 09:10 11.625
20151218 09:20 11.75
20151218 09:30 11.75
20151218 09:40 11.75
20151218 09:50 11.75
20151218 10:00 11.75
20151218 10:10 11.75
20151218 10:20 11.875
20151218 10:30 11.875
20151218 10:40 11.875
20151218 10:50 11.75
20151218 11:00 11.875
20151218 11:10 11.75
20151218 11:20 12.125
20151218 11:30 12
20151218 11:40 12
20151218 11:50 11.75
20151218 12:00 11.875
20151218 12:10 12
20151218 12:20 12
20151218 12:30 12
20151218 12:40 12.125
20151218 12:50 11.875
20151218 13:00 11.75
20151218 13:10 11.875
20151218 13:20 11.875
20151218 13:30 12
20151218 13:40 12
20151218 13:50 12
20151218 14:00 12.125
20151218 14:10 11.875
20151218 14:20 11.875
20151218 14:30 11.75
20151218 14:40 11.875
20151218 14:50 11.875
20151218 15:00 11.75
20151218 15:10 11.75
20151218 15:20 11.625
20151218 15:30 11.625
20151218 15:40 11.625
20151218 15:50 11.5
20151218 16:00 11.625
20151218 16:10 11.5
20151218 16:20 11.5
20151218 16:30 11.5
20151218 16:40 11.5
20151218 16:50 11.375
20151218 17:00 11.5
20151218 17:10 11.375
20151218 17:20 11.375
20151218 17:30 11.375
20151218 17:40 11.375
20151218 17:50 11.375
20151218 18:00 11.25
20151218 18:10 11.25
20151218 18:20 11.25
20151218 18:30 11.125
20151218 18:40 11.125
20151218 18:50 11.125
20151218 19:00 11.125
20151218 19:10 11.125
20151218 19:20 11.125
20151218 19:30 11.25
20151218 19:40 11.25
20151218 19:50 11.25
20151218 20:00 11.125
20151218 20:10 11.125
20151218 20:20 11.125
20151218 20:30 11
20151218 20:40 11
20151218 20:50 11
20151218 21:00 11
20151218 21:10 11
20151218 21:20 11
20151218 21:30 11
20151218 21:40 11
20151218 21:50 11.125
20151218 22:00 11
20151218 22:10 11
20151218 22:20 11
20151218 22:30 10.875
20151218 22:40 10.875
20151218 22:50 10.875
20151218 23:00 10.75
20151218 23:10 10.75
20151218 23:20 10.75
20151218 23:30 10.75
20151218 23:40 10.625
20151218 23:50 10.75
