YYYYMMDD HH:MM measured temperature
20151229 00:00 5.875
20151229 00:10 5.875
20151229 00:20 5.875
20151229 00:30 5.875
20151229 00:40 5.875
20151229 00:50 5.875
20151229 01:00 5.875
20151229 01:10 6
20151229 01:20 6
20151229 01:30 5.875
20151229 01:40 5.875
20151229 01:50 5.75
20151229 02:00 5.75
20151229 02:10 5.625
20151229 02:20 5.625
20151229 02:30 5.5
20151229 02:40 5.5
20151229 02:50 5.5
20151229 03:00 5.375
20151229 03:10 5.5
20151229 03:20 5.5
20151229 03:30 5.5
20151229 03:40 5.625
20151229 03:50 5.625
20151229 04:00 5.625
20151229 04:10 5.625
20151229 04:20 5.625
20151229 04:30 5.625
20151229 04:40 5.5
20151229 04:50 5.5
20151229 05:00 5.5
20151229 05:10 5.5
20151229 05:20 5.5
20151229 05:30 5.5
20151229 05:40 5.375
20151229 05:50 5.375
20151229 06:00 5.375
20151229 06:10 5.375
20151229 06:20 5.25
20151229 06:30 5.25
20151229 06:40 5.125
20151229 06:50 5.125
20151229 07:00 5
20151229 07:10 5
20151229 07:20 5
20151229 07:30 5
20151229 07:40 5
20151229 07:50 5
20151229 08:00 5
20151229 08:10 5.125
20151229 08:20 5.125
20151229 08:30 5.125
20151229 08:40 5.125
20151229 08:50 5.125
20151229 09:00 5.125
20151229 09:10 5.125
20151229 09:20 5.125
20151229 09:30 5
20151229 09:40 5
20151229 09:50 5.125
20151229 10:00 5.125
20151229 10:10 5.125
20151229 10:20 5.375
20151229 10:30 5.25
20151229 10:40 5.375
20151229 10:50 5.5
20151229 11:00 5.5
20151229 11:10 5.5
20151229 11:20 5.625
20151229 11:30 5.5
20151229 11:40 5.5
20151229 11:50 5.75
20151229 12:00 5.75
20151229 12:10 5.875
20151229 12:20 5.75
20151229 12:30 5.625
20151229 12:40 5.625
20151229 12:50 5.75
20151229 13:00 5.75
20151229 13:10 5.625
20151229 13:20 5.875
20151229 13:30 6
20151229 13:40 6
20151229 13:50 6
20151229 14:00 6.125
20151229 14:10 6.125
20151229 14:20 6.125
20151229 14:30 6.25
20151229 14:40 6.25
20151229 14:50 6.25
20151229 15:00 6.25
20151229 15:10 6.25
20151229 15:20 6.25
20151229 15:30 6.25
20151229 15:40 6.25
20151229 15:50 6.5
20151229 16:00 6.375
20151229 16:10 6.375
20151229 16:20 6.5
20151229 16:30 6.5
20151229 16:40 6.5
20151229 16:50 6.375
20151229 17:00 6.25
20151229 17:10 6.25
20151229 17:20 6.25
20151229 17:30 6.375
20151229 17:40 6.375
20151229 17:50 6.375
20151229 18:00 6.375
20151229 18:10 6.375
20151229 18:20 6.375
20151229 18:30 6.375
20151229 18:40 6.375
20151229 18:50 6.375
20151229 19:00 6.375
20151229 19:10 6.375
20151229 19:20 6.125
20151229 19:30 6
20151229 19:40 6
20151229 19:50 6.125
20151229 20:00 6.125
20151229 20:10 6.25
20151229 20:20 6.25
20151229 20:30 6.25
20151229 20:40 6.25
20151229 20:50 6.25
20151229 21:00 6.25
20151229 21:10 6.25
20151229 21:20 6.25
20151229 21:30 6.25
20151229 21:40 6.375
20151229 21:50 6.375
20151229 22:00 6.375
20151229 22:10 6.5
20151229 22:20 6.5
20151229 22:30 6.625
20151229 22:40 6.625
20151229 22:50 6.625
20151229 23:00 6.625
20151229 23:10 6.75
20151229 23:20 6.75
20151229 23:30 6.75
20151229 23:40 6.75
20151229 23:50 6.75
