YYYYMMDD HH:MM measured temperature
20150826 00:00 15.375
20150826 00:10 15.25
20150826 00:20 15.25
20150826 00:30 15.25
20150826 00:40 15.125
20150826 00:50 15.25
20150826 01:00 15.125
20150826 01:10 15.25
20150826 01:20 15.25
20150826 01:30 15.25
20150826 01:40 15.25
20150826 01:50 15.375
20150826 02:00 15.5
20150826 02:10 15.625
20150826 02:20 15.75
20150826 02:30 16
20150826 02:40 15.875
20150826 02:50 15.75
20150826 03:00 14.625
20150826 03:10 14.5
20150826 03:20 14.375
20150826 03:30 14.25
20150826 03:40 14.125
20150826 03:50 14.25
20150826 04:00 14.125
20150826 04:10 14.125
20150826 04:20 14.125
20150826 04:30 14.125
20150826 04:40 14.125
20150826 04:50 14
20150826 05:00 13.875
20150826 05:10 13.75
20150826 05:20 13.75
20150826 05:30 13.875
20150826 05:40 14
20150826 05:50 14.125
20150826 06:00 14
20150826 06:10 13.875
20150826 06:20 14
20150826 06:30 14.375
20150826 06:40 14.5
20150826 06:50 14.75
20150826 07:00 14.875
20150826 07:10 15
20150826 07:20 15.375
20150826 07:30 15.5
20150826 07:40 16
20150826 07:50 16.25
20150826 08:00 16.5
20150826 08:10 16.75
20150826 08:20 17
20150826 08:30 17.125
20150826 08:40 17.5
20150826 08:50 17.5
20150826 09:00 18
20150826 09:10 18.375
20150826 09:20 18.625
20150826 09:30 18.75
20150826 09:40 19
20150826 09:50 19.375
20150826 10:00 20
20150826 10:10 20.125
20150826 10:20 20.5
20150826 10:30 20.25
20150826 10:40 20.75
20150826 10:50 21.125
20150826 11:00 21.125
20150826 11:10 21
20150826 11:20 21.125
20150826 11:30 21.5
20150826 11:40 21.25
20150826 11:50 22.25
20150826 12:00 22.375
20150826 12:10 22.375
20150826 12:20 22.5
20150826 12:30 22.875
20150826 12:40 23.125
20150826 12:50 22.75
20150826 13:00 22.625
20150826 13:10 23.75
20150826 13:20 23.875
20150826 13:30 23.875
20150826 13:40 24.25
20150826 13:50 24.5
20150826 14:00 24.375
20150826 14:10 24.625
20150826 14:20 25.125
20150826 14:30 24.625
20150826 14:40 24.875
20150826 14:50 25.375
20150826 15:00 25.125
20150826 15:10 24.625
20150826 15:20 25.5
20150826 15:30 26
20150826 15:40 26.125
20150826 15:50 26
20150826 16:00 25.625
20150826 16:10 26.25
20150826 16:20 26.5
20150826 16:30 26.25
20150826 16:40 26.125
20150826 16:50 26.75
20150826 17:00 26.625
20150826 17:10 26.375
20150826 17:20 26
20150826 17:30 25.75
20150826 17:40 25.75
20150826 17:50 25.5
20150826 18:00 25.5
20150826 18:10 25.25
20150826 18:20 25.75
20150826 18:30 25.875
20150826 18:40 25.25
20150826 18:50 24.625
20150826 19:00 24.375
20150826 19:10 24.5
20150826 19:20 24.125
20150826 19:30 23.5
20150826 19:40 23.25
20150826 19:50 22.25
20150826 20:00 22.375
20150826 20:10 22.25
20150826 20:20 22.125
20150826 20:30 22.125
20150826 20:40 22.125
20150826 20:50 22
20150826 21:00 21.875
20150826 21:10 21.75
20150826 21:20 21.75
20150826 21:30 21.875
20150826 21:40 21.625
20150826 21:50 21.625
20150826 22:00 21.375
20150826 22:10 21.375
20150826 22:20 21.375
20150826 22:30 21
20150826 22:40 20.875
20150826 22:50 20.75
20150826 23:00 20.625
20150826 23:10 20.625
20150826 23:20 20.625
20150826 23:30 20.875
20150826 23:40 20.875
20150826 23:50 20.875
