YYYYMMDD HH:MM measured temperature
20151109 00:00 13.375
20151109 00:10 13.875
20151109 00:20 14
20151109 00:30 13.875
20151109 00:40 14.125
20151109 00:50 14.125
20151109 01:00 13.875
20151109 01:10 13.875
20151109 01:20 13.875
20151109 01:30 13.75
20151109 01:40 13.375
20151109 01:50 13.125
20151109 02:00 13.25
20151109 02:10 13.25
20151109 02:20 13.25
20151109 02:30 13.5
20151109 02:40 13.5
20151109 02:50 13.75
20151109 03:00 13.75
20151109 03:10 14
20151109 03:20 14.125
20151109 03:30 14.25
20151109 03:40 14.25
20151109 03:50 14.25
20151109 04:00 14.375
20151109 04:10 14.375
20151109 04:20 14.375
20151109 04:30 14.5
20151109 04:40 14.5
20151109 04:50 14.5
20151109 05:00 14.625
20151109 05:10 14.625
20151109 05:20 14.625
20151109 05:30 14.625
20151109 05:40 14.5
20151109 05:50 13.625
20151109 06:00 13.375
20151109 06:10 13.375
20151109 06:20 13.125
20151109 06:30 12.875
20151109 06:40 12.875
20151109 06:50 13
20151109 07:00 12.875
20151109 07:10 12.75
20151109 07:20 12.375
20151109 07:30 12.125
20151109 07:40 12
20151109 07:50 12
20151109 08:00 12.125
20151109 08:10 12
20151109 08:20 12
20151109 08:30 12
20151109 08:40 12
20151109 08:50 11.875
20151109 09:00 12.125
20151109 09:10 12.25
20151109 09:20 12.5
20151109 09:30 12.75
20151109 09:40 12.625
20151109 09:50 12.875
20151109 10:00 12.75
20151109 10:10 12.625
20151109 10:20 13.125
20151109 10:30 13.125
20151109 10:40 13.5
20151109 10:50 13.75
20151109 11:00 13.5
20151109 11:10 13.125
20151109 11:20 13.125
20151109 11:30 13
20151109 11:40 13
20151109 11:50 13
20151109 12:00 12.875
20151109 12:10 13
20151109 12:20 12.875
20151109 12:30 13
20151109 12:40 13
20151109 12:50 13
20151109 13:00 12.875
20151109 13:10 12.875
20151109 13:20 12.875
20151109 13:30 12.75
20151109 13:40 12.75
20151109 13:50 12.875
20151109 14:00 13
20151109 14:10 12.875
20151109 14:20 12.625
20151109 14:30 12.5
20151109 14:40 12.5
20151109 14:50 12.375
20151109 15:00 12.125
20151109 15:10 12
20151109 15:20 12
20151109 15:30 11.75
20151109 15:40 11.75
20151109 15:50 11.75
20151109 16:00 11.75
20151109 16:10 11.75
20151109 16:20 11.5
20151109 16:30 11.625
20151109 16:40 11.625
20151109 16:50 11.5
20151109 17:00 11.625
20151109 17:10 11.625
20151109 17:20 11.5
20151109 17:30 11.625
20151109 17:40 11.75
20151109 17:50 11.875
20151109 18:00 11.875
20151109 18:10 11.875
20151109 18:20 11.75
20151109 18:30 11.75
20151109 18:40 11.75
20151109 18:50 11.75
20151109 19:00 11.625
20151109 19:10 11.5
20151109 19:20 11.375
20151109 19:30 11.5
20151109 19:40 11.625
20151109 19:50 11.75
20151109 20:00 11.875
20151109 20:10 11.875
20151109 20:20 12
20151109 20:30 12
20151109 20:40 12.125
20151109 20:50 12.125
20151109 21:00 12.125
20151109 21:10 12.125
20151109 21:20 12.25
20151109 21:30 12.25
20151109 21:40 12.25
20151109 21:50 12.25
20151109 22:00 12.125
20151109 22:10 12.125
20151109 22:20 12.125
20151109 22:30 12.125
20151109 22:40 12
20151109 22:50 11.875
20151109 23:00 11.875
20151109 23:10 11.625
20151109 23:20 11.5
20151109 23:30 11.5
20151109 23:40 11.5
20151109 23:50 11.375
