YYYYMMDD HH:MM measured temperature
20151225 00:00 9.375
20151225 00:10 9.25
20151225 00:20 9.25
20151225 00:30 9
20151225 00:40 9
20151225 00:50 8.75
20151225 01:00 8.75
20151225 01:10 8.75
20151225 01:20 8.25
20151225 01:30 8
20151225 01:40 7.75
20151225 01:50 7.875
20151225 02:00 7.375
20151225 02:10 7.25
20151225 02:20 7.25
20151225 02:30 7.5
20151225 02:40 7.75
20151225 02:50 7.875
20151225 03:00 7.875
20151225 03:10 7.875
20151225 03:20 7.875
20151225 03:30 7.75
20151225 03:40 7.75
20151225 03:50 7.75
20151225 04:00 7.625
20151225 04:10 7.75
20151225 04:20 7.625
20151225 04:30 7.75
20151225 04:40 7.375
20151225 04:50 7.5
20151225 05:00 7.25
20151225 05:10 7
20151225 05:20 7.125
20151225 05:30 7
20151225 05:40 7.125
20151225 05:50 6.875
20151225 06:00 7.125
20151225 06:10 6.875
20151225 06:20 6.75
20151225 06:30 6.75
20151225 06:40 6.875
20151225 06:50 7
20151225 07:00 6.75
20151225 07:10 6.75
20151225 07:20 6.625
20151225 07:30 6.5
20151225 07:40 6.375
20151225 07:50 6.25
20151225 08:00 6.125
20151225 08:10 6.125
20151225 08:20 6
20151225 08:30 5.875
20151225 08:40 5.875
20151225 08:50 5.75
20151225 09:00 5.875
20151225 09:10 5.875
20151225 09:20 5.75
20151225 09:30 6.125
20151225 09:40 6.125
20151225 09:50 6.25
20151225 10:00 6.625
20151225 10:10 6.75
20151225 10:20 6.875
20151225 10:30 7.125
20151225 10:40 7.25
20151225 10:50 7.25
20151225 11:00 7.5
20151225 11:10 7.625
20151225 11:20 7.5
20151225 11:30 7.375
20151225 11:40 7.25
20151225 11:50 7.375
20151225 12:00 7.375
20151225 12:10 7.625
20151225 12:20 7.75
20151225 12:30 8.25
20151225 12:40 8.875
20151225 12:50 9.625
20151225 13:00 11.75
20151225 13:10 11.75
20151225 13:20 10.375
20151225 13:30 10.375
20151225 13:40 9.875
20151225 13:50 9.25
20151225 14:00 9.375
20151225 14:10 9.625
20151225 14:20 9.25
20151225 14:30 9
20151225 14:40 8.375
20151225 14:50 8.125
20151225 15:00 8
20151225 15:10 7.75
20151225 15:20 7.375
20151225 15:30 7.25
20151225 15:40 7.25
20151225 15:50 7
20151225 16:00 6.75
20151225 16:10 6.625
20151225 16:20 6.5
20151225 16:30 6.5
20151225 16:40 6.375
20151225 16:50 6.375
20151225 17:00 6.5
20151225 17:10 6.375
20151225 17:20 6.375
20151225 17:30 6.25
20151225 17:40 6.375
20151225 17:50 6.375
20151225 18:00 6
20151225 18:10 6.25
20151225 18:20 6.25
20151225 18:30 6.25
20151225 18:40 6
20151225 18:50 6.375
20151225 19:00 6.375
20151225 19:10 6.625
20151225 19:20 6.875
20151225 19:30 7
20151225 19:40 7.125
20151225 19:50 7.125
20151225 20:00 7.25
20151225 20:10 7.25
20151225 20:20 7.125
20151225 20:30 7.125
20151225 20:40 7.125
20151225 20:50 7
20151225 21:00 7
20151225 21:10 7
20151225 21:20 7
20151225 21:30 7
20151225 21:40 7
20151225 21:50 7.125
20151225 22:00 7.5
20151225 22:10 8
20151225 22:20 8.375
20151225 22:30 8.5
20151225 22:40 8.625
20151225 22:50 8.75
20151225 23:00 8.875
20151225 23:10 9
20151225 23:20 9.25
20151225 23:30 9.625
20151225 23:40 10
20151225 23:50 10.375
