YYYYMMDD HH:MM measured temperature
20150901 00:00 20.625
20150901 00:10 20.875
20150901 00:20 21.25
20150901 00:30 21
20150901 00:40 21.125
20150901 00:50 21.125
20150901 01:00 21.25
20150901 01:10 21.125
20150901 01:20 20.75
20150901 01:30 20.5
20150901 01:40 20.5
20150901 01:50 20.375
20150901 02:00 20.25
20150901 02:10 20.25
20150901 02:20 20.5
20150901 02:30 20.625
20150901 02:40 20.625
20150901 02:50 20.625
20150901 03:00 20.5
20150901 03:10 20.5
20150901 03:20 20.375
20150901 03:30 20.5
20150901 03:40 20.25
20150901 03:50 20.375
20150901 04:00 20.375
20150901 04:10 20.375
20150901 04:20 20.25
20150901 04:30 20.25
20150901 04:40 20.125
20150901 04:50 20.125
20150901 05:00 20
20150901 05:10 20
20150901 05:20 20
20150901 05:30 19.75
20150901 05:40 19.875
20150901 05:50 19.5
20150901 06:00 19.625
20150901 06:10 19.5
20150901 06:20 19.5
20150901 06:30 19.625
20150901 06:40 19.5
20150901 06:50 19.5
20150901 07:00 19.5
20150901 07:10 19.5
20150901 07:20 19.5
20150901 07:30 19.25
20150901 07:40 19.125
20150901 07:50 19.25
20150901 08:00 19.125
20150901 08:10 19
20150901 08:20 18.875
20150901 08:30 18.75
20150901 08:40 18.5
20150901 08:50 18.75
20150901 09:00 18.375
20150901 09:10 17.75
20150901 09:20 17.625
20150901 09:30 18
20150901 09:40 18.25
20150901 09:50 18.125
20150901 10:00 18.25
20150901 10:10 18
20150901 10:20 17.375
20150901 10:30 17.75
20150901 10:40 18.25
20150901 10:50 18.25
20150901 11:00 17.625
20150901 11:10 17.75
20150901 11:20 18.625
20150901 11:30 18.625
20150901 11:40 18.5
20150901 11:50 18.125
20150901 12:00 17.5
20150901 12:10 17.25
20150901 12:20 17.25
20150901 12:30 17.75
20150901 12:40 18
20150901 12:50 18
20150901 13:00 16.75
20150901 13:10 16
20150901 13:20 16.625
20150901 13:30 17.125
20150901 13:40 16.875
20150901 13:50 17
20150901 14:00 17
20150901 14:10 16.75
20150901 14:20 16.625
20150901 14:30 16.5
20150901 14:40 16.625
20150901 14:50 16.75
20150901 15:00 17
20150901 15:10 17.5
20150901 15:20 16.75
20150901 15:30 17.25
20150901 15:40 16.625
20150901 15:50 16.625
20150901 16:00 16.5
20150901 16:10 16.375
20150901 16:20 16.625
20150901 16:30 16.625
20150901 16:40 16.375
20150901 16:50 16.125
20150901 17:00 16.125
20150901 17:10 15.625
20150901 17:20 15.75
20150901 17:30 16.25
20150901 17:40 16.375
20150901 17:50 16.625
20150901 18:00 16.75
20150901 18:10 16.5
20150901 18:20 16.125
20150901 18:30 16.125
20150901 18:40 15.875
20150901 18:50 15.75
20150901 19:00 15.75
20150901 19:10 15.625
20150901 19:20 15.625
20150901 19:30 15.5
20150901 19:40 15.375
20150901 19:50 15.25
20150901 20:00 15
20150901 20:10 14.75
20150901 20:20 14.5
20150901 20:30 14.25
20150901 20:40 14.25
20150901 20:50 14.25
20150901 21:00 13.875
20150901 21:10 13.75
20150901 21:20 13.5
20150901 21:30 12.875
20150901 21:40 13.25
20150901 21:50 13.125
20150901 22:00 13.125
20150901 22:10 13
20150901 22:20 12.875
20150901 22:30 12.8125
20150901 22:40 12.6875
20150901 22:50 12.375
20150901 23:00 12.3125
20150901 23:10 12.375
20150901 23:20 12.5
20150901 23:30 12.375
20150901 23:40 12.125
20150901 23:50 12.0625
