YYYYMMDD HH:MM measured temperature
20150323 00:00 1.75
20150323 00:10 2
20150323 00:20 1.5
20150323 00:30 1.5
20150323 00:40 1.625
20150323 00:50 1.375
20150323 01:00 1.375
20150323 01:10 1.125
20150323 01:20 1.375
20150323 01:30 1.375
20150323 01:40 1.25
20150323 01:50 1.5
20150323 02:00 1.25
20150323 02:10 1
20150323 02:20 1
20150323 02:30 1
20150323 02:40 0.875
20150323 02:50 0.875
20150323 03:00 0.875
20150323 03:10 0.875
20150323 03:20 0.75
20150323 03:30 0.5
20150323 03:40 0.625
20150323 03:50 0.375
20150323 04:00 0.25
20150323 04:10 0.125
20150323 04:20 0.125
20150323 04:30 0
20150323 04:40 -0.125
20150323 04:50 -0.25
20150323 05:00 -0.625
20150323 05:10 -0.875
20150323 05:20 -0.875
20150323 05:30 -0.875
20150323 05:40 -0.75
20150323 05:50 -0.5
20150323 06:00 -0.75
20150323 06:10 -0.875
20150323 06:20 -1
20150323 06:30 -0.75
20150323 06:40 -0.75
20150323 06:50 -0.875
20150323 07:00 -1
20150323 07:10 -1.25
20150323 07:20 -1
20150323 07:30 -0.75
20150323 07:40 -0.875
20150323 07:50 -0.625
20150323 08:00 -0.625
20150323 08:10 -0.375
20150323 08:20 -0.25
20150323 08:30 0
20150323 08:40 0.75
20150323 08:50 1.375
20150323 09:00 1.75
20150323 09:10 2.25
20150323 09:20 2.25
20150323 09:30 2.375
20150323 09:40 3
20150323 09:50 3.375
20150323 10:00 3.625
20150323 10:10 4.25
20150323 10:20 4.5
20150323 10:30 4.875
20150323 10:40 5.125
20150323 10:50 5.5
20150323 11:00 5.625
20150323 11:10 5.875
20150323 11:20 6.875
20150323 11:30 7.25
20150323 11:40 7.25
20150323 11:50 7
20150323 12:00 7.625
20150323 12:10 8.875
20150323 12:20 8.75
20150323 12:30 10.25
20150323 12:40 11.375
20150323 12:50 11.25
20150323 13:00 11.625
20150323 13:10 11.375
20150323 13:20 12.25
20150323 13:30 12.25
20150323 13:40 11.875
20150323 13:50 13.875
20150323 14:00 12.25
20150323 14:10 13.25
20150323 14:20 13
20150323 14:30 13.375
20150323 14:40 14
20150323 14:50 13.125
20150323 15:00 12.875
20150323 15:10 11.75
20150323 15:20 11.625
20150323 15:30 10.375
20150323 15:40 10.5
20150323 15:50 10.25
20150323 16:00 10.375
20150323 16:10 10.125
20150323 16:20 10
20150323 16:30 10
20150323 16:40 10
20150323 16:50 9.75
20150323 17:00 9.75
20150323 17:10 9.5
20150323 17:20 9.5
20150323 17:30 9.25
20150323 17:40 9.5
20150323 17:50 9.375
20150323 18:00 9.75
20150323 18:10 9.375
20150323 18:20 9.25
20150323 18:30 9.125
20150323 18:40 9.125
20150323 18:50 9
20150323 19:00 8.75
20150323 19:10 8.5
20150323 19:20 8.125
20150323 19:30 7.875
20150323 19:40 7.75
20150323 19:50 7.5
20150323 20:00 7.5
20150323 20:10 7.125
20150323 20:20 6.75
20150323 20:30 6.375
20150323 20:40 5.875
20150323 20:50 5.75
20150323 21:00 5.625
20150323 21:10 5.5
20150323 21:20 5.25
20150323 21:30 5.125
20150323 21:40 5.125
20150323 21:50 5.25
20150323 22:00 5.125
20150323 22:10 4.875
20150323 22:20 5.25
20150323 22:30 5.125
20150323 22:40 5
20150323 22:50 4.75
20150323 23:00 5
20150323 23:10 4.5
20150323 23:20 4.5
20150323 23:30 4.25
20150323 23:40 4.25
20150323 23:50 4
