YYYYMMDD HH:MM measured temperature
20150714 00:00 15.25
20150714 00:10 15.25
20150714 00:20 15.25
20150714 00:30 15.125
20150714 00:40 15.25
20150714 00:50 15.25
20150714 01:00 15.25
20150714 01:10 15.375
20150714 01:20 15.375
20150714 01:30 15.25
20150714 01:40 15.375
20150714 01:50 15.375
20150714 02:00 15.375
20150714 02:10 15.375
20150714 02:20 15.375
20150714 02:30 15.375
20150714 02:40 15.5
20150714 02:50 15.5
20150714 03:00 15.5
20150714 03:10 15.5
20150714 03:20 15.5
20150714 03:30 15.625
20150714 03:40 15.5
20150714 03:50 15.625
20150714 04:00 15.5
20150714 04:10 15.5
20150714 04:20 15.5
20150714 04:30 15.5
20150714 04:40 15.5
20150714 04:50 15.5
20150714 05:00 15.375
20150714 05:10 15.375
20150714 05:20 15.375
20150714 05:30 15.375
20150714 05:40 15.375
20150714 05:50 15.125
20150714 06:00 15.125
20150714 06:10 15
20150714 06:20 15.125
20150714 06:30 15
20150714 06:40 15.125
20150714 06:50 15.125
20150714 07:00 15.125
20150714 07:10 15.125
20150714 07:20 15.125
20150714 07:30 15.125
20150714 07:40 15.375
20150714 07:50 15.25
20150714 08:00 15.75
20150714 08:10 15.75
20150714 08:20 15.875
20150714 08:30 15.875
20150714 08:40 15.25
20150714 08:50 15.25
20150714 09:00 15.625
20150714 09:10 15.75
20150714 09:20 16.125
20150714 09:30 16.25
20150714 09:40 17.25
20150714 09:50 17
20150714 10:00 16.5
20150714 10:10 17
20150714 10:20 17
20150714 10:30 17.875
20150714 10:40 17.75
20150714 10:50 17.5
20150714 11:00 17.375
20150714 11:10 17.125
20150714 11:20 16.875
20150714 11:30 16.375
20150714 11:40 16.25
20150714 11:50 16.875
20150714 12:00 18.25
20150714 12:10 17.75
20150714 12:20 17.25
20150714 12:30 17.125
20150714 12:40 18.125
20150714 12:50 17.25
20150714 13:00 17.375
20150714 13:10 17.375
20150714 13:20 17.625
20150714 13:30 18.875
20150714 13:40 17.875
20150714 13:50 18.5
20150714 14:00 18.125
20150714 14:10 19
20150714 14:20 18.375
20150714 14:30 19.125
20150714 14:40 18.375
20150714 14:50 19
20150714 15:00 19
20150714 15:10 18.5
20150714 15:20 19.375
20150714 15:30 20.375
20150714 15:40 19.125
20150714 15:50 18.625
20150714 16:00 18.625
20150714 16:10 19.125
20150714 16:20 19.625
20150714 16:30 20.125
20150714 16:40 19.5
20150714 16:50 19.625
20150714 17:00 19.625
20150714 17:10 20.125
20150714 17:20 20.25
20150714 17:30 20
20150714 17:40 20.125
20150714 17:50 20
20150714 18:00 19.625
20150714 18:10 19.625
20150714 18:20 19.125
20150714 18:30 18.875
20150714 18:40 19.375
20150714 18:50 19.25
20150714 19:00 19
20150714 19:10 18.875
20150714 19:20 19.375
20150714 19:30 18.875
20150714 19:40 18.5
20150714 19:50 18.75
20150714 20:00 18.125
20150714 20:10 18.25
20150714 20:20 18
20150714 20:30 17.875
20150714 20:40 17.5
20150714 20:50 17.125
20150714 21:00 16.75
20150714 21:10 16.5
20150714 21:20 16.25
20150714 21:30 15.875
20150714 21:40 15.5
20150714 21:50 15.375
20150714 22:00 15.125
20150714 22:10 15.25
20150714 22:20 15
20150714 22:30 14.75
20150714 22:40 14.5
20150714 22:50 14.25
20150714 23:00 13.875
20150714 23:10 13.25
20150714 23:20 13.125
20150714 23:30 13.125
20150714 23:40 12.875
20150714 23:50 12.75
