YYYYMMDD HH:MM measured temperature
20150706 00:00 18.625
20150706 00:10 18.5
20150706 00:20 18.375
20150706 00:30 18.125
20150706 00:40 18
20150706 00:50 18.125
20150706 01:00 18
20150706 01:10 18
20150706 01:20 17.875
20150706 01:30 17.75
20150706 01:40 17.5
20150706 01:50 17.5
20150706 02:00 17.25
20150706 02:10 17.25
20150706 02:20 17.125
20150706 02:30 17
20150706 02:40 16.875
20150706 02:50 16.75
20150706 03:00 16.5
20150706 03:10 16.375
20150706 03:20 16.125
20150706 03:30 16
20150706 03:40 15.75
20150706 03:50 15.625
20150706 04:00 15.375
20150706 04:10 15.375
20150706 04:20 15.125
20150706 04:30 15.125
20150706 04:40 15.125
20150706 04:50 15
20150706 05:00 14.75
20150706 05:10 14.75
20150706 05:20 14.625
20150706 05:30 14.625
20150706 05:40 14.75
20150706 05:50 15
20150706 06:00 15
20150706 06:10 15.125
20150706 06:20 15.375
20150706 06:30 15.5
20150706 06:40 15.5
20150706 06:50 15.625
20150706 07:00 15.875
20150706 07:10 15.875
20150706 07:20 16.125
20150706 07:30 16.5
20150706 07:40 16.625
20150706 07:50 16.625
20150706 08:00 17.125
20150706 08:10 17
20150706 08:20 17.125
20150706 08:30 17.5
20150706 08:40 17.625
20150706 08:50 18.5
20150706 09:00 18.25
20150706 09:10 18.125
20150706 09:20 18.25
20150706 09:30 19.125
20150706 09:40 18.625
20150706 09:50 19
20150706 10:00 19.5
20150706 10:10 19.375
20150706 10:20 19.75
20150706 10:30 20
20150706 10:40 20.75
20150706 10:50 20.375
20150706 11:00 20.75
20150706 11:10 20.5
20150706 11:20 19.625
20150706 11:30 20.375
20150706 11:40 20.25
20150706 11:50 20.375
20150706 12:00 20.875
20150706 12:10 21
20150706 12:20 20.125
20150706 12:30 21.5
20150706 12:40 22
20150706 12:50 22.5
20150706 13:00 23
20150706 13:10 20.75
20150706 13:20 21.625
20150706 13:30 23.375
20150706 13:40 23
20150706 13:50 23.25
20150706 14:00 23.625
20150706 14:10 22.125
20150706 14:20 22.125
20150706 14:30 24.125
20150706 14:40 23.5
20150706 14:50 23.125
20150706 15:00 22.5
20150706 15:10 22.125
20150706 15:20 22.375
20150706 15:30 24
20150706 15:40 22.75
20150706 15:50 23
20150706 16:00 23.25
20150706 16:10 24
20150706 16:20 24.125
20150706 16:30 23.75
20150706 16:40 23.5
20150706 16:50 23
20150706 17:00 23.125
20150706 17:10 23.25
20150706 17:20 23
20150706 17:30 22.875
20150706 17:40 23.25
20150706 17:50 23
20150706 18:00 23.25
20150706 18:10 23.125
20150706 18:20 22.875
20150706 18:30 22.625
20150706 18:40 22.75
20150706 18:50 22.625
20150706 19:00 22
20150706 19:10 22
20150706 19:20 22.5
20150706 19:30 22
20150706 19:40 21.25
20150706 19:50 20.75
20150706 20:00 20.625
20150706 20:10 20.875
20150706 20:20 20.5
20150706 20:30 20.5
20150706 20:40 20
20150706 20:50 20
20150706 21:00 19.75
20150706 21:10 19.25
20150706 21:20 18.75
20150706 21:30 18.125
20150706 21:40 17.5
20150706 21:50 17.5
20150706 22:00 17.125
20150706 22:10 16.5
20150706 22:20 16.375
20150706 22:30 16.125
20150706 22:40 15.75
20150706 22:50 15.5
20150706 23:00 15.5
20150706 23:10 15.375
20150706 23:20 15
20150706 23:30 14.875
20150706 23:40 14.75
20150706 23:50 14.5
