YYYYMMDD HH:MM measured temperature
20150225 00:00 3.5
20150225 00:10 3.5
20150225 00:20 3.5
20150225 00:30 3.5
20150225 00:40 3.75
20150225 00:50 3.75
20150225 01:00 3.625
20150225 01:10 3.25
20150225 01:20 3.125
20150225 01:30 3.375
20150225 01:40 3.125
20150225 01:50 3
20150225 02:00 2.75
20150225 02:10 2.75
20150225 02:20 2.625
20150225 02:30 2.75
20150225 02:40 2.625
20150225 02:50 2.5
20150225 03:00 2.375
20150225 03:10 2.375
20150225 03:20 2.25
20150225 03:30 2.125
20150225 03:40 1.875
20150225 03:50 1.875
20150225 04:00 1.625
20150225 04:10 1.5
20150225 04:20 1.5
20150225 04:30 1.375
20150225 04:40 1.25
20150225 04:50 1.375
20150225 05:00 1.5
20150225 05:10 1.375
20150225 05:20 1.375
20150225 05:30 1.5
20150225 05:40 1.5
20150225 05:50 1.625
20150225 06:00 1.75
20150225 06:10 1.875
20150225 06:20 2
20150225 06:30 2.125
20150225 06:40 2.125
20150225 06:50 2
20150225 07:00 2
20150225 07:10 2
20150225 07:20 2
20150225 07:30 2
20150225 07:40 2
20150225 07:50 2
20150225 08:00 2.125
20150225 08:10 2.125
20150225 08:20 2.25
20150225 08:30 2.375
20150225 08:40 2.25
20150225 08:50 2.25
20150225 09:00 2.625
20150225 09:10 2.875
20150225 09:20 3
20150225 09:30 3.375
20150225 09:40 3.375
20150225 09:50 3.625
20150225 10:00 3.875
20150225 10:10 4.125
20150225 10:20 4.125
20150225 10:30 4.375
20150225 10:40 4.75
20150225 10:50 4.5
20150225 11:00 5.25
20150225 11:10 5.625
20150225 11:20 5.75
20150225 11:30 6
20150225 11:40 5.875
20150225 11:50 6
20150225 12:00 7.625
20150225 12:10 7
20150225 12:20 8
20150225 12:30 11.25
20150225 12:40 10.875
20150225 12:50 9.75
20150225 13:00 9.375
20150225 13:10 7
20150225 13:20 8.125
20150225 13:30 7.625
20150225 13:40 7.375
20150225 13:50 7.125
20150225 14:00 7.75
20150225 14:10 7.875
20150225 14:20 10.125
20150225 14:30 10.375
20150225 14:40 7.75
20150225 14:50 8.5
20150225 15:00 8.375
20150225 15:10 8.875
20150225 15:20 8
20150225 15:30 7.75
20150225 15:40 7.625
20150225 15:50 7.5
20150225 16:00 7.25
20150225 16:10 7
20150225 16:20 6.875
20150225 16:30 6.875
20150225 16:40 6.75
20150225 16:50 6.625
20150225 17:00 6.625
20150225 17:10 6.5
20150225 17:20 6.375
20150225 17:30 6.25
20150225 17:40 6.25
20150225 17:50 6.125
20150225 18:00 5.875
20150225 18:10 5.75
20150225 18:20 5.375
20150225 18:30 5.25
20150225 18:40 5.125
20150225 18:50 5
20150225 19:00 5
20150225 19:10 4.875
20150225 19:20 4.875
20150225 19:30 4.875
20150225 19:40 5
20150225 19:50 5.25
20150225 20:00 5.375
20150225 20:10 5.375
20150225 20:20 5.125
20150225 20:30 4.75
20150225 20:40 4.625
20150225 20:50 4.375
20150225 21:00 4.375
20150225 21:10 4.375
20150225 21:20 4.25
20150225 21:30 4.125
20150225 21:40 4.25
20150225 21:50 4.25
20150225 22:00 4.25
20150225 22:10 4.25
20150225 22:20 4.25
20150225 22:30 4.125
20150225 22:40 4.125
20150225 22:50 4.25
20150225 23:00 4.25
20150225 23:10 4.25
20150225 23:20 4.25
20150225 23:30 4.125
20150225 23:40 4.125
20150225 23:50 4.125
