YYYYMMDD HH:MM measured temperature
20150211 00:00 5.125
20150211 00:10 5
20150211 00:20 4.875
20150211 00:30 5
20150211 00:40 4.75
20150211 00:50 4.75
20150211 01:00 4.625
20150211 01:10 4.625
20150211 01:20 4.625
20150211 01:30 4.5
20150211 01:40 4.5
20150211 01:50 4.375
20150211 02:00 4.375
20150211 02:10 4.25
20150211 02:20 4.375
20150211 02:30 4.25
20150211 02:40 4.25
20150211 02:50 4.375
20150211 03:00 4.375
20150211 03:10 4.375
20150211 03:20 4.375
20150211 03:30 4.25
20150211 03:40 4.25
20150211 03:50 4.25
20150211 04:00 4.25
20150211 04:10 4.25
20150211 04:20 4.25
20150211 04:30 4.25
20150211 04:40 4.25
20150211 04:50 4.25
20150211 05:00 4.25
20150211 05:10 4.25
20150211 05:20 4.125
20150211 05:30 4.125
20150211 05:40 4.125
20150211 05:50 4.125
20150211 06:00 4.25
20150211 06:10 4
20150211 06:20 4.125
20150211 06:30 4
20150211 06:40 4.125
20150211 06:50 4
20150211 07:00 4.125
20150211 07:10 4.125
20150211 07:20 3.875
20150211 07:30 3.875
20150211 07:40 4
20150211 07:50 3.875
20150211 08:00 3.75
20150211 08:10 3.75
20150211 08:20 3.875
20150211 08:30 3.875
20150211 08:40 4
20150211 08:50 4
20150211 09:00 3.875
20150211 09:10 4
20150211 09:20 4.125
20150211 09:30 3.875
20150211 09:40 3.875
20150211 09:50 3.875
20150211 10:00 4
20150211 10:10 4
20150211 10:20 4.125
20150211 10:30 4
20150211 10:40 4
20150211 10:50 4.125
20150211 11:00 4
20150211 11:10 3.875
20150211 11:20 4.25
20150211 11:30 4.125
20150211 11:40 4.25
20150211 11:50 4.25
20150211 12:00 4.125
20150211 12:10 4.25
20150211 12:20 4
20150211 12:30 4.125
20150211 12:40 4.375
20150211 12:50 4.25
20150211 13:00 4.5
20150211 13:10 4.625
20150211 13:20 4.625
20150211 13:30 4.625
20150211 13:40 4.75
20150211 13:50 4.625
20150211 14:00 4.875
20150211 14:10 4.875
20150211 14:20 4.875
20150211 14:30 5
20150211 14:40 5
20150211 14:50 4.875
20150211 15:00 5
20150211 15:10 4.75
20150211 15:20 5
20150211 15:30 4.875
20150211 15:40 5
20150211 15:50 5
20150211 16:00 5
20150211 16:10 5
20150211 16:20 4.875
20150211 16:30 4.875
20150211 16:40 4.75
20150211 16:50 4.75
20150211 17:00 4.875
20150211 17:10 4.625
20150211 17:20 4.625
20150211 17:30 4.375
20150211 17:40 4.5
20150211 17:50 4.5
20150211 18:00 4.375
20150211 18:10 4.375
20150211 18:20 4.25
20150211 18:30 4.25
20150211 18:40 4.125
20150211 18:50 4
20150211 19:00 4
20150211 19:10 4.125
20150211 19:20 4
20150211 19:30 4.125
20150211 19:40 4
20150211 19:50 4.125
20150211 20:00 3.875
20150211 20:10 3.875
20150211 20:20 3.875
20150211 20:30 3.75
20150211 20:40 3.875
20150211 20:50 3.875
20150211 21:00 3.875
20150211 21:10 3.75
20150211 21:20 4
20150211 21:30 3.875
20150211 21:40 3.875
20150211 21:50 3.875
20150211 22:00 3.75
20150211 22:10 3.75
20150211 22:20 3.75
20150211 22:30 3.625
20150211 22:40 3.625
20150211 22:50 3.5
20150211 23:00 3.125
20150211 23:10 2.875
20150211 23:20 2.875
20150211 23:30 3.125
20150211 23:40 3.125
20150211 23:50 3.375
