YYYYMMDD HH:MM measured temperature
20150522 00:00 8.625
20150522 00:10 8.5
20150522 00:20 8.875
20150522 00:30 8.375
20150522 00:40 8.125
20150522 00:50 8.125
20150522 01:00 8.25
20150522 01:10 8.125
20150522 01:20 8.25
20150522 01:30 8.25
20150522 01:40 7.875
20150522 01:50 7.75
20150522 02:00 7.5
20150522 02:10 8.125
20150522 02:20 8.125
20150522 02:30 8
20150522 02:40 7.875
20150522 02:50 7.25
20150522 03:00 6.875
20150522 03:10 6.625
20150522 03:20 6.25
20150522 03:30 6.125
20150522 03:40 5.875
20150522 03:50 6
20150522 04:00 5.875
20150522 04:10 5.75
20150522 04:20 5.875
20150522 04:30 5.875
20150522 04:40 6
20150522 04:50 5.875
20150522 05:00 6
20150522 05:10 5.875
20150522 05:20 5.875
20150522 05:30 5.75
20150522 05:40 5.625
20150522 05:50 5.75
20150522 06:00 6
20150522 06:10 6.25
20150522 06:20 6.375
20150522 06:30 6.75
20150522 06:40 7.125
20150522 06:50 7.5
20150522 07:00 7.875
20150522 07:10 8.375
20150522 07:20 8.875
20150522 07:30 9.25
20150522 07:40 9.75
20150522 07:50 10
20150522 08:00 10.125
20150522 08:10 10.625
20150522 08:20 11.125
20150522 08:30 11.75
20150522 08:40 12.125
20150522 08:50 12.875
20150522 09:00 13.5
20150522 09:10 13.75
20150522 09:20 14
20150522 09:30 14.25
20150522 09:40 14.625
20150522 09:50 15
20150522 10:00 15.5
20150522 10:10 15.25
20150522 10:20 15.75
20150522 10:30 16.25
20150522 10:40 16.125
20150522 10:50 15.75
20150522 11:00 16.75
20150522 11:10 16.625
20150522 11:20 16.75
20150522 11:30 17.125
20150522 11:40 17.625
20150522 11:50 18
20150522 12:00 18.375
20150522 12:10 18.125
20150522 12:20 17.75
20150522 12:30 19.25
20150522 12:40 18.5
20150522 12:50 18.375
20150522 13:00 19.5
20150522 13:10 19.5
20150522 13:20 20.5
20150522 13:30 21
20150522 13:40 21
20150522 13:50 20.5
20150522 14:00 21
20150522 14:10 19
20150522 14:20 20
20150522 14:30 18.875
20150522 14:40 19.5
20150522 14:50 19.375
20150522 15:00 20.25
20150522 15:10 20.375
20150522 15:20 19.25
20150522 15:30 19.125
20150522 15:40 19.125
20150522 15:50 18.875
20150522 16:00 18.75
20150522 16:10 18.875
20150522 16:20 18.5
20150522 16:30 18.75
20150522 16:40 18.375
20150522 16:50 18.5
20150522 17:00 18.25
20150522 17:10 18.375
20150522 17:20 18.375
20150522 17:30 18.5
20150522 17:40 18.25
20150522 17:50 18.375
20150522 18:00 18.625
20150522 18:10 18.125
20150522 18:20 18
20150522 18:30 17.875
20150522 18:40 17.875
20150522 18:50 18
20150522 19:00 17.875
20150522 19:10 17.75
20150522 19:20 17.5
20150522 19:30 17.25
20150522 19:40 16.875
20150522 19:50 17
20150522 20:00 16.625
20150522 20:10 16.25
20150522 20:20 16.375
20150522 20:30 16.5
20150522 20:40 16.375
20150522 20:50 16
20150522 21:00 15.875
20150522 21:10 15.625
20150522 21:20 15.375
20150522 21:30 15.125
20150522 21:40 15
20150522 21:50 14.75
20150522 22:00 14.625
20150522 22:10 14.5
20150522 22:20 14.375
20150522 22:30 14
20150522 22:40 14.375
20150522 22:50 14.25
20150522 23:00 14.25
20150522 23:10 14.125
20150522 23:20 14
20150522 23:30 13.875
20150522 23:40 13.625
20150522 23:50 13.375
