YYYYMMDD HH:MM measured temperature
20151027 00:00 6.125
20151027 00:10 6.125
20151027 00:20 6.125
20151027 00:30 6.125
20151027 00:40 6
20151027 00:50 5.875
20151027 01:00 5.875
20151027 01:10 5.875
20151027 01:20 5.875
20151027 01:30 5.875
20151027 01:40 5.875
20151027 01:50 5.875
20151027 02:00 5.75
20151027 02:10 5.75
20151027 02:20 5.5
20151027 02:30 5.5
20151027 02:40 5.75
20151027 02:50 5.5
20151027 03:00 5.5
20151027 03:10 5.625
20151027 03:20 5.5
20151027 03:30 5.5
20151027 03:40 5.625
20151027 03:50 5.5
20151027 04:00 5.375
20151027 04:10 5.375
20151027 04:20 5.5
20151027 04:30 5.25
20151027 04:40 5.25
20151027 04:50 5.125
20151027 05:00 5.125
20151027 05:10 5.125
20151027 05:20 5
20151027 05:30 4.875
20151027 05:40 5
20151027 05:50 4.875
20151027 06:00 5
20151027 06:10 4.75
20151027 06:20 4.75
20151027 06:30 4.625
20151027 06:40 4.5
20151027 06:50 4.375
20151027 07:00 4.375
20151027 07:10 4.375
20151027 07:20 4.25
20151027 07:30 4.25
20151027 07:40 4.25
20151027 07:50 4.125
20151027 08:00 4.25
20151027 08:10 4.25
20151027 08:20 4.25
20151027 08:30 4.25
20151027 08:40 4.375
20151027 08:50 4.5
20151027 09:00 4.625
20151027 09:10 4.875
20151027 09:20 5.125
20151027 09:30 5.25
20151027 09:40 5.625
20151027 09:50 5.625
20151027 10:00 5.75
20151027 10:10 5.875
20151027 10:20 6.125
20151027 10:30 6.375
20151027 10:40 6.625
20151027 10:50 6.75
20151027 11:00 7.125
20151027 11:10 7.125
20151027 11:20 7.625
20151027 11:30 7.75
20151027 11:40 8.25
20151027 11:50 8.625
20151027 12:00 8.375
20151027 12:10 9
20151027 12:20 9.25
20151027 12:30 9.375
20151027 12:40 9.75
20151027 12:50 10.25
20151027 13:00 10.5
20151027 13:10 10.625
20151027 13:20 10.75
20151027 13:30 11.625
20151027 13:40 12
20151027 13:50 11.75
20151027 14:00 11.875
20151027 14:10 12.625
20151027 14:20 12.375
20151027 14:30 12.875
20151027 14:40 12.625
20151027 14:50 12.75
20151027 15:00 12.875
20151027 15:10 13.125
20151027 15:20 13.625
20151027 15:30 13.875
20151027 15:40 13.5
20151027 15:50 13.75
20151027 16:00 13.125
20151027 16:10 12.875
20151027 16:20 12.75
20151027 16:30 12.125
20151027 16:40 11.75
20151027 16:50 11.75
20151027 17:00 11.5
20151027 17:10 11.375
20151027 17:20 11
20151027 17:30 10.5
20151027 17:40 10.125
20151027 17:50 9.75
20151027 18:00 9.875
20151027 18:10 9.375
20151027 18:20 9.25
20151027 18:30 9.125
20151027 18:40 8.875
20151027 18:50 8.875
20151027 19:00 8.625
20151027 19:10 8.75
20151027 19:20 8.75
20151027 19:30 8.5
20151027 19:40 8.375
20151027 19:50 8.25
20151027 20:00 8
20151027 20:10 7.875
20151027 20:20 7.875
20151027 20:30 7.75
20151027 20:40 7.5
20151027 20:50 7.625
20151027 21:00 7.375
20151027 21:10 7.5
20151027 21:20 7.5
20151027 21:30 7.5
20151027 21:40 7.5
20151027 21:50 7.25
20151027 22:00 7.25
20151027 22:10 7.125
20151027 22:20 7
20151027 22:30 6.875
20151027 22:40 6.875
20151027 22:50 6.625
20151027 23:00 6.75
20151027 23:10 6.75
20151027 23:20 6.75
20151027 23:30 6.875
20151027 23:40 6.875
20151027 23:50 6.75
