YYYYMMDD HH:MM measured temperature
20150828 00:00 13.375
20150828 00:10 13.25
20150828 00:20 13.25
20150828 00:30 13.25
20150828 00:40 13.25
20150828 00:50 13.25
20150828 01:00 13.25
20150828 01:10 13.25
20150828 01:20 13.25
20150828 01:30 13.25
20150828 01:40 13.25
20150828 01:50 13.125
20150828 02:00 13.25
20150828 02:10 13.125
20150828 02:20 13.125
20150828 02:30 13.125
20150828 02:40 13.125
20150828 02:50 13.125
20150828 03:00 13.25
20150828 03:10 13.25
20150828 03:20 13.375
20150828 03:30 13.375
20150828 03:40 13.375
20150828 03:50 13.5
20150828 04:00 13.5
20150828 04:10 13.5
20150828 04:20 13.5
20150828 04:30 13.5
20150828 04:40 13.5
20150828 04:50 13.5
20150828 05:00 13.625
20150828 05:10 13.625
20150828 05:20 13.625
20150828 05:30 13.625
20150828 05:40 13.625
20150828 05:50 13.625
20150828 06:00 13.625
20150828 06:10 13.625
20150828 06:20 13.625
20150828 06:30 13.625
20150828 06:40 13.625
20150828 06:50 13.75
20150828 07:00 13.75
20150828 07:10 13.875
20150828 07:20 13.875
20150828 07:30 14
20150828 07:40 14
20150828 07:50 14.125
20150828 08:00 14.125
20150828 08:10 14.25
20150828 08:20 14.25
20150828 08:30 14.25
20150828 08:40 14.3125
20150828 08:50 14.375
20150828 09:00 14.625
20150828 09:10 14.875
20150828 09:20 14.875
20150828 09:30 15
20150828 09:40 15.375
20150828 09:50 15.375
20150828 10:00 15.75
20150828 10:10 15.625
20150828 10:20 15.625
20150828 10:30 15.625
20150828 10:40 16
20150828 10:50 15.875
20150828 11:00 16.75
20150828 11:10 16.375
20150828 11:20 16
20150828 11:30 16.125
20150828 11:40 16.375
20150828 11:50 16.75
20150828 12:00 16.5
20150828 12:10 16.875
20150828 12:20 17.625
20150828 12:30 17.375
20150828 12:40 18.5
20150828 12:50 18.625
20150828 13:00 18.125
20150828 13:10 18.375
20150828 13:20 18
20150828 13:30 18.375
20150828 13:40 19
20150828 13:50 19.125
20150828 14:00 19.5
20150828 14:10 18.375
20150828 14:20 18.75
20150828 14:30 19.25
20150828 14:40 18.75
20150828 14:50 19.375
20150828 15:00 19.375
20150828 15:10 20.25
20150828 15:20 19.625
20150828 15:30 21.125
20150828 15:40 20.375
20150828 15:50 20
20150828 16:00 19.625
20150828 16:10 20.375
20150828 16:20 19.75
20150828 16:30 19.625
20150828 16:40 19.5
20150828 16:50 20.625
20150828 17:00 20.25
20150828 17:10 19.125
20150828 17:20 20
20150828 17:30 20.5
20150828 17:40 20.125
20150828 17:50 19.75
20150828 18:00 20
20150828 18:10 19.625
20150828 18:20 19.5
20150828 18:30 19.25
20150828 18:40 19.25
20150828 18:50 18.875
20150828 19:00 18.875
20150828 19:10 19.125
20150828 19:20 18.625
20150828 19:30 18.125
20150828 19:40 17.5
20150828 19:50 17.25
20150828 20:00 16
20150828 20:10 15.75
20150828 20:20 15.5
20150828 20:30 15.5
20150828 20:40 15.75
20150828 20:50 16
20150828 21:00 14.75
20150828 21:10 14.5
20150828 21:20 14
20150828 21:30 13.75
20150828 21:40 13.875
20150828 21:50 13.75
20150828 22:00 13.875
20150828 22:10 13.5
20150828 22:20 13.75
20150828 22:30 13.5
20150828 22:40 13.25
20150828 22:50 13
20150828 23:00 12.875
20150828 23:10 12.75
20150828 23:20 12.75
20150828 23:30 12.625
20150828 23:40 12.625
20150828 23:50 12.625
