YYYYMMDD HH:MM measured temperature
20150127 00:00 3.125
20150127 00:10 3.125
20150127 00:20 3.125
20150127 00:30 3.25
20150127 00:40 3.125
20150127 00:50 3
20150127 01:00 3.25
20150127 01:10 3.25
20150127 01:20 3.25
20150127 01:30 3.125
20150127 01:40 3
20150127 01:50 3
20150127 02:00 3
20150127 02:10 2.875
20150127 02:20 3
20150127 02:30 3
20150127 02:40 3
20150127 02:50 3.125
20150127 03:00 3.125
20150127 03:10 2.875
20150127 03:20 2.75
20150127 03:30 2.625
20150127 03:40 2.5
20150127 03:50 2.625
20150127 04:00 2.375
20150127 04:10 2.5
20150127 04:20 2.5
20150127 04:30 2.375
20150127 04:40 2.375
20150127 04:50 2
20150127 05:00 1.875
20150127 05:10 2
20150127 05:20 2.25
20150127 05:30 2.375
20150127 05:40 2.25
20150127 05:50 2.125
20150127 06:00 2
20150127 06:10 1.875
20150127 06:20 1.75
20150127 06:30 1.625
20150127 06:40 1.75
20150127 06:50 1.625
20150127 07:00 1.5
20150127 07:10 1.5
20150127 07:20 1.375
20150127 07:30 1.375
20150127 07:40 1.5
20150127 07:50 1.5
20150127 08:00 1.75
20150127 08:10 1.75
20150127 08:20 1.75
20150127 08:30 1.75
20150127 08:40 1.75
20150127 08:50 1.875
20150127 09:00 2
20150127 09:10 2.25
20150127 09:20 2.625
20150127 09:30 3
20150127 09:40 3.125
20150127 09:50 3.25
20150127 10:00 3.875
20150127 10:10 3.875
20150127 10:20 3.625
20150127 10:30 4
20150127 10:40 3.875
20150127 10:50 3.75
20150127 11:00 4.25
20150127 11:10 4.125
20150127 11:20 4.875
20150127 11:30 5.25
20150127 11:40 5.375
20150127 11:50 6
20150127 12:00 6.625
20150127 12:10 7.625
20150127 12:20 6.125
20150127 12:30 6.25
20150127 12:40 6
20150127 12:50 6.625
20150127 13:00 6.75
20150127 13:10 7
20150127 13:20 7.375
20150127 13:30 7.375
20150127 13:40 8.125
20150127 13:50 8
20150127 14:00 7.625
20150127 14:10 7.875
20150127 14:20 9
20150127 14:30 9
20150127 14:40 8.5
20150127 14:50 8.125
20150127 15:00 6.875
20150127 15:10 6.25
20150127 15:20 6
20150127 15:30 5.75
20150127 15:40 5.875
20150127 15:50 5.75
20150127 16:00 5.75
20150127 16:10 5.75
20150127 16:20 5.5
20150127 16:30 5.25
20150127 16:40 5
20150127 16:50 4.625
20150127 17:00 4.375
20150127 17:10 4.125
20150127 17:20 4
20150127 17:30 3.75
20150127 17:40 3.25
20150127 17:50 3.375
20150127 18:00 3.375
20150127 18:10 3.375
20150127 18:20 3.25
20150127 18:30 3
20150127 18:40 2.75
20150127 18:50 2.25
20150127 19:00 2.5
20150127 19:10 2.25
20150127 19:20 1.875
20150127 19:30 1.875
20150127 19:40 2
20150127 19:50 1.5
20150127 20:00 1.375
20150127 20:10 1.5
20150127 20:20 1.375
20150127 20:30 1.5
20150127 20:40 1.25
20150127 20:50 1.25
20150127 21:00 1.125
20150127 21:10 1.25
20150127 21:20 1.375
20150127 21:30 1.5
20150127 21:40 1.625
20150127 21:50 1.5
20150127 22:00 1.5
20150127 22:10 1.5
20150127 22:20 1.5
20150127 22:30 1.625
20150127 22:40 1.75
20150127 22:50 1.625
20150127 23:00 1.75
20150127 23:10 1.875
20150127 23:20 1.875
20150127 23:30 2
20150127 23:40 2.125
20150127 23:50 2.25
