YYYYMMDD HH:MM measured temperature
20150113 00:00 17.4375
20150113 00:10 17.5
20150113 00:20 17.5
20150113 00:30 17.375
20150113 00:40 17.375
20150113 00:50 17.25
20150113 01:00 17.25
20150113 01:10 17.25
20150113 01:20 17.25
20150113 01:30 17.125
20150113 01:40 17.125
20150113 01:50 17.125
20150113 02:00 17.125
20150113 02:10 17
20150113 02:20 17
20150113 02:30 17
20150113 02:40 17
20150113 02:50 17
20150113 03:00 17
20150113 03:10 16.875
20150113 03:20 16.875
20150113 03:30 16.875
20150113 03:40 16.875
20150113 03:50 16.875
20150113 04:00 16.875
20150113 04:10 16.875
20150113 04:20 16.875
20150113 04:30 16.8125
20150113 04:40 16.875
20150113 04:50 16.75
20150113 05:00 16.75
20150113 05:10 16.75
20150113 05:20 16.75
20150113 05:30 16.625
20150113 05:40 16.625
20150113 05:50 16.625
20150113 06:00 16.625
20150113 06:10 16.625
20150113 06:20 16.75
20150113 06:30 16.875
20150113 06:40 16.875
20150113 06:50 17
20150113 07:00 17
20150113 07:10 17.125
20150113 07:20 17.125
20150113 07:30 17.125
20150113 07:40 17.25
20150113 07:50 17.25
20150113 08:00 17.25
20150113 08:10 17.375
20150113 08:20 17.375
20150113 08:30 17.25
20150113 08:40 17.25
20150113 08:50 17.25
20150113 09:00 17.25
20150113 09:10 17.375
20150113 09:20 17.375
20150113 09:30 17.375
20150113 09:40 17.375
20150113 09:50 17.375
20150113 10:00 17.375
20150113 10:10 17.5
20150113 10:20 17.5
20150113 10:30 17.5
20150113 10:40 17.5
20150113 10:50 17.5
20150113 11:00 17.5
20150113 11:10 17.5
20150113 11:20 17.5
20150113 11:30 17.5
20150113 11:40 17.5
20150113 11:50 17.625
20150113 12:00 17.625
20150113 12:10 17.625
20150113 12:20 17.625
20150113 12:30 17.625
20150113 12:40 17.625
20150113 12:50 17.625
20150113 13:00 17.5
20150113 13:10 17.5
20150113 13:20 17.625
20150113 13:30 17.625
20150113 13:40 17.625
20150113 13:50 17.625
20150113 14:00 17.625
20150113 14:10 17.625
20150113 14:20 17.625
20150113 14:30 17.75
20150113 14:40 17.75
20150113 14:50 17.75
20150113 15:00 17.75
20150113 15:10 17.75
20150113 15:20 17.75
20150113 15:30 17.75
20150113 15:40 17.75
20150113 15:50 17.75
20150113 16:00 17.875
20150113 16:10 17.875
20150113 16:20 17.875
20150113 16:30 17.875
20150113 16:40 17.875
20150113 16:50 17.875
20150113 17:00 17.875
20150113 17:10 17.875
20150113 17:20 17.875
20150113 17:30 17.75
20150113 17:40 17.75
20150113 17:50 17.75
20150113 18:00 17.875
20150113 18:10 17.875
20150113 18:20 17.875
20150113 18:30 17.875
20150113 18:40 17.875
20150113 18:50 17.875
20150113 19:00 17.875
20150113 19:10 17.875
20150113 19:20 18
20150113 19:30 18
20150113 19:40 18
20150113 19:50 17.875
20150113 20:00 18
20150113 20:10 18
20150113 20:20 17.875
20150113 20:30 17.875
20150113 20:40 17.875
20150113 20:50 18
20150113 21:00 18
20150113 21:10 18
20150113 21:20 18
20150113 21:30 18
20150113 21:40 18
20150113 21:50 18
20150113 22:00 18
20150113 22:10 18
20150113 22:20 17.875
20150113 22:30 17.875
20150113 22:40 17.75
20150113 22:50 17.75
20150113 23:00 17.625
20150113 23:10 17.625
20150113 23:20 17.625
20150113 23:30 17.625
20150113 23:40 17.5
20150113 23:50 17.5
