YYYYMMDD HH:MM measured temperature
20150322 00:00 2.75
20150322 00:10 2.875
20150322 00:20 2.875
20150322 00:30 3
20150322 00:40 3
20150322 00:50 2.875
20150322 01:00 2.75
20150322 01:10 2.75
20150322 01:20 2.625
20150322 01:30 2.5
20150322 01:40 2.5
20150322 01:50 2.375
20150322 02:00 2.25
20150322 02:10 2
20150322 02:20 1.625
20150322 02:30 1.375
20150322 02:40 1.375
20150322 02:50 1.25
20150322 03:00 1.25
20150322 03:10 1.25
20150322 03:20 1.5
20150322 03:30 1.5
20150322 03:40 1.5
20150322 03:50 1.5
20150322 04:00 1.375
20150322 04:10 1.25
20150322 04:20 1.25
20150322 04:30 1
20150322 04:40 0.75
20150322 04:50 0.5
20150322 05:00 0.5
20150322 05:10 0.5
20150322 05:20 0.25
20150322 05:30 0.125
20150322 05:40 0
20150322 05:50 -0.25
20150322 06:00 -0.375
20150322 06:10 -0.625
20150322 06:20 -0.625
20150322 06:30 -0.875
20150322 06:40 -0.875
20150322 06:50 -1.125
20150322 07:00 -1.375
20150322 07:10 -1.375
20150322 07:20 -1.5
20150322 07:30 -1.5
20150322 07:40 -1.5
20150322 07:50 -1.25
20150322 08:00 -1.125
20150322 08:10 -0.875
20150322 08:20 -0.625
20150322 08:30 -0.125
20150322 08:40 0.375
20150322 08:50 0.75
20150322 09:00 1.25
20150322 09:10 1.5
20150322 09:20 2
20150322 09:30 1.875
20150322 09:40 2.375
20150322 09:50 2.75
20150322 10:00 3.25
20150322 10:10 3.625
20150322 10:20 3.875
20150322 10:30 4.625
20150322 10:40 4.5
20150322 10:50 3.625
20150322 11:00 4.125
20150322 11:10 3.75
20150322 11:20 4.625
20150322 11:30 4.75
20150322 11:40 4.875
20150322 11:50 5
20150322 12:00 4.25
20150322 12:10 5
20150322 12:20 5.875
20150322 12:30 6.625
20150322 12:40 6.75
20150322 12:50 7.375
20150322 13:00 8.125
20150322 13:10 8.125
20150322 13:20 9
20150322 13:30 9.375
20150322 13:40 8.875
20150322 13:50 10.125
20150322 14:00 9.375
20150322 14:10 12.25
20150322 14:20 11.125
20150322 14:30 10
20150322 14:40 11.625
20150322 14:50 11.125
20150322 15:00 10.375
20150322 15:10 9.25
20150322 15:20 10.375
20150322 15:30 7.625
20150322 15:40 9.375
20150322 15:50 8.375
20150322 16:00 8.125
20150322 16:10 8.25
20150322 16:20 8.125
20150322 16:30 8
20150322 16:40 7.625
20150322 16:50 8.75
20150322 17:00 7.375
20150322 17:10 8.125
20150322 17:20 7.5
20150322 17:30 7.25
20150322 17:40 6.875
20150322 17:50 6.875
20150322 18:00 7
20150322 18:10 6.625
20150322 18:20 6
20150322 18:30 6.5
20150322 18:40 6.5
20150322 18:50 6.25
20150322 19:00 6
20150322 19:10 5.5
20150322 19:20 4.75
20150322 19:30 4.375
20150322 19:40 3.625
20150322 19:50 3.875
20150322 20:00 3
20150322 20:10 2.5
20150322 20:20 2.375
20150322 20:30 2.125
20150322 20:40 2
20150322 20:50 1.75
20150322 21:00 1.875
20150322 21:10 1.875
20150322 21:20 1.625
20150322 21:30 1.75
20150322 21:40 1.625
20150322 21:50 1.75
20150322 22:00 1.625
20150322 22:10 1.5
20150322 22:20 1.625
20150322 22:30 1.625
20150322 22:40 1.5
20150322 22:50 1.375
20150322 23:00 1.375
20150322 23:10 1.5
20150322 23:20 1.5
20150322 23:30 1.75
20150322 23:40 1.625
20150322 23:50 1.875
