YYYYMMDD HH:MM measured temperature
20150331 00:00 4.375
20150331 00:10 4.375
20150331 00:20 4.25
20150331 00:30 4.375
20150331 00:40 4.5
20150331 00:50 4.5
20150331 01:00 4.5
20150331 01:10 4.5
20150331 01:20 4.75
20150331 01:30 4.625
20150331 01:40 4.75
20150331 01:50 4.75
20150331 02:00 4.625
20150331 02:10 4.875
20150331 02:20 5.375
20150331 02:30 5
20150331 02:40 4
20150331 02:50 3.75
20150331 03:00 3.375
20150331 03:10 3
20150331 03:20 2.875
20150331 03:30 2.625
20150331 03:40 2.5
20150331 03:50 2.375
20150331 04:00 2.125
20150331 04:10 2.125
20150331 04:20 1.875
20150331 04:30 1.625
20150331 04:40 1.375
20150331 04:50 1.25
20150331 05:00 1
20150331 05:10 1.25
20150331 05:20 1.375
20150331 05:30 1.5
20150331 05:40 1.75
20150331 05:50 1.875
20150331 06:00 2.125
20150331 06:10 2.375
20150331 06:20 2.5
20150331 06:30 2.75
20150331 06:40 3
20150331 06:50 3.375
20150331 07:00 3.75
20150331 07:10 3.875
20150331 07:20 4.125
20150331 07:30 4.875
20150331 07:40 5.5
20150331 07:50 5.875
20150331 08:00 6.25
20150331 08:10 6.5
20150331 08:20 6.875
20150331 08:30 7.25
20150331 08:40 7.375
20150331 08:50 7.625
20150331 09:00 7.875
20150331 09:10 7.75
20150331 09:20 7.75
20150331 09:30 8.125
20150331 09:40 8.125
20150331 09:50 8.25
20150331 10:00 8.5
20150331 10:10 8.25
20150331 10:20 8.5
20150331 10:30 8.75
20150331 10:40 8.625
20150331 10:50 8.75
20150331 11:00 8.375
20150331 11:10 8.625
20150331 11:20 7.875
20150331 11:30 7.875
20150331 11:40 8
20150331 11:50 7.5
20150331 12:00 7.5
20150331 12:10 7.25
20150331 12:20 7.5
20150331 12:30 7.25
20150331 12:40 6.875
20150331 12:50 6.875
20150331 13:00 6.5
20150331 13:10 6.625
20150331 13:20 6.375
20150331 13:30 6.5
20150331 13:40 6.5
20150331 13:50 6.625
20150331 14:00 6.625
20150331 14:10 6.5
20150331 14:20 6.5
20150331 14:30 6.625
20150331 14:40 6.25
20150331 14:50 6.5
20150331 15:00 6.5
20150331 15:10 6.125
20150331 15:20 5.875
20150331 15:30 5.875
20150331 15:40 5.625
20150331 15:50 6
20150331 16:00 5.625
20150331 16:10 5.875
20150331 16:20 6.25
20150331 16:30 6.125
20150331 16:40 6.375
20150331 16:50 6.5
20150331 17:00 6.125
20150331 17:10 5.875
20150331 17:20 6.375
20150331 17:30 6.25
20150331 17:40 5.875
20150331 17:50 6.125
20150331 18:00 6.125
20150331 18:10 6.625
20150331 18:20 6.75
20150331 18:30 6.75
20150331 18:40 6.75
20150331 18:50 6.625
20150331 19:00 6.5
20150331 19:10 6.5
20150331 19:20 6.25
20150331 19:30 6.25
20150331 19:40 6
20150331 19:50 6.125
20150331 20:00 6
20150331 20:10 6.125
20150331 20:20 6
20150331 20:30 5.875
20150331 20:40 5.875
20150331 20:50 5.875
20150331 21:00 2.75
20150331 21:10 2.875
20150331 21:20 3
20150331 21:30 2.875
20150331 21:40 2.625
20150331 21:50 3
20150331 22:00 3.125
20150331 22:10 3.375
20150331 22:20 3.375
20150331 22:30 3.375
20150331 22:40 3.375
20150331 22:50 3.375
20150331 23:00 3.5
20150331 23:10 3.5
20150331 23:20 3.5
20150331 23:30 3.375
20150331 23:40 3.375
20150331 23:50 3.625
