YYYYMMDD HH:MM measured temperature
20150913 00:00 15.5
20150913 00:10 15.375
20150913 00:20 16
20150913 00:30 16.125
20150913 00:40 15.5
20150913 00:50 15.25
20150913 01:00 15.125
20150913 01:10 14.875
20150913 01:20 14.75
20150913 01:30 14.625
20150913 01:40 14.5
20150913 01:50 14.5
20150913 02:00 14.5
20150913 02:10 14.625
20150913 02:20 14.75
20150913 02:30 14.75
20150913 02:40 14.75
20150913 02:50 14.75
20150913 03:00 14.75
20150913 03:10 14.75
20150913 03:20 14.75
20150913 03:30 14.625
20150913 03:40 14.5
20150913 03:50 14.375
20150913 04:00 14.25
20150913 04:10 14.125
20150913 04:20 14
20150913 04:30 13.625
20150913 04:40 13.875
20150913 04:50 14.125
20150913 05:00 14.125
20150913 05:10 14.25
20150913 05:20 14.5
20150913 05:30 14.5
20150913 05:40 14.625
20150913 05:50 14.625
20150913 06:00 14.625
20150913 06:10 14.75
20150913 06:20 14.75
20150913 06:30 14.75
20150913 06:40 14.75
20150913 06:50 14.75
20150913 07:00 14.75
20150913 07:10 14.875
20150913 07:20 14.875
20150913 07:30 14.875
20150913 07:40 15
20150913 07:50 15
20150913 08:00 15.125
20150913 08:10 15.125
20150913 08:20 15.25
20150913 08:30 15.25
20150913 08:40 15.375
20150913 08:50 15.375
20150913 09:00 15.625
20150913 09:10 15.625
20150913 09:20 15.875
20150913 09:30 16.25
20150913 09:40 16.5
20150913 09:50 16.875
20150913 10:00 16.875
20150913 10:10 16.75
20150913 10:20 16.75
20150913 10:30 16.875
20150913 10:40 17.375
20150913 10:50 17.5
20150913 11:00 18.875
20150913 11:10 18
20150913 11:20 18
20150913 11:30 18.375
20150913 11:40 18.625
20150913 11:50 18.75
20150913 12:00 19.125
20150913 12:10 19.375
20150913 12:20 20
20150913 12:30 19.375
20150913 12:40 18.5
20150913 12:50 18.125
20150913 13:00 18.625
20150913 13:10 19.875
20150913 13:20 20.125
20150913 13:30 20.625
20150913 13:40 20.125
20150913 13:50 19.875
20150913 14:00 20.375
20150913 14:10 20.375
20150913 14:20 19.75
20150913 14:30 19.875
20150913 14:40 20
20150913 14:50 20.375
20150913 15:00 20.75
20150913 15:10 21.125
20150913 15:20 21
20150913 15:30 20.875
20150913 15:40 20.625
20150913 15:50 20.75
20150913 16:00 20.125
20150913 16:10 20.125
20150913 16:20 20.25
20150913 16:30 20.25
20150913 16:40 20.625
20150913 16:50 20.25
20150913 17:00 20.125
20150913 17:10 19.75
20150913 17:20 19.5
20150913 17:30 19.125
20150913 17:40 18.625
20150913 17:50 18.5
20150913 18:00 18.375
20150913 18:10 18.25
20150913 18:20 18.25
20150913 18:30 18
20150913 18:40 17.875
20150913 18:50 17.75
20150913 19:00 17.625
20150913 19:10 17.375
20150913 19:20 17.25
20150913 19:30 17.25
20150913 19:40 17.125
20150913 19:50 17.25
20150913 20:00 17.25
20150913 20:10 17.125
20150913 20:20 17.125
20150913 20:30 17.125
20150913 20:40 17
20150913 20:50 17
20150913 21:00 17
20150913 21:10 17
20150913 21:20 17
20150913 21:30 16.875
20150913 21:40 16.875
20150913 21:50 16.875
20150913 22:00 16.9375
20150913 22:10 17
20150913 22:20 17.125
20150913 22:30 17.125
20150913 22:40 17.125
20150913 22:50 17.125
20150913 23:00 17.125
20150913 23:10 17
20150913 23:20 17.125
20150913 23:30 17.125
20150913 23:40 17.125
20150913 23:50 17
