YYYYMMDD HH:MM measured temperature
20150607 00:00 9.625
20150607 00:10 9.375
20150607 00:20 9.25
20150607 00:30 9.125
20150607 00:40 9
20150607 00:50 8.875
20150607 01:00 8.25
20150607 01:10 8.125
20150607 01:20 8
20150607 01:30 8.25
20150607 01:40 8
20150607 01:50 8
20150607 02:00 7.875
20150607 02:10 7.875
20150607 02:20 7.625
20150607 02:30 7.375
20150607 02:40 7.375
20150607 02:50 7.25
20150607 03:00 7.125
20150607 03:10 7.125
20150607 03:20 7.125
20150607 03:30 6.875
20150607 03:40 7
20150607 03:50 7
20150607 04:00 6.625
20150607 04:10 6.75
20150607 04:20 6.875
20150607 04:30 6.75
20150607 04:40 6.625
20150607 04:50 6.5
20150607 05:00 6.25
20150607 05:10 6.5
20150607 05:20 6.375
20150607 05:30 6.375
20150607 05:40 6.625
20150607 05:50 6.75
20150607 06:00 7.75
20150607 06:10 8.25
20150607 06:20 8.625
20150607 06:30 9.125
20150607 06:40 9.5
20150607 06:50 9.75
20150607 07:00 10
20150607 07:10 10.5
20150607 07:20 10.875
20150607 07:30 11.5
20150607 07:40 12.125
20150607 07:50 12.625
20150607 08:00 13.25
20150607 08:10 13.625
20150607 08:20 14.125
20150607 08:30 14.75
20150607 08:40 15.125
20150607 08:50 15.375
20150607 09:00 15.75
20150607 09:10 16
20150607 09:20 16
20150607 09:30 16.5
20150607 09:40 17
20150607 09:50 17.125
20150607 10:00 17.625
20150607 10:10 17.875
20150607 10:20 18.25
20150607 10:30 18.5
20150607 10:40 18.375
20150607 10:50 19
20150607 11:00 18.25
20150607 11:10 18.625
20150607 11:20 18.5
20150607 11:30 18.75
20150607 11:40 18.625
20150607 11:50 19.375
20150607 12:00 19.625
20150607 12:10 20
20150607 12:20 18.125
20150607 12:30 19.625
20150607 12:40 20.5
20150607 12:50 20.5
20150607 13:00 20.625
20150607 13:10 20
20150607 13:20 19.375
20150607 13:30 20.625
20150607 13:40 20.125
20150607 13:50 20.125
20150607 14:00 19.125
20150607 14:10 21.75
20150607 14:20 19.875
20150607 14:30 21.375
20150607 14:40 19.375
20150607 14:50 19.5
20150607 15:00 19.5
20150607 15:10 18.875
20150607 15:20 18.875
20150607 15:30 19.625
20150607 15:40 20.125
20150607 15:50 20
20150607 16:00 20.875
20150607 16:10 19.625
20150607 16:20 19.5
20150607 16:30 20.25
20150607 16:40 19.5
20150607 16:50 18.5
20150607 17:00 19.5
20150607 17:10 19.875
20150607 17:20 19.5
20150607 17:30 19.25
20150607 17:40 18.25
20150607 17:50 18.125
20150607 18:00 18.5
20150607 18:10 18.625
20150607 18:20 18.375
20150607 18:30 17.75
20150607 18:40 17.875
20150607 18:50 17.625
20150607 19:00 16.875
20150607 19:10 17
20150607 19:20 16.625
20150607 19:30 16.875
20150607 19:40 16.125
20150607 19:50 16.25
20150607 20:00 15.875
20150607 20:10 15.5
20150607 20:20 15
20150607 20:30 14.75
20150607 20:40 14.375
20150607 20:50 14.25
20150607 21:00 13.875
20150607 21:10 13.5
20150607 21:20 13.125
20150607 21:30 12.875
20150607 21:40 12.625
20150607 21:50 12.375
20150607 22:00 12.25
20150607 22:10 12
20150607 22:20 11.75
20150607 22:30 11.625
20150607 22:40 11.375
20150607 22:50 11
20150607 23:00 10.875
20150607 23:10 10.75
20150607 23:20 10.625
20150607 23:30 10.5
20150607 23:40 10.5
20150607 23:50 10.375
