YYYYMMDD HH:MM measured temperature
20151108 00:00 15.5
20151108 00:10 15.375
20151108 00:20 15.125
20151108 00:30 15.25
20151108 00:40 14.875
20151108 00:50 14.625
20151108 01:00 14.625
20151108 01:10 14.375
20151108 01:20 14.375
20151108 01:30 13.875
20151108 01:40 13.875
20151108 01:50 14
20151108 02:00 14.25
20151108 02:10 14
20151108 02:20 14
20151108 02:30 14.125
20151108 02:40 14
20151108 02:50 14
20151108 03:00 13.875
20151108 03:10 13.75
20151108 03:20 13.75
20151108 03:30 13.75
20151108 03:40 13.75
20151108 03:50 13.375
20151108 04:00 13.375
20151108 04:10 13.375
20151108 04:20 13.25
20151108 04:30 13
20151108 04:40 13.125
20151108 04:50 13.125
20151108 05:00 12.875
20151108 05:10 12.75
20151108 05:20 12.875
20151108 05:30 12.875
20151108 05:40 12.75
20151108 05:50 12.625
20151108 06:00 12.625
20151108 06:10 12.5
20151108 06:20 12.375
20151108 06:30 12.375
20151108 06:40 12.25
20151108 06:50 12.125
20151108 07:00 12
20151108 07:10 12
20151108 07:20 12
20151108 07:30 11.875
20151108 07:40 11.375
20151108 07:50 11.375
20151108 08:00 11.125
20151108 08:10 11
20151108 08:20 10.75
20151108 08:30 10.75
20151108 08:40 10.75
20151108 08:50 10.875
20151108 09:00 10.875
20151108 09:10 11.125
20151108 09:20 11.25
20151108 09:30 11.5
20151108 09:40 11.625
20151108 09:50 11.875
20151108 10:00 12.125
20151108 10:10 12.25
20151108 10:20 12.25
20151108 10:30 12.5
20151108 10:40 12.625
20151108 10:50 13
20151108 11:00 13
20151108 11:10 13.125
20151108 11:20 13.375
20151108 11:30 13.5
20151108 11:40 13.75
20151108 11:50 14.25
20151108 12:00 14.25
20151108 12:10 14.375
20151108 12:20 14
20151108 12:30 13.875
20151108 12:40 13.875
20151108 12:50 14.25
20151108 13:00 14.25
20151108 13:10 13.875
20151108 13:20 13.875
20151108 13:30 14.875
20151108 13:40 14.5
20151108 13:50 13.875
20151108 14:00 14
20151108 14:10 13.875
20151108 14:20 13.625
20151108 14:30 13.75
20151108 14:40 13.625
20151108 14:50 13.375
20151108 15:00 13.25
20151108 15:10 13.125
20151108 15:20 13
20151108 15:30 12.75
20151108 15:40 12.75
20151108 15:50 12.625
20151108 16:00 12.5
20151108 16:10 12.25
20151108 16:20 12.125
20151108 16:30 11.75
20151108 16:40 11.375
20151108 16:50 11.375
20151108 17:00 11.125
20151108 17:10 10.625
20151108 17:20 10.75
20151108 17:30 10.625
20151108 17:40 10.625
20151108 17:50 10.75
20151108 18:00 10.875
20151108 18:10 10.75
20151108 18:20 10.625
20151108 18:30 10.625
20151108 18:40 10.625
20151108 18:50 10.75
20151108 19:00 10.75
20151108 19:10 10.875
20151108 19:20 11
20151108 19:30 11
20151108 19:40 11
20151108 19:50 11
20151108 20:00 11.125
20151108 20:10 11.25
20151108 20:20 11.25
20151108 20:30 11.25
20151108 20:40 11.375
20151108 20:50 11.375
20151108 21:00 11.25
20151108 21:10 11.375
20151108 21:20 11.375
20151108 21:30 11.375
20151108 21:40 11.5
20151108 21:50 11.5
20151108 22:00 11.5
20151108 22:10 11.5
20151108 22:20 11.5
20151108 22:30 11.625
20151108 22:40 11.625
20151108 22:50 11.75
20151108 23:00 11.75
20151108 23:10 11.75
20151108 23:20 11.875
20151108 23:30 12
20151108 23:40 12.375
20151108 23:50 13
