YYYYMMDD HH:MM measured temperature
20150911 00:00 11.625
20150911 00:10 11.5
20150911 00:20 11.25
20150911 00:30 11.375
20150911 00:40 11
20150911 00:50 10.5
20150911 01:00 10.5
20150911 01:10 10.375
20150911 01:20 10.25
20150911 01:30 10
20150911 01:40 9.75
20150911 01:50 9.875
20150911 02:00 9.875
20150911 02:10 9.875
20150911 02:20 9.625
20150911 02:30 9.875
20150911 02:40 9.625
20150911 02:50 9.75
20150911 03:00 9.625
20150911 03:10 9.5
20150911 03:20 9.625
20150911 03:30 10.125
20150911 03:40 10.5
20150911 03:50 10.875
20150911 04:00 10.875
20150911 04:10 11
20150911 04:20 11
20150911 04:30 11
20150911 04:40 11.25
20150911 04:50 11.25
20150911 05:00 11
20150911 05:10 11
20150911 05:20 10.875
20150911 05:30 10.75
20150911 05:40 10.625
20150911 05:50 10.375
20150911 06:00 10.375
20150911 06:10 10.625
20150911 06:20 10.75
20150911 06:30 10.75
20150911 06:40 10.875
20150911 06:50 10.75
20150911 07:00 10.875
20150911 07:10 11
20150911 07:20 11
20150911 07:30 11.125
20150911 07:40 11.25
20150911 07:50 11.5
20150911 08:00 11.625
20150911 08:10 11.5
20150911 08:20 11.625
20150911 08:30 11.875
20150911 08:40 12.25
20150911 08:50 12.875
20150911 09:00 12.875
20150911 09:10 12.5
20150911 09:20 13.125
20150911 09:30 13.625
20150911 09:40 13.5
20150911 09:50 14.5
20150911 10:00 14.125
20150911 10:10 14.25
20150911 10:20 14.5
20150911 10:30 15.125
20150911 10:40 16.5
20150911 10:50 16.75
20150911 11:00 15.875
20150911 11:10 15.875
20150911 11:20 15.5
20150911 11:30 15.75
20150911 11:40 16.375
20150911 11:50 16.25
20150911 12:00 16.625
20150911 12:10 16.5
20150911 12:20 15.75
20150911 12:30 17.625
20150911 12:40 19
20150911 12:50 18.25
20150911 13:00 17.125
20150911 13:10 16.75
20150911 13:20 17.25
20150911 13:30 17.625
20150911 13:40 17.875
20150911 13:50 17.125
20150911 14:00 17.75
20150911 14:10 16.625
20150911 14:20 16.625
20150911 14:30 17.25
20150911 14:40 17.625
20150911 14:50 17.875
20150911 15:00 19.25
20150911 15:10 18.625
20150911 15:20 17.625
20150911 15:30 17.5
20150911 15:40 18.5
20150911 15:50 18.875
20150911 16:00 17.25
20150911 16:10 17.5
20150911 16:20 18.25
20150911 16:30 19
20150911 16:40 18.75
20150911 16:50 18.25
20150911 17:00 16.75
20150911 17:10 16.875
20150911 17:20 17.25
20150911 17:30 16.75
20150911 17:40 16.875
20150911 17:50 16.75
20150911 18:00 16.25
20150911 18:10 16
20150911 18:20 15.625
20150911 18:30 15.5
20150911 18:40 15.375
20150911 18:50 15
20150911 19:00 14.75
20150911 19:10 14.375
20150911 19:20 14.125
20150911 19:30 13.875
20150911 19:40 13.625
20150911 19:50 13.125
20150911 20:00 13
20150911 20:10 12.875
20150911 20:20 12.625
20150911 20:30 12.25
20150911 20:40 12.125
20150911 20:50 12
20150911 21:00 11.875
20150911 21:10 11.625
20150911 21:20 11.625
20150911 21:30 11.5
20150911 21:40 11.375
20150911 21:50 11.375
20150911 22:00 11.25
20150911 22:10 11
20150911 22:20 11
20150911 22:30 10.875
20150911 22:40 10.75
20150911 22:50 10.75
20150911 23:00 10.875
20150911 23:10 10.75
20150911 23:20 10.625
20150911 23:30 10.5
20150911 23:40 10.625
20150911 23:50 10.5
