YYYYMMDD HH:MM measured temperature
20150630 00:00 15.75
20150630 00:10 15.25
20150630 00:20 15.125
20150630 00:30 14.75
20150630 00:40 14.375
20150630 00:50 14.125
20150630 01:00 14
20150630 01:10 13.625
20150630 01:20 13.5
20150630 01:30 13.25
20150630 01:40 12.875
20150630 01:50 13.375
20150630 02:00 13
20150630 02:10 13
20150630 02:20 12.5
20150630 02:30 12.5
20150630 02:40 12
20150630 02:50 11.875
20150630 03:00 12.125
20150630 03:10 11.625
20150630 03:20 11.5
20150630 03:30 11.625
20150630 03:40 11.375
20150630 03:50 11.25
20150630 04:00 11
20150630 04:10 10.875
20150630 04:20 10.875
20150630 04:30 10.5
20150630 04:40 10.5
20150630 04:50 10.375
20150630 05:00 10.25
20150630 05:10 10.375
20150630 05:20 10.375
20150630 05:30 10.5
20150630 05:40 10.75
20150630 05:50 10.625
20150630 06:00 10.625
20150630 06:10 11
20150630 06:20 11.125
20150630 06:30 11.375
20150630 06:40 11.5
20150630 06:50 12
20150630 07:00 12.625
20150630 07:10 13.25
20150630 07:20 13.625
20150630 07:30 14.125
20150630 07:40 14.5
20150630 07:50 15.125
20150630 08:00 15.625
20150630 08:10 15.875
20150630 08:20 16.5
20150630 08:30 16.75
20150630 08:40 17.25
20150630 08:50 17.375
20150630 09:00 18.125
20150630 09:10 18.375
20150630 09:20 18.625
20150630 09:30 18.5
20150630 09:40 19.125
20150630 09:50 19.25
20150630 10:00 19.625
20150630 10:10 19.125
20150630 10:20 20.125
20150630 10:30 20
20150630 10:40 20.125
20150630 10:50 20.625
20150630 11:00 20.75
20150630 11:10 21
20150630 11:20 21.125
20150630 11:30 21.875
20150630 11:40 21.5
20150630 11:50 22.375
20150630 12:00 21
20150630 12:10 22.375
20150630 12:20 21.625
20150630 12:30 23.375
20150630 12:40 22.625
20150630 12:50 22.125
20150630 13:00 23.625
20150630 13:10 22.375
20150630 13:20 23.125
20150630 13:30 22
20150630 13:40 23.75
20150630 13:50 24.875
20150630 14:00 23.375
20150630 14:10 23.25
20150630 14:20 23.75
20150630 14:30 23
20150630 14:40 24.625
20150630 14:50 23.5
20150630 15:00 24
20150630 15:10 23.875
20150630 15:20 24
20150630 15:30 23.875
20150630 15:40 23.75
20150630 15:50 23.5
20150630 16:00 23.875
20150630 16:10 24.125
20150630 16:20 23.25
20150630 16:30 23.375
20150630 16:40 24.125
20150630 16:50 24.5
20150630 17:00 23.625
20150630 17:10 23.5
20150630 17:20 23.625
20150630 17:30 23.5
20150630 17:40 23
20150630 17:50 23.125
20150630 18:00 23.125
20150630 18:10 23
20150630 18:20 22.75
20150630 18:30 22.375
20150630 18:40 22.5
20150630 18:50 22.375
20150630 19:00 22.125
20150630 19:10 22.25
20150630 19:20 22
20150630 19:30 21.875
20150630 19:40 21.75
20150630 19:50 21.625
20150630 20:00 21
20150630 20:10 20.875
20150630 20:20 20.75
20150630 20:30 20.25
20150630 20:40 20.25
20150630 20:50 19.625
20150630 21:00 19
20150630 21:10 18.75
20150630 21:20 18.25
20150630 21:30 18
20150630 21:40 17.5
20150630 21:50 17.125
20150630 22:00 16.75
20150630 22:10 16.5
20150630 22:20 16.125
20150630 22:30 15.875
20150630 22:40 15.75
20150630 22:50 15.625
20150630 23:00 15.5
20150630 23:10 15.5
20150630 23:20 15.375
20150630 23:30 15.125
20150630 23:40 15.125
20150630 23:50 15
