YYYYMMDD HH:MM measured temperature
20150105 00:00 3
20150105 00:10 3
20150105 00:20 2.9375
20150105 00:30 2.9375
20150105 00:40 2.625
20150105 00:50 2.375
20150105 01:00 2.1875
20150105 01:10 2.3125
20150105 01:20 2.3125
20150105 01:30 2.3125
20150105 01:40 2.3125
20150105 01:50 2.375
20150105 02:00 2.5
20150105 02:10 2.8125
20150105 02:20 3
20150105 02:30 3.25
20150105 02:40 3.1875
20150105 02:50 3.1875
20150105 03:00 3.375
20150105 03:10 3.1875
20150105 03:20 3.1875
20150105 03:30 3.25
20150105 03:40 3.1875
20150105 03:50 3.1875
20150105 04:00 3.1875
20150105 04:10 3.375
20150105 04:20 3.25
20150105 04:30 3.25
20150105 04:40 3.1875
20150105 04:50 3.125
20150105 05:00 2.9375
20150105 05:10 2.75
20150105 05:20 2.6875
20150105 05:30 2.6875
20150105 05:40 2.5625
20150105 05:50 2.25
20150105 06:00 2.125
20150105 06:10 1.875
20150105 06:20 1.9375
20150105 06:30 2
20150105 06:40 2
20150105 06:50 1.8125
20150105 07:00 1.625
20150105 07:10 1.4375
20150105 07:20 1.6875
20150105 07:30 2
20150105 07:40 2.125
20150105 07:50 2.25
20150105 08:00 2.375
20150105 08:10 2.5
20150105 08:20 2.625
20150105 08:30 2.75
20150105 08:40 2.8125
20150105 08:50 2.875
20150105 09:00 2.9375
20150105 09:10 3
20150105 09:20 3
20150105 09:30 3
20150105 09:40 3
20150105 09:50 3.125
20150105 10:00 3.125
20150105 10:10 3.1875
20150105 10:20 3.3125
20150105 10:30 3.375
20150105 10:40 3.5
20150105 10:50 3.625
20150105 11:00 3.625
20150105 11:10 3.625
20150105 11:20 3.75
20150105 11:30 3.8125
20150105 11:40 3.875
20150105 11:50 3.875
20150105 12:00 3.9375
20150105 12:10 4.125
20150105 12:20 4
20150105 12:30 4.125
20150105 12:40 4.0625
20150105 12:50 4.1875
20150105 13:00 4.1875
20150105 13:10 4.3125
20150105 13:20 4.25
20150105 13:30 4.375
20150105 13:40 4.3125
20150105 13:50 4.4375
20150105 14:00 4.4375
20150105 14:10 4.625
20150105 14:20 4.625
20150105 14:30 4.75
20150105 14:40 4.5625
20150105 14:50 4.6875
20150105 15:00 4.625
20150105 15:10 4.6875
20150105 15:20 4.75
20150105 15:30 4.75
20150105 15:40 4.625
20150105 15:50 4.625
20150105 16:00 4.6875
20150105 16:10 4.75
20150105 16:20 4.75
20150105 16:30 4.75
20150105 16:40 4.6875
20150105 16:50 4.625
20150105 17:00 4.5
20150105 17:10 4.4375
20150105 17:20 4.375
20150105 17:30 4.4375
20150105 17:40 4.375
20150105 17:50 4.375
20150105 18:00 4.25
20150105 18:10 4.125
20150105 18:20 4.125
20150105 18:30 4.125
20150105 18:40 4.125
20150105 18:50 4.125
20150105 19:00 4.0625
20150105 19:10 4.0625
20150105 19:20 4
20150105 19:30 4
20150105 19:40 4
20150105 19:50 4
20150105 20:00 4
20150105 20:10 4
20150105 20:20 4
20150105 20:30 4
20150105 20:40 4.0625
20150105 20:50 4
20150105 21:00 3.9375
20150105 21:10 4
20150105 21:20 4
20150105 21:30 3.9375
20150105 21:40 3.9375
20150105 21:50 3.875
20150105 22:00 3.8125
20150105 22:10 3.875
20150105 22:20 3.875
20150105 22:30 3.875
20150105 22:40 3.8125
20150105 22:50 3.8125
20150105 23:00 3.75
20150105 23:10 3.75
20150105 23:20 3.75
20150105 23:30 3.75
20150105 23:40 3.625
20150105 23:50 3.5625
