YYYYMMDD HH:MM measured temperature
20150710 00:00 11.25
20150710 00:10 11.25
20150710 00:20 11.25
20150710 00:30 10.75
20150710 00:40 10.5
20150710 00:50 10.25
20150710 01:00 10.5
20150710 01:10 10.625
20150710 01:20 10.875
20150710 01:30 10.875
20150710 01:40 10.625
20150710 01:50 10.25
20150710 02:00 10.125
20150710 02:10 9.875
20150710 02:20 10
20150710 02:30 9.75
20150710 02:40 9.625
20150710 02:50 9.625
20150710 03:00 9.375
20150710 03:10 9.25
20150710 03:20 9.375
20150710 03:30 9.125
20150710 03:40 9.25
20150710 03:50 9.125
20150710 04:00 9.375
20150710 04:10 9.625
20150710 04:20 9.875
20150710 04:30 10
20150710 04:40 10
20150710 04:50 10
20150710 05:00 10
20150710 05:10 9.875
20150710 05:20 10
20150710 05:30 10
20150710 05:40 9.75
20150710 05:50 9.625
20150710 06:00 10
20150710 06:10 10.125
20150710 06:20 9.875
20150710 06:30 10.125
20150710 06:40 10.5
20150710 06:50 11
20150710 07:00 11.125
20150710 07:10 11.25
20150710 07:20 11.25
20150710 07:30 11.5
20150710 07:40 11.5
20150710 07:50 11.875
20150710 08:00 12
20150710 08:10 12
20150710 08:20 11.875
20150710 08:30 12
20150710 08:40 12.625
20150710 08:50 12.75
20150710 09:00 13.375
20150710 09:10 13.25
20150710 09:20 14.125
20150710 09:30 14.25
20150710 09:40 14.25
20150710 09:50 13.875
20150710 10:00 14
20150710 10:10 14.75
20150710 10:20 15.375
20150710 10:30 15
20150710 10:40 15.875
20150710 10:50 14.75
20150710 11:00 15.5
20150710 11:10 16.125
20150710 11:20 15.75
20150710 11:30 15.875
20150710 11:40 16
20150710 11:50 16.625
20150710 12:00 16
20150710 12:10 17
20150710 12:20 16.75
20150710 12:30 16.5
20150710 12:40 16.125
20150710 12:50 16.375
20150710 13:00 16.375
20150710 13:10 16.375
20150710 13:20 18.25
20150710 13:30 18
20150710 13:40 16.875
20150710 13:50 17.5
20150710 14:00 18.75
20150710 14:10 18.25
20150710 14:20 18.625
20150710 14:30 17
20150710 14:40 17.875
20150710 14:50 19.125
20150710 15:00 18.5
20150710 15:10 19.125
20150710 15:20 19.75
20150710 15:30 18.375
20150710 15:40 19.5
20150710 15:50 19.875
20150710 16:00 18.75
20150710 16:10 18.75
20150710 16:20 18.625
20150710 16:30 19
20150710 16:40 19.875
20150710 16:50 19.375
20150710 17:00 19.125
20150710 17:10 19.25
20150710 17:20 19.75
20150710 17:30 19.25
20150710 17:40 18.5
20150710 17:50 19
20150710 18:00 19.75
20150710 18:10 20
20150710 18:20 19
20150710 18:30 18.375
20150710 18:40 18.75
20150710 18:50 18.5
20150710 19:00 19.5
20150710 19:10 19.125
20150710 19:20 18.25
20150710 19:30 18.625
20150710 19:40 18.125
20150710 19:50 17.875
20150710 20:00 17.875
20150710 20:10 17.75
20150710 20:20 17.875
20150710 20:30 17.5
20150710 20:40 17.125
20150710 20:50 17.125
20150710 21:00 16.75
20150710 21:10 16
20150710 21:20 15.25
20150710 21:30 15.125
20150710 21:40 14.625
20150710 21:50 14.25
20150710 22:00 13.875
20150710 22:10 13.625
20150710 22:20 13.5
20150710 22:30 13.125
20150710 22:40 12.875
20150710 22:50 12.75
20150710 23:00 12.5
20150710 23:10 12.25
20150710 23:20 12.25
20150710 23:30 11.875
20150710 23:40 11.75
20150710 23:50 11.75
