YYYYMMDD HH:MM measured temperature
20150616 00:00 11
20150616 00:10 11
20150616 00:20 11.125
20150616 00:30 11.125
20150616 00:40 11
20150616 00:50 10.875
20150616 01:00 10.875
20150616 01:10 10.875
20150616 01:20 10.625
20150616 01:30 10.375
20150616 01:40 10.25
20150616 01:50 10.125
20150616 02:00 10.125
20150616 02:10 10.25
20150616 02:20 10.125
20150616 02:30 10.25
20150616 02:40 10.125
20150616 02:50 10.125
20150616 03:00 10.25
20150616 03:10 10.125
20150616 03:20 10
20150616 03:30 10
20150616 03:40 10
20150616 03:50 10
20150616 04:00 10
20150616 04:10 10
20150616 04:20 9.875
20150616 04:30 9.75
20150616 04:40 9.75
20150616 04:50 9.625
20150616 05:00 9.625
20150616 05:10 9.75
20150616 05:20 9.75
20150616 05:30 9.75
20150616 05:40 9.75
20150616 05:50 9.75
20150616 06:00 9.875
20150616 06:10 10
20150616 06:20 10.125
20150616 06:30 10.125
20150616 06:40 10.25
20150616 06:50 10.5
20150616 07:00 10.875
20150616 07:10 11.25
20150616 07:20 11.5
20150616 07:30 11.625
20150616 07:40 11.5
20150616 07:50 11.5
20150616 08:00 11.625
20150616 08:10 11.875
20150616 08:20 11.75
20150616 08:30 11.75
20150616 08:40 12
20150616 08:50 11.625
20150616 09:00 11.5
20150616 09:10 11.625
20150616 09:20 11.875
20150616 09:30 11.875
20150616 09:40 11.75
20150616 09:50 11.625
20150616 10:00 11.5
20150616 10:10 11.875
20150616 10:20 11.875
20150616 10:30 11.875
20150616 10:40 11.625
20150616 10:50 11.5
20150616 11:00 11.875
20150616 11:10 12.875
20150616 11:20 13.25
20150616 11:30 13.375
20150616 11:40 14.75
20150616 11:50 14.125
20150616 12:00 13.75
20150616 12:10 14.25
20150616 12:20 15.125
20150616 12:30 15.375
20150616 12:40 15
20150616 12:50 16
20150616 13:00 15.75
20150616 13:10 16.75
20150616 13:20 17.5
20150616 13:30 17.25
20150616 13:40 16.625
20150616 13:50 16.125
20150616 14:00 15.875
20150616 14:10 18.125
20150616 14:20 16.625
20150616 14:30 16.625
20150616 14:40 16.5
20150616 14:50 16.625
20150616 15:00 16.5
20150616 15:10 15
20150616 15:20 17
20150616 15:30 17
20150616 15:40 16.5
20150616 15:50 16.25
20150616 16:00 17.875
20150616 16:10 15.875
20150616 16:20 16.875
20150616 16:30 15.125
20150616 16:40 15.375
20150616 16:50 14.875
20150616 17:00 15.875
20150616 17:10 15.375
20150616 17:20 15.5
20150616 17:30 15.25
20150616 17:40 16.25
20150616 17:50 14.5
20150616 18:00 14.25
20150616 18:10 14.5
20150616 18:20 14.5
20150616 18:30 14.125
20150616 18:40 14.125
20150616 18:50 14.125
20150616 19:00 14
20150616 19:10 14.125
20150616 19:20 13.75
20150616 19:30 13.875
20150616 19:40 13.625
20150616 19:50 13.25
20150616 20:00 13.25
20150616 20:10 13.25
20150616 20:20 13.25
20150616 20:30 13.125
20150616 20:40 13
20150616 20:50 13.25
20150616 21:00 12.625
20150616 21:10 12.5
20150616 21:20 12.375
20150616 21:30 12.25
20150616 21:40 12.25
20150616 21:50 12
20150616 22:00 11.75
20150616 22:10 11.25
20150616 22:20 10.5
20150616 22:30 10.75
20150616 22:40 10.75
20150616 22:50 11
20150616 23:00 11
20150616 23:10 11
20150616 23:20 11
20150616 23:30 10.875
20150616 23:40 10.125
20150616 23:50 9.625
