YYYYMMDD HH:MM measured temperature
20151017 00:00 7.25
20151017 00:10 7.25
20151017 00:20 7.25
20151017 00:30 7.25
20151017 00:40 7.25
20151017 00:50 7.25
20151017 01:00 7.375
20151017 01:10 7.375
20151017 01:20 7.25
20151017 01:30 7.375
20151017 01:40 7.375
20151017 01:50 7.25
20151017 02:00 7.375
20151017 02:10 7.375
20151017 02:20 7.375
20151017 02:30 7.25
20151017 02:40 7.25
20151017 02:50 7.25
20151017 03:00 7.25
20151017 03:10 7.375
20151017 03:20 7.25
20151017 03:30 7.25
20151017 03:40 7.25
20151017 03:50 7.125
20151017 04:00 7.125
20151017 04:10 7
20151017 04:20 7
20151017 04:30 7.125
20151017 04:40 7.125
20151017 04:50 7.125
20151017 05:00 7.125
20151017 05:10 7.125
20151017 05:20 7
20151017 05:30 7
20151017 05:40 7
20151017 05:50 7
20151017 06:00 7
20151017 06:10 6.875
20151017 06:20 7
20151017 06:30 7
20151017 06:40 6.875
20151017 06:50 6.875
20151017 07:00 6.875
20151017 07:10 6.75
20151017 07:20 6.75
20151017 07:30 6.75
20151017 07:40 6.75
20151017 07:50 6.75
20151017 08:00 6.875
20151017 08:10 6.875
20151017 08:20 6.875
20151017 08:30 6.75
20151017 08:40 6.875
20151017 08:50 6.875
20151017 09:00 7
20151017 09:10 7
20151017 09:20 7
20151017 09:30 7
20151017 09:40 7
20151017 09:50 7.125
20151017 10:00 7.5
20151017 10:10 7.375
20151017 10:20 7.375
20151017 10:30 7.625
20151017 10:40 7.625
20151017 10:50 7.5
20151017 11:00 7.5
20151017 11:10 7.625
20151017 11:20 7.875
20151017 11:30 8.125
20151017 11:40 7.875
20151017 11:50 7.75
20151017 12:00 7.875
20151017 12:10 7.875
20151017 12:20 8
20151017 12:30 8.125
20151017 12:40 8
20151017 12:50 7.625
20151017 13:00 7.5
20151017 13:10 7.75
20151017 13:20 7.75
20151017 13:30 8
20151017 13:40 8.375
20151017 13:50 8.5
20151017 14:00 8.625
20151017 14:10 8.125
20151017 14:20 8.375
20151017 14:30 8.125
20151017 14:40 7.875
20151017 14:50 8.125
20151017 15:00 8.125
20151017 15:10 8.25
20151017 15:20 8.125
20151017 15:30 8.25
20151017 15:40 8.5
20151017 15:50 8.75
20151017 16:00 8.625
20151017 16:10 8.625
20151017 16:20 8.625
20151017 16:30 8.5
20151017 16:40 8.25
20151017 16:50 8.375
20151017 17:00 8.25
20151017 17:10 8.25
20151017 17:20 8.25
20151017 17:30 8.125
20151017 17:40 8.25
20151017 17:50 8
20151017 18:00 7.875
20151017 18:10 8
20151017 18:20 7.875
20151017 18:30 7.875
20151017 18:40 7.75
20151017 18:50 7.75
20151017 19:00 7.75
20151017 19:10 7.625
20151017 19:20 7.625
20151017 19:30 7.625
20151017 19:40 7.75
20151017 19:50 7.625
20151017 20:00 7.625
20151017 20:10 7.5
20151017 20:20 7.5
20151017 20:30 7.5
20151017 20:40 7.5
20151017 20:50 7.5
20151017 21:00 7.5
20151017 21:10 7.5
20151017 21:20 7.625
20151017 21:30 7.5
20151017 21:40 7.5
20151017 21:50 7.5
20151017 22:00 7.375
20151017 22:10 7.5
20151017 22:20 7.375
20151017 22:30 7.5
20151017 22:40 7.375
20151017 22:50 7.5
20151017 23:00 7.5
20151017 23:10 7.375
20151017 23:20 7.5
20151017 23:30 7.375
20151017 23:40 7.5
20151017 23:50 7.375
