YYYYMMDD HH:MM measured temperature
20150920 00:00 10.375
20150920 00:10 10.125
20150920 00:20 10.125
20150920 00:30 10.25
20150920 00:40 10.625
20150920 00:50 10.5
20150920 01:00 10.625
20150920 01:10 10.75
20150920 01:20 10.875
20150920 01:30 11
20150920 01:40 11.125
20150920 01:50 11.125
20150920 02:00 11.125
20150920 02:10 11.125
20150920 02:20 11.125
20150920 02:30 11.25
20150920 02:40 11.25
20150920 02:50 11.125
20150920 03:00 11.125
20150920 03:10 11.25
20150920 03:20 11.25
20150920 03:30 11.25
20150920 03:40 11.125
20150920 03:50 11.125
20150920 04:00 11
20150920 04:10 11
20150920 04:20 11
20150920 04:30 11
20150920 04:40 11
20150920 04:50 11
20150920 05:00 11
20150920 05:10 11
20150920 05:20 11
20150920 05:30 11
20150920 05:40 10.75
20150920 05:50 10.5
20150920 06:00 10.25
20150920 06:10 10.25
20150920 06:20 10.125
20150920 06:30 10.25
20150920 06:40 10.3125
20150920 06:50 10.1875
20150920 07:00 10.0625
20150920 07:10 10
20150920 07:20 10
20150920 07:30 10
20150920 07:40 10
20150920 07:50 10.125
20150920 08:00 10.5
20150920 08:10 10.625
20150920 08:20 10.75
20150920 08:30 11
20150920 08:40 11
20150920 08:50 11.125
20150920 09:00 11.25
20150920 09:10 11.375
20150920 09:20 11.375
20150920 09:30 11.875
20150920 09:40 12
20150920 09:50 12.5
20150920 10:00 12.5
20150920 10:10 12.75
20150920 10:20 13
20150920 10:30 12.75
20150920 10:40 12.5
20150920 10:50 13.125
20150920 11:00 13.125
20150920 11:10 12.5
20150920 11:20 12.5
20150920 11:30 12.875
20150920 11:40 13.125
20150920 11:50 13.125
20150920 12:00 13.25
20150920 12:10 13.25
20150920 12:20 13.75
20150920 12:30 13.875
20150920 12:40 14
20150920 12:50 14.125
20150920 13:00 14.375
20150920 13:10 14.875
20150920 13:20 14.875
20150920 13:30 14.25
20150920 13:40 14.375
20150920 13:50 15.125
20150920 14:00 15.25
20150920 14:10 15
20150920 14:20 14.5
20150920 14:30 14.375
20150920 14:40 14.25
20150920 14:50 14.625
20150920 15:00 14.875
20150920 15:10 15.125
20150920 15:20 15.375
20150920 15:30 13.5
20150920 15:40 13.625
20150920 15:50 13.75
20150920 16:00 13.875
20150920 16:10 14.125
20150920 16:20 14.5
20150920 16:30 15.375
20150920 16:40 15.625
20150920 16:50 15
20150920 17:00 14.75
20150920 17:10 14.375
20150920 17:20 15.125
20150920 17:30 14.25
20150920 17:40 14
20150920 17:50 14
20150920 18:00 13.75
20150920 18:10 13.75
20150920 18:20 13.625
20150920 18:30 13.625
20150920 18:40 13.375
20150920 18:50 12.875
20150920 19:00 12.625
20150920 19:10 12.125
20150920 19:20 11.75
20150920 19:30 11.625
20150920 19:40 11.625
20150920 19:50 11.625
20150920 20:00 11.5
20150920 20:10 11.375
20150920 20:20 11.5
20150920 20:30 11.125
20150920 20:40 11.125
20150920 20:50 10.875
20150920 21:00 10.625
20150920 21:10 10.625
20150920 21:20 10.5
20150920 21:30 10.125
20150920 21:40 10.125
20150920 21:50 10.25
20150920 22:00 10.375
20150920 22:10 10.5
20150920 22:20 10.75
20150920 22:30 10.875
20150920 22:40 10.875
20150920 22:50 11.125
20150920 23:00 10.75
20150920 23:10 10.5
20150920 23:20 10.625
20150920 23:30 10.625
20150920 23:40 10
20150920 23:50 9.75
