YYYYMMDD HH:MM measured temperature
20151230 00:00 6.75
20151230 00:10 6.75
20151230 00:20 6.75
20151230 00:30 6.75
20151230 00:40 6.75
20151230 00:50 6.75
20151230 01:00 6.75
20151230 01:10 6.75
20151230 01:20 6.75
20151230 01:30 6.625
20151230 01:40 6.625
20151230 01:50 6.625
20151230 02:00 6.625
20151230 02:10 6.5
20151230 02:20 6.375
20151230 02:30 6.375
20151230 02:40 6.25
20151230 02:50 6.125
20151230 03:00 5.875
20151230 03:10 5.625
20151230 03:20 5.5
20151230 03:30 5.375
20151230 03:40 5.25
20151230 03:50 5.125
20151230 04:00 5
20151230 04:10 5
20151230 04:20 5.25
20151230 04:30 5.25
20151230 04:40 5.375
20151230 04:50 5.375
20151230 05:00 5.375
20151230 05:10 5.5
20151230 05:20 5.5
20151230 05:30 5.5
20151230 05:40 5.375
20151230 05:50 5.5
20151230 06:00 5.375
20151230 06:10 5.375
20151230 06:20 5.375
20151230 06:30 5.375
20151230 06:40 5.375
20151230 06:50 5.5
20151230 07:00 5.5
20151230 07:10 5.625
20151230 07:20 5.75
20151230 07:30 5.75
20151230 07:40 5.625
20151230 07:50 5.75
20151230 08:00 5.75
20151230 08:10 5.625
20151230 08:20 5.875
20151230 08:30 5.875
20151230 08:40 5.875
20151230 08:50 5.875
20151230 09:00 5.875
20151230 09:10 5.875
20151230 09:20 6
20151230 09:30 6
20151230 09:40 6.125
20151230 09:50 6.25
20151230 10:00 6.375
20151230 10:10 6.25
20151230 10:20 6.375
20151230 10:30 6.5
20151230 10:40 6.625
20151230 10:50 6.75
20151230 11:00 6.75
20151230 11:10 6.75
20151230 11:20 6.875
20151230 11:30 6.875
20151230 11:40 6.875
20151230 11:50 6.875
20151230 12:00 6.875
20151230 12:10 6.875
20151230 12:20 7.375
20151230 12:30 7.375
20151230 12:40 7.5
20151230 12:50 7.5
20151230 13:00 8.875
20151230 13:10 9.75
20151230 13:20 9.375
20151230 13:30 8.875
20151230 13:40 8
20151230 13:50 7.625
20151230 14:00 7.5
20151230 14:10 7.5
20151230 14:20 7.5
20151230 14:30 7.25
20151230 14:40 7.25
20151230 14:50 7.125
20151230 15:00 7.125
20151230 15:10 7.125
20151230 15:20 7.125
20151230 15:30 7
20151230 15:40 7
20151230 15:50 6.875
20151230 16:00 7
20151230 16:10 7.375
20151230 16:20 7
20151230 16:30 6.875
20151230 16:40 6.875
20151230 16:50 6.875
20151230 17:00 6.875
20151230 17:10 6.625
20151230 17:20 6.5
20151230 17:30 6.375
20151230 17:40 6.5
20151230 17:50 6.5
20151230 18:00 6.25
20151230 18:10 6.125
20151230 18:20 6
20151230 18:30 5.875
20151230 18:40 5.875
20151230 18:50 5.625
20151230 19:00 5.5
20151230 19:10 5.5
20151230 19:20 5.375
20151230 19:30 5.25
20151230 19:40 5.125
20151230 19:50 4.75
20151230 20:00 4.5
20151230 20:10 4.25
20151230 20:20 4
20151230 20:30 3.75
20151230 20:40 3.625
20151230 20:50 3.5
20151230 21:00 3.375
20151230 21:10 3.25
20151230 21:20 3.125
20151230 21:30 3
20151230 21:40 3.125
20151230 21:50 2.875
20151230 22:00 2.875
20151230 22:10 2.75
20151230 22:20 2.75
20151230 22:30 2.5
20151230 22:40 2.5
20151230 22:50 2.5
20151230 23:00 2.5
20151230 23:10 2.375
20151230 23:20 2.25
20151230 23:30 2.25
20151230 23:40 2.25
20151230 23:50 2.25
