YYYYMMDD HH:MM measured temperature
20150518 00:00 7.125
20150518 00:10 7.125
20150518 00:20 7.25
20150518 00:30 7
20150518 00:40 7.125
20150518 00:50 7.125
20150518 01:00 7.125
20150518 01:10 7.375
20150518 01:20 7.25
20150518 01:30 7.5
20150518 01:40 7.5
20150518 01:50 7.5
20150518 02:00 7.25
20150518 02:10 7.5
20150518 02:20 7.5
20150518 02:30 7.25
20150518 02:40 7.125
20150518 02:50 7.625
20150518 03:00 7.625
20150518 03:10 7.625
20150518 03:20 7.625
20150518 03:30 7.625
20150518 03:40 7.375
20150518 03:50 7.5
20150518 04:00 7.375
20150518 04:10 7.375
20150518 04:20 7.375
20150518 04:30 7.375
20150518 04:40 7.375
20150518 04:50 7.375
20150518 05:00 7.375
20150518 05:10 7.375
20150518 05:20 7.25
20150518 05:30 7.25
20150518 05:40 7.25
20150518 05:50 7.25
20150518 06:00 7.25
20150518 06:10 7.375
20150518 06:20 7.5
20150518 06:30 7.625
20150518 06:40 7.625
20150518 06:50 7.75
20150518 07:00 7.875
20150518 07:10 7.875
20150518 07:20 8.25
20150518 07:30 8.375
20150518 07:40 8.375
20150518 07:50 9
20150518 08:00 9.25
20150518 08:10 9.625
20150518 08:20 9.75
20150518 08:30 10
20150518 08:40 10.125
20150518 08:50 10.75
20150518 09:00 11.125
20150518 09:10 11.375
20150518 09:20 12
20150518 09:30 12.75
20150518 09:40 12.625
20150518 09:50 12.375
20150518 10:00 13
20150518 10:10 13.25
20150518 10:20 12.875
20150518 10:30 13.25
20150518 10:40 13.375
20150518 10:50 13.625
20150518 11:00 13.5
20150518 11:10 13.625
20150518 11:20 13.75
20150518 11:30 14.25
20150518 11:40 14.625
20150518 11:50 14.25
20150518 12:00 14.875
20150518 12:10 15
20150518 12:20 15.25
20150518 12:30 16
20150518 12:40 15.75
20150518 12:50 16
20150518 13:00 16.5
20150518 13:10 16.125
20150518 13:20 16.875
20150518 13:30 17.5
20150518 13:40 17.625
20150518 13:50 17.25
20150518 14:00 17.5
20150518 14:10 17.75
20150518 14:20 17.5
20150518 14:30 17.75
20150518 14:40 17.625
20150518 14:50 18.25
20150518 15:00 17.75
20150518 15:10 17.5
20150518 15:20 17.25
20150518 15:30 17.375
20150518 15:40 17.75
20150518 15:50 18.25
20150518 16:00 18
20150518 16:10 18.125
20150518 16:20 17.75
20150518 16:30 17.5
20150518 16:40 17.75
20150518 16:50 17.625
20150518 17:00 17.25
20150518 17:10 17.125
20150518 17:20 17.125
20150518 17:30 17.25
20150518 17:40 17.5
20150518 17:50 17.25
20150518 18:00 17.25
20150518 18:10 17.125
20150518 18:20 16.75
20150518 18:30 16.625
20150518 18:40 16.5
20150518 18:50 16.375
20150518 19:00 15.875
20150518 19:10 15.125
20150518 19:20 14.25
20150518 19:30 13.625
20150518 19:40 13
20150518 19:50 12.75
20150518 20:00 12.5
20150518 20:10 12.5
20150518 20:20 12.5
20150518 20:30 12.625
20150518 20:40 12.5
20150518 20:50 12.25
20150518 21:00 12.375
20150518 21:10 12.375
20150518 21:20 12
20150518 21:30 12
20150518 21:40 11.875
20150518 21:50 12
20150518 22:00 11.75
20150518 22:10 11.875
20150518 22:20 11.75
20150518 22:30 11.875
20150518 22:40 12.375
20150518 22:50 12.5
20150518 23:00 12.375
20150518 23:10 12.125
20150518 23:20 12
20150518 23:30 11.875
20150518 23:40 11.75
20150518 23:50 11.75
