YYYYMMDD HH:MM measured temperature
20150318 00:00 7.5
20150318 00:10 7.5
20150318 00:20 7.25
20150318 00:30 6.875
20150318 00:40 7.375
20150318 00:50 7.25
20150318 01:00 7.125
20150318 01:10 6.875
20150318 01:20 6.875
20150318 01:30 6.75
20150318 01:40 6.625
20150318 01:50 6.875
20150318 02:00 6.5
20150318 02:10 6.75
20150318 02:20 6.625
20150318 02:30 6.75
20150318 02:40 6.75
20150318 02:50 6.625
20150318 03:00 6.375
20150318 03:10 6.375
20150318 03:20 6.5
20150318 03:30 6.25
20150318 03:40 6.375
20150318 03:50 6
20150318 04:00 5.75
20150318 04:10 5.25
20150318 04:20 5.5
20150318 04:30 5.75
20150318 04:40 5.625
20150318 04:50 5.75
20150318 05:00 5.375
20150318 05:10 5
20150318 05:20 4.75
20150318 05:30 4.625
20150318 05:40 4.625
20150318 05:50 4.75
20150318 06:00 4.75
20150318 06:10 4.875
20150318 06:20 4.625
20150318 06:30 4.75
20150318 06:40 4.25
20150318 06:50 4.25
20150318 07:00 4.125
20150318 07:10 4.25
20150318 07:20 4.375
20150318 07:30 4
20150318 07:40 4.125
20150318 07:50 4
20150318 08:00 4.125
20150318 08:10 4.5
20150318 08:20 4.75
20150318 08:30 5
20150318 08:40 5.125
20150318 08:50 5.25
20150318 09:00 5.75
20150318 09:10 6.25
20150318 09:20 6.875
20150318 09:30 7.375
20150318 09:40 7.625
20150318 09:50 8
20150318 10:00 8.25
20150318 10:10 8.5
20150318 10:20 8.875
20150318 10:30 9.625
20150318 10:40 10
20150318 10:50 10.75
20150318 11:00 10.875
20150318 11:10 11.75
20150318 11:20 12.25
20150318 11:30 12.75
20150318 11:40 12.375
20150318 11:50 12.75
20150318 12:00 13
20150318 12:10 13.375
20150318 12:20 14.5
20150318 12:30 14.875
20150318 12:40 15.375
20150318 12:50 18
20150318 13:00 18.375
20150318 13:10 18.875
20150318 13:20 19.875
20150318 13:30 20.375
20150318 13:40 19.625
20150318 13:50 19.75
20150318 14:00 19.875
20150318 14:10 19.25
20150318 14:20 20.5
20150318 14:30 21.375
20150318 14:40 19.25
20150318 14:50 20.75
20150318 15:00 19
20150318 15:10 19.875
20150318 15:20 19.125
20150318 15:30 18.875
20150318 15:40 18.625
20150318 15:50 18.25
20150318 16:00 17.25
20150318 16:10 17.375
20150318 16:20 18
20150318 16:30 17.625
20150318 16:40 17.625
20150318 16:50 16.75
20150318 17:00 16.5
20150318 17:10 16.75
20150318 17:20 16.5
20150318 17:30 16.375
20150318 17:40 16.75
20150318 17:50 15.75
20150318 18:00 15.625
20150318 18:10 15.25
20150318 18:20 15.125
20150318 18:30 15
20150318 18:40 14.75
20150318 18:50 14.25
20150318 19:00 14.125
20150318 19:10 13.375
20150318 19:20 12.75
20150318 19:30 12.5
20150318 19:40 12.25
20150318 19:50 11.5
20150318 20:00 11
20150318 20:10 10.875
20150318 20:20 10.5
20150318 20:30 10.75
20150318 20:40 9.5
20150318 20:50 9.375
20150318 21:00 9.875
20150318 21:10 9.875
20150318 21:20 9.875
20150318 21:30 9.5
20150318 21:40 9.375
20150318 21:50 9.375
20150318 22:00 9.25
20150318 22:10 9
20150318 22:20 9
20150318 22:30 9.125
20150318 22:40 9.125
20150318 22:50 9.125
20150318 23:00 9
20150318 23:10 8.75
20150318 23:20 8.625
20150318 23:30 8.375
20150318 23:40 8.25
20150318 23:50 8.25
