YYYYMMDD HH:MM measured temperature
20151107 00:00 13.625
20151107 00:10 13.75
20151107 00:20 13.75
20151107 00:30 13.875
20151107 00:40 13.875
20151107 00:50 14
20151107 01:00 14
20151107 01:10 14.125
20151107 01:20 14.25
20151107 01:30 14.25
20151107 01:40 14.25
20151107 01:50 14.375
20151107 02:00 14.375
20151107 02:10 14.5
20151107 02:20 14.5
20151107 02:30 14.625
20151107 02:40 14.625
20151107 02:50 14.75
20151107 03:00 14.875
20151107 03:10 14.875
20151107 03:20 15
20151107 03:30 15
20151107 03:40 15.125
20151107 03:50 15.125
20151107 04:00 15.25
20151107 04:10 15.25
20151107 04:20 15.25
20151107 04:30 15.25
20151107 04:40 15.25
20151107 04:50 15.25
20151107 05:00 15.25
20151107 05:10 15.25
20151107 05:20 15.25
20151107 05:30 15.25
20151107 05:40 15.25
20151107 05:50 15.125
20151107 06:00 15.25
20151107 06:10 15.125
20151107 06:20 15.125
20151107 06:30 15
20151107 06:40 15
20151107 06:50 15
20151107 07:00 14.875
20151107 07:10 14.875
20151107 07:20 14.875
20151107 07:30 14.75
20151107 07:40 14.75
20151107 07:50 14.75
20151107 08:00 14.75
20151107 08:10 14.75
20151107 08:20 14.75
20151107 08:30 14.75
20151107 08:40 14.75
20151107 08:50 14.75
20151107 09:00 14.875
20151107 09:10 15
20151107 09:20 15
20151107 09:30 15
20151107 09:40 15
20151107 09:50 15
20151107 10:00 15.125
20151107 10:10 15.375
20151107 10:20 15.125
20151107 10:30 15.125
20151107 10:40 15.25
20151107 10:50 15.375
20151107 11:00 15.625
20151107 11:10 15.625
20151107 11:20 15.75
20151107 11:30 16
20151107 11:40 15.75
20151107 11:50 15.625
20151107 12:00 15.5
20151107 12:10 15.875
20151107 12:20 15.75
20151107 12:30 15.75
20151107 12:40 15.875
20151107 12:50 16
20151107 13:00 16.375
20151107 13:10 16.75
20151107 13:20 16.625
20151107 13:30 16.625
20151107 13:40 16.5
20151107 13:50 16.375
20151107 14:00 16.375
20151107 14:10 16.125
20151107 14:20 16.125
20151107 14:30 16.25
20151107 14:40 16.125
20151107 14:50 16
20151107 15:00 15.875
20151107 15:10 15.75
20151107 15:20 15.75
20151107 15:30 15.75
20151107 15:40 15.625
20151107 15:50 15.5
20151107 16:00 15.5
20151107 16:10 15.375
20151107 16:20 15.375
20151107 16:30 15.5
20151107 16:40 15.375
20151107 16:50 15.5
20151107 17:00 15.75
20151107 17:10 15.875
20151107 17:20 15.75
20151107 17:30 15.875
20151107 17:40 15.875
20151107 17:50 15.875
20151107 18:00 16
20151107 18:10 16
20151107 18:20 16
20151107 18:30 16.125
20151107 18:40 16.125
20151107 18:50 16.375
20151107 19:00 16.375
20151107 19:10 16.375
20151107 19:20 16.625
20151107 19:30 16.625
20151107 19:40 16.75
20151107 19:50 17
20151107 20:00 17
20151107 20:10 16.875
20151107 20:20 16.875
20151107 20:30 17.125
20151107 20:40 16.75
20151107 20:50 16.75
20151107 21:00 16.625
20151107 21:10 16.5
20151107 21:20 16.5
20151107 21:30 16.375
20151107 21:40 16.375
20151107 21:50 16.25
20151107 22:00 16.125
20151107 22:10 16.25
20151107 22:20 16.125
20151107 22:30 16
20151107 22:40 16.125
20151107 22:50 16
20151107 23:00 15.875
20151107 23:10 15.625
20151107 23:20 15.5
20151107 23:30 15.625
20151107 23:40 15.625
20151107 23:50 15.5
