YYYYMMDD HH:MM measured temperature
20151028 00:00 6.875
20151028 00:10 6.75
20151028 00:20 6.625
20151028 00:30 6.625
20151028 00:40 6.5
20151028 00:50 6.375
20151028 01:00 6.25
20151028 01:10 6.375
20151028 01:20 6.125
20151028 01:30 6
20151028 01:40 6
20151028 01:50 6.125
20151028 02:00 6.125
20151028 02:10 6
20151028 02:20 5.875
20151028 02:30 5.875
20151028 02:40 5.875
20151028 02:50 5.75
20151028 03:00 5.75
20151028 03:10 5.75
20151028 03:20 5.5
20151028 03:30 5.375
20151028 03:40 5.25
20151028 03:50 5.125
20151028 04:00 5.25
20151028 04:10 5.25
20151028 04:20 5.375
20151028 04:30 5.25
20151028 04:40 5.375
20151028 04:50 5.25
20151028 05:00 5.5
20151028 05:10 5.625
20151028 05:20 5.875
20151028 05:30 5.875
20151028 05:40 6.125
20151028 05:50 6.125
20151028 06:00 6.125
20151028 06:10 6.125
20151028 06:20 6.125
20151028 06:30 6.125
20151028 06:40 6
20151028 06:50 6
20151028 07:00 6.125
20151028 07:10 6.25
20151028 07:20 6.25
20151028 07:30 6.375
20151028 07:40 6.375
20151028 07:50 6.375
20151028 08:00 6.5
20151028 08:10 6.5
20151028 08:20 6.5
20151028 08:30 6.625
20151028 08:40 6.625
20151028 08:50 6.75
20151028 09:00 6.75
20151028 09:10 6.875
20151028 09:20 7
20151028 09:30 7
20151028 09:40 7.125
20151028 09:50 7.25
20151028 10:00 7.25
20151028 10:10 7.375
20151028 10:20 7.5
20151028 10:30 7.75
20151028 10:40 7.75
20151028 10:50 7.75
20151028 11:00 7.875
20151028 11:10 8
20151028 11:20 8
20151028 11:30 8.25
20151028 11:40 8.125
20151028 11:50 8.125
20151028 12:00 8.125
20151028 12:10 8.375
20151028 12:20 8.125
20151028 12:30 8.25
20151028 12:40 8.375
20151028 12:50 8.25
20151028 13:00 8.25
20151028 13:10 8.25
20151028 13:20 8.375
20151028 13:30 8.25
20151028 13:40 8.125
20151028 13:50 8.25
20151028 14:00 8.125
20151028 14:10 8.25
20151028 14:20 8.25
20151028 14:30 8.375
20151028 14:40 8.625
20151028 14:50 8.625
20151028 15:00 8.5
20151028 15:10 8.625
20151028 15:20 8.625
20151028 15:30 8.625
20151028 15:40 8.625
20151028 15:50 8.625
20151028 16:00 8.5
20151028 16:10 8.5
20151028 16:20 8.375
20151028 16:30 8.25
20151028 16:40 8.125
20151028 16:50 8.125
20151028 17:00 8
20151028 17:10 8.125
20151028 17:20 8
20151028 17:30 8
20151028 17:40 7.875
20151028 17:50 7.875
20151028 18:00 7.875
20151028 18:10 7.875
20151028 18:20 7.75
20151028 18:30 7.875
20151028 18:40 7.875
20151028 18:50 7.875
20151028 19:00 7.875
20151028 19:10 7.875
20151028 19:20 7.875
20151028 19:30 7.875
20151028 19:40 7.875
20151028 19:50 7.875
20151028 20:00 7.875
20151028 20:10 8
20151028 20:20 8
20151028 20:30 8
20151028 20:40 8
20151028 20:50 7.875
20151028 21:00 7.875
20151028 21:10 7.875
20151028 21:20 7.875
20151028 21:30 8
20151028 21:40 8
20151028 21:50 8
20151028 22:00 8
20151028 22:10 7.625
20151028 22:20 7.375
20151028 22:30 7.25
20151028 22:40 7.125
20151028 22:50 7
20151028 23:00 7
20151028 23:10 6.875
20151028 23:20 6.75
20151028 23:30 6.875
20151028 23:40 6.75
20151028 23:50 6.75
