YYYYMMDD HH:MM measured temperature
20150917 00:00 16
20150917 00:10 16
20150917 00:20 16
20150917 00:30 16
20150917 00:40 15.875
20150917 00:50 16
20150917 01:00 15.875
20150917 01:10 15.875
20150917 01:20 15.875
20150917 01:30 15.75
20150917 01:40 15.875
20150917 01:50 15.875
20150917 02:00 16.25
20150917 02:10 16.125
20150917 02:20 16.25
20150917 02:30 16.25
20150917 02:40 16.25
20150917 02:50 16.25
20150917 03:00 16.125
20150917 03:10 16
20150917 03:20 15.875
20150917 03:30 16
20150917 03:40 15.875
20150917 03:50 16
20150917 04:00 16.125
20150917 04:10 15.875
20150917 04:20 16.125
20150917 04:30 16
20150917 04:40 16
20150917 04:50 15.875
20150917 05:00 15.875
20150917 05:10 15.875
20150917 05:20 16
20150917 05:30 15.75
20150917 05:40 15.875
20150917 05:50 15.875
20150917 06:00 15.75
20150917 06:10 15.875
20150917 06:20 15.75
20150917 06:30 15.125
20150917 06:40 15
20150917 06:50 14.75
20150917 07:00 15.125
20150917 07:10 15.125
20150917 07:20 15.375
20150917 07:30 15.75
20150917 07:40 15.75
20150917 07:50 16
20150917 08:00 16.25
20150917 08:10 16.125
20150917 08:20 16.25
20150917 08:30 16.375
20150917 08:40 16.5
20150917 08:50 16.5
20150917 09:00 16.5
20150917 09:10 16.75
20150917 09:20 16.75
20150917 09:30 17
20150917 09:40 17.125
20150917 09:50 17.125
20150917 10:00 17.25
20150917 10:10 17.25
20150917 10:20 17.25
20150917 10:30 17.5
20150917 10:40 17.25
20150917 10:50 17.25
20150917 11:00 17.25
20150917 11:10 17.25
20150917 11:20 17.375
20150917 11:30 17.375
20150917 11:40 17.625
20150917 11:50 17.75
20150917 12:00 18
20150917 12:10 18.125
20150917 12:20 17.875
20150917 12:30 18.125
20150917 12:40 18.375
20150917 12:50 18.625
20150917 13:00 18.5
20150917 13:10 18.625
20150917 13:20 19.375
20150917 13:30 18.875
20150917 13:40 18.75
20150917 13:50 18.125
20150917 14:00 18.25
20150917 14:10 18.375
20150917 14:20 18.125
20150917 14:30 18
20150917 14:40 18
20150917 14:50 18
20150917 15:00 18.125
20150917 15:10 18.375
20150917 15:20 18.375
20150917 15:30 18.25
20150917 15:40 18.25
20150917 15:50 18.125
20150917 16:00 18
20150917 16:10 18
20150917 16:20 17.75
20150917 16:30 17.625
20150917 16:40 17.875
20150917 16:50 17.875
20150917 17:00 17.875
20150917 17:10 17.75
20150917 17:20 17.625
20150917 17:30 17.375
20150917 17:40 17.375
20150917 17:50 17.25
20150917 18:00 17.375
20150917 18:10 17.25
20150917 18:20 17.25
20150917 18:30 16.625
20150917 18:40 16
20150917 18:50 15.875
20150917 19:00 15.875
20150917 19:10 15.875
20150917 19:20 15.875
20150917 19:30 15.625
20150917 19:40 14.875
20150917 19:50 14.5
20150917 20:00 14.375
20150917 20:10 13.25
20150917 20:20 12.875
20150917 20:30 12.75
20150917 20:40 12.75
20150917 20:50 12.75
20150917 21:00 12.75
20150917 21:10 12.625
20150917 21:20 12.75
20150917 21:30 12.875
20150917 21:40 13.125
20150917 21:50 13.25
20150917 22:00 13.25
20150917 22:10 13.25
20150917 22:20 13.125
20150917 22:30 13.125
20150917 22:40 13.375
20150917 22:50 13.375
20150917 23:00 13.375
20150917 23:10 13.375
20150917 23:20 13.25
20150917 23:30 13.125
20150917 23:40 13
20150917 23:50 13
