YYYYMMDD HH:MM measured temperature
20150303 00:00 1.375
20150303 00:10 1.625
20150303 00:20 1.75
20150303 00:30 1.875
20150303 00:40 2
20150303 00:50 2.125
20150303 01:00 1.875
20150303 01:10 1.5
20150303 01:20 1.75
20150303 01:30 1.75
20150303 01:40 2
20150303 01:50 1.875
20150303 02:00 1.75
20150303 02:10 1.625
20150303 02:20 1.5
20150303 02:30 1.625
20150303 02:40 1.75
20150303 02:50 1.75
20150303 03:00 1.75
20150303 03:10 1.625
20150303 03:20 1.625
20150303 03:30 1.75
20150303 03:40 1.875
20150303 03:50 1.75
20150303 04:00 1.875
20150303 04:10 1.875
20150303 04:20 1.875
20150303 04:30 1.75
20150303 04:40 1.75
20150303 04:50 1.75
20150303 05:00 1.625
20150303 05:10 1.625
20150303 05:20 1.75
20150303 05:30 1.5
20150303 05:40 1.5
20150303 05:50 1.5
20150303 06:00 1.625
20150303 06:10 1.5
20150303 06:20 1.375
20150303 06:30 1.5
20150303 06:40 1.375
20150303 06:50 1.125
20150303 07:00 1.25
20150303 07:10 1.375
20150303 07:20 1.375
20150303 07:30 1.375
20150303 07:40 1.5
20150303 07:50 1.375
20150303 08:00 1.5
20150303 08:10 1.75
20150303 08:20 2
20150303 08:30 2.5
20150303 08:40 2.75
20150303 08:50 2.875
20150303 09:00 3.125
20150303 09:10 3.25
20150303 09:20 3.25
20150303 09:30 3.5
20150303 09:40 3.5
20150303 09:50 3.875
20150303 10:00 3.75
20150303 10:10 3.625
20150303 10:20 4.625
20150303 10:30 4.375
20150303 10:40 4.5
20150303 10:50 5.125
20150303 11:00 4.5
20150303 11:10 5
20150303 11:20 5.125
20150303 11:30 5.5
20150303 11:40 6.125
20150303 11:50 6.875
20150303 12:00 9.125
20150303 12:10 9.125
20150303 12:20 6.875
20150303 12:30 6.5
20150303 12:40 6.375
20150303 12:50 6.5
20150303 13:00 6.5
20150303 13:10 6.5
20150303 13:20 6.5
20150303 13:30 6.125
20150303 13:40 6.125
20150303 13:50 6
20150303 14:00 6
20150303 14:10 6.125
20150303 14:20 6.125
20150303 14:30 5.25
20150303 14:40 3.9375
20150303 14:50 3.875
20150303 15:00 4.125
20150303 15:10 4.625
20150303 15:20 4.625
20150303 15:30 4.375
20150303 15:40 3.875
20150303 15:50 4
20150303 16:00 4
20150303 16:10 3.875
20150303 16:20 3.875
20150303 16:30 3.625
20150303 16:40 3.5
20150303 16:50 3.375
20150303 17:00 3.375
20150303 17:10 3.375
20150303 17:20 3.375
20150303 17:30 3.375
20150303 17:40 3.5
20150303 17:50 3.5
20150303 18:00 3.75
20150303 18:10 3.875
20150303 18:20 3.875
20150303 18:30 3.875
20150303 18:40 4
20150303 18:50 4
20150303 19:00 4.125
20150303 19:10 4
20150303 19:20 4
20150303 19:30 4
20150303 19:40 4
20150303 19:50 3.875
20150303 20:00 3.75
20150303 20:10 3.375
20150303 20:20 3.125
20150303 20:30 2.875
20150303 20:40 2.5
20150303 20:50 2.375
20150303 21:00 2.125
20150303 21:10 2
20150303 21:20 2
20150303 21:30 2
20150303 21:40 1.875
20150303 21:50 1.75
20150303 22:00 1.75
20150303 22:10 1.75
20150303 22:20 1.875
20150303 22:30 2
20150303 22:40 2.375
20150303 22:50 2.375
20150303 23:00 2.25
20150303 23:10 2
20150303 23:20 2
20150303 23:30 1.75
20150303 23:40 1.625
20150303 23:50 1.5
