YYYYMMDD HH:MM measured temperature
20150107 00:00 2.75
20150107 00:10 2.875
20150107 00:20 2.625
20150107 00:30 2.5
20150107 00:40 2.375
20150107 00:50 2.375
20150107 01:00 2.3125
20150107 01:10 2.5
20150107 01:20 2.5
20150107 01:30 2.5625
20150107 01:40 2.5625
20150107 01:50 2.625
20150107 02:00 2.75
20150107 02:10 2.875
20150107 02:20 2.9375
20150107 02:30 3
20150107 02:40 3.0625
20150107 02:50 3.1875
20150107 03:00 3.1875
20150107 03:10 3.1875
20150107 03:20 3.25
20150107 03:30 3.375
20150107 03:40 3.4375
20150107 03:50 3.5
20150107 04:00 3.6875
20150107 04:10 3.8125
20150107 04:20 3.9375
20150107 04:30 4
20150107 04:40 4.125
20150107 04:50 4.1875
20150107 05:00 4.3125
20150107 05:10 4.375
20150107 05:20 4.5
20150107 05:30 4.625
20150107 05:40 4.625
20150107 05:50 4.625
20150107 06:00 4.5625
20150107 06:10 4.375
20150107 06:20 4.375
20150107 06:30 4.5
20150107 06:40 4.625
20150107 06:50 4.6875
20150107 07:00 4.8125
20150107 07:10 4.8125
20150107 07:20 4.8125
20150107 07:30 4.5
20150107 07:40 4
20150107 07:50 3.625
20150107 08:00 3.375
20150107 08:10 3.1875
20150107 08:20 3.0625
20150107 08:30 3.0625
20150107 08:40 3.25
20150107 08:50 3.4375
20150107 09:00 3.375
20150107 09:10 3.5625
20150107 09:20 3.5625
20150107 09:30 3.5
20150107 09:40 3.5625
20150107 09:50 3.6875
20150107 10:00 3.875
20150107 10:10 4
20150107 10:20 4.125
20150107 10:30 4.3125
20150107 10:40 4.625
20150107 10:50 6
20150107 11:00 7.6875
20150107 11:10 8.5
20150107 11:20 8.5625
20150107 11:30 9.5
20150107 11:40 9.1875
20150107 11:50 9.5
20150107 12:00 9.3125
20150107 12:10 8.5625
20150107 12:20 8.75
20150107 12:30 8
20150107 12:40 7.3125
20150107 12:50 7.9375
20150107 13:00 7.5625
20150107 13:10 11.125
20150107 13:20 10.125
20150107 13:30 7.625
20150107 13:40 7.3125
20150107 13:50 8.5
20150107 14:00 8.375
20150107 14:10 9.5625
20150107 14:20 8.625
20150107 14:30 6.8125
20150107 14:40 6.625
20150107 14:50 6.25
20150107 15:00 6.25
20150107 15:10 6
20150107 15:20 5.875
20150107 15:30 5.8125
20150107 15:40 5.5
20150107 15:50 5.25
20150107 16:00 5.125
20150107 16:10 5
20150107 16:20 4.625
20150107 16:30 4.625
20150107 16:40 4.75
20150107 16:50 4.75
20150107 17:00 4.875
20150107 17:10 4.75
20150107 17:20 4.8125
20150107 17:30 4.8125
20150107 17:40 4.8125
20150107 17:50 4.875
20150107 18:00 4.875
20150107 18:10 4.8125
20150107 18:20 5
20150107 18:30 4.875
20150107 18:40 4.9375
20150107 18:50 5
20150107 19:00 5.125
20150107 19:10 5
20150107 19:20 5
20150107 19:30 4.875
20150107 19:40 4.9375
20150107 19:50 4.875
20150107 20:00 4.8125
20150107 20:10 4.75
20150107 20:20 4.5
20150107 20:30 4.25
20150107 20:40 4.375
20150107 20:50 4.375
20150107 21:00 4.375
20150107 21:10 4.3125
20150107 21:20 4.3125
20150107 21:30 4.25
20150107 21:40 4.375
20150107 21:50 4.25
20150107 22:00 4.375
20150107 22:10 4.375
20150107 22:20 4.375
20150107 22:30 4.25
20150107 22:40 4.125
20150107 22:50 4.0625
20150107 23:00 4.25
20150107 23:10 4.25
20150107 23:20 4.25
20150107 23:30 4.25
20150107 23:40 4.25
20150107 23:50 4.25
