YYYYMMDD HH:MM measured temperature
20151101 00:00 6.5
20151101 00:10 6.375
20151101 00:20 6
20151101 00:30 5.75
20151101 00:40 6.125
20151101 00:50 5.5
20151101 01:00 5.25
20151101 01:10 4.875
20151101 01:20 5
20151101 01:30 5
20151101 01:40 4.875
20151101 01:50 4.75
20151101 01:00 4.5
20151101 01:10 4.5
20151101 01:20 4.25
20151101 01:30 4.375
20151101 01:40 4.25
20151101 01:50 4.25
20151101 02:00 4.5
20151101 02:10 4.125
20151101 02:20 4
20151101 02:30 4.125
20151101 02:40 4.25
20151101 02:50 4
20151101 03:00 3.625
20151101 03:10 4.125
20151101 03:20 4.375
20151101 03:30 4.5
20151101 03:40 4.5
20151101 03:50 4.375
20151101 04:00 4.5
20151101 04:10 4.5
20151101 04:20 4.625
20151101 04:30 4.75
20151101 04:40 4.5
20151101 04:50 4.25
20151101 05:00 4.625
20151101 05:10 4.125
20151101 05:20 4.75
20151101 05:30 4.25
20151101 05:40 3.875
20151101 05:50 3.75
20151101 06:00 3.875
20151101 06:10 3.75
20151101 06:20 3.625
20151101 06:30 3.75
20151101 06:40 3.625
20151101 06:50 3.25
20151101 07:00 4.625
20151101 07:10 4.75
20151101 07:20 4.125
20151101 07:30 4
20151101 07:40 4
20151101 07:50 3.625
20151101 08:00 3.75
20151101 08:10 3.625
20151101 08:20 3.75
20151101 08:30 4.375
20151101 08:40 4.75
20151101 08:50 5.375
20151101 09:00 5.875
20151101 09:10 6.25
20151101 09:20 6.625
20151101 09:30 6.875
20151101 09:40 7.25
20151101 09:50 7.625
20151101 10:00 8.125
20151101 10:10 8.375
20151101 10:20 8.75
20151101 10:30 9.375
20151101 10:40 9.875
20151101 10:50 10.125
20151101 11:00 10.5
20151101 11:10 10.625
20151101 11:20 10.75
20151101 11:30 11.375
20151101 11:40 11.625
20151101 11:50 11.75
20151101 12:00 12
20151101 12:10 12.125
20151101 12:20 12.5
20151101 12:30 13.25
20151101 12:40 13.5
20151101 12:50 13.75
20151101 13:00 13.875
20151101 13:10 13.375
20151101 13:20 14
20151101 13:30 13.25
20151101 13:40 13.625
20151101 13:50 14.25
20151101 14:00 14.25
20151101 14:10 14.375
20151101 14:20 14.75
20151101 14:30 14.375
20151101 14:40 14.125
20151101 14:50 13.75
20151101 15:00 13.5
20151101 15:10 13.625
20151101 15:20 13.25
20151101 15:30 12.875
20151101 15:40 12.75
20151101 15:50 12.5
20151101 16:00 11.875
20151101 16:10 11.5
20151101 16:20 11
20151101 16:30 10.625
20151101 16:40 10
20151101 16:50 9.625
20151101 17:00 9.125
20151101 17:10 8.875
20151101 17:20 9.375
20151101 17:30 8.5
20151101 17:40 8.75
20151101 17:50 8.375
20151101 18:00 8.125
20151101 18:10 8.25
20151101 18:20 7.75
20151101 18:30 7.5
20151101 18:40 7.5
20151101 18:50 7.125
20151101 19:00 6.875
20151101 19:10 6.5
20151101 19:20 6.375
20151101 19:30 6.625
20151101 19:40 5.875
20151101 19:50 5.875
20151101 20:00 5.5
20151101 20:10 5.5
20151101 20:20 5.25
20151101 20:30 5.125
20151101 20:40 5.125
20151101 20:50 5
20151101 21:00 4.75
20151101 21:10 4.75
20151101 21:20 5.125
20151101 21:30 5.375
20151101 21:40 5.625
20151101 21:50 5.75
20151101 22:00 5.625
20151101 22:10 5.625
20151101 22:20 5.625
20151101 22:30 5.5
20151101 22:40 5.375
20151101 22:50 5.125
20151101 23:00 5.125
20151101 23:10 4.875
20151101 23:20 5
20151101 23:30 5.25
20151101 23:40 4.75
20151101 23:50 5
