YYYYMMDD HH:MM measured temperature
20150326 00:00 7.375
20150326 00:10 7.125
20150326 00:20 7.125
20150326 00:30 7
20150326 00:40 6.875
20150326 00:50 6.75
20150326 01:00 6.75
20150326 01:10 6.5
20150326 01:20 6.375
20150326 01:30 6.25
20150326 01:40 6.125
20150326 01:50 6.125
20150326 02:00 6.125
20150326 02:10 6
20150326 02:20 6
20150326 02:30 5.875
20150326 02:40 5.875
20150326 02:50 6
20150326 03:00 5.875
20150326 03:10 5.875
20150326 03:20 5.875
20150326 03:30 5.75
20150326 03:40 5.625
20150326 03:50 5.625
20150326 04:00 5.5
20150326 04:10 5.5
20150326 04:20 5.5
20150326 04:30 5.5
20150326 04:40 5.25
20150326 04:50 5.25
20150326 05:00 5.125
20150326 05:10 5
20150326 05:20 4.875
20150326 05:30 4.875
20150326 05:40 4.75
20150326 05:50 4.75
20150326 06:00 4.75
20150326 06:10 4.625
20150326 06:20 4.625
20150326 06:30 4.625
20150326 06:40 4.5
20150326 06:50 4.5
20150326 07:00 4.5
20150326 07:10 4.5
20150326 07:20 4.5
20150326 07:30 4.375
20150326 07:40 4.375
20150326 07:50 4.25
20150326 08:00 4.375
20150326 08:10 4.25
20150326 08:20 4.375
20150326 08:30 4.5
20150326 08:40 4.375
20150326 08:50 4.5
20150326 09:00 4.5
20150326 09:10 4.625
20150326 09:20 4.75
20150326 09:30 4.75
20150326 09:40 5
20150326 09:50 5.125
20150326 10:00 5.25
20150326 10:10 5.625
20150326 10:20 5.625
20150326 10:30 5.625
20150326 10:40 6
20150326 10:50 6.5
20150326 11:00 6.25
20150326 11:10 6.5
20150326 11:20 6.75
20150326 11:30 6.5
20150326 11:40 6.375
20150326 11:50 7
20150326 12:00 7
20150326 12:10 6.875
20150326 12:20 6.75
20150326 12:30 6.875
20150326 12:40 6.875
20150326 12:50 7.25
20150326 13:00 7
20150326 13:10 7
20150326 13:20 7.25
20150326 13:30 7.375
20150326 13:40 7.375
20150326 13:50 7.375
20150326 14:00 7.875
20150326 14:10 7.25
20150326 14:20 7.5
20150326 14:30 7.75
20150326 14:40 7.5
20150326 14:50 9
20150326 15:00 7.875
20150326 15:10 7.75
20150326 15:20 7.75
20150326 15:30 7.75
20150326 15:40 7.75
20150326 15:50 7.375
20150326 16:00 7.25
20150326 16:10 8.375
20150326 16:20 8.5
20150326 16:30 8.125
20150326 16:40 8.375
20150326 16:50 8.125
20150326 17:00 8.125
20150326 17:10 7.875
20150326 17:20 7.75
20150326 17:30 7.875
20150326 17:40 7.75
20150326 17:50 7.75
20150326 18:00 7.625
20150326 18:10 7.75
20150326 18:20 7.75
20150326 18:30 7.75
20150326 18:40 7.625
20150326 18:50 7.5
20150326 19:00 7.5
20150326 19:10 7.375
20150326 19:20 7.375
20150326 19:30 7.375
20150326 19:40 7.25
20150326 19:50 7.125
20150326 20:00 7
20150326 20:10 6.875
20150326 20:20 6.875
20150326 20:30 6.75
20150326 20:40 6.375
20150326 20:50 6.25
20150326 21:00 5.5
20150326 21:10 5.25
20150326 21:20 5.125
20150326 21:30 5
20150326 21:40 4.875
20150326 21:50 4.875
20150326 22:00 4.875
20150326 22:10 4.75
20150326 22:20 5
20150326 22:30 4.875
20150326 22:40 4.875
20150326 22:50 4.75
20150326 23:00 4.75
20150326 23:10 4.625
20150326 23:20 4.625
20150326 23:30 4.625
20150326 23:40 4.625
20150326 23:50 4.625
