YYYYMMDD HH:MM measured temperature
20150718 00:00 18.5
20150718 00:10 18
20150718 00:20 18.125
20150718 00:30 18
20150718 00:40 18
20150718 00:50 17.625
20150718 01:00 17.5
20150718 01:10 17.5
20150718 01:20 17.75
20150718 01:30 18
20150718 01:40 18
20150718 01:50 18.125
20150718 02:00 18
20150718 02:10 17.875
20150718 02:20 17.875
20150718 02:30 17.875
20150718 02:40 17.875
20150718 02:50 18
20150718 03:00 17.625
20150718 03:10 17.75
20150718 03:20 17.875
20150718 03:30 17.75
20150718 03:40 18.25
20150718 03:50 18.25
20150718 04:00 18.125
20150718 04:10 18
20150718 04:20 17.75
20150718 04:30 17.5
20150718 04:40 17.5
20150718 04:50 17.625
20150718 05:00 17.625
20150718 05:10 17.625
20150718 05:20 17.5
20150718 05:30 17.5
20150718 05:40 17.375
20150718 05:50 17
20150718 06:00 16.875
20150718 06:10 16.875
20150718 06:20 16.75
20150718 06:30 16.875
20150718 06:40 16.75
20150718 06:50 16.75
20150718 07:00 16.75
20150718 07:10 17
20150718 07:20 17
20150718 07:30 17.125
20150718 07:40 17.25
20150718 07:50 17.5
20150718 08:00 18.25
20150718 08:10 17.875
20150718 08:20 18.125
20150718 08:30 19
20150718 08:40 18.625
20150718 08:50 18.5
20150718 09:00 18.375
20150718 09:10 18.5
20150718 09:20 18.5
20150718 09:30 18.375
20150718 09:40 19.5
20150718 09:50 20.125
20150718 10:00 20
20150718 10:10 19.625
20150718 10:20 20.75
20150718 10:30 21
20150718 10:40 21.375
20150718 10:50 21.375
20150718 11:00 21.375
20150718 11:10 21.625
20150718 11:20 23.125
20150718 11:30 22
20150718 11:40 21.375
20150718 11:50 21.375
20150718 12:00 22.125
20150718 12:10 21.25
20150718 12:20 22.125
20150718 12:30 21.5
20150718 12:40 22.375
20150718 12:50 22.25
20150718 13:00 22.875
20150718 13:10 23.5
20150718 13:20 23.125
20150718 13:30 22.5
20150718 13:40 22.625
20150718 13:50 23.75
20150718 14:00 21.75
20150718 14:10 23.625
20150718 14:20 22.125
20150718 14:30 22.5
20150718 14:40 23.625
20150718 14:50 24.125
20150718 15:00 22.75
20150718 15:10 23.375
20150718 15:20 22.75
20150718 15:30 23.5
20150718 15:40 22.625
20150718 15:50 22
20150718 16:00 21.875
20150718 16:10 23.5
20150718 16:20 22.375
20150718 16:30 22.5
20150718 16:40 22.875
20150718 16:50 23
20150718 17:00 23
20150718 17:10 22.875
20150718 17:20 22
20150718 17:30 22.25
20150718 17:40 22.25
20150718 17:50 22.375
20150718 18:00 22
20150718 18:10 21.625
20150718 18:20 21.125
20150718 18:30 21.625
20150718 18:40 20.875
20150718 18:50 21.125
20150718 19:00 21
20150718 19:10 19.875
20150718 19:20 19.75
20150718 19:30 20
20150718 19:40 19.875
20150718 19:50 19.5
20150718 20:00 19.25
20150718 20:10 18.625
20150718 20:20 18.25
20150718 20:30 18
20150718 20:40 17.75
20150718 20:50 17.625
20150718 21:00 17.375
20150718 21:10 17.125
20150718 21:20 16.75
20150718 21:30 16.25
20150718 21:40 16
20150718 21:50 15.625
20150718 22:00 15.5
20150718 22:10 15.25
20150718 22:20 15
20150718 22:30 14.875
20150718 22:40 14.75
20150718 22:50 14.5
20150718 23:00 14
20150718 23:10 13.75
20150718 23:20 13.625
20150718 23:30 13.375
20150718 23:40 13.375
20150718 23:50 13.125
