YYYYMMDD HH:MM measured temperature
20150412 00:00 5
20150412 00:10 5
20150412 00:20 5
20150412 00:30 5
20150412 00:40 5
20150412 00:50 5
20150412 01:00 4.875
20150412 01:10 4.875
20150412 01:20 5
20150412 01:30 5.125
20150412 01:40 5.125
20150412 01:50 5.125
20150412 02:00 5.25
20150412 02:10 5.125
20150412 02:20 5.25
20150412 02:30 5.25
20150412 02:40 5.25
20150412 02:50 5.25
20150412 03:00 5.25
20150412 03:10 5.25
20150412 03:20 5.25
20150412 03:30 5.375
20150412 03:40 5.375
20150412 03:50 5.375
20150412 04:00 5.375
20150412 04:10 5.25
20150412 04:20 5.125
20150412 04:30 5.125
20150412 04:40 5.125
20150412 04:50 5
20150412 05:00 4.75
20150412 05:10 4.875
20150412 05:20 4.5
20150412 05:30 4.625
20150412 05:40 4.5
20150412 05:50 4.5
20150412 06:00 4.625
20150412 06:10 4.5
20150412 06:20 4.5
20150412 06:30 4.5
20150412 06:40 4.5
20150412 06:50 4.5
20150412 07:00 4.625
20150412 07:10 4.625
20150412 07:20 4.75
20150412 07:30 4.75
20150412 07:40 4.875
20150412 07:50 5.125
20150412 08:00 5.25
20150412 08:10 5.5
20150412 08:20 5.75
20150412 08:30 5.875
20150412 08:40 6.375
20150412 08:50 6.625
20150412 09:00 7
20150412 09:10 7.375
20150412 09:20 7.625
20150412 09:30 7.875
20150412 09:40 8.375
20150412 09:50 8.875
20150412 10:00 9.5
20150412 10:10 9.75
20150412 10:20 9.875
20150412 10:30 11
20150412 10:40 10.75
20150412 10:50 11.25
20150412 11:00 11.125
20150412 11:10 12
20150412 11:20 12.125
20150412 11:30 12.5
20150412 11:40 13
20150412 11:50 12.625
20150412 12:00 13.5
20150412 12:10 13.875
20150412 12:20 13.5
20150412 12:30 15
20150412 12:40 14.25
20150412 12:50 14.375
20150412 13:00 15.25
20150412 13:10 15
20150412 13:20 14.5
20150412 13:30 15.25
20150412 13:40 15.875
20150412 13:50 15.75
20150412 14:00 15.125
20150412 14:10 15.875
20150412 14:20 15.75
20150412 14:30 16.25
20150412 14:40 16.5
20150412 14:50 15.75
20150412 15:00 15.875
20150412 15:10 15.375
20150412 15:20 14.625
20150412 15:30 14.25
20150412 15:40 13.875
20150412 15:50 15.25
20150412 16:00 15.25
20150412 16:10 14.125
20150412 16:20 14.75
20150412 16:30 14.75
20150412 16:40 14.75
20150412 16:50 14.375
20150412 17:00 14.25
20150412 17:10 14.5
20150412 17:20 14.25
20150412 17:30 15.125
20150412 17:40 14.5
20150412 17:50 13.875
20150412 18:00 13.875
20150412 18:10 14
20150412 18:20 13.75
20150412 18:30 13.875
20150412 18:40 13.25
20150412 18:50 13.5
20150412 19:00 13.375
20150412 19:10 13.125
20150412 19:20 13
20150412 19:30 12.875
20150412 19:40 12.625
20150412 19:50 12.375
20150412 20:00 12
20150412 20:10 12
20150412 20:20 11.625
20150412 20:30 11.375
20150412 20:40 11.125
20150412 20:50 11.125
20150412 21:00 11.125
20150412 21:10 11
20150412 21:20 10.875
20150412 21:30 11
20150412 21:40 11.25
20150412 21:50 11.125
20150412 22:00 11.25
20150412 22:10 11.125
20150412 22:20 11.25
20150412 22:30 11
20150412 22:40 11
20150412 22:50 11
20150412 23:00 11
20150412 23:10 11.25
20150412 23:20 11.25
20150412 23:30 11.375
20150412 23:40 11.5
20150412 23:50 11.5
