YYYYMMDD HH:MM measured temperature
20151006 00:00 12.5
20151006 00:10 12.625
20151006 00:20 12.625
20151006 00:30 12.75
20151006 00:40 12.875
20151006 00:50 12.75
20151006 01:00 12.75
20151006 01:10 12.625
20151006 01:20 12.625
20151006 01:30 12.75
20151006 01:40 12.75
20151006 01:50 12.25
20151006 02:00 12.25
20151006 02:10 12
20151006 02:20 12.125
20151006 02:30 12.125
20151006 02:40 12.125
20151006 02:50 12.125
20151006 03:00 12
20151006 03:10 12
20151006 03:20 11.875
20151006 03:30 12
20151006 03:40 11.875
20151006 03:50 11.875
20151006 04:00 11.875
20151006 04:10 11.75
20151006 04:20 11.75
20151006 04:30 11.75
20151006 04:40 11.875
20151006 04:50 11.75
20151006 05:00 11.5
20151006 05:10 11.5
20151006 05:20 11.375
20151006 05:30 11.5
20151006 05:40 11.625
20151006 05:50 11.5
20151006 06:00 11.625
20151006 06:10 11.625
20151006 06:20 11.75
20151006 06:30 11.625
20151006 06:40 11.625
20151006 06:50 11.75
20151006 07:00 11.625
20151006 07:10 11.625
20151006 07:20 11.5
20151006 07:30 11.5
20151006 07:40 11.5
20151006 07:50 11.5
20151006 08:00 11.5
20151006 08:10 11.625
20151006 08:20 11.75
20151006 08:30 11.75
20151006 08:40 11.875
20151006 08:50 11.875
20151006 09:00 11.875
20151006 09:10 11.875
20151006 09:20 12
20151006 09:30 12.25
20151006 09:40 12.25
20151006 09:50 12.375
20151006 10:00 12.5
20151006 10:10 12.75
20151006 10:20 12.75
20151006 10:30 13
20151006 10:40 13.25
20151006 10:50 13.25
20151006 11:00 13.375
20151006 11:10 13.25
20151006 11:20 13.25
20151006 11:30 13.5
20151006 11:40 13.75
20151006 11:50 13.75
20151006 12:00 13.875
20151006 12:10 13.75
20151006 12:20 14
20151006 12:30 14
20151006 12:40 14.25
20151006 12:50 13.875
20151006 13:00 13.625
20151006 13:10 13.375
20151006 13:20 13.25
20151006 13:30 13.125
20151006 13:40 13.375
20151006 13:50 13.5
20151006 14:00 13.5
20151006 14:10 13.5
20151006 14:20 13.625
20151006 14:30 13.875
20151006 14:40 13.625
20151006 14:50 13.625
20151006 15:00 13.875
20151006 15:10 13.75
20151006 15:20 13.625
20151006 15:30 13.625
20151006 15:40 13.875
20151006 15:50 14.375
20151006 16:00 15
20151006 16:10 14.875
20151006 16:20 14.75
20151006 16:30 14.625
20151006 16:40 14.5
20151006 16:50 14.375
20151006 17:00 14.5
20151006 17:10 14.625
20151006 17:20 14.75
20151006 17:30 14.75
20151006 17:40 14.75
20151006 17:50 14.875
20151006 18:00 14.625
20151006 18:10 14.5
20151006 18:20 14.5
20151006 18:30 14.25
20151006 18:40 14.125
20151006 18:50 14.25
20151006 19:00 14.25
20151006 19:10 14.125
20151006 19:20 14
20151006 19:30 13.875
20151006 19:40 13.875
20151006 19:50 14
20151006 20:00 14
20151006 20:10 14
20151006 20:20 14
20151006 20:30 14
20151006 20:40 14
20151006 20:50 13.875
20151006 21:00 14
20151006 21:10 14
20151006 21:20 13.875
20151006 21:30 13.875
20151006 21:40 13.75
20151006 21:50 13.5
20151006 22:00 13.5
20151006 22:10 13.375
20151006 22:20 13.25
20151006 22:30 13.125
20151006 22:40 13
20151006 22:50 13
20151006 23:00 12.875
20151006 23:10 13
20151006 23:20 13.125
20151006 23:30 13.25
20151006 23:40 13.25
20151006 23:50 13.375
