YYYYMMDD HH:MM measured temperature
20150909 00:00 11.375
20150909 00:10 10.875
20150909 00:20 10.625
20150909 00:30 10.5
20150909 00:40 10.5
20150909 00:50 10.125
20150909 01:00 10.125
20150909 01:10 10
20150909 01:20 9.75
20150909 01:30 9.625
20150909 01:40 9.625
20150909 01:50 9.5
20150909 02:00 9.375
20150909 02:10 9.25
20150909 02:20 9.25
20150909 02:30 9.125
20150909 02:40 8.875
20150909 02:50 9.375
20150909 03:00 9.5
20150909 03:10 9.375
20150909 03:20 9.125
20150909 03:30 8.875
20150909 03:40 8.625
20150909 03:50 8.625
20150909 04:00 8.5
20150909 04:10 8.375
20150909 04:20 8.5
20150909 04:30 8.25
20150909 04:40 8
20150909 04:50 8
20150909 05:00 7.875
20150909 05:10 7.625
20150909 05:20 7.625
20150909 05:30 7.625
20150909 05:40 7.5
20150909 05:50 7.5
20150909 06:00 7.5
20150909 06:10 7.375
20150909 06:20 7.375
20150909 06:30 7.25
20150909 06:40 7.25
20150909 06:50 7.125
20150909 07:00 7.125
20150909 07:10 7.375
20150909 07:20 7.375
20150909 07:30 7.5
20150909 07:40 7.625
20150909 07:50 7.75
20150909 08:00 8
20150909 08:10 8.25
20150909 08:20 8.75
20150909 08:30 9.375
20150909 08:40 9.75
20150909 08:50 10.625
20150909 09:00 11
20150909 09:10 11.625
20150909 09:20 12
20150909 09:30 12.5
20150909 09:40 13.125
20150909 09:50 13.625
20150909 10:00 14
20150909 10:10 14.375
20150909 10:20 14.625
20150909 10:30 15.25
20150909 10:40 15.625
20150909 10:50 15.75
20150909 11:00 16
20150909 11:10 16.25
20150909 11:20 16.875
20150909 11:30 16.5
20150909 11:40 16
20150909 11:50 16.625
20150909 12:00 17.125
20150909 12:10 17
20150909 12:20 17.125
20150909 12:30 16.75
20150909 12:40 18.25
20150909 12:50 18.875
20150909 13:00 19.25
20150909 13:10 19
20150909 13:20 19.25
20150909 13:30 19.25
20150909 13:40 18
20150909 13:50 18
20150909 14:00 18
20150909 14:10 18.5
20150909 14:20 19.25
20150909 14:30 18.875
20150909 14:40 20
20150909 14:50 20.25
20150909 15:00 20.125
20150909 15:10 20.25
20150909 15:20 21.25
20150909 15:30 19.875
20150909 15:40 17.75
20150909 15:50 18.875
20150909 16:00 17.625
20150909 16:10 17.25
20150909 16:20 18.25
20150909 16:30 17.25
20150909 16:40 16.5
20150909 16:50 17
20150909 17:00 18.875
20150909 17:10 18.5
20150909 17:20 17.5
20150909 17:30 16.625
20150909 17:40 16.375
20150909 17:50 18.125
20150909 18:00 18.25
20150909 18:10 17.5
20150909 18:20 16.75
20150909 18:30 16.375
20150909 18:40 16.125
20150909 18:50 15.625
20150909 19:00 14.875
20150909 19:10 14.625
20150909 19:20 14.625
20150909 19:30 14.25
20150909 19:40 13.75
20150909 19:50 13.25
20150909 20:00 12.875
20150909 20:10 12.75
20150909 20:20 12.375
20150909 20:30 12.25
20150909 20:40 11.875
20150909 20:50 11.625
20150909 21:00 11.75
20150909 21:10 11.5
20150909 21:20 11.375
20150909 21:30 11.25
20150909 21:40 11
20150909 21:50 10.875
20150909 22:00 10.875
20150909 22:10 10.75
20150909 22:20 10.75
20150909 22:30 10.75
20150909 22:40 10.75
20150909 22:50 10.25
20150909 23:00 10.25
20150909 23:10 10.125
20150909 23:20 10
20150909 23:30 10
20150909 23:40 9.875
20150909 23:50 9.75
