YYYYMMDD HH:MM measured temperature
20151016 00:00 6
20151016 00:10 6.125
20151016 00:20 6.125
20151016 00:30 6.125
20151016 00:40 6.25
20151016 00:50 6.125
20151016 01:00 6.125
20151016 01:10 6.25
20151016 01:20 6.25
20151016 01:30 6.25
20151016 01:40 6.25
20151016 01:50 6.25
20151016 02:00 6.25
20151016 02:10 6.25
20151016 02:20 6.25
20151016 02:30 6.25
20151016 02:40 6.25
20151016 02:50 6.5
20151016 03:00 6.375
20151016 03:10 6.375
20151016 03:20 6.375
20151016 03:30 6.375
20151016 03:40 6.375
20151016 03:50 6.5
20151016 04:00 6.5
20151016 04:10 6.375
20151016 04:20 6.5
20151016 04:30 6.5
20151016 04:40 6.5
20151016 04:50 6.5
20151016 05:00 6.5
20151016 05:10 6.5
20151016 05:20 6.625
20151016 05:30 6.625
20151016 05:40 6.5
20151016 05:50 6.5
20151016 06:00 6.625
20151016 06:10 6.5
20151016 06:20 6.5
20151016 06:30 6.625
20151016 06:40 6.5
20151016 06:50 6.5
20151016 07:00 6.5
20151016 07:10 6.5
20151016 07:20 6.625
20151016 07:30 6.625
20151016 07:40 6.5
20151016 07:50 6.5
20151016 08:00 6.5
20151016 08:10 6.625
20151016 08:20 6.75
20151016 08:30 6.625
20151016 08:40 6.625
20151016 08:50 6.75
20151016 09:00 6.75
20151016 09:10 6.625
20151016 09:20 6.625
20151016 09:30 6.625
20151016 09:40 6.875
20151016 09:50 7
20151016 10:00 6.875
20151016 10:10 6.75
20151016 10:20 6.75
20151016 10:30 6.75
20151016 10:40 6.75
20151016 10:50 7
20151016 11:00 6.875
20151016 11:10 7.125
20151016 11:20 7.25
20151016 11:30 7.125
20151016 11:40 7.125
20151016 11:50 7.25
20151016 12:00 7.5
20151016 12:10 7.75
20151016 12:20 7.375
20151016 12:30 7.5
20151016 12:40 7.375
20151016 12:50 7.75
20151016 13:00 7.625
20151016 13:10 7.625
20151016 13:20 7.75
20151016 13:30 7.75
20151016 13:40 7.75
20151016 13:50 7.875
20151016 14:00 7.75
20151016 14:10 7.875
20151016 14:20 8
20151016 14:30 7.875
20151016 14:40 7.875
20151016 14:50 7.875
20151016 15:00 8
20151016 15:10 8
20151016 15:20 8
20151016 15:30 8
20151016 15:40 8.125
20151016 15:50 8
20151016 16:00 8
20151016 16:10 8
20151016 16:20 8.125
20151016 16:30 8.125
20151016 16:40 8.25
20151016 16:50 8.125
20151016 17:00 8.125
20151016 17:10 8.125
20151016 17:20 8.125
20151016 17:30 8.125
20151016 17:40 8.125
20151016 17:50 8.125
20151016 18:00 8
20151016 18:10 8
20151016 18:20 8
20151016 18:30 8
20151016 18:40 8
20151016 18:50 8
20151016 19:00 7.875
20151016 19:10 8
20151016 19:20 7.875
20151016 19:30 8
20151016 19:40 7.875
20151016 19:50 7.875
20151016 20:00 7.875
20151016 20:10 7.875
20151016 20:20 7.875
20151016 20:30 7.875
20151016 20:40 7.875
20151016 20:50 7.75
20151016 21:00 7.75
20151016 21:10 7.75
20151016 21:20 7.75
20151016 21:30 7.625
20151016 21:40 7.5
20151016 21:50 7.625
20151016 22:00 7.625
20151016 22:10 7.5
20151016 22:20 7.5
20151016 22:30 7.5
20151016 22:40 7.375
20151016 22:50 7.375
20151016 23:00 7.5
20151016 23:10 7.375
20151016 23:20 7.375
20151016 23:30 7.375
20151016 23:40 7.375
20151016 23:50 7.375
