YYYYMMDD HH:MM measured temperature
20150816 00:00 18.25
20150816 00:10 18.125
20150816 00:20 18.25
20150816 00:30 18.3125
20150816 00:40 18.375
20150816 00:50 18.3125
20150816 01:00 18.375
20150816 01:10 18.4375
20150816 01:20 18.5
20150816 01:30 18.5625
20150816 01:40 18.625
20150816 01:50 18.5
20150816 02:00 18.5
20150816 02:10 18.5625
20150816 02:20 18.5625
20150816 02:30 18.5
20150816 02:40 18.5
20150816 02:50 18.5
20150816 03:00 18.5
20150816 03:10 18.5
20150816 03:20 18.5
20150816 03:30 18.5
20150816 03:40 18.5
20150816 03:50 18.5
20150816 04:00 18.5
20150816 04:10 18.5
20150816 04:20 18.5
20150816 04:30 18.375
20150816 04:40 18.375
20150816 04:50 18.5
20150816 05:00 18.5
20150816 05:10 18.375
20150816 05:20 18.5
20150816 05:30 18.5
20150816 05:40 18.5
20150816 05:50 18.375
20150816 06:00 18.375
20150816 06:10 18.375
20150816 06:20 18.375
20150816 06:30 18.375
20150816 06:40 18.5
20150816 06:50 18.5
20150816 07:00 18.4375
20150816 07:10 18.625
20150816 07:20 18.5625
20150816 07:30 18.6875
20150816 07:40 18.8125
20150816 07:50 19
20150816 08:00 19
20150816 08:10 19.1875
20150816 08:20 19.25
20150816 08:30 19.3125
20150816 08:40 19.25
20150816 08:50 19.3125
20150816 09:00 19.75
20150816 09:10 20
20150816 09:20 20
20150816 09:30 21.375
20150816 09:40 20.875
20150816 09:50 21
20150816 10:00 21.125
20150816 10:10 21.5
20150816 10:20 21.375
20150816 10:30 21
20150816 10:40 20.5
20150816 10:50 20.5
20150816 11:00 20.625
20150816 11:10 20.75
20150816 11:20 20.875
20150816 11:30 20.375
20150816 11:40 20.125
20150816 11:50 20.625
20150816 12:00 22.25
20150816 12:10 22.875
20150816 12:20 23.75
20150816 12:30 23.75
20150816 12:40 23.25
20150816 12:50 23.75
20150816 13:00 23.75
20150816 13:10 23.625
20150816 13:20 24.375
20150816 13:30 25.25
20150816 13:40 22.75
20150816 13:50 23.75
20150816 14:00 24
20150816 14:10 23.25
20150816 14:20 24
20150816 14:30 25.125
20150816 14:40 24.375
20150816 14:50 24
20150816 15:00 24.625
20150816 15:10 24.375
20150816 15:20 25.375
20150816 15:30 24
20150816 15:40 24.75
20150816 15:50 24.75
20150816 16:00 24.25
20150816 16:10 24.375
20150816 16:20 24.25
20150816 16:30 24
20150816 16:40 24
20150816 16:50 23.75
20150816 17:00 23.5
20150816 17:10 23.25
20150816 17:20 23.125
20150816 17:30 23.125
20150816 17:40 23
20150816 17:50 22.5
20150816 18:00 22.25
20150816 18:10 22
20150816 18:20 21.75
20150816 18:30 21.5
20150816 18:40 21.25
20150816 18:50 20.875
20150816 19:00 21
20150816 19:10 20.625
20150816 19:20 20.625
20150816 19:30 20.375
20150816 19:40 20.25
20150816 19:50 20.125
20150816 20:00 20
20150816 20:10 19.875
20150816 20:20 19.75
20150816 20:30 19.75
20150816 20:40 19.75
20150816 20:50 19.75
20150816 21:00 19.5
20150816 21:10 19.625
20150816 21:20 19.5
20150816 21:30 19.5
20150816 21:40 19.5
20150816 21:50 19.375
20150816 22:00 19.375
20150816 22:10 19.5
20150816 22:20 19.375
20150816 22:30 19.3125
20150816 22:40 19.25
20150816 22:50 19.375
20150816 23:00 19.3125
20150816 23:10 19.25
20150816 23:20 19.125
20150816 23:30 19.125
20150816 23:40 19.125
20150816 23:50 19.125
