YYYYMMDD HH:MM measured temperature
20150905 00:00 12.375
20150905 00:10 12.375
20150905 00:20 12.5
20150905 00:30 12.5
20150905 00:40 12.5625
20150905 00:50 12.75
20150905 01:00 12.75
20150905 01:10 12.875
20150905 01:20 12.875
20150905 01:30 13
20150905 01:40 13
20150905 01:50 13.125
20150905 02:00 12.9375
20150905 02:10 12.6875
20150905 02:20 12.625
20150905 02:30 12.5625
20150905 02:40 12.375
20150905 02:50 12.0625
20150905 03:00 11.875
20150905 03:10 11.875
20150905 03:20 12.0625
20150905 03:30 12.125
20150905 03:40 11.875
20150905 03:50 12
20150905 04:00 12
20150905 04:10 12
20150905 04:20 12
20150905 04:30 12
20150905 04:40 11.875
20150905 04:50 11.5
20150905 05:00 11.375
20150905 05:10 11.25
20150905 05:20 11.1875
20150905 05:30 11.125
20150905 05:40 11.1875
20150905 05:50 11.5
20150905 06:00 11.5625
20150905 06:10 11.625
20150905 06:20 11.6875
20150905 06:30 11.75
20150905 06:40 11.75
20150905 06:50 11.625
20150905 07:00 11.625
20150905 07:10 11.6875
20150905 07:20 11.75
20150905 07:30 11.6875
20150905 07:40 11.625
20150905 07:50 11.75
20150905 08:00 11.875
20150905 08:10 12.25
20150905 08:20 12.375
20150905 08:30 12.75
20150905 08:40 12.875
20150905 08:50 13.375
20150905 09:00 13.375
20150905 09:10 13.375
20150905 09:20 13.375
20150905 09:30 13.625
20150905 09:40 13.375
20150905 09:50 13.375
20150905 10:00 13.5
20150905 10:10 13.75
20150905 10:20 13.625
20150905 10:30 14
20150905 10:40 14.25
20150905 10:50 14.625
20150905 11:00 14.875
20150905 11:10 14.75
20150905 11:20 15.125
20150905 11:30 16
20150905 11:40 14.875
20150905 11:50 14
20150905 12:00 14.25
20150905 12:10 15
20150905 12:20 14.125
20150905 12:30 13.625
20150905 12:40 13.375
20150905 12:50 13.375
20150905 13:00 13.5
20150905 13:10 14.125
20150905 13:20 14.25
20150905 13:30 14.75
20150905 13:40 13.5
20150905 13:50 14
20150905 14:00 15.5
20150905 14:10 16.125
20150905 14:20 15.75
20150905 14:30 16.5
20150905 14:40 15.125
20150905 14:50 15.375
20150905 15:00 15.875
20150905 15:10 15.375
20150905 15:20 15.5
20150905 15:30 16
20150905 15:40 15.75
20150905 15:50 14.625
20150905 16:00 15
20150905 16:10 15.625
20150905 16:20 15.25
20150905 16:30 15.25
20150905 16:40 15.5
20150905 16:50 15.25
20150905 17:00 15
20150905 17:10 15.25
20150905 17:20 15.25
20150905 17:30 15.75
20150905 17:40 15.625
20150905 17:50 15
20150905 18:00 14.875
20150905 18:10 14.75
20150905 18:20 14.625
20150905 18:30 14.125
20150905 18:40 13.25
20150905 18:50 12.875
20150905 19:00 12.375
20150905 19:10 12.625
20150905 19:20 13.375
20150905 19:30 13.5
20150905 19:40 12.75
20150905 19:50 12.5
20150905 20:00 12.625
20150905 20:10 12.375
20150905 20:20 12
20150905 20:30 11.875
20150905 20:40 11.5
20150905 20:50 11.375
20150905 21:00 11.125
20150905 21:10 11.125
20150905 21:20 10.875
20150905 21:30 10.75
20150905 21:40 10.625
20150905 21:50 10.625
20150905 22:00 10.625
20150905 22:10 10.75
20150905 22:20 10.625
20150905 22:30 10.6875
20150905 22:40 10.625
20150905 22:50 10.5
20150905 23:00 10.375
20150905 23:10 10.4375
20150905 23:20 10.375
20150905 23:30 10.25
20150905 23:40 10.375
20150905 23:50 10.375
