YYYYMMDD HH:MM measured temperature
20150829 00:00 12.5
20150829 00:10 12.125
20150829 00:20 12
20150829 00:30 12
20150829 00:40 11.875
20150829 00:50 11.375
20150829 01:00 11.375
20150829 01:10 11.25
20150829 01:20 11.125
20150829 01:30 11.125
20150829 01:40 11.25
20150829 01:50 10.625
20150829 02:00 10.75
20150829 02:10 10.5
20150829 02:20 10.375
20150829 02:30 10.25
20150829 02:40 10.375
20150829 02:50 10.5
20150829 03:00 10.375
20150829 03:10 9.875
20150829 03:20 10
20150829 03:30 10.375
20150829 03:40 10.5
20150829 03:50 10.75
20150829 04:00 10.625
20150829 04:10 10.75
20150829 04:20 11
20150829 04:30 11
20150829 04:40 10.5625
20150829 04:50 10.875
20150829 05:00 10.75
20150829 05:10 10.25
20150829 05:20 9.6875
20150829 05:30 9.25
20150829 05:40 9.25
20150829 05:50 9.25
20150829 06:00 8.75
20150829 06:10 8.75
20150829 06:20 8.6875
20150829 06:30 8.875
20150829 06:40 8.5
20150829 06:50 8.625
20150829 07:00 8.8125
20150829 07:10 8.75
20150829 07:20 9.625
20150829 07:30 10
20150829 07:40 10.5
20150829 07:50 11.4375
20150829 08:00 11.75
20150829 08:10 11.875
20150829 08:20 11.875
20150829 08:30 12.125
20150829 08:40 12.6875
20150829 08:50 13.8125
20150829 09:00 14.625
20150829 09:10 15.5
20150829 09:20 15.875
20150829 09:30 16.375
20150829 09:40 17.5
20150829 09:50 17.75
20150829 10:00 18.125
20150829 10:10 18
20150829 10:20 17.75
20150829 10:30 18.125
20150829 10:40 19.25
20150829 10:50 19
20150829 11:00 19.25
20150829 11:10 20.125
20150829 11:20 20.125
20150829 11:30 20.5
20150829 11:40 20.375
20150829 11:50 20.625
20150829 12:00 21.5
20150829 12:10 21.625
20150829 12:20 21.75
20150829 12:30 22.25
20150829 12:40 22.25
20150829 12:50 23.25
20150829 13:00 22.875
20150829 13:10 22.625
20150829 13:20 22.375
20150829 13:30 22.125
20150829 13:40 22.75
20150829 13:50 23.125
20150829 14:00 23.25
20150829 14:10 24.125
20150829 14:20 23.875
20150829 14:30 24
20150829 14:40 22.875
20150829 14:50 22.25
20150829 15:00 23.875
20150829 15:10 21.875
20150829 15:20 24.125
20150829 15:30 22.875
20150829 15:40 23.75
20150829 15:50 23.125
20150829 16:00 23.25
20150829 16:10 22.5
20150829 16:20 22.75
20150829 16:30 23.25
20150829 16:40 23.125
20150829 16:50 23
20150829 17:00 22.25
20150829 17:10 22.5
20150829 17:20 22.375
20150829 17:30 22.5
20150829 17:40 22.625
20150829 17:50 22
20150829 18:00 22
20150829 18:10 22.125
20150829 18:20 21.75
20150829 18:30 21.5
20150829 18:40 21.25
20150829 18:50 20.75
20150829 19:00 20.25
20150829 19:10 20
20150829 19:20 19.5
20150829 19:30 19.125
20150829 19:40 18.625
20150829 19:50 18.125
20150829 20:00 17.625
20150829 20:10 17
20150829 20:20 16.75
20150829 20:30 16.375
20150829 20:40 15.875
20150829 20:50 15.625
20150829 21:00 15.375
20150829 21:10 15.25
20150829 21:20 15
20150829 21:30 14.75
20150829 21:40 14.75
20150829 21:50 14.625
20150829 22:00 14.5
20150829 22:10 14.25
20150829 22:20 14.25
20150829 22:30 14
20150829 22:40 14
20150829 22:50 13.875
20150829 23:00 13.5
20150829 23:10 13.5
20150829 23:20 13.375
20150829 23:30 13.625
20150829 23:40 13.375
20150829 23:50 13.125
