YYYYMMDD HH:MM measured temperature
20150622 00:00 12.375
20150622 00:10 12.5
20150622 00:20 12.625
20150622 00:30 12.625
20150622 00:40 12.625
20150622 00:50 12.5
20150622 01:00 12.375
20150622 01:10 12.375
20150622 01:20 12.125
20150622 01:30 12.25
20150622 01:40 12.25
20150622 01:50 12.25
20150622 02:00 12.25
20150622 02:10 12
20150622 02:20 11.75
20150622 02:30 11.5
20150622 02:40 11.25
20150622 02:50 11
20150622 03:00 10.625
20150622 03:10 10.5
20150622 03:20 10.375
20150622 03:30 10
20150622 03:40 10.25
20150622 03:50 10.375
20150622 04:00 10.375
20150622 04:10 10.25
20150622 04:20 10.25
20150622 04:30 10.25
20150622 04:40 10.125
20150622 04:50 9.75
20150622 05:00 10
20150622 05:10 10
20150622 05:20 10
20150622 05:30 10.125
20150622 05:40 10.125
20150622 05:50 10.125
20150622 06:00 10.125
20150622 06:10 10.25
20150622 06:20 10.375
20150622 06:30 10.25
20150622 06:40 11
20150622 06:50 11.125
20150622 07:00 11.125
20150622 07:10 11
20150622 07:20 11
20150622 07:30 10.875
20150622 07:40 11.125
20150622 07:50 11.625
20150622 08:00 12.125
20150622 08:10 12.25
20150622 08:20 12
20150622 08:30 12
20150622 08:40 11.875
20150622 08:50 12
20150622 09:00 12
20150622 09:10 12.5
20150622 09:20 12.75
20150622 09:30 12.625
20150622 09:40 12.5
20150622 09:50 12.625
20150622 10:00 12.875
20150622 10:10 12.875
20150622 10:20 13.25
20150622 10:30 13.5
20150622 10:40 14
20150622 10:50 13.875
20150622 11:00 13.625
20150622 11:10 13.5
20150622 11:20 13.75
20150622 11:30 13.625
20150622 11:40 13.875
20150622 11:50 14
20150622 12:00 15
20150622 12:10 14
20150622 12:20 14.625
20150622 12:30 14.5
20150622 12:40 15.5
20150622 12:50 15.75
20150622 13:00 14.875
20150622 13:10 16.5
20150622 13:20 17.5
20150622 13:30 17.125
20150622 13:40 17.25
20150622 13:50 17.125
20150622 14:00 17.625
20150622 14:10 18.25
20150622 14:20 17.125
20150622 14:30 18.25
20150622 14:40 16.875
20150622 14:50 17.375
20150622 15:00 16.5
20150622 15:10 13.125
20150622 15:20 11.5
20150622 15:30 11.125
20150622 15:40 11.25
20150622 15:50 11.375
20150622 16:00 11.625
20150622 16:10 11.75
20150622 16:20 11.75
20150622 16:30 11.5
20150622 16:40 11.75
20150622 16:50 11.75
20150622 17:00 11.5
20150622 17:10 11.625
20150622 17:20 11.25
20150622 17:30 11.375
20150622 17:40 11.125
20150622 17:50 11.375
20150622 18:00 11.625
20150622 18:10 11.5
20150622 18:20 11.625
20150622 18:30 12.25
20150622 18:40 12.125
20150622 18:50 13
20150622 19:00 12.25
20150622 19:10 12.625
20150622 19:20 12.375
20150622 19:30 12.375
20150622 19:40 12.5
20150622 19:50 12.625
20150622 20:00 12.875
20150622 20:10 12.625
20150622 20:20 12.375
20150622 20:30 12.375
20150622 20:40 11.75
20150622 20:50 11.5
20150622 21:00 11.375
20150622 21:10 11.375
20150622 21:20 11.375
20150622 21:30 11.125
20150622 21:40 11.125
20150622 21:50 11.125
20150622 22:00 11.125
20150622 22:10 11
20150622 22:20 11.125
20150622 22:30 11.125
20150622 22:40 11
20150622 22:50 11
20150622 23:00 11
20150622 23:10 11
20150622 23:20 11
20150622 23:30 10.875
20150622 23:40 10.875
20150622 23:50 10.75
