YYYYMMDD HH:MM measured temperature
20150708 00:00 18.25
20150708 00:10 17.75
20150708 00:20 17.5
20150708 00:30 17.375
20150708 00:40 17.375
20150708 00:50 16.75
20150708 01:00 16.125
20150708 01:10 15.875
20150708 01:20 15.875
20150708 01:30 15.375
20150708 01:40 15.25
20150708 01:50 15
20150708 02:00 15.25
20150708 02:10 15.625
20150708 02:20 16
20150708 02:30 16
20150708 02:40 15.75
20150708 02:50 15.625
20150708 03:00 15.625
20150708 03:10 15.75
20150708 03:20 15.5
20150708 03:30 15.875
20150708 03:40 15.625
20150708 03:50 15.625
20150708 04:00 15.5
20150708 04:10 15.375
20150708 04:20 15.375
20150708 04:30 15.125
20150708 04:40 15.125
20150708 04:50 15.125
20150708 05:00 14.875
20150708 05:10 14.75
20150708 05:20 14.75
20150708 05:30 14.625
20150708 05:40 14.5
20150708 05:50 14.625
20150708 06:00 14.75
20150708 06:10 15.125
20150708 06:20 15.5
20150708 06:30 15.5
20150708 06:40 15.625
20150708 06:50 15.625
20150708 07:00 15.75
20150708 07:10 15.75
20150708 07:20 15.875
20150708 07:30 15.625
20150708 07:40 15.5
20150708 07:50 15.625
20150708 08:00 15.625
20150708 08:10 15.625
20150708 08:20 15.875
20150708 08:30 16.125
20150708 08:40 15.625
20150708 08:50 15.5
20150708 09:00 15.25
20150708 09:10 15.25
20150708 09:20 15.625
20150708 09:30 16.125
20150708 09:40 16.875
20150708 09:50 17.5
20150708 10:00 17.5
20150708 10:10 16.375
20150708 10:20 15.875
20150708 10:30 17.625
20150708 10:40 17.875
20150708 10:50 18.375
20150708 11:00 17.875
20150708 11:10 18.875
20150708 11:20 18.75
20150708 11:30 19.375
20150708 11:40 19
20150708 11:50 18.75
20150708 12:00 18
20150708 12:10 18.125
20150708 12:20 16.375
20150708 12:30 16.125
20150708 12:40 16
20150708 12:50 15.5
20150708 13:00 16.375
20150708 13:10 16.625
20150708 13:20 16.625
20150708 13:30 16.75
20150708 13:40 17.125
20150708 13:50 17.125
20150708 14:00 16.625
20150708 14:10 15.625
20150708 14:20 16.25
20150708 14:30 17
20150708 14:40 16.25
20150708 14:50 16.375
20150708 15:00 16.5
20150708 15:10 15.75
20150708 15:20 15.5
20150708 15:30 16.625
20150708 15:40 17.5
20150708 15:50 18.75
20150708 16:00 18
20150708 16:10 18.5
20150708 16:20 17.25
20150708 16:30 18.375
20150708 16:40 18.875
20150708 16:50 18.625
20150708 17:00 18.375
20150708 17:10 18.5
20150708 17:20 18
20150708 17:30 18.125
20150708 17:40 17.5
20150708 17:50 17.375
20150708 18:00 18
20150708 18:10 18
20150708 18:20 18.25
20150708 18:30 18.5
20150708 18:40 18.375
20150708 18:50 18.375
20150708 19:00 18.375
20150708 19:10 18.25
20150708 19:20 18.375
20150708 19:30 17.875
20150708 19:40 17.5
20150708 19:50 17.25
20150708 20:00 17.25
20150708 20:10 17.5
20150708 20:20 17.625
20150708 20:30 17.25
20150708 20:40 16.75
20150708 20:50 16.25
20150708 21:00 16.25
20150708 21:10 16.375
20150708 21:20 15.875
20150708 21:30 15.75
20150708 21:40 15.625
20150708 21:50 15.375
20150708 22:00 15.25
20150708 22:10 15.25
20150708 22:20 14.25
20150708 22:30 14.25
20150708 22:40 14.25
20150708 22:50 14.25
20150708 23:00 14.125
20150708 23:10 14.125
20150708 23:20 14
20150708 23:30 14
20150708 23:40 14.125
20150708 23:50 13.875
