YYYYMMDD HH:MM measured temperature
20150116 00:00 8.125
20150116 00:10 7.75
20150116 00:20 7.625
20150116 00:30 7.5
20150116 00:40 7.5
20150116 00:50 7.25
20150116 01:00 7.375
20150116 01:10 7.125
20150116 01:20 7
20150116 01:30 6.875
20150116 01:40 6.875
20150116 01:50 6.875
20150116 02:00 6.625
20150116 02:10 6.5
20150116 02:20 6.5
20150116 02:30 6.375
20150116 02:40 6.375
20150116 02:50 6.5
20150116 03:00 6.375
20150116 03:10 6.375
20150116 03:20 6.375
20150116 03:30 6.25
20150116 03:40 6.25
20150116 03:50 6.125
20150116 04:00 6
20150116 04:10 5.875
20150116 04:20 5.875
20150116 04:30 6
20150116 04:40 5.875
20150116 04:50 5.875
20150116 05:00 5.875
20150116 05:10 5.875
20150116 05:20 5.75
20150116 05:30 5.75
20150116 05:40 5.875
20150116 05:50 6
20150116 06:00 6
20150116 06:10 6.125
20150116 06:20 6.125
20150116 06:30 6.125
20150116 06:40 6.25
20150116 06:50 6.125
20150116 07:00 6.25
20150116 07:10 6
20150116 07:20 5.875
20150116 07:30 5.875
20150116 07:40 5.875
20150116 07:50 5.875
20150116 08:00 5.875
20150116 08:10 5.875
20150116 08:20 5.625
20150116 08:30 5.75
20150116 08:40 5.5
20150116 08:50 5.5
20150116 09:00 5.5
20150116 09:10 5.375
20150116 09:20 5.375
20150116 09:30 5.375
20150116 09:40 5.375
20150116 09:50 5.5
20150116 10:00 5.75
20150116 10:10 5.75
20150116 10:20 5.875
20150116 10:30 5.875
20150116 10:40 6
20150116 10:50 6.125
20150116 11:00 6.25
20150116 11:10 6.375
20150116 11:20 6.5
20150116 11:30 6.25
20150116 11:40 6.125
20150116 11:50 6.75
20150116 12:00 7.125
20150116 12:10 7.75
20150116 12:20 7.75
20150116 12:30 7.875
20150116 12:40 6.625
20150116 12:50 6.625
20150116 13:00 6.75
20150116 13:10 6.875
20150116 13:20 6.875
20150116 13:30 6.625
20150116 13:40 6.75
20150116 13:50 6.875
20150116 14:00 6.75
20150116 14:10 7.25
20150116 14:20 7.75
20150116 14:30 8.375
20150116 14:40 7.25
20150116 14:50 7
20150116 15:00 6.875
20150116 15:10 6.625
20150116 15:20 6.5
20150116 15:30 6.5
20150116 15:40 6.375
20150116 15:50 6.125
20150116 16:00 6
20150116 16:10 5.875
20150116 16:20 5.75
20150116 16:30 5.5
20150116 16:40 5.25
20150116 16:50 5.25
20150116 17:00 5.375
20150116 17:10 5.25
20150116 17:20 5.125
20150116 17:30 5
20150116 17:40 4.875
20150116 17:50 5
20150116 18:00 4.875
20150116 18:10 4.625
20150116 18:20 4.75
20150116 18:30 4.625
20150116 18:40 4.625
20150116 18:50 4.75
20150116 19:00 4.625
20150116 19:10 4.75
20150116 19:20 4.75
20150116 19:30 4.625
20150116 19:40 4.625
20150116 19:50 4.875
20150116 20:00 4.625
20150116 20:10 4.75
20150116 20:20 4.75
20150116 20:30 4.625
20150116 20:40 4.5
20150116 20:50 4.5
20150116 21:00 4.375
20150116 21:10 4.375
20150116 21:20 4.375
20150116 21:30 4.375
20150116 21:40 4.25
20150116 21:50 4.25
20150116 22:00 4.125
20150116 22:10 3.875
20150116 22:20 3.5
20150116 22:30 3.75
20150116 22:40 3.75
20150116 22:50 3.75
20150116 23:00 3.625
20150116 23:10 3.25
20150116 23:20 3.375
20150116 23:30 3.25
20150116 23:40 3
20150116 23:50 3.125
