YYYYMMDD HH:MM measured temperature
20150213 00:00 0.625
20150213 00:10 0.5
20150213 00:20 0.625
20150213 00:30 0.5
20150213 00:40 0.625
20150213 00:50 0.5
20150213 01:00 0.625
20150213 01:10 0.75
20150213 01:20 0.75
20150213 01:30 0.75
20150213 01:40 0.625
20150213 01:50 0.75
20150213 02:00 0.625
20150213 02:10 0.625
20150213 02:20 0.625
20150213 02:30 0.625
20150213 02:40 0.625
20150213 02:50 0.625
20150213 03:00 0.625
20150213 03:10 0.75
20150213 03:20 0.75
20150213 03:30 0.75
20150213 03:40 0.75
20150213 03:50 0.875
20150213 04:00 0.875
20150213 04:10 0.875
20150213 04:20 1
20150213 04:30 0.875
20150213 04:40 1
20150213 04:50 0.875
20150213 05:00 0.875
20150213 05:10 0.875
20150213 05:20 1
20150213 05:30 0.875
20150213 05:40 1
20150213 05:50 1
20150213 06:00 1
20150213 06:10 1
20150213 06:20 1
20150213 06:30 1
20150213 06:40 0.875
20150213 06:50 0.875
20150213 07:00 0.875
20150213 07:10 0.875
20150213 07:20 1
20150213 07:30 1
20150213 07:40 0.875
20150213 07:50 0.75
20150213 08:00 0.875
20150213 08:10 0.625
20150213 08:20 0.625
20150213 08:30 0.375
20150213 08:40 0.25
20150213 08:50 0.375
20150213 09:00 0.375
20150213 09:10 0.25
20150213 09:20 0.25
20150213 09:30 0.375
20150213 09:40 0.25
20150213 09:50 0.375
20150213 10:00 0.5
20150213 10:10 0.75
20150213 10:20 0.875
20150213 10:30 1.375
20150213 10:40 1.375
20150213 10:50 1.75
20150213 11:00 1.875
20150213 11:10 2.5
20150213 11:20 2.75
20150213 11:30 3.375
20150213 11:40 3.5
20150213 11:50 4.5
20150213 12:00 5.875
20150213 12:10 8.375
20150213 12:20 9
20150213 12:30 8.5
20150213 12:40 9.75
20150213 12:50 10
20150213 13:00 9.875
20150213 13:10 9.125
20150213 13:20 10.5
20150213 13:30 10.75
20150213 13:40 10
20150213 13:50 8.75
20150213 14:00 9
20150213 14:10 9.625
20150213 14:20 9.25
20150213 14:30 8.75
20150213 14:40 8.125
20150213 14:50 8.25
20150213 15:00 8.75
20150213 15:10 7.625
20150213 15:20 7.75
20150213 15:30 8
20150213 15:40 7.625
20150213 15:50 7.125
20150213 16:00 7.125
20150213 16:10 6.875
20150213 16:20 6.75
20150213 16:30 6.375
20150213 16:40 6.25
20150213 16:50 5.75
20150213 17:00 5.375
20150213 17:10 5.125
20150213 17:20 4.75
20150213 17:30 4.5
20150213 17:40 4.125
20150213 17:50 4
20150213 18:00 3.875
20150213 18:10 3.5
20150213 18:20 3.375
20150213 18:30 3.125
20150213 18:40 3
20150213 18:50 2.875
20150213 19:00 2.75
20150213 19:10 2.5
20150213 19:20 2.5
20150213 19:30 2.25
20150213 19:40 2.5
20150213 19:50 2.5
20150213 20:00 2.25
20150213 20:10 2.25
20150213 20:20 2
20150213 20:30 1.875
20150213 20:40 1.75
20150213 20:50 1.375
20150213 21:00 1.5
20150213 21:10 1.5
20150213 21:20 1.375
20150213 21:30 1.5
20150213 21:40 1.125
20150213 21:50 1
20150213 22:00 1
20150213 22:10 0.875
20150213 22:20 1
20150213 22:30 0.75
20150213 22:40 0.75
20150213 22:50 0.625
20150213 23:00 0.625
20150213 23:10 0.5
20150213 23:20 -0.125
20150213 23:30 -0.125
20150213 23:40 -0.125
20150213 23:50 -0.125
