YYYYMMDD HH:MM measured temperature
20150417 00:00 4.5
20150417 00:10 4.625
20150417 00:20 4.75
20150417 00:30 4.625
20150417 00:40 4.625
20150417 00:50 4.625
20150417 01:00 4.625
20150417 01:10 4.5
20150417 01:20 4.625
20150417 01:30 4.625
20150417 01:40 4.375
20150417 01:50 4.25
20150417 02:00 3.75
20150417 02:10 3.375
20150417 02:20 3.375
20150417 02:30 3.25
20150417 02:40 3.125
20150417 02:50 3.375
20150417 03:00 3.375
20150417 03:10 3
20150417 03:20 2.875
20150417 03:30 2.75
20150417 03:40 2.625
20150417 03:50 3
20150417 04:00 3
20150417 04:10 2.875
20150417 04:20 2.5
20150417 04:30 2.5
20150417 04:40 2.625
20150417 04:50 2.5
20150417 05:00 2.375
20150417 05:10 2.375
20150417 05:20 2.25
20150417 05:30 2.25
20150417 05:40 1.75
20150417 05:50 1.875
20150417 06:00 1.625
20150417 06:10 1.75
20150417 06:20 1.5
20150417 06:30 1.5
20150417 06:40 1.5
20150417 06:50 1.625
20150417 07:00 1.875
20150417 07:10 2.125
20150417 07:20 2.5
20150417 07:30 2.875
20150417 07:40 3.375
20150417 07:50 3.625
20150417 08:00 4.625
20150417 08:10 4.625
20150417 08:20 5.25
20150417 08:30 6
20150417 08:40 6.625
20150417 08:50 7.375
20150417 09:00 8
20150417 09:10 8.25
20150417 09:20 8.5
20150417 09:30 9.75
20150417 09:40 8.375
20150417 09:50 8
20150417 10:00 8.125
20150417 10:10 10.625
20150417 10:20 10.625
20150417 10:30 9.125
20150417 10:40 7.125
20150417 10:50 7.375
20150417 11:00 8
20150417 11:10 8.25
20150417 11:20 9.75
20150417 11:30 11.125
20150417 11:40 9.125
20150417 11:50 11.375
20150417 12:00 10.75
20150417 12:10 9.5
20150417 12:20 14
20150417 12:30 11.25
20150417 12:40 14
20150417 12:50 13.75
20150417 13:00 13.25
20150417 13:10 14.75
20150417 13:20 10.75
20150417 13:30 10.375
20150417 13:40 13.75
20150417 13:50 11.125
20150417 14:00 10.875
20150417 14:10 14.25
20150417 14:20 11.375
20150417 14:30 15.75
20150417 14:40 11.625
20150417 14:50 14.625
20150417 15:00 11.25
20150417 15:10 12.625
20150417 15:20 11.625
20150417 15:30 12.875
20150417 15:40 13.75
20150417 15:50 13.125
20150417 16:00 12.75
20150417 16:10 13.625
20150417 16:20 12.125
20150417 16:30 12.125
20150417 16:40 12.5
20150417 16:50 12.5
20150417 17:00 11.875
20150417 17:10 11.25
20150417 17:20 11.375
20150417 17:30 12.5
20150417 17:40 13
20150417 17:50 12.25
20150417 18:00 12.25
20150417 18:10 11.625
20150417 18:20 11.125
20150417 18:30 10.75
20150417 18:40 10.25
20150417 18:50 10.375
20150417 19:00 10.125
20150417 19:10 10.25
20150417 19:20 10.375
20150417 19:30 10.375
20150417 19:40 10
20150417 19:50 10
20150417 20:00 10
20150417 20:10 10
20150417 20:20 9.75
20150417 20:30 9.5
20150417 20:40 9.25
20150417 20:50 9
20150417 21:00 9.125
20150417 21:10 9
20150417 21:20 8.875
20150417 21:30 8.875
20150417 21:40 8.75
20150417 21:50 8.625
20150417 22:00 8.375
20150417 22:10 8.375
20150417 22:20 8.25
20150417 22:30 8.125
20150417 22:40 8.125
20150417 22:50 7.75
20150417 23:00 7.375
20150417 23:10 7.125
20150417 23:20 6.75
20150417 23:30 6.875
20150417 23:40 6.5
20150417 23:50 6.5
