YYYYMMDD HH:MM measured temperature
20150823 00:00 14.625
20150823 00:10 14.5
20150823 00:20 14.375
20150823 00:30 14.25
20150823 00:40 14.125
20150823 00:50 14.125
20150823 01:00 14
20150823 01:10 13.875
20150823 01:20 13.75
20150823 01:30 13.625
20150823 01:40 13.625
20150823 01:50 13.5
20150823 02:00 13.5
20150823 02:10 13.625
20150823 02:20 13.75
20150823 02:30 13.875
20150823 02:40 14
20150823 02:50 13.875
20150823 03:00 13.875
20150823 03:10 13.75
20150823 03:20 13.625
20150823 03:30 13.5
20150823 03:40 13.5
20150823 03:50 13.375
20150823 04:00 13.125
20150823 04:10 13.25
20150823 04:20 13
20150823 04:30 12.875
20150823 04:40 12.875
20150823 04:50 12.75
20150823 05:00 12.5
20150823 05:10 12.625
20150823 05:20 12.375
20150823 05:30 12.25
20150823 05:40 12.25
20150823 05:50 12.25
20150823 06:00 12
20150823 06:10 11.875
20150823 06:20 11.75
20150823 06:30 11.625
20150823 06:40 11.75
20150823 06:50 11.75
20150823 07:00 11.875
20150823 07:10 12.125
20150823 07:20 12.375
20150823 07:30 12.625
20150823 07:40 13
20150823 07:50 13.375
20150823 08:00 13.625
20150823 08:10 13.875
20150823 08:20 14.25
20150823 08:30 14.625
20150823 08:40 15.125
20150823 08:50 15.75
20150823 09:00 16.375
20150823 09:10 17.125
20150823 09:20 17.5
20150823 09:30 18.25
20150823 09:40 18.875
20150823 09:50 19.5
20150823 10:00 20
20150823 10:10 20.625
20150823 10:20 21.125
20150823 10:30 21.5
20150823 10:40 21.75
20150823 10:50 22.125
20150823 11:00 22.25
20150823 11:10 22.125
20150823 11:20 22.75
20150823 11:30 22.625
20150823 11:40 23.125
20150823 11:50 23.25
20150823 12:00 23.375
20150823 12:10 23.625
20150823 12:20 23.75
20150823 12:30 23.75
20150823 12:40 24.25
20150823 12:50 24.5
20150823 13:00 24.125
20150823 13:10 24.375
20150823 13:20 24.5
20150823 13:30 24
20150823 13:40 25
20150823 13:50 24.25
20150823 14:00 24.875
20150823 14:10 24.625
20150823 14:20 24.625
20150823 14:30 24.375
20150823 14:40 25
20150823 14:50 24
20150823 15:00 24.5
20150823 15:10 24.25
20150823 15:20 25.125
20150823 15:30 24.25
20150823 15:40 25.125
20150823 15:50 25
20150823 16:00 24.25
20150823 16:10 24.875
20150823 16:20 24.625
20150823 16:30 24.25
20150823 16:40 23.25
20150823 16:50 21.75
20150823 17:00 22.5
20150823 17:10 23.75
20150823 17:20 22.5
20150823 17:30 23
20150823 17:40 22.75
20150823 17:50 22.5
20150823 18:00 22.5
20150823 18:10 22.375
20150823 18:20 22.125
20150823 18:30 21.875
20150823 18:40 21.625
20150823 18:50 21.375
20150823 19:00 21.125
20150823 19:10 20.625
20150823 19:20 20.625
20150823 19:30 20.625
20150823 19:40 20.25
20150823 19:50 19.375
20150823 20:00 18.875
20150823 20:10 18.5
20150823 20:20 18
20150823 20:30 17.75
20150823 20:40 17.875
20150823 20:50 17.375
20150823 21:00 17
20150823 21:10 17.125
20150823 21:20 16.75
20150823 21:30 16.5
20150823 21:40 16.5
20150823 21:50 16.5
20150823 22:00 16.5
20150823 22:10 16.25
20150823 22:20 16.25
20150823 22:30 16.25
20150823 22:40 16
20150823 22:50 15.75
20150823 23:00 15.625
20150823 23:10 15.875
20150823 23:20 16.125
20150823 23:30 16.25
20150823 23:40 16.25
20150823 23:50 16.125
