YYYYMMDD HH:MM measured temperature
20151025 00:00 9
20151025 00:10 9.25
20151025 00:20 9.25
20151025 00:30 9.375
20151025 00:40 9.375
20151025 00:50 9.5
20151025 01:00 9.5
20151025 01:10 9.5
20151025 01:20 9.625
20151025 01:30 9.5
20151025 01:40 9.625
20151025 01:50 9.625
20151025 02:00 9.75
20151025 02:10 9.75
20151025 02:20 9.75
20151025 02:30 9.75
20151025 02:40 9.875
20151025 02:50 10
20151025 03:00 10
20151025 03:10 10
20151025 03:20 10
20151025 03:30 10
20151025 03:40 10.125
20151025 03:50 10.125
20151025 04:00 10.25
20151025 04:10 10.125
20151025 04:20 10.125
20151025 04:30 10.25
20151025 04:40 10.25
20151025 04:50 10.25
20151025 05:00 10.125
20151025 05:10 10.125
20151025 05:20 10.125
20151025 05:30 10.125
20151025 05:40 10.125
20151025 05:50 10.25
20151025 06:00 10.25
20151025 06:10 10.375
20151025 06:20 10.375
20151025 06:30 10.375
20151025 06:40 10.375
20151025 06:50 10.25
20151025 07:00 10.25
20151025 07:10 10.125
20151025 07:20 10.125
20151025 07:30 10.125
20151025 07:40 10
20151025 07:50 10.25
20151025 08:00 10.125
20151025 08:10 10.25
20151025 08:20 10.25
20151025 08:30 10.25
20151025 08:40 10.25
20151025 08:50 10.375
20151025 09:00 10.5
20151025 09:10 10.5
20151025 09:20 10.625
20151025 09:30 10.75
20151025 09:40 11
20151025 09:50 11
20151025 10:00 11.125
20151025 10:10 11.25
20151025 10:20 11.25
20151025 10:30 11.375
20151025 10:40 11.125
20151025 10:50 11.5
20151025 11:00 11.625
20151025 11:10 11.875
20151025 11:20 12.125
20151025 11:30 12.25
20151025 11:40 12.375
20151025 11:50 12.625
20151025 12:00 12.875
20151025 12:10 13
20151025 12:20 13.5
20151025 12:30 13.5
20151025 12:40 14
20151025 12:50 14.375
20151025 13:00 13.5
20151025 13:10 12.75
20151025 13:20 12.875
20151025 13:30 14.125
20151025 13:40 12.875
20151025 13:50 14.125
20151025 14:00 15
20151025 14:10 13.75
20151025 14:20 13.375
20151025 14:30 13.25
20151025 14:40 12.375
20151025 14:50 13.75
20151025 15:00 13.875
20151025 15:10 13.75
20151025 15:20 14.125
20151025 15:30 13.5
20151025 15:40 12.75
20151025 15:50 12.5
20151025 16:00 12.5
20151025 16:10 12.375
20151025 16:20 12.25
20151025 16:30 11.875
20151025 16:40 11.75
20151025 16:50 11.5
20151025 17:00 11.25
20151025 17:10 11.125
20151025 17:20 11
20151025 17:30 10.75
20151025 17:40 10.375
20151025 17:50 10
20151025 18:00 9.625
20151025 18:10 9.375
20151025 18:20 9.125
20151025 18:30 8.5
20151025 18:40 8.25
20151025 18:50 8.25
20151025 19:00 8.375
20151025 19:10 8.25
20151025 19:20 7.5
20151025 19:30 7.375
20151025 19:40 7.25
20151025 19:50 7.125
20151025 20:00 7
20151025 20:10 6.875
20151025 20:20 6.625
20151025 20:30 6.5
20151025 20:40 6.375
20151025 20:50 6.25
20151025 21:00 6.25
20151025 21:10 6.375
20151025 21:20 6.25
20151025 21:30 5.875
20151025 21:40 5.75
20151025 21:50 5.875
20151025 22:00 5.75
20151025 22:10 5.75
20151025 22:20 5.75
20151025 22:30 5.5
20151025 22:40 5.5
20151025 22:50 5.625
20151025 23:00 6
20151025 23:10 5.75
20151025 23:20 5.5
20151025 23:30 5.5
20151025 23:40 5.25
20151025 23:50 5
