YYYYMMDD HH:MM measured temperature
20150801 00:00 8.375
20150801 00:10 8.25
20150801 00:20 8.125
20150801 00:30 8.125
20150801 00:40 7.75
20150801 00:50 7.75
20150801 01:00 7.5
20150801 01:10 7.5
20150801 01:20 7.375
20150801 01:30 7.125
20150801 01:40 7.375
20150801 01:50 7.25
20150801 02:00 7.25
20150801 02:10 7
20150801 02:20 6.75
20150801 02:30 6.75
20150801 02:40 6.75
20150801 02:50 6.875
20150801 03:00 6.625
20150801 03:10 6.75
20150801 03:20 6.625
20150801 03:30 6.5
20150801 03:40 6.5
20150801 03:50 6.25
20150801 04:00 6.5
20150801 04:10 6.5
20150801 04:20 6.5
20150801 04:30 6.75
20150801 04:40 6.875
20150801 04:50 7
20150801 05:00 7
20150801 05:10 6.875
20150801 05:20 6.875
20150801 05:30 7
20150801 05:40 7.125
20150801 05:50 7.125
20150801 06:00 7.125
20150801 06:10 7.25
20150801 06:20 7.125
20150801 06:30 7.125
20150801 06:40 7.25
20150801 06:50 7.375
20150801 07:00 7.75
20150801 07:10 8
20150801 07:20 8.375
20150801 07:30 8.5
20150801 07:40 8.5
20150801 07:50 9
20150801 08:00 9.75
20150801 08:10 10.375
20150801 08:20 11.375
20150801 08:30 12.25
20150801 08:40 12.75
20150801 08:50 12.75
20150801 09:00 13.625
20150801 09:10 14.125
20150801 09:20 14
20150801 09:30 15.125
20150801 09:40 15.5
20150801 09:50 16.125
20150801 10:00 16.875
20150801 10:10 17.125
20150801 10:20 17.375
20150801 10:30 17.75
20150801 10:40 18.125
20150801 10:50 18.375
20150801 11:00 18.5
20150801 11:10 19
20150801 11:20 19.625
20150801 11:30 19.75
20150801 11:40 19.25
20150801 11:50 19.75
20150801 12:00 20.125
20150801 12:10 20.25
20150801 12:20 20.625
20150801 12:30 21
20150801 12:40 20.5
20150801 12:50 20.75
20150801 13:00 21.125
20150801 13:10 21.375
20150801 13:20 22.5
20150801 13:30 21.375
20150801 13:40 22.625
20150801 13:50 22.5
20150801 14:00 22.5
20150801 14:10 22.625
20150801 14:20 22.5
20150801 14:30 22.75
20150801 14:40 23.25
20150801 14:50 23.25
20150801 15:00 23.125
20150801 15:10 22.125
20150801 15:20 22.75
20150801 15:30 23.375
20150801 15:40 23.5
20150801 15:50 21.875
20150801 16:00 22.75
20150801 16:10 23.375
20150801 16:20 22.5
20150801 16:30 23.125
20150801 16:40 21.875
20150801 16:50 22.5
20150801 17:00 22.375
20150801 17:10 23.25
20150801 17:20 22.375
20150801 17:30 22.375
20150801 17:40 23
20150801 17:50 22.125
20150801 18:00 23.125
20150801 18:10 22.125
20150801 18:20 21.625
20150801 18:30 21.625
20150801 18:40 20.875
20150801 18:50 20.375
20150801 19:00 20.5
20150801 19:10 21
20150801 19:20 20.875
20150801 19:30 20.875
20150801 19:40 20.75
20150801 19:50 20.625
20150801 20:00 20.25
20150801 20:10 19.875
20150801 20:20 19.375
20150801 20:30 18.875
20150801 20:40 18.125
20150801 20:50 17.875
20150801 21:00 17.375
20150801 21:10 16.875
20150801 21:20 16.125
20150801 21:30 16
20150801 21:40 15.75
20150801 21:50 15.375
20150801 22:00 15
20150801 22:10 14.875
20150801 22:20 14.5
20150801 22:30 14.25
20150801 22:40 14.5
20150801 22:50 14.125
20150801 23:00 13.5
20150801 23:10 13.5
20150801 23:20 13.125
20150801 23:30 13
20150801 23:40 13.125
20150801 23:50 12.875
