YYYYMMDD HH:MM measured temperature
20150907 00:00 11.625
20150907 00:10 11.5
20150907 00:20 11.5
20150907 00:30 11.625
20150907 00:40 11.625
20150907 00:50 11.75
20150907 01:00 11.75
20150907 01:10 11.875
20150907 01:20 11.875
20150907 01:30 12
20150907 01:40 12
20150907 01:50 12
20150907 02:00 12
20150907 02:10 12
20150907 02:20 12
20150907 02:30 12
20150907 02:40 12
20150907 02:50 12
20150907 03:00 12
20150907 03:10 12
20150907 03:20 12
20150907 03:30 12.125
20150907 03:40 12.125
20150907 03:50 12
20150907 04:00 12
20150907 04:10 12
20150907 04:20 11.625
20150907 04:30 11.375
20150907 04:40 11.375
20150907 04:50 11.375
20150907 05:00 11.625
20150907 05:10 11.625
20150907 05:20 11.625
20150907 05:30 11.625
20150907 05:40 11.625
20150907 05:50 11.75
20150907 06:00 11.625
20150907 06:10 11.375
20150907 06:20 11.125
20150907 06:30 10.875
20150907 06:40 10.75
20150907 06:50 10.875
20150907 07:00 11
20150907 07:10 11.25
20150907 07:20 11.25
20150907 07:30 11.125
20150907 07:40 11.125
20150907 07:50 11.25
20150907 08:00 11.375
20150907 08:10 11.625
20150907 08:20 11.75
20150907 08:30 12.125
20150907 08:40 12.625
20150907 08:50 12.875
20150907 09:00 13.125
20150907 09:10 13.375
20150907 09:20 13.75
20150907 09:30 14
20150907 09:40 14.25
20150907 09:50 14.5
20150907 10:00 14.625
20150907 10:10 14.875
20150907 10:20 15
20150907 10:30 15.125
20150907 10:40 15.125
20150907 10:50 15.625
20150907 11:00 15.875
20150907 11:10 15.75
20150907 11:20 16.375
20150907 11:30 16.5
20150907 11:40 16.625
20150907 11:50 16.625
20150907 12:00 17.25
20150907 12:10 16.5
20150907 12:20 17.25
20150907 12:30 17.125
20150907 12:40 17.625
20150907 12:50 18
20150907 13:00 17.375
20150907 13:10 18.125
20150907 13:20 17
20150907 13:30 17.75
20150907 13:40 17.625
20150907 13:50 18.125
20150907 14:00 17.75
20150907 14:10 18.125
20150907 14:20 17.625
20150907 14:30 19
20150907 14:40 18.875
20150907 14:50 18.375
20150907 15:00 18.25
20150907 15:10 17.375
20150907 15:20 18.75
20150907 15:30 19.25
20150907 15:40 19
20150907 15:50 19.125
20150907 16:00 18.875
20150907 16:10 18.5
20150907 16:20 18.375
20150907 16:30 18.875
20150907 16:40 19
20150907 16:50 18.5
20150907 17:00 18.375
20150907 17:10 18.375
20150907 17:20 18.25
20150907 17:30 18.375
20150907 17:40 17.875
20150907 17:50 18.125
20150907 18:00 17.75
20150907 18:10 17.375
20150907 18:20 17.125
20150907 18:30 16.875
20150907 18:40 16.875
20150907 18:50 16.75
20150907 19:00 16.625
20150907 19:10 16.5
20150907 19:20 16
20150907 19:30 15.75
20150907 19:40 15.375
20150907 19:50 15.125
20150907 20:00 14.75
20150907 20:10 14.5
20150907 20:20 13.875
20150907 20:30 13.5
20150907 20:40 13.375
20150907 20:50 13.25
20150907 21:00 12.875
20150907 21:10 12.625
20150907 21:20 12.5
20150907 21:30 12.375
20150907 21:40 12.5
20150907 21:50 12.25
20150907 22:00 12
20150907 22:10 12
20150907 22:20 11.625
20150907 22:30 11.375
20150907 22:40 10.75
20150907 22:50 10.75
20150907 23:00 10.5
20150907 23:10 10.25
20150907 23:20 10
20150907 23:30 10.125
20150907 23:40 10
20150907 23:50 9.375
