YYYYMMDD HH:MM measured temperature
20150125 00:00 0
20150125 00:10 -0.125
20150125 00:20 -0.25
20150125 00:30 -0.5
20150125 00:40 -0.625
20150125 00:50 -0.75
20150125 01:00 -0.625
20150125 01:10 0.5
20150125 01:20 0.75
20150125 01:30 0.625
20150125 01:40 0
20150125 01:50 -0.5
20150125 02:00 -0.625
20150125 02:10 -1
20150125 02:20 -1.125
20150125 02:30 -0.875
20150125 02:40 -1.125
20150125 02:50 -1.25
20150125 03:00 -1.25
20150125 03:10 -0.25
20150125 03:20 0.5
20150125 03:30 0.625
20150125 03:40 0.625
20150125 03:50 0.625
20150125 04:00 0.5
20150125 04:10 0.375
20150125 04:20 0.125
20150125 04:30 -0.125
20150125 04:40 -0.375
20150125 04:50 -0.375
20150125 05:00 -0.5
20150125 05:10 -0.75
20150125 05:20 -0.625
20150125 05:30 -0.5
20150125 05:40 -0.75
20150125 05:50 -0.75
20150125 06:00 -1
20150125 06:10 -0.875
20150125 06:20 -1
20150125 06:30 -0.875
20150125 06:40 -0.375
20150125 06:50 -0.5
20150125 07:00 -0.5
20150125 07:10 -0.75
20150125 07:20 -0.625
20150125 07:30 -0.375
20150125 07:40 -0.125
20150125 07:50 -0.375
20150125 08:00 -0.375
20150125 08:10 -0.125
20150125 08:20 -0.125
20150125 08:30 0.25
20150125 08:40 0.5
20150125 08:50 0.625
20150125 09:00 0.5
20150125 09:10 0.625
20150125 09:20 0.75
20150125 09:30 0.875
20150125 09:40 1
20150125 09:50 1.125
20150125 10:00 1.25
20150125 10:10 1.375
20150125 10:20 1.375
20150125 10:30 1.75
20150125 10:40 1.625
20150125 10:50 1.625
20150125 11:00 1.75
20150125 11:10 1.625
20150125 11:20 1.625
20150125 11:30 1.875
20150125 11:40 2.375
20150125 11:50 2.375
20150125 12:00 2.375
20150125 12:10 3.375
20150125 12:20 2.75
20150125 12:30 2.5
20150125 12:40 2.75
20150125 12:50 3.125
20150125 13:00 2.5
20150125 13:10 2.625
20150125 13:20 2.875
20150125 13:30 2.75
20150125 13:40 2.875
20150125 13:50 2.875
20150125 14:00 2.75
20150125 14:10 3
20150125 14:20 3
20150125 14:30 3
20150125 14:40 3
20150125 14:50 3.125
20150125 15:00 3.375
20150125 15:10 3.5
20150125 15:20 3.5
20150125 15:30 3.5
20150125 15:40 3.625
20150125 15:50 3.25
20150125 16:00 3.5
20150125 16:10 3.5
20150125 16:20 3.25
20150125 16:30 3.125
20150125 16:40 2.875
20150125 16:50 2.75
20150125 17:00 2.5
20150125 17:10 2.625
20150125 17:20 2.625
20150125 17:30 2.625
20150125 17:40 2.5
20150125 17:50 2.5
20150125 18:00 2.375
20150125 18:10 2.375
20150125 18:20 2.5
20150125 18:30 2.5
20150125 18:40 2.25
20150125 18:50 2
20150125 19:00 2
20150125 19:10 2.125
20150125 19:20 2
20150125 19:30 2
20150125 19:40 2.25
20150125 19:50 2.5
20150125 20:00 2.5
20150125 20:10 2.5
20150125 20:20 2.375
20150125 20:30 2.5
20150125 20:40 2.625
20150125 20:50 2.75
20150125 21:00 2.875
20150125 21:10 2.75
20150125 21:20 2.625
20150125 21:30 2.625
20150125 21:40 2.625
20150125 21:50 2.5
20150125 22:00 2.375
20150125 22:10 2.375
20150125 22:20 2.25
20150125 22:30 2.375
20150125 22:40 2.375
20150125 22:50 2.25
20150125 23:00 2.25
20150125 23:10 2.25
20150125 23:20 2.25
20150125 23:30 2.25
20150125 23:40 2.25
20150125 23:50 2.375
