YYYYMMDD HH:MM measured temperature
20150716 00:00 16.375
20150716 00:10 16.25
20150716 00:20 16.25
20150716 00:30 16.125
20150716 00:40 16.25
20150716 00:50 16.125
20150716 01:00 16.125
20150716 01:10 16.125
20150716 01:20 16.25
20150716 01:30 16.25
20150716 01:40 16.25
20150716 01:50 16.25
20150716 02:00 16.125
20150716 02:10 16.375
20150716 02:20 16.375
20150716 02:30 16.5
20150716 02:40 16.25
20150716 02:50 16
20150716 03:00 15.875
20150716 03:10 16
20150716 03:20 16.125
20150716 03:30 16.125
20150716 03:40 16.25
20150716 03:50 16.25
20150716 04:00 16.25
20150716 04:10 16.25
20150716 04:20 16.375
20150716 04:30 16.375
20150716 04:40 16.5
20150716 04:50 16.5
20150716 05:00 16.375
20150716 05:10 16.375
20150716 05:20 16.375
20150716 05:30 16.375
20150716 05:40 16.5
20150716 05:50 16.375
20150716 06:00 16.5
20150716 06:10 16.625
20150716 06:20 16.625
20150716 06:30 16.625
20150716 06:40 16.75
20150716 06:50 16.625
20150716 07:00 16.75
20150716 07:10 16.75
20150716 07:20 16.875
20150716 07:30 17
20150716 07:40 16.875
20150716 07:50 16.875
20150716 08:00 17.25
20150716 08:10 17.125
20150716 08:20 17.125
20150716 08:30 17.25
20150716 08:40 17.375
20150716 08:50 17.125
20150716 09:00 16.75
20150716 09:10 17
20150716 09:20 16.5
20150716 09:30 17
20150716 09:40 18
20150716 09:50 18.125
20150716 10:00 17.75
20150716 10:10 17.5
20150716 10:20 17.25
20150716 10:30 17.625
20150716 10:40 17.125
20150716 10:50 18.125
20150716 11:00 18.375
20150716 11:10 18
20150716 11:20 18
20150716 11:30 18.75
20150716 11:40 18.25
20150716 11:50 17.875
20150716 12:00 17.75
20150716 12:10 17.5
20150716 12:20 18.625
20150716 12:30 19.5
20150716 12:40 20.125
20150716 12:50 20.625
20150716 13:00 20.375
20150716 13:10 21.5
20150716 13:20 21.625
20150716 13:30 21.375
20150716 13:40 20.625
20150716 13:50 21
20150716 14:00 20.75
20150716 14:10 21
20150716 14:20 21.75
20150716 14:30 21.125
20150716 14:40 21
20150716 14:50 22
20150716 15:00 21.5
20150716 15:10 21.125
20150716 15:20 22.625
20150716 15:30 21.5
20150716 15:40 22.875
20150716 15:50 23.375
20150716 16:00 22.125
20150716 16:10 21
20150716 16:20 23.25
20150716 16:30 21.875
20150716 16:40 22.125
20150716 16:50 21.75
20150716 17:00 22.25
20150716 17:10 21.625
20150716 17:20 21.625
20150716 17:30 22.375
20150716 17:40 21.625
20150716 17:50 21.5
20150716 18:00 21.875
20150716 18:10 21.5
20150716 18:20 21.75
20150716 18:30 21.375
20150716 18:40 21.375
20150716 18:50 21.375
20150716 19:00 21.625
20150716 19:10 21.125
20150716 19:20 20.75
20150716 19:30 20.25
20150716 19:40 20.375
20150716 19:50 20.375
20150716 20:00 20.25
20150716 20:10 20
20150716 20:20 19.75
20150716 20:30 19.75
20150716 20:40 19.375
20150716 20:50 18.875
20150716 21:00 18.5
20150716 21:10 18.25
20150716 21:20 18.125
20150716 21:30 17.375
20150716 21:40 17.125
20150716 21:50 16.75
20150716 22:00 16.75
20150716 22:10 16.625
20150716 22:20 15.875
20150716 22:30 15.75
20150716 22:40 15.375
20150716 22:50 15.375
20150716 23:00 15
20150716 23:10 15
20150716 23:20 14.875
20150716 23:30 14.5
20150716 23:40 14.5
20150716 23:50 14.125
