YYYYMMDD HH:MM measured temperature
20151220 00:00 11.5
20151220 00:10 11.5
20151220 00:20 11.5
20151220 00:30 11.375
20151220 00:40 11.375
20151220 00:50 11.375
20151220 01:00 11.25
20151220 01:10 11.375
20151220 01:20 11.125
20151220 01:30 10.875
20151220 01:40 10.875
20151220 01:50 10.875
20151220 02:00 10.75
20151220 02:10 10.625
20151220 02:20 10.5
20151220 02:30 10.375
20151220 02:40 10.25
20151220 02:50 10.25
20151220 03:00 10.25
20151220 03:10 10.125
20151220 03:20 10.125
20151220 03:30 10
20151220 03:40 9.75
20151220 03:50 9.75
20151220 04:00 9.875
20151220 04:10 9.875
20151220 04:20 10
20151220 04:30 10
20151220 04:40 10.125
20151220 04:50 10
20151220 05:00 10.125
20151220 05:10 10.125
20151220 05:20 10.25
20151220 05:30 10.25
20151220 05:40 10.125
20151220 05:50 10.125
20151220 06:00 10.375
20151220 06:10 10.375
20151220 06:20 10.5
20151220 06:30 10.75
20151220 06:40 10.75
20151220 06:50 10.75
20151220 07:00 10.75
20151220 07:10 11.125
20151220 07:20 10.875
20151220 07:30 10.75
20151220 07:40 10.625
20151220 07:50 10.75
20151220 08:00 10.5
20151220 08:10 10.625
20151220 08:20 10.5
20151220 08:30 10.625
20151220 08:40 11
20151220 08:50 11
20151220 09:00 11
20151220 09:10 11.125
20151220 09:20 11
20151220 09:30 11.375
20151220 09:40 11.5
20151220 09:50 11.75
20151220 10:00 11.875
20151220 10:10 12.125
20151220 10:20 12.25
20151220 10:30 12.125
20151220 10:40 12
20151220 10:50 11.875
20151220 11:00 11.875
20151220 11:10 12
20151220 11:20 12
20151220 11:30 12.25
20151220 11:40 12.25
20151220 11:50 12.125
20151220 12:00 12.25
20151220 12:10 12.125
20151220 12:20 12
20151220 12:30 12.125
20151220 12:40 12.125
20151220 12:50 12.25
20151220 13:00 12.625
20151220 13:10 13.125
20151220 13:20 13.125
20151220 13:30 12.75
20151220 13:40 12.75
20151220 13:50 12.75
20151220 14:00 12.75
20151220 14:10 12.875
20151220 14:20 12.875
20151220 14:30 12.75
20151220 14:40 12.625
20151220 14:50 12.5
20151220 15:00 12.375
20151220 15:10 12.375
20151220 15:20 12.125
20151220 15:30 12
20151220 15:40 12
20151220 15:50 11.625
20151220 16:00 11.5
20151220 16:10 11.25
20151220 16:20 11.125
20151220 16:30 10.875
20151220 16:40 10.875
20151220 16:50 10.75
20151220 17:00 10.625
20151220 17:10 10.75
20151220 17:20 10.875
20151220 17:30 10.875
20151220 17:40 11
20151220 17:50 10.875
20151220 18:00 10.875
20151220 18:10 10.875
20151220 18:20 11
20151220 18:30 11
20151220 18:40 11
20151220 18:50 10.875
20151220 19:00 10.875
20151220 19:10 10.875
20151220 19:20 10.75
20151220 19:30 10.875
20151220 19:40 10.875
20151220 19:50 10.875
20151220 20:00 10.875
20151220 20:10 11
20151220 20:20 11
20151220 20:30 11
20151220 20:40 11
20151220 20:50 11
20151220 21:00 11
20151220 21:10 11
20151220 21:20 11.125
20151220 21:30 11.125
20151220 21:40 11
20151220 21:50 11.125
20151220 22:00 11
20151220 22:10 11.125
20151220 22:20 10.875
20151220 22:30 11
20151220 22:40 10.875
20151220 22:50 11
20151220 23:00 11
20151220 23:10 11
20151220 23:20 11.125
20151220 23:30 10.875
20151220 23:40 10.875
20151220 23:50 10.875
