YYYYMMDD HH:MM measured temperature
20150724 00:00 11.25
20150724 00:10 11.125
20150724 00:20 10.875
20150724 00:30 10.75
20150724 00:40 10.5
20150724 00:50 10.375
20150724 01:00 10.125
20150724 01:10 10.25
20150724 01:20 10.125
20150724 01:30 10.125
20150724 01:40 10.125
20150724 01:50 10
20150724 02:00 9.75
20150724 02:10 9.875
20150724 02:20 9.625
20150724 02:30 9.625
20150724 02:40 9.625
20150724 02:50 9.375
20150724 03:00 9.5
20150724 03:10 9.375
20150724 03:20 9.5
20150724 03:30 9.25
20150724 03:40 9.25
20150724 03:50 9
20150724 04:00 9.125
20150724 04:10 8.625
20150724 04:20 8.5
20150724 04:30 8.625
20150724 04:40 8.75
20150724 04:50 8.875
20150724 05:00 8.75
20150724 05:10 8.625
20150724 05:20 8.75
20150724 05:30 8.75
20150724 05:40 9
20150724 05:50 9.375
20150724 06:00 9.75
20150724 06:10 10.375
20150724 06:20 10.75
20150724 06:30 10.875
20150724 06:40 11.125
20150724 06:50 11.125
20150724 07:00 11.5
20150724 07:10 11.625
20150724 07:20 12.25
20150724 07:30 12.625
20150724 07:40 13.125
20150724 07:50 13.5
20150724 08:00 13.375
20150724 08:10 13.5
20150724 08:20 13.625
20150724 08:30 14.375
20150724 08:40 14.375
20150724 08:50 14.75
20150724 09:00 15.625
20150724 09:10 15.875
20150724 09:20 16.75
20150724 09:30 16.875
20150724 09:40 17.5
20150724 09:50 17.125
20150724 10:00 17.5
20150724 10:10 18.125
20150724 10:20 18.625
20150724 10:30 18.5
20150724 10:40 19
20150724 10:50 20
20150724 11:00 20.5
20150724 11:10 21
20150724 11:20 20.875
20150724 11:30 21.5
20150724 11:40 21.875
20150724 11:50 22.25
20150724 12:00 21.625
20150724 12:10 21.875
20150724 12:20 22.875
20150724 12:30 23.625
20150724 12:40 23.375
20150724 12:50 23.375
20150724 13:00 22.625
20150724 13:10 24.25
20150724 13:20 24.25
20150724 13:30 24.375
20150724 13:40 24.875
20150724 13:50 24.5
20150724 14:00 23.875
20150724 14:10 23.5
20150724 14:20 25.375
20150724 14:30 25
20150724 14:40 24.375
20150724 14:50 23.125
20150724 15:00 25.375
20150724 15:10 25.5
20150724 15:20 24.875
20150724 15:30 26.375
20150724 15:40 24.375
20150724 15:50 24.75
20150724 16:00 25
20150724 16:10 23.625
20150724 16:20 24
20150724 16:30 24.125
20150724 16:40 23.75
20150724 16:50 23.625
20150724 17:00 23.25
20150724 17:10 23.875
20150724 17:20 23.75
20150724 17:30 23.25
20150724 17:40 23.625
20150724 17:50 23.125
20150724 18:00 22.625
20150724 18:10 21.625
20150724 18:20 21.625
20150724 18:30 21.625
20150724 18:40 22.25
20150724 18:50 21.875
20150724 19:00 21.5
20150724 19:10 21.625
20150724 19:20 21.625
20150724 19:30 21.375
20150724 19:40 21.5
20150724 19:50 21.5
20150724 20:00 21.625
20150724 20:10 21.625
20150724 20:20 21.375
20150724 20:30 21.25
20150724 20:40 21
20150724 20:50 20.75
20150724 21:00 20.625
20150724 21:10 20.5
20150724 21:20 20.5
20150724 21:30 20.375
20150724 21:40 20.375
20150724 21:50 20.125
20150724 22:00 20.125
20150724 22:10 20
20150724 22:20 20
20150724 22:30 19.875
20150724 22:40 19.875
20150724 22:50 19.875
20150724 23:00 19.5
20150724 23:10 19.375
20150724 23:20 18.75
20150724 23:30 18.75
20150724 23:40 18.5
20150724 23:50 18.5
