YYYYMMDD HH:MM measured temperature
20151212 00:00 5.25
20151212 00:10 5.25
20151212 00:20 5.5
20151212 00:30 5.25
20151212 00:40 5.25
20151212 00:50 5.125
20151212 01:00 5
20151212 01:10 5
20151212 01:20 5.125
20151212 01:30 4.875
20151212 01:40 5
20151212 01:50 5.375
20151212 02:00 5.5
20151212 02:10 5.375
20151212 02:20 5.125
20151212 02:30 5
20151212 02:40 5
20151212 02:50 4.875
20151212 03:00 4.875
20151212 03:10 5
20151212 03:20 5.25
20151212 03:30 4.875
20151212 03:40 4.875
20151212 03:50 4.875
20151212 04:00 4.75
20151212 04:10 4.5
20151212 04:20 4.625
20151212 04:30 4.5
20151212 04:40 4.5
20151212 04:50 4.5
20151212 05:00 4.5
20151212 05:10 4.5
20151212 05:20 4.5
20151212 05:30 4.625
20151212 05:40 4.25
20151212 05:50 4.125
20151212 06:00 4.125
20151212 06:10 4.25
20151212 06:20 4.5
20151212 06:30 4.625
20151212 06:40 4.5
20151212 06:50 4.625
20151212 07:00 4.75
20151212 07:10 4.875
20151212 07:20 4.875
20151212 07:30 4.75
20151212 07:40 4.75
20151212 07:50 4.625
20151212 08:00 4.5
20151212 08:10 4.375
20151212 08:20 4.375
20151212 08:30 4.5
20151212 08:40 4.75
20151212 08:50 4.625
20151212 09:00 5
20151212 09:10 5.125
20151212 09:20 5.125
20151212 09:30 5.25
20151212 09:40 5.125
20151212 09:50 5.125
20151212 10:00 5.125
20151212 10:10 5.5
20151212 10:20 5.625
20151212 10:30 5.625
20151212 10:40 5.375
20151212 10:50 5.5
20151212 11:00 5.625
20151212 11:10 5.625
20151212 11:20 5.625
20151212 11:30 6
20151212 11:40 6.375
20151212 11:50 6.625
20151212 12:00 6.75
20151212 12:10 6.875
20151212 12:20 7
20151212 12:30 7.125
20151212 12:40 7
20151212 12:50 7.75
20151212 13:00 7.5
20151212 13:10 7.25
20151212 13:20 7
20151212 13:30 6.75
20151212 13:40 6.625
20151212 13:50 6.375
20151212 14:00 6.375
20151212 14:10 6.375
20151212 14:20 6.25
20151212 14:30 6.125
20151212 14:40 6.125
20151212 14:50 6.125
20151212 15:00 6
20151212 15:10 6
20151212 15:20 5.875
20151212 15:30 5.625
20151212 15:40 5.5
20151212 15:50 5.5
20151212 16:00 5.25
20151212 16:10 5.25
20151212 16:20 5.25
20151212 16:30 4.875
20151212 16:40 5
20151212 16:50 5
20151212 17:00 5
20151212 17:10 5
20151212 17:20 5.125
20151212 17:30 5.125
20151212 17:40 5.25
20151212 17:50 5.25
20151212 18:00 5.125
20151212 18:10 5.125
20151212 18:20 5.25
20151212 18:30 5.25
20151212 18:40 5.125
20151212 18:50 5.125
20151212 19:00 5.25
20151212 19:10 5.25
20151212 19:20 5.25
20151212 19:30 5.25
20151212 19:40 5.25
20151212 19:50 5.125
20151212 20:00 5.125
20151212 20:10 4.875
20151212 20:20 4.75
20151212 20:30 4.625
20151212 20:40 4.625
20151212 20:50 4.5
20151212 21:00 4.5
20151212 21:10 4.5
20151212 21:20 4.375
20151212 21:30 4.375
20151212 21:40 4.5
20151212 21:50 4.5
20151212 22:00 4.625
20151212 22:10 4.75
20151212 22:20 4.875
20151212 22:30 5.125
20151212 22:40 5.375
20151212 22:50 5.625
20151212 23:00 5.75
20151212 23:10 6.25
20151212 23:20 6.75
20151212 23:30 6.875
20151212 23:40 7.125
20151212 23:50 7.375
