YYYYMMDD HH:MM measured temperature
20150624 00:00 11.625
20150624 00:10 11.625
20150624 00:20 11.5
20150624 00:30 11.375
20150624 00:40 11.375
20150624 00:50 11.125
20150624 01:00 11.125
20150624 01:10 11.125
20150624 01:20 11.125
20150624 01:30 11
20150624 01:40 11
20150624 01:50 10.875
20150624 02:00 10.875
20150624 02:10 10.75
20150624 02:20 10.75
20150624 02:30 10.625
20150624 02:40 10.625
20150624 02:50 10.625
20150624 03:00 10.625
20150624 03:10 10.5
20150624 03:20 10.5
20150624 03:30 10.625
20150624 03:40 10.5
20150624 03:50 10.5
20150624 04:00 10.5
20150624 04:10 10.375
20150624 04:20 10.375
20150624 04:30 10.25
20150624 04:40 10.375
20150624 04:50 10.25
20150624 05:00 10.25
20150624 05:10 10.25
20150624 05:20 10.375
20150624 05:30 10.375
20150624 05:40 10.375
20150624 05:50 10.375
20150624 06:00 10.375
20150624 06:10 10.375
20150624 06:20 10.25
20150624 06:30 10.25
20150624 06:40 10.375
20150624 06:50 10.375
20150624 07:00 10.5
20150624 07:10 10.625
20150624 07:20 10.75
20150624 07:30 10.75
20150624 07:40 10.75
20150624 07:50 10.875
20150624 08:00 10.75
20150624 08:10 10.875
20150624 08:20 10.875
20150624 08:30 11
20150624 08:40 11.125
20150624 08:50 11.25
20150624 09:00 11.5
20150624 09:10 11.5
20150624 09:20 11.75
20150624 09:30 12
20150624 09:40 12.375
20150624 09:50 12.5
20150624 10:00 12.5
20150624 10:10 12.75
20150624 10:20 12.75
20150624 10:30 12.5
20150624 10:40 12.75
20150624 10:50 12.5
20150624 11:00 12.625
20150624 11:10 12.625
20150624 11:20 12.5
20150624 11:30 12.625
20150624 11:40 14.75
20150624 11:50 14.75
20150624 12:00 15.375
20150624 12:10 14.25
20150624 12:20 15.375
20150624 12:30 15.625
20150624 12:40 14.375
20150624 12:50 15.125
20150624 13:00 16
20150624 13:10 15
20150624 13:20 14.25
20150624 13:30 15.25
20150624 13:40 15.25
20150624 13:50 15.375
20150624 14:00 15.5
20150624 14:10 16.125
20150624 14:20 15.125
20150624 14:30 15.875
20150624 14:40 16.375
20150624 14:50 16.5
20150624 15:00 17.125
20150624 15:10 17.125
20150624 15:20 16.375
20150624 15:30 15.625
20150624 15:40 16.125
20150624 15:50 18.375
20150624 16:00 17.125
20150624 16:10 16.125
20150624 16:20 16
20150624 16:30 16
20150624 16:40 16.875
20150624 16:50 18.125
20150624 17:00 17.125
20150624 17:10 17.125
20150624 17:20 16.875
20150624 17:30 17
20150624 17:40 16.875
20150624 17:50 17
20150624 18:00 16.5
20150624 18:10 16.25
20150624 18:20 16.5
20150624 18:30 16.75
20150624 18:40 16.625
20150624 18:50 16.25
20150624 19:00 16.75
20150624 19:10 16.625
20150624 19:20 16.625
20150624 19:30 16.5
20150624 19:40 16.25
20150624 19:50 16.375
20150624 20:00 16.375
20150624 20:10 16.5
20150624 20:20 16.375
20150624 20:30 16.125
20150624 20:40 16
20150624 20:50 16
20150624 21:00 15.875
20150624 21:10 15.75
20150624 21:20 15.75
20150624 21:30 15.75
20150624 21:40 15.75
20150624 21:50 15.5
20150624 22:00 15.25
20150624 22:10 14.25
20150624 22:20 14.125
20150624 22:30 14.125
20150624 22:40 14.125
20150624 22:50 14.375
20150624 23:00 14.625
20150624 23:10 14.375
20150624 23:20 14.625
20150624 23:30 14.625
20150624 23:40 14.25
20150624 23:50 13.875
