YYYYMMDD HH:MM measured temperature
20150821 00:00 15.375
20150821 00:10 15.125
20150821 00:20 15.125
20150821 00:30 15.125
20150821 00:40 14.875
20150821 00:50 14.875
20150821 01:00 14.75
20150821 01:10 14.625
20150821 01:20 14.375
20150821 01:30 14.25
20150821 01:40 14
20150821 01:50 13.875
20150821 02:00 13.75
20150821 02:10 13.5
20150821 02:20 13.375
20150821 02:30 13.25
20150821 02:40 12.625
20150821 02:50 12.75
20150821 03:00 12.875
20150821 03:10 12.875
20150821 03:20 12.75
20150821 03:30 12.75
20150821 03:40 12.75
20150821 03:50 12.75
20150821 04:00 12.75
20150821 04:10 12.875
20150821 04:20 12.875
20150821 04:30 12.75
20150821 04:40 12.625
20150821 04:50 12.625
20150821 05:00 12.625
20150821 05:10 12.5
20150821 05:20 12.625
20150821 05:30 12.75
20150821 05:40 12.5
20150821 05:50 12.5
20150821 06:00 12.5
20150821 06:10 12.375
20150821 06:20 12.25
20150821 06:30 12.25
20150821 06:40 12.625
20150821 06:50 12.75
20150821 07:00 12.875
20150821 07:10 13
20150821 07:20 13.25
20150821 07:30 13.5
20150821 07:40 13.75
20150821 07:50 14
20150821 08:00 14.25
20150821 08:10 14.5
20150821 08:20 14.75
20150821 08:30 15.25
20150821 08:40 15.625
20150821 08:50 16.5
20150821 09:00 17.25
20150821 09:10 17.75
20150821 09:20 18.125
20150821 09:30 18.625
20150821 09:40 19.125
20150821 09:50 19.625
20150821 10:00 20.125
20150821 10:10 20.5
20150821 10:20 21
20150821 10:30 21.125
20150821 10:40 21.125
20150821 10:50 21.5
20150821 11:00 22.125
20150821 11:10 22
20150821 11:20 22.5
20150821 11:30 22.5
20150821 11:40 22.625
20150821 11:50 23
20150821 12:00 23.25
20150821 12:10 23.25
20150821 12:20 23.625
20150821 12:30 23.875
20150821 12:40 24.125
20150821 12:50 24.5
20150821 13:00 24.375
20150821 13:10 24.25
20150821 13:20 24.625
20150821 13:30 25.5
20150821 13:40 24.75
20150821 13:50 25.125
20150821 14:00 25.75
20150821 14:10 25.625
20150821 14:20 25.375
20150821 14:30 25.625
20150821 14:40 25.75
20150821 14:50 25.875
20150821 15:00 25.5
20150821 15:10 26
20150821 15:20 25.75
20150821 15:30 25.625
20150821 15:40 25.75
20150821 15:50 25.75
20150821 16:00 25.375
20150821 16:10 25.25
20150821 16:20 25.375
20150821 16:30 25
20150821 16:40 24.5
20150821 16:50 24.625
20150821 17:00 23.75
20150821 17:10 24.25
20150821 17:20 24.625
20150821 17:30 24.125
20150821 17:40 23.875
20150821 17:50 23.5
20150821 18:00 23.5
20150821 18:10 23.375
20150821 18:20 23.25
20150821 18:30 22.75
20150821 18:40 22.625
20150821 18:50 22.375
20150821 19:00 22.25
20150821 19:10 21.75
20150821 19:20 21.625
20150821 19:30 21.25
20150821 19:40 20.75
20150821 19:50 20.375
20150821 20:00 19.625
20150821 20:10 19
20150821 20:20 18.75
20150821 20:30 18.125
20150821 20:40 17.625
20150821 20:50 17.25
20150821 21:00 16.875
20150821 21:10 16.5
20150821 21:20 16.25
20150821 21:30 16
20150821 21:40 15.875
20150821 21:50 15.75
20150821 22:00 15.625
20150821 22:10 15.375
20150821 22:20 15.375
20150821 22:30 15.125
20150821 22:40 15.125
20150821 22:50 14.75
20150821 23:00 14.625
20150821 23:10 14.5
20150821 23:20 14.125
20150821 23:30 14.25
20150821 23:40 13.875
20150821 23:50 13.75
