YYYYMMDD HH:MM measured temperature
20150918 00:00 12.875
20150918 00:10 13
20150918 00:20 12.875
20150918 00:30 12.875
20150918 00:40 12.875
20150918 00:50 13.125
20150918 01:00 13.125
20150918 01:10 13
20150918 01:20 12.75
20150918 01:30 12.625
20150918 01:40 12.375
20150918 01:50 12.125
20150918 02:00 12.125
20150918 02:10 12
20150918 02:20 12
20150918 02:30 12
20150918 02:40 11.875
20150918 02:50 11.625
20150918 03:00 11.625
20150918 03:10 11.75
20150918 03:20 11.75
20150918 03:30 11.5
20150918 03:40 11.375
20150918 03:50 11.375
20150918 04:00 11.375
20150918 04:10 11.375
20150918 04:20 11.375
20150918 04:30 11.25
20150918 04:40 11.375
20150918 04:50 11.375
20150918 05:00 11.375
20150918 05:10 11.25
20150918 05:20 11.125
20150918 05:30 10.875
20150918 05:40 10.875
20150918 05:50 10.75
20150918 06:00 10.75
20150918 06:10 10.875
20150918 06:20 10.875
20150918 06:30 10.875
20150918 06:40 10.875
20150918 06:50 10.75
20150918 07:00 10.875
20150918 07:10 10.75
20150918 07:20 11
20150918 07:30 11.25
20150918 07:40 11.375
20150918 07:50 11.5
20150918 08:00 11.625
20150918 08:10 11.5
20150918 08:20 11.625
20150918 08:30 11.75
20150918 08:40 11.75
20150918 08:50 11.75
20150918 09:00 12.125
20150918 09:10 12.25
20150918 09:20 12.5
20150918 09:30 12.5
20150918 09:40 12.625
20150918 09:50 13.25
20150918 10:00 13.875
20150918 10:10 13.875
20150918 10:20 13.875
20150918 10:30 14.625
20150918 10:40 14.75
20150918 10:50 15.125
20150918 11:00 15.5
20150918 11:10 15.75
20150918 11:20 15.875
20150918 11:30 16.5
20150918 11:40 16.25
20150918 11:50 16.375
20150918 12:00 16.75
20150918 12:10 16.5
20150918 12:20 17
20150918 12:30 16.25
20150918 12:40 17.25
20150918 12:50 16.875
20150918 13:00 18.125
20150918 13:10 18.625
20150918 13:20 18.625
20150918 13:30 18.625
20150918 13:40 18.5
20150918 13:50 17.5
20150918 14:00 17.25
20150918 14:10 17.25
20150918 14:20 17.375
20150918 14:30 18.125
20150918 14:40 19
20150918 14:50 19.125
20150918 15:00 19.5
20150918 15:10 19
20150918 15:20 19.375
20150918 15:30 18.75
20150918 15:40 19.75
20150918 15:50 18.75
20150918 16:00 18.375
20150918 16:10 19.625
20150918 16:20 18.75
20150918 16:30 19.25
20150918 16:40 19.125
20150918 16:50 19.25
20150918 17:00 19.125
20150918 17:10 18.875
20150918 17:20 18.75
20150918 17:30 18.5
20150918 17:40 18.5
20150918 17:50 18.125
20150918 18:00 17.875
20150918 18:10 17.25
20150918 18:20 17
20150918 18:30 16.875
20150918 18:40 16.25
20150918 18:50 15.875
20150918 19:00 15.5
20150918 19:10 15.625
20150918 19:20 15.625
20150918 19:30 15.75
20150918 19:40 15
20150918 19:50 14.625
20150918 20:00 14.5
20150918 20:10 14.5
20150918 20:20 14.375
20150918 20:30 15.125
20150918 20:40 14.25
20150918 20:50 13.875
20150918 21:00 13.5
20150918 21:10 13.375
20150918 21:20 13.375
20150918 21:30 13
20150918 21:40 12.875
20150918 21:50 12.875
20150918 22:00 12.75
20150918 22:10 12.625
20150918 22:20 12.625
20150918 22:30 12.75
20150918 22:40 13.125
20150918 22:50 13.375
20150918 23:00 13.5
20150918 23:10 13.5
20150918 23:20 13.5
20150918 23:30 13.125
20150918 23:40 12.75
20150918 23:50 12.5
