YYYYMMDD HH:MM measured temperature
20151011 00:00 3.25
20151011 00:10 3.125
20151011 00:20 3.125
20151011 00:30 2.875
20151011 00:40 2.875
20151011 00:50 2.875
20151011 01:00 2.75
20151011 01:10 2.75
20151011 01:20 2.375
20151011 01:30 2.25
20151011 01:40 2
20151011 01:50 2
20151011 02:00 2
20151011 02:10 1.875
20151011 02:20 1.875
20151011 02:30 1.75
20151011 02:40 1.75
20151011 02:50 1.75
20151011 03:00 1.75
20151011 03:10 1.75
20151011 03:20 1.75
20151011 03:30 1.625
20151011 03:40 1.625
20151011 03:50 1.5
20151011 04:00 1.5
20151011 04:10 1.25
20151011 04:20 1.25
20151011 04:30 1.25
20151011 04:40 1.375
20151011 04:50 1.125
20151011 05:00 1
20151011 05:10 1
20151011 05:20 0.875
20151011 05:30 1
20151011 05:40 1.125
20151011 05:50 1
20151011 06:00 0.875
20151011 06:10 0.875
20151011 06:20 0.75
20151011 06:30 0.875
20151011 06:40 1
20151011 06:50 0.625
20151011 07:00 0.75
20151011 07:10 0.5
20151011 07:20 0.25
20151011 07:30 0.25
20151011 07:40 0.25
20151011 07:50 0.375
20151011 08:00 0.25
20151011 08:10 0.5
20151011 08:20 0.875
20151011 08:30 1.125
20151011 08:40 1.5
20151011 08:50 1.875
20151011 09:00 2.25
20151011 09:10 2.5
20151011 09:20 3.375
20151011 09:30 3.625
20151011 09:40 4
20151011 09:50 4.625
20151011 10:00 5.125
20151011 10:10 5.625
20151011 10:20 5.75
20151011 10:30 6.25
20151011 10:40 6.625
20151011 10:50 7
20151011 11:00 7.25
20151011 11:10 7.625
20151011 11:20 7.625
20151011 11:30 8
20151011 11:40 8
20151011 11:50 8.25
20151011 12:00 8.5
20151011 12:10 8.625
20151011 12:20 9.125
20151011 12:30 9.375
20151011 12:40 9.5
20151011 12:50 9.75
20151011 13:00 9.625
20151011 13:10 10.125
20151011 13:20 10.625
20151011 13:30 10.625
20151011 13:40 10.375
20151011 13:50 10.25
20151011 14:00 10.5
20151011 14:10 11
20151011 14:20 10.625
20151011 14:30 10.5
20151011 14:40 10.625
20151011 14:50 10.5
20151011 15:00 10.875
20151011 15:10 10.875
20151011 15:20 11
20151011 15:30 11.25
20151011 15:40 10.5
20151011 15:50 10.625
20151011 16:00 10.875
20151011 16:10 10.625
20151011 16:20 10.5
20151011 16:30 10.25
20151011 16:40 10
20151011 16:50 9.625
20151011 17:00 9.75
20151011 17:10 9.375
20151011 17:20 9.125
20151011 17:30 8.875
20151011 17:40 8.5
20151011 17:50 8.375
20151011 18:00 8.125
20151011 18:10 7.625
20151011 18:20 7.5
20151011 18:30 6.75
20151011 18:40 6.625
20151011 18:50 6
20151011 19:00 5.875
20151011 19:10 5.75
20151011 19:20 5.875
20151011 19:30 5.5
20151011 19:40 5
20151011 19:50 5
20151011 20:00 4.875
20151011 20:10 4.75
20151011 20:20 4.5
20151011 20:30 4.125
20151011 20:40 4
20151011 20:50 3.75
20151011 21:00 3.625
20151011 21:10 3.375
20151011 21:20 3.375
20151011 21:30 3.125
20151011 21:40 3
20151011 21:50 2.875
20151011 22:00 2.75
20151011 22:10 2.75
20151011 22:20 2.5
20151011 22:30 2.5
20151011 22:40 2.5
20151011 22:50 2.25
20151011 23:00 2.125
20151011 23:10 2.125
20151011 23:20 2.125
20151011 23:30 2.125
20151011 23:40 2.125
20151011 23:50 2
