YYYYMMDD HH:MM measured temperature
20150128 00:00 2.25
20150128 00:10 2.375
20150128 00:20 2.375
20150128 00:30 2.375
20150128 00:40 2.375
20150128 00:50 2.5
20150128 01:00 2.625
20150128 01:10 2.75
20150128 01:20 2.75
20150128 01:30 2.875
20150128 01:40 3
20150128 01:50 3.125
20150128 02:00 3.375
20150128 02:10 3.5
20150128 02:20 3.5
20150128 02:30 3.625
20150128 02:40 3.625
20150128 02:50 3.5
20150128 03:00 3.5
20150128 03:10 3.5
20150128 03:20 3.5
20150128 03:30 3.375
20150128 03:40 3.5
20150128 03:50 3.5
20150128 04:00 3.375
20150128 04:10 3.375
20150128 04:20 3.375
20150128 04:30 3.375
20150128 04:40 3.375
20150128 04:50 3.375
20150128 05:00 3.5
20150128 05:10 3.5
20150128 05:20 3.5
20150128 05:30 3.625
20150128 05:40 3.625
20150128 05:50 3.625
20150128 06:00 3.625
20150128 06:10 3.625
20150128 06:20 3.625
20150128 06:30 3.625
20150128 06:40 3.625
20150128 06:50 3.625
20150128 07:00 3.625
20150128 07:10 3.75
20150128 07:20 3.75
20150128 07:30 3.75
20150128 07:40 3.75
20150128 07:50 3.75
20150128 08:00 3.75
20150128 08:10 3.75
20150128 08:20 3.75
20150128 08:30 3.75
20150128 08:40 3.625
20150128 08:50 3.625
20150128 09:00 3.625
20150128 09:10 3.75
20150128 09:20 3.75
20150128 09:30 3.875
20150128 09:40 4
20150128 09:50 4
20150128 10:00 4.125
20150128 10:10 4.125
20150128 10:20 4.25
20150128 10:30 4.25
20150128 10:40 4.375
20150128 10:50 4.375
20150128 11:00 4.375
20150128 11:10 4.375
20150128 11:20 4.5
20150128 11:30 4.5
20150128 11:40 4.625
20150128 11:50 4.75
20150128 12:00 4.875
20150128 12:10 5
20150128 12:20 5.125
20150128 12:30 4.875
20150128 12:40 4.875
20150128 12:50 5
20150128 13:00 5
20150128 13:10 5.125
20150128 13:20 5.125
20150128 13:30 5.25
20150128 13:40 5.125
20150128 13:50 5.25
20150128 14:00 5.25
20150128 14:10 5.5
20150128 14:20 5.5
20150128 14:30 5.625
20150128 14:40 5.625
20150128 14:50 5.625
20150128 15:00 5.75
20150128 15:10 5.75
20150128 15:20 5.75
20150128 15:30 5.875
20150128 15:40 5.875
20150128 15:50 5.75
20150128 16:00 5.5
20150128 16:10 5.25
20150128 16:20 4.875
20150128 16:30 4.875
20150128 16:40 4.75
20150128 16:50 4.625
20150128 17:00 4.5
20150128 17:10 4.375
20150128 17:20 4.125
20150128 17:30 4
20150128 17:40 3.875
20150128 17:50 3.875
20150128 18:00 3.75
20150128 18:10 3.75
20150128 18:20 3.75
20150128 18:30 3.75
20150128 18:40 3.875
20150128 18:50 4
20150128 19:00 4.125
20150128 19:10 4.125
20150128 19:20 4
20150128 19:30 4
20150128 19:40 3.875
20150128 19:50 3.75
20150128 20:00 3.625
20150128 20:10 3.625
20150128 20:20 3.75
20150128 20:30 3.625
20150128 20:40 3.375
20150128 20:50 3.375
20150128 21:00 3.125
20150128 21:10 1.5
20150128 21:20 2.25
20150128 21:30 2.625
20150128 21:40 2.5
20150128 21:50 2.375
20150128 22:00 2.25
20150128 22:10 2.25
20150128 22:20 2.125
20150128 22:30 2.125
20150128 22:40 2.125
20150128 22:50 2.25
20150128 23:00 2.375
20150128 23:10 2.375
20150128 23:20 2.25
20150128 23:30 2.5
20150128 23:40 2.5
20150128 23:50 2.75
