YYYYMMDD HH:MM measured temperature
20151008 00:00 13.875
20151008 00:10 13.625
20151008 00:20 13.375
20151008 00:30 13.125
20151008 00:40 13.25
20151008 00:50 13.125
20151008 01:00 13.375
20151008 01:10 13.375
20151008 01:20 13.375
20151008 01:30 13.5
20151008 01:40 13.375
20151008 01:50 13.25
20151008 02:00 12.875
20151008 02:10 13
20151008 02:20 12.75
20151008 02:30 13.125
20151008 02:40 13
20151008 02:50 12.875
20151008 03:00 13
20151008 03:10 13
20151008 03:20 13.125
20151008 03:30 13.125
20151008 03:40 13.25
20151008 03:50 13.25
20151008 04:00 13.375
20151008 04:10 13.375
20151008 04:20 13.375
20151008 04:30 13.25
20151008 04:40 13.25
20151008 04:50 13.375
20151008 05:00 13.25
20151008 05:10 13.25
20151008 05:20 13.25
20151008 05:30 13.25
20151008 05:40 13.25
20151008 05:50 13.25
20151008 06:00 13.25
20151008 06:10 13.25
20151008 06:20 13.25
20151008 06:30 13.25
20151008 06:40 13.25
20151008 06:50 13.25
20151008 07:00 13.25
20151008 07:10 13.25
20151008 07:20 13.25
20151008 07:30 13.25
20151008 07:40 13.25
20151008 07:50 13.25
20151008 08:00 13.25
20151008 08:10 13.25
20151008 08:20 13.375
20151008 08:30 13.375
20151008 08:40 13.375
20151008 08:50 13.375
20151008 09:00 13.5
20151008 09:10 13.5
20151008 09:20 13.5
20151008 09:30 13.625
20151008 09:40 13.625
20151008 09:50 13.75
20151008 10:00 13.75
20151008 10:10 13.875
20151008 10:20 14
20151008 10:30 14.375
20151008 10:40 14.375
20151008 10:50 14.75
20151008 11:00 14.75
20151008 11:10 15
20151008 11:20 15.25
20151008 11:30 15.375
20151008 11:40 15.5
20151008 11:50 15.5
20151008 12:00 16
20151008 12:10 16
20151008 12:20 15.75
20151008 12:30 15.5
20151008 12:40 15.625
20151008 12:50 15.125
20151008 13:00 15.25
20151008 13:10 15
20151008 13:20 15.375
20151008 13:30 16
20151008 13:40 15.625
20151008 13:50 16.125
20151008 14:00 16.125
20151008 14:10 16.625
20151008 14:20 17.375
20151008 14:30 16.375
20151008 14:40 15.75
20151008 14:50 15.75
20151008 15:00 15.875
20151008 15:10 15.75
20151008 15:20 15.375
20151008 15:30 15.375
20151008 15:40 15.375
20151008 15:50 15.5
20151008 16:00 15.75
20151008 16:10 15.875
20151008 16:20 15.625
20151008 16:30 15.875
20151008 16:40 15.875
20151008 16:50 15.875
20151008 17:00 15.75
20151008 17:10 15.5
20151008 17:20 15.375
20151008 17:30 15.25
20151008 17:40 15.25
20151008 17:50 15.125
20151008 18:00 15
20151008 18:10 14.875
20151008 18:20 14.625
20151008 18:30 14.625
20151008 18:40 14.5
20151008 18:50 14.5
20151008 19:00 14.375
20151008 19:10 14.125
20151008 19:20 14.125
20151008 19:30 14.125
20151008 19:40 14.125
20151008 19:50 14.125
20151008 20:00 14
20151008 20:10 14.125
20151008 20:20 14
20151008 20:30 13.875
20151008 20:40 13.875
20151008 20:50 13.875
20151008 21:00 13.875
20151008 21:10 13.75
20151008 21:20 13.875
20151008 21:30 13.875
20151008 21:40 13.875
20151008 21:50 13.875
20151008 22:00 14
20151008 22:10 13.875
20151008 22:20 13.75
20151008 22:30 13.75
20151008 22:40 13.625
20151008 22:50 13.5
20151008 23:00 13.625
20151008 23:10 13.625
20151008 23:20 13.5
20151008 23:30 13.5
20151008 23:40 13.375
20151008 23:50 13.375
