YYYYMMDD HH:MM measured temperature
20150818 00:00 17.5
20150818 00:10 17.5
20150818 00:20 17.5625
20150818 00:30 17.5625
20150818 00:40 17.5625
20150818 00:50 17.625
20150818 01:00 17.625
20150818 01:10 17.5625
20150818 01:20 17.625
20150818 01:30 17.6875
20150818 01:40 17.75
20150818 01:50 17.875
20150818 02:00 17.875
20150818 02:10 17.6875
20150818 02:20 17.5
20150818 02:30 17.3125
20150818 02:40 17.1875
20150818 02:50 17.0625
20150818 03:00 17.125
20150818 03:10 17
20150818 03:20 16.9375
20150818 03:30 16.875
20150818 03:40 16.875
20150818 03:50 16.875
20150818 04:00 16.875
20150818 04:10 16.875
20150818 04:20 16.875
20150818 04:30 16.8125
20150818 04:40 16.75
20150818 04:50 16.8125
20150818 05:00 16.75
20150818 05:10 16.875
20150818 05:20 16.5
20150818 05:30 16.125
20150818 05:40 15.875
20150818 05:50 15.9375
20150818 06:00 16
20150818 06:10 15.8125
20150818 06:20 15.5
20150818 06:30 15.5
20150818 06:40 15.5
20150818 06:50 15.375
20150818 07:00 15.5
20150818 07:10 15.5
20150818 07:20 15.5
20150818 07:30 15.5
20150818 07:40 15.5
20150818 07:50 15.5
20150818 08:00 15.5
20150818 08:10 15.625
20150818 08:20 15.75
20150818 08:30 15.75
20150818 08:40 15.875
20150818 08:50 16
20150818 09:00 16
20150818 09:10 15.875
20150818 09:20 15.875
20150818 09:30 16
20150818 09:40 16
20150818 09:50 16.25
20150818 10:00 16.25
20150818 10:10 16.25
20150818 10:20 16.75
20150818 10:30 16.25
20150818 10:40 16.25
20150818 10:50 16.375
20150818 11:00 16.375
20150818 11:10 16.25
20150818 11:20 16.375
20150818 11:30 16.375
20150818 11:40 16.375
20150818 11:50 16.125
20150818 12:00 16.375
20150818 12:10 16.5
20150818 12:20 16.5
20150818 12:30 16.375
20150818 12:40 16.375
20150818 12:50 16.375
20150818 13:00 17
20150818 13:10 17
20150818 13:20 16.25
20150818 13:30 16.125
20150818 13:40 16.375
20150818 13:50 16.25
20150818 14:00 16.625
20150818 14:10 16.75
20150818 14:20 16.375
20150818 14:30 16.625
20150818 14:40 16.25
20150818 14:50 16.75
20150818 15:00 16.875
20150818 15:10 16.25
20150818 15:20 16.5
20150818 15:30 16.125
20150818 15:40 16.375
20150818 15:50 16.75
20150818 16:00 16.875
20150818 16:10 16.875
20150818 16:20 16.625
20150818 16:30 16.5
20150818 16:40 16.375
20150818 16:50 15.875
20150818 17:00 15.75
20150818 17:10 16.125
20150818 17:20 16
20150818 17:30 15.625
20150818 17:40 15.625
20150818 17:50 15.5
20150818 18:00 15.375
20150818 18:10 15.375
20150818 18:20 15.625
20150818 18:30 15.5
20150818 18:40 15.375
20150818 18:50 15.25
20150818 19:00 15.375
20150818 19:10 15.125
20150818 19:20 15.125
20150818 19:30 15.25
20150818 19:40 15.125
20150818 19:50 15.125
20150818 20:00 15.125
20150818 20:10 15.125
20150818 20:20 15.125
20150818 20:30 15.125
20150818 20:40 15.125
20150818 20:50 15
20150818 21:00 15
20150818 21:10 15
20150818 21:20 15.125
20150818 21:30 15
20150818 21:40 14.875
20150818 21:50 15
20150818 22:00 15
20150818 22:10 15
20150818 22:20 15
20150818 22:30 15
20150818 22:40 15
20150818 22:50 14.875
20150818 23:00 15
20150818 23:10 15
20150818 23:20 15
20150818 23:30 15
20150818 23:40 15
20150818 23:50 15
