YYYYMMDD HH:MM measured temperature
20151117 00:00 9.875
20151117 00:10 9.875
20151117 00:20 9.875
20151117 00:30 9.875
20151117 00:40 9.875
20151117 00:50 9.875
20151117 01:00 9.875
20151117 01:10 9.875
20151117 01:20 10
20151117 01:30 9.875
20151117 01:40 9.875
20151117 01:50 9.875
20151117 02:00 9.75
20151117 02:10 9.625
20151117 02:20 9.625
20151117 02:30 9.5
20151117 02:40 9.5
20151117 02:50 9.5
20151117 03:00 9.5
20151117 03:10 9.375
20151117 03:20 9.375
20151117 03:30 9.5
20151117 03:40 9.75
20151117 03:50 9.875
20151117 04:00 10.125
20151117 04:10 10.25
20151117 04:20 10.25
20151117 04:30 10.25
20151117 04:40 10.125
20151117 04:50 10
20151117 05:00 10
20151117 05:10 9.875
20151117 05:20 9.75
20151117 05:30 9.75
20151117 05:40 9.625
20151117 05:50 9.5
20151117 06:00 9.5
20151117 06:10 9.375
20151117 06:20 9.375
20151117 06:30 9.375
20151117 06:40 9.375
20151117 06:50 9.375
20151117 07:00 9.5
20151117 07:10 9.5
20151117 07:20 9.5
20151117 07:30 9.375
20151117 07:40 9.375
20151117 07:50 9.375
20151117 08:00 9.375
20151117 08:10 9.5
20151117 08:20 9.5
20151117 08:30 9.625
20151117 08:40 9.75
20151117 08:50 9.75
20151117 09:00 9.75
20151117 09:10 9.875
20151117 09:20 9.875
20151117 09:30 10
20151117 09:40 10
20151117 09:50 10.125
20151117 10:00 10.125
20151117 10:10 10.125
20151117 10:20 10.25
20151117 10:30 10.25
20151117 10:40 10.5
20151117 10:50 10.625
20151117 11:00 10.625
20151117 11:10 10.75
20151117 11:20 10.75
20151117 11:30 10.75
20151117 11:40 10.75
20151117 11:50 10.875
20151117 12:00 11
20151117 12:10 11.125
20151117 12:20 11.25
20151117 12:30 11.125
20151117 12:40 11.125
20151117 12:50 11.25
20151117 13:00 11.375
20151117 13:10 11.625
20151117 13:20 11.625
20151117 13:30 11.5
20151117 13:40 11.375
20151117 13:50 11.25
20151117 14:00 11.375
20151117 14:10 11.25
20151117 14:20 11.375
20151117 14:30 11.25
20151117 14:40 11.25
20151117 14:50 11.375
20151117 15:00 11.5
20151117 15:10 11.5
20151117 15:20 11.375
20151117 15:30 11.375
20151117 15:40 11.375
20151117 15:50 11.375
20151117 16:00 11.375
20151117 16:10 11.5
20151117 16:20 11.5
20151117 16:30 11.5
20151117 16:40 11.625
20151117 16:50 11.75
20151117 17:00 11.75
20151117 17:10 11.875
20151117 17:20 12
20151117 17:30 12
20151117 17:40 12
20151117 17:50 12.125
20151117 18:00 12.125
20151117 18:10 12.125
20151117 18:20 12.25
20151117 18:30 12.25
20151117 18:40 12.25
20151117 18:50 12.25
20151117 19:00 12.125
20151117 19:10 12
20151117 19:20 12.125
20151117 19:30 12
20151117 19:40 12
20151117 19:50 11.875
20151117 20:00 11.875
20151117 20:10 12
20151117 20:20 11.875
20151117 20:30 12
20151117 20:40 11.875
20151117 20:50 11.75
20151117 21:00 11.625
20151117 21:10 11.625
20151117 21:20 11.625
20151117 21:30 11.875
20151117 21:40 12.25
20151117 21:50 12.75
20151117 22:00 13
20151117 22:10 13
20151117 22:20 13.25
20151117 22:30 13.375
20151117 22:40 13.5
20151117 22:50 13.5
20151117 23:00 13.75
20151117 23:10 13.625
20151117 23:20 13.75
20151117 23:30 14
20151117 23:40 14
20151117 23:50 13.875
