YYYYMMDD HH:MM measured temperature
20150312 00:00 3
20150312 00:10 2.875
20150312 00:20 2.875
20150312 00:30 2.625
20150312 00:40 2.5
20150312 00:50 1.875
20150312 01:00 2.25
20150312 01:10 2.25
20150312 01:20 1.875
20150312 01:30 1.25
20150312 01:40 2
20150312 01:50 2
20150312 02:00 1.625
20150312 02:10 1.75
20150312 02:20 1.625
20150312 02:30 1.25
20150312 02:40 1.25
20150312 02:50 0.5
20150312 03:00 -0.125
20150312 03:10 0
20150312 03:20 -0.25
20150312 03:30 0
20150312 03:40 0
20150312 03:50 0.375
20150312 04:00 0.875
20150312 04:10 0.5
20150312 04:20 0.5
20150312 04:30 0.5
20150312 04:40 -0.25
20150312 04:50 -0.125
20150312 05:00 -0.125
20150312 05:10 -0.375
20150312 05:20 0
20150312 05:30 -0.375
20150312 05:40 -0.125
20150312 05:50 -0.25
20150312 06:00 -0.375
20150312 06:10 -0.25
20150312 06:20 -0.375
20150312 06:30 -0.5
20150312 06:40 -0.625
20150312 06:50 -0.25
20150312 07:00 -0.25
20150312 07:10 -0.625
20150312 07:20 -0.75
20150312 07:30 -1
20150312 07:40 -1.125
20150312 07:50 -1.25
20150312 08:00 -1.25
20150312 08:10 -1
20150312 08:20 -1
20150312 08:30 0.125
20150312 08:40 0.375
20150312 08:50 0.75
20150312 09:00 1.5
20150312 09:10 1.875
20150312 09:20 2.75
20150312 09:30 3.125
20150312 09:40 3.875
20150312 09:50 4.875
20150312 10:00 5.25
20150312 10:10 4.875
20150312 10:20 5.5
20150312 10:30 5.875
20150312 10:40 6.125
20150312 10:50 7.125
20150312 11:00 7.875
20150312 11:10 7.375
20150312 11:20 7.25
20150312 11:30 7.375
20150312 11:40 7.5
20150312 11:50 7.625
20150312 12:00 7.75
20150312 12:10 8
20150312 12:20 9
20150312 12:30 10
20150312 12:40 11.625
20150312 12:50 11.625
20150312 13:00 12.75
20150312 13:10 15
20150312 13:20 15.75
20150312 13:30 16.125
20150312 13:40 14.375
20150312 13:50 12.125
20150312 14:00 12.75
20150312 14:10 13.25
20150312 14:20 10.5
20150312 14:30 13.75
20150312 14:40 12.875
20150312 14:50 14.125
20150312 15:00 13.5
20150312 15:10 13.25
20150312 15:20 13.625
20150312 15:30 12.25
20150312 15:40 12
20150312 15:50 11.875
20150312 16:00 9.875
20150312 16:10 10.75
20150312 16:20 12.125
20150312 16:30 11.125
20150312 16:40 10.125
20150312 16:50 10.625
20150312 17:00 10.125
20150312 17:10 10.5
20150312 17:20 10.125
20150312 17:30 9.75
20150312 17:40 9.375
20150312 17:50 9.375
20150312 18:00 9.5
20150312 18:10 9.125
20150312 18:20 8.75
20150312 18:30 8.375
20150312 18:40 8.125
20150312 18:50 7.875
20150312 19:00 7.375
20150312 19:10 7.125
20150312 19:20 6.875
20150312 19:30 6.375
20150312 19:40 6.25
20150312 19:50 6
20150312 20:00 5.875
20150312 20:10 5.375
20150312 20:20 5.125
20150312 20:30 4.625
20150312 20:40 4.375
20150312 20:50 4.25
20150312 21:00 4.25
20150312 21:10 4.125
20150312 21:20 4
20150312 21:30 3.625
20150312 21:40 3.625
20150312 21:50 3.5
20150312 22:00 3.375
20150312 22:10 3.125
20150312 22:20 3.125
20150312 22:30 3
20150312 22:40 2.875
20150312 22:50 2.75
20150312 23:00 2.75
20150312 23:10 2.5
20150312 23:20 2.5
20150312 23:30 2.375
20150312 23:40 2.125
20150312 23:50 1.875
