YYYYMMDD HH:MM measured temperature
20150427 00:00 7
20150427 00:10 7
20150427 00:20 7
20150427 00:30 7
20150427 00:40 7
20150427 00:50 7
20150427 01:00 7
20150427 01:10 7
20150427 01:20 7
20150427 01:30 6.875
20150427 01:40 6.875
20150427 01:50 6.875
20150427 02:00 6.875
20150427 02:10 6.875
20150427 02:20 6.875
20150427 02:30 6.75
20150427 02:40 6.75
20150427 02:50 6.75
20150427 03:00 6.625
20150427 03:10 6.625
20150427 03:20 6.625
20150427 03:30 6.5
20150427 03:40 6.5
20150427 03:50 6.25
20150427 04:00 6.375
20150427 04:10 6.125
20150427 04:20 6.25
20150427 04:30 6.125
20150427 04:40 6.125
20150427 04:50 6
20150427 05:00 5.875
20150427 05:10 5.875
20150427 05:20 5.75
20150427 05:30 5.75
20150427 05:40 5.625
20150427 05:50 5.5
20150427 06:00 5.5
20150427 06:10 5.5
20150427 06:20 5.5
20150427 06:30 5.375
20150427 06:40 5.25
20150427 06:50 5.25
20150427 07:00 5
20150427 07:10 5
20150427 07:20 5.125
20150427 07:30 5.25
20150427 07:40 5.375
20150427 07:50 5.5
20150427 08:00 5.75
20150427 08:10 5.875
20150427 08:20 6
20150427 08:30 6
20150427 08:40 6.125
20150427 08:50 6
20150427 09:00 6.25
20150427 09:10 6.375
20150427 09:20 6.625
20150427 09:30 7
20150427 09:40 7
20150427 09:50 7.5
20150427 10:00 7.125
20150427 10:10 7.375
20150427 10:20 7.5
20150427 10:30 8
20150427 10:40 8.25
20150427 10:50 8
20150427 11:00 7.75
20150427 11:10 8.375
20150427 11:20 8.125
20150427 11:30 8.25
20150427 11:40 8.875
20150427 11:50 8.875
20150427 12:00 9.75
20150427 12:10 9.25
20150427 12:20 9.375
20150427 12:30 9.5
20150427 12:40 10.125
20150427 12:50 10.5
20150427 13:00 10.375
20150427 13:10 10.875
20150427 13:20 11
20150427 13:30 10.75
20150427 13:40 11.375
20150427 13:50 11.25
20150427 14:00 11.25
20150427 14:10 11.75
20150427 14:20 11
20150427 14:30 11.5
20150427 14:40 11.75
20150427 14:50 11.5
20150427 15:00 12.125
20150427 15:10 12.375
20150427 15:20 11.875
20150427 15:30 11.5
20150427 15:40 11.75
20150427 15:50 12
20150427 16:00 11.875
20150427 16:10 12
20150427 16:20 11.125
20150427 16:30 11.75
20150427 16:40 12
20150427 16:50 10.625
20150427 17:00 10.75
20150427 17:10 11.25
20150427 17:20 10.875
20150427 17:30 10.625
20150427 17:40 11
20150427 17:50 10.625
20150427 18:00 10.375
20150427 18:10 10
20150427 18:20 10
20150427 18:30 9.875
20150427 18:40 9.5
20150427 18:50 9.375
20150427 19:00 9.125
20150427 19:10 8.875
20150427 19:20 8.5
20150427 19:30 8.375
20150427 19:40 8
20150427 19:50 7.875
20150427 20:00 7.5
20150427 20:10 7.25
20150427 20:20 7
20150427 20:30 6.75
20150427 20:40 6.375
20150427 20:50 6.25
20150427 21:00 6.125
20150427 21:10 6
20150427 21:20 6
20150427 21:30 5.875
20150427 21:40 5.75
20150427 21:50 5.625
20150427 22:00 5.375
20150427 22:10 5.25
20150427 22:20 5.125
20150427 22:30 4.875
20150427 22:40 4.75
20150427 22:50 4.625
20150427 23:00 4.375
20150427 23:10 4.25
20150427 23:20 4.125
20150427 23:30 4
20150427 23:40 3.875
20150427 23:50 3.875
