YYYYMMDD HH:MM measured temperature
20151227 00:00 11.5
20151227 00:10 11.5
20151227 00:20 11.375
20151227 00:30 11.5
20151227 00:40 11.375
20151227 00:50 11.25
20151227 01:00 11.25
20151227 01:10 11
20151227 01:20 11
20151227 01:30 11.125
20151227 01:40 11.125
20151227 01:50 11.125
20151227 02:00 10.75
20151227 02:10 10.75
20151227 02:20 11
20151227 02:30 10.875
20151227 02:40 10.75
20151227 02:50 10.875
20151227 03:00 10.75
20151227 03:10 10.75
20151227 03:20 10.75
20151227 03:30 10.75
20151227 03:40 10.625
20151227 03:50 10.5
20151227 04:00 10.25
20151227 04:10 10.25
20151227 04:20 10.25
20151227 04:30 10.25
20151227 04:40 10.375
20151227 04:50 10.375
20151227 05:00 10.375
20151227 05:10 10.375
20151227 05:20 10.375
20151227 05:30 10.375
20151227 05:40 10.375
20151227 05:50 10.375
20151227 06:00 10.375
20151227 06:10 10.5
20151227 06:20 10.5
20151227 06:30 10.375
20151227 06:40 10.875
20151227 06:50 10.5
20151227 07:00 10.5
20151227 07:10 10.75
20151227 07:20 10.75
20151227 07:30 10.625
20151227 07:40 10.875
20151227 07:50 10.75
20151227 08:00 10.75
20151227 08:10 10.75
20151227 08:20 10.875
20151227 08:30 10.625
20151227 08:40 10.625
20151227 08:50 10.625
20151227 09:00 10.75
20151227 09:10 10.625
20151227 09:20 10.75
20151227 09:30 10.75
20151227 09:40 10.75
20151227 09:50 10.75
20151227 10:00 10.875
20151227 10:10 10.875
20151227 10:20 10.875
20151227 10:30 10.875
20151227 10:40 11
20151227 10:50 11
20151227 11:00 11.125
20151227 11:10 11.125
20151227 11:20 11.375
20151227 11:30 11.25
20151227 11:40 11.375
20151227 11:50 11.375
20151227 12:00 11.5
20151227 12:10 11.375
20151227 12:20 11.5
20151227 12:30 11.5
20151227 12:40 11.75
20151227 12:50 11.75
20151227 13:00 11.75
20151227 13:10 11.75
20151227 13:20 11.75
20151227 13:30 11.75
20151227 13:40 11.625
20151227 13:50 11.375
20151227 14:00 11.25
20151227 14:10 11
20151227 14:20 10.875
20151227 14:30 10.75
20151227 14:40 10.625
20151227 14:50 10.75
20151227 15:00 10.625
20151227 15:10 10.5
20151227 15:20 10.625
20151227 15:30 10.625
20151227 15:40 10.625
20151227 15:50 10.75
20151227 16:00 10.875
20151227 16:10 10.875
20151227 16:20 11
20151227 16:30 11.125
20151227 16:40 11.125
20151227 16:50 11.125
20151227 17:00 11.125
20151227 17:10 11.25
20151227 17:20 11.25
20151227 17:30 11.375
20151227 17:40 11.375
20151227 17:50 11.25
20151227 18:00 11.25
20151227 18:10 11.125
20151227 18:20 11
20151227 18:30 10.875
20151227 18:40 10.875
20151227 18:50 10.75
20151227 19:00 10.75
20151227 19:10 10.75
20151227 19:20 10.75
20151227 19:30 10.375
20151227 19:40 9.625
20151227 19:50 9
20151227 20:00 8.75
20151227 20:10 8.875
20151227 20:20 8.75
20151227 20:30 8.875
20151227 20:40 8.875
20151227 20:50 8.875
20151227 21:00 8.875
20151227 21:10 8.75
20151227 21:20 8.75
20151227 21:30 8.75
20151227 21:40 8.75
20151227 21:50 8.75
20151227 22:00 8.875
20151227 22:10 8.875
20151227 22:20 8.75
20151227 22:30 8.75
20151227 22:40 8.75
20151227 22:50 8.75
20151227 23:00 8.75
20151227 23:10 8.75
20151227 23:20 8.75
20151227 23:30 8.625
20151227 23:40 8.625
20151227 23:50 8.625
