YYYYMMDD HH:MM measured temperature
20150501 00:00 6
20150501 00:10 6.125
20150501 00:20 6
20150501 00:30 5.875
20150501 00:40 5.875
20150501 00:50 5.875
20150501 01:00 6
20150501 01:10 6
20150501 01:20 6.125
20150501 01:30 6.125
20150501 01:40 6.125
20150501 01:50 6
20150501 02:00 5.875
20150501 02:10 5.75
20150501 02:20 5.625
20150501 02:30 5.5
20150501 02:40 5.375
20150501 02:50 5.375
20150501 03:00 5.25
20150501 03:10 5
20150501 03:20 4.75
20150501 03:30 4.625
20150501 03:40 4.5
20150501 03:50 4.375
20150501 04:00 4.25
20150501 04:10 4
20150501 04:20 4
20150501 04:30 4
20150501 04:40 3.875
20150501 04:50 3.75
20150501 05:00 3.625
20150501 05:10 3.75
20150501 05:20 3.875
20150501 05:30 4.25
20150501 05:40 4.5
20150501 05:50 4.625
20150501 06:00 4.75
20150501 06:10 4.625
20150501 06:20 4.625
20150501 06:30 4.75
20150501 06:40 4.625
20150501 06:50 4.625
20150501 07:00 4.75
20150501 07:10 5.375
20150501 07:20 6
20150501 07:30 5.875
20150501 07:40 5.875
20150501 07:50 5.5
20150501 08:00 6
20150501 08:10 6
20150501 08:20 7.375
20150501 08:30 7.125
20150501 08:40 7.625
20150501 08:50 7.25
20150501 09:00 8
20150501 09:10 8.5
20150501 09:20 7.875
20150501 09:30 8.5
20150501 09:40 8.5
20150501 09:50 8.625
20150501 10:00 8.875
20150501 10:10 8.5
20150501 10:20 8.375
20150501 10:30 8.75
20150501 10:40 9.5
20150501 10:50 8.5
20150501 11:00 8.125
20150501 11:10 8.75
20150501 11:20 10
20150501 11:30 9
20150501 11:40 9.5
20150501 11:50 10.875
20150501 12:00 10.625
20150501 12:10 10.75
20150501 12:20 11
20150501 12:30 11
20150501 12:40 12
20150501 12:50 10.375
20150501 13:00 9.75
20150501 13:10 9.5
20150501 13:20 10
20150501 13:30 10.875
20150501 13:40 11.875
20150501 13:50 13
20150501 14:00 13.125
20150501 14:10 10.75
20150501 14:20 11
20150501 14:30 11.5
20150501 14:40 11.5
20150501 14:50 11.625
20150501 15:00 13
20150501 15:10 12.125
20150501 15:20 12.125
20150501 15:30 12
20150501 15:40 12.375
20150501 15:50 12.375
20150501 16:00 11.625
20150501 16:10 11.625
20150501 16:20 11.75
20150501 16:30 12
20150501 16:40 12.125
20150501 16:50 11.5
20150501 17:00 11.875
20150501 17:10 11.875
20150501 17:20 11.625
20150501 17:30 11.625
20150501 17:40 11.125
20150501 17:50 11.875
20150501 18:00 12
20150501 18:10 11.625
20150501 18:20 11.5
20150501 18:30 11.625
20150501 18:40 11.25
20150501 18:50 10.875
20150501 19:00 10.75
20150501 19:10 10.75
20150501 19:20 10
20150501 19:30 10.375
20150501 19:40 10.25
20150501 19:50 9.875
20150501 20:00 9.75
20150501 20:10 9.5
20150501 20:20 9.25
20150501 20:30 9
20150501 20:40 8.625
20150501 20:50 8.25
20150501 21:00 7.75
20150501 21:10 7.125
20150501 21:20 7.5
20150501 21:30 7.375
20150501 21:40 7.125
20150501 21:50 6.875
20150501 22:00 6.875
20150501 22:10 6.875
20150501 22:20 6
20150501 22:30 6
20150501 22:40 5.625
20150501 22:50 5.375
20150501 23:00 5.375
20150501 23:10 4.875
20150501 23:20 4.75
20150501 23:30 4.375
20150501 23:40 3.875
20150501 23:50 3.875
