YYYYMMDD HH:MM measured temperature
20150424 00:00 6.875
20150424 00:10 7
20150424 00:20 7.125
20150424 00:30 7.125
20150424 00:40 7.25
20150424 00:50 7.25
20150424 01:00 7.25
20150424 01:10 7.25
20150424 01:20 7.125
20150424 01:30 7.25
20150424 01:40 7.25
20150424 01:50 7.25
20150424 02:00 7.375
20150424 02:10 7.5
20150424 02:20 7.5
20150424 02:30 7.375
20150424 02:40 7.375
20150424 02:50 7.375
20150424 03:00 7.375
20150424 03:10 7.25
20150424 03:20 7.125
20150424 03:30 7
20150424 03:40 7
20150424 03:50 7
20150424 04:00 6.875
20150424 04:10 7
20150424 04:20 6.75
20150424 04:30 6.875
20150424 04:40 6.875
20150424 04:50 6.625
20150424 05:00 6.625
20150424 05:10 6.75
20150424 05:20 6.625
20150424 05:30 6.5
20150424 05:40 6.5
20150424 05:50 6.375
20150424 06:00 6.5
20150424 06:10 6.375
20150424 06:20 6.375
20150424 06:30 6.5
20150424 06:40 6.625
20150424 06:50 6.75
20150424 07:00 6.625
20150424 07:10 6.75
20150424 07:20 6.625
20150424 07:30 6.875
20150424 07:40 7
20150424 07:50 7.125
20150424 08:00 7.25
20150424 08:10 7.125
20150424 08:20 7.125
20150424 08:30 7.25
20150424 08:40 7.5
20150424 08:50 8
20150424 09:00 8
20150424 09:10 8.125
20150424 09:20 8.25
20150424 09:30 8.5
20150424 09:40 8.875
20150424 09:50 10
20150424 10:00 9.75
20150424 10:10 10.25
20150424 10:20 11.125
20150424 10:30 11.625
20150424 10:40 11.625
20150424 10:50 12.375
20150424 11:00 12.625
20150424 11:10 12.5
20150424 11:20 13.875
20150424 11:30 14.125
20150424 11:40 14.625
20150424 11:50 14.75
20150424 12:00 15.125
20150424 12:10 15.25
20150424 12:20 16
20150424 12:30 16.125
20150424 12:40 16.5
20150424 12:50 16.625
20150424 13:00 17.25
20150424 13:10 17.375
20150424 13:20 17.375
20150424 13:30 17.75
20150424 13:40 17.375
20150424 13:50 18.75
20150424 14:00 17.875
20150424 14:10 18.375
20150424 14:20 18.625
20150424 14:30 19.25
20150424 14:40 19.5
20150424 14:50 19.25
20150424 15:00 18.75
20150424 15:10 18.625
20150424 15:20 18.875
20150424 15:30 19.375
20150424 15:40 19.25
20150424 15:50 19.375
20150424 16:00 19.625
20150424 16:10 19.875
20150424 16:20 19.875
20150424 16:30 19.375
20150424 16:40 19.5
20150424 16:50 19.375
20150424 17:00 19.75
20150424 17:10 19.25
20150424 17:20 19.375
20150424 17:30 19.125
20150424 17:40 19.125
20150424 17:50 19
20150424 18:00 18.875
20150424 18:10 18.75
20150424 18:20 18.75
20150424 18:30 18.75
20150424 18:40 18.5
20150424 18:50 18.375
20150424 19:00 18.125
20150424 19:10 18
20150424 19:20 17.625
20150424 19:30 17.375
20150424 19:40 17.125
20150424 19:50 16.875
20150424 20:00 16.375
20150424 20:10 15.625
20150424 20:20 14.875
20150424 20:30 14
20150424 20:40 13.625
20150424 20:50 13.375
20150424 21:00 13
20150424 21:10 12.375
20150424 21:20 11.875
20150424 21:30 11.625
20150424 21:40 11.5
20150424 21:50 11.125
20150424 22:00 11
20150424 22:10 10.625
20150424 22:20 10.5
20150424 22:30 10.125
20150424 22:40 10.125
20150424 22:50 10
20150424 23:00 9.625
20150424 23:10 9.375
20150424 23:20 9.375
20150424 23:30 9.125
20150424 23:40 8.875
20150424 23:50 9.25
