YYYYMMDD HH:MM measured temperature
20150803 00:00 13.625
20150803 00:10 13.5
20150803 00:20 13.5
20150803 00:30 13.25
20150803 00:40 13.25
20150803 00:50 13.25
20150803 01:00 13.125
20150803 01:10 13
20150803 01:20 12.875
20150803 01:30 12.875
20150803 01:40 12.875
20150803 01:50 12.75
20150803 02:00 13
20150803 02:10 13
20150803 02:20 12.875
20150803 02:30 12.75
20150803 02:40 12.5
20150803 02:50 12.5
20150803 03:00 12.375
20150803 03:10 12.375
20150803 03:20 12.375
20150803 03:30 12.25
20150803 03:40 12.25
20150803 03:50 12.25
20150803 04:00 12.25
20150803 04:10 12.5
20150803 04:20 12.5
20150803 04:30 12.5
20150803 04:40 12.375
20150803 04:50 12.25
20150803 05:00 12.25
20150803 05:10 12.125
20150803 05:20 12.125
20150803 05:30 12
20150803 05:40 12
20150803 05:50 12
20150803 06:00 12.125
20150803 06:10 12.25
20150803 06:20 12.75
20150803 06:30 13
20150803 06:40 13.25
20150803 06:50 13.375
20150803 07:00 13.25
20150803 07:10 13.125
20150803 07:20 13
20150803 07:30 13.375
20150803 07:40 14
20150803 07:50 14.375
20150803 08:00 15
20150803 08:10 15.375
20150803 08:20 16
20150803 08:30 16.75
20150803 08:40 17.5
20150803 08:50 18.125
20150803 09:00 18.875
20150803 09:10 19.375
20150803 09:20 20.125
20150803 09:30 20.75
20150803 09:40 21.125
20150803 09:50 21.625
20150803 10:00 22.25
20150803 10:10 22.625
20150803 10:20 23.5
20150803 10:30 23.625
20150803 10:40 23.75
20150803 10:50 23.875
20150803 11:00 24.5
20150803 11:10 25.25
20150803 11:20 24.875
20150803 11:30 25.625
20150803 11:40 26
20150803 11:50 26.5
20150803 12:00 26.875
20150803 12:10 27.5
20150803 12:20 27
20150803 12:30 27.75
20150803 12:40 28.125
20150803 12:50 28.375
20150803 13:00 28.375
20150803 13:10 28.625
20150803 13:20 28.5
20150803 13:30 29.625
20150803 13:40 29.5
20150803 13:50 29.875
20150803 14:00 30.125
20150803 14:10 30.125
20150803 14:20 30.25
20150803 14:30 30
20150803 14:40 30
20150803 14:50 30.75
20150803 15:00 30.375
20150803 15:10 30.875
20150803 15:20 30.5
20150803 15:30 30.625
20150803 15:40 31.125
20150803 15:50 31.5
20150803 16:00 31.25
20150803 16:10 31.375
20150803 16:20 31.375
20150803 16:30 31.5
20150803 16:40 31.75
20150803 16:50 31.375
20150803 17:00 31.375
20150803 17:10 31.25
20150803 17:20 31.25
20150803 17:30 31
20150803 17:40 30.875
20150803 17:50 30.25
20150803 18:00 30.375
20150803 18:10 29.875
20150803 18:20 30.25
20150803 18:30 30
20150803 18:40 29.875
20150803 18:50 29.625
20150803 19:00 29.5
20150803 19:10 29
20150803 19:20 29
20150803 19:30 28.5
20150803 19:40 28.25
20150803 19:50 27.75
20150803 20:00 26.25
20150803 20:10 25.5
20150803 20:20 25
20150803 20:30 24.25
20150803 20:40 23.75
20150803 20:50 23.375
20150803 21:00 22.875
20150803 21:10 22.875
20150803 21:20 22.5
20150803 21:30 22.375
20150803 21:40 21.875
20150803 21:50 21.5
20150803 22:00 21.125
20150803 22:10 20.75
20150803 22:20 20
20150803 22:30 20.5
20150803 22:40 20.375
20150803 22:50 20.5
20150803 23:00 20.625
20150803 23:10 20.5
20150803 23:20 20.125
20150803 23:30 20.125
20150803 23:40 20
20150803 23:50 20
