YYYYMMDD HH:MM measured temperature
20151023 19:20 10.75
20151023 19:30 10.25
20151023 19:40 10.625
20151023 19:50 10
20151023 20:00 10.125
20151023 20:10 9.875
20151023 20:20 9.875
20151023 20:30 10
20151023 20:40 10
20151023 20:50 9.875
20151023 21:00 10
20151023 21:10 9.75
20151023 21:20 10.125
20151023 21:30 9.5
20151023 21:40 9
20151023 21:50 8.375
20151023 22:00 8
20151023 22:10 7.75
20151023 22:20 7.5
20151023 22:30 7.5
20151023 22:40 7.125
20151023 22:50 7.125
20151023 23:00 6.75
20151023 23:10 6.75
20151023 23:20 7.25
20151023 23:30 7.625
20151023 23:40 8
20151023 23:50 8
