YYYYMMDD HH:MM measured temperature
20151015 00:00 5.875
20151015 00:10 5.875
20151015 00:20 5.75
20151015 00:30 5.75
20151015 00:40 5.75
20151015 00:50 5.75
20151015 01:00 5.75
20151015 01:10 5.75
20151015 01:20 5.75
20151015 01:30 5.75
20151015 01:40 5.75
20151015 01:50 5.75
20151015 02:00 5.875
20151015 02:10 5.875
20151015 02:20 6
20151015 02:30 5.875
20151015 02:40 6
20151015 02:50 6
20151015 03:00 6
20151015 03:10 6
20151015 03:20 6.125
20151015 03:30 6
20151015 03:40 6
20151015 03:50 6.125
20151015 04:00 6.125
20151015 04:10 6.125
20151015 04:20 6.125
20151015 04:30 6.125
20151015 04:40 6.125
20151015 04:50 6.25
20151015 05:00 6.25
20151015 05:10 6.25
20151015 05:20 6.25
20151015 05:30 6.25
20151015 05:40 6.25
20151015 05:50 6.25
20151015 06:00 6.25
20151015 06:10 6.375
20151015 06:20 6.375
20151015 06:30 6.375
20151015 06:40 6.375
20151015 06:50 6.5
20151015 07:00 6.5
20151015 07:10 6.5
20151015 07:20 6.5
20151015 07:30 6.625
20151015 07:40 6.625
20151015 07:50 6.75
20151015 08:00 6.75
20151015 08:10 6.875
20151015 08:20 6.875
20151015 08:30 7
20151015 08:40 7
20151015 08:50 7.125
20151015 09:00 7.125
20151015 09:10 7.25
20151015 09:20 7.25
20151015 09:30 7.25
20151015 09:40 7.25
20151015 09:50 7.25
20151015 10:00 7.25
20151015 10:10 7.125
20151015 10:20 7.125
20151015 10:30 7.25
20151015 10:40 7.375
20151015 10:50 7.375
20151015 11:00 7.375
20151015 11:10 7.375
20151015 11:20 7.25
20151015 11:30 7.625
20151015 11:40 7.375
20151015 11:50 7.375
20151015 12:00 7.375
20151015 12:10 7.5
20151015 12:20 7.375
20151015 12:30 7.375
20151015 12:40 7.375
20151015 12:50 7.375
20151015 13:00 7.375
20151015 13:10 7.25
20151015 13:20 7.375
20151015 13:30 7.75
20151015 13:40 7.625
20151015 13:50 7.5
20151015 14:00 7.5
20151015 14:10 7.25
20151015 14:20 7.375
20151015 14:30 7.625
20151015 14:40 7.625
20151015 14:50 7.5
20151015 15:00 7.5
20151015 15:10 7.625
20151015 15:20 7.625
20151015 15:30 7.625
20151015 15:40 7.5
20151015 15:50 7.75
20151015 16:00 7.625
20151015 16:10 7.625
20151015 16:20 7.5
20151015 16:30 7.5
20151015 16:40 7.5
20151015 16:50 7.25
20151015 17:00 7.125
20151015 17:10 6.875
20151015 17:20 6.875
20151015 17:30 6.875
20151015 17:40 7
20151015 17:50 6.75
20151015 18:00 6.75
20151015 18:10 6.5
20151015 18:20 6.375
20151015 18:30 6.25
20151015 18:40 6.25
20151015 18:50 6.125
20151015 19:00 6.125
20151015 19:10 6.125
20151015 19:20 6.125
20151015 19:30 6.125
20151015 19:40 5.875
20151015 19:50 6
20151015 20:00 5.875
20151015 20:10 5.875
20151015 20:20 5.875
20151015 20:30 5.75
20151015 20:40 5.875
20151015 20:50 5.875
20151015 21:00 5.875
20151015 21:10 5.875
20151015 21:20 5.875
20151015 21:30 5.75
20151015 21:40 5.75
20151015 21:50 6
20151015 22:00 5.875
20151015 22:10 5.75
20151015 22:20 5.875
20151015 22:30 5.875
20151015 22:40 5.875
20151015 22:50 5.875
20151015 23:00 5.75
20151015 23:10 6
20151015 23:20 5.875
20151015 23:30 5.875
20151015 23:40 6
20151015 23:50 6.125
