YYYYMMDD HH:MM measured temperature
20150313 00:00 1.75
20150313 00:10 1.5
20150313 00:20 1.375
20150313 00:30 1.75
20150313 00:40 2
20150313 00:50 2.125
20150313 01:00 2.5
20150313 01:10 2.875
20150313 01:20 2.875
20150313 01:30 2.875
20150313 01:40 2.75
20150313 01:50 2.875
20150313 02:00 3
20150313 02:10 3.125
20150313 02:20 2.875
20150313 02:30 2.75
20150313 02:40 2.875
20150313 02:50 2.875
20150313 03:00 2.75
20150313 03:10 2.625
20150313 03:20 2.625
20150313 03:30 2.5
20150313 03:40 2.75
20150313 03:50 2.625
20150313 04:00 2.75
20150313 04:10 2.75
20150313 04:20 2.75
20150313 04:30 2.625
20150313 04:40 2.5
20150313 04:50 2.375
20150313 05:00 1.875
20150313 05:10 1.5
20150313 05:20 1.375
20150313 05:30 1.375
20150313 05:40 1.25
20150313 05:50 1.125
20150313 06:00 0.875
20150313 06:10 0.5
20150313 06:20 0.375
20150313 06:30 0.125
20150313 06:40 0
20150313 06:50 0
20150313 07:00 -0.125
20150313 07:10 -0.25
20150313 07:20 -0.25
20150313 07:30 -0.375
20150313 07:40 -0.375
20150313 07:50 -0.5
20150313 08:00 -0.5
20150313 08:10 -0.5
20150313 08:20 -0.125
20150313 08:30 0.25
20150313 08:40 0.125
20150313 08:50 0.625
20150313 09:00 1.125
20150313 09:10 2
20150313 09:20 1.25
20150313 09:30 1.875
20150313 09:40 1.5
20150313 09:50 3.625
20150313 10:00 3.375
20150313 10:10 3.5
20150313 10:20 2.375
20150313 10:30 1.875
20150313 10:40 3.625
20150313 10:50 3.375
20150313 11:00 4
20150313 11:10 3.375
20150313 11:20 3.75
20150313 11:30 2.875
20150313 11:40 4.25
20150313 11:50 4.5
20150313 12:00 4.125
20150313 12:10 5.375
20150313 12:20 5.75
20150313 12:30 6.5
20150313 12:40 7.75
20150313 12:50 7
20150313 13:00 8.75
20150313 13:10 5.375
20150313 13:20 11.125
20150313 13:30 11.25
20150313 13:40 11.375
20150313 13:50 8.625
20150313 14:00 10
20150313 14:10 7
20150313 14:20 7
20150313 14:30 10.375
20150313 14:40 9
20150313 14:50 9.75
20150313 15:00 7.625
20150313 15:10 10
20150313 15:20 7.875
20150313 15:30 8.625
20150313 15:40 7.75
20150313 15:50 8
20150313 16:00 9.75
20150313 16:10 6.5
20150313 16:20 6.375
20150313 16:30 6.75
20150313 16:40 6.75
20150313 16:50 6.375
20150313 17:00 6.5
20150313 17:10 6.5
20150313 17:20 6.125
20150313 17:30 5.75
20150313 17:40 5.875
20150313 17:50 5.75
20150313 18:00 5.625
20150313 18:10 5.625
20150313 18:20 5.625
20150313 18:30 5.625
20150313 18:40 5.5
20150313 18:50 5.5
20150313 19:00 5.5
20150313 19:10 5.375
20150313 19:20 5.375
20150313 19:30 5.25
20150313 19:40 5.25
20150313 19:50 5.25
20150313 20:00 5.125
20150313 20:10 5.125
20150313 20:20 5
20150313 20:30 4.625
20150313 20:40 4.375
20150313 20:50 4.125
20150313 21:00 4
20150313 21:10 3.75
20150313 21:20 3.625
20150313 21:30 3.625
20150313 21:40 3.375
20150313 21:50 3.375
20150313 22:00 3.25
20150313 22:10 3.125
20150313 22:20 3
20150313 22:30 2.875
20150313 22:40 2.625
20150313 22:50 2.625
20150313 23:00 2.5
20150313 23:10 2.5
20150313 23:20 2.375
20150313 23:30 2.25
20150313 23:40 2.125
20150313 23:50 2.125
