YYYYMMDD HH:MM measured temperature
20150729 00:00 13.75
20150729 00:10 13.75
20150729 00:20 13.5
20150729 00:30 13.5
20150729 00:40 13.5
20150729 00:50 13.375
20150729 01:00 13.5
20150729 01:10 13.625
20150729 01:20 13.75
20150729 01:30 13.875
20150729 01:40 13.75
20150729 01:50 13.875
20150729 02:00 13.75
20150729 02:10 13.75
20150729 02:20 13.875
20150729 02:30 13.875
20150729 02:40 13.875
20150729 02:50 14
20150729 03:00 14
20150729 03:10 14
20150729 03:20 13.875
20150729 03:30 13.875
20150729 03:40 13.875
20150729 03:50 13.875
20150729 04:00 13.75
20150729 04:10 13.625
20150729 04:20 13.625
20150729 04:30 13.5
20150729 04:40 13.5
20150729 04:50 13.25
20150729 05:00 13.375
20150729 05:10 13.5
20150729 05:20 13.5
20150729 05:30 13.375
20150729 05:40 13.25
20150729 05:50 13.125
20150729 06:00 13.125
20150729 06:10 13
20150729 06:20 12.75
20150729 06:30 12.875
20150729 06:40 13
20150729 06:50 13
20150729 07:00 13.25
20150729 07:10 13.375
20150729 07:20 13.5
20150729 07:30 13.5
20150729 07:40 13.5
20150729 07:50 13.5
20150729 08:00 13.375
20150729 08:10 13.625
20150729 08:20 13.75
20150729 08:30 14
20150729 08:40 13.875
20150729 08:50 14
20150729 09:00 13.875
20150729 09:10 14.25
20150729 09:20 14.375
20150729 09:30 15.5
20150729 09:40 15.125
20150729 09:50 15.375
20150729 10:00 15.625
20150729 10:10 15.25
20150729 10:20 15.625
20150729 10:30 16
20150729 10:40 15.5
20150729 10:50 16.25
20150729 11:00 17.125
20150729 11:10 16
20150729 11:20 15.625
20150729 11:30 15.75
20150729 11:40 11.5
20150729 11:50 13.5
20150729 12:00 16.125
20150729 12:10 14.875
20150729 12:20 15.875
20150729 12:30 14.875
20150729 12:40 15.125
20150729 12:50 15.375
20150729 13:00 16.875
20150729 13:10 17.875
20150729 13:20 17.25
20150729 13:30 13.875
20150729 13:40 11.5
20150729 13:50 11.25
20150729 14:00 11.125
20150729 14:10 11.5
20150729 14:20 13.125
20150729 14:30 15
20150729 14:40 14.625
20150729 14:50 15.875
20150729 15:00 15.375
20150729 15:10 16.625
20150729 15:20 15.625
20150729 15:30 15.25
20150729 15:40 16.375
20150729 15:50 15.875
20150729 16:00 16.75
20150729 16:10 15.625
20150729 16:20 15.75
20150729 16:30 14.625
20150729 16:40 14.5
20150729 16:50 14.75
20150729 17:00 15.125
20150729 17:10 15.875
20150729 17:20 15.125
20150729 17:30 14.5
20150729 17:40 14.75
20150729 17:50 14.875
20150729 18:00 14.5
20150729 18:10 13.375
20150729 18:20 12.875
20150729 18:30 12.75
20150729 18:40 12.625
20150729 18:50 12.75
20150729 19:00 12.75
20150729 19:10 13.25
20150729 19:20 13
20150729 19:30 13
20150729 19:40 12.75
20150729 19:50 12.75
20150729 20:00 12.625
20150729 20:10 12.625
20150729 20:20 12.5
20150729 20:30 12.625
20150729 20:40 12.5
20150729 20:50 12.25
20150729 21:00 12.125
20150729 21:10 12.125
20150729 21:20 12.125
20150729 21:30 12
20150729 21:40 12
20150729 21:50 12
20150729 22:00 12
20150729 22:10 12
20150729 22:20 11.875
20150729 22:30 12
20150729 22:40 12
20150729 22:50 12.0625
20150729 23:00 12
20150729 23:10 12
20150729 23:20 12.0625
20150729 23:30 12.25
20150729 23:40 12.25
20150729 23:50 12.1875
