YYYYMMDD HH:MM measured temperature
20150702 00:00 20
20150702 00:10 20
20150702 00:20 19.875
20150702 00:30 19.875
20150702 00:40 19.625
20150702 00:50 19.625
20150702 01:00 19.375
20150702 01:10 19.125
20150702 01:20 19.125
20150702 01:30 19
20150702 01:40 19
20150702 01:50 18.625
20150702 02:00 18.5
20150702 02:10 18.5
20150702 02:20 18.375
20150702 02:30 18.375
20150702 02:40 18.125
20150702 02:50 18.125
20150702 03:00 18
20150702 03:10 18.125
20150702 03:20 18.25
20150702 03:30 17.75
20150702 03:40 17.375
20150702 03:50 17.375
20150702 04:00 17.125
20150702 04:10 17
20150702 04:20 16.875
20150702 04:30 16.75
20150702 04:40 16.625
20150702 04:50 16.625
20150702 05:00 16.5
20150702 05:10 16.5
20150702 05:20 16.75
20150702 05:30 16.625
20150702 05:40 16.75
20150702 05:50 16.875
20150702 06:00 16.875
20150702 06:10 16.875
20150702 06:20 17.125
20150702 06:30 17.375
20150702 06:40 17.625
20150702 06:50 17.875
20150702 07:00 18.375
20150702 07:10 18.75
20150702 07:20 19.25
20150702 07:30 19.625
20150702 07:40 20
20150702 07:50 20.375
20150702 08:00 20.625
20150702 08:10 21.25
20150702 08:20 21.875
20150702 08:30 22.5
20150702 08:40 23.125
20150702 08:50 23.75
20150702 09:00 24.125
20150702 09:10 24.75
20150702 09:20 25.125
20150702 09:30 25.5
20150702 09:40 25.875
20150702 09:50 26.125
20150702 10:00 27
20150702 10:10 26.75
20150702 10:20 27.375
20150702 10:30 27.625
20150702 10:40 28.125
20150702 10:50 28.5
20150702 11:00 28.875
20150702 11:10 28.875
20150702 11:20 29.375
20150702 11:30 29.75
20150702 11:40 30
20150702 11:50 30.25
20150702 12:00 30
20150702 12:10 30.625
20150702 12:20 30.875
20150702 12:30 31.375
20150702 12:40 31.25
20150702 12:50 31.5
20150702 13:00 31.625
20150702 13:10 32.25
20150702 13:20 31.75
20150702 13:30 32.625
20150702 13:40 32.5
20150702 13:50 32.875
20150702 14:00 33
20150702 14:10 33
20150702 14:20 32.875
20150702 14:30 33
20150702 14:40 33.625
20150702 14:50 33.5
20150702 15:00 33.125
20150702 15:10 33.5
20150702 15:20 33.875
20150702 15:30 33.875
20150702 15:40 33.75
20150702 15:50 33.625
20150702 16:00 33.875
20150702 16:10 33.5
20150702 16:20 33.625
20150702 16:30 34.125
20150702 16:40 33.5
20150702 16:50 32.875
20150702 17:00 32.75
20150702 17:10 33.25
20150702 17:20 32.625
20150702 17:30 32.625
20150702 17:40 32.75
20150702 17:50 32.5
20150702 18:00 32.25
20150702 18:10 32.25
20150702 18:20 32.125
20150702 18:30 32
20150702 18:40 31.875
20150702 18:50 31.75
20150702 19:00 31.75
20150702 19:10 31.625
20150702 19:20 31.25
20150702 19:30 31.125
20150702 19:40 31.25
20150702 19:50 30.75
20150702 20:00 30.25
20150702 20:10 30.125
20150702 20:20 29
20150702 20:30 28.375
20150702 20:40 28.25
20150702 20:50 27.5
20150702 21:00 27.25
20150702 21:10 26.875
20150702 21:20 26.375
20150702 21:30 26.25
20150702 21:40 26.125
20150702 21:50 26
20150702 22:00 25.375
20150702 22:10 24.875
20150702 22:20 24.5
20150702 22:30 24.25
20150702 22:40 24.25
20150702 22:50 24.25
20150702 23:00 24.25
20150702 23:10 24
20150702 23:20 23.75
20150702 23:30 23.875
20150702 23:40 23.375
20150702 23:50 23.25
