YYYYMMDD HH:MM measured temperature
20150525 00:00 10.375
20150525 00:10 10.125
20150525 00:20 9.875
20150525 00:30 9.75
20150525 00:40 9.25
20150525 00:50 9
20150525 01:00 8.875
20150525 01:10 9
20150525 01:20 8.75
20150525 01:30 8.5
20150525 01:40 9.625
20150525 01:50 9.75
20150525 02:00 9.875
20150525 02:10 9.875
20150525 02:20 10.125
20150525 02:30 10
20150525 02:40 9.875
20150525 02:50 10
20150525 03:00 9.75
20150525 03:10 9.75
20150525 03:20 9.75
20150525 03:30 9.875
20150525 03:40 9.875
20150525 03:50 10.125
20150525 04:00 10.125
20150525 04:10 10.125
20150525 04:20 10.125
20150525 04:30 10
20150525 04:40 9.875
20150525 04:50 9.75
20150525 05:00 9.875
20150525 05:10 10
20150525 05:20 9.875
20150525 05:30 10
20150525 05:40 10
20150525 05:50 10.25
20150525 06:00 10.25
20150525 06:10 10.25
20150525 06:20 10.5
20150525 06:30 10.625
20150525 06:40 10.875
20150525 06:50 11
20150525 07:00 11
20150525 07:10 11.125
20150525 07:20 11
20150525 07:30 11.125
20150525 07:40 11.375
20150525 07:50 11.625
20150525 08:00 12
20150525 08:10 12.125
20150525 08:20 12.125
20150525 08:30 12
20150525 08:40 11.875
20150525 08:50 11.875
20150525 09:00 11.875
20150525 09:10 11.875
20150525 09:20 11.625
20150525 09:30 11.25
20150525 09:40 11.125
20150525 09:50 11
20150525 10:00 11.25
20150525 10:10 11.5
20150525 10:20 11.625
20150525 10:30 12
20150525 10:40 12.125
20150525 10:50 12.25
20150525 11:00 12.625
20150525 11:10 13.75
20150525 11:20 13
20150525 11:30 14.75
20150525 11:40 14.375
20150525 11:50 15.375
20150525 12:00 14.5
20150525 12:10 15.375
20150525 12:20 15.25
20150525 12:30 14.375
20150525 12:40 14.375
20150525 12:50 15
20150525 13:00 15.25
20150525 13:10 16.5
20150525 13:20 15.25
20150525 13:30 14.625
20150525 13:40 15.75
20150525 13:50 15.375
20150525 14:00 14.75
20150525 14:10 14.125
20150525 14:20 14.375
20150525 14:30 14.625
20150525 14:40 14.25
20150525 14:50 15.25
20150525 15:00 15.5
20150525 15:10 14.875
20150525 15:20 14.875
20150525 15:30 14.75
20150525 15:40 13.875
20150525 15:50 13.75
20150525 16:00 14
20150525 16:10 14.125
20150525 16:20 14.875
20150525 16:30 14.5
20150525 16:40 14
20150525 16:50 14
20150525 17:00 15.125
20150525 17:10 14.625
20150525 17:20 14
20150525 17:30 14.5
20150525 17:40 13.875
20150525 17:50 13.75
20150525 18:00 14.125
20150525 18:10 14.125
20150525 18:20 13.75
20150525 18:30 13.625
20150525 18:40 13.625
20150525 18:50 13.5
20150525 19:00 13.25
20150525 19:10 13.125
20150525 19:20 13.375
20150525 19:30 13.25
20150525 19:40 13.25
20150525 19:50 13.25
20150525 20:00 13.125
20150525 20:10 13.125
20150525 20:20 12.75
20150525 20:30 12.375
20150525 20:40 12
20150525 20:50 11.625
20150525 21:00 11.25
20150525 21:10 11.125
20150525 21:20 10.375
20150525 21:30 10.25
20150525 21:40 10.5
20150525 21:50 10.75
20150525 22:00 10.625
20150525 22:10 10.125
20150525 22:20 10.125
20150525 22:30 10.375
20150525 22:40 10.375
20150525 22:50 10.25
20150525 23:00 10.25
20150525 23:10 10.375
20150525 23:20 10.25
20150525 23:30 10.25
20150525 23:40 10
20150525 23:50 9.5
