YYYYMMDD HH:MM measured temperature
20151019 00:00 7.75
20151019 00:10 7.75
20151019 00:20 7.75
20151019 00:30 7.75
20151019 00:40 7.75
20151019 00:50 7.75
20151019 01:00 7.75
20151019 01:10 7.75
20151019 01:20 7.75
20151019 01:30 7.75
20151019 01:40 7.75
20151019 01:50 7.75
20151019 02:00 7.75
20151019 02:10 7.75
20151019 02:20 7.875
20151019 02:30 7.75
20151019 02:40 7.75
20151019 02:50 7.75
20151019 03:00 7.875
20151019 03:10 7.875
20151019 03:20 7.875
20151019 03:30 7.875
20151019 03:40 7.875
20151019 03:50 7.875
20151019 04:00 7.875
20151019 04:10 7.875
20151019 04:20 7.875
20151019 04:30 7.875
20151019 04:40 7.875
20151019 04:50 8
20151019 05:00 8
20151019 05:10 8
20151019 05:20 8
20151019 05:30 8.125
20151019 05:40 8.125
20151019 05:50 8.25
20151019 06:00 8.375
20151019 06:10 8.75
20151019 06:20 8.75
20151019 06:30 8.875
20151019 06:40 8.875
20151019 06:50 8.875
20151019 07:00 8.875
20151019 07:10 8.875
20151019 07:20 8.5
20151019 07:30 8.625
20151019 07:40 8.625
20151019 07:50 8.625
20151019 08:00 8.625
20151019 08:10 8.25
20151019 08:20 8.625
20151019 08:30 8.75
20151019 08:40 8.625
20151019 08:50 8.625
20151019 09:00 8.75
20151019 09:10 8.75
20151019 09:20 8.875
20151019 09:30 9.25
20151019 09:40 9.375
20151019 09:50 9.5
20151019 10:00 9.5
20151019 10:10 9.5
20151019 10:20 9.375
20151019 10:30 9.25
20151019 10:40 9.375
20151019 10:50 9.875
20151019 11:00 9.375
20151019 11:10 9.5
20151019 11:20 9.875
20151019 11:30 9.75
20151019 11:40 9.875
20151019 11:50 10.375
20151019 12:00 10.25
20151019 12:10 10.375
20151019 12:20 10
20151019 12:30 10
20151019 12:40 10.375
20151019 12:50 10.5
20151019 13:00 10.5
20151019 13:10 10.25
20151019 13:20 10.5
20151019 13:30 10.375
20151019 13:40 10.25
20151019 13:50 10.375
20151019 14:00 10.375
20151019 14:10 10.625
20151019 14:20 10.75
20151019 14:30 10.875
20151019 14:40 11.125
20151019 14:50 11
20151019 15:00 11.5
20151019 15:10 11.25
20151019 15:20 11.25
20151019 15:30 11.5
20151019 15:40 11.375
20151019 15:50 11.75
20151019 16:00 11.5
20151019 16:10 11.375
20151019 16:20 11.375
20151019 16:30 11
20151019 16:40 11
20151019 16:50 10.875
20151019 17:00 10.875
20151019 17:10 10.625
20151019 17:20 10.5
20151019 17:30 10.25
20151019 17:40 10.25
20151019 17:50 10
20151019 18:00 9.625
20151019 18:10 9.125
20151019 18:20 8.625
20151019 18:30 8.25
20151019 18:40 7.75
20151019 18:50 7.5
20151019 19:00 7.25
20151019 19:10 7.125
20151019 19:20 7
20151019 19:30 6.625
20151019 19:40 6.5
20151019 19:50 6.25
20151019 20:00 6.375
20151019 20:10 6
20151019 20:20 6
20151019 20:30 5.875
20151019 20:40 5.75
20151019 20:50 5.5
20151019 21:00 5.5
20151019 21:10 5.25
20151019 21:20 5.375
20151019 21:30 5
20151019 21:40 4.625
20151019 21:50 4.5
20151019 22:00 4.625
20151019 22:10 4.375
20151019 22:20 4.125
20151019 22:30 3.875
20151019 22:40 3.875
20151019 22:50 3.625
20151019 23:00 3.625
20151019 23:10 3.5
20151019 23:20 3.625
20151019 23:30 3.625
20151019 23:40 3.625
20151019 23:50 3.5
