YYYYMMDD HH:MM measured temperature
20150610 00:00 10.25
20150610 00:10 10.125
20150610 00:20 9.875
20150610 00:30 9.875
20150610 00:40 9.625
20150610 00:50 9.5
20150610 01:00 9.375
20150610 01:10 9.125
20150610 01:20 9
20150610 01:30 8.75
20150610 01:40 8.625
20150610 01:50 8
20150610 02:00 7.875
20150610 02:10 8.25
20150610 02:20 8.125
20150610 02:30 8
20150610 02:40 8
20150610 02:50 8.375
20150610 03:00 8.625
20150610 03:10 8.375
20150610 03:20 8.25
20150610 03:30 8
20150610 03:40 7.625
20150610 03:50 7.25
20150610 04:00 7.375
20150610 04:10 7.375
20150610 04:20 7.25
20150610 04:30 7.25
20150610 04:40 6.875
20150610 04:50 7.125
20150610 05:00 7
20150610 05:10 7
20150610 05:20 6.875
20150610 05:30 7
20150610 05:40 7.375
20150610 05:50 7.5
20150610 06:00 7.625
20150610 06:10 7.875
20150610 06:20 8.125
20150610 06:30 8.75
20150610 06:40 9.125
20150610 06:50 9.5
20150610 07:00 9.75
20150610 07:10 10.25
20150610 07:20 10.625
20150610 07:30 11.125
20150610 07:40 11.625
20150610 07:50 12
20150610 08:00 12.25
20150610 08:10 12.5
20150610 08:20 13.125
20150610 08:30 13.75
20150610 08:40 14.625
20150610 08:50 15
20150610 09:00 15.5
20150610 09:10 16.125
20150610 09:20 15.875
20150610 09:30 16.375
20150610 09:40 16.875
20150610 09:50 17.125
20150610 10:00 17.625
20150610 10:10 17.25
20150610 10:20 17.125
20150610 10:30 18.625
20150610 10:40 18.75
20150610 10:50 18.75
20150610 11:00 18.375
20150610 11:10 19.375
20150610 11:20 19.5
20150610 11:30 18.875
20150610 11:40 20.125
20150610 11:50 19.375
20150610 12:00 19.75
20150610 12:10 20.125
20150610 12:20 19.75
20150610 12:30 20.25
20150610 12:40 19.25
20150610 12:50 21
20150610 13:00 19.5
20150610 13:10 20.125
20150610 13:20 22.5
20150610 13:30 19.25
20150610 13:40 21.25
20150610 13:50 19.5
20150610 14:00 18.625
20150610 14:10 20.875
20150610 14:20 22
20150610 14:30 21.375
20150610 14:40 21.125
20150610 14:50 21.375
20150610 15:00 20.875
20150610 15:10 21.125
20150610 15:20 21.125
20150610 15:30 23
20150610 15:40 22.25
20150610 15:50 21.125
20150610 16:00 21.625
20150610 16:10 20.75
20150610 16:20 21
20150610 16:30 20.75
20150610 16:40 21
20150610 16:50 20.875
20150610 17:00 20.625
20150610 17:10 22.375
20150610 17:20 21.625
20150610 17:30 20
20150610 17:40 21.375
20150610 17:50 21.625
20150610 18:00 20.25
20150610 18:10 20.625
20150610 18:20 20.75
20150610 18:30 20.5
20150610 18:40 20.125
20150610 18:50 20.125
20150610 19:00 20.375
20150610 19:10 20.25
20150610 19:20 20
20150610 19:30 19.625
20150610 19:40 19.625
20150610 19:50 19.375
20150610 20:00 19
20150610 20:10 18.875
20150610 20:20 18.5
20150610 20:30 18.25
20150610 20:40 17.75
20150610 20:50 17.75
20150610 21:00 17.25
20150610 21:10 17
20150610 21:20 17.125
20150610 21:30 16.875
20150610 21:40 16.25
20150610 21:50 15.875
20150610 22:00 15.375
20150610 22:10 15.125
20150610 22:20 14.75
20150610 22:30 14.75
20150610 22:40 14.375
20150610 22:50 14.125
20150610 23:00 13.875
20150610 23:10 13.625
20150610 23:20 13.625
20150610 23:30 13.375
20150610 23:40 13
20150610 23:50 12.625
