YYYYMMDD HH:MM measured temperature
20151211 00:00 6
20151211 00:10 6
20151211 00:20 6
20151211 00:30 6
20151211 00:40 5.875
20151211 00:50 5.75
20151211 01:00 5.75
20151211 01:10 5.75
20151211 01:20 5.625
20151211 01:30 5.25
20151211 01:40 4.875
20151211 01:50 4.75
20151211 02:00 4.625
20151211 02:10 4.625
20151211 02:20 4.75
20151211 02:30 4.875
20151211 02:40 4.875
20151211 02:50 4.75
20151211 03:00 4.625
20151211 03:10 4.625
20151211 03:20 4.5
20151211 03:30 4.5
20151211 03:40 4.375
20151211 03:50 4.25
20151211 04:00 4.25
20151211 04:10 4.25
20151211 04:20 4.25
20151211 04:30 4.25
20151211 04:40 4.375
20151211 04:50 4.375
20151211 05:00 4.375
20151211 05:10 4.375
20151211 05:20 4.375
20151211 05:30 4.5
20151211 05:40 4.5
20151211 05:50 4.5
20151211 06:00 4.5
20151211 06:10 4.625
20151211 06:20 4.625
20151211 06:30 4.75
20151211 06:40 4.75
20151211 06:50 4.75
20151211 07:00 4.75
20151211 07:10 4.75
20151211 07:20 4.75
20151211 07:30 4.875
20151211 07:40 4.875
20151211 07:50 4.875
20151211 08:00 4.875
20151211 08:10 5
20151211 08:20 5
20151211 08:30 5.125
20151211 08:40 5.125
20151211 08:50 5.25
20151211 09:00 5.25
20151211 09:10 5.25
20151211 09:20 5.375
20151211 09:30 5.25
20151211 09:40 5.375
20151211 09:50 5.375
20151211 10:00 5.375
20151211 10:10 5.5
20151211 10:20 5.5
20151211 10:30 5.5
20151211 10:40 5.5
20151211 10:50 5.5
20151211 11:00 5.5
20151211 11:10 5.5
20151211 11:20 5.625
20151211 11:30 5.75
20151211 11:40 5.875
20151211 11:50 5.875
20151211 12:00 6
20151211 12:10 6.25
20151211 12:20 6.375
20151211 12:30 6.5
20151211 12:40 6.75
20151211 12:50 6.875
20151211 13:00 7
20151211 13:10 7
20151211 13:20 7.125
20151211 13:30 7.125
20151211 13:40 7.25
20151211 13:50 7.25
20151211 14:00 7.25
20151211 14:10 7.125
20151211 14:20 7
20151211 14:30 6.375
20151211 14:40 5.875
20151211 14:50 5.625
20151211 15:00 5.5
20151211 15:10 5.375
20151211 15:20 5.375
20151211 15:30 5.375
20151211 15:40 5.375
20151211 15:50 5.5
20151211 16:00 5.375
20151211 16:10 5.25
20151211 16:20 5.25
20151211 16:30 5.125
20151211 16:40 5
20151211 16:50 5
20151211 17:00 5
20151211 17:10 5.25
20151211 17:20 5.125
20151211 17:30 5.25
20151211 17:40 5.5
20151211 17:50 5.25
20151211 18:00 4.5
20151211 18:10 4.375
20151211 18:20 5.125
20151211 18:30 5.25
20151211 18:40 5.5
20151211 18:50 5.625
20151211 19:00 5.625
20151211 19:10 5.75
20151211 19:20 5.75
20151211 19:30 6
20151211 19:40 6
20151211 19:50 6.125
20151211 20:00 6
20151211 20:10 6
20151211 20:20 5.875
20151211 20:30 5.625
20151211 20:40 5.375
20151211 20:50 5.625
20151211 21:00 5.75
20151211 21:10 5.625
20151211 21:20 5.375
20151211 21:30 5.375
20151211 21:40 5.125
20151211 21:50 5.125
20151211 22:00 5.5
20151211 22:10 5.75
20151211 22:20 6.125
20151211 22:30 6.125
20151211 22:40 6.25
20151211 22:50 6
20151211 23:00 5.875
20151211 23:10 5.75
20151211 23:20 5.625
20151211 23:30 5.5
20151211 23:40 5.375
20151211 23:50 5.125
