YYYYMMDD HH:MM measured temperature
20150220 00:00 1.25
20150220 00:10 1.25
20150220 00:20 1.25
20150220 00:30 1.125
20150220 00:40 1.125
20150220 00:50 1.125
20150220 01:00 1.25
20150220 01:10 1.25
20150220 01:20 1.375
20150220 01:30 1.375
20150220 01:40 1.125
20150220 01:50 1
20150220 02:00 1
20150220 02:10 0.875
20150220 02:20 0.875
20150220 02:30 0.875
20150220 02:40 0.75
20150220 02:50 0.75
20150220 03:00 0.75
20150220 03:10 0.75
20150220 03:20 0.75
20150220 03:30 0.75
20150220 03:40 0.5
20150220 03:50 0.5
20150220 04:00 0.375
20150220 04:10 0.375
20150220 04:20 0.5
20150220 04:30 0.5
20150220 04:40 0.625
20150220 04:50 0.75
20150220 05:00 1.125
20150220 05:10 1.375
20150220 05:20 1.5
20150220 05:30 1.625
20150220 05:40 1.5
20150220 05:50 1.75
20150220 06:00 1.875
20150220 06:10 1.875
20150220 06:20 1.875
20150220 06:30 1.875
20150220 06:40 2
20150220 06:50 2
20150220 07:00 2.125
20150220 07:10 2.125
20150220 07:20 2.125
20150220 07:30 2.25
20150220 07:40 2.25
20150220 07:50 2.375
20150220 08:00 2.25
20150220 08:10 2.25
20150220 08:20 2.375
20150220 08:30 2.75
20150220 08:40 2.75
20150220 08:50 2.875
20150220 09:00 3
20150220 09:10 3.125
20150220 09:20 3.5
20150220 09:30 3.625
20150220 09:40 3.625
20150220 09:50 3.75
20150220 10:00 3.875
20150220 10:10 4
20150220 10:20 4.25
20150220 10:30 4.25
20150220 10:40 4.25
20150220 10:50 4.25
20150220 11:00 4.625
20150220 11:10 4.75
20150220 11:20 4.75
20150220 11:30 5
20150220 11:40 5.125
20150220 11:50 5.25
20150220 12:00 5.375
20150220 12:10 5.625
20150220 12:20 5.625
20150220 12:30 5.625
20150220 12:40 5.75
20150220 12:50 5.875
20150220 13:00 5.875
20150220 13:10 5.875
20150220 13:20 6
20150220 13:30 6
20150220 13:40 6
20150220 13:50 6.125
20150220 14:00 6.25
20150220 14:10 6.125
20150220 14:20 6
20150220 14:30 5.875
20150220 14:40 5.75
20150220 14:50 5.875
20150220 15:00 5.875
20150220 15:10 5.875
20150220 15:20 5.875
20150220 15:30 5.875
20150220 15:40 5.75
20150220 15:50 5.875
20150220 16:00 5.875
20150220 16:10 5.75
20150220 16:20 5.625
20150220 16:30 5.625
20150220 16:40 5.625
20150220 16:50 5.5
20150220 17:00 5.5
20150220 17:10 5.5
20150220 17:20 5.5
20150220 17:30 5.375
20150220 17:40 5.375
20150220 17:50 5.375
20150220 18:00 5.375
20150220 18:10 5.25
20150220 18:20 5.25
20150220 18:30 5.25
20150220 18:40 5.125
20150220 18:50 5.25
20150220 19:00 5.25
20150220 19:10 5.25
20150220 19:20 5.25
20150220 19:30 5.25
20150220 19:40 5.375
20150220 19:50 5.25
20150220 20:00 5.25
20150220 20:10 5.125
20150220 20:20 5.125
20150220 20:30 5.125
20150220 20:40 5.125
20150220 20:50 5.125
20150220 21:00 5.125
20150220 21:10 5.125
20150220 21:20 5.375
20150220 21:30 5.25
20150220 21:40 5.125
20150220 21:50 5.25
20150220 22:00 5.25
20150220 22:10 5.375
20150220 22:20 5.375
20150220 22:30 5.25
20150220 22:40 5.25
20150220 22:50 5.25
20150220 23:00 5.375
20150220 23:10 5.375
20150220 23:20 5.375
20150220 23:30 5.375
20150220 23:40 5.375
20150220 23:50 5.375
