YYYYMMDD HH:MM measured temperature
20150110 00:00 5.75
20150110 00:10 5.75
20150110 00:20 5.8125
20150110 00:30 5.8125
20150110 00:40 5.8125
20150110 00:50 5.8125
20150110 01:00 5.875
20150110 01:10 5.9375
20150110 01:20 5.9375
20150110 01:30 6.0625
20150110 01:40 6.1875
20150110 01:50 6.375
20150110 02:00 6.5
20150110 02:10 6.625
20150110 02:20 6.9375
20150110 02:30 7.1875
20150110 02:40 7.75
20150110 02:50
20150110 03:00
20150110 03:10
20150110 03:20
20150110 03:30
20150110 03:40
20150110 03:50
20150110 04:00
20150110 04:10 10.9375
20150110 04:20 10.9375
20150110 04:30 11
20150110 04:40
20150110 04:50
20150110 05:00
20150110 05:10
20150110 05:20
20150110 05:30
20150110 05:40
20150110 05:50
20150110 06:00
20150110 06:10
20150110 06:20
20150110 06:30
20150110 06:40
20150110 06:50
20150110 07:00
20150110 07:10
20150110 07:20
20150110 07:30
20150110 07:40
20150110 07:50
20150110 08:00
20150110 08:10
20150110 08:20
20150110 08:30
20150110 08:40
20150110 08:50
20150110 09:00
20150110 09:10 11.3125
20150110 09:20
20150110 09:30
20150110 09:40
20150110 09:50
20150110 10:00
20150110 10:10
20150110 10:20
20150110 10:30
20150110 10:40
20150110 10:50
20150110 11:00
20150110 11:10 14.125
20150110 11:20 16.4375
20150110 11:30 17.4375
20150110 11:40 17.9375
20150110 11:50
20150110 12:00 18.3125
20150110 12:10 18.375
20150110 12:20
20150110 12:30
20150110 12:40
20150110 12:50
20150110 13:00 18.75
20150110 13:10 18.8125
20150110 13:20 18.8125
20150110 13:30 18.75
20150110 13:40 18.75
20150110 13:50 18.6875
20150110 14:00 18.625
20150110 14:10 18.5625
20150110 14:20 18.5625
20150110 14:30 18.4375
20150110 14:40 18.5625
20150110 14:50 18.5625
20150110 15:00 18.5
20150110 15:10 18.4375
20150110 15:20 18.4375
20150110 15:30 18.3125
20150110 15:40 18.3125
20150110 15:50 18
20150110 16:00 18.1875
20150110 16:10 18.125
20150110 16:20 18.125
20150110 16:30 18.5
20150110 16:40 18.125
20150110 16:50 18.125
20150110 17:00 18.125
20150110 17:10 18.125
20150110 17:20 18.1875
20150110 17:30 18.125
20150110 17:40 18.0625
20150110 17:50 18.0625
20150110 18:00 18.0625
20150110 18:10 18.125
20150110 18:20 18.0625
20150110 18:30 18
20150110 18:40 17.9375
20150110 18:50 18
20150110 19:00 17.8125
20150110 19:10 17.875
20150110 19:20 17.875
20150110 19:30 17.875
20150110 19:40 17.9375
20150110 19:50 17.875
20150110 20:00 17.8125
20150110 20:10 17.8125
20150110 20:20 17.8125
20150110 20:30 17.6875
20150110 20:40 17.8125
20150110 20:50 17.75
20150110 21:00 17.6875
20150110 21:10 17.6875
20150110 21:20 17.6875
20150110 21:30 17.6875
20150110 21:40 17.6875
20150110 21:50 17.625
20150110 22:00 17.625
20150110 22:10 17.5625
20150110 22:20 17.4375
20150110 22:30 17.375
20150110 22:40 17.3125
20150110 22:50 17.25
20150110 23:00 17.125
20150110 23:10 17.125
20150110 23:20 17.125
20150110 23:30 17
20150110 23:40 17
20150110 23:50 16.875
