YYYYMMDD HH:MM measured temperature
20150919 00:00 12.5
20150919 00:10 12.25
20150919 00:20 12.875
20150919 00:30 12.5
20150919 00:40 12.125
20150919 00:50 12.25
20150919 01:00 12.375
20150919 01:10 12
20150919 01:20 11.75
20150919 01:30 11.375
20150919 01:40 11.5
20150919 01:50 11.625
20150919 02:00 11.75
20150919 02:10 12.125
20150919 02:20 12.125
20150919 02:30 11.5
20150919 02:40 11.625
20150919 02:50 11.25
20150919 03:00 11.125
20150919 03:10 11.375
20150919 03:20 10.875
20150919 03:30 10.75
20150919 03:40 11
20150919 03:50 11.125
20150919 04:00 11.125
20150919 04:10 11.125
20150919 04:20 11.5
20150919 04:30 11.75
20150919 04:40 11.75
20150919 04:50 11.75
20150919 05:00 11.875
20150919 05:10 11.875
20150919 05:20 11.875
20150919 05:30 11.875
20150919 05:40 11.625
20150919 05:50 11.75
20150919 06:00 11.75
20150919 06:10 11.625
20150919 06:20 11.625
20150919 06:30 11.625
20150919 06:40 11.75
20150919 06:50 11.75
20150919 07:00 11.625
20150919 07:10 11.75
20150919 07:20 11.75
20150919 07:30 11.75
20150919 07:40 11.75
20150919 07:50 11.75
20150919 08:00 11.75
20150919 08:10 11.75
20150919 08:20 11.75
20150919 08:30 11.875
20150919 08:40 12
20150919 08:50 12.375
20150919 09:00 12.25
20150919 09:10 12.25
20150919 09:20 12.25
20150919 09:30 12.375
20150919 09:40 12.25
20150919 09:50 12.375
20150919 10:00 12.25
20150919 10:10 12.25
20150919 10:20 12.125
20150919 10:30 12.25
20150919 10:40 12.25
20150919 10:50 12.25
20150919 11:00 12.25
20150919 11:10 12.25
20150919 11:20 12.25
20150919 11:30 12.5
20150919 11:40 12.625
20150919 11:50 12.875
20150919 12:00 13.125
20150919 12:10 13
20150919 12:20 13.25
20150919 12:30 13.125
20150919 12:40 13.25
20150919 12:50 13.375
20150919 13:00 13.625
20150919 13:10 13.875
20150919 13:20 13.625
20150919 13:30 14.25
20150919 13:40 14.625
20150919 13:50 15
20150919 14:00 15.125
20150919 14:10 15.75
20150919 14:20 16.5
20150919 14:30 16.625
20150919 14:40 17.625
20150919 14:50 17
20150919 15:00 16.375
20150919 15:10 16.625
20150919 15:20 16.125
20150919 15:30 15.75
20150919 15:40 15.25
20150919 15:50 14.875
20150919 16:00 16.125
20150919 16:10 16.625
20150919 16:20 15.625
20150919 16:30 16.625
20150919 16:40 16.375
20150919 16:50 17
20150919 17:00 17.125
20150919 17:10 16.625
20150919 17:20 16.75
20150919 17:30 16.625
20150919 17:40 16
20150919 17:50 16
20150919 18:00 15.875
20150919 18:10 15.625
20150919 18:20 15
20150919 18:30 14.875
20150919 18:40 15
20150919 18:50 14.5
20150919 19:00 14.375
20150919 19:10 13.75
20150919 19:20 13.75
20150919 19:30 13.25
20150919 19:40 13
20150919 19:50 12.625
20150919 20:00 12.5
20150919 20:10 12.5
20150919 20:20 12.5
20150919 20:30 12
20150919 20:40 11.75
20150919 20:50 11.75
20150919 21:00 11.5
20150919 21:10 11.375
20150919 21:20 11.375
20150919 21:30 11.375
20150919 21:40 11.25
20150919 21:50 11.375
20150919 22:00 11.25
20150919 22:10 11.375
20150919 22:20 11.5
20150919 22:30 11.25
20150919 22:40 11.125
20150919 22:50 11.25
20150919 23:00 11.25
20150919 23:10 11.5
20150919 23:20 11.375
20150919 23:30 11.125
20150919 23:40 10.875
20150919 23:50 10.625
