YYYYMMDD HH:MM measured temperature
20150130 00:00 1
20150130 00:10 1
20150130 00:20 1
20150130 00:30 1
20150130 00:40 1
20150130 00:50 1
20150130 01:00 0.875
20150130 01:10 0.875
20150130 01:20 0.75
20150130 01:30 0.75
20150130 01:40 0.75
20150130 01:50 0.75
20150130 02:00 0.75
20150130 02:10 0.625
20150130 02:20 0.5
20150130 02:30 0.375
20150130 02:40 0.25
20150130 02:50 0
20150130 03:00 0.125
20150130 03:10 -0.125
20150130 03:20 0
20150130 03:30 0.125
20150130 03:40 0
20150130 03:50 0
20150130 04:00 0.125
20150130 04:10 0
20150130 04:20 0
20150130 04:30 0
20150130 04:40 0
20150130 04:50 0.125
20150130 05:00 0.125
20150130 05:10 0.125
20150130 05:20 0.25
20150130 05:30 0.25
20150130 05:40 0.25
20150130 05:50 0.25
20150130 06:00 0.25
20150130 06:10 0.25
20150130 06:20 0.25
20150130 06:30 0.125
20150130 06:40 0.125
20150130 06:50 0.125
20150130 07:00 0.125
20150130 07:10 0.125
20150130 07:20 0.125
20150130 07:30 0.125
20150130 07:40 0
20150130 07:50 0
20150130 08:00 0
20150130 08:10 0.125
20150130 08:20 0
20150130 08:30 0
20150130 08:40 0.25
20150130 08:50 0.125
20150130 09:00 0
20150130 09:10 0.25
20150130 09:20 0
20150130 09:30 0.125
20150130 09:40 0.125
20150130 09:50 0
20150130 10:00 0.125
20150130 10:10 0.25
20150130 10:20 0.25
20150130 10:30 0.375
20150130 10:40 0.25
20150130 10:50 0.25
20150130 11:00 0.25
20150130 11:10 0.375
20150130 11:20 0.375
20150130 11:30 0.25
20150130 11:40 0.25
20150130 11:50 0.125
20150130 12:00 0.625
20150130 12:10 0.375
20150130 12:20 0.5
20150130 12:30 0.375
20150130 12:40 0.75
20150130 12:50 1.375
20150130 13:00 1.75
20150130 13:10 1.75
20150130 13:20 1.875
20150130 13:30 1.625
20150130 13:40 2.125
20150130 13:50 1.875
20150130 14:00 1.875
20150130 14:10 2.125
20150130 14:20 1.875
20150130 14:30 1.625
20150130 14:40 1.5
20150130 14:50 1.375
20150130 15:00 1
20150130 15:10 1.125
20150130 15:20 1.25
20150130 15:30 1.25
20150130 15:40 1.25
20150130 15:50 1.125
20150130 16:00 1.25
20150130 16:10 1.375
20150130 16:20 1.25
20150130 16:30 1.25
20150130 16:40 1.25
20150130 16:50 1.375
20150130 17:00 1.375
20150130 17:10 1.375
20150130 17:20 1.25
20150130 17:30 1.25
20150130 17:40 1.25
20150130 17:50 1.375
20150130 18:00 1.25
20150130 18:10 1.25
20150130 18:20 1.125
20150130 18:30 0.625
20150130 18:40 0
20150130 18:50 0.25
20150130 19:00 0.375
20150130 19:10 0.375
20150130 19:20 0.375
20150130 19:30 0
20150130 19:40 -0.375
20150130 19:50 -0.375
20150130 20:00 -0.375
20150130 20:10 -0.5
20150130 20:20 -0.5
20150130 20:30 -0.5
20150130 20:40 -0.375
20150130 20:50 -0.5
20150130 21:00 -0.5
20150130 21:10 -0.75
20150130 21:20 -0.75
20150130 21:30 -0.875
20150130 21:40 -0.75
20150130 21:50 -0.875
20150130 22:00 -0.75
20150130 22:10 -0.75
20150130 22:20 -0.75
20150130 22:30 -0.625
20150130 22:40 -0.5
20150130 22:50 -0.5
20150130 23:00 -0.5
20150130 23:10 -0.25
20150130 23:20 -0.125
20150130 23:30 -0.25
20150130 23:40 -0.125
20150130 23:50 0
