YYYYMMDD HH:MM measured temperature
20150328 00:00 5.375
20150328 00:10 5.25
20150328 00:20 5.375
20150328 00:30 5.375
20150328 00:40 5.375
20150328 00:50 5.375
20150328 01:00 5.25
20150328 01:10 5.25
20150328 01:20 5.125
20150328 01:30 5
20150328 01:40 5
20150328 01:50 5
20150328 02:00 4.875
20150328 02:10 4.75
20150328 02:20 4.75
20150328 02:30 4.75
20150328 02:40 4.75
20150328 02:50 4.75
20150328 03:00 4.75
20150328 03:10 4.75
20150328 03:20 4.75
20150328 03:30 4.625
20150328 03:40 4.625
20150328 03:50 4.75
20150328 04:00 4.625
20150328 04:10 4.625
20150328 04:20 4.75
20150328 04:30 4.625
20150328 04:40 4.75
20150328 04:50 4.75
20150328 05:00 4.75
20150328 05:10 4.875
20150328 05:20 4.875
20150328 05:30 4.875
20150328 05:40 4.875
20150328 05:50 4.875
20150328 06:00 4.875
20150328 06:10 4.75
20150328 06:20 4.75
20150328 06:30 4.75
20150328 06:40 4.625
20150328 06:50 4.625
20150328 07:00 4.625
20150328 07:10 4.5
20150328 07:20 4.5
20150328 07:30 4.5
20150328 07:40 4.5
20150328 07:50 4.625
20150328 08:00 4.75
20150328 08:10 4.625
20150328 08:20 4.875
20150328 08:30 5.125
20150328 08:40 5
20150328 08:50 5.125
20150328 09:00 5.125
20150328 09:10 5.125
20150328 09:20 5.75
20150328 09:30 6.125
20150328 09:40 6.875
20150328 09:50 7.125
20150328 10:00 7.625
20150328 10:10 7.625
20150328 10:20 7.875
20150328 10:30 8.25
20150328 10:40 8.75
20150328 10:50 8.625
20150328 11:00 8.75
20150328 11:10 8.625
20150328 11:20 7.375
20150328 11:30 7.75
20150328 11:40 7.5
20150328 11:50 9.5
20150328 12:00 7.75
20150328 12:10 8.25
20150328 12:20 10.5
20150328 12:30 11
20150328 12:40 9
20150328 12:50 11
20150328 13:00 12.875
20150328 13:10 9.5
20150328 13:20 12.625
20150328 13:30 12.75
20150328 13:40 12.75
20150328 13:50 11.25
20150328 14:00 13.25
20150328 14:10 13.25
20150328 14:20 11.5
20150328 14:30 11.25
20150328 14:40 12.125
20150328 14:50 11.375
20150328 15:00 11.125
20150328 15:10 10.75
20150328 15:20 10.625
20150328 15:30 11.125
20150328 15:40 10.875
20150328 15:50 10.75
20150328 16:00 10.625
20150328 16:10 10.75
20150328 16:20 10.625
20150328 16:30 10.5
20150328 16:40 10.5
20150328 16:50 10.375
20150328 17:00 10.25
20150328 17:10 10
20150328 17:20 9.75
20150328 17:30 9.5
20150328 17:40 9.5
20150328 17:50 9.375
20150328 18:00 9.25
20150328 18:10 9.125
20150328 18:20 8.875
20150328 18:30 8.75
20150328 18:40 8.875
20150328 18:50 8.875
20150328 19:00 8.75
20150328 19:10 8.75
20150328 19:20 8.625
20150328 19:30 8.625
20150328 19:40 8.5
20150328 19:50 8.25
20150328 20:00 7.875
20150328 20:10 7.625
20150328 20:20 7.625
20150328 20:30 7.625
20150328 20:40 7.625
20150328 20:50 7.75
20150328 21:00 7.75
20150328 21:10 7.75
20150328 21:20 7.75
20150328 21:30 7.625
20150328 21:40 7.625
20150328 21:50 7.625
20150328 22:00 7.75
20150328 22:10 7.875
20150328 22:20 8
20150328 22:30 8.125
20150328 22:40 8.25
20150328 22:50 8.375
20150328 23:00 8.5
20150328 23:10 8.75
20150328 23:20 8.75
20150328 23:30 8.75
20150328 23:40 8.75
20150328 23:50 8.75
