YYYYMMDD HH:MM measured temperature
20150106 00:00 3.5625
20150106 00:10 3.5625
20150106 00:20 3.625
20150106 00:30 3.625
20150106 00:40 3.625
20150106 00:50 3.625
20150106 01:00 3.625
20150106 01:10 3.75
20150106 01:20 3.6875
20150106 01:30 3.6875
20150106 01:40 3.75
20150106 01:50 3.75
20150106 02:00 3.6875
20150106 02:10 3.75
20150106 02:20 3.75
20150106 02:30 3.8125
20150106 02:40 3.875
20150106 02:50 3.875
20150106 03:00 3.8125
20150106 03:10 3.875
20150106 03:20 3.6875
20150106 03:30 3.75
20150106 03:40 3.6875
20150106 03:50 3.8125
20150106 04:00 4
20150106 04:10 3.8125
20150106 04:20 3.8125
20150106 04:30 3.875
20150106 04:40 4
20150106 04:50 3.9375
20150106 05:00 3.75
20150106 05:10 3.875
20150106 05:20 3.8125
20150106 05:30 3.9375
20150106 05:40 3.8125
20150106 05:50 4
20150106 06:00 3.75
20150106 06:10 3.625
20150106 06:20 3.875
20150106 06:30 3.8125
20150106 06:40 3.75
20150106 06:50 3.875
20150106 07:00 3.875
20150106 07:10 3.875
20150106 07:20 3.75
20150106 07:30 3.6875
20150106 07:40 3.75
20150106 07:50 3.875
20150106 08:00 3.6875
20150106 08:10 3.8125
20150106 08:20 3.9375
20150106 08:30 4
20150106 08:40 3.9375
20150106 08:50 4
20150106 09:00 3.875
20150106 09:10 3.875
20150106 09:20 3.875
20150106 09:30 3.8125
20150106 09:40 3.875
20150106 09:50 3.75
20150106 10:00 4
20150106 10:10 4.25
20150106 10:20 4.1875
20150106 10:30 4.25
20150106 10:40 4.1875
20150106 10:50 4.25
20150106 11:00 4.375
20150106 11:10 4.4375
20150106 11:20 4.375
20150106 11:30 4.3125
20150106 11:40 4.4375
20150106 11:50 4.4375
20150106 12:00 4.5
20150106 12:10 4.5
20150106 12:20 4.75
20150106 12:30 4.625
20150106 12:40 4.75
20150106 12:50 4.75
20150106 13:00 4.5625
20150106 13:10 4.5625
20150106 13:20 4.625
20150106 13:30 4.5
20150106 13:40 4.375
20150106 13:50 4.375
20150106 14:00 4.4375
20150106 14:10 4.5
20150106 14:20 4.3125
20150106 14:30 4.375
20150106 14:40 4.3125
20150106 14:50 4.25
20150106 15:00 4.25
20150106 15:10 4.25
20150106 15:20 4.25
20150106 15:30 4.1875
20150106 15:40 4.0625
20150106 15:50 4.125
20150106 16:00 4
20150106 16:10 4
20150106 16:20 4
20150106 16:30 3.9375
20150106 16:40 3.8125
20150106 16:50 3.625
20150106 17:00 3.5
20150106 17:10 3.375
20150106 17:20 3.25
20150106 17:30 3.0625
20150106 17:40 3
20150106 17:50 2.9375
20150106 18:00 2.875
20150106 18:10 2.875
20150106 18:20 2.875
20150106 18:30 2.875
20150106 18:40 2.75
20150106 18:50 2.75
20150106 19:00 2.625
20150106 19:10 2.625
20150106 19:20 2.625
20150106 19:30 2.5
20150106 19:40 2.3125
20150106 19:50 2.3125
20150106 20:00 2.25
20150106 20:10 2.25
20150106 20:20 2.5
20150106 20:30 2.4375
20150106 20:40 2.5625
20150106 20:50 2.5
20150106 21:00 2.5
20150106 21:10 2.5
20150106 21:20 2.625
20150106 21:30 2.625
20150106 21:40 2.625
20150106 21:50 2.5
20150106 22:00 2.25
20150106 22:10 2
20150106 22:20 1.875
20150106 22:30 1.75
20150106 22:40 1.875
20150106 22:50 2.1875
20150106 23:00 2.375
20150106 23:10 2.3125
20150106 23:20 2.4375
20150106 23:30 2.5
20150106 23:40 2.5625
20150106 23:50 2.75
