YYYYMMDD HH:MM measured temperature
20151009 00:00 13.5
20151009 00:10 13.375
20151009 00:20 13.5
20151009 00:30 13.375
20151009 00:40 13.375
20151009 00:50 13.5
20151009 01:00 13.375
20151009 01:10 13.5
20151009 01:20 13.375
20151009 01:30 13.375
20151009 01:40 13.375
20151009 01:50 13.25
20151009 02:00 13.25
20151009 02:10 13.125
20151009 02:20 13
20151009 02:30 13
20151009 02:40 13.125
20151009 02:50 13
20151009 03:00 12.875
20151009 03:10 12.75
20151009 03:20 12.75
20151009 03:30 12.75
20151009 03:40 12.75
20151009 03:50 12.625
20151009 04:00 12.625
20151009 04:10 12.5
20151009 04:20 12.5
20151009 04:30 12.5
20151009 04:40 12.375
20151009 04:50 12.5
20151009 05:00 12.5
20151009 05:10 12.5
20151009 05:20 12.625
20151009 05:30 12.5
20151009 05:40 12.625
20151009 05:50 12.5
20151009 06:00 12.375
20151009 06:10 12.25
20151009 06:20 12.25
20151009 06:30 12.25
20151009 06:40 12.25
20151009 06:50 12.125
20151009 07:00 12.375
20151009 07:10 12.375
20151009 07:20 12.25
20151009 07:30 12.375
20151009 07:40 12.375
20151009 07:50 12.375
20151009 08:00 12.375
20151009 08:10 12.5
20151009 08:20 12.5
20151009 08:30 12.5
20151009 08:40 12.625
20151009 08:50 12.75
20151009 09:00 12.875
20151009 09:10 13.25
20151009 09:20 13.25
20151009 09:30 13.125
20151009 09:40 13.25
20151009 09:50 13.25
20151009 10:00 13.125
20151009 10:10 13.375
20151009 10:20 13.375
20151009 10:30 13.375
20151009 10:40 13.25
20151009 10:50 13
20151009 11:00 13.5
20151009 11:10 13.625
20151009 11:20 14.25
20151009 11:30 13.75
20151009 11:40 13.5
20151009 11:50 13.5
20151009 12:00 13.625
20151009 12:10 13.25
20151009 12:20 12.875
20151009 12:30 12.75
20151009 12:40 13.125
20151009 12:50 13.75
20151009 13:00 13.75
20151009 13:10 13.25
20151009 13:20 13.5
20151009 13:30 13.5
20151009 13:40 13.75
20151009 13:50 12.875
20151009 14:00 12.625
20151009 14:10 13
20151009 14:20 12.75
20151009 14:30 12.75
20151009 14:40 12.5
20151009 14:50 12.5
20151009 15:00 12.625
20151009 15:10 12.5
20151009 15:20 12.375
20151009 15:30 12.5
20151009 15:40 12.375
20151009 15:50 12.375
20151009 16:00 12.375
20151009 16:10 12.375
20151009 16:20 12.5
20151009 16:30 12.25
20151009 16:40 12.125
20151009 16:50 12
20151009 17:00 11.875
20151009 17:10 11.75
20151009 17:20 11.75
20151009 17:30 11.5
20151009 17:40 11.5
20151009 17:50 11.5
20151009 18:00 11.25
20151009 18:10 11.25
20151009 18:20 11
20151009 18:30 11.125
20151009 18:40 11
20151009 18:50 10.875
20151009 19:00 10.75
20151009 19:10 10.875
20151009 19:20 10.875
20151009 19:30 10.75
20151009 19:40 10.75
20151009 19:50 10.875
20151009 20:00 10.75
20151009 20:10 10.75
20151009 20:20 10.75
20151009 20:30 10.75
20151009 20:40 10.75
20151009 20:50 10.75
20151009 21:00 10.625
20151009 21:10 10.75
20151009 21:20 10.625
20151009 21:30 10.625
20151009 21:40 10.625
20151009 21:50 10.5
20151009 22:00 10.5
20151009 22:10 10.5
20151009 22:20 10.5
20151009 22:30 10.375
20151009 22:40 10.25
20151009 22:50 10.25
20151009 23:00 10.25
20151009 23:10 10.125
20151009 23:20 10.125
20151009 23:30 10
20151009 23:40 10
20151009 23:50 9.875
