YYYYMMDD HH:MM measured temperature
20150526 00:00 9.5
20150526 00:10 9.375
20150526 00:20 9.625
20150526 00:30 9.625
20150526 00:40 9.5
20150526 00:50 9.5
20150526 01:00 9.5
20150526 01:10 9.25
20150526 01:20 9.5
20150526 01:30 9.375
20150526 01:40 9.25
20150526 01:50 9.375
20150526 02:00 9.5
20150526 02:10 9.375
20150526 02:20 9.375
20150526 02:30 9.25
20150526 02:40 9.125
20150526 02:50 9.125
20150526 03:00 9.125
20150526 03:10 9.25
20150526 03:20 9.25
20150526 03:30 9.25
20150526 03:40 9.25
20150526 03:50 9.25
20150526 04:00 8.875
20150526 04:10 8.75
20150526 04:20 8.625
20150526 04:30 8.625
20150526 04:40 8.75
20150526 04:50 8.625
20150526 05:00 8.625
20150526 05:10 8.625
20150526 05:20 8.625
20150526 05:30 8.375
20150526 05:40 8.125
20150526 05:50 8
20150526 06:00 8
20150526 06:10 8.25
20150526 06:20 8.375
20150526 06:30 8.625
20150526 06:40 8.75
20150526 06:50 8.625
20150526 07:00 8.875
20150526 07:10 8.75
20150526 07:20 8.375
20150526 07:30 9
20150526 07:40 9.75
20150526 07:50 9.5
20150526 08:00 9.375
20150526 08:10 9.125
20150526 08:20 9.625
20150526 08:30 10.125
20150526 08:40 10.875
20150526 08:50 11.5
20150526 09:00 12
20150526 09:10 11.75
20150526 09:20 10.75
20150526 09:30 11
20150526 09:40 11.875
20150526 09:50 12.375
20150526 10:00 11.125
20150526 10:10 11.875
20150526 10:20 11.625
20150526 10:30 11.75
20150526 10:40 11.625
20150526 10:50 9.125
20150526 11:00 9.125
20150526 11:10 10.375
20150526 11:20 11.5
20150526 11:30 11.875
20150526 11:40 10.875
20150526 11:50 11.625
20150526 12:00 12.125
20150526 12:10 13.375
20150526 12:20 12.75
20150526 12:30 11.875
20150526 12:40 12.625
20150526 12:50 13.75
20150526 13:00 13.5
20150526 13:10 13.625
20150526 13:20 13
20150526 13:30 14.25
20150526 13:40 14.625
20150526 13:50 16
20150526 14:00 16.375
20150526 14:10 14.25
20150526 14:20 14.25
20150526 14:30 15.75
20150526 14:40 13.875
20150526 14:50 13.5
20150526 15:00 14.25
20150526 15:10 16.625
20150526 15:20 15.375
20150526 15:30 13.75
20150526 15:40 15
20150526 15:50 16.125
20150526 16:00 14.375
20150526 16:10 15.125
20150526 16:20 14.25
20150526 16:30 14.375
20150526 16:40 14.125
20150526 16:50 13.875
20150526 17:00 13.625
20150526 17:10 14.25
20150526 17:20 14.25
20150526 17:30 13.625
20150526 17:40 13.75
20150526 17:50 13.75
20150526 18:00 13.625
20150526 18:10 13.375
20150526 18:20 13.25
20150526 18:30 13.125
20150526 18:40 13.125
20150526 18:50 12.75
20150526 19:00 12.5
20150526 19:10 12
20150526 19:20 11.875
20150526 19:30 12.25
20150526 19:40 12
20150526 19:50 12.25
20150526 20:00 11.625
20150526 20:10 11.5
20150526 20:20 11.375
20150526 20:30 10.875
20150526 20:40 10.75
20150526 20:50 10.375
20150526 21:00 10.125
20150526 21:10 9.875
20150526 21:20 9.625
20150526 21:30 9.75
20150526 21:40 9.75
20150526 21:50 9.75
20150526 22:00 9.625
20150526 22:10 9.25
20150526 22:20 9
20150526 22:30 9
20150526 22:40 9.125
20150526 22:50 9.125
20150526 23:00 9.125
20150526 23:10 9.125
20150526 23:20 9
20150526 23:30 8.875
20150526 23:40 8.5
20150526 23:50 8.25
