YYYYMMDD HH:MM measured temperature
20150511 00:00 8.125
20150511 00:10 8.125
20150511 00:20 8.25
20150511 00:30 8.25
20150511 00:40 8.375
20150511 00:50 8.375
20150511 01:00 8.25
20150511 01:10 8.125
20150511 01:20 8.125
20150511 01:30 8.125
20150511 01:40 8
20150511 01:50 8
20150511 02:00 7.875
20150511 02:10 7.75
20150511 02:20 7.75
20150511 02:30 7.625
20150511 02:40 7.625
20150511 02:50 7.625
20150511 03:00 7.625
20150511 03:10 7.75
20150511 03:20 7.75
20150511 03:30 7.75
20150511 03:40 7.75
20150511 03:50 7.5
20150511 04:00 7.375
20150511 04:10 7.25
20150511 04:20 7.375
20150511 04:30 7.375
20150511 04:40 7.375
20150511 04:50 7.125
20150511 05:00 7
20150511 05:10 7.125
20150511 05:20 7.25
20150511 05:30 7.375
20150511 05:40 7.375
20150511 05:50 7.5
20150511 06:00 7.5
20150511 06:10 7.75
20150511 06:20 8
20150511 06:30 8.25
20150511 06:40 8.5
20150511 06:50 8.875
20150511 07:00 9.25
20150511 07:10 9.875
20150511 07:20 10.125
20150511 07:30 10.375
20150511 07:40 10.625
20150511 07:50 11.125
20150511 08:00 11.5
20150511 08:10 11.75
20150511 08:20 12
20150511 08:30 12.5
20150511 08:40 13.25
20150511 08:50 13.75
20150511 09:00 14
20150511 09:10 13.875
20150511 09:20 14.125
20150511 09:30 14.375
20150511 09:40 14.25
20150511 09:50 15.125
20150511 10:00 16.125
20150511 10:10 16.625
20150511 10:20 17
20150511 10:30 17.625
20150511 10:40 18.5
20150511 10:50 18.875
20150511 11:00 19
20150511 11:10 19.75
20150511 11:20 19.125
20150511 11:30 19.125
20150511 11:40 19.375
20150511 11:50 20
20150511 12:00 21
20150511 12:10 20.875
20150511 12:20 21.125
20150511 12:30 21
20150511 12:40 21.375
20150511 12:50 21.25
20150511 13:00 21.375
20150511 13:10 21.5
20150511 13:20 21.875
20150511 13:30 22.625
20150511 13:40 22.25
20150511 13:50 22.375
20150511 14:00 23.125
20150511 14:10 22.625
20150511 14:20 22.5
20150511 14:30 23.5
20150511 14:40 23.25
20150511 14:50 23.375
20150511 15:00 24.125
20150511 15:10 23.625
20150511 15:20 23.375
20150511 15:30 23.125
20150511 15:40 22.75
20150511 15:50 23.125
20150511 16:00 23
20150511 16:10 23.375
20150511 16:20 22.625
20150511 16:30 23.5
20150511 16:40 23.5
20150511 16:50 22.75
20150511 17:00 23.375
20150511 17:10 23.5
20150511 17:20 23.375
20150511 17:30 23.625
20150511 17:40 23
20150511 17:50 23.125
20150511 18:00 23.125
20150511 18:10 22.375
20150511 18:20 22.25
20150511 18:30 22.25
20150511 18:40 22.5
20150511 18:50 22.5
20150511 19:00 22.375
20150511 19:10 22.625
20150511 19:20 22.25
20150511 19:30 22
20150511 19:40 21.75
20150511 19:50 21.625
20150511 20:00 21.25
20150511 20:10 21
20150511 20:20 20.375
20150511 20:30 19.625
20150511 20:40 19.125
20150511 20:50 19.25
20150511 21:00 19.25
20150511 21:10 19
20150511 21:20 18.75
20150511 21:30 18.625
20150511 21:40 17.875
20150511 21:50 18
20150511 22:00 18.25
20150511 22:10 17.875
20150511 22:20 17.5
20150511 22:30 17
20150511 22:40 16.75
20150511 22:50 16.75
20150511 23:00 16.375
20150511 23:10 16.125
20150511 23:20 15.875
20150511 23:30 15.875
20150511 23:40 15.75
20150511 23:50 15.375
