YYYYMMDD HH:MM measured temperature
20150516 00:00 5.5
20150516 00:10 5.125
20150516 00:20 4.5
20150516 00:30 4.375
20150516 00:40 3.75
20150516 00:50 3.5
20150516 01:00 3.375
20150516 01:10 3.375
20150516 01:20 3.75
20150516 01:30 3.5
20150516 01:40 3.5
20150516 01:50 3
20150516 02:00 3.25
20150516 02:10 3
20150516 02:20 2.75
20150516 02:30 3.25
20150516 02:40 3.125
20150516 02:50 2.75
20150516 03:00 3.125
20150516 03:10 3.125
20150516 03:20 3.125
20150516 03:30 3.25
20150516 03:40 3.125
20150516 03:50 2.875
20150516 04:00 3.375
20150516 04:10 2.75
20150516 04:20 2.625
20150516 04:30 2.5
20150516 04:40 2.5
20150516 04:50 2.25
20150516 05:00 2.125
20150516 05:10 2.25
20150516 05:20 2.375
20150516 05:30 2.375
20150516 05:40 2.375
20150516 05:50 2.875
20150516 06:00 3.125
20150516 06:10 3.75
20150516 06:20 3.875
20150516 06:30 4
20150516 06:40 4.375
20150516 06:50 4.75
20150516 07:00 5.125
20150516 07:10 5.25
20150516 07:20 5.625
20150516 07:30 6
20150516 07:40 6.125
20150516 07:50 6.5
20150516 08:00 6.625
20150516 08:10 7.25
20150516 08:20 7.625
20150516 08:30 7.5
20150516 08:40 7.625
20150516 08:50 8.25
20150516 09:00 8.125
20150516 09:10 8.375
20150516 09:20 8.5
20150516 09:30 8.625
20150516 09:40 8.875
20150516 09:50 8.875
20150516 10:00 9.375
20150516 10:10 9.375
20150516 10:20 9.875
20150516 10:30 9.5
20150516 10:40 9.5
20150516 10:50 9.875
20150516 11:00 9.875
20150516 11:10 9.875
20150516 11:20 10.375
20150516 11:30 10.5
20150516 11:40 10.875
20150516 11:50 10.625
20150516 12:00 10.375
20150516 12:10 10.75
20150516 12:20 10.75
20150516 12:30 10.875
20150516 12:40 10.875
20150516 12:50 10.875
20150516 13:00 10.875
20150516 13:10 11
20150516 13:20 11.125
20150516 13:30 10.5
20150516 13:40 10.625
20150516 13:50 10.625
20150516 14:00 10.375
20150516 14:10 10.25
20150516 14:20 10.375
20150516 14:30 10.75
20150516 14:40 10.875
20150516 14:50 10.875
20150516 15:00 11.125
20150516 15:10 11.25
20150516 15:20 11.5
20150516 15:30 11.125
20150516 15:40 11.25
20150516 15:50 11.25
20150516 16:00 11.125
20150516 16:10 11.25
20150516 16:20 11.25
20150516 16:30 11.125
20150516 16:40 11.125
20150516 16:50 11.375
20150516 17:00 11.375
20150516 17:10 11.25
20150516 17:20 11.375
20150516 17:30 11.625
20150516 17:40 11.5
20150516 17:50 11.625
20150516 18:00 12
20150516 18:10 12.125
20150516 18:20 12.25
20150516 18:30 12.5
20150516 18:40 12.75
20150516 18:50 12.625
20150516 19:00 12.5
20150516 19:10 12.625
20150516 19:20 12.375
20150516 19:30 12.25
20150516 19:40 11.875
20150516 19:50 11.75
20150516 20:00 11.5
20150516 20:10 11
20150516 20:20 10.75
20150516 20:30 10.875
20150516 20:40 10.375
20150516 20:50 10.125
20150516 21:00 10.125
20150516 21:10 10.125
20150516 21:20 10
20150516 21:30 10.125
20150516 21:40 10
20150516 21:50 9.75
20150516 22:00 9.5
20150516 22:10 9.375
20150516 22:20 9.125
20150516 22:30 8.875
20150516 22:40 8.625
20150516 22:50 8.5
20150516 23:00 8.5
20150516 23:10 8.625
20150516 23:20 8.625
20150516 23:30 8.75
20150516 23:40 8.625
20150516 23:50 8.75
