YYYYMMDD HH:MM measured temperature
20150515 00:00 7.375
20150515 00:10 7.375
20150515 00:20 7.375
20150515 00:30 7.25
20150515 00:40 7
20150515 00:50 6.75
20150515 01:00 6.25
20150515 01:10 5.875
20150515 01:20 5.75
20150515 01:30 5.25
20150515 01:40 5.125
20150515 01:50 4.75
20150515 02:00 4.875
20150515 02:10 4.5
20150515 02:20 4.5
20150515 02:30 4.25
20150515 02:40 4
20150515 02:50 4
20150515 03:00 3.875
20150515 03:10 3.625
20150515 03:20 3.5
20150515 03:30 3.5
20150515 03:40 3.375
20150515 03:50 3.75
20150515 04:00 3.5
20150515 04:10 3.875
20150515 04:20 3.625
20150515 04:30 3.5
20150515 04:40 3.625
20150515 04:50 3.375
20150515 05:00 3.125
20150515 05:10 3.125
20150515 05:20 3.125
20150515 05:30 3.125
20150515 05:40 2.75
20150515 05:50 2.625
20150515 06:00 2.625
20150515 06:10 2.625
20150515 06:20 2.5
20150515 06:30 2.75
20150515 06:40 3.125
20150515 06:50 3.25
20150515 07:00 4
20150515 07:10 5.125
20150515 07:20 5.625
20150515 07:30 6.125
20150515 07:40 6.5
20150515 07:50 6.875
20150515 08:00 7.625
20150515 08:10 8
20150515 08:20 8
20150515 08:30 8.5
20150515 08:40 8.625
20150515 08:50 9
20150515 09:00 9.125
20150515 09:10 9
20150515 09:20 9.25
20150515 09:30 9.5
20150515 09:40 9.375
20150515 09:50 9.625
20150515 10:00 9.625
20150515 10:10 10
20150515 10:20 9.625
20150515 10:30 10.5
20150515 10:40 10.25
20150515 10:50 10.375
20150515 11:00 10.25
20150515 11:10 12.375
20150515 11:20 11.625
20150515 11:30 12.25
20150515 11:40 11.5
20150515 11:50 11.25
20150515 12:00 12.125
20150515 12:10 11.75
20150515 12:20 12.125
20150515 12:30 13.375
20150515 12:40 13.75
20150515 12:50 11.875
20150515 13:00 13.75
20150515 13:10 14.125
20150515 13:20 13
20150515 13:30 13.125
20150515 13:40 14.125
20150515 13:50 13.875
20150515 14:00 14.625
20150515 14:10 14.25
20150515 14:20 14.625
20150515 14:30 14.25
20150515 14:40 14
20150515 14:50 15
20150515 15:00 15.25
20150515 15:10 14.75
20150515 15:20 14.75
20150515 15:30 15.5
20150515 15:40 15.625
20150515 15:50 14.625
20150515 16:00 14.5
20150515 16:10 15.125
20150515 16:20 14.125
20150515 16:30 14.5
20150515 16:40 13.75
20150515 16:50 14.75
20150515 17:00 14.125
20150515 17:10 14.625
20150515 17:20 14.625
20150515 17:30 14.125
20150515 17:40 13.375
20150515 17:50 14.375
20150515 18:00 13.625
20150515 18:10 13.625
20150515 18:20 13.125
20150515 18:30 13.125
20150515 18:40 13.125
20150515 18:50 13
20150515 19:00 12.75
20150515 19:10 12.25
20150515 19:20 12.125
20150515 19:30 11.875
20150515 19:40 11.5
20150515 19:50 11.375
20150515 20:00 11.25
20150515 20:10 10.5
20150515 20:20 10.25
20150515 20:30 10.25
20150515 20:40 9.75
20150515 20:50 9.5
20150515 21:00 9.25
20150515 21:10 8.875
20150515 21:20 8.625
20150515 21:30 8.125
20150515 21:40 8
20150515 21:50 7.625
20150515 22:00 7.25
20150515 22:10 7.125
20150515 22:20 7
20150515 22:30 6.875
20150515 22:40 6.5
20150515 22:50 6.375
20150515 23:00 6.25
20150515 23:10 6.25
20150515 23:20 6.125
20150515 23:30 6
20150515 23:40 5.875
20150515 23:50 5.625
