YYYYMMDD HH:MM measured temperature
20150129 00:00 2.625
20150129 00:10 2.375
20150129 00:20 2
20150129 00:30 2.25
20150129 00:40 2.25
20150129 00:50 2.375
20150129 01:00 2.375
20150129 01:10 2.5
20150129 01:20 2.625
20150129 01:30 2.375
20150129 01:40 2.125
20150129 01:50 2.25
20150129 02:00 2
20150129 02:10 2.25
20150129 02:20 2.25
20150129 02:30 1.625
20150129 02:40 1.75
20150129 02:50 2.125
20150129 03:00 2.125
20150129 03:10 2
20150129 03:20 1.75
20150129 03:30 1.75
20150129 03:40 1.75
20150129 03:50 1.75
20150129 04:00 1.875
20150129 04:10 1.875
20150129 04:20 2
20150129 04:30 1.875
20150129 04:40 2
20150129 04:50 2
20150129 05:00 1.875
20150129 05:10 1.875
20150129 05:20 1.625
20150129 05:30 1.625
20150129 05:40 1.5
20150129 05:50 1.625
20150129 06:00 1.5
20150129 06:10 1.375
20150129 06:20 1.5
20150129 06:30 1.625
20150129 06:40 1.625
20150129 06:50 1.75
20150129 07:00 1.875
20150129 07:10 1.875
20150129 07:20 1.875
20150129 07:30 1.875
20150129 07:40 1.375
20150129 07:50 0.625
20150129 08:00 0.5
20150129 08:10 0.5
20150129 08:20 0.625
20150129 08:30 0.75
20150129 08:40 0.625
20150129 08:50 0.5
20150129 09:00 0.875
20150129 09:10 0.875
20150129 09:20 0.75
20150129 09:30 0.75
20150129 09:40 0.875
20150129 09:50 1.125
20150129 10:00 1.375
20150129 10:10 1.125
20150129 10:20 1.25
20150129 10:30 1.25
20150129 10:40 1.375
20150129 10:50 1.375
20150129 11:00 1.375
20150129 11:10 1.5
20150129 11:20 1.5
20150129 11:30 1.5
20150129 11:40 1.75
20150129 11:50 2
20150129 12:00 2.25
20150129 12:10 2.375
20150129 12:20 2.25
20150129 12:30 2.25
20150129 12:40 2.125
20150129 12:50 2.25
20150129 13:00 2.375
20150129 13:10 2.375
20150129 13:20 2.375
20150129 13:30 2.5
20150129 13:40 2.5
20150129 13:50 3
20150129 14:00 2.875
20150129 14:10 3.375
20150129 14:20 3.75
20150129 14:30 3.125
20150129 14:40 3
20150129 14:50 3
20150129 15:00 3
20150129 15:10 3
20150129 15:20 2.875
20150129 15:30 2.625
20150129 15:40 2.625
20150129 15:50 2.625
20150129 16:00 2.625
20150129 16:10 2.625
20150129 16:20 2.5
20150129 16:30 2.5
20150129 16:40 2.5
20150129 16:50 2.625
20150129 17:00 2.5
20150129 17:10 2.375
20150129 17:20 2.125
20150129 17:30 1.875
20150129 17:40 1.875
20150129 17:50 1.75
20150129 18:00 1.75
20150129 18:10 1.625
20150129 18:20 1.5
20150129 18:30 1.5
20150129 18:40 1.625
20150129 18:50 1.75
20150129 19:00 1.75
20150129 19:10 1.625
20150129 19:20 1.5
20150129 19:30 1.375
20150129 19:40 1.25
20150129 19:50 1.125
20150129 20:00 1
20150129 20:10 0.875
20150129 20:20 1
20150129 20:30 0.875
20150129 20:40 1
20150129 20:50 1.125
20150129 21:00 1.125
20150129 21:10 1.25
20150129 21:20 1.25
20150129 21:30 1
20150129 21:40 1
20150129 21:50 1
20150129 22:00 1
20150129 22:10 1
20150129 22:20 1.125
20150129 22:30 1
20150129 22:40 1.125
20150129 22:50 1.125
20150129 23:00 1.125
20150129 23:10 1
20150129 23:20 1
20150129 23:30 1
20150129 23:40 1
20150129 23:50 1
