YYYYMMDD HH:MM measured temperature
20150704 00:00 21.375
20150704 00:10 21.25
20150704 00:20 21.25
20150704 00:30 21.125
20150704 00:40 21.125
20150704 00:50 21.25
20150704 01:00 20.75
20150704 01:10 20.625
20150704 01:20 20.625
20150704 01:30 20.625
20150704 01:40 20.625
20150704 01:50 20.375
20150704 02:00 20.125
20150704 02:10 20.125
20150704 02:20 20
20150704 02:30 20
20150704 02:40 20
20150704 02:50 19.875
20150704 03:00 19.875
20150704 03:10 19.75
20150704 03:20 19.75
20150704 03:30 19.5
20150704 03:40 19.375
20150704 03:50 19.25
20150704 04:00 19.25
20150704 04:10 19
20150704 04:20 19
20150704 04:30 19
20150704 04:40 19
20150704 04:50 19
20150704 05:00 18.875
20150704 05:10 19
20150704 05:20 19
20150704 05:30 19
20150704 05:40 19
20150704 05:50 19
20150704 06:00 19
20150704 06:10 19.125
20150704 06:20 19.25
20150704 06:30 19.375
20150704 06:40 19.625
20150704 06:50 20
20150704 07:00 20.125
20150704 07:10 20.625
20150704 07:20 21
20150704 07:30 21.125
20150704 07:40 21.375
20150704 07:50 21.875
20150704 08:00 22.25
20150704 08:10 22.75
20150704 08:20 23.125
20150704 08:30 23.75
20150704 08:40 24.25
20150704 08:50 24.625
20150704 09:00 25.125
20150704 09:10 25.25
20150704 09:20 25.875
20150704 09:30 26
20150704 09:40 27.125
20150704 09:50 28
20150704 10:00 27.875
20150704 10:10 28.625
20150704 10:20 28.125
20150704 10:30 29.5
20150704 10:40 30
20150704 10:50 30
20150704 11:00 30.25
20150704 11:10 30
20150704 11:20 29.625
20150704 11:30 29.75
20150704 11:40 30.5
20150704 11:50 31.625
20150704 12:00 31
20150704 12:10 32.375
20150704 12:20 31.375
20150704 12:30 32.375
20150704 12:40 32.375
20150704 12:50 33
20150704 13:00 32.25
20150704 13:10 33.75
20150704 13:20 34.125
20150704 13:30 33.125
20150704 13:40 33.5
20150704 13:50 34
20150704 14:00 34.5
20150704 14:10 34.25
20150704 14:20 33.75
20150704 14:30 34.375
20150704 14:40 34.5
20150704 14:50 34.5
20150704 15:00 36.125
20150704 15:10 35.5
20150704 15:20 35.25
20150704 15:30 34.75
20150704 15:40 35.75
20150704 15:50 35.375
20150704 16:00 36.125
20150704 16:10 34.875
20150704 16:20 35
20150704 16:30 35.375
20150704 16:40 34.875
20150704 16:50 34.875
20150704 17:00 34.75
20150704 17:10 35.625
20150704 17:20 35.125
20150704 17:30 34.625
20150704 17:40 34.375
20150704 17:50 34.5
20150704 18:00 32.625
20150704 18:10 32
20150704 18:20 31.625
20150704 18:30 30.875
20150704 18:40 30.25
20150704 18:50 29.875
20150704 19:00 29.375
20150704 19:10 29.125
20150704 19:20 29.5
20150704 19:30 24.875
20150704 19:40 22.375
20150704 19:50 22.75
20150704 20:00 19.375
20150704 20:10 19.625
20150704 20:20 20.125
20150704 20:30 21.125
20150704 20:40 21.5
20150704 20:50 21.875
20150704 21:00 21.75
20150704 21:10 22
20150704 21:20 21.25
20150704 21:30 21.125
20150704 21:40 21.125
20150704 21:50 20.875
20150704 22:00 20.625
20150704 22:10 20.75
20150704 22:20 21
20150704 22:30 21.25
20150704 22:40 21
20150704 22:50 21.375
20150704 23:00 21.625
20150704 23:10 20.625
20150704 23:20 20.375
20150704 23:30 20.5
20150704 23:40 20.375
20150704 23:50 20.125
