YYYYMMDD HH:MM measured temperature
20150310 00:00 5.25
20150310 00:10 5.375
20150310 00:20 6
20150310 00:30 6.125
20150310 00:40 6.25
20150310 00:50 6.25
20150310 01:00 6.375
20150310 01:10 6.625
20150310 01:20 6.875
20150310 01:30 6.875
20150310 01:40 6.875
20150310 01:50 7
20150310 02:00 7
20150310 02:10 6.875
20150310 02:20 6.625
20150310 02:30 6.625
20150310 02:40 6.75
20150310 02:50 6.625
20150310 03:00 6.625
20150310 03:10 6.75
20150310 03:20 6.625
20150310 03:30 6.75
20150310 03:40 6.625
20150310 03:50 6.375
20150310 04:00 6.375
20150310 04:10 6.375
20150310 04:20 6.25
20150310 04:30 6.375
20150310 04:40 6.375
20150310 04:50 6.5
20150310 05:00 6.5
20150310 05:10 6.625
20150310 05:20 6.625
20150310 05:30 6.625
20150310 05:40 6.75
20150310 05:50 6.625
20150310 06:00 6.625
20150310 06:10 6.625
20150310 06:20 6.75
20150310 06:30 6.75
20150310 06:40 6.875
20150310 06:50 6.875
20150310 07:00 6.875
20150310 07:10 6.875
20150310 07:20 7
20150310 07:30 7
20150310 07:40 7
20150310 07:50 7.125
20150310 08:00 7.125
20150310 08:10 7.25
20150310 08:20 7.25
20150310 08:30 7.375
20150310 08:40 7.5
20150310 08:50 7.75
20150310 09:00 7.875
20150310 09:10 8
20150310 09:20 8.125
20150310 09:30 8.125
20150310 09:40 8.25
20150310 09:50 8.5
20150310 10:00 8.625
20150310 10:10 8.875
20150310 10:20 9
20150310 10:30 9.125
20150310 10:40 9.125
20150310 10:50 9.25
20150310 11:00 9.25
20150310 11:10 9.125
20150310 11:20 9.5
20150310 11:30 9.875
20150310 11:40 9.75
20150310 11:50 10.625
20150310 12:00 10.5
20150310 12:10 10.75
20150310 12:20 10.625
20150310 12:30 10.625
20150310 12:40 12.25
20150310 12:50 11.625
20150310 13:00 12.125
20150310 13:10 14.625
20150310 13:20 16.375
20150310 13:30 16.25
20150310 13:40 17.75
20150310 13:50 11.875
20150310 14:00 14.25
20150310 14:10 15.625
20150310 14:20 15
20150310 14:30 16.75
20150310 14:40 16
20150310 14:50 15.125
20150310 15:00 16.125
20150310 15:10 15.625
20150310 15:20 17.125
20150310 15:30 13.625
20150310 15:40 14.625
20150310 15:50 14.125
20150310 16:00 13.25
20150310 16:10 11
20150310 16:20 10.375
20150310 16:30 11.25
20150310 16:40 11.25
20150310 16:50 11
20150310 17:00 10.75
20150310 17:10 10.75
20150310 17:20 10.125
20150310 17:30 10
20150310 17:40 9.625
20150310 17:50 9.875
20150310 18:00 9.375
20150310 18:10 9.625
20150310 18:20 8.875
20150310 18:30 8.625
20150310 18:40 7.875
20150310 18:50 8
20150310 19:00 7.625
20150310 19:10 7.25
20150310 19:20 7
20150310 19:30 6.75
20150310 19:40 6.625
20150310 19:50 6.5
20150310 20:00 6.375
20150310 20:10 6.25
20150310 20:20 6.375
20150310 20:30 6.375
20150310 20:40 6.25
20150310 20:50 6.125
20150310 21:00 5.75
20150310 21:10 5.5
20150310 21:20 5.125
20150310 21:30 4.875
20150310 21:40 4.625
20150310 21:50 4.375
20150310 22:00 4.375
20150310 22:10 4.125
20150310 22:20 4
20150310 22:30 3.875
20150310 22:40 3.625
20150310 22:50 3.625
20150310 23:00 3.5
20150310 23:10 3.5
20150310 23:20 3.25
20150310 23:30 3.375
20150310 23:40 3.25
20150310 23:50 3.125
