YYYYMMDD HH:MM measured temperature
20151125 00:00 1.875
20151125 00:10 1.875
20151125 00:20 1.875
20151125 00:30 1.875
20151125 00:40 1.875
20151125 00:50 1.875
20151125 01:00 1.875
20151125 01:10 1.875
20151125 01:20 1.875
20151125 01:30 2
20151125 01:40 2
20151125 01:50 2
20151125 02:00 2
20151125 02:10 2.125
20151125 02:20 2
20151125 02:30 2.125
20151125 02:40 2.125
20151125 02:50 2.125
20151125 03:00 2.125
20151125 03:10 2.125
20151125 03:20 2.125
20151125 03:30 2.125
20151125 03:40 2.25
20151125 03:50 2.25
20151125 04:00 2.25
20151125 04:10 2.25
20151125 04:20 2.375
20151125 04:30 2.375
20151125 04:40 2.375
20151125 04:50 2.5
20151125 05:00 2.5
20151125 05:10 2.5
20151125 05:20 2.625
20151125 05:30 2.625
20151125 05:40 2.625
20151125 05:50 2.75
20151125 06:00 2.75
20151125 06:10 2.75
20151125 06:20 2.875
20151125 06:30 2.875
20151125 06:40 2.875
20151125 06:50 3
20151125 07:00 3
20151125 07:10 3
20151125 07:20 3.125
20151125 07:30 3.125
20151125 07:40 3.25
20151125 07:50 3.25
20151125 08:00 3.25
20151125 08:10 3.375
20151125 08:20 3.375
20151125 08:30 3.5
20151125 08:40 3.625
20151125 08:50 3.625
20151125 09:00 3.625
20151125 09:10 3.75
20151125 09:20 3.875
20151125 09:30 3.875
20151125 09:40 4
20151125 09:50 4
20151125 10:00 4.125
20151125 10:10 4.125
20151125 10:20 4.25
20151125 10:30 4.375
20151125 10:40 4.375
20151125 10:50 4.5
20151125 11:00 4.5
20151125 11:10 4.5
20151125 11:20 4.625
20151125 11:30 4.625
20151125 11:40 4.75
20151125 11:50 4.875
20151125 12:00 5
20151125 12:10 5.125
20151125 12:20 5
20151125 12:30 5.125
20151125 12:40 5.125
20151125 12:50 5.25
20151125 13:00 5.5
20151125 13:10 5.5
20151125 13:20 5.75
20151125 13:30 5.75
20151125 13:40 5.875
20151125 13:50 5.875
20151125 14:00 5.875
20151125 14:10 5.875
20151125 14:20 5.875
20151125 14:30 5.875
20151125 14:40 5.875
20151125 14:50 5.875
20151125 15:00 5.875
20151125 15:10 5.875
20151125 15:20 5.875
20151125 15:30 5.75
20151125 15:40 5.875
20151125 15:50 5.875
20151125 16:00 5.875
20151125 16:10 5.875
20151125 16:20 5.75
20151125 16:30 5.625
20151125 16:40 5.5
20151125 16:50 5.375
20151125 17:00 5.125
20151125 17:10 4.875
20151125 17:20 4.5
20151125 17:30 4.5
20151125 17:40 4.375
20151125 17:50 4.5
20151125 18:00 4.625
20151125 18:10 4.875
20151125 18:20 4.75
20151125 18:30 4.75
20151125 18:40 4.625
20151125 18:50 4.625
20151125 19:00 4.5
20151125 19:10 4.125
20151125 19:20 4.125
20151125 19:30 4
20151125 19:40 4.125
20151125 19:50 4.125
20151125 20:00 4
20151125 20:10 4.125
20151125 20:20 4.125
20151125 20:30 4
20151125 20:40 3.75
20151125 20:50 3.625
20151125 21:00 3.25
20151125 21:10 3.125
20151125 21:20 3
20151125 21:30 2.875
20151125 21:40 2.625
20151125 21:50 2.125
20151125 22:00 2.625
20151125 22:10 2.5
20151125 22:20 2.5
20151125 22:30 2.625
20151125 22:40 3.125
20151125 22:50 3.25
20151125 23:00 3.375
20151125 23:10 3.375
20151125 23:20 3.5
20151125 23:30 3.5
20151125 23:40 3.625
20151125 23:50 3.625
