YYYYMMDD HH:MM measured temperature
20150806 00:00 15.25
20150806 00:10 15.125
20150806 00:20 15.125
20150806 00:30 15.125
20150806 00:40 15.125
20150806 00:50 15
20150806 01:00 15
20150806 01:10 14.875
20150806 01:20 14.875
20150806 01:30 14.625
20150806 01:40 14.5
20150806 01:50 14.25
20150806 02:00 14.125
20150806 02:10 14
20150806 02:20 13.625
20150806 02:30 13.625
20150806 02:40 13.375
20150806 02:50 13.5
20150806 03:00 13.375
20150806 03:10 13.25
20150806 03:20 13
20150806 03:30 13
20150806 03:40 12.875
20150806 03:50 13
20150806 04:00 13.125
20150806 04:10 13.25
20150806 04:20 13.125
20150806 04:30 13.25
20150806 04:40 13.125
20150806 04:50 13.25
20150806 05:00 13
20150806 05:10 13
20150806 05:20 12.875
20150806 05:30 12.875
20150806 05:40 12.75
20150806 05:50 12.75
20150806 06:00 12.75
20150806 06:10 12.875
20150806 06:20 13
20150806 06:30 13.25
20150806 06:40 13.5
20150806 06:50 13.75
20150806 07:00 14
20150806 07:10 14.375
20150806 07:20 14.75
20150806 07:30 15.375
20150806 07:40 15.75
20150806 07:50 16.125
20150806 08:00 16.5
20150806 08:10 17
20150806 08:20 17.125
20150806 08:30 17.5
20150806 08:40 17.375
20150806 08:50 18.25
20150806 09:00 19.375
20150806 09:10 20.125
20150806 09:20 20.625
20150806 09:30 21.25
20150806 09:40 22
20150806 09:50 22.25
20150806 10:00 22.625
20150806 10:10 23.625
20150806 10:20 24.125
20150806 10:30 24.125
20150806 10:40 24.75
20150806 10:50 24.875
20150806 11:00 25.5
20150806 11:10 25.75
20150806 11:20 26.125
20150806 11:30 25.75
20150806 11:40 26.125
20150806 11:50 26.5
20150806 12:00 27
20150806 12:10 27.375
20150806 12:20 28.125
20150806 12:30 27.75
20150806 12:40 28.25
20150806 12:50 28.375
20150806 13:00 29.25
20150806 13:10 29.125
20150806 13:20 28.5
20150806 13:30 30
20150806 13:40 29.375
20150806 13:50 30
20150806 14:00 30.375
20150806 14:10 30.625
20150806 14:20 30.625
20150806 14:30 30.625
20150806 14:40 30.75
20150806 14:50 30.875
20150806 15:00 31.25
20150806 15:10 31.375
20150806 15:20 31
20150806 15:30 30.75
20150806 15:40 30.375
20150806 15:50 30.875
20150806 16:00 31.5
20150806 16:10 31.625
20150806 16:20 31.125
20150806 16:30 32.5
20150806 16:40 31.625
20150806 16:50 32.25
20150806 17:00 31.875
20150806 17:10 31.875
20150806 17:20 31.625
20150806 17:30 32
20150806 17:40 31
20150806 17:50 31.625
20150806 18:00 31.375
20150806 18:10 31.125
20150806 18:20 31.25
20150806 18:30 31.25
20150806 18:40 30.75
20150806 18:50 30.625
20150806 19:00 30.375
20150806 19:10 29.375
20150806 19:20 29.25
20150806 19:30 29.25
20150806 19:40 29.125
20150806 19:50 28.75
20150806 20:00 27.75
20150806 20:10 27.5
20150806 20:20 27
20150806 20:30 26.25
20150806 20:40 25.625
20150806 20:50 24.875
20150806 21:00 24.25
20150806 21:10 23.875
20150806 21:20 23.5
20150806 21:30 23.25
20150806 21:40 23
20150806 21:50 23
20150806 22:00 22.375
20150806 22:10 22
20150806 22:20 21.75
20150806 22:30 21.875
20150806 22:40 21.75
20150806 22:50 21.75
20150806 23:00 22.375
20150806 23:10 23.375
20150806 23:20 23.375
20150806 23:30 23.125
20150806 23:40 23
20150806 23:50 23
