YYYYMMDD HH:MM measured temperature
20150517 00:00 8.875
20150517 00:10 8.75
20150517 00:20 8.5
20150517 00:30 8.375
20150517 00:40 8
20150517 00:50 7.625
20150517 01:00 7.375
20150517 01:10 7.25
20150517 01:20 7.125
20150517 01:30 7
20150517 01:40 6.75
20150517 01:50 6.5
20150517 02:00 6.375
20150517 02:10 6.125
20150517 02:20 6
20150517 02:30 5.875
20150517 02:40 5.75
20150517 02:50 5.75
20150517 03:00 5.625
20150517 03:10 5.5
20150517 03:20 5.375
20150517 03:30 5.375
20150517 03:40 5.25
20150517 03:50 5.125
20150517 04:00 5.125
20150517 04:10 5
20150517 04:20 5.25
20150517 04:30 5.125
20150517 04:40 5.125
20150517 04:50 5.25
20150517 05:00 5.125
20150517 05:10 5.125
20150517 05:20 5.25
20150517 05:30 5.375
20150517 05:40 5.25
20150517 05:50 5.375
20150517 06:00 5.5
20150517 06:10 5.75
20150517 06:20 5.875
20150517 06:30 6
20150517 06:40 6.25
20150517 06:50 6.5
20150517 07:00 6.75
20150517 07:10 7
20150517 07:20 7.25
20150517 07:30 7.75
20150517 07:40 8
20150517 07:50 8.25
20150517 08:00 8.75
20150517 08:10 9.375
20150517 08:20 9.625
20150517 08:30 10.25
20150517 08:40 10.5
20150517 08:50 11
20150517 09:00 11.125
20150517 09:10 11.125
20150517 09:20 11.375
20150517 09:30 11.875
20150517 09:40 11.875
20150517 09:50 12.5
20150517 10:00 13.25
20150517 10:10 12.25
20150517 10:20 13.25
20150517 10:30 13.5
20150517 10:40 13.5
20150517 10:50 13
20150517 11:00 14.125
20150517 11:10 13.875
20150517 11:20 11.875
20150517 11:30 11.625
20150517 11:40 11.125
20150517 11:50 13.125
20150517 12:00 12
20150517 12:10 13.375
20150517 12:20 12
20150517 12:30 11.5
20150517 12:40 11.875
20150517 12:50 12.375
20150517 13:00 13.875
20150517 13:10 15
20150517 13:20 13.75
20150517 13:30 12.875
20150517 13:40 11.25
20150517 13:50 10.625
20150517 14:00 11.125
20150517 14:10 12.375
20150517 14:20 13.5
20150517 14:30 15.125
20150517 14:40 14.25
20150517 14:50 13.5
20150517 15:00 13.125
20150517 15:10 14.375
20150517 15:20 14.75
20150517 15:30 14.25
20150517 15:40 14.125
20150517 15:50 14.625
20150517 16:00 13.375
20150517 16:10 14.125
20150517 16:20 14.625
20150517 16:30 14.125
20150517 16:40 13.875
20150517 16:50 13.875
20150517 17:00 14.375
20150517 17:10 14.375
20150517 17:20 14.125
20150517 17:30 14.125
20150517 17:40 14.5
20150517 17:50 14.125
20150517 18:00 14.25
20150517 18:10 14.125
20150517 18:20 14
20150517 18:30 13.25
20150517 18:40 13.375
20150517 18:50 13.625
20150517 19:00 13.125
20150517 19:10 13.125
20150517 19:20 12.875
20150517 19:30 13
20150517 19:40 13.125
20150517 19:50 12.75
20150517 20:00 12.375
20150517 20:10 12
20150517 20:20 11.875
20150517 20:30 11.5
20150517 20:40 11.25
20150517 20:50 11
20150517 21:00 11
20150517 21:10 10.5
20150517 21:20 10.25
20150517 21:30 9.75
20150517 21:40 9.5
20150517 21:50 9.25
20150517 22:00 9
20150517 22:10 8.75
20150517 22:20 8.5
20150517 22:30 8
20150517 22:40 7.625
20150517 22:50 7.25
20150517 23:00 7.375
20150517 23:10 7.5
20150517 23:20 7.75
20150517 23:30 7.5
20150517 23:40 7.25
20150517 23:50 6.875
