YYYYMMDD HH:MM measured temperature
20151114 00:00 5.625
20151114 00:10 5.25
20151114 00:20 5
20151114 00:30 4.875
20151114 00:40 4.75
20151114 00:50 4.625
20151114 01:00 4.625
20151114 01:10 4.625
20151114 01:20 4.625
20151114 01:30 4.625
20151114 01:40 4.875
20151114 01:50 5
20151114 02:00 5.125
20151114 02:10 5.25
20151114 02:20 5.25
20151114 02:30 5.375
20151114 02:40 5.5
20151114 02:50 5.375
20151114 03:00 5.375
20151114 03:10 5.5
20151114 03:20 5.5
20151114 03:30 5.75
20151114 03:40 5.625
20151114 03:50 5.875
20151114 04:00 6
20151114 04:10 6
20151114 04:20 6.125
20151114 04:30 6.25
20151114 04:40 6.125
20151114 04:50 6.125
20151114 05:00 6.125
20151114 05:10 6.25
20151114 05:20 6.125
20151114 05:30 6.125
20151114 05:40 6.125
20151114 05:50 6.125
20151114 06:00 6.25
20151114 06:10 6.125
20151114 06:20 6.375
20151114 06:30 6.375
20151114 06:40 6.125
20151114 06:50 6.125
20151114 07:00 6.25
20151114 07:10 6
20151114 07:20 6
20151114 07:30 5.625
20151114 07:40 5.625
20151114 07:50 5.5
20151114 08:00 5.5
20151114 08:10 5.75
20151114 08:20 5.875
20151114 08:30 5.75
20151114 08:40 6.25
20151114 08:50 6
20151114 09:00 5.875
20151114 09:10 6.125
20151114 09:20 6.375
20151114 09:30 7
20151114 09:40 6.875
20151114 09:50 7
20151114 10:00 6.75
20151114 10:10 7.5
20151114 10:20 7.625
20151114 10:30 7.5
20151114 10:40 7.875
20151114 10:50 7.75
20151114 11:00 8
20151114 11:10 8.5
20151114 11:20 9.125
20151114 11:30 8.875
20151114 11:40 8.5
20151114 11:50 8.875
20151114 12:00 8.875
20151114 12:10 8.5
20151114 12:20 8.5
20151114 12:30 8.5
20151114 12:40 8.5
20151114 12:50 8.5
20151114 13:00 8.5
20151114 13:10 8.5
20151114 13:20 8.5
20151114 13:30 8.5
20151114 13:40 8.5
20151114 13:50 8.375
20151114 14:00 8.375
20151114 14:10 8.5
20151114 14:20 8.5
20151114 14:30 8.375
20151114 14:40 8.375
20151114 14:50 8.125
20151114 15:00 8.125
20151114 15:10 8
20151114 15:20 8.125
20151114 15:30 7.875
20151114 15:40 7.875
20151114 15:50 7.75
20151114 16:00 7.5
20151114 16:10 7.25
20151114 16:20 7
20151114 16:30 7.125
20151114 16:40 7.25
20151114 16:50 7
20151114 17:00 6.5
20151114 17:10 6.375
20151114 17:20 6.5
20151114 17:30 6.5
20151114 17:40 6.5
20151114 17:50 6.5
20151114 18:00 6.875
20151114 18:10 7
20151114 18:20 7.25
20151114 18:30 7.5
20151114 18:40 7.375
20151114 18:50 7.375
20151114 19:00 7.5
20151114 19:10 7.5
20151114 19:20 7.625
20151114 19:30 7.5
20151114 19:40 7.625
20151114 19:50 7.625
20151114 20:00 7.875
20151114 20:10 7.75
20151114 20:20 8
20151114 20:30 7.875
20151114 20:40 7.625
20151114 20:50 7.625
20151114 21:00 7.5
20151114 21:10 7.5
20151114 21:20 7.5
20151114 21:30 7.25
20151114 21:40 7.25
20151114 21:50 7.125
20151114 22:00 7
20151114 22:10 7
20151114 22:20 7
20151114 22:30 7.125
20151114 22:40 7.125
20151114 22:50 7.25
20151114 23:00 7.25
20151114 23:10 7.25
20151114 23:20 7.25
20151114 23:30 7.25
20151114 23:40 7.25
20151114 23:50 7.25
