YYYYMMDD HH:MM measured temperature
20151010 00:00 9.625
20151010 00:10 9.375
20151010 00:20 9
20151010 00:30 8.375
20151010 00:40 8
20151010 00:50 7.625
20151010 01:00 7.25
20151010 01:10 7.125
20151010 01:20 6.875
20151010 01:30 6.75
20151010 01:40 6.5
20151010 01:50 6.375
20151010 02:00 6.25
20151010 02:10 6.125
20151010 02:20 6.125
20151010 02:30 5.75
20151010 02:40 5.75
20151010 02:50 5.625
20151010 03:00 5.5
20151010 03:10 5.375
20151010 03:20 5.375
20151010 03:30 5.125
20151010 03:40 5.125
20151010 03:50 5
20151010 04:00 5
20151010 04:10 4.875
20151010 04:20 4.75
20151010 04:30 4.625
20151010 04:40 4.5
20151010 04:50 4.5
20151010 05:00 4.5
20151010 05:10 4.5
20151010 05:20 4.375
20151010 05:30 4.25
20151010 05:40 4.25
20151010 05:50 4
20151010 06:00 3.875
20151010 06:10 3.875
20151010 06:20 3.75
20151010 06:30 3.75
20151010 06:40 3.625
20151010 06:50 3.5
20151010 07:00 3.5
20151010 07:10 3.375
20151010 07:20 3.375
20151010 07:30 3.375
20151010 07:40 3.25
20151010 07:50 3.125
20151010 08:00 3.125
20151010 08:10 3.25
20151010 08:20 3.5
20151010 08:30 3.625
20151010 08:40 3.875
20151010 08:50 4
20151010 09:00 4.5
20151010 09:10 4.75
20151010 09:20 5
20151010 09:30 5.625
20151010 09:40 5.75
20151010 09:50 5.875
20151010 10:00 5.75
20151010 10:10 6.5
20151010 10:20 6.75
20151010 10:30 7
20151010 10:40 7.375
20151010 10:50 7.875
20151010 11:00 8.125
20151010 11:10 8.25
20151010 11:20 7.875
20151010 11:30 7.375
20151010 11:40 8
20151010 11:50 8.375
20151010 12:00 8.875
20151010 12:10 9.625
20151010 12:20 10.125
20151010 12:30 9.875
20151010 12:40 10.25
20151010 12:50 11
20151010 13:00 10.75
20151010 13:10 11.125
20151010 13:20 11.25
20151010 13:30 11.25
20151010 13:40 11.5
20151010 13:50 11.375
20151010 14:00 11.5
20151010 14:10 10.875
20151010 14:20 11
20151010 14:30 11.5
20151010 14:40 11.25
20151010 14:50 11.375
20151010 15:00 11.75
20151010 15:10 11.25
20151010 15:20 11.875
20151010 15:30 12.125
20151010 15:40 12.25
20151010 15:50 11.625
20151010 16:00 11.75
20151010 16:10 11.5
20151010 16:20 11.25
20151010 16:30 11.25
20151010 16:40 11.125
20151010 16:50 10.75
20151010 17:00 10.25
20151010 17:10 10.125
20151010 17:20 9.75
20151010 17:30 9.625
20151010 17:40 9.125
20151010 17:50 8.625
20151010 18:00 8.25
20151010 18:10 7.875
20151010 18:20 7.625
20151010 18:30 7.125
20151010 18:40 6.875
20151010 18:50 6.375
20151010 19:00 6
20151010 19:10 5.875
20151010 19:20 5.625
20151010 19:30 5.25
20151010 19:40 5
20151010 19:50 4.875
20151010 20:00 4.75
20151010 20:10 4.625
20151010 20:20 4.5
20151010 20:30 4.25
20151010 20:40 4.125
20151010 20:50 4.125
20151010 21:00 3.875
20151010 21:10 3.625
20151010 21:20 3.5
20151010 21:30 3.5
20151010 21:40 3.375
20151010 21:50 3.25
20151010 22:00 3
20151010 22:10 3.125
20151010 22:20 3
20151010 22:30 2.875
20151010 22:40 3
20151010 22:50 2.75
20151010 23:00 3.375
20151010 23:10 3.25
20151010 23:20 3.25
20151010 23:30 3.125
20151010 23:40 3.25
20151010 23:50 3.125
