YYYYMMDD HH:MM measured temperature
20150606 00:00 20.75
20150606 00:10 20.75
20150606 00:20 21
20150606 00:30 21.125
20150606 00:40 21.25
20150606 00:50 21.625
20150606 01:00 21.75
20150606 01:10 22.25
20150606 01:20 22.125
20150606 01:30 21.125
20150606 01:40 22
20150606 01:50 22.25
20150606 02:00 21.75
20150606 02:10 21.375
20150606 02:20 21.25
20150606 02:30 21
20150606 02:40 20.625
20150606 02:50 20.875
20150606 03:00 20.875
20150606 03:10 20.5
20150606 03:20 20.5
20150606 03:30 20.625
20150606 03:40 20.25
20150606 03:50 19.875
20150606 04:00 20.125
20150606 04:10 19.75
20150606 04:20 19.125
20150606 04:30 18.875
20150606 04:40 18.625
20150606 04:50 18.5
20150606 05:00 18.25
20150606 05:10 17.75
20150606 05:20 18.75
20150606 05:30 18.75
20150606 05:40 18.75
20150606 05:50 19
20150606 06:00 19
20150606 06:10 19
20150606 06:20 19.125
20150606 06:30 19.25
20150606 06:40 19.375
20150606 06:50 19.375
20150606 07:00 19.375
20150606 07:10 19.625
20150606 07:20 19.75
20150606 07:30 20
20150606 07:40 20
20150606 07:50 20
20150606 08:00 20
20150606 08:10 20
20150606 08:20 20.375
20150606 08:30 20.5
20150606 08:40 20.375
20150606 08:50 20.25
20150606 09:00 20.375
20150606 09:10 20
20150606 09:20 20.75
20150606 09:30 21.125
20150606 09:40 21.625
20150606 09:50 21.75
20150606 10:00 21.5
20150606 10:10 22
20150606 10:20 21.875
20150606 10:30 23
20150606 10:40 21.25
20150606 10:50 21.25
20150606 11:00 21.5
20150606 11:10 21.375
20150606 11:20 20.875
20150606 11:30 20.625
20150606 11:40 20.125
20150606 11:50 20.125
20150606 12:00 20.625
20150606 12:10 20.75
20150606 12:20 21
20150606 12:30 21.375
20150606 12:40 20
20150606 12:50 20.75
20150606 13:00 21
20150606 13:10 20.875
20150606 13:20 23.125
20150606 13:30 22.125
20150606 13:40 22.125
20150606 13:50 20.625
20150606 14:00 20.75
20150606 14:10 20.125
20150606 14:20 19.75
20150606 14:30 19.375
20150606 14:40 20.5
20150606 14:50 19.875
20150606 15:00 21.75
20150606 15:10 21
20150606 15:20 22
20150606 15:30 21
20150606 15:40 20.375
20150606 15:50 20.5
20150606 16:00 21
20150606 16:10 21.5
20150606 16:20 21.375
20150606 16:30 21.125
20150606 16:40 21.375
20150606 16:50 21.75
20150606 17:00 21.25
20150606 17:10 21
20150606 17:20 21.25
20150606 17:30 20.375
20150606 17:40 20.75
20150606 17:50 19.875
20150606 18:00 20.375
20150606 18:10 20.125
20150606 18:20 19.75
20150606 18:30 20.5
20150606 18:40 19.125
20150606 18:50 19.75
20150606 19:00 19.625
20150606 19:10 19.5
20150606 19:20 18.875
20150606 19:30 18.75
20150606 19:40 18.375
20150606 19:50 18.125
20150606 20:00 18.125
20150606 20:10 17.75
20150606 20:20 17.5
20150606 20:30 17.125
20150606 20:40 16.625
20150606 20:50 16.125
20150606 21:00 15.75
20150606 21:10 15.375
20150606 21:20 15
20150606 21:30 14.5
20150606 21:40 14.125
20150606 21:50 13.875
20150606 22:00 13.25
20150606 22:10 13
20150606 22:20 13
20150606 22:30 12.5
20150606 22:40 12
20150606 22:50 11.75
20150606 23:00 11
20150606 23:10 10.625
20150606 23:20 10.375
20150606 23:30 10.25
20150606 23:40 10
20150606 23:50 9.875
