YYYYMMDD HH:MM measured temperature
20150320 00:00 4.125
20150320 00:10 4
20150320 00:20 3.375
20150320 00:30 3.375
20150320 00:40 3.5
20150320 00:50 2.875
20150320 01:00 3.125
20150320 01:10 3.125
20150320 01:20 2.875
20150320 01:30 2.25
20150320 01:40 2.125
20150320 01:50 1.75
20150320 02:00 1.875
20150320 02:10 2
20150320 02:20 2
20150320 02:30 1.75
20150320 02:40 1.75
20150320 02:50 1.75
20150320 03:00 1.375
20150320 03:10 1.375
20150320 03:20 1.5
20150320 03:30 1.25
20150320 03:40 1
20150320 03:50 0.625
20150320 04:00 0.625
20150320 04:10 0.125
20150320 04:20 0
20150320 04:30 0.5
20150320 04:40 0.25
20150320 04:50 0.125
20150320 05:00 0.125
20150320 05:10 0.375
20150320 05:20 0.125
20150320 05:30 -0.125
20150320 05:40 -0.125
20150320 05:50 0.125
20150320 06:00 0.125
20150320 06:10 0.125
20150320 06:20 0
20150320 06:30 -0.125
20150320 06:40 -0.5
20150320 06:50 -0.5
20150320 07:00 -1
20150320 07:10 -0.875
20150320 07:20 -0.5
20150320 07:30 0.375
20150320 07:40 0.5
20150320 07:50 0.75
20150320 08:00 0.625
20150320 08:10 1
20150320 08:20 1.25
20150320 08:30 1.625
20150320 08:40 1.625
20150320 08:50 1.75
20150320 09:00 1.875
20150320 09:10 1.875
20150320 09:20 1.875
20150320 09:30 2
20150320 09:40 2.25
20150320 09:50 1.875
20150320 10:00 2.5
20150320 10:10 2.625
20150320 10:20 2.875
20150320 10:30 2.75
20150320 10:40 2.875
20150320 10:50 2.75
20150320 11:00 3.125
20150320 11:10 3
20150320 11:20 3.125
20150320 11:30 2.875
20150320 11:40 3
20150320 11:50 3
20150320 12:00 3.125
20150320 12:10 3.25
20150320 12:20 3.375
20150320 12:30 3.75
20150320 12:40 3.875
20150320 12:50 4.125
20150320 13:00 4.25
20150320 13:10 4.625
20150320 13:20 5
20150320 13:30 4.625
20150320 13:40 5.25
20150320 13:50 5
20150320 14:00 5.5
20150320 14:10 5.625
20150320 14:20 5.875
20150320 14:30 5.875
20150320 14:40 6
20150320 14:50 6
20150320 15:00 6.375
20150320 15:10 6.625
20150320 15:20 7
20150320 15:30 7.125
20150320 15:40 6.875
20150320 15:50 9.25
20150320 16:00 7.375
20150320 16:10 7.875
20150320 16:20 9.125
20150320 16:30 8.625
20150320 16:40 7.875
20150320 16:50 8.75
20150320 17:00 8.625
20150320 17:10 7.75
20150320 17:20 7.375
20150320 17:30 7
20150320 17:40 6.625
20150320 17:50 7
20150320 18:00 6.625
20150320 18:10 6.375
20150320 18:20 6.375
20150320 18:30 6.25
20150320 18:40 6.125
20150320 18:50 6
20150320 19:00 5.75
20150320 19:10 5.625
20150320 19:20 5.5
20150320 19:30 5.25
20150320 19:40 5.25
20150320 19:50 5.375
20150320 20:00 5.25
20150320 20:10 5.25
20150320 20:20 5.25
20150320 20:30 5.25
20150320 20:40 5.25
20150320 20:50 5.25
20150320 21:00 5.125
20150320 21:10 5.125
20150320 21:20 5
20150320 21:30 5.125
20150320 21:40 5.125
20150320 21:50 5.125
20150320 22:00 5
20150320 22:10 5
20150320 22:20 5.125
20150320 22:30 5.125
20150320 22:40 5
20150320 22:50 5
20150320 23:00 4.875
20150320 23:10 4.875
20150320 23:20 4.875
20150320 23:30 4.75
20150320 23:40 4.75
20150320 23:50 4.75
