YYYYMMDD HH:MM measured temperature
20150822 00:00 14
20150822 00:10 13.875
20150822 00:20 13.75
20150822 00:30 13.375
20150822 00:40 13.375
20150822 00:50 13.375
20150822 01:00 13.25
20150822 01:10 13
20150822 01:20 12.875
20150822 01:30 12.625
20150822 01:40 12.75
20150822 01:50 12.625
20150822 02:00 12.625
20150822 02:10 12.5
20150822 02:20 12.25
20150822 02:30 12.5
20150822 02:40 12.375
20150822 02:50 12.25
20150822 03:00 12
20150822 03:10 12
20150822 03:20 11.875
20150822 03:30 11.75
20150822 03:40 11.875
20150822 03:50 11.5
20150822 04:00 11.375
20150822 04:10 11.625
20150822 04:20 11.625
20150822 04:30 11.625
20150822 04:40 11.625
20150822 04:50 11.25
20150822 05:00 11.25
20150822 05:10 11.25
20150822 05:20 11.25
20150822 05:30 11.25
20150822 05:40 11.125
20150822 05:50 10.875
20150822 06:00 10.75
20150822 06:10 10.625
20150822 06:20 10.625
20150822 06:30 10.625
20150822 06:40 10.625
20150822 06:50 10.75
20150822 07:00 10.875
20150822 07:10 11
20150822 07:20 11.25
20150822 07:30 11.625
20150822 07:40 11.875
20150822 07:50 12.25
20150822 08:00 12.75
20150822 08:10 13
20150822 08:20 13.625
20150822 08:30 14.125
20150822 08:40 14.75
20150822 08:50 15.625
20150822 09:00 16.5
20150822 09:10 17.25
20150822 09:20 17.875
20150822 09:30 18.125
20150822 09:40 18.75
20150822 09:50 19.625
20150822 10:00 20.25
20150822 10:10 20.625
20150822 10:20 21.5
20150822 10:30 21.875
20150822 10:40 21.875
20150822 10:50 22.25
20150822 11:00 22.5
20150822 11:10 22.75
20150822 11:20 23.375
20150822 11:30 23.75
20150822 11:40 23.375
20150822 11:50 23.5
20150822 12:00 24
20150822 12:10 24.25
20150822 12:20 25
20150822 12:30 24.5
20150822 12:40 24.75
20150822 12:50 24.75
20150822 13:00 25
20150822 13:10 25.5
20150822 13:20 25.875
20150822 13:30 26
20150822 13:40 25.75
20150822 13:50 25.625
20150822 14:00 26.125
20150822 14:10 26
20150822 14:20 26.25
20150822 14:30 25.375
20150822 14:40 25.75
20150822 14:50 26.25
20150822 15:00 26.125
20150822 15:10 25.875
20150822 15:20 26
20150822 15:30 26.25
20150822 15:40 26
20150822 15:50 26.125
20150822 16:00 26.375
20150822 16:10 26.25
20150822 16:20 26
20150822 16:30 26
20150822 16:40 25.75
20150822 16:50 25.25
20150822 17:00 25.5
20150822 17:10 25
20150822 17:20 24.5
20150822 17:30 24.5
20150822 17:40 24
20150822 17:50 23.75
20150822 18:00 23.625
20150822 18:10 23.375
20150822 18:20 23.375
20150822 18:30 23
20150822 18:40 22.5
20150822 18:50 22.25
20150822 19:00 22.25
20150822 19:10 21.875
20150822 19:20 21.375
20150822 19:30 21.25
20150822 19:40 20.875
20150822 19:50 20.5
20150822 20:00 20
20150822 20:10 19.625
20150822 20:20 19.125
20150822 20:30 18.625
20150822 20:40 18.25
20150822 20:50 17.75
20150822 21:00 17.375
20150822 21:10 16.75
20150822 21:20 17.125
20150822 21:30 16.875
20150822 21:40 16.875
20150822 21:50 16.875
20150822 22:00 16.375
20150822 22:10 16.25
20150822 22:20 16
20150822 22:30 15.75
20150822 22:40 15.625
20150822 22:50 15.5
20150822 23:00 15.375
20150822 23:10 15.125
20150822 23:20 15
20150822 23:30 14.875
20150822 23:40 14.75
20150822 23:50 14.75
