YYYYMMDD HH:MM measured temperature
20151219 00:00 10.75
20151219 00:10 10.75
20151219 00:20 10.625
20151219 00:30 10.75
20151219 00:40 10.625
20151219 00:50 10.625
20151219 01:00 10.625
20151219 01:10 10.625
20151219 01:20 10.5
20151219 01:30 10.5
20151219 01:40 10.375
20151219 01:50 10.5
20151219 02:00 10.25
20151219 02:10 10.125
20151219 02:20 10.125
20151219 02:30 10
20151219 02:40 9.75
20151219 02:50 9.875
20151219 03:00 9.875
20151219 03:10 9.875
20151219 03:20 9.75
20151219 03:30 9.75
20151219 03:40 9.875
20151219 03:50 9.625
20151219 04:00 9.625
20151219 04:10 9.5
20151219 04:20 9.5
20151219 04:30 9.625
20151219 04:40 9.75
20151219 04:50 9.625
20151219 05:00 9.625
20151219 05:10 9.875
20151219 05:20 10.125
20151219 05:30 10.125
20151219 05:40 10.125
20151219 05:50 10.25
20151219 06:00 10.25
20151219 06:10 10.125
20151219 06:20 10.25
20151219 06:30 10.125
20151219 06:40 10.125
20151219 06:50 10
20151219 07:00 9.75
20151219 07:10 9.875
20151219 07:20 9.75
20151219 07:30 9.75
20151219 07:40 9.75
20151219 07:50 9.75
20151219 08:00 9.5
20151219 08:10 9.5
20151219 08:20 9.625
20151219 08:30 9.5
20151219 08:40 9.5
20151219 08:50 9.75
20151219 09:00 9.75
20151219 09:10 9.875
20151219 09:20 10
20151219 09:30 10
20151219 09:40 10.125
20151219 09:50 10.25
20151219 10:00 10.375
20151219 10:10 10.625
20151219 10:20 10.75
20151219 10:30 10.75
20151219 10:40 11
20151219 10:50 11
20151219 11:00 11.25
20151219 11:10 11.625
20151219 11:20 11.5
20151219 11:30 11.5
20151219 11:40 11.625
20151219 11:50 11.625
20151219 12:00 11.625
20151219 12:10 11.625
20151219 12:20 11.75
20151219 12:30 12.125
20151219 12:40 12.125
20151219 12:50 12
20151219 13:00 12
20151219 13:10 12
20151219 13:20 12
20151219 13:30 12
20151219 13:40 12.125
20151219 13:50 12.125
20151219 14:00 12.125
20151219 14:10 12
20151219 14:20 12.125
20151219 14:30 12.125
20151219 14:40 12.25
20151219 14:50 12.25
20151219 15:00 12.25
20151219 15:10 12.25
20151219 15:20 12.25
20151219 15:30 12.25
20151219 15:40 12.25
20151219 15:50 12.25
20151219 16:00 12.375
20151219 16:10 12.375
20151219 16:20 12.375
20151219 16:30 12.375
20151219 16:40 12.375
20151219 16:50 12.5
20151219 17:00 12.5
20151219 17:10 12.5
20151219 17:20 12.5
20151219 17:30 12.375
20151219 17:40 12.625
20151219 17:50 12.5
20151219 18:00 12.625
20151219 18:10 12.5
20151219 18:20 12.375
20151219 18:30 12.125
20151219 18:40 12.125
20151219 18:50 12.25
20151219 19:00 12.125
20151219 19:10 12.125
20151219 19:20 12.25
20151219 19:30 12.375
20151219 19:40 12.375
20151219 19:50 12.375
20151219 20:00 12.375
20151219 20:10 12.5
20151219 20:20 12.5
20151219 20:30 12.5
20151219 20:40 12.375
20151219 20:50 12.25
20151219 21:00 12.125
20151219 21:10 12.25
20151219 21:20 12.125
20151219 21:30 12.25
20151219 21:40 12.125
20151219 21:50 12.125
20151219 22:00 12.125
20151219 22:10 12
20151219 22:20 12
20151219 22:30 12
20151219 22:40 11.75
20151219 22:50 11.75
20151219 23:00 11.75
20151219 23:10 11.75
20151219 23:20 11.625
20151219 23:30 11.625
20151219 23:40 11.625
20151219 23:50 11.5
