YYYYMMDD HH:MM measured temperature
20150613 00:00 17.25
20150613 00:10 17.125
20150613 00:20 16.875
20150613 00:30 16.75
20150613 00:40 16.25
20150613 00:50 16.125
20150613 01:00 15.625
20150613 01:10 15.375
20150613 01:20 15.125
20150613 01:30 15
20150613 01:40 15
20150613 01:50 14.75
20150613 02:00 14.625
20150613 02:10 14.5
20150613 02:20 14.5
20150613 02:30 14.5
20150613 02:40 14.25
20150613 02:50 14.375
20150613 03:00 14.25
20150613 03:10 14.125
20150613 03:20 14.25
20150613 03:30 13.875
20150613 03:40 14
20150613 03:50 14.125
20150613 04:00 14.125
20150613 04:10 14
20150613 04:20 13.75
20150613 04:30 13.75
20150613 04:40 13.75
20150613 04:50 13.75
20150613 05:00 13.875
20150613 05:10 14
20150613 05:20 14.125
20150613 05:30 14.125
20150613 05:40 14.375
20150613 05:50 14.75
20150613 06:00 15
20150613 06:10 15.125
20150613 06:20 15.75
20150613 06:30 16.25
20150613 06:40 16.5
20150613 06:50 16.5
20150613 07:00 16.75
20150613 07:10 17.25
20150613 07:20 17.75
20150613 07:30 18.375
20150613 07:40 18.5
20150613 07:50 18.375
20150613 08:00 18.75
20150613 08:10 19.25
20150613 08:20 20
20150613 08:30 20.75
20150613 08:40 20.625
20150613 08:50 20.75
20150613 09:00 21.25
20150613 09:10 22.125
20150613 09:20 22.375
20150613 09:30 22.625
20150613 09:40 23.625
20150613 09:50 24.75
20150613 10:00 25.125
20150613 10:10 25.5
20150613 10:20 25
20150613 10:30 25.5
20150613 10:40 25.875
20150613 10:50 26
20150613 11:00 25.75
20150613 11:10 25.25
20150613 11:20 25.375
20150613 11:30 25.5
20150613 11:40 25.125
20150613 11:50 25.125
20150613 12:00 25.125
20150613 12:10 25.125
20150613 12:20 26
20150613 12:30 26.125
20150613 12:40 26.875
20150613 12:50 26.75
20150613 13:00 27
20150613 13:10 28.375
20150613 13:20 28.375
20150613 13:30 28.125
20150613 13:40 28.125
20150613 13:50 27.25
20150613 14:00 26.625
20150613 14:10 25.75
20150613 14:20 25.375
20150613 14:30 25.25
20150613 14:40 25.25
20150613 14:50 21.5
20150613 15:00 20.125
20150613 15:10 19
20150613 15:20 18.875
20150613 15:30 19.125
20150613 15:40 19.375
20150613 15:50 19.375
20150613 16:00 19.25
20150613 16:10 19.25
20150613 16:20 19.25
20150613 16:30 19.125
20150613 16:40 19.125
20150613 16:50 18.75
20150613 17:00 18.5
20150613 17:10 18.25
20150613 17:20 18.5
20150613 17:30 18.5
20150613 17:40 19.125
20150613 17:50 19.625
20150613 18:00 19.375
20150613 18:10 19.4375
20150613 18:20 20.125
20150613 18:30 20
20150613 18:40 19.25
20150613 18:50 19.125
20150613 19:00 19.25
20150613 19:10 19.5
20150613 19:20 19.625
20150613 19:30 19.125
20150613 19:40 19
20150613 19:50 18.125
20150613 20:00 17.875
20150613 20:10 18
20150613 20:20 17.75
20150613 20:30 18.125
20150613 20:40 18.25
20150613 20:50 17.5
20150613 21:00 17
20150613 21:10 17
20150613 21:20 16.875
20150613 21:30 16.75
20150613 21:40 16.125
20150613 21:50 15.875
20150613 22:00 15.375
20150613 22:10 15.5
20150613 22:20 15
20150613 22:30 14.75
20150613 22:40 14.5
20150613 22:50 14.25
20150613 23:00 14.625
20150613 23:10 14.25
20150613 23:20 14.125
20150613 23:30 13.875
20150613 23:40 13.75
20150613 23:50 13.75
