YYYYMMDD HH:MM measured temperature
20150510 00:00 10.375
20150510 00:10 10.5
20150510 00:20 10.625
20150510 00:30 10.375
20150510 00:40 10.5
20150510 00:50 10.625
20150510 01:00 10.5
20150510 01:10 10.5
20150510 01:20 10.375
20150510 01:30 10.5
20150510 01:40 10.375
20150510 01:50 10.125
20150510 02:00 10.125
20150510 02:10 9.875
20150510 02:20 9.625
20150510 02:30 9.75
20150510 02:40 9.625
20150510 02:50 9.5
20150510 03:00 9.5
20150510 03:10 9.375
20150510 03:20 9.375
20150510 03:30 9.125
20150510 03:40 9
20150510 03:50 8.875
20150510 04:00 8.75
20150510 04:10 8.5
20150510 04:20 8.5
20150510 04:30 8.375
20150510 04:40 8.25
20150510 04:50 8.125
20150510 05:00 8.125
20150510 05:10 8.125
20150510 05:20 8.125
20150510 05:30 7.875
20150510 05:40 8
20150510 05:50 8
20150510 06:00 8
20150510 06:10 8.125
20150510 06:20 8.125
20150510 06:30 8.125
20150510 06:40 8.25
20150510 06:50 8.25
20150510 07:00 8.25
20150510 07:10 8.25
20150510 07:20 8.25
20150510 07:30 8.375
20150510 07:40 8.375
20150510 07:50 8.375
20150510 08:00 8.5
20150510 08:10 8.75
20150510 08:20 8.625
20150510 08:30 8.75
20150510 08:40 8.75
20150510 08:50 8.875
20150510 09:00 9
20150510 09:10 8.875
20150510 09:20 9.25
20150510 09:30 9.25
20150510 09:40 9.125
20150510 09:50 9.375
20150510 10:00 9.625
20150510 10:10 9.375
20150510 10:20 10
20150510 10:30 9.75
20150510 10:40 9.875
20150510 10:50 10.5
20150510 11:00 10.5
20150510 11:10 11.125
20150510 11:20 11.875
20150510 11:30 11.25
20150510 11:40 12.5
20150510 11:50 12.25
20150510 12:00 12.375
20150510 12:10 12.25
20150510 12:20 13.5
20150510 12:30 12.625
20150510 12:40 13.5
20150510 12:50 13.625
20150510 13:00 13.25
20150510 13:10 13.25
20150510 13:20 14.125
20150510 13:30 14.125
20150510 13:40 14.25
20150510 13:50 13.375
20150510 14:00 13.125
20150510 14:10 14.25
20150510 14:20 14.75
20150510 14:30 14.625
20150510 14:40 15.125
20150510 14:50 14.375
20150510 15:00 14.5
20150510 15:10 15.125
20150510 15:20 15.625
20150510 15:30 15.875
20150510 15:40 15.375
20150510 15:50 16.25
20150510 16:00 15.625
20150510 16:10 15.375
20150510 16:20 15.5
20150510 16:30 15.625
20150510 16:40 15.875
20150510 16:50 15.625
20150510 17:00 15.75
20150510 17:10 15
20150510 17:20 15.75
20150510 17:30 15.125
20150510 17:40 15.125
20150510 17:50 15.25
20150510 18:00 15.375
20150510 18:10 14.875
20150510 18:20 15.375
20150510 18:30 15.125
20150510 18:40 15.25
20150510 18:50 15.125
20150510 19:00 15.125
20150510 19:10 15
20150510 19:20 14.875
20150510 19:30 14.25
20150510 19:40 14
20150510 19:50 13.875
20150510 20:00 13.25
20150510 20:10 12.875
20150510 20:20 12.375
20150510 20:30 12
20150510 20:40 11.75
20150510 20:50 11.375
20150510 21:00 10.75
20150510 21:10 10.5
20150510 21:20 10.125
20150510 21:30 9.75
20150510 21:40 9.75
20150510 21:50 9.375
20150510 22:00 9.375
20150510 22:10 9.25
20150510 22:20 9.125
20150510 22:30 9
20150510 22:40 9
20150510 22:50 9.125
20150510 23:00 9.125
20150510 23:10 9.125
20150510 23:20 8.875
20150510 23:30 8.75
20150510 23:40 8.5
20150510 23:50 8.125
