YYYYMMDD HH:MM measured temperature
20150707 00:00 14.25
20150707 00:10 14.125
20150707 00:20 14
20150707 00:30 14.125
20150707 00:40 14.125
20150707 00:50 13.875
20150707 01:00 13.875
20150707 01:10 14
20150707 01:20 14
20150707 01:30 13.875
20150707 01:40 13.75
20150707 01:50 13.625
20150707 02:00 13.5
20150707 02:10 13.25
20150707 02:20 13.125
20150707 02:30 12.875
20150707 02:40 12.875
20150707 02:50 12.75
20150707 03:00 12.625
20150707 03:10 12.5
20150707 03:20 12.375
20150707 03:30 12.5
20150707 03:40 12.5
20150707 03:50 12.5
20150707 04:00 12.375
20150707 04:10 12.375
20150707 04:20 12.5
20150707 04:30 12.375
20150707 04:40 12.375
20150707 04:50 12.375
20150707 05:00 12
20150707 05:10 12.125
20150707 05:20 12.25
20150707 05:30 12.5
20150707 05:40 12.375
20150707 05:50 12.625
20150707 06:00 12.75
20150707 06:10 13.125
20150707 06:20 13.25
20150707 06:30 13.375
20150707 06:40 13.75
20150707 06:50 14.125
20150707 07:00 14.5
20150707 07:10 14.875
20150707 07:20 15.25
20150707 07:30 15.875
20150707 07:40 16.125
20150707 07:50 16.625
20150707 08:00 17.25
20150707 08:10 17.75
20150707 08:20 18.5
20150707 08:30 19.25
20150707 08:40 20
20150707 08:50 20.375
20150707 09:00 21
20150707 09:10 21.25
20150707 09:20 21.875
20150707 09:30 22.25
20150707 09:40 22.875
20150707 09:50 23.125
20150707 10:00 24
20150707 10:10 24.25
20150707 10:20 24.5
20150707 10:30 24.375
20150707 10:40 24.625
20150707 10:50 24.875
20150707 11:00 25.5
20150707 11:10 25.75
20150707 11:20 25.875
20150707 11:30 25.5
20150707 11:40 26.5
20150707 11:50 26.5
20150707 12:00 25.25
20150707 12:10 25.25
20150707 12:20 25.125
20150707 12:30 25.875
20150707 12:40 25.625
20150707 12:50 25.75
20150707 13:00 27.375
20150707 13:10 26.375
20150707 13:20 26.375
20150707 13:30 27.5
20150707 13:40 28.25
20150707 13:50 27.25
20150707 14:00 28.375
20150707 14:10 28.625
20150707 14:20 28.875
20150707 14:30 28.375
20150707 14:40 27
20150707 14:50 27.375
20150707 15:00 26.875
20150707 15:10 26.625
20150707 15:20 26.75
20150707 15:30 26.5
20150707 15:40 26.375
20150707 15:50 26.375
20150707 16:00 26.25
20150707 16:10 26.5
20150707 16:20 26
20150707 16:30 25.25
20150707 16:40 25
20150707 16:50 24.125
20150707 17:00 23.625
20150707 17:10 24.875
20150707 17:20 26.75
20150707 17:30 26.125
20150707 17:40 26.75
20150707 17:50 26.75
20150707 18:00 27
20150707 18:10 26.5
20150707 18:20 25.375
20150707 18:30 24.5
20150707 18:40 24.5
20150707 18:50 23.875
20150707 19:00 23.75
20150707 19:10 23.75
20150707 19:20 23.125
20150707 19:30 22.25
20150707 19:40 21.5
20150707 19:50 20.375
20150707 20:00 20.75
20150707 20:10 20.125
20150707 20:20 19.75
20150707 20:30 19.875
20150707 20:40 19.75
20150707 20:50 19.75
20150707 21:00 19.5
20150707 21:10 19.125
20150707 21:20 18.75
20150707 21:30 19
20150707 21:40 18.875
20150707 21:50 19.625
20150707 22:00 18.75
20150707 22:10 18.75
20150707 22:20 18.5
20150707 22:30 18
20150707 22:40 18.25
20150707 22:50 18
20150707 23:00 17.5
20150707 23:10 17.5
20150707 23:20 17.375
20150707 23:30 17.25
20150707 23:40 17.375
20150707 23:50 17.625
