YYYYMMDD HH:MM measured temperature
20150709 00:00 13.75
20150709 00:10 12.875
20150709 00:20 12.75
20150709 00:30 12.625
20150709 00:40 12.75
20150709 00:50 12.875
20150709 01:00 12.875
20150709 01:10 12.875
20150709 01:20 12.875
20150709 01:30 12.875
20150709 01:40 12.875
20150709 01:50 12.75
20150709 02:00 12.75
20150709 02:10 12.75
20150709 02:20 12.75
20150709 02:30 12.75
20150709 02:40 12.75
20150709 02:50 12.5
20150709 03:00 12.375
20150709 03:10 12.125
20150709 03:20 12.125
20150709 03:30 12.25
20150709 03:40 12.25
20150709 03:50 12.125
20150709 04:00 11.875
20150709 04:10 11.625
20150709 04:20 11.25
20150709 04:30 11.125
20150709 04:40 11
20150709 04:50 11.125
20150709 05:00 11.125
20150709 05:10 11.125
20150709 05:20 11.125
20150709 05:30 10.875
20150709 05:40 10.75
20150709 05:50 10.625
20150709 06:00 10.875
20150709 06:10 11.125
20150709 06:20 10.875
20150709 06:30 10.75
20150709 06:40 10.625
20150709 06:50 10.75
20150709 07:00 11
20150709 07:10 11.375
20150709 07:20 11.875
20150709 07:30 12
20150709 07:40 11.75
20150709 07:50 12.375
20150709 08:00 12
20150709 08:10 12.125
20150709 08:20 12.75
20150709 08:30 12.75
20150709 08:40 12.875
20150709 08:50 13.5
20150709 09:00 13.75
20150709 09:10 14
20150709 09:20 14.625
20150709 09:30 13.5
20150709 09:40 12.625
20150709 09:50 13
20150709 10:00 12.25
20150709 10:10 13
20150709 10:20 13.375
20150709 10:30 14.75
20150709 10:40 15.375
20150709 10:50 14.625
20150709 11:00 14.375
20150709 11:10 15.25
20150709 11:20 15.875
20150709 11:30 15.25
20150709 11:40 13.625
20150709 11:50 13.75
20150709 12:00 15.5
20150709 12:10 16.25
20150709 12:20 14.625
20150709 12:30 15.125
20150709 12:40 17.25
20150709 12:50 15.875
20150709 13:00 16.375
20150709 13:10 17.25
20150709 13:20 15.375
20150709 13:30 16.375
20150709 13:40 15.875
20150709 13:50 15.5
20150709 14:00 16.375
20150709 14:10 15
20150709 14:20 16.375
20150709 14:30 17
20150709 14:40 15.25
20150709 14:50 14.875
20150709 15:00 17
20150709 15:10 17.125
20150709 15:20 17.125
20150709 15:30 15.25
20150709 15:40 15.875
20150709 15:50 15.375
20150709 16:00 16
20150709 16:10 16
20150709 16:20 15.625
20150709 16:30 15
20150709 16:40 15.25
20150709 16:50 15.625
20150709 17:00 14.75
20150709 17:10 14
20150709 17:20 14.875
20150709 17:30 14.875
20150709 17:40 14.125
20150709 17:50 13.625
20150709 18:00 14.875
20150709 18:10 14.625
20150709 18:20 13.625
20150709 18:30 13.75
20150709 18:40 13.875
20150709 18:50 14.75
20150709 19:00 14.25
20150709 19:10 13.375
20150709 19:20 13.875
20150709 19:30 13.625
20150709 19:40 13.625
20150709 19:50 13.5
20150709 20:00 13.75
20150709 20:10 13.625
20150709 20:20 13.5
20150709 20:30 13.25
20150709 20:40 12.75
20150709 20:50 12.25
20150709 21:00 12.25
20150709 21:10 12.375
20150709 21:20 12.375
20150709 21:30 12.375
20150709 21:40 12.5
20150709 21:50 12.5
20150709 22:00 12.5
20150709 22:10 12.375
20150709 22:20 12.5
20150709 22:30 12.625
20150709 22:40 12.625
20150709 22:50 12.5
20150709 23:00 12.25
20150709 23:10 12.125
20150709 23:20 12
20150709 23:30 12
20150709 23:40 12
20150709 23:50 11.625
