YYYYMMDD HH:MM measured temperature
20150602 00:00 11.125
20150602 00:10 11
20150602 00:20 10.5
20150602 00:30 10.25
20150602 00:40 10.25
20150602 00:50 10.5
20150602 01:00 10.75
20150602 01:10 10.625
20150602 01:20 10.75
20150602 01:30 10.75
20150602 01:40 11
20150602 01:50 11.25
20150602 02:00 11.375
20150602 02:10 11.375
20150602 02:20 11.5
20150602 02:30 11.375
20150602 02:40 11.375
20150602 02:50 11.5
20150602 03:00 11.5
20150602 03:10 11.5
20150602 03:20 11.625
20150602 03:30 11.75
20150602 03:40 11.875
20150602 03:50 11.875
20150602 04:00 12
20150602 04:10 12
20150602 04:20 12
20150602 04:30 12
20150602 04:40 12
20150602 04:50 12
20150602 05:00 12
20150602 05:10 12
20150602 05:20 12
20150602 05:30 11.875
20150602 05:40 11.875
20150602 05:50 11.875
20150602 06:00 12
20150602 06:10 12
20150602 06:20 12
20150602 06:30 12.125
20150602 06:40 12.25
20150602 06:50 12.375
20150602 07:00 12.5
20150602 07:10 12.75
20150602 07:20 12.875
20150602 07:30 13.25
20150602 07:40 13.5
20150602 07:50 13.5
20150602 08:00 13.75
20150602 08:10 13.875
20150602 08:20 14.25
20150602 08:30 14.375
20150602 08:40 15.125
20150602 08:50 15.375
20150602 09:00 15.125
20150602 09:10 16.25
20150602 09:20 16
20150602 09:30 15.5
20150602 09:40 15.5
20150602 09:50 15.625
20150602 10:00 15.5
20150602 10:10 15.25
20150602 10:20 14.875
20150602 10:30 14.25
20150602 10:40 14
20150602 10:50 14.25
20150602 11:00 14.125
20150602 11:10 14.5
20150602 11:20 14.75
20150602 11:30 14.875
20150602 11:40 15
20150602 11:50 15.75
20150602 12:00 15.75
20150602 12:10 16
20150602 12:20 16.75
20150602 12:30 16.25
20150602 12:40 15.875
20150602 12:50 16
20150602 13:00 16.25
20150602 13:10 16.375
20150602 13:20 16.375
20150602 13:30 16.25
20150602 13:40 16.25
20150602 13:50 16.125
20150602 14:00 16
20150602 14:10 16.125
20150602 14:20 16
20150602 14:30 16.125
20150602 14:40 16.25
20150602 14:50 16.375
20150602 15:00 16.5
20150602 15:10 16.625
20150602 15:20 16.625
20150602 15:30 16.625
20150602 15:40 16.5
20150602 15:50 16.625
20150602 16:00 16.625
20150602 16:10 16.625
20150602 16:20 16.75
20150602 16:30 16.875
20150602 16:40 17
20150602 16:50 17.25
20150602 17:00 17.375
20150602 17:10 17.5
20150602 17:20 17.375
20150602 17:30 17.75
20150602 17:40 17.75
20150602 17:50 17.75
20150602 18:00 17.75
20150602 18:10 17.875
20150602 18:20 17.875
20150602 18:30 17.875
20150602 18:40 18.125
20150602 18:50 18.25
20150602 19:00 18.125
20150602 19:10 18.125
20150602 19:20 18
20150602 19:30 18
20150602 19:40 17.875
20150602 19:50 17.875
20150602 20:00 17.75
20150602 20:10 17.75
20150602 20:20 17.625
20150602 20:30 17.625
20150602 20:40 17.625
20150602 20:50 17.625
20150602 21:00 17.75
20150602 21:10 17.75
20150602 21:20 17.75
20150602 21:30 17.875
20150602 21:40 18
20150602 21:50 18.125
20150602 22:00 18.125
20150602 22:10 18.125
20150602 22:20 18
20150602 22:30 17.875
20150602 22:40 17.875
20150602 22:50 17.375
20150602 23:00 17.125
20150602 23:10 17
20150602 23:20 17.25
20150602 23:30 17.875
20150602 23:40 17.75
20150602 23:50 17.75
