YYYYMMDD HH:MM measured temperature
20150210 00:00 5.375
20150210 00:10 5.5
20150210 00:20 5.375
20150210 00:30 5.25
20150210 00:40 5.25
20150210 00:50 5.375
20150210 01:00 5.25
20150210 01:10 5.25
20150210 01:20 5.25
20150210 01:30 5.125
20150210 01:40 5
20150210 01:50 5.125
20150210 02:00 5.125
20150210 02:10 5.125
20150210 02:20 5.125
20150210 02:30 5.125
20150210 02:40 5.125
20150210 02:50 5.125
20150210 03:00 5.125
20150210 03:10 5.125
20150210 03:20 5.125
20150210 03:30 5.125
20150210 03:40 5
20150210 03:50 5.125
20150210 04:00 5.125
20150210 04:10 5
20150210 04:20 5.125
20150210 04:30 5.125
20150210 04:40 5.125
20150210 04:50 5.25
20150210 05:00 5.125
20150210 05:10 5.125
20150210 05:20 5.125
20150210 05:30 5.125
20150210 05:40 5.125
20150210 05:50 5.125
20150210 06:00 5.125
20150210 06:10 5
20150210 06:20 5
20150210 06:30 5
20150210 06:40 5
20150210 06:50 5.125
20150210 07:00 5.125
20150210 07:10 5.125
20150210 07:20 5.125
20150210 07:30 5.125
20150210 07:40 5.125
20150210 07:50 5.125
20150210 08:00 5.125
20150210 08:10 5.125
20150210 08:20 5.125
20150210 08:30 5.125
20150210 08:40 5.25
20150210 08:50 5.25
20150210 09:00 5.375
20150210 09:10 5.375
20150210 09:20 5.375
20150210 09:30 5.5
20150210 09:40 5.625
20150210 09:50 5.5
20150210 10:00 5.625
20150210 10:10 5.5
20150210 10:20 5.625
20150210 10:30 5.75
20150210 10:40 5.875
20150210 10:50 5.875
20150210 11:00 6
20150210 11:10 6
20150210 11:20 6.125
20150210 11:30 6.125
20150210 11:40 6.625
20150210 11:50 6.5
20150210 12:00 6.5
20150210 12:10 6.25
20150210 12:20 6.5
20150210 12:30 6.375
20150210 12:40 6.5
20150210 12:50 6.5
20150210 13:00 6.625
20150210 13:10 6.75
20150210 13:20 6.5
20150210 13:30 6.5
20150210 13:40 6.5
20150210 13:50 6.5
20150210 14:00 6.375
20150210 14:10 6.5
20150210 14:20 6.625
20150210 14:30 6.5
20150210 14:40 6.625
20150210 14:50 6.75
20150210 15:00 7
20150210 15:10 7.25
20150210 15:20 7.25
20150210 15:30 7.25
20150210 15:40 7.125
20150210 15:50 7
20150210 16:00 7
20150210 16:10 7
20150210 16:20 7
20150210 16:30 7
20150210 16:40 6.875
20150210 16:50 6.875
20150210 17:00 6.75
20150210 17:10 6.75
20150210 17:20 6.75
20150210 17:30 6.625
20150210 17:40 6.5
20150210 17:50 6.5
20150210 18:00 6.375
20150210 18:10 6.375
20150210 18:20 6.25
20150210 18:30 6.125
20150210 18:40 6
20150210 18:50 6
20150210 19:00 5.875
20150210 19:10 5.875
20150210 19:20 5.875
20150210 19:30 5.875
20150210 19:40 5.875
20150210 19:50 5.875
20150210 20:00 5.875
20150210 20:10 5.75
20150210 20:20 5.75
20150210 20:30 5.75
20150210 20:40 5.75
20150210 20:50 5.75
20150210 21:00 5.625
20150210 21:10 5.625
20150210 21:20 5.625
20150210 21:30 5.625
20150210 21:40 5.5
20150210 21:50 5.5
20150210 22:00 5.5
20150210 22:10 5.375
20150210 22:20 5.375
20150210 22:30 5.5
20150210 22:40 5.375
20150210 22:50 5.375
20150210 23:00 5.25
20150210 23:10 5.25
20150210 23:20 5.25
20150210 23:30 5.25
20150210 23:40 5.25
20150210 23:50 5.125
