YYYYMMDD HH:MM measured temperature
20150524 00:00 5.75
20150524 00:10 5.875
20150524 00:20 5.625
20150524 00:30 5.375
20150524 00:40 5.25
20150524 00:50 5.125
20150524 01:00 4.75
20150524 01:10 4.75
20150524 01:20 4.5
20150524 01:30 4.625
20150524 01:40 4.375
20150524 01:50 4
20150524 02:00 4
20150524 02:10 4
20150524 02:20 4.125
20150524 02:30 3.5
20150524 02:40 3.5
20150524 02:50 3.25
20150524 03:00 3.25
20150524 03:10 3.375
20150524 03:20 3.125
20150524 03:30 3.125
20150524 03:40 3.125
20150524 03:50 3.125
20150524 04:00 2.5
20150524 04:10 2.625
20150524 04:20 2.5
20150524 04:30 2.25
20150524 04:40 2.5
20150524 04:50 2.25
20150524 05:00 2.25
20150524 05:10 2.25
20150524 05:20 1.875
20150524 05:30 2.125
20150524 05:40 2
20150524 05:50 2
20150524 06:00 2.5
20150524 06:10 2.75
20150524 06:20 2.875
20150524 06:30 3.125
20150524 06:40 3.5
20150524 06:50 3.625
20150524 07:00 4.25
20150524 07:10 5.25
20150524 07:20 6.25
20150524 07:30 7.125
20150524 07:40 7.875
20150524 07:50 8.25
20150524 08:00 8.5
20150524 08:10 9.125
20150524 08:20 10
20150524 08:30 10.5
20150524 08:40 11.125
20150524 08:50 11.875
20150524 09:00 12.125
20150524 09:10 12.75
20150524 09:20 13.375
20150524 09:30 12.625
20150524 09:40 12.25
20150524 09:50 12
20150524 10:00 12.625
20150524 10:10 13
20150524 10:20 12
20150524 10:30 12.875
20150524 10:40 13.875
20150524 10:50 13.25
20150524 11:00 14.125
20150524 11:10 14.5
20150524 11:20 14.875
20150524 11:30 14.5
20150524 11:40 14.5
20150524 11:50 14.75
20150524 12:00 15.5
20150524 12:10 16.375
20150524 12:20 15.5
20150524 12:30 16.125
20150524 12:40 17
20150524 12:50 16.625
20150524 13:00 17
20150524 13:10 17.25
20150524 13:20 16.625
20150524 13:30 17.625
20150524 13:40 18.25
20150524 13:50 18.375
20150524 14:00 18.5
20150524 14:10 18
20150524 14:20 19.125
20150524 14:30 18.625
20150524 14:40 19.125
20150524 14:50 19
20150524 15:00 19.375
20150524 15:10 18.875
20150524 15:20 18.5
20150524 15:30 19.375
20150524 15:40 18.5
20150524 15:50 18.625
20150524 16:00 19.625
20150524 16:10 19.125
20150524 16:20 19.125
20150524 16:30 19.375
20150524 16:40 19.25
20150524 16:50 19.375
20150524 17:00 19.25
20150524 17:10 18.5
20150524 17:20 19.5
20150524 17:30 18.25
20150524 17:40 17.75
20150524 17:50 18.75
20150524 18:00 19.375
20150524 18:10 18.75
20150524 18:20 18.875
20150524 18:30 18.5
20150524 18:40 18.375
20150524 18:50 18.375
20150524 19:00 18.75
20150524 19:10 18.5
20150524 19:20 18.25
20150524 19:30 18.125
20150524 19:40 17.625
20150524 19:50 17.375
20150524 20:00 17.125
20150524 20:10 16.125
20150524 20:20 16.5
20150524 20:30 16.375
20150524 20:40 15.75
20150524 20:50 15.375
20150524 21:00 14.75
20150524 21:10 14.375
20150524 21:20 13.75
20150524 21:30 13.375
20150524 21:40 13
20150524 21:50 12.75
20150524 22:00 12.125
20150524 22:10 12.375
20150524 22:20 12.375
20150524 22:30 12.125
20150524 22:40 12.375
20150524 22:50 12.125
20150524 23:00 12
20150524 23:10 11.875
20150524 23:20 11.625
20150524 23:30 11.25
20150524 23:40 10.75
20150524 23:50 10.5
