YYYYMMDD HH:MM measured temperature
20160523 00:00 14.75
20160523 00:10 14.875
20160523 00:20 14.75
20160523 00:30 14.75
20160523 00:40 14.625
20160523 00:50 14.5
20160523 01:00 14.375
20160523 01:10 14.5
20160523 01:20 14.5
20160523 01:30 14.625
20160523 01:40 14.75
20160523 01:50 14.625
20160523 02:00 14.625
20160523 02:10 14.6875
20160523 02:20 14.5625
20160523 02:30 85
20160523 02:40 14.75
20160523 02:50 14.6875
20160523 03:00 14.75
20160523 03:10 14.6875
20160523 03:20 14.75
20160523 03:30 14.75
20160523 03:40 14.75
20160523 03:50 14.6875
20160523 04:00 14.5625
20160523 04:10 14.75
20160523 04:20 14.875
20160523 04:30 14.875
20160523 04:40 14.9375
20160523 04:50 14.9375
20160523 05:00 15.125
20160523 05:10 15.125
20160523 05:20 15.25
20160523 05:30 15.25
20160523 05:40 15.25
20160523 05:50 15.25
20160523 06:00 15.25
20160523 06:10 15.25
20160523 06:20 15.25
20160523 06:30 15.25
20160523 06:40 15.3125
20160523 06:50 15.3125
20160523 07:00 15.375
20160523 07:10 15.375
20160523 07:20 15.5
20160523 07:30 15.625
20160523 07:40 15.625
20160523 07:50 15.5625
20160523 08:00 15.625
20160523 08:10 15.875
20160523 08:20 16.375
20160523 08:30 16.25
20160523 08:40 16.375
20160523 08:50 16.4375
20160523 09:00 16.25
20160523 09:10 16.25
20160523 09:20 17
20160523 09:30 16.875
20160523 09:40 17.5
20160523 09:50 17.375
20160523 10:00 85
20160523 10:10 85
20160523 10:20 17.3125
20160523 10:30 17.25
20160523 10:40 16.9375
20160523 10:50 17
20160523 11:00 18.5625
20160523 11:10 18.25
20160523 11:20 19.4375
20160523 11:30 19.25
20160523 11:40 19
20160523 11:50 19.9375
20160523 12:00 19.625
20160523 12:10 19.25
20160523 12:20 19.5625
20160523 12:30 19.3125
20160523 12:40 20.5
20160523 12:50 19.625
20160523 13:00 21.125
20160523 13:10 21.375
20160523 13:20 21.5
20160523 13:30 21.1875
20160523 13:40 20.6875
20160523 13:50 20.875
20160523 14:00 20.75
20160523 14:10 22.125
20160523 14:20 22.125
20160523 14:30 22.3125
20160523 14:40 22.625
20160523 14:50 21.875
20160523 15:00 20.875
20160523 15:10 22.0625
20160523 15:20 23.0625
20160523 15:30 22.375
20160523 15:40 21.125
20160523 15:50 21.75
20160523 16:00 21.25
20160523 16:10 21.25
20160523 16:20 20.875
20160523 16:30 22
20160523 16:40 21.5
20160523 16:50 21.4375
20160523 17:00 22
20160523 17:10 21.625
20160523 17:20 22.0625
20160523 17:30 21.3125
20160523 17:40 20.9375
20160523 17:50 21.25
20160523 18:00 21.3125
20160523 18:10 21.0625
20160523 18:20 20.625
20160523 18:30 20.625
20160523 18:40 20.6875
20160523 18:50 19.8125
20160523 19:00 20
20160523 19:10 18.625
20160523 19:20 18.5625
20160523 19:30 18.5
20160523 19:40 18
20160523 19:50 17.6875
20160523 20:00 17.625
20160523 20:10 17.3125
20160523 20:20 17
20160523 20:30 16.9375
20160523 20:40 16.875
20160523 20:50 16.625
20160523 21:00 16.25
20160523 21:10 16
20160523 21:20 85
20160523 21:30 15.375
20160523 21:40 15.3125
20160523 21:50 15.375
20160523 22:00 15.25
20160523 22:10 15.125
20160523 22:20 14.6875
20160523 22:30 14.6875
20160523 22:40 85
20160523 22:50 13.75
20160523 23:00 13.5
20160523 23:10 13.375
20160523 23:20 13.125
20160523 23:30 12.875
20160523 23:40 12.875
20160523 23:50 12.75
