YYYYMMDD HH:MM measured temperature
20160526 00:00 85
20160526 00:10 12.375
20160526 00:20 12.375
20160526 00:30 12.5
20160526 00:40 12.375
20160526 00:50 12.5
20160526 01:00 12.375
20160526 01:10 12.3125
20160526 01:20 12.5
20160526 01:30 12.3125
20160526 01:40 12.375
20160526 01:50 12.4375
20160526 02:00 12.375
20160526 02:10 12.375
20160526 02:20 12.3125
20160526 02:30 12.3125
20160526 02:40 12.3125
20160526 02:50 12.3125
20160526 03:00 12.3125
20160526 03:10 12.25
20160526 03:20 12.1875
20160526 03:30 12.125
20160526 03:40 12.125
20160526 03:50 12.125
20160526 04:00 12.25
20160526 04:10 12.125
20160526 04:20 12.125
20160526 04:30 12.25
20160526 04:40 12.0625
20160526 04:50 12.125
20160526 05:00 12
20160526 05:10 11.9375
20160526 05:20 12
20160526 05:30 12
20160526 05:40 11.9375
20160526 05:50 12
20160526 06:00 12
20160526 06:10 12.0625
20160526 06:20 12.0625
20160526 06:30 12.1875
20160526 06:40 12.3125
20160526 06:50 12.375
20160526 07:00 12.5625
20160526 07:10 12.4375
20160526 07:20 12.5
20160526 07:30 12.375
20160526 07:40 12.375
20160526 07:50 12.25
20160526 08:00 12.3125
20160526 08:10 12.5
20160526 08:20 12.25
20160526 08:30 12.25
20160526 08:40 12.375
20160526 08:50 12.5
20160526 09:00 12.625
20160526 09:10 12.5
20160526 09:20 12.625
20160526 09:30 12.8125
20160526 09:40 12.875
20160526 09:50 12.8125
20160526 10:00 12.8125
20160526 10:10 12.9375
20160526 10:20 12.75
20160526 10:30 12.875
20160526 10:40 12.875
20160526 10:50 13
20160526 11:00 13
20160526 11:10 13
20160526 11:20 13.0625
20160526 11:30 13.25
20160526 11:40 13.4375
20160526 11:50 13.5
20160526 12:00 13.375
20160526 12:10 13.375
20160526 12:20 13.375
20160526 12:30 13.8125
20160526 12:40 13.75
20160526 12:50 13.625
20160526 13:00 13.6875
20160526 13:10 14.25
20160526 13:20 14.625
20160526 13:30 85
20160526 13:40 15.25
20160526 13:50 15.5
20160526 14:00 15.6875
20160526 14:10 15.5
20160526 14:20 15.1875
20160526 14:30 14.6875
20160526 14:40 14.6875
20160526 14:50 14.75
20160526 15:00 14.6875
20160526 15:10 14.875
20160526 15:20 15
20160526 15:30 14.875
20160526 15:40 15.3125
20160526 15:50 15.375
20160526 16:00 15.5
20160526 16:10 15.5
20160526 16:20 15.5625
20160526 16:30 15.75
20160526 16:40 15.75
20160526 16:50 15.875
20160526 17:00 15.75
20160526 17:10 15.5
20160526 17:20 15.5
20160526 17:30 15.875
20160526 17:40 15.25
20160526 17:50 15.375
20160526 18:00 15.8125
20160526 18:10 15.375
20160526 18:20 15.6875
20160526 18:30 15.25
20160526 18:40 15.25
20160526 18:50 15.5
20160526 19:00 15
20160526 19:10 15
20160526 19:20 15
20160526 19:30 14.8125
20160526 19:40 14.75
20160526 19:50 14.75
20160526 20:00 14.625
20160526 20:10 14.5
20160526 20:20 14.4375
20160526 20:30 14.3125
20160526 20:40 14.25
20160526 20:50 14.1875
20160526 21:00 13.9375
20160526 21:10 13.8125
20160526 21:20 13.6875
20160526 21:30 13.6875
20160526 21:40 13.6875
20160526 21:50 13.6875
20160526 22:00 85
20160526 22:10 13.5625
20160526 22:20 13.3125
20160526 22:30 13.125
20160526 22:40 12.875
20160526 22:50 12.75
20160526 23:00 12.375
20160526 23:10 12.125
20160526 23:20 12.3125
20160526 23:30 12.5
20160526 23:40 12.625
20160526 23:50 12.75
