YYYYMMDD HH:MM measured temperature
20160630 00:00 15.625
20160630 00:10 15.625
20160630 00:20 15.625
20160630 00:30 15.625
20160630 00:40 15.375
20160630 00:50 15.125
20160630 01:00 15.25
20160630 01:10 15.125
20160630 01:20 14.75
20160630 01:30 14.5
20160630 01:40 14.625
20160630 01:50 14.25
20160630 02:00 14.25
20160630 02:10 14.25
20160630 02:20 14.375
20160630 02:30 14.25
20160630 02:40 14.25
20160630 02:50 14.125
20160630 03:00 14.125
20160630 03:10 14.125
20160630 03:20 14.125
20160630 03:30 14.25
20160630 03:40 14.25
20160630 03:50 14.25
20160630 04:00 14.25
20160630 04:10 14.125
20160630 04:20 14.125
20160630 04:30 14.375
20160630 04:40 14.375
20160630 04:50 14.375
20160630 05:00 14.375
20160630 05:10 14.5
20160630 05:20 14.625
20160630 05:30 14.75
20160630 05:40 14.75
20160630 05:50 14.875
20160630 06:00 15
20160630 06:10 15.125
20160630 06:20 15.375
20160630 06:30 15.5
20160630 06:40 15.5
20160630 06:50 15.5
20160630 07:00 15.625
20160630 07:10 15.75
20160630 07:20 16
20160630 07:30 16.25
20160630 07:40 16.5
20160630 07:50 16.625
20160630 08:00 16.75
20160630 08:10 16.625
20160630 08:20 16.75
20160630 08:30 16.875
20160630 08:40 17.125
20160630 08:50 17.25
20160630 09:00 17.375
20160630 09:10 17.25
20160630 09:20 17.375
20160630 09:30 17.25
20160630 09:40 17.375
20160630 09:50 17.375
20160630 10:00 17.625
20160630 10:10 17.5
20160630 10:20 17.625
20160630 10:30 17.75
20160630 10:40 17.75
20160630 10:50 18
20160630 11:00 17.625
20160630 11:10 18
20160630 11:20 18
20160630 11:30 18
20160630 11:40 18
20160630 11:50 17.5
20160630 12:00 17.875
20160630 12:10 18.375
20160630 12:20 18
20160630 12:30 18.75
20160630 12:40 17.875
20160630 12:50 18
20160630 13:00 19.5
20160630 13:10 20.125
20160630 13:20 19
20160630 13:30 18.25
20160630 13:40 17.625
20160630 13:50 18.375
20160630 14:00 18.375
20160630 14:10 18.375
20160630 14:20 18.25
20160630 14:30 18.75
20160630 14:40 18.75
20160630 14:50 20.25
20160630 15:00 19.25
20160630 15:10 19.75
20160630 15:20 19.875
20160630 15:30 19.625
20160630 15:40 21.625
20160630 15:50 20.125
20160630 16:00 19.75
20160630 16:10 19.125
20160630 16:20 19.5
20160630 16:30 19.25
20160630 16:40 19.875
20160630 16:50 20.625
20160630 17:00 20.25
20160630 17:10 19.875
20160630 17:20 19.75
20160630 17:30 19.875
20160630 17:40 19.625
20160630 17:50 19.375
20160630 18:00 19.375
20160630 18:10 19.5
20160630 18:20 19.875
20160630 18:30 19.625
20160630 18:40 19.5
20160630 18:50 20.25
20160630 19:00 19.5
20160630 19:10 19.5
20160630 19:20 19.125
20160630 19:30 19
20160630 19:40 19
20160630 19:50 19.125
20160630 20:00 19.125
20160630 20:10 19
20160630 20:20 19.25
20160630 20:30 19
20160630 20:40 19
20160630 20:50 18.625
20160630 21:00 18.375
20160630 21:10 18.125
20160630 21:20 18
20160630 21:30 17.875
20160630 21:40 17.75
20160630 21:50 17.75
20160630 22:00 17.75
20160630 22:10 17.5625
20160630 22:20 17.5
20160630 22:30 17.375
20160630 22:40 17.25
20160630 22:50 17.375
20160630 23:00 17.375
20160630 23:10 17.375
20160630 23:20 17.375
20160630 23:30 17.375
20160630 23:40 17.375
20160630 23:50 17.375
