YYYYMMDD HH:MM measured temperature
20160717 00:00 85
20160717 00:10 85
20160717 00:20 17.25
20160717 00:30 17.25
20160717 00:40 17.125
20160717 00:50 17.125
20160717 01:00 17.125
20160717 01:10 17
20160717 01:20 17
20160717 01:30 17
20160717 01:40 16.9375
20160717 01:50 16.875
20160717 02:00 16.875
20160717 02:10 16.875
20160717 02:20 16.375
20160717 02:30 16.125
20160717 02:40 16.0625
20160717 02:50 16.125
20160717 03:00 16.3125
20160717 03:10 16.5
20160717 03:20 16.5
20160717 03:30 16.5625
20160717 03:40 16.625
20160717 03:50 16.5625
20160717 04:00 16.625
20160717 04:10 16.75
20160717 04:20 16.75
20160717 04:30 16.75
20160717 04:40 16.75
20160717 04:50 16.75
20160717 05:00 16.75
20160717 05:10 16.875
20160717 05:20 16.75
20160717 05:30 85
20160717 05:40 16.75
20160717 05:50 16.8125
20160717 06:00 16.8125
20160717 06:10 16.8125
20160717 06:20 16.8125
20160717 06:30 16.8125
20160717 06:40 17
20160717 06:50 17
20160717 07:00 17
20160717 07:10 16.9375
20160717 07:20 17
20160717 07:30 85
20160717 07:40 17.0625
20160717 07:50 17.1875
20160717 08:00 17.375
20160717 08:10 17.375
20160717 08:20 17.8125
20160717 08:30 17.5625
20160717 08:40 18
20160717 08:50 17.875
20160717 09:00 18.125
20160717 09:10 19
20160717 09:20 19.25
20160717 09:30 19.25
20160717 09:40 19.375
20160717 09:50 20.375
20160717 10:00 20.375
20160717 10:10 20.125
20160717 10:20 20.75
20160717 10:30 20.75
20160717 10:40 20.875
20160717 10:50 21.375
20160717 11:00 20.25
20160717 11:10 20.25
20160717 11:20 21.25
20160717 11:30 21.875
20160717 11:40 21
20160717 11:50 22.125
20160717 12:00 20.5
20160717 12:10 22
20160717 12:20 22.625
20160717 12:30 23.375
20160717 12:40 23.375
20160717 12:50 21.5
20160717 13:00 22.125
20160717 13:10 23
20160717 13:20 22.625
20160717 13:30 21.75
20160717 13:40 21.25
20160717 13:50 22.625
20160717 14:00 21.625
20160717 14:10 22.125
20160717 14:20 22.875
20160717 14:30 21.875
20160717 14:40 23.25
20160717 14:50 22.375
20160717 15:00 22.875
20160717 15:10 23
20160717 15:20 23.125
20160717 15:30 22.5
20160717 15:40 21.875
20160717 15:50 22.5
20160717 16:00 22.625
20160717 16:10 22.5
20160717 16:20 21.75
20160717 16:30 22.25
20160717 16:40 22.125
20160717 16:50 21.5
20160717 17:00 21.125
20160717 17:10 20.5
20160717 17:20 20.125
20160717 17:30 20.375
20160717 17:40 20
20160717 17:50 19.75
20160717 18:00 19.5
20160717 18:10 19.75
20160717 18:20 19.375
20160717 18:30 19.5
20160717 18:40 19.25
20160717 18:50 19.125
20160717 19:00 18.875
20160717 19:10 18.625
20160717 19:20 18.625
20160717 19:30 18.625
20160717 19:40 18.5
20160717 19:50 18.375
20160717 20:00 18.125
20160717 20:10 18
20160717 20:20 18
20160717 20:30 17.75
20160717 20:40 17.625
20160717 20:50 17.625
20160717 21:00 17.375
20160717 21:10 17.5
20160717 21:20 17.375
20160717 21:30 17.25
20160717 21:40 16.875
20160717 21:50 16.625
20160717 22:00 16.125
20160717 22:10 15.875
20160717 22:20 15.375
20160717 22:30 15.125
20160717 22:40 15
20160717 22:50 14.75
20160717 23:00 14.625
20160717 23:10 14.625
20160717 23:20 14.5
20160717 23:30 14.25
20160717 23:40 14.25
20160717 23:50 14.25
