YYYYMMDD HH:MM measured temperature
20160415 00:00 6.875
20160415 00:10 6.75
20160415 00:20 6.5
20160415 00:30 6.25
20160415 00:40 6.25
20160415 00:50 6.25
20160415 01:00 6.125
20160415 01:10 5.875
20160415 01:20 5.875
20160415 01:30 5.75
20160415 01:40 5.75
20160415 01:50 5.75
20160415 02:00 5.75
20160415 02:10 5.75
20160415 02:20 6.25
20160415 02:30 6.25
20160415 02:40 5.75
20160415 02:50 5.5
20160415 03:00 5.375
20160415 03:10 5.625
20160415 03:20 5.625
20160415 03:30 5.5
20160415 03:40 5.625
20160415 03:50 5.5
20160415 04:00 5.625
20160415 04:10 5.875
20160415 04:20 5.875
20160415 04:30 5.375
20160415 04:40 5.625
20160415 04:50 6
20160415 05:00 6.125
20160415 05:10 6.5
20160415 05:20 6.875
20160415 05:30 7
20160415 05:40 7.125
20160415 05:50 7.1875
20160415 06:00 7.375
20160415 06:10 7.5
20160415 06:20 7.625
20160415 06:30 7.75
20160415 06:40 7.5
20160415 06:50 7.625
20160415 07:00 7.625
20160415 07:10 7.75
20160415 07:20 8.25
20160415 07:30 8.4375
20160415 07:40 8.75
20160415 07:50 9.0625
20160415 08:00 9.1875
20160415 08:10 8.875
20160415 08:20 8.5625
20160415 08:30 8.5
20160415 08:40 8.5
20160415 08:50 8.5
20160415 09:00 8.5
20160415 09:10 8.375
20160415 09:20 8.375
20160415 09:30 8.5
20160415 09:40 8.5
20160415 09:50 8.5
20160415 10:00 8.5625
20160415 10:10 8.625
20160415 10:20 8.625
20160415 10:30 8.6875
20160415 10:40 8.875
20160415 10:50 9
20160415 11:00 9
20160415 11:10 9.1875
20160415 11:20 9.5
20160415 11:30 9.75
20160415 11:40 9.75
20160415 11:50 10
20160415 12:00 10.125
20160415 12:10 10.25
20160415 12:20 10.5
20160415 12:30 10.5
20160415 12:40 10.25
20160415 12:50 10
20160415 13:00 10
20160415 13:10 10.875
20160415 13:20 10.8125
20160415 13:30 11.375
20160415 13:40 11
20160415 13:50 11.375
20160415 14:00 12.5
20160415 14:10 11.75
20160415 14:20 11.625
20160415 14:30 11.875
20160415 14:40 11.4375
20160415 14:50 11.375
20160415 15:00 12.625
20160415 15:10 12.375
20160415 15:20 12.375
20160415 15:30 12.125
20160415 15:40 11.875
20160415 15:50 11.75
20160415 16:00 11.625
20160415 16:10 10.875
20160415 16:20 10.8125
20160415 16:30 11.25
20160415 16:40 11.25
20160415 16:50 11.125
20160415 17:00 10.875
20160415 17:10 11.25
20160415 17:20 11.5
20160415 17:30 11.5
20160415 17:40 11.5
20160415 17:50 11.25
20160415 18:00 11.25
20160415 18:10 10.75
20160415 18:20 10.625
20160415 18:30 10.5
20160415 18:40 10.75
20160415 18:50 10.625
20160415 19:00 10.5
20160415 19:10 10.5
20160415 19:20 10.375
20160415 19:30 10
20160415 19:40 9.9375
20160415 19:50 9.8125
20160415 20:00 9.75
20160415 20:10 9.75
20160415 20:20 9.75
20160415 20:30 9.75
20160415 20:40 9.75
20160415 20:50 9.625
20160415 21:00 9.5
20160415 21:10 9.25
20160415 21:20 8.9375
20160415 21:30 8.875
20160415 21:40 8.875
20160415 21:50 8.5625
20160415 22:00 8.375
20160415 22:10 8.125
20160415 22:20 8
20160415 22:30 8.0625
20160415 22:40 8
20160415 22:50 85
20160415 23:00 7.875
20160415 23:10 8
20160415 23:20 7.875
20160415 23:30 7.875
20160415 23:40 8
20160415 23:50 8.0625
