YYYYMMDD HH:MM measured temperature
20160704 00:00 12.125
20160704 00:10 11.75
20160704 00:20 11.875
20160704 00:30 11.625
20160704 00:40 11.5
20160704 00:50 11.75
20160704 01:00 11.375
20160704 01:10 11
20160704 01:20 11
20160704 01:30 11.0625
20160704 01:40 10.875
20160704 01:50 11.0625
20160704 02:00 11.25
20160704 02:10 11.3125
20160704 02:20 11
20160704 02:30 11.375
20160704 02:40 11.375
20160704 02:50 11.125
20160704 03:00 11
20160704 03:10 11
20160704 03:20 11
20160704 03:30 11
20160704 03:40 11.125
20160704 03:50 11.0625
20160704 04:00 11.125
20160704 04:10 11.25
20160704 04:20 11.375
20160704 04:30 11.375
20160704 04:40 11.5
20160704 04:50 11.5
20160704 05:00 11.5
20160704 05:10 11.5
20160704 05:20 11.5
20160704 05:30 11.5
20160704 05:40 11.5
20160704 05:50 11.5
20160704 06:00 11.625
20160704 06:10 11.75
20160704 06:20 11.75
20160704 06:30 11.875
20160704 06:40 12
20160704 06:50 12.125
20160704 07:00 12.375
20160704 07:10 12.375
20160704 07:20 12.75
20160704 07:30 12.875
20160704 07:40 13.25
20160704 07:50 13.25
20160704 08:00 13.5
20160704 08:10 14
20160704 08:20 14.25
20160704 08:30 14.625
20160704 08:40 14.75
20160704 08:50 15.25
20160704 09:00 15.375
20160704 09:10 16.375
20160704 09:20 16.875
20160704 09:30 17.375
20160704 09:40 17
20160704 09:50 17.625
20160704 10:00 18
20160704 10:10 17.75
20160704 10:20 18
20160704 10:30 18.625
20160704 10:40 19.375
20160704 10:50 19.5
20160704 11:00 19.25
20160704 11:10 20.125
20160704 11:20 19.25
20160704 11:30 20.125
20160704 11:40 19.5
20160704 11:50 20.75
20160704 12:00 19.875
20160704 12:10 19.25
20160704 12:20 20.625
20160704 12:30 20.25
20160704 12:40 19.75
20160704 12:50 20.875
20160704 13:00 19.875
20160704 13:10 20
20160704 13:20 19.875
20160704 13:30 21.625
20160704 13:40 21.5
20160704 13:50 21.125
20160704 14:00 20.75
20160704 14:10 21.875
20160704 14:20 20.5
20160704 14:30 20.5
20160704 14:40 22
20160704 14:50 20.625
20160704 15:00 20.875
20160704 15:10 20.625
20160704 15:20 21.5
20160704 15:30 22
20160704 15:40 22.75
20160704 15:50 22.375
20160704 16:00 22.75
20160704 16:10 22.375
20160704 16:20 23
20160704 16:30 22.375
20160704 16:40 22.875
20160704 16:50 22.5
20160704 17:00 22.625
20160704 17:10 22.125
20160704 17:20 21.5
20160704 17:30 21.875
20160704 17:40 22.5
20160704 17:50 21.625
20160704 18:00 21.125
20160704 18:10 21.125
20160704 18:20 21.125
20160704 18:30 22.125
20160704 18:40 21
20160704 18:50 20.25
20160704 19:00 20
20160704 19:10 19.625
20160704 19:20 19.875
20160704 19:30 20
20160704 19:40 19.75
20160704 19:50 19.375
20160704 20:00 19.25
20160704 20:10 18.625
20160704 20:20 18.5
20160704 20:30 18.375
20160704 20:40 18.375
20160704 20:50 18.25
20160704 21:00 17.75
20160704 21:10 17.25
20160704 21:20 16.875
20160704 21:30 16.625
20160704 21:40 16.375
20160704 21:50 16
20160704 22:00 15.625
20160704 22:10 15.5
20160704 22:20 15.125
20160704 22:30 14.9375
20160704 22:40 14.625
20160704 22:50 14.5
20160704 23:00 14.375
20160704 23:10 14.375
20160704 23:20 14.25
20160704 23:30 14
20160704 23:40 13.875
20160704 23:50 13.75
