YYYYMMDD HH:MM measured temperature
20160215 00:00 0.25
20160215 00:10 0.25
20160215 00:20 0.25
20160215 00:30 0.375
20160215 00:40 0.25
20160215 00:50 0.375
20160215 01:00 0.375
20160215 01:10 0.375
20160215 01:20 0.375
20160215 01:30 0.5
20160215 01:40 0.5
20160215 01:50 0.5
20160215 02:00 0.5
20160215 02:10 0.5
20160215 02:20 0.5
20160215 02:30 0.5
20160215 02:40 0.5
20160215 02:50 0.625
20160215 03:00 0.625
20160215 03:10 0.625
20160215 03:20 0.625
20160215 03:30 0.625
20160215 03:40 0.625
20160215 03:50 0.625
20160215 04:00 0.5
20160215 04:10 0.625
20160215 04:20 0.625
20160215 04:30 0.625
20160215 04:40 0.625
20160215 04:50 0.75
20160215 05:00 0.75
20160215 05:10 0.75
20160215 05:20 0.875
20160215 05:30 0.875
20160215 05:40 0.875
20160215 05:50 1
20160215 06:00 1
20160215 06:10 1
20160215 06:20 1
20160215 06:30 1.125
20160215 06:40 1.125
20160215 06:50 1.125
20160215 07:00 1
20160215 07:10 1
20160215 07:20 1
20160215 07:30 0.875
20160215 07:40 0.875
20160215 07:50 1
20160215 08:00 0.875
20160215 08:10 0.875
20160215 08:20 1
20160215 08:30 1
20160215 08:40 1.125
20160215 08:50 1.125
20160215 09:00 1.125
20160215 09:10 1.25
20160215 09:20 1.25
20160215 09:30 1.125
20160215 09:40 1.25
20160215 09:50 1.25
20160215 10:00 1.25
20160215 10:10 1.25
20160215 10:20 1.25
20160215 10:30 1.25
20160215 10:40 1.125
20160215 10:50 1.0625
20160215 11:00 1.125
20160215 11:10 1.25
20160215 11:20 1.25
20160215 11:30 1.25
20160215 11:40 1.25
20160215 11:50 1.375
20160215 12:00 1.25
20160215 12:10 1.3125
20160215 12:20 1.875
20160215 12:30 2.125
20160215 12:40 2
20160215 12:50 2.125
20160215 13:00 1.625
20160215 13:10 1.375
20160215 13:20 1.5
20160215 13:30 1.75
20160215 13:40 1.5
20160215 13:50 1.625
20160215 14:00 1.375
20160215 14:10 1.375
20160215 14:20 1.5
20160215 14:30 1.5
20160215 14:40 1.375
20160215 14:50 1.25
20160215 15:00 1.25
20160215 15:10 1.25
20160215 15:20 1.125
20160215 15:30 1.125
20160215 15:40 1.125
20160215 15:50 1
20160215 16:00 0.875
20160215 16:10 0.875
20160215 16:20 0.875
20160215 16:30 0.875
20160215 16:40 0.875
20160215 16:50 0.75
20160215 17:00 0.75
20160215 17:10 0.625
20160215 17:20 0.625
20160215 17:30 0.5
20160215 17:40 0.375
20160215 17:50 0.25
20160215 18:00 0.25
20160215 18:10 0.125
20160215 18:20 0.125
20160215 18:30 0.125
20160215 18:40 0.125
20160215 18:50 0.125
20160215 19:00 0
20160215 19:10 0
20160215 19:20 -0.125
20160215 19:30 -0.25
20160215 19:40 -0.375
20160215 19:50 -0.625
20160215 20:00 -0.625
20160215 20:10 -0.875
20160215 20:20 -1.125
20160215 20:30 -1.125
20160215 20:40 -1.375
20160215 20:50 -1.5
20160215 21:00 -1.5
20160215 21:10 -1.625
20160215 21:20 -1.75
20160215 21:30 -1.875
20160215 21:40 -1.875
20160215 21:50 -2
20160215 22:00 -1.875
20160215 22:10 -2
20160215 22:20 -2.125
20160215 22:30 -2.125
20160215 22:40 -2.25
20160215 22:50 -2.375
20160215 23:00 -2.5
20160215 23:10 -2.5
20160215 23:20 -2.625
20160215 23:30 -2.75
20160215 23:40 -2.75
20160215 23:50 -2.75
