YYYYMMDD HH:MM measured temperature
20160407 00:00 7.75
20160407 00:10 7.625
20160407 00:20 7.25
20160407 00:30 6.875
20160407 00:40 6.5
20160407 00:50 6.25
20160407 01:00 6.125
20160407 01:10 5.875
20160407 01:20 5.625
20160407 01:30 5.5
20160407 01:40 5.5
20160407 01:50 5.375
20160407 02:00 5.5
20160407 02:10 5.5
20160407 02:20 5.5
20160407 02:30 5.375
20160407 02:40 5.375
20160407 02:50 5.25
20160407 03:00 5.125
20160407 03:10 4.875
20160407 03:20 5
20160407 03:30 5
20160407 03:40 4.75
20160407 03:50 4.875
20160407 04:00 4.75
20160407 04:10 4.875
20160407 04:20 4.875
20160407 04:30 4.625
20160407 04:40 4.75
20160407 04:50 4.625
20160407 05:00 4.625
20160407 05:10 4.75
20160407 05:20 4.875
20160407 05:30 4.75
20160407 05:40 4.875
20160407 05:50 4.75
20160407 06:00 4.75
20160407 06:10 4.875
20160407 06:20 4.75
20160407 06:30 4.75
20160407 06:40 4.75
20160407 06:50 4.75
20160407 07:00 4.75
20160407 07:10 4.75
20160407 07:20 4.875
20160407 07:30 4.875
20160407 07:40 5
20160407 07:50 5.25
20160407 08:00 5.5
20160407 08:10 5.625
20160407 08:20 5.875
20160407 08:30 6.125
20160407 08:40 6.625
20160407 08:50 6.625
20160407 09:00 6.75
20160407 09:10 7.1875
20160407 09:20 7.25
20160407 09:30 8
20160407 09:40 7.8125
20160407 09:50 7.625
20160407 10:00 7.625
20160407 10:10 7.875
20160407 10:20 8.5
20160407 10:30 8.625
20160407 10:40 8.625
20160407 10:50 8.375
20160407 11:00 9
20160407 11:10 8.6875
20160407 11:20 9.0625
20160407 11:30 9.125
20160407 11:40 9
20160407 11:50 9.125
20160407 12:00 9.625
20160407 12:10 9.125
20160407 12:20 10.4375
20160407 12:30 9.625
20160407 12:40 9.75
20160407 12:50 11.25
20160407 13:00 9.875
20160407 13:10 11.125
20160407 13:20 9.875
20160407 13:30 11.75
20160407 13:40 11.5
20160407 13:50 11.875
20160407 14:00 10.375
20160407 14:10 10.25
20160407 14:20 10.125
20160407 14:30 10
20160407 14:40 9.5
20160407 14:50 10.625
20160407 15:00 10.125
20160407 15:10 11.125
20160407 15:20 10.375
20160407 15:30 12
20160407 15:40 12
20160407 15:50 11.5
20160407 16:00 10.25
20160407 16:10 9.75
20160407 16:20 10.125
20160407 16:30 10.25
20160407 16:40 9.25
20160407 16:50 6.625
20160407 17:00 6.375
20160407 17:10 6.25
20160407 17:20 5.5
20160407 17:30 6
20160407 17:40 5.25
20160407 17:50 5.875
20160407 18:00 6.25
20160407 18:10 6.75
20160407 18:20 7.625
20160407 18:30 8
20160407 18:40 8.25
20160407 18:50 8
20160407 19:00 7.875
20160407 19:10 7.25
20160407 19:20 7.125
20160407 19:30 7
20160407 19:40 6.625
20160407 19:50 6.375
20160407 20:00 5.875
20160407 20:10 5.875
20160407 20:20 5.625
20160407 20:30 5.375
20160407 20:40 6.125
20160407 20:50 5.625
20160407 21:00 5.125
20160407 21:10 5.125
20160407 21:20 5.5
20160407 21:30 5.625
20160407 21:40 5.375
20160407 21:50 5
20160407 22:00 4.875
20160407 22:10 4.625
20160407 22:20 4.625
20160407 22:30 4.75
20160407 22:40 4.875
20160407 22:50 4.75
20160407 23:00 4.75
20160407 23:10 4.75
20160407 23:20 4.625
20160407 23:30 4.875
20160407 23:40 4.625
20160407 23:50 5
