YYYYMMDD HH:MM measured temperature
20160619 00:00 14.5
20160619 00:10 14.375
20160619 00:20 14.5
20160619 00:30 14.5625
20160619 00:40 14.375
20160619 00:50 13.8125
20160619 01:00 13.625
20160619 01:10 13.625
20160619 01:20 13.625
20160619 01:30 13.5
20160619 01:40 13.375
20160619 01:50 13.375
20160619 02:00 13.5
20160619 02:10 13.5
20160619 02:20 13.4375
20160619 02:30 13.375
20160619 02:40 13.5
20160619 02:50 13.4375
20160619 03:00 13.375
20160619 03:10 13.5
20160619 03:20 13.375
20160619 03:30 13.5
20160619 03:40 13.5
20160619 03:50 13.375
20160619 04:00 13.125
20160619 04:10 13
20160619 04:20 13
20160619 04:30 12.875
20160619 04:40 12.6875
20160619 04:50 12.625
20160619 05:00 12.5
20160619 05:10 12.5625
20160619 05:20 12.625
20160619 05:30 12.4375
20160619 05:40 12.375
20160619 05:50 12.5
20160619 06:00 12.75
20160619 06:10 12.875
20160619 06:20 13.125
20160619 06:30 12.9375
20160619 06:40 12.875
20160619 06:50 12.875
20160619 07:00 12.75
20160619 07:10 12.875
20160619 07:20 13
20160619 07:30 13.125
20160619 07:40 85
20160619 07:50 13
20160619 08:00 13.0625
20160619 08:10 13.25
20160619 08:20 85
20160619 08:30 13.375
20160619 08:40 13.3125
20160619 08:50 13.375
20160619 09:00 13.375
20160619 09:10 13.75
20160619 09:20 13.9375
20160619 09:30 13.8125
20160619 09:40 14
20160619 09:50 14.125
20160619 10:00 14.5
20160619 10:10 14.8125
20160619 10:20 14.9375
20160619 10:30 14.8125
20160619 10:40 14.625
20160619 10:50 15
20160619 11:00 14.8125
20160619 11:10 14.375
20160619 11:20 13.9375
20160619 11:30 13.3125
20160619 11:40 12.625
20160619 11:50 13.375
20160619 12:00 13.6875
20160619 12:10 14.5
20160619 12:20 15.125
20160619 12:30 14.625
20160619 12:40 15.75
20160619 12:50 15.625
20160619 13:00 16.25
20160619 13:10 16.125
20160619 13:20 15.75
20160619 13:30 15
20160619 13:40 15.75
20160619 13:50 15.5
20160619 14:00 15.875
20160619 14:10 16
20160619 14:20 16
20160619 14:30 15.125
20160619 14:40 15.25
20160619 14:50 15.0625
20160619 15:00 15.25
20160619 15:10 15.75
20160619 15:20 15.5
20160619 15:30 15.3125
20160619 15:40 15.5
20160619 15:50 15.5
20160619 16:00 15.875
20160619 16:10 16.125
20160619 16:20 16.75
20160619 16:30 16.75
20160619 16:40 17.625
20160619 16:50 17.5
20160619 17:00 16.375
20160619 17:10 16.375
20160619 17:20 17.125
20160619 17:30 17.0625
20160619 17:40 16.5
20160619 17:50 16.875
20160619 18:00 16.625
20160619 18:10 16.625
20160619 18:20 16.375
20160619 18:30 16.3125
20160619 18:40 17.0625
20160619 18:50 16
20160619 19:00 15.875
20160619 19:10 15.75
20160619 19:20 16.125
20160619 19:30 16.25
20160619 19:40 16.875
20160619 19:50 16.125
20160619 20:00 16
20160619 20:10 15.4375
20160619 20:20 15.25
20160619 20:30 15
20160619 20:40 14.5
20160619 20:50 14.375
20160619 21:00 14.125
20160619 21:10 13.875
20160619 21:20 13.5
20160619 21:30 12.9375
20160619 21:40 12.5
20160619 21:50 12.125
20160619 22:00 11.625
20160619 22:10 11.5
20160619 22:20 11.25
20160619 22:30 11
20160619 22:40 10.75
20160619 22:50 10.625
20160619 23:00 10.4375
20160619 23:10 10.25
20160619 23:20 10.0625
20160619 23:30 9.875
20160619 23:40 9.75
20160619 23:50 9.5625
