YYYYMMDD HH:MM measured temperature
20160517 00:00 7.625
20160517 00:10 7.5
20160517 00:20 7.5
20160517 00:30 7.4375
20160517 00:40 7.5
20160517 00:50 7.4375
20160517 01:00 7.5
20160517 01:10 7.5
20160517 01:20 7.5
20160517 01:30 7.3125
20160517 01:40 7.25
20160517 01:50 7.1875
20160517 02:00 85
20160517 02:10 7.125
20160517 02:20 7.0625
20160517 02:30 7.125
20160517 02:40 7.125
20160517 02:50 7.125
20160517 03:00 6.9375
20160517 03:10 6.75
20160517 03:20 6.625
20160517 03:30 6.8125
20160517 03:40 6.9375
20160517 03:50 7
20160517 04:00 7
20160517 04:10 7.0625
20160517 04:20 7
20160517 04:30 6.8125
20160517 04:40 85
20160517 04:50 6.875
20160517 05:00 85
20160517 05:10 7.0625
20160517 05:20 85
20160517 05:30 7.125
20160517 05:40 7.1875
20160517 05:50 7.25
20160517 06:00 7.25
20160517 06:10 7.375
20160517 06:20 7.375
20160517 06:30 7.5
20160517 06:40 85
20160517 06:50 7.75
20160517 07:00 7.875
20160517 07:10 8.125
20160517 07:20 8.25
20160517 07:30 8.375
20160517 07:40 8.375
20160517 07:50 8.5
20160517 08:00 8.3125
20160517 08:10 8.75
20160517 08:20 9.25
20160517 08:30 9.125
20160517 08:40 9.4375
20160517 08:50 9.375
20160517 09:00 9.375
20160517 09:10 9.3125
20160517 09:20 9.125
20160517 09:30 9.5
20160517 09:40 9.75
20160517 09:50 9.9375
20160517 10:00 10.75
20160517 10:10 10.4375
20160517 10:20 9.8125
20160517 10:30 10.0625
20160517 10:40 10.0625
20160517 10:50 9.0625
20160517 11:00 9.4375
20160517 11:10 9.5625
20160517 11:20 9.625
20160517 11:30 9.75
20160517 11:40 10.75
20160517 11:50 10.8125
20160517 12:00 11.0625
20160517 12:10 11.5625
20160517 12:20 11.125
20160517 12:30 10.875
20160517 12:40 10.8125
20160517 12:50 11.25
20160517 13:00 10.5
20160517 13:10 10.1875
20160517 13:20 10.625
20160517 13:30 12
20160517 13:40 11.375
20160517 13:50 12.125
20160517 14:00 12.1875
20160517 14:10 12.375
20160517 14:20 11.3125
20160517 14:30 11.0625
20160517 14:40 11
20160517 14:50 11.625
20160517 15:00 12.5
20160517 15:10 12.625
20160517 15:20 13.3125
20160517 15:30 13
20160517 15:40 13.1875
20160517 15:50 13.5
20160517 16:00 13.125
20160517 16:10 12.75
20160517 16:20 12.1875
20160517 16:30 12.75
20160517 16:40 12.6875
20160517 16:50 13.125
20160517 17:00 13.25
20160517 17:10 12.5625
20160517 17:20 13.0625
20160517 17:30 12.75
20160517 17:40 13.125
20160517 17:50 13.125
20160517 18:00 13.375
20160517 18:10 13.125
20160517 18:20 13.625
20160517 18:30 13.375
20160517 18:40 13
20160517 18:50 12.875
20160517 19:00 13.25
20160517 19:10 12.75
20160517 19:20 12.375
20160517 19:30 12.625
20160517 19:40 12.375
20160517 19:50 12.25
20160517 20:00 11.9375
20160517 20:10 11.75
20160517 20:20 11.625
20160517 20:30 11.5
20160517 20:40 11.25
20160517 20:50 10.8125
20160517 21:00 10.75
20160517 21:10 10.25
20160517 21:20 10.0625
20160517 21:30 9.375
20160517 21:40 8.875
20160517 21:50 8.75
20160517 22:00 8.375
20160517 22:10 7.9375
20160517 22:20 7.75
20160517 22:30 7.4375
20160517 22:40 7.25
20160517 22:50 7.125
20160517 23:00 7.4375
20160517 23:10 7.625
20160517 23:20 7.6875
20160517 23:30 7.625
20160517 23:40 7.625
20160517 23:50 7.5
