YYYYMMDD HH:MM measured temperature
20160719 00:00 14.5
20160719 00:10 14.375
20160719 00:20 14.375
20160719 00:30 14
20160719 00:40 14
20160719 00:50 13.75
20160719 01:00 14
20160719 01:10 13.5
20160719 01:20 13.625
20160719 01:30 13.5
20160719 01:40 13.625
20160719 01:50 13.75
20160719 02:00 13.75
20160719 02:10 13.75
20160719 02:20 13.625
20160719 02:30 13.875
20160719 02:40 14.125
20160719 02:50 14.25
20160719 03:00 14.375
20160719 03:10 14.375
20160719 03:20 14.625
20160719 03:30 14.5
20160719 03:40 14.75
20160719 03:50 14.5
20160719 04:00 14.375
20160719 04:10 14.5
20160719 04:20 14.5
20160719 04:30 14.625
20160719 04:40 14.5
20160719 04:50 14.625
20160719 05:00 14.875
20160719 05:10 14.875
20160719 05:20 15.125
20160719 05:30 15.125
20160719 05:40 15.25
20160719 05:50 15.25
20160719 06:00 15.25
20160719 06:10 15.25
20160719 06:20 15.5
20160719 06:30 15.625
20160719 06:40 15.75
20160719 06:50 15.875
20160719 07:00 16
20160719 07:10 16.125
20160719 07:20 16.125
20160719 07:30 16.25
20160719 07:40 16.625
20160719 07:50 16.75
20160719 08:00 17
20160719 08:10 17.25
20160719 08:20 17.625
20160719 08:30 18
20160719 08:40 18
20160719 08:50 18.625
20160719 09:00 19.625
20160719 09:10 20
20160719 09:20 19.625
20160719 09:30 20.375
20160719 09:40 20.5
20160719 09:50 21
20160719 10:00 21
20160719 10:10 21.125
20160719 10:20 21.125
20160719 10:30 21.875
20160719 10:40 21.875
20160719 10:50 22
20160719 11:00 22.375
20160719 11:10 23.125
20160719 11:20 22.125
20160719 11:30 23.375
20160719 11:40 23.375
20160719 11:50 23.625
20160719 12:00 23.625
20160719 12:10 23.75
20160719 12:20 24.625
20160719 12:30 24.5
20160719 12:40 25
20160719 12:50 24.875
20160719 13:00 25.75
20160719 13:10 24.875
20160719 13:20 26.125
20160719 13:30 26
20160719 13:40 25.375
20160719 13:50 24.875
20160719 14:00 25.75
20160719 14:10 26.25
20160719 14:20 26
20160719 14:30 26.375
20160719 14:40 25.25
20160719 14:50 26.125
20160719 15:00 26.5
20160719 15:10 26.25
20160719 15:20 26.5
20160719 15:30 25.75
20160719 15:40 26.5
20160719 15:50 27.375
20160719 16:00 26
20160719 16:10 25
20160719 16:20 25.5
20160719 16:30 24.875
20160719 16:40 24.5
20160719 16:50 25.625
20160719 17:00 26.25
20160719 17:10 26.5
20160719 17:20 26.125
20160719 17:30 26.875
20160719 17:40 25
20160719 17:50 25.125
20160719 18:00 26
20160719 18:10 25.875
20160719 18:20 25.25
20160719 18:30 25.875
20160719 18:40 25.375
20160719 18:50 25.25
20160719 19:00 25
20160719 19:10 24.75
20160719 19:20 24.875
20160719 19:30 24.625
20160719 19:40 24.125
20160719 19:50 24.125
20160719 20:00 23.625
20160719 20:10 23.5
20160719 20:20 23
20160719 20:30 22.625
20160719 20:40 22.375
20160719 20:50 22.25
20160719 21:00 21.75
20160719 21:10 21.125
20160719 21:20 20.75
20160719 21:30 20.375
20160719 21:40 20
20160719 21:50 19.625
20160719 22:00 19.375
20160719 22:10 19.25
20160719 22:20 19
20160719 22:30 18.75
20160719 22:40 18.625
20160719 22:50 18.375
20160719 23:00 18.25
20160719 23:10 17.875
20160719 23:20 17.75
20160719 23:30 17.625
20160719 23:40 17.5
20160719 23:50 17.125
