YYYYMMDD HH:MM measured temperature
20160728 00:00 17.75
20160728 00:10 17.375
20160728 00:20 17.5
20160728 00:30 17.3125
20160728 00:40 17.3125
20160728 00:50 17.375
20160728 01:00 85
20160728 01:10 17.5625
20160728 01:20 17.4375
20160728 01:30 17.5625
20160728 01:40 17.625
20160728 01:50 17.625
20160728 02:00 17.625
20160728 02:10 17.625
20160728 02:20 17.5625
20160728 02:30 17.5625
20160728 02:40 17.5625
20160728 02:50 85
20160728 03:00 17.5
20160728 03:10 17.5
20160728 03:20 17.625
20160728 03:30 85
20160728 03:40 85
20160728 03:50 17.375
20160728 04:00 17.0625
20160728 04:10 85
20160728 04:20 16.625
20160728 04:30 16.5625
20160728 04:40 16.4375
20160728 04:50 16.4375
20160728 05:00 85
20160728 05:10 16.3125
20160728 05:20 16.1875
20160728 05:30 16.125
20160728 05:40 16.0625
20160728 05:50 16
20160728 06:00 16.0625
20160728 06:10 15.875
20160728 06:20 15.625
20160728 06:30 15.625
20160728 06:40 15.625
20160728 06:50 15.75
20160728 07:00 16
20160728 07:10 16.1875
20160728 07:20 16.25
20160728 07:30 16.125
20160728 07:40 16.25
20160728 07:50 85
20160728 08:00 17.125
20160728 08:10 17.375
20160728 08:20 17.5625
20160728 08:30 17.25
20160728 08:40 17.375
20160728 08:50 17.75
20160728 09:00 18
20160728 09:10 18.625
20160728 09:20 19
20160728 09:30 19.375
20160728 09:40 18.375
20160728 09:50 19.75
