YYYYMMDD HH:MM measured temperature
20160319 00:00 5.375
20160319 00:10 5.25
20160319 00:20 5.375
20160319 00:30 5.375
20160319 00:40 5.25
20160319 00:50 5.375
20160319 01:00 5.375
20160319 01:10 5.375
20160319 01:20 5.25
20160319 01:30 5.25
20160319 01:40 5.25
20160319 01:50 5.25
20160319 02:00 5.125
20160319 02:10 5
20160319 02:20 4.875
20160319 02:30 4.75
20160319 02:40 4.625
20160319 02:50 4.625
20160319 03:00 4.5
20160319 03:10 4.5
20160319 03:20 4.5
20160319 03:30 4.625
20160319 03:40 4.75
20160319 03:50 4.625
20160319 04:00 4.625
20160319 04:10 4.5
20160319 04:20 4.375
20160319 04:30 4.25
20160319 04:40 3.75
20160319 04:50 3.5
20160319 05:00 3.125
20160319 05:10 2.75
20160319 05:20 2.5
20160319 05:30 2.25
20160319 05:40 2.125
20160319 05:50 1.75
20160319 06:00 1.75
20160319 06:10 1.75
20160319 06:20 1.875
20160319 06:30 1.375
20160319 06:40 1.625
20160319 06:50 1.125
20160319 07:00 1.125
20160319 07:10 0.75
20160319 07:20 0.875
20160319 07:30 0.75
20160319 07:40 0.375
20160319 07:50 0.5625
20160319 08:00 0.5625
20160319 08:10 0.5
20160319 08:20 0.625
20160319 08:30 1
20160319 08:40 1.75
20160319 08:50 2.5
20160319 09:00 3.125
20160319 09:10 3.625
20160319 09:20 4.5
20160319 09:30 5.25
20160319 09:40 5.75
20160319 09:50 5.75
20160319 10:00 6.375
20160319 10:10 6.125
20160319 10:20 6.9375
20160319 10:30 6.375
20160319 10:40 6.75
20160319 10:50 7
20160319 11:00 6.5
20160319 11:10 6.875
20160319 11:20 7
20160319 11:30 6.75
20160319 11:40 6.875
20160319 11:50 6.75
20160319 12:00 6.8125
20160319 12:10 7
20160319 12:20 6.6875
20160319 12:30 7
20160319 12:40 7.4375
20160319 12:50 7.25
20160319 13:00 7.125
20160319 13:10 7.625
20160319 13:20 7.375
20160319 13:30 7.25
20160319 13:40 7.375
20160319 13:50 7.375
20160319 14:00 7.375
20160319 14:10 8
20160319 14:20 8.4375
20160319 14:30 8
20160319 14:40 7.875
20160319 14:50 7.75
20160319 15:00 7.75
20160319 15:10 7.75
20160319 15:20 8
20160319 15:30 7.4375
20160319 15:40 7.375
20160319 15:50 7.125
20160319 16:00 7.125
20160319 16:10 7
20160319 16:20 7.125
20160319 16:30 7
20160319 16:40 7
20160319 16:50 7
20160319 17:00 7
20160319 17:10 7
20160319 17:20 6.875
20160319 17:30 7
20160319 17:40 6.875
20160319 17:50 6.75
20160319 18:00 6.875
20160319 18:10 6.75
20160319 18:20 6.75
20160319 18:30 6.5
20160319 18:40 6.5
20160319 18:50 6.375
20160319 19:00 6.25
20160319 19:10 6.25
20160319 19:20 6.125
20160319 19:30 6
20160319 19:40 5.875
20160319 19:50 6
20160319 20:00 5.625
20160319 20:10 5.5
20160319 20:20 5.125
20160319 20:30 5.125
20160319 20:40 5.25
20160319 20:50 5.25
20160319 21:00 5.25
20160319 21:10 5.125
20160319 21:20 5.25
20160319 21:30 5.25
20160319 21:40 5.375
20160319 21:50 5.375
20160319 22:00 5.375
20160319 22:10 5.375
20160319 22:20 5.375
20160319 22:30 5.375
20160319 22:40 5.375
20160319 22:50 5.375
20160319 23:00 5.375
20160319 23:10 5.25
20160319 23:20 5.25
20160319 23:30 5.25
20160319 23:40 5.25
20160319 23:50 5.125
