YYYYMMDD HH:MM measured temperature
20160112 00:00 3.8125
20160112 00:10 85
20160112 00:20 3.75
20160112 00:30 3.75
20160112 00:40 3.75
20160112 00:50 3.75
20160112 01:00 3.8125
20160112 01:10 3.6875
20160112 01:20 3.75
20160112 01:30 3.8125
20160112 01:40 3.8125
20160112 01:50 3.8125
20160112 02:00 3.8125
20160112 02:10 3.8125
20160112 02:20 3.8125
20160112 02:30 3.875
20160112 02:40 3.875
20160112 02:50 4
20160112 03:00 3.875
20160112 03:10 3.9375
20160112 03:20 4
20160112 03:30 4.125
20160112 03:40 4.1875
20160112 03:50 85
20160112 04:00 4.375
20160112 04:10 4.25
20160112 04:20 4.25
20160112 04:30 4.25
20160112 04:40 4.25
20160112 04:50 4.25
20160112 05:00 85
20160112 05:10 4.25
20160112 05:20 4.25
20160112 05:30 4.25
20160112 05:40 4.0625
20160112 05:50 85
20160112 06:00 3.625
20160112 06:10 3.75
20160112 06:20 3.8125
20160112 06:30 3.875
20160112 06:40 4
20160112 06:50 4.0625
20160112 07:00 4.125
20160112 07:10 4.1875
20160112 07:20 4.375
20160112 07:30 4.375
20160112 07:40 4.375
20160112 07:50 4.5
20160112 08:00 4.625
20160112 08:10 4.625
20160112 08:20 4.75
20160112 08:30 4.75
20160112 08:40 4.75
20160112 08:50 4.75
20160112 09:00 4.75
20160112 09:10 4.875
20160112 09:20 4.875
20160112 09:30 5
20160112 09:40 5
20160112 09:50 4.875
20160112 10:00 4.875
20160112 10:10 5
20160112 10:20 5
20160112 10:30 5.125
20160112 10:40 5.25
20160112 10:50 5.375
20160112 11:00 5.375
20160112 11:10 5.5
20160112 11:20 5.625
20160112 11:30 5.625
20160112 11:40 5.875
20160112 11:50 6
20160112 12:00 6.375
20160112 12:10 6
20160112 12:20 6.125
20160112 12:30 6.125
20160112 12:40 6.125
20160112 12:50 6.25
20160112 13:00 6.125
20160112 13:10 6.25
20160112 13:20 6.25
20160112 13:30 6.375
20160112 13:40 6
20160112 13:50 6
20160112 14:00 6
20160112 14:10 6
20160112 14:20 6
20160112 14:30 5.875
20160112 14:40 5.75
20160112 14:50 5.75
20160112 15:00 5.75
20160112 15:10 5.75
20160112 15:20 5.625
20160112 15:30 5.75
20160112 15:40 5.625
20160112 15:50 5.5
20160112 16:00 5.5
20160112 16:10 5.375
20160112 16:20 5.375
20160112 16:30 5.125
20160112 16:40 5.125
20160112 16:50 5.125
20160112 17:00 5.125
20160112 17:10 5.125
20160112 17:20 5.25
20160112 17:30 5.25
20160112 17:40 5.125
20160112 17:50 5.25
20160112 18:00 5.125
20160112 18:10 5
20160112 18:20 5.125
20160112 18:30 5.125
20160112 18:40 5.125
20160112 18:50 5
20160112 19:00 5.125
20160112 19:10 5.25
20160112 19:20 5.25
20160112 19:30 5.25
20160112 19:40 5.25
20160112 19:50 5.125
20160112 20:00 5.125
20160112 20:10 5.125
20160112 20:20 5.25
20160112 20:30 5.25
20160112 20:40 5.25
20160112 20:50 5.25
20160112 21:00 5.375
20160112 21:10 5.125
20160112 21:20 5.25
20160112 21:30 5.25
20160112 21:40 4.875
20160112 21:50 4.875
20160112 22:00 4.875
20160112 22:10 5.125
20160112 22:20 5.125
20160112 22:30 5
20160112 22:40 5
20160112 22:50 5
20160112 23:00 5
20160112 23:10 5.125
20160112 23:20 5.125
20160112 23:30 5
20160112 23:40 5.125
20160112 23:50 5.125
