YYYYMMDD HH:MM measured temperature
20160222 00:00 10.6875
20160222 00:10 10.625
20160222 00:20 85
20160222 00:30 10.625
20160222 00:40 85
20160222 00:50 10.5625
20160222 01:00 10.5625
20160222 01:10 10.5625
20160222 01:20 85
20160222 01:30 10.625
20160222 01:40 10.625
20160222 01:50 10.5625
20160222 02:00 10.625
20160222 02:10 10.625
20160222 02:20 10.5
20160222 02:30 10.5
20160222 02:40 10.375
20160222 02:50 10.25
20160222 03:00 9.4375
20160222 03:10 9.125
20160222 03:20 8.625
20160222 03:30 8.5
20160222 03:40 8.4375
20160222 03:50 8.1875
20160222 04:00 8
20160222 04:10 7.875
20160222 04:20 85
20160222 04:30 7.6875
20160222 04:40 85
20160222 04:50 7.375
20160222 05:00 7.25
20160222 05:10 7.125
20160222 05:20 7.125
20160222 05:30 7.0625
20160222 05:40 7.0625
20160222 05:50 7
20160222 06:00 85
20160222 06:10 6.8125
20160222 06:20 6.875
20160222 06:30 6.5625
20160222 06:40 85
20160222 06:50 6.25
20160222 07:00 85
20160222 07:10 6.125
20160222 07:20 6
20160222 07:30 6.0625
20160222 07:40 6
20160222 07:50 6.0625
20160222 08:00 6
20160222 08:10 5.9375
20160222 08:20 5.9375
20160222 08:30 85
20160222 08:40 5.9375
20160222 08:50 5.875
20160222 09:00 5.875
20160222 09:10 85
20160222 09:20 6
20160222 09:30 6
20160222 09:40 5.9375
20160222 09:50 5.8125
20160222 10:00 5.8125
20160222 10:10 5.6875
20160222 10:20 5.5625
20160222 10:30 5.5
20160222 10:40 5.625
20160222 10:50 5.625
20160222 11:00 5.75
20160222 11:10 5.6875
20160222 11:20 5.25
20160222 11:30 5.3125
20160222 11:40 5.375
20160222 11:50 5.4375
20160222 12:00 5.375
20160222 12:10 5.375
20160222 12:20 5.4375
20160222 12:30 5.3125
20160222 12:40 5.375
20160222 12:50 5.4375
20160222 13:00 5.5625
20160222 13:10 5.5625
20160222 13:20 5.875
20160222 13:30 6
20160222 13:40 6.125
20160222 13:50 5.375
20160222 14:00 5.3125
20160222 14:10 5.25
20160222 14:20 5.8125
20160222 14:30 5.875
20160222 14:40 5.875
20160222 14:50 5.8125
20160222 15:00 5.75
20160222 15:10 5.5625
20160222 15:20 5.5
20160222 15:30 5.5
20160222 15:40 5.375
20160222 15:50 5.1875
20160222 16:00 5.125
20160222 16:10 5
20160222 16:20 4.875
20160222 16:30 4.875
20160222 16:40 4.75
20160222 16:50 4.6875
20160222 17:00 4.625
20160222 17:10 4.5
20160222 17:20 4.625
20160222 17:30 4.5
20160222 17:40 4.5
20160222 17:50 4.4375
20160222 18:00 4.375
20160222 18:10 4.625
20160222 18:20 4.625
20160222 18:30 4.625
20160222 18:40 4.625
20160222 18:50 4.75
20160222 19:00 4.75
20160222 19:10 4.8125
20160222 19:20 4.8125
20160222 19:30 4.8125
20160222 19:40 4.875
20160222 19:50 4.8125
20160222 20:00 4.75
20160222 20:10 4.8125
20160222 20:20 4.875
20160222 20:30 4.875
20160222 20:40 4.875
20160222 20:50 4.9375
20160222 21:00 5
20160222 21:10 4.875
20160222 21:20 4.9375
20160222 21:30 4.875
20160222 21:40 4.8125
20160222 21:50 4.75
20160222 22:00 4.5
20160222 22:10 4.375
20160222 22:20 4.5
20160222 22:30 4.5
20160222 22:40 4.375
20160222 22:50 4.375
20160222 23:00 4.375
20160222 23:10 4.375
20160222 23:20 4.25
20160222 23:30 4.0625
20160222 23:40 4.0625
20160222 23:50 3.9375
