YYYYMMDD HH:MM measured temperature
20160122 00:00 -5.875
20160122 00:10 -5.75
20160122 00:20 -5.625
20160122 00:30 -5.625
20160122 00:40 85
20160122 00:50 -5.8125
20160122 01:00 -5.75
20160122 01:10 -6
20160122 01:20 -5.875
20160122 01:30 -5.875
20160122 01:40 -5.6875
20160122 01:50 -5.75
20160122 02:00 85
20160122 02:10 -5.625
20160122 02:20 -5.875
20160122 02:30 -6
20160122 02:40 -5.875
20160122 02:50 -6.125
20160122 03:00 -6.125
20160122 03:10 -6.125
20160122 03:20 -6.125
20160122 03:30 -6.1875
20160122 03:40 85
20160122 03:50 -6.125
20160122 04:00 -6.1875
20160122 04:10 85
20160122 04:20 -6.25
20160122 04:30 -6.125
20160122 04:40 -6.375
20160122 04:50 -6.625
20160122 05:00 -6.9375
20160122 05:10 -7
20160122 05:20 -7.125
20160122 05:30 -7.25
20160122 05:40 -7.375
20160122 05:50 -7.625
20160122 06:00 -7.5625
20160122 06:10 -7.6875
20160122 06:20 -7.75
20160122 06:30 -7.875
20160122 06:40 -7.875
20160122 06:50 -8
20160122 07:00 -8.0625
20160122 07:10 -8.125
20160122 07:20 -8.25
20160122 07:30 -8
20160122 07:40 -8.125
20160122 07:50 -8.125
20160122 08:00 -8.25
20160122 08:10 -8.25
20160122 08:20 -8.25
20160122 08:30 -8.25
20160122 08:40 -8.125
20160122 08:50 -8.125
20160122 09:00 -8
20160122 09:10 -7.875
20160122 09:20 -7.5
20160122 09:30 -7.5
20160122 09:40 -7.3125
20160122 09:50 -6.875
20160122 10:00 -6.625
20160122 10:10 -6.5
20160122 10:20 -6.25
20160122 10:30 -6
20160122 10:40 -5.875
20160122 10:50 -5.375
20160122 11:00 -5
20160122 11:10 -4.9375
20160122 11:20 -4.75
20160122 11:30 -4.375
20160122 11:40 -4
20160122 11:50 -4
20160122 12:00 -3.5
20160122 12:10 -3.4375
20160122 12:20 -2.75
20160122 12:30 -2.75
20160122 12:40 -2.75
20160122 12:50 -2
20160122 13:00 -1.875
20160122 13:10 -1.25
20160122 13:20 -1.25
20160122 13:30 -1.375
20160122 13:40 0.75
20160122 13:50 0.6875
20160122 14:00 -0.125
20160122 14:10 -0.125
20160122 14:20 0.5
20160122 14:30 0.375
20160122 14:40 0.5
20160122 14:50 0.5
20160122 15:00 -0.5
20160122 15:10 -1.125
20160122 15:20 -1.625
20160122 15:30 -1.75
20160122 15:40 -1.625
20160122 15:50 -1.5
20160122 16:00 -1.75
20160122 16:10 -2
20160122 16:20 -2
20160122 16:30 -2.125
20160122 16:40 -2.25
20160122 16:50 -2.5
20160122 17:00 -2.5
20160122 17:10 -2.625
20160122 17:20 -2.75
20160122 17:30 -2.75
20160122 17:40 -3
20160122 17:50 -3
20160122 18:00 -2.875
20160122 18:10 -3
20160122 18:20 -3
20160122 18:30 -3
20160122 18:40 -3
20160122 18:50 -3
20160122 19:00 -3.125
20160122 19:10 -3.125
20160122 19:20 -3.125
20160122 19:30 -3.125
20160122 19:40 -3.25
20160122 19:50 -3.25
20160122 20:00 -3.25
20160122 20:10 -3.25
20160122 20:20 -3.375
20160122 20:30 -3.25
20160122 20:40 -3
20160122 20:50 -2.875
20160122 21:00 -2.75
20160122 21:10 -2.625
20160122 21:20 -2.5
20160122 21:30 -2.375
20160122 21:40 -2.375
20160122 21:50 -2.25
20160122 22:00 -2.25
20160122 22:10 -2.25
20160122 22:20 -2.25
20160122 22:30 -2.125
20160122 22:40 -2
20160122 22:50 -1.875
20160122 23:00 -2
20160122 23:10 -1.875
20160122 23:20 -1.875
20160122 23:30 -1.875
20160122 23:40 -1.75
20160122 23:50 -1.75
