YYYYMMDD HH:MM measured temperature
20160312 00:00 -0.625
20160312 00:10 -0.625
20160312 00:20 -0.8125
20160312 00:30 -0.875
20160312 00:40 -0.9375
20160312 00:50 -1
20160312 01:00 -1
20160312 01:10 -1
20160312 01:20 -1.125
20160312 01:30 -1.125
20160312 01:40 -1.25
20160312 01:50 -1.3125
20160312 02:00 -1.125
20160312 02:10 -1.0625
20160312 02:20 -1.0625
20160312 02:30 -1
20160312 02:40 -1.0625
20160312 02:50 -1.125
20160312 03:00 -1.125
20160312 03:10 -1
20160312 03:20 -0.875
20160312 03:30 -0.375
20160312 03:40 -0.25
20160312 03:50 0
20160312 04:00 0.125
20160312 04:10 0.125
20160312 04:20 0.125
20160312 04:30 0.1875
20160312 04:40 0.25
20160312 04:50 0.25
20160312 05:00 0.5
20160312 05:10 0.5625
20160312 05:20 0.625
20160312 05:30 0.625
20160312 05:40 0.6875
20160312 05:50 0.875
20160312 06:00 0.875
20160312 06:10 0.875
20160312 06:20 0.9375
20160312 06:30 1
20160312 06:40 1.125
20160312 06:50 1.125
20160312 07:00 1.1875
20160312 07:10 1.1875
20160312 07:20 1.375
20160312 07:30 1.375
20160312 07:40 1.625
20160312 07:50 1.75
20160312 08:00 1.875
20160312 08:10 2.0625
20160312 08:20 2.25
20160312 08:30 2.375
20160312 08:40 2.75
20160312 08:50 2.875
20160312 09:00 3.5
20160312 09:10 3.5
20160312 09:20 3.375
20160312 09:30 3.75
20160312 09:40 4.125
20160312 09:50 3.6875
20160312 10:00 3.25
20160312 10:10 3
20160312 10:20 3.5625
20160312 10:30 4.25
20160312 10:40 4.3125
20160312 10:50 5.75
20160312 11:00 4.875
20160312 11:10 5.3125
20160312 11:20 5.25
20160312 11:30 4.375
20160312 11:40 4.625
20160312 11:50 6.9375
20160312 12:00 7.6875
20160312 12:10 5.9375
20160312 12:20 5.75
20160312 12:30 5.5
20160312 12:40 5.25
20160312 12:50 5.25
20160312 13:00 7.75
20160312 13:10 7.8125
20160312 13:20 7.375
20160312 13:30 7.25
20160312 13:40 6.25
20160312 13:50 6.4375
20160312 14:00 6.875
20160312 14:10 6.875
20160312 14:20 6.5625
20160312 14:30 6.375
20160312 14:40 7
20160312 14:50 6.75
20160312 15:00 6.75
20160312 15:10 6.25
20160312 15:20 5.875
20160312 15:30 7.125
20160312 15:40 6.875
20160312 15:50 6.625
20160312 16:00 6.25
20160312 16:10 5.875
20160312 16:20 5.875
20160312 16:30 5.5
20160312 16:40 4.875
20160312 16:50 5.25
20160312 17:00 5.125
20160312 17:10 5
20160312 17:20 4.625
20160312 17:30 4.5
20160312 17:40 4.125
20160312 17:50 3.875
20160312 18:00 3.625
20160312 18:10 3.5
20160312 18:20 3.75
20160312 18:30 3.625
20160312 18:40 3
20160312 18:50 2.625
20160312 19:00 2.5
20160312 19:10 2.25
20160312 19:20 2
20160312 19:30 1.75
20160312 19:40 1.75
20160312 19:50 1.75
20160312 20:00 1.5
20160312 20:10 1.75
20160312 20:20 2
20160312 20:30 2.25
20160312 20:40 2.375
20160312 20:50 2.125
20160312 21:00 1.625
20160312 21:10 1.375
20160312 21:20 1.25
20160312 21:30 1
20160312 21:40 0.875
20160312 21:50 0.875
20160312 22:00 0.875
20160312 22:10 0.875
20160312 22:20 0.625
20160312 22:30 0.625
20160312 22:40 0.625
20160312 22:50 0.625
20160312 23:00 0.625
20160312 23:10 0.625
20160312 23:20 0.625
20160312 23:30 0.625
20160312 23:40 0.5
20160312 23:50 0.625
