YYYYMMDD HH:MM measured temperature
20160208 00:00 6.25
20160208 00:10 6
20160208 00:20 6.375
20160208 00:30 6.25
20160208 00:40 6.125
20160208 00:50 6
20160208 01:00 5.875
20160208 01:10 5.75
20160208 01:20 6
20160208 01:30 5.75
20160208 01:40 5.75
20160208 01:50 5.625
20160208 02:00 5.625
20160208 02:10 5.875
20160208 02:20 5.625
20160208 02:30 5.625
20160208 02:40 5.75
20160208 02:50 5.75
20160208 03:00 5.75
20160208 03:10 5.75
20160208 03:20 5.875
20160208 03:30 6
20160208 03:40 6.25
20160208 03:50 6.25
20160208 04:00 6.5
20160208 04:10 6.125
20160208 04:20 6
20160208 04:30 6
20160208 04:40 6
20160208 04:50 6
20160208 05:00 6.25
20160208 05:10 6.375
20160208 05:20 6.375
20160208 05:30 6.5
20160208 05:40 6.625
20160208 05:50 6.75
20160208 06:00 6.875
20160208 06:10 6.875
20160208 06:20 7
20160208 06:30 7.125
20160208 06:40 7.375
20160208 06:50 7.125
20160208 07:00 6.625
20160208 07:10 6.5
20160208 07:20 6.375
20160208 07:30 6.5
20160208 07:40 6.5
20160208 07:50 6.625
20160208 08:00 6.625
20160208 08:10 6.625
20160208 08:20 7
20160208 08:30 6.625
20160208 08:40 7
20160208 08:50 6.875
20160208 09:00 7
20160208 09:10 7
20160208 09:20 7.125
20160208 09:30 7.0625
20160208 09:40 7.5
20160208 09:50 7.5
20160208 10:00 7.625
20160208 10:10 7.625
20160208 10:20 7.75
20160208 10:30 8
20160208 10:40 8
20160208 10:50 8.125
20160208 11:00 8.375
20160208 11:10 8.375
20160208 11:20 8.4375
20160208 11:30 8.75
20160208 11:40 8.875
20160208 11:50 9
20160208 12:00 9.25
20160208 12:10 9.5
20160208 12:20 9.375
20160208 12:30 9.5
20160208 12:40 9.25
20160208 12:50 9
20160208 13:00 8.75
20160208 13:10 8.5
20160208 13:20 9.1875
20160208 13:30 9.0625
20160208 13:40 9.125
20160208 13:50 8.5625
20160208 14:00 9.25
20160208 14:10 9.625
20160208 14:20 8.75
20160208 14:30 8.5
20160208 14:40 8.5
20160208 14:50 9.625
20160208 15:00 9.125
20160208 15:10 8.625
20160208 15:20 8.5
20160208 15:30 10.375
20160208 15:40 9.875
20160208 15:50 9.25
20160208 16:00 8.625
20160208 16:10 8.375
20160208 16:20 8
20160208 16:30 8.25
20160208 16:40 8.125
20160208 16:50 7.875
20160208 17:00 7.5
20160208 17:10 7.625
20160208 17:20 7.625
20160208 17:30 7.75
20160208 17:40 7.875
20160208 17:50 7.75
20160208 18:00 8
20160208 18:10 7.875
20160208 18:20 7.875
20160208 18:30 7.875
20160208 18:40 7.875
20160208 18:50 7.875
20160208 19:00 7.625
20160208 19:10 7.875
20160208 19:20 7.75
20160208 19:30 7.625
20160208 19:40 7.75
20160208 19:50 7.75
20160208 20:00 7.875
20160208 20:10 7.75
20160208 20:20 7.75
20160208 20:30 7.125
20160208 20:40 6.75
20160208 20:50 6.75
20160208 21:00 6.75
20160208 21:10 6.75
20160208 21:20 6.75
20160208 21:30 6.625
20160208 21:40 6.5
20160208 21:50 6.5
20160208 22:00 6.625
20160208 22:10 6.75
20160208 22:20 6.75
20160208 22:30 6.8125
20160208 22:40 7
20160208 22:50 7
20160208 23:00 7.125
20160208 23:10 6.625
20160208 23:20 6.5
20160208 23:30 6.75
20160208 23:40 6.5
20160208 23:50 6.0625
