YYYYMMDD HH:MM measured temperature
20160615 00:00 14.25
20160615 00:10 14.25
20160615 00:20 14.125
20160615 00:30 14
20160615 00:40 14
20160615 00:50 13.875
20160615 01:00 13.75
20160615 01:10 13.6875
20160615 01:20 13.625
20160615 01:30 13.5
20160615 01:40 13.25
20160615 01:50 12.875
20160615 02:00 12.75
20160615 02:10 12.625
20160615 02:20 12.875
20160615 02:30 12.875
20160615 02:40 12.375
20160615 02:50 12.25
20160615 03:00 12.125
20160615 03:10 11.875
20160615 03:20 12
20160615 03:30 11.875
20160615 03:40 11.75
20160615 03:50 11.6875
20160615 04:00 11.625
20160615 04:10 11.5
20160615 04:20 11.4375
20160615 04:30 11.875
20160615 04:40 11.875
20160615 04:50 11.875
20160615 05:00 11.875
20160615 05:10 12.0625
20160615 05:20 12.25
20160615 05:30 12.375
20160615 05:40 12.5625
20160615 05:50 12.5625
20160615 06:00 12.625
20160615 06:10 12.75
20160615 06:20 12.6875
20160615 06:30 12.8125
20160615 06:40 13
20160615 06:50 13.125
20160615 07:00 13.375
20160615 07:10 13.625
20160615 07:20 13.8125
20160615 07:30 13.9375
20160615 07:40 14.25
20160615 07:50 14.1875
20160615 08:00 14.5625
20160615 08:10 15.125
20160615 08:20 15.75
20160615 08:30 15.75
20160615 08:40 16.4375
20160615 08:50 16.5625
20160615 09:00 16.625
20160615 09:10 16.5
20160615 09:20 16.875
20160615 09:30 17
20160615 09:40 17.3125
20160615 09:50 18
20160615 10:00 17.9375
20160615 10:10 17.75
20160615 10:20 18.125
20160615 10:30 18.5625
20160615 10:40 19.125
20160615 10:50 18.875
20160615 11:00 19.3125
20160615 11:10 18.8125
20160615 11:20 18.75
20160615 11:30 19.375
20160615 11:40 18.75
20160615 11:50 18.25
20160615 12:00 18.375
20160615 12:10 18.5
20160615 12:20 18.1875
20160615 12:30 17.25
20160615 12:40 17.625
20160615 12:50 18.3125
20160615 13:00 19.0625
20160615 13:10 18.875
20160615 13:20 18.8125
20160615 13:30 18.4375
20160615 13:40 20.625
20160615 13:50 21.25
20160615 14:00 21.75
20160615 14:10 22.25
20160615 14:20 21.1875
20160615 14:30 22.875
20160615 14:40 22
20160615 14:50 22.25
20160615 15:00 21.9375
20160615 15:10 23
20160615 15:20 21.125
20160615 15:30 20.375
20160615 15:40 20.625
20160615 15:50 20.625
20160615 16:00 21.375
20160615 16:10 21.25
20160615 16:20 20.875
20160615 16:30 20.875
20160615 16:40 20.875
20160615 16:50 18.4375
20160615 17:00 18.625
20160615 17:10 18.75
20160615 17:20 18.75
20160615 17:30 19
20160615 17:40 18.9375
20160615 17:50 18.4375
20160615 18:00 18.25
20160615 18:10 18.375
20160615 18:20 18.125
20160615 18:30 18.0625
20160615 18:40 17.9375
20160615 18:50 18
20160615 19:00 18
20160615 19:10 17.125
20160615 19:20 17
20160615 19:30 16.875
20160615 19:40 16.625
20160615 19:50 16.9375
20160615 20:00 17.5
20160615 20:10 17.875
20160615 20:20 18
20160615 20:30 17.625
20160615 20:40 17.5
20160615 20:50 16.875
20160615 21:00 16.875
20160615 21:10 16.625
20160615 21:20 16.1875
20160615 21:30 16.125
20160615 21:40 15.75
20160615 21:50 15.5
20160615 22:00 15.3125
20160615 22:10 15.3125
20160615 22:20 15.1875
20160615 22:30 15.125
20160615 22:40 85
20160615 22:50 14.75
20160615 23:00 14.5
20160615 23:10 14.25
20160615 23:20 14.25
20160615 23:30 14.25
20160615 23:40 14.3125
20160615 23:50 14.375
