YYYYMMDD HH:MM measured temperature
20160118 00:00 -6.625
20160118 00:10 -7
20160118 00:20 -6.875
20160118 00:30 -6.875
20160118 00:40 -6.875
20160118 00:50 -7
20160118 01:00 -6.5
20160118 01:10 -6.5
20160118 01:20 -6.875
20160118 01:30 -6.875
20160118 01:40 -6.625
20160118 01:50 -7.0625
20160118 02:00 -7.25
20160118 02:10 -7.375
20160118 02:20 -7.125
20160118 02:30 -6.8125
20160118 02:40 -6.5625
20160118 02:50 -7.125
20160118 03:00 -7.25
20160118 03:10 -7.125
20160118 03:20 -6.9375
20160118 03:30 -7.125
20160118 03:40 -7.25
20160118 03:50 -7
20160118 04:00 -7.375
20160118 04:10 -7.25
20160118 04:20 -7.375
20160118 04:30 -6.875
20160118 04:40 -6.625
20160118 04:50 -6.375
20160118 05:00 -6.125
20160118 05:10 -6.125
20160118 05:20 -6.25
20160118 05:30 -6.375
20160118 05:40 -6.5
20160118 05:50 -6.625
20160118 06:00 -6.75
20160118 06:10 -6.625
20160118 06:20 -6.5
20160118 06:30 -6.25
20160118 06:40 -6.25
20160118 06:50 -6.1875
20160118 07:00 -6.125
20160118 07:10 -6.125
20160118 07:20 -6.125
20160118 07:30 -6.375
20160118 07:40 -6.4375
20160118 07:50 -6.5625
20160118 08:00 -6.8125
20160118 08:10 -7.25
20160118 08:20 -7
20160118 08:30 -6.5
20160118 08:40 -6
20160118 08:50 -5.75
20160118 09:00 -5.5
20160118 09:10 -5.25
20160118 09:20 -5.125
20160118 09:30 -5
20160118 09:40 -4.75
20160118 09:50 -4.625
20160118 10:00 -4.25
20160118 10:10 -4
20160118 10:20 -3.875
20160118 10:30 -3.625
20160118 10:40 -3.5
20160118 10:50 -3.25
20160118 11:00 -3.25
20160118 11:10 -3
20160118 11:20 -3
20160118 11:30 -3.125
20160118 11:40 -2.875
20160118 11:50 -2.75
20160118 12:00 -2.875
20160118 12:10 -2.75
20160118 12:20 -2.625
20160118 12:30 -2.75
20160118 12:40 -2.5
20160118 12:50 -2.5
20160118 13:00 -2.25
20160118 13:10 -2
20160118 13:20 -2.25
20160118 13:30 -2
20160118 13:40 -1.75
20160118 13:50 -1.625
20160118 14:00 -1.125
20160118 14:10 0.375
20160118 14:20 -0.5
20160118 14:30 -0.75
20160118 14:40 -1.25
20160118 14:50 -1.25
20160118 15:00 -1.625
20160118 15:10 -1.875
20160118 15:20 -1.875
20160118 15:30 -2
20160118 15:40 -2.125
20160118 15:50 -2.25
20160118 16:00 -2.5
20160118 16:10 -2.875
20160118 16:20 -3.25
20160118 16:30 -3.1875
20160118 16:40 -3.5
20160118 16:50 -3.875
20160118 17:00 -4
20160118 17:10 -4.125
20160118 17:20 -4.5
20160118 17:30 -4.5
20160118 17:40 -4.375
20160118 17:50 -4.5
20160118 18:00 -4.5
20160118 18:10 -4.75
20160118 18:20 -4.9375
20160118 18:30 -4.875
20160118 18:40 -5.5
20160118 18:50 -5.375
20160118 19:00 -5.1875
20160118 19:10 -5
20160118 19:20 -4.75
20160118 19:30 -4.875
20160118 19:40 -5
20160118 19:50 -5.125
20160118 20:00 -5.1875
20160118 20:10 -5.25
20160118 20:20 -5.125
20160118 20:30 -5.0625
20160118 20:40 -5.125
20160118 20:50 -5.375
20160118 21:00 -5.5
20160118 21:10 85
20160118 21:20 -5.625
20160118 21:30 -5.875
20160118 21:40 -5.75
20160118 21:50 -5.9375
20160118 22:00 -6.375
20160118 22:10 -6.625
20160118 22:20 85
20160118 22:30 -6.4375
20160118 22:40 -6.9375
20160118 22:50 -7
20160118 23:00 -6.875
20160118 23:10 -6.75
20160118 23:20 -6.9375
20160118 23:30 -7.25
20160118 23:40 -7.5625
20160118 23:50 85
