YYYYMMDD HH:MM measured temperature
20160507 00:00 13.875
20160507 00:10 13.75
20160507 00:20 13.625
20160507 00:30 13.5
20160507 00:40 13.375
20160507 00:50 13.25
20160507 01:00 13
20160507 01:10 12.875
20160507 01:20 12.625
20160507 01:30 12.5
20160507 01:40 12.375
20160507 01:50 12.375
20160507 02:00 12.375
20160507 02:10 12.375
20160507 02:20 12.25
20160507 02:30 12.25
20160507 02:40 12.25
20160507 02:50 12
20160507 03:00 12
20160507 03:10 11.875
20160507 03:20 11.75
20160507 03:30 11.75
20160507 03:40 11.625
20160507 03:50 11.5
20160507 04:00 11.5
20160507 04:10 11.375
20160507 04:20 11.5
20160507 04:30 11.375
20160507 04:40 11.375
20160507 04:50 11.25
20160507 05:00 11.125
20160507 05:10 11
20160507 05:20 11.125
20160507 05:30 11
20160507 05:40 10.875
20160507 05:50 10.75
20160507 06:00 10.625
20160507 06:10 10.875
20160507 06:20 11
20160507 06:30 11.125
20160507 06:40 11.5
20160507 06:50 11.75
20160507 07:00 12
20160507 07:10 12.25
20160507 07:20 12.5
20160507 07:30 13
20160507 07:40 13.375
20160507 07:50 13.875
20160507 08:00 14.125
20160507 08:10 14.75
20160507 08:20 15.625
20160507 08:30 16.5
20160507 08:40 17.25
20160507 08:50 18.125
20160507 09:00 18.75
20160507 09:10 19.5
20160507 09:20 20
20160507 09:30 20.5
20160507 09:40 21.125
20160507 09:50 21.125
20160507 10:00 21.75
20160507 10:10 22.25
20160507 10:20 22.625
20160507 10:30 23.375
20160507 10:40 23.375
20160507 10:50 23.5
20160507 11:00 24.125
20160507 11:10 24.5
20160507 11:20 25
20160507 11:30 25.25
20160507 11:40 24.875
20160507 11:50 25
20160507 12:00 25.25
20160507 12:10 24.5
20160507 12:20 25
20160507 12:30 25.625
20160507 12:40 25.375
20160507 12:50 25.625
20160507 13:00 26
20160507 13:10 25.75
20160507 13:20 25.875
20160507 13:30 25.625
20160507 13:40 26.125
20160507 13:50 26.25
20160507 14:00 26.375
20160507 14:10 26.5
20160507 14:20 26
20160507 14:30 26.875
20160507 14:40 26.75
20160507 14:50 26
20160507 15:00 26.375
20160507 15:10 26.25
20160507 15:20 26.125
20160507 15:30 25.875
20160507 15:40 26
20160507 15:50 26.25
20160507 16:00 26.25
20160507 16:10 25.875
20160507 16:20 25.75
20160507 16:30 25.5
20160507 16:40 25.5
20160507 16:50 25.5
20160507 17:00 25.375
20160507 17:10 25.5
20160507 17:20 25
20160507 17:30 25
20160507 17:40 25
20160507 17:50 24.625
20160507 18:00 24.5
20160507 18:10 24.5
20160507 18:20 24.25
20160507 18:30 24.25
20160507 18:40 24.125
20160507 18:50 23.75
20160507 19:00 23.5
20160507 19:10 23.375
20160507 19:20 23.125
20160507 19:30 23
20160507 19:40 22.625
20160507 19:50 22
20160507 20:00 21.25
20160507 20:10 20.875
20160507 20:20 20.375
20160507 20:30 20
20160507 20:40 19.375
20160507 20:50 18.875
20160507 21:00 18.5
20160507 21:10 18.25
20160507 21:20 18
20160507 21:30 17.875
20160507 21:40 17.5
20160507 21:50 17.5
20160507 22:00 17.125
20160507 22:10 16.875
20160507 22:20 16.875
20160507 22:30 16.75
20160507 22:40 16.5
20160507 22:50 16.5
20160507 23:00 16.25
20160507 23:10 16.125
20160507 23:20 16
20160507 23:30 15.875
20160507 23:40 16
20160507 23:50 16.125
