YYYYMMDD HH:MM measured temperature
20160618 00:00 13.8125
20160618 00:10 13.75
20160618 00:20 13.125
20160618 00:30 13
20160618 00:40 12.75
20160618 00:50 12.625
20160618 01:00 12.5
20160618 01:10 12.25
20160618 01:20 12.25
20160618 01:30 12.4375
20160618 01:40 12.125
20160618 01:50 12
20160618 02:00 12.125
20160618 02:10 11.875
20160618 02:20 12
20160618 02:30 11.6875
20160618 02:40 11.5
20160618 02:50 11.5
20160618 03:00 85
20160618 03:10 11.25
20160618 03:20 11.125
20160618 03:30 11
20160618 03:40 11.0625
20160618 03:50 10.9375
20160618 04:00 10.9375
20160618 04:10 10.75
20160618 04:20 10.875
20160618 04:30 10.625
20160618 04:40 10.75
20160618 04:50 10.75
20160618 05:00 10.625
20160618 05:10 10.625
20160618 05:20 10.4375
20160618 05:30 10.75
20160618 05:40 11
20160618 05:50 11
20160618 06:00 11.4375
20160618 06:10 11.875
20160618 06:20 12.375
20160618 06:30 12.375
20160618 06:40 12.5
20160618 06:50 12.625
20160618 07:00 13.25
20160618 07:10 13.0625
20160618 07:20 13.375
20160618 07:30 13.5625
20160618 07:40 13.8125
20160618 07:50 14.125
20160618 08:00 14.375
20160618 08:10 14.625
20160618 08:20 14.6875
20160618 08:30 14.75
20160618 08:40 85
20160618 08:50 15.375
20160618 09:00 15.1875
20160618 09:10 15.5
20160618 09:20 85
20160618 09:30 15.5
20160618 09:40 15.375
20160618 09:50 15.5
20160618 10:00 15.875
20160618 10:10 16.125
20160618 10:20 16.5
20160618 10:30 17
20160618 10:40 16.625
20160618 10:50 16.625
20160618 11:00 16.3125
20160618 11:10 16.875
20160618 11:20 17.75
20160618 11:30 18.75
20160618 11:40 18.0625
20160618 11:50 17.625
20160618 12:00 19.875
20160618 12:10 17.5
20160618 12:20 17.8125
20160618 12:30 17.8125
20160618 12:40 18.5625
20160618 12:50 19.5
20160618 13:00 18
20160618 13:10 19.875
20160618 13:20 21.125
20160618 13:30 20.625
20160618 13:40 19.875
20160618 13:50 20
20160618 14:00 18.625
20160618 14:10 20.5
20160618 14:20 19.5
20160618 14:30 18.9375
20160618 14:40 20.625
20160618 14:50 21.375
20160618 15:00 20.125
20160618 15:10 21
20160618 15:20 20.375
20160618 15:30 19.375
20160618 15:40 18.75
20160618 15:50 19.5
20160618 16:00 19
20160618 16:10 18.875
20160618 16:20 19.25
20160618 16:30 19.125
20160618 16:40 19
20160618 16:50 19
20160618 17:00 19.75
20160618 17:10 19.5625
20160618 17:20 19.4375
20160618 17:30 20.0625
20160618 17:40 20
20160618 17:50 19.25
20160618 18:00 19
20160618 18:10 18.75
20160618 18:20 18.625
20160618 18:30 18.25
20160618 18:40 18.25
20160618 18:50 18.125
20160618 19:00 18
20160618 19:10 17.3125
20160618 19:20 16.5
20160618 19:30 15.625
20160618 19:40 15.25
20160618 19:50 15.25
20160618 20:00 85
20160618 20:10 15.0625
20160618 20:20 15.5
20160618 20:30 15.625
20160618 20:40 15.625
20160618 20:50 85
20160618 21:00 15.75
20160618 21:10 15.5
20160618 21:20 15.5
20160618 21:30 15.25
20160618 21:40 15.25
20160618 21:50 15.25
20160618 22:00 15.0625
20160618 22:10 14.875
20160618 22:20 14.75
20160618 22:30 14.75
20160618 22:40 14.75
20160618 22:50 14.75
20160618 23:00 14.5
20160618 23:10 14.375
20160618 23:20 14.5625
20160618 23:30 14.5
20160618 23:40 14.3125
20160618 23:50 14.3125
