YYYYMMDD HH:MM measured temperature
20160529 00:00 15.125
20160529 00:10 15.125
20160529 00:20 15.0625
20160529 00:30 15
20160529 00:40 14.875
20160529 00:50 14.75
20160529 01:00 14.5
20160529 01:10 14.5
20160529 01:20 14.375
20160529 01:30 14.375
20160529 01:40 14.1875
20160529 01:50 14.125
20160529 02:00 13.875
20160529 02:10 13.6875
20160529 02:20 13.75
20160529 02:30 13.5625
20160529 02:40 13.5
20160529 02:50 13.375
20160529 03:00 85
20160529 03:10 13.1875
20160529 03:20 13.0625
20160529 03:30 13.0625
20160529 03:40 13
20160529 03:50 12.875
20160529 04:00 12.8125
20160529 04:10 12.75
20160529 04:20 12.625
20160529 04:30 12.625
20160529 04:40 12.5
20160529 04:50 12.625
20160529 05:00 12.875
20160529 05:10 12.875
20160529 05:20 85
20160529 05:30 85
20160529 05:40 13.125
20160529 05:50 13.125
20160529 06:00 13.25
20160529 06:10 13.25
20160529 06:20 13.1875
20160529 06:30 13.3125
20160529 06:40 13.5
20160529 06:50 13.5625
20160529 07:00 13.5625
20160529 07:10 13.625
20160529 07:20 13.75
20160529 07:30 13.9375
20160529 07:40 13.9375
20160529 07:50 13.75
20160529 08:00 13.6875
20160529 08:10 13.8125
20160529 08:20 13.75
20160529 08:30 13.6875
20160529 08:40 13.6875
20160529 08:50 13.75
20160529 09:00 13.75
20160529 09:10 13.875
20160529 09:20 14.0625
20160529 09:30 13.625
20160529 09:40 13.875
20160529 09:50 13.875
20160529 10:00 14
20160529 10:10 14
20160529 10:20 14
20160529 10:30 14.125
20160529 10:40 14.25
20160529 10:50 14.125
20160529 11:00 14.375
20160529 11:10 14.375
20160529 11:20 14.375
20160529 11:30 14.625
20160529 11:40 14.75
20160529 11:50 14.625
20160529 12:00 14.8125
20160529 12:10 14.75
20160529 12:20 15
20160529 12:30 15
20160529 12:40 15.0625
20160529 12:50 14.75
20160529 13:00 14.875
20160529 13:10 14.875
20160529 13:20 14.75
20160529 13:30 14.875
20160529 13:40 14.75
20160529 13:50 14.6875
20160529 14:00 14.625
20160529 14:10 14.75
20160529 14:20 14.875
20160529 14:30 15.125
20160529 14:40 15.25
20160529 14:50 15.9375
20160529 15:00 16.8125
20160529 15:10 17.375
20160529 15:20 17
20160529 15:30 17.25
20160529 15:40 17.0625
20160529 15:50 16.9375
20160529 16:00 16.75
20160529 16:10 16.875
20160529 16:20 16.875
20160529 16:30 17.375
20160529 16:40 17.5625
20160529 16:50 17.5
20160529 17:00 17.8125
20160529 17:10 18.5625
20160529 17:20 18.875
20160529 17:30 18.1875
20160529 17:40 18.3125
20160529 17:50 19.125
20160529 18:00 18.5625
20160529 18:10 18.5
20160529 18:20 18.5
20160529 18:30 18.4375
20160529 18:40 18.1875
20160529 18:50 18.1875
20160529 19:00 18.25
20160529 19:10 18.25
20160529 19:20 18.3125
20160529 19:30 18.375
20160529 19:40 18.5
20160529 19:50 18.4375
20160529 20:00 18.25
20160529 20:10 18.1875
20160529 20:20 18.1875
20160529 20:30 18
20160529 20:40 17.875
20160529 20:50 17.8125
20160529 21:00 17.75
20160529 21:10 17.6875
20160529 21:20 17.625
20160529 21:30 17.375
20160529 21:40 17.3125
20160529 21:50 17.1875
20160529 22:00 17.125
20160529 22:10 16.9375
20160529 22:20 16.75
20160529 22:30 16.5
20160529 22:40 16.375
20160529 22:50 16.375
20160529 23:00 16.5
20160529 23:10 16.25
20160529 23:20 16
20160529 23:30 15.75
20160529 23:40 15.75
20160529 23:50 15.5625
