YYYYMMDD HH:MM measured temperature
20160116 00:00 1
20160116 00:10 1
20160116 00:20 1
20160116 00:30 1
20160116 00:40 1
20160116 00:50 1
20160116 01:00 0.875
20160116 01:10 0.875
20160116 01:20 0.875
20160116 01:30 0.8125
20160116 01:40 0.875
20160116 01:50 0.8125
20160116 02:00 0.75
20160116 02:10 0.75
20160116 02:20 0.75
20160116 02:30 0.75
20160116 02:40 0.75
20160116 02:50 0.5
20160116 03:00 0.125
20160116 03:10 0
20160116 03:20 -0.4375
20160116 03:30 -0.5
20160116 03:40 -0.75
20160116 03:50 -1.0625
20160116 04:00 -1.0625
20160116 04:10 -1.125
20160116 04:20 -1.1875
20160116 04:30 -0.9375
20160116 04:40 -0.75
20160116 04:50 -0.625
20160116 05:00 -0.5
20160116 05:10 -0.4375
20160116 05:20 -0.5625
20160116 05:30 85
20160116 05:40 85
20160116 05:50 -0.3125
20160116 06:00 -0.25
20160116 06:10 -0.25
20160116 06:20 -0.125
20160116 06:30 -0.25
20160116 06:40 -0.1875
20160116 06:50 -0.125
20160116 07:00 -0.125
20160116 07:10 -0.0625
20160116 07:20 0
20160116 07:30 0.0625
20160116 07:40 0.0625
20160116 07:50 0.125
20160116 08:00 0
20160116 08:10 0.125
20160116 08:20 0.125
20160116 08:30 0.125
20160116 08:40 0.125
20160116 08:50 0.25
20160116 09:00 0.25
20160116 09:10 0.125
20160116 09:20 0.25
20160116 09:30 0.25
20160116 09:40 0.25
20160116 09:50 0.5
20160116 10:00 0.625
20160116 10:10 0.75
20160116 10:20 0.75
20160116 10:30 0.75
20160116 10:40 0.875
20160116 10:50 1
20160116 11:00 1
20160116 11:10 1
20160116 11:20 0.875
20160116 11:30 1.125
20160116 11:40 1.125
20160116 11:50 1.25
20160116 12:00 1.5
20160116 12:10 1.625
20160116 12:20 1.5
20160116 12:30 1.625
20160116 12:40 1.375
20160116 12:50 1.5
20160116 13:00 1.625
20160116 13:10 1.625
20160116 13:20 1.625
20160116 13:30 1.625
20160116 13:40 1.625
20160116 13:50 1.75
20160116 14:00 1.625
20160116 14:10 1.75
20160116 14:20 1.75
20160116 14:30 1.5
20160116 14:40 1.375
20160116 14:50 1.375
20160116 15:00 1.375
20160116 15:10 1.375
20160116 15:20 1.25
20160116 15:30 1.375
20160116 15:40 1.25
20160116 15:50 1.125
20160116 16:00 1.125
20160116 16:10 1.125
20160116 16:20 1
20160116 16:30 1
20160116 16:40 0.875
20160116 16:50 0.75
20160116 17:00 0.5
20160116 17:10 0.25
20160116 17:20 85
20160116 17:30 0
20160116 17:40 -0.125
20160116 17:50 -0.1875
20160116 18:00 -0.0625
20160116 18:10 -0.0625
20160116 18:20 85
20160116 18:30 -1
20160116 18:40 -1.375
20160116 18:50 -1.4375
20160116 19:00 -1.8125
20160116 19:10 85
20160116 19:20 85
20160116 19:30 85
20160116 19:40 -1.3125
20160116 19:50 85
20160116 20:00 -1.625
20160116 20:10 85
20160116 20:20 -1.9375
20160116 20:30 85
20160116 20:40 -1.5
20160116 20:50 85
20160116 21:00 -2.125
20160116 21:10 -2.1875
20160116 21:20 -2.5625
20160116 21:30 -2.75
20160116 21:40 -2.25
20160116 21:50 85
20160116 22:00 -1.5
20160116 22:10 -1.25
20160116 22:20 -1.125
20160116 22:30 -0.9375
20160116 22:40 -0.8125
20160116 22:50 -0.75
20160116 23:00 -0.75
20160116 23:10 85
20160116 23:20 -0.625
20160116 23:30 -0.5
20160116 23:40 -0.625
20160116 23:50 -0.5
