YYYYMMDD HH:MM measured temperature
20160205 00:00 1
20160205 00:10 0.875
20160205 00:20 0.75
20160205 00:30 0.875
20160205 00:40 0.875
20160205 00:50 0.75
20160205 01:00 0.625
20160205 01:10 0.5
20160205 01:20 0.625
20160205 01:30 0.25
20160205 01:40 0.125
20160205 01:50 0.25
20160205 02:00 0.125
20160205 02:10 0.25
20160205 02:20 0.25
20160205 02:30 0.25
20160205 02:40 0.25
20160205 02:50 0.125
20160205 03:00 0.125
20160205 03:10 0.5
20160205 03:20 0.75
20160205 03:30 1.125
20160205 03:40 1
20160205 03:50 0.875
20160205 04:00 0.875
20160205 04:10 1
20160205 04:20 1.125
20160205 04:30 1.25
20160205 04:40 1.25
20160205 04:50 1.25
20160205 05:00 1.375
20160205 05:10 1.25
20160205 05:20 1.375
20160205 05:30 1.25
20160205 05:40 1.375
20160205 05:50 1.375
20160205 06:00 1.625
20160205 06:10 1.625
20160205 06:20 1.75
20160205 06:30 1.75
20160205 06:40 2
20160205 06:50 2
20160205 07:00 2.125
20160205 07:10 2.125
20160205 07:20 2.125
20160205 07:30 2.125
20160205 07:40 2.25
20160205 07:50 2.375
20160205 08:00 2.375
20160205 08:10 2.5
20160205 08:20 2.75
20160205 08:30 2.875
20160205 08:40 3
20160205 08:50 3
20160205 09:00 3.125
20160205 09:10 3.25
20160205 09:20 3.375
20160205 09:30 3.375
20160205 09:40 3.5
20160205 09:50 3.5
20160205 10:00 3.5
20160205 10:10 3.5
20160205 10:20 3.5
20160205 10:30 3.625
20160205 10:40 3.625
20160205 10:50 3.75
20160205 11:00 3.8125
20160205 11:10 3.875
20160205 11:20 3.875
20160205 11:30 3.9375
20160205 11:40 4
20160205 11:50 4.125
20160205 12:00 4.125
20160205 12:10 4.125
20160205 12:20 4.25
20160205 12:30 4.25
20160205 12:40 4.3125
20160205 12:50 4.375
20160205 13:00 4.5
20160205 13:10 85
20160205 13:20 4.75
20160205 13:30 4.75
20160205 13:40 4.875
20160205 13:50 5
20160205 14:00 5.25
20160205 14:10 5.375
20160205 14:20 5.5
20160205 14:30 5.625
20160205 14:40 5.75
20160205 14:50 5.875
20160205 15:00 6.125
20160205 15:10 6.25
20160205 15:20 6.5
20160205 15:30 6.625
20160205 15:40 6.75
20160205 15:50 6.875
20160205 16:00 7
20160205 16:10 7
20160205 16:20 7
20160205 16:30 7.125
20160205 16:40 7.25
20160205 16:50 7.25
20160205 17:00 7.25
20160205 17:10 7.375
20160205 17:20 7.25
20160205 17:30 7.375
20160205 17:40 7.25
20160205 17:50 7.25
20160205 18:00 7.125
20160205 18:10 7
20160205 18:20 7
20160205 18:30 7.125
20160205 18:40 7.25
20160205 18:50 7.25
20160205 19:00 7.375
20160205 19:10 7.375
20160205 19:20 7.375
20160205 19:30 7.25
20160205 19:40 7.625
20160205 19:50 7.5
20160205 20:00 7.5
20160205 20:10 7.5
20160205 20:20 7.625
20160205 20:30 7.625
20160205 20:40 7.75
20160205 20:50 7.75
20160205 21:00 7.875
20160205 21:10 7.875
20160205 21:20 7.875
20160205 21:30 7.875
20160205 21:40 7.875
20160205 21:50 8
20160205 22:00 8
20160205 22:10 8
20160205 22:20 8
20160205 22:30 8
20160205 22:40 7.875
20160205 22:50 7.875
20160205 23:00 7.875
20160205 23:10 7.875
20160205 23:20 8
20160205 23:30 8
20160205 23:40 8
20160205 23:50 8.125
