YYYYMMDD HH:MM measured temperature
20160131 00:00 2.875
20160131 00:10 2.5
20160131 00:20 2.375
20160131 00:30 2
20160131 00:40 1.75
20160131 00:50 1.875
20160131 01:00 2
20160131 01:10 2.25
20160131 01:20 2.25
20160131 01:30 2.25
20160131 01:40 2.375
20160131 01:50 2.125
20160131 02:00 2.375
20160131 02:10 2.25
20160131 02:20 2.125
20160131 02:30 2.25
20160131 02:40 2.25
20160131 02:50 2.375
20160131 03:00 2.375
20160131 03:10 2.25
20160131 03:20 2.25
20160131 03:30 2.125
20160131 03:40 2
20160131 03:50 2.25
20160131 04:00 2.25
20160131 04:10 2.125
20160131 04:20 2.25
20160131 04:30 2.25
20160131 04:40 2.25
20160131 04:50 2.125
20160131 05:00 2.125
20160131 05:10 2.25
20160131 05:20 2.25
20160131 05:30 2.125
20160131 05:40 2.25
20160131 05:50 2.125
20160131 06:00 2
20160131 06:10 2
20160131 06:20 2.25
20160131 06:30 2.25
20160131 06:40 2.25
20160131 06:50 2.25
20160131 07:00 2.375
20160131 07:10 2.5
20160131 07:20 2.625
20160131 07:30 2.375
20160131 07:40 2.375
20160131 07:50 2.5
20160131 08:00 2.625
20160131 08:10 2.5
20160131 08:20 2.5
20160131 08:30 2.375
20160131 08:40 2.375
20160131 08:50 2.5
20160131 09:00 2.625
20160131 09:10 2.75
20160131 09:20 2.875
20160131 09:30 3
20160131 09:40 3.125
20160131 09:50 3.375
20160131 10:00 3.5
20160131 10:10 3.625
20160131 10:20 3.875
20160131 10:30 4.125
20160131 10:40 4.25
20160131 10:50 4.5
20160131 11:00 4.75
20160131 11:10 4.75
20160131 11:20 5.125
20160131 11:30 5.125
20160131 11:40 5.125
20160131 11:50 4.75
20160131 12:00 5.125
20160131 12:10 5.375
20160131 12:20 5.375
20160131 12:30 5.375
20160131 12:40 5.5
20160131 12:50 5.25
20160131 13:00 5.25
20160131 13:10 5.25
20160131 13:20 5.375
20160131 13:30 5.125
20160131 13:40 5.625
20160131 13:50 5.375
20160131 14:00 5.375
20160131 14:10 5.625
20160131 14:20 5.75
20160131 14:30 5.875
20160131 14:40 5.75
20160131 14:50 5.625
20160131 15:00 5.625
20160131 15:10 5.625
20160131 15:20 5.625
20160131 15:30 5.625
20160131 15:40 5.75
20160131 15:50 5.875
20160131 16:00 5.75
20160131 16:10 5.625
20160131 16:20 5.625
20160131 16:30 5.625
20160131 16:40 5.5
20160131 16:50 5.375
20160131 17:00 5.375
20160131 17:10 5.25
20160131 17:20 5.125
20160131 17:30 5.125
20160131 17:40 5
20160131 17:50 5
20160131 18:00 4.875
20160131 18:10 4.875
20160131 18:20 4.875
20160131 18:30 4.875
20160131 18:40 4.875
20160131 18:50 4.875
20160131 19:00 4.875
20160131 19:10 4.75
20160131 19:20 4.875
20160131 19:30 4.75
20160131 19:40 4.625
20160131 19:50 4.5
20160131 20:00 4.375
20160131 20:10 4.375
20160131 20:20 4.375
20160131 20:30 4.375
20160131 20:40 4.375
20160131 20:50 4.375
20160131 21:00 4.375
20160131 21:10 4.375
20160131 21:20 4.375
20160131 21:30 4.5
20160131 21:40 4.375
20160131 21:50 4.25
20160131 22:00 4.25
20160131 22:10 4.25
20160131 22:20 4.125
20160131 22:30 4.125
20160131 22:40 4
20160131 22:50 4
20160131 23:00 4.125
20160131 23:10 4.125
20160131 23:20 4.25
20160131 23:30 4.375
20160131 23:40 4.375
20160131 23:50 4.5
