YYYYMMDD HH:MM measured temperature
20160203 00:00 6.125
20160203 00:10 6.125
20160203 00:20 6.25
20160203 00:30 6.375
20160203 00:40 6.25
20160203 00:50 6.25
20160203 01:00 6.125
20160203 01:10 6.125
20160203 01:20 6.125
20160203 01:30 6.125
20160203 01:40 6.125
20160203 01:50 6
20160203 02:00 6
20160203 02:10 5.875
20160203 02:20 5.875
20160203 02:30 6
20160203 02:40 5.875
20160203 02:50 5.75
20160203 03:00 5.75
20160203 03:10 5.625
20160203 03:20 5.375
20160203 03:30 5.125
20160203 03:40 5
20160203 03:50 4.875
20160203 04:00 4.875
20160203 04:10 4.75
20160203 04:20 4.625
20160203 04:30 4.5
20160203 04:40 4.625
20160203 04:50 4.5
20160203 05:00 4.5
20160203 05:10 4.5
20160203 05:20 4.25
20160203 05:30 4.375
20160203 05:40 4.375
20160203 05:50 4.375
20160203 06:00 4.25
20160203 06:10 4.375
20160203 06:20 4.375
20160203 06:30 4.375
20160203 06:40 2.125
20160203 06:50 2.25
20160203 07:00 1.875
20160203 07:10 1.625
20160203 07:20 1.75
20160203 07:30 1.625
20160203 07:40 1.5
20160203 07:50 1.875
20160203 08:00 2.25
20160203 08:10 2.25
20160203 08:20 2.75
20160203 08:30 2.625
20160203 08:40 2.75
20160203 08:50 3
20160203 09:00 3.125
20160203 09:10 3.375
20160203 09:20 3.5
20160203 09:30 3.625
20160203 09:40 3.875
20160203 09:50 4
20160203 10:00 4.25
20160203 10:10 4.375
20160203 10:20 4.625
20160203 10:30 4.625
20160203 10:40 5
20160203 10:50 5.25
20160203 11:00 5.125
20160203 11:10 5.125
20160203 11:20 5.25
20160203 11:30 5.375
20160203 11:40 5.5
20160203 11:50 5.5
20160203 12:00 5.875
20160203 12:10 5.5625
20160203 12:20 5.5
20160203 12:30 5.75
20160203 12:40 6.375
20160203 12:50 6.4375
20160203 13:00 6.1875
20160203 13:10 6.0625
20160203 13:20 6.125
20160203 13:30 6.1875
20160203 13:40 6.375
20160203 13:50 6.875
20160203 14:00 6.75
20160203 14:10 6.75
20160203 14:20 7
20160203 14:30 6.75
20160203 14:40 6.5
20160203 14:50 8.625
20160203 15:00 7.5625
20160203 15:10 6.875
20160203 15:20 5.8125
20160203 15:30 5.75
20160203 15:40 5.625
20160203 15:50 5.5
20160203 16:00 5.5
20160203 16:10 5.5
20160203 16:20 5.25
20160203 16:30 4.625
20160203 16:40 4.625
20160203 16:50 4.625
20160203 17:00 4.25
20160203 17:10 4.125
20160203 17:20 3.875
20160203 17:30 3.75
20160203 17:40 3.875
20160203 17:50 3.75
20160203 18:00 3.625
20160203 18:10 3.75
20160203 18:20 3.625
20160203 18:30 3.625
20160203 18:40 3.5
20160203 18:50 3.375
20160203 19:00 3.25
20160203 19:10 3.125
20160203 19:20 3.25
20160203 19:30 3.375
20160203 19:40 3.25
20160203 19:50 3.375
20160203 20:00 3.25
20160203 20:10 3.125
20160203 20:20 3
20160203 20:30 2.875
20160203 20:40 2.75
20160203 20:50 2.5
20160203 21:00 2.375
20160203 21:10 2.375
20160203 21:20 2.375
20160203 21:30 2.375
20160203 21:40 2.625
20160203 21:50 2.625
20160203 22:00 2.625
20160203 22:10 2.5
20160203 22:20 2.625
20160203 22:30 2
20160203 22:40 1.9375
20160203 22:50 1.875
20160203 23:00 1.6875
20160203 23:10 2
20160203 23:20 1.9375
20160203 23:30 1.75
20160203 23:40 1.875
20160203 23:50 1.875
