YYYYMMDD HH:MM measured temperature
20160711 00:00 21.875
20160711 00:10 21.5
20160711 00:20 20.125
20160711 00:30 19.875
20160711 00:40 19.75
20160711 00:50 19.625
20160711 01:00 19.5
20160711 01:10 19.375
20160711 01:20 19.375
20160711 01:30 19.25
20160711 01:40 19
20160711 01:50 18.875
20160711 02:00 18.875
20160711 02:10 18.5
20160711 02:20 18.25
20160711 02:30 18.5
20160711 02:40 18.375
20160711 02:50 17.875
20160711 03:00 17.6875
20160711 03:10 17.75
20160711 03:20 18.125
20160711 03:30 18.375
20160711 03:40 18.375
20160711 03:50 18.25
20160711 04:00 18.25
20160711 04:10 18.25
20160711 04:20 17.625
20160711 04:30 17.625
20160711 04:40 17.875
20160711 04:50 18
20160711 05:00 17.875
20160711 05:10 17.875
20160711 05:20 17.875
20160711 05:30 17.875
20160711 05:40 17.875
20160711 05:50 18
20160711 06:00 17.875
20160711 06:10 18
20160711 06:20 18
20160711 06:30 18
20160711 06:40 18.125
20160711 06:50 18.375
20160711 07:00 18.375
20160711 07:10 18.5
20160711 07:20 18.5
20160711 07:30 18.25
20160711 07:40 18.75
20160711 07:50 19
20160711 08:00 18.75
20160711 08:10 19.375
20160711 08:20 19.25
20160711 08:30 19.875
20160711 08:40 19.5
20160711 08:50 20.125
20160711 09:00 20
20160711 09:10 20.5
20160711 09:20 20.25
20160711 09:30 20
20160711 09:40 20.25
20160711 09:50 20.625
20160711 10:00 20.875
20160711 10:10 20.5
20160711 10:20 20.375
20160711 10:30 20
20160711 10:40 20
20160711 10:50 20.375
20160711 11:00 20.375
20160711 11:10 21
20160711 11:20 20.25
20160711 11:30 20.5
20160711 11:40 20.375
20160711 11:50 20.75
20160711 12:00 20.875
20160711 12:10 20
20160711 12:20 19.875
20160711 12:30 21.5
20160711 12:40 21.25
20160711 12:50 23.125
20160711 13:00 22.375
20160711 13:10 21.875
20160711 13:20 21
20160711 13:30 21.75
20160711 13:40 21.375
20160711 13:50 22.25
20160711 14:00 21.875
20160711 14:10 22.625
20160711 14:20 21.625
20160711 14:30 21.625
20160711 14:40 21.375
20160711 14:50 22.625
20160711 15:00 22.125
20160711 15:10 23.625
20160711 15:20 22.375
20160711 15:30 22.375
20160711 15:40 22.625
20160711 15:50 22.625
20160711 16:00 22.875
20160711 16:10 22.125
20160711 16:20 21.5
20160711 16:30 23
20160711 16:40 22.625
20160711 16:50 22
20160711 17:00 22.5
20160711 17:10 22.25
20160711 17:20 22.125
20160711 17:30 21.75
20160711 17:40 21.75
20160711 17:50 22.25
20160711 18:00 22.375
20160711 18:10 22.125
20160711 18:20 22.125
20160711 18:30 22.25
20160711 18:40 22
20160711 18:50 21.625
20160711 19:00 22.125
20160711 19:10 22
20160711 19:20 21.625
20160711 19:30 21
20160711 19:40 20.875
20160711 19:50 20.75
20160711 20:00 21.125
20160711 20:10 20.625
20160711 20:20 20.25
20160711 20:30 20.125
20160711 20:40 20.125
20160711 20:50 19.75
20160711 21:00 19.25
20160711 21:10 19.5
20160711 21:20 19.5
20160711 21:30 19.5
20160711 21:40 19.375
20160711 21:50 19.25
20160711 22:00 19.25
20160711 22:10 19.25
20160711 22:20 18.75
20160711 22:30 18.375
20160711 22:40 18.375
20160711 22:50 18
20160711 23:00 18
20160711 23:10 17.5
20160711 23:20 17.75
20160711 23:30 17.5
20160711 23:40 16.5
20160711 23:50 16.125
