YYYYMMDD HH:MM measured temperature
20160503 00:00 10
20160503 00:10 10.125
20160503 00:20 10.25
20160503 00:30 9.75
20160503 00:40 9.875
20160503 00:50 9.125
20160503 01:00 9.125
20160503 01:10 9
20160503 01:20 8.875
20160503 01:30 8.625
20160503 01:40 8.5
20160503 01:50 8.625
20160503 02:00 8.75
20160503 02:10 9.375
20160503 02:20 9.625
20160503 02:30 9
20160503 02:40 9.125
20160503 02:50 8.875
20160503 03:00 9.125
20160503 03:10 9.375
20160503 03:20 9.5
20160503 03:30 9.5
20160503 03:40 8.875
20160503 03:50 9.5
20160503 04:00 9.125
20160503 04:10 9.125
20160503 04:20 9.5
20160503 04:30 9.125
20160503 04:40 9.25
20160503 04:50 9.25
20160503 05:00 9.25
20160503 05:10 9.125
20160503 05:20 9.25
20160503 05:30 9.5
20160503 05:40 9.375
20160503 05:50 9.625
20160503 06:00 9.375
20160503 06:10 9.625
20160503 06:20 9.625
20160503 06:30 9.875
20160503 06:40 10.125
20160503 06:50 10.125
20160503 07:00 10
20160503 07:10 10.25
20160503 07:20 10.625
20160503 07:30 10.75
20160503 07:40 10.75
20160503 07:50 10.75
20160503 08:00 10.875
20160503 08:10 11
20160503 08:20 10.875
20160503 08:30 10.875
20160503 08:40 10.4375
20160503 08:50 9.875
20160503 09:00 9.75
20160503 09:10 9.4375
20160503 09:20 9.25
20160503 09:30 9.625
20160503 09:40 9.625
20160503 09:50 9.375
20160503 10:00 9.4375
20160503 10:10 9.375
20160503 10:20 9.25
20160503 10:30 9.125
20160503 10:40 9
20160503 10:50 9.3125
20160503 11:00 9.75
20160503 11:10 10
20160503 11:20 10.375
20160503 11:30 10.875
20160503 11:40 11.25
20160503 11:50 11.125
20160503 12:00 11.125
20160503 12:10 10.625
20160503 12:20 10.25
20160503 12:30 11
20160503 12:40 11.125
20160503 12:50 11.875
20160503 13:00 11.8125
20160503 13:10 11.9375
20160503 13:20 11.75
20160503 13:30 12.75
20160503 13:40 12.875
20160503 13:50 12.9375
20160503 14:00 13.5625
20160503 14:10 13.125
20160503 14:20 13.875
20160503 14:30 13.375
20160503 14:40 13.5
20160503 14:50 12.9375
20160503 15:00 13
20160503 15:10 13.125
20160503 15:20 13.375
20160503 15:30 12.625
20160503 15:40 12.5
20160503 15:50 12.75
20160503 16:00 13.875
20160503 16:10 12.25
20160503 16:20 12.3125
20160503 16:30 12.625
20160503 16:40 13.5
20160503 16:50 13.375
20160503 17:00 12.625
20160503 17:10 12.625
20160503 17:20 13.75
20160503 17:30 12.125
20160503 17:40 12.125
20160503 17:50 11.875
20160503 18:00 11.875
20160503 18:10 12.25
20160503 18:20 11.5
20160503 18:30 11.5
20160503 18:40 11.5
20160503 18:50 11
20160503 19:00 11.125
20160503 19:10 11
20160503 19:20 10.625
20160503 19:30 10.5
20160503 19:40 10.5
20160503 19:50 10.125
20160503 20:00 9.875
20160503 20:10 9.5
20160503 20:20 9.125
20160503 20:30 9
20160503 20:40 8.875
20160503 20:50 8.375
20160503 21:00 8.125
20160503 21:10 7.875
20160503 21:20 7.75
20160503 21:30 7.5
20160503 21:40 7.5
20160503 21:50 7.375
20160503 22:00 7.125
20160503 22:10 7
20160503 22:20 6.75
20160503 22:30 6.625
20160503 22:40 6.25
20160503 22:50 6.25
20160503 23:00 6.125
20160503 23:10 6
20160503 23:20 6
20160503 23:30 5.875
20160503 23:40 5.5
20160503 23:50 5.375
