YYYYMMDD HH:MM measured temperature
20160513 00:00 11.75
20160513 00:10 11.75
20160513 00:20 11.5
20160513 00:30 11.375
20160513 00:40 11.25
20160513 00:50 11.25
20160513 01:00 11.125
20160513 01:10 11
20160513 01:20 10.8125
20160513 01:30 10.75
20160513 01:40 10.5
20160513 01:50 10.5
20160513 02:00 10.3125
20160513 02:10 10.25
20160513 02:20 10.25
20160513 02:30 10.125
20160513 02:40 9.8125
20160513 02:50 9.625
20160513 03:00 9.5
20160513 03:10 9.5
20160513 03:20 9.5
20160513 03:30 9.375
20160513 03:40 9.375
20160513 03:50 9.3125
20160513 04:00 9.25
20160513 04:10 9.0625
20160513 04:20 8.9375
20160513 04:30 8.875
20160513 04:40 8.875
20160513 04:50 8.75
20160513 05:00 8.875
20160513 05:10 8.875
20160513 05:20 8.875
20160513 05:30 8.75
20160513 05:40 8.625
20160513 05:50 8.625
20160513 06:00 8.625
20160513 06:10 8.6875
20160513 06:20 8.875
20160513 06:30 9.1875
20160513 06:40 9.5
20160513 06:50 9.9375
20160513 07:00 10.375
20160513 07:10 10.875
20160513 07:20 11.1875
20160513 07:30 11.625
20160513 07:40 11.625
20160513 07:50 11.5625
20160513 08:00 12.125
20160513 08:10 12.4375
20160513 08:20 13.25
20160513 08:30 14
20160513 08:40 14.625
20160513 08:50 15.375
20160513 09:00 15.75
20160513 09:10 16.875
20160513 09:20 17
20160513 09:30 17.25
20160513 09:40 18.25
20160513 09:50 18.125
20160513 10:00 18.875
20160513 10:10 18.875
20160513 10:20 19
20160513 10:30 19.625
20160513 10:40 19.75
20160513 10:50 20.5
20160513 11:00 20
20160513 11:10 20.375
20160513 11:20 20.5
20160513 11:30 20.875
20160513 11:40 21.125
20160513 11:50 20.75
20160513 12:00 21
20160513 12:10 20.625
20160513 12:20 22.75
20160513 12:30 21.375
20160513 12:40 21.625
20160513 12:50 22.25
20160513 13:00 22.25
20160513 13:10 21.875
20160513 13:20 22.125
20160513 13:30 22.125
20160513 13:40 22.375
20160513 13:50 21.75
20160513 14:00 22
20160513 14:10 22.625
20160513 14:20 22
20160513 14:30 21.875
20160513 14:40 22.125
20160513 14:50 22.25
20160513 15:00 21.875
20160513 15:10 21.5
20160513 15:20 22
20160513 15:30 21.625
20160513 15:40 21.375
20160513 15:50 21.25
20160513 16:00 21
20160513 16:10 20.625
20160513 16:20 20.375
20160513 16:30 20.5
20160513 16:40 20.375
20160513 16:50 20.875
20160513 17:00 20.25
20160513 17:10 19.75
20160513 17:20 19.875
20160513 17:30 18.875
20160513 17:40 18.375
20160513 17:50 17.875
20160513 18:00 17.625
20160513 18:10 17.625
20160513 18:20 17.125
20160513 18:30 16.875
20160513 18:40 16.25
20160513 18:50 16.125
20160513 19:00 15.625
20160513 19:10 15.625
20160513 19:20 15.25
20160513 19:30 15
20160513 19:40 14.875
20160513 19:50 14.375
20160513 20:00 14
20160513 20:10 13.625
20160513 20:20 13.25
20160513 20:30 12.75
20160513 20:40 12.375
20160513 20:50 11.875
20160513 21:00 11.5
20160513 21:10 11.25
20160513 21:20 10.875
20160513 21:30 10.75
20160513 21:40 10.625
20160513 21:50 10.5
20160513 22:00 10.25
20160513 22:10 10.125
20160513 22:20 9.75
20160513 22:30 9.625
20160513 22:40 9.5
20160513 22:50 9.375
20160513 23:00 9.375
20160513 23:10 9.25
20160513 23:20 9
20160513 23:30 8.9375
20160513 23:40 8.875
20160513 23:50 8.875
