YYYYMMDD HH:MM measured temperature
20160226 00:00 0.9375
20160226 00:10 0.6875
20160226 00:20 0.6875
20160226 00:30 0.5
20160226 00:40 0.5
20160226 00:50 0.5625
20160226 01:00 0.4375
20160226 01:10 0.5
20160226 01:20 0.375
20160226 01:30 0.25
20160226 01:40 0.1875
20160226 01:50 -0.0625
20160226 02:00 -0.125
20160226 02:10 0
20160226 02:20 -0.125
20160226 02:30 -0.375
20160226 02:40 -0.375
20160226 02:50 -0.3125
20160226 03:00 -0.125
20160226 03:10 -0.125
20160226 03:20 -0.0625
20160226 03:30 0
20160226 03:40 0.0625
20160226 03:50 85
20160226 04:00 0
20160226 04:10 -0.125
20160226 04:20 -0.4375
20160226 04:30 85
20160226 04:40 -0.75
20160226 04:50 -0.6875
20160226 05:00 -0.625
20160226 05:10 -0.75
20160226 05:20 -0.875
20160226 05:30 -0.875
20160226 05:40 -0.875
20160226 05:50 -0.9375
20160226 06:00 85
20160226 06:10 -1
20160226 06:20 -1.25
20160226 06:30 -1.3125
20160226 06:40 -1.3125
20160226 06:50 -1.3125
20160226 07:00 -1.4375
20160226 07:10 -1.5625
20160226 07:20 -1.625
20160226 07:30 -1.4375
20160226 07:40 -1.25
20160226 07:50 -1
20160226 08:00 -0.75
20160226 08:10 -0.75
20160226 08:20 -0.5
20160226 08:30 -0.5
20160226 08:40 -0.5
20160226 08:50 -0.375
20160226 09:00 -0.375
20160226 09:10 -0.125
20160226 09:20 -0.0625
20160226 09:30 0.125
20160226 09:40 0.25
20160226 09:50 0.25
20160226 10:00 0.375
20160226 10:10 0.5
20160226 10:20 0.6875
20160226 10:30 0.9375
20160226 10:40 0.875
20160226 10:50 1.0625
20160226 11:00 1.0625
20160226 11:10 1.4375
20160226 11:20 1.75
20160226 11:30 2.25
20160226 11:40 2.5
20160226 11:50 85
20160226 12:00 2.375
20160226 12:10 2.875
20160226 12:20 85
20160226 12:30 2.375
20160226 12:40 3
20160226 12:50 2.6875
20160226 13:00 3.125
20160226 13:10 3.3125
20160226 13:20 3.625
20160226 13:30 3.9375
20160226 13:40 4.875
20160226 13:50 4.875
20160226 14:00 5.75
20160226 14:10 5.125
20160226 14:20 5.125
20160226 14:30 5
20160226 14:40 5.25
20160226 14:50 5.75
20160226 15:00 6.25
20160226 15:10 6
20160226 15:20 5.1875
20160226 15:30 4.875
20160226 15:40 4.75
20160226 15:50 4.5
20160226 16:00 4.3125
20160226 16:10 4.125
20160226 16:20 4
20160226 16:30 3.9375
20160226 16:40 3.875
20160226 16:50 3.8125
20160226 17:00 3.75
20160226 17:10 3.75
20160226 17:20 3.625
20160226 17:30 3.5
20160226 17:40 3.5
20160226 17:50 3.375
20160226 18:00 3.25
20160226 18:10 3.125
20160226 18:20 3
20160226 18:30 3
20160226 18:40 3
20160226 18:50 2.75
20160226 19:00 2.8125
20160226 19:10 2.75
20160226 19:20 2.75
20160226 19:30 2.5
20160226 19:40 2.5
20160226 19:50 2.4375
20160226 20:00 2.3125
20160226 20:10 2.375
20160226 20:20 2.125
20160226 20:30 2
20160226 20:40 2.0625
20160226 20:50 1.9375
20160226 21:00 1.8125
20160226 21:10 1.75
20160226 21:20 1.875
20160226 21:30 1.6875
20160226 21:40 1
20160226 21:50 0.8125
20160226 22:00 0.8125
20160226 22:10 0.75
20160226 22:20 0.6875
20160226 22:30 0.6875
20160226 22:40 0.75
20160226 22:50 0.8125
20160226 23:00 0.875
20160226 23:10 0.6875
20160226 23:20 0.75
20160226 23:30 0.75
20160226 23:40 0.75
20160226 23:50 0.8125
