YYYYMMDD HH:MM measured temperature
20160622 00:00 18.9375
20160622 00:10 18.625
20160622 00:20 18.625
20160622 00:30 18.625
20160622 00:40 18.5625
20160622 00:50 18.375
20160622 01:00 18.625
20160622 01:10 18.4375
20160622 01:20 18.75
20160622 01:30 18.375
20160622 01:40 18.0625
20160622 01:50 17.75
20160622 02:00 17.75
20160622 02:10 85
20160622 02:20 17.625
20160622 02:30 17.5
20160622 02:40 17.5
20160622 02:50 17.625
20160622 03:00 17.625
20160622 03:10 17.6875
20160622 03:20 17.625
20160622 03:30 17.5
20160622 03:40 17.4375
20160622 03:50 17.25
20160622 04:00 16.875
20160622 04:10 16.875
20160622 04:20 16.75
20160622 04:30 16.375
20160622 04:40 16.375
20160622 04:50 16.5
20160622 05:00 16.5
20160622 05:10 85
20160622 05:20 85
20160622 05:30 16.875
20160622 05:40 17
20160622 05:50 17.125
20160622 06:00 17.25
20160622 06:10 17.375
20160622 06:20 17.375
20160622 06:30 17.5
20160622 06:40 17.625
20160622 06:50 17.8125
20160622 07:00 17.875
20160622 07:10 17.875
20160622 07:20 85
20160622 07:30 85
20160622 07:40 18.375
20160622 07:50 18.6875
20160622 08:00 19.375
20160622 08:10 85
20160622 08:20 19.625
20160622 08:30 19.3125
20160622 08:40 85
20160622 08:50 19.625
20160622 09:00 19.375
20160622 09:10 19.375
20160622 09:20 19.125
20160622 09:30 18.75
20160622 09:40 17.875
20160622 09:50 18.0625
20160622 10:00 18.5625
20160622 10:10 85
20160622 10:20 19.75
20160622 10:30 20.125
20160622 10:40 21.125
20160622 10:50 20.75
20160622 11:00 22.375
20160622 11:10 21.625
20160622 11:20 22.0625
20160622 11:30 20.5
20160622 11:40 20.6875
20160622 11:50 21.9375
20160622 12:00 22.6875
20160622 12:10 21.125
20160622 12:20 22.375
20160622 12:30 21.9375
20160622 12:40 22.6875
20160622 12:50 22.875
20160622 13:00 22.625
20160622 13:10 23.875
20160622 13:20 24
20160622 13:30 23.875
20160622 13:40 22.5
20160622 13:50 23.75
20160622 14:00 23.875
20160622 14:10 23.8125
20160622 14:20 24.375
20160622 14:30 23.4375
20160622 14:40 22.9375
20160622 14:50 23.375
20160622 15:00 23.25
20160622 15:10 24.75
20160622 15:20 24.75
20160622 15:30 25.625
20160622 15:40 23.5
20160622 15:50 25.25
20160622 16:00 24
20160622 16:10 24.125
20160622 16:20 25.1875
20160622 16:30 23.75
20160622 16:40 23.625
20160622 16:50 25.5
20160622 17:00 24.25
20160622 17:10 24.875
20160622 17:20 25.125
20160622 17:30 24.875
20160622 17:40 24.9375
20160622 17:50 25.5
20160622 18:00 25.375
20160622 18:10 24.5
20160622 18:20 24.5
20160622 18:30 24.875
20160622 18:40 24.75
20160622 18:50 24.75
20160622 19:00 24.875
20160622 19:10 24.75
20160622 19:20 24.75
20160622 19:30 24.25
20160622 19:40 24.25
20160622 19:50 24.125
20160622 20:00 24
20160622 20:10 23.625
20160622 20:20 23.5
20160622 20:30 23.375
20160622 20:40 23
20160622 20:50 22.625
20160622 21:00 21.875
20160622 21:10 21.875
20160622 21:20 21
20160622 21:30 20.4375
20160622 21:40 20.0625
20160622 21:50 19.5
20160622 22:00 19.25
20160622 22:10 18.875
20160622 22:20 18.5
20160622 22:30 18.25
20160622 22:40 17.875
20160622 22:50 17.9375
20160622 23:00 85
20160622 23:10 17.4375
20160622 23:20 85
20160622 23:30 85
20160622 23:40 85
20160622 23:50 16.875
