YYYYMMDD HH:MM measured temperature
20160501 00:00 5.5
20160501 00:10 5.5
20160501 00:20 5.625
20160501 00:30 5.625
20160501 00:40 5.8125
20160501 00:50 5.625
20160501 01:00 5.5
20160501 01:10 5.1875
20160501 01:20 5.125
20160501 01:30 4.875
20160501 01:40 4.875
20160501 01:50 4.8125
20160501 02:00 4.5
20160501 02:10 4.4375
20160501 02:20 4.3125
20160501 02:30 4.25
20160501 02:40 4
20160501 02:50 4
20160501 03:00 3.875
20160501 03:10 3.4375
20160501 03:20 3.75
20160501 03:30 3.75
20160501 03:40 3.4375
20160501 03:50 3.5
20160501 04:00 3.6875
20160501 04:10 3.625
20160501 04:20 3.625
20160501 04:30 3.4375
20160501 04:40 3.5
20160501 04:50 3.3125
20160501 05:00 3.25
20160501 05:10 3.0625
20160501 05:20 3.125
20160501 05:30 3.0625
20160501 05:40 3.1875
20160501 05:50 3.25
20160501 06:00 3.3125
20160501 06:10 85
20160501 06:20 3.4375
20160501 06:30 3.375
20160501 06:40 3.5
20160501 06:50 3.625
20160501 07:00 3.875
20160501 07:10 4.375
20160501 07:20 4.625
20160501 07:30 4.875
20160501 07:40 4.875
20160501 07:50 5.25
20160501 08:00 5.625
20160501 08:10 5.875
20160501 08:20 5.875
20160501 08:30 6.375
20160501 08:40 6.75
20160501 08:50 6.8125
20160501 09:00 7.1875
20160501 09:10 7
20160501 09:20 7.3125
20160501 09:30 7.625
20160501 09:40 7.75
20160501 09:50 8.125
20160501 10:00 8.25
20160501 10:10 8.6875
20160501 10:20 9.125
20160501 10:30 8.875
20160501 10:40 8.875
20160501 10:50 9.5
20160501 11:00 9.625
20160501 11:10 9.9375
20160501 11:20 10.6875
20160501 11:30 11
20160501 11:40 10.625
20160501 11:50 11.5625
20160501 12:00 11.625
20160501 12:10 10.75
20160501 12:20 11.125
20160501 12:30 11.375
20160501 12:40 12.25
20160501 12:50 11.625
20160501 13:00 11.9375
20160501 13:10 11.6875
20160501 13:20 12.75
20160501 13:30 12.25
20160501 13:40 12.5
20160501 13:50 12.5625
20160501 14:00 13.25
20160501 14:10 13
20160501 14:20 13.5
20160501 14:30 12.625
20160501 14:40 14.25
20160501 14:50 14.5
20160501 15:00 13.625
20160501 15:10 13.75
20160501 15:20 14.375
20160501 15:30 14.25
20160501 15:40 14.375
20160501 15:50 14.25
20160501 16:00 13.625
20160501 16:10 14.25
20160501 16:20 14.125
20160501 16:30 14.875
20160501 16:40 14.5
20160501 16:50 14.25
20160501 17:00 13.875
20160501 17:10 14
20160501 17:20 14.75
20160501 17:30 14.5
20160501 17:40 14.375
20160501 17:50 14.375
20160501 18:00 14.125
20160501 18:10 14.375
20160501 18:20 14.125
20160501 18:30 14.125
20160501 18:40 14
20160501 18:50 13.75
20160501 19:00 13.625
20160501 19:10 13.5
20160501 19:20 13.375
20160501 19:30 13.125
20160501 19:40 13
20160501 19:50 12.875
20160501 20:00 12.3125
20160501 20:10 11.75
20160501 20:20 11.625
20160501 20:30 11.25
20160501 20:40 11.1875
20160501 20:50 10.625
20160501 21:00 10.375
20160501 21:10 9.875
20160501 21:20 9.625
20160501 21:30 9.1875
20160501 21:40 9
20160501 21:50 9
20160501 22:00 8.625
20160501 22:10 8.4375
20160501 22:20 8.25
20160501 22:30 8
20160501 22:40 7.75
20160501 22:50 7.75
20160501 23:00 7.625
20160501 23:10 7.4375
20160501 23:20 7.25
20160501 23:30 7
20160501 23:40 6.875
20160501 23:50 6.5625
