YYYYMMDD HH:MM measured temperature
20160309 00:00 2.25
20160309 00:10 2
20160309 00:20 1.875
20160309 00:30 1.5
20160309 00:40 1.3125
20160309 00:50 1.4375
20160309 01:00 85
20160309 01:10 1.1875
20160309 01:20 1.0625
20160309 01:30 1
20160309 01:40 85
20160309 01:50 0.8125
20160309 02:00 0.875
20160309 02:10 0.8125
20160309 02:20 85
20160309 02:30 0.625
20160309 02:40 0.3125
20160309 02:50 0.3125
20160309 03:00 0.25
20160309 03:10 85
20160309 03:20 0.25
20160309 03:30 85
20160309 03:40 0.1875
20160309 03:50 0.1875
20160309 04:00 0.25
20160309 04:10 0.25
20160309 04:20 0.3125
20160309 04:30 0
20160309 04:40 -0.1875
20160309 04:50 -0.1875
20160309 05:00 -0.0625
20160309 05:10 -0.1875
20160309 05:20 85
20160309 05:30 -0.5
20160309 05:40 -0.375
20160309 05:50 -0.4375
20160309 06:00 -0.625
20160309 06:10 85
20160309 06:20 -0.75
20160309 06:30 -0.75
20160309 06:40 -0.8125
20160309 06:50 85
20160309 07:00 -0.625
20160309 07:10 -0.625
20160309 07:20 -0.4375
20160309 07:30 -0.25
20160309 07:40 0.125
20160309 07:50 85
20160309 08:00 0.5625
20160309 08:10 0.9375
20160309 08:20 1.3125
20160309 08:30 1.6875
20160309 08:40 2
20160309 08:50 2.3125
20160309 09:00 2.5625
20160309 09:10 2.625
20160309 09:20 3.3125
20160309 09:30 3.125
20160309 09:40 3.3125
20160309 09:50 3.9375
20160309 10:00 4.0625
20160309 10:10 4.625
20160309 10:20 4.6875
20160309 10:30 4.5
20160309 10:40 4.6875
20160309 10:50 4.875
20160309 11:00 4.6875
20160309 11:10 4.75
20160309 11:20 5.375
20160309 11:30 5.125
20160309 11:40 6.1875
20160309 11:50 6.5
20160309 12:00 6.625
20160309 12:10 6.9375
20160309 12:20 7.0625
20160309 12:30 7.5
20160309 12:40 7.4375
20160309 12:50 7.75
20160309 13:00 8.125
20160309 13:10 8.375
20160309 13:20 8.4375
20160309 13:30 8.75
20160309 13:40 8.375
20160309 13:50 8.25
20160309 14:00 8.875
20160309 14:10 8.625
20160309 14:20 9
20160309 14:30 9.125
20160309 14:40 9.125
20160309 14:50 9
20160309 15:00 9.375
20160309 15:10 9.125
20160309 15:20 9.125
20160309 15:30 8.75
20160309 15:40 9
20160309 15:50 9
20160309 16:00 8.625
20160309 16:10 8.75
20160309 16:20 8.625
20160309 16:30 8.25
20160309 16:40 8.125
20160309 16:50 8
20160309 17:00 7.875
20160309 17:10 7.875
20160309 17:20 7.5
20160309 17:30 7
20160309 17:40 6.75
20160309 17:50 6.375
20160309 18:00 6
20160309 18:10 5.625
20160309 18:20 5.375
20160309 18:30 4.875
20160309 18:40 4.5
20160309 18:50 4.25
20160309 19:00 4
20160309 19:10 3.875
20160309 19:20 3.625
20160309 19:30 3.5
20160309 19:40 3.4375
20160309 19:50 3.25
20160309 20:00 3.25
20160309 20:10 3.25
20160309 20:20 3
20160309 20:30 3
20160309 20:40 2.625
20160309 20:50 2.625
20160309 21:00 2.5625
20160309 21:10 3.125
20160309 21:20 3.125
20160309 21:30 2.75
20160309 21:40 2.75
20160309 21:50 2.5
20160309 22:00 2.375
20160309 22:10 2.125
20160309 22:20 2.125
20160309 22:30 1.875
20160309 22:40 1.75
20160309 22:50 1.625
20160309 23:00 1.5
20160309 23:10 1.375
20160309 23:20 1.25
20160309 23:30 1.125
20160309 23:40 1.125
20160309 23:50 1.125
