YYYYMMDD HH:MM measured temperature
20160430 00:00 6.5
20160430 00:10 6.5
20160430 00:20 6.5625
20160430 00:30 6.5
20160430 00:40 6.625
20160430 00:50 6.625
20160430 01:00 6.625
20160430 01:10 6.75
20160430 01:20 6.75
20160430 01:30 6.625
20160430 01:40 6.625
20160430 01:50 6.625
20160430 02:00 6.625
20160430 02:10 6.625
20160430 02:20 6.625
20160430 02:30 6.625
20160430 02:40 6.6875
20160430 02:50 6.625
20160430 03:00 6.625
20160430 03:10 6.5625
20160430 03:20 6.5
20160430 03:30 6.375
20160430 03:40 6.3125
20160430 03:50 6.3125
20160430 04:00 6.25
20160430 04:10 6.25
20160430 04:20 6.125
20160430 04:30 5.75
20160430 04:40 5.625
20160430 04:50 5.5625
20160430 05:00 5.75
20160430 05:10 5.875
20160430 05:20 5.875
20160430 05:30 6
20160430 05:40 5.875
20160430 05:50 6
20160430 06:00 5.875
20160430 06:10 5.875
20160430 06:20 5.875
20160430 06:30 85
20160430 06:40 6.125
20160430 06:50 6.25
20160430 07:00 6.375
20160430 07:10 6.5625
20160430 07:20 6.875
20160430 07:30 7
20160430 07:40 7.25
20160430 07:50 7.125
20160430 08:00 7.25
20160430 08:10 7.4375
20160430 08:20 7.5625
20160430 08:30 7.625
20160430 08:40 7.4375
20160430 08:50 7.5
20160430 09:00 7.3125
20160430 09:10 7
20160430 09:20 7
20160430 09:30 7
20160430 09:40 6.875
20160430 09:50 6.875
20160430 10:00 6.75
20160430 10:10 6.75
20160430 10:20 6.75
20160430 10:30 6.875
20160430 10:40 6.75
20160430 10:50 6.9375
20160430 11:00 7.125
20160430 11:10 7
20160430 11:20 7.9375
20160430 11:30 7.75
20160430 11:40 8
20160430 11:50 8.25
20160430 12:00 8.625
20160430 12:10 8.125
20160430 12:20 8.5
20160430 12:30 8.75
20160430 12:40 9.25
20160430 12:50 8.75
20160430 13:00 8.375
20160430 13:10 8.875
20160430 13:20 8.75
20160430 13:30 8.875
20160430 13:40 8.9375
20160430 13:50 9
20160430 14:00 9.125
20160430 14:10 9.75
20160430 14:20 10
20160430 14:30 11.25
20160430 14:40 9.75
20160430 14:50 9.625
20160430 15:00 10.0625
20160430 15:10 10
20160430 15:20 10.3125
20160430 15:30 10.5625
20160430 15:40 10.9375
20160430 15:50 11
20160430 16:00 10.125
20160430 16:10 10.5
20160430 16:20 10.625
20160430 16:30 10.75
20160430 16:40 10.75
20160430 16:50 10.25
20160430 17:00 10.75
20160430 17:10 10.6875
20160430 17:20 11
20160430 17:30 10.75
20160430 17:40 10.5625
20160430 17:50 10
20160430 18:00 9.875
20160430 18:10 9.875
20160430 18:20 10
20160430 18:30 9.75
20160430 18:40 9.625
20160430 18:50 9.75
20160430 19:00 9.625
20160430 19:10 9.5
20160430 19:20 9.125
20160430 19:30 8.875
20160430 19:40 8.75
20160430 19:50 8.75
20160430 20:00 8.5625
20160430 20:10 8.625
20160430 20:20 8.5
20160430 20:30 8.5
20160430 20:40 8.375
20160430 20:50 8.25
20160430 21:00 8.125
20160430 21:10 7.75
20160430 21:20 7.5
20160430 21:30 7.25
20160430 21:40 6.875
20160430 21:50 7
20160430 22:00 6.5
20160430 22:10 6.375
20160430 22:20 6.25
20160430 22:30 6.25
20160430 22:40 6
20160430 22:50 6.125
20160430 23:00 5.625
20160430 23:10 5.0625
20160430 23:20 5.125
20160430 23:30 4.875
20160430 23:40 4.9375
20160430 23:50 5.125
