YYYYMMDD HH:MM measured temperature
20160314 00:00 -0.75
20160314 00:10 -0.9375
20160314 00:20 -1.125
20160314 00:30 -1.125
20160314 00:40 -1.125
20160314 00:50 -1.125
20160314 01:00 -1.375
20160314 01:10 -1.375
20160314 01:20 -1.375
20160314 01:30 -1.375
20160314 01:40 -1.5
20160314 01:50 -1.625
20160314 02:00 -1.6875
20160314 02:10 -1.75
20160314 02:20 -1.5
20160314 02:30 -1.625
20160314 02:40 -1.625
20160314 02:50 -1.9375
20160314 03:00 -2
20160314 03:10 -2.125
20160314 03:20 -2.125
20160314 03:30 -2.25
20160314 03:40 -2.375
20160314 03:50 -2.5625
20160314 04:00 -2.625
20160314 04:10 -2.4375
20160314 04:20 -2.5625
20160314 04:30 -2.5
20160314 04:40 -2.5625
20160314 04:50 -2.875
20160314 05:00 85
20160314 05:10 -2
20160314 05:20 -2
20160314 05:30 -2.3125
20160314 05:40 -2.1875
20160314 05:50 85
20160314 06:00 -2.4375
20160314 06:10 -2.3125
20160314 06:20 -2.5625
20160314 06:30 -2.5625
20160314 06:40 -2.375
20160314 06:50 -2.625
20160314 07:00 -2.625
20160314 07:10 -2.6875
20160314 07:20 -2.6875
20160314 07:30 -2.5625
20160314 07:40 -2.875
20160314 07:50 -2.625
20160314 08:00 -2.625
20160314 08:10 -2.75
20160314 08:20 -2.4375
20160314 08:30 -2.5625
20160314 08:40 -2.25
20160314 08:50 -2.375
20160314 09:00 -1.9375
20160314 09:10 -1.875
20160314 09:20 -1.9375
20160314 09:30 -1.75
20160314 09:40 -1.375
20160314 09:50 -1.3125
20160314 10:00 -0.75
20160314 10:10 -0.9375
20160314 10:20 -0.625
20160314 10:30 -0.1875
20160314 10:40 -0.0625
20160314 10:50 0.6875
20160314 11:00 85
20160314 11:10 1.125
20160314 11:20 2.375
20160314 11:30 2.6875
20160314 11:40 3.4375
20160314 11:50 4.1875
20160314 12:00 3.75
20160314 12:10 4.875
20160314 12:20 5.25
20160314 12:30 5.6875
20160314 12:40 5.625
20160314 12:50 5.875
20160314 13:00 6.5625
20160314 13:10 6.75
20160314 13:20 6.75
20160314 13:30 6.75
20160314 13:40 7.8125
20160314 13:50 7.25
20160314 14:00 7.625
20160314 14:10 7.875
20160314 14:20 7.625
20160314 14:30 8.5
20160314 14:40 9
20160314 14:50 8.25
20160314 15:00 8.625
20160314 15:10 8.8125
20160314 15:20 8.75
20160314 15:30 9.25
20160314 15:40 9.375
20160314 15:50 8.875
20160314 16:00 8.5
20160314 16:10 9
20160314 16:20 8.625
20160314 16:30 8.875
20160314 16:40 8.375
20160314 16:50 8.375
20160314 17:00 8.25
20160314 17:10 8.25
20160314 17:20 8.125
20160314 17:30 7.875
20160314 17:40 8
20160314 17:50 7.75
20160314 18:00 7.6875
20160314 18:10 7.625
20160314 18:20 7.625
20160314 18:30 7.5625
20160314 18:40 7.375
20160314 18:50 7.25
20160314 19:00 7.125
20160314 19:10 6.875
20160314 19:20 6.75
20160314 19:30 6.75
20160314 19:40 6.5
20160314 19:50 6.375
20160314 20:00 6.125
20160314 20:10 6.125
20160314 20:20 6.125
20160314 20:30 5.875
20160314 20:40 5.75
20160314 20:50 5.5
20160314 21:00 5.625
20160314 21:10 5.5
20160314 21:20 5.5
20160314 21:30 5.375
20160314 21:40 5.5
20160314 21:50 5.375
20160314 22:00 5.375
20160314 22:10 5.25
20160314 22:20 5.125
20160314 22:30 5
20160314 22:40 5.125
20160314 22:50 5.125
20160314 23:00 5
20160314 23:10 5
20160314 23:20 5
20160314 23:30 4.875
20160314 23:40 4.875
20160314 23:50 4.75
