YYYYMMDD HH:MM measured temperature
20160325 00:00 5.9375
20160325 00:10 6
20160325 00:20 5.875
20160325 00:30 5.875
20160325 00:40 5.875
20160325 00:50 5.875
20160325 01:00 5.875
20160325 01:10 5.875
20160325 01:20 5.875
20160325 01:30 5.75
20160325 01:40 5.75
20160325 01:50 5.75
20160325 02:00 5.75
20160325 02:10 5.75
20160325 02:20 5.75
20160325 02:30 5.75
20160325 02:40 5.75
20160325 02:50 5.75
20160325 03:00 5.75
20160325 03:10 5.75
20160325 03:20 5.75
20160325 03:30 5.75
20160325 03:40 5.875
20160325 03:50 5.75
20160325 04:00 5.75
20160325 04:10 5.75
20160325 04:20 5.75
20160325 04:30 5.75
20160325 04:40 5.625
20160325 04:50 85
20160325 05:00 5.625
20160325 05:10 5.5625
20160325 05:20 5.5
20160325 05:30 5.5
20160325 05:40 5.5
20160325 05:50 5.5
20160325 06:00 5.5
20160325 06:10 5.5
20160325 06:20 5.4375
20160325 06:30 5.4375
20160325 06:40 85
20160325 06:50 5.5
20160325 07:00 5.5625
20160325 07:10 5.625
20160325 07:20 5.6875
20160325 07:30 85
20160325 07:40 5.875
20160325 07:50 5.875
20160325 08:00 6
20160325 08:10 6
20160325 08:20 6.0625
20160325 08:30 6.125
20160325 08:40 85
20160325 08:50 6.25
20160325 09:00 6.375
20160325 09:10 6.4375
20160325 09:20 6.5
20160325 09:30 6.5
20160325 09:40 6.5
20160325 09:50 6.5
20160325 10:00 6.625
20160325 10:10 6.625
20160325 10:20 6.75
20160325 10:30 6.75
20160325 10:40 6.75
20160325 10:50 6.75
20160325 11:00 6.875
20160325 11:10 7.25
20160325 11:20 7.375
20160325 11:30 7.25
20160325 11:40 7.25
20160325 11:50 7.25
20160325 12:00 7
20160325 12:10 7
20160325 12:20 7.125
20160325 12:30 7.25
20160325 12:40 7.25
20160325 12:50 7.375
20160325 13:00 7.5
20160325 13:10 7.5
20160325 13:20 7.625
20160325 13:30 7.5
20160325 13:40 7.4375
20160325 13:50 7.625
20160325 14:00 7.5
20160325 14:10 7.625
20160325 14:20 7.8125
20160325 14:30 7.875
20160325 14:40 7.875
20160325 14:50 8
20160325 15:00 8.25
20160325 15:10 8.25
20160325 15:20 8.375
20160325 15:30 8.25
20160325 15:40 8.125
20160325 15:50 8.125
20160325 16:00 8.125
20160325 16:10 8
20160325 16:20 8
20160325 16:30 8.125
20160325 16:40 8.0625
20160325 16:50 8
20160325 17:00 8.125
20160325 17:10 8.125
20160325 17:20 8.125
20160325 17:30 8.25
20160325 17:40 8.4375
20160325 17:50 8.875
20160325 18:00 9.25
20160325 18:10 8.75
20160325 18:20 8.625
20160325 18:30 8.25
20160325 18:40 8
20160325 18:50 7.75
20160325 19:00 7.625
20160325 19:10 7.375
20160325 19:20 7.375
20160325 19:30 7.25
20160325 19:40 7.1875
20160325 19:50 7.3125
20160325 20:00 7.25
20160325 20:10 7.25
20160325 20:20 7.25
20160325 20:30 7.125
20160325 20:40 7.125
20160325 20:50 85
20160325 21:00 7
20160325 21:10 7.125
20160325 21:20 7.125
20160325 21:30 7.125
20160325 21:40 7.125
20160325 21:50 7.125
20160325 22:00 85
20160325 22:10 7.0625
20160325 22:20 7.0625
20160325 22:30 7.125
20160325 22:40 7.125
20160325 22:50 7.125
20160325 23:00 7.125
20160325 23:10 7.125
20160325 23:20 6.875
20160325 23:30 6.75
20160325 23:40 6.75
20160325 23:50 6.75
