YYYYMMDD HH:MM measured temperature
20160322 00:00 6.25
20160322 00:10 6.125
20160322 00:20 6.125
20160322 00:30 6.25
20160322 00:40 6.125
20160322 00:50 6.125
20160322 01:00 6
20160322 01:10 5.5
20160322 01:20 5.25
20160322 01:30 5.375
20160322 01:40 5.625
20160322 01:50 5.5625
20160322 02:00 5.625
20160322 02:10 5.5
20160322 02:20 5.25
20160322 02:30 5
20160322 02:40 4.875
20160322 02:50 4.875
20160322 03:00 5
20160322 03:10 4.75
20160322 03:20 4.75
20160322 03:30 4.75
20160322 03:40 4.75
20160322 03:50 4.625
20160322 04:00 4.5
20160322 04:10 4.375
20160322 04:20 4.375
20160322 04:30 4.25
20160322 04:40 4.375
20160322 04:50 4.375
20160322 05:00 4.375
20160322 05:10 4.5
20160322 05:20 4.5625
20160322 05:30 85
20160322 05:40 4.625
20160322 05:50 4.625
20160322 06:00 4.6875
20160322 06:10 85
20160322 06:20 4.75
20160322 06:30 4.8125
20160322 06:40 4.75
20160322 06:50 4.875
20160322 07:00 4.875
20160322 07:10 4.75
20160322 07:20 4.75
20160322 07:30 4.75
20160322 07:40 4.75
20160322 07:50 4.75
20160322 08:00 4.875
20160322 08:10 5
20160322 08:20 5
20160322 08:30 5.125
20160322 08:40 5.25
20160322 08:50 5.375
20160322 09:00 5.375
20160322 09:10 5.5
20160322 09:20 5.625
20160322 09:30 5.625
20160322 09:40 5.75
20160322 09:50 5.875
20160322 10:00 6.125
20160322 10:10 6.375
20160322 10:20 6.375
20160322 10:30 6.75
20160322 10:40 6.75
20160322 10:50 7
20160322 11:00 7.125
20160322 11:10 7
20160322 11:20 6.75
20160322 11:30 7
20160322 11:40 6.75
20160322 11:50 7
20160322 12:00 7.125
20160322 12:10 7
20160322 12:20 7.375
20160322 12:30 7.375
20160322 12:40 7.5
20160322 12:50 7.625
20160322 13:00 7.625
20160322 13:10 7.125
20160322 13:20 7.5
20160322 13:30 7.25
20160322 13:40 7.25
20160322 13:50 8.5
20160322 14:00 7.375
20160322 14:10 6.875
20160322 14:20 6.875
20160322 14:30 7.375
20160322 14:40 7.375
20160322 14:50 7.375
20160322 15:00 7.75
20160322 15:10 7.625
20160322 15:20 7.625
20160322 15:30 8
20160322 15:40 7.75
20160322 15:50 7.625
20160322 16:00 8.25
20160322 16:10 7.875
20160322 16:20 8.875
20160322 16:30 8.75
20160322 16:40 8.125
20160322 16:50 7.875
20160322 17:00 7.375
20160322 17:10 7.25
20160322 17:20 7.375
20160322 17:30 7.875
20160322 17:40 7.75
20160322 17:50 7.25
20160322 18:00 7.625
20160322 18:10 7.375
20160322 18:20 7.375
20160322 18:30 7.25
20160322 18:40 7
20160322 18:50 7
20160322 19:00 6.875
20160322 19:10 6.75
20160322 19:20 6.75
20160322 19:30 6.625
20160322 19:40 6.5
20160322 19:50 6.375
20160322 20:00 6.125
20160322 20:10 5.875
20160322 20:20 5.75
20160322 20:30 5.5
20160322 20:40 5.5
20160322 20:50 5.375
20160322 21:00 5.125
20160322 21:10 5
20160322 21:20 4.875
20160322 21:30 4.75
20160322 21:40 4.5
20160322 21:50 4.625
20160322 22:00 4.625
20160322 22:10 4.625
20160322 22:20 4.5
20160322 22:30 4.25
20160322 22:40 4.125
20160322 22:50 4.0625
20160322 23:00 3.875
20160322 23:10 3.9375
20160322 23:20 4.375
20160322 23:30 4.5
20160322 23:40 4.4375
20160322 23:50 4.5
