YYYYMMDD HH:MM measured temperature
20160307 00:00 1.4375
20160307 00:10 1.375
20160307 00:20 1.3125
20160307 00:30 1.5625
20160307 00:40 85
20160307 00:50 1.6875
20160307 01:00 1.625
20160307 01:10 1.4375
20160307 01:20 1.25
20160307 01:30 1.125
20160307 01:40 1
20160307 01:50 0.9375
20160307 02:00 0.8125
20160307 02:10 0.625
20160307 02:20 0.625
20160307 02:30 0.4375
20160307 02:40 0.375
20160307 02:50 0.3125
20160307 03:00 0.25
20160307 03:10 0.1875
20160307 03:20 0.1875
20160307 03:30 0.125
20160307 03:40 0
20160307 03:50 0.0625
20160307 04:00 0
20160307 04:10 -0.0625
20160307 04:20 -0.25
20160307 04:30 -0.125
20160307 04:40 -0.375
20160307 04:50 -0.375
20160307 05:00 -0.375
20160307 05:10 -0.4375
20160307 05:20 -0.375
20160307 05:30 -0.1875
20160307 05:40 -0.0625
20160307 05:50 0.0625
20160307 06:00 -0.0625
20160307 06:10 -0.25
20160307 06:20 -0.3125
20160307 06:30 -0.375
20160307 06:40 -0.125
20160307 06:50 -0.0625
20160307 07:00 0.0625
20160307 07:10 0.0625
20160307 07:20 0.125
20160307 07:30 0.1875
20160307 07:40 0.25
20160307 07:50 0.375
20160307 08:00 0.375
20160307 08:10 0.5
20160307 08:20 0.625
20160307 08:30 0.875
20160307 08:40 0.9375
20160307 08:50 0.8125
20160307 09:00 0.875
20160307 09:10 1.3125
20160307 09:20 1.25
20160307 09:30 1.5625
20160307 09:40 1.625
20160307 09:50 1.875
20160307 10:00 85
20160307 10:10 2.1875
20160307 10:20 2.3125
20160307 10:30 85
20160307 10:40 2.3125
20160307 10:50 2.8125
20160307 11:00 3.25
20160307 11:10 4.0625
20160307 11:20 4
20160307 11:30 4.125
20160307 11:40 3.625
20160307 11:50 3.9375
20160307 12:00 5.1875
20160307 12:10 4.875
20160307 12:20 6.5
20160307 12:30 4.75
20160307 12:40 4.3125
20160307 12:50 4.125
20160307 13:00 4.375
20160307 13:10 6.375
20160307 13:20 6.625
20160307 13:30 6.5625
20160307 13:40 5.5
20160307 13:50 5.3125
20160307 14:00 5.875
20160307 14:10 7.0625
20160307 14:20 7.0625
20160307 14:30 6.875
20160307 14:40 7.1875
20160307 14:50 7.875
20160307 15:00 8.125
20160307 15:10 7.875
20160307 15:20 6.1875
20160307 15:30 6.125
20160307 15:40 6
20160307 15:50 5.75
20160307 16:00 5.75
20160307 16:10 5.75
20160307 16:20 5.625
20160307 16:30 6
20160307 16:40 6.4375
20160307 16:50 6.375
20160307 17:00 5.875
20160307 17:10 5.5625
20160307 17:20 5.3125
20160307 17:30 4.875
20160307 17:40 4.5
20160307 17:50 4.25
20160307 18:00 4.125
20160307 18:10 3.25
20160307 18:20 2.875
20160307 18:30 2.375
20160307 18:40 2.25
20160307 18:50 2
20160307 19:00 2
20160307 19:10 1.5
20160307 19:20 1.5
20160307 19:30 1.25
20160307 19:40 1.125
20160307 19:50 0.875
20160307 20:00 1
20160307 20:10 1
20160307 20:20 0.625
20160307 20:30 0.5
20160307 20:40 0.25
20160307 20:50 0.25
20160307 21:00 0.25
20160307 21:10 0.125
20160307 21:20 -0.125
20160307 21:30 -0.125
20160307 21:40 0.125
20160307 21:50 -0.375
20160307 22:00 -0.4375
20160307 22:10 -0.5
20160307 22:20 -0.5625
20160307 22:30 -0.625
20160307 22:40 -0.5
20160307 22:50 -0.375
20160307 23:00 -0.5625
20160307 23:10 -0.625
20160307 23:20 -0.8125
20160307 23:30 -1
20160307 23:40 -1.0625
20160307 23:50 -1.1875
