YYYYMMDD HH:MM measured temperature
20160419 00:00 7.375
20160419 00:10 7.25
20160419 00:20 7.25
20160419 00:30 7.125
20160419 00:40 7.25
20160419 00:50 7.375
20160419 01:00 7.375
20160419 01:10 7.375
20160419 01:20 7.25
20160419 01:30 7.25
20160419 01:40 7.375
20160419 01:50 7.375
20160419 02:00 7.25
20160419 02:10 7.25
20160419 02:20 7.375
20160419 02:30 7.375
20160419 02:40 7.375
20160419 02:50 7.5
20160419 03:00 7.5
20160419 03:10 7.5
20160419 03:20 7.375
20160419 03:30 7.375
20160419 03:40 7.375
20160419 03:50 7.375
20160419 04:00 7.5
20160419 04:10 7.375
20160419 04:20 7.125
20160419 04:30 7.25
20160419 04:40 7
20160419 04:50 7.125
20160419 05:00 7.375
20160419 05:10 7.375
20160419 05:20 7.375
20160419 05:30 7.375
20160419 05:40 7.125
20160419 05:50 7
20160419 06:00 6.75
20160419 06:10 6.5
20160419 06:20 6.375
20160419 06:30 6.25
20160419 06:40 6.25
20160419 06:50 6.25
20160419 07:00 6.5
20160419 07:10 6.75
20160419 07:20 6.875
20160419 07:30 7
20160419 07:40 7.125
20160419 07:50 7.375
20160419 08:00 7.5
20160419 08:10 7.75
20160419 08:20 7.875
20160419 08:30 8
20160419 08:40 8.625
20160419 08:50 8.875
20160419 09:00 8.75
20160419 09:10 8.75
20160419 09:20 9.375
20160419 09:30 9.5
20160419 09:40 9.6875
20160419 09:50 10.125
20160419 10:00 10.75
20160419 10:10 10.8125
20160419 10:20 9.75
20160419 10:30 10.125
20160419 10:40 11.25
20160419 10:50 9.125
20160419 11:00 11.125
20160419 11:10 11.1875
20160419 11:20 11.5
20160419 11:30 12.25
20160419 11:40 11.625
20160419 11:50 11.5
20160419 12:00 10.625
20160419 12:10 11.125
20160419 12:20 11.75
20160419 12:30 11.625
20160419 12:40 12
20160419 12:50 11.375
20160419 13:00 10.75
20160419 13:10 11.625
20160419 13:20 10.75
20160419 13:30 10.875
20160419 13:40 10.75
20160419 13:50 11
20160419 14:00 11
20160419 14:10 11.5
20160419 14:20 11.375
20160419 14:30 10.5
20160419 14:40 10.875
20160419 14:50 10.75
20160419 15:00 10.75
20160419 15:10 11
20160419 15:20 11
20160419 15:30 11.75
20160419 15:40 11.625
20160419 15:50 10.375
20160419 16:00 10.375
20160419 16:10 11.125
20160419 16:20 10.625
20160419 16:30 11.125
20160419 16:40 10.5
20160419 16:50 11
20160419 17:00 10.125
20160419 17:10 9.875
20160419 17:20 9.875
20160419 17:30 9.625
20160419 17:40 9.75
20160419 17:50 9.75
20160419 18:00 9
20160419 18:10 9.625
20160419 18:20 9.375
20160419 18:30 9.375
20160419 18:40 9.125
20160419 18:50 8.875
20160419 19:00 8.75
20160419 19:10 9
20160419 19:20 8.75
20160419 19:30 8.625
20160419 19:40 8.375
20160419 19:50 8.125
20160419 20:00 7.875
20160419 20:10 8
20160419 20:20 7.875
20160419 20:30 7.875
20160419 20:40 7.75
20160419 20:50 7.75
20160419 21:00 7.75
20160419 21:10 7.625
20160419 21:20 7.625
20160419 21:30 7.5
20160419 21:40 7.5
20160419 21:50 7.5
20160419 22:00 7.5
20160419 22:10 7.5
20160419 22:20 7.375
20160419 22:30 7.375
20160419 22:40 7.25
20160419 22:50 7
20160419 23:00 7.125
20160419 23:10 7.125
20160419 23:20 7.125
20160419 23:30 7.125
20160419 23:40 7.125
20160419 23:50 7
