YYYYMMDD HH:MM measured temperature
20160121 00:00 -5.125
20160121 00:10 -5.375
20160121 00:20 -5.3125
20160121 00:30 -5.5
20160121 00:40 -5.3125
20160121 00:50 -5.25
20160121 01:00 -5.3125
20160121 01:10 -5.4375
20160121 01:20 -5.625
20160121 01:30 -5.5625
20160121 01:40 -5.5625
20160121 01:50 -5.625
20160121 02:00 -5.375
20160121 02:10 -5.625
20160121 02:20 -5.6875
20160121 02:30 -5.6875
20160121 02:40 -5.6875
20160121 02:50 -5.6875
20160121 03:00 -5.625
20160121 03:10 -5.6875
20160121 03:20 -5.375
20160121 03:30 -5.125
20160121 03:40 -5.125
20160121 03:50 -5.3125
20160121 04:00 -5.4375
20160121 04:10 -5.3125
20160121 04:20 -5.625
20160121 04:30 -5.5625
20160121 04:40 -5.5
20160121 04:50 -5.5
20160121 05:00 -5.5
20160121 05:10 -5.4375
20160121 05:20 -5.1875
20160121 05:30 -5.25
20160121 05:40 -5.5625
20160121 05:50 -5.1875
20160121 06:00 -5.3125
20160121 06:10 -5.5
20160121 06:20 -5.375
20160121 06:30 -5.5
20160121 06:40 -5.375
20160121 06:50 -5.4375
20160121 07:00 -5.375
20160121 07:10 -5.375
20160121 07:20 -5.25
20160121 07:30 -5.3125
20160121 07:40 -5.4375
20160121 07:50 -5.375
20160121 08:00 -5.5
20160121 08:10 -5.25
20160121 08:20 -5.3125
20160121 08:30 -5.3125
20160121 08:40 -5.5625
20160121 08:50 -5.5
20160121 09:00 -5.4375
20160121 09:10 -5.25
20160121 09:20 -5.4375
20160121 09:30 -5.5625
20160121 09:40 -5.5625
20160121 09:50 -5.5
20160121 10:00 -5.4375
20160121 10:10 -5.5
20160121 10:20 -5.375
20160121 10:30 -5.375
20160121 10:40 -5.4375
20160121 10:50 -5.25
20160121 11:00 -5.5
20160121 11:10 -5.5
20160121 11:20 -5.8125
20160121 11:30 -5.75
20160121 11:40 -5.4375
20160121 11:50 -5
20160121 12:00 -4.875
20160121 12:10 -4.8125
20160121 12:20 -4.5
20160121 12:30 -4.375
20160121 12:40 -4.8125
20160121 12:50 -4.8125
20160121 13:00 -4.8125
20160121 13:10 -4.5
20160121 13:20 -4.75
20160121 13:30 -4.375
20160121 13:40 -4.4375
20160121 13:50 -4.5625
20160121 14:00 -4.625
20160121 14:10 -4.8125
20160121 14:20 -4.9375
20160121 14:30 -5
20160121 14:40 -5.0625
20160121 14:50 -5.1875
20160121 15:00 -5.0625
20160121 15:10 -5.4375
20160121 15:20 -5.4375
20160121 15:30 85
20160121 15:40 -5.4375
20160121 15:50 -5.5
20160121 16:00 -5.375
20160121 16:10 -5.875
20160121 16:20 -6
20160121 16:30 -6
20160121 16:40 85
20160121 16:50 -6
20160121 17:00 -5.875
20160121 17:10 -6
20160121 17:20 -5.875
20160121 17:30 -5.75
20160121 17:40 -5.625
20160121 17:50 -5.9375
20160121 18:00 -6
20160121 18:10 -5.9375
20160121 18:20 -5.75
20160121 18:30 -6
20160121 18:40 -6.125
20160121 18:50 85
20160121 19:00 -6
20160121 19:10 -5.8125
20160121 19:20 -5.75
20160121 19:30 -5.8125
20160121 19:40 -5.75
20160121 19:50 -5.75
20160121 20:00 -5.5625
20160121 20:10 -5.75
20160121 20:20 -5.8125
20160121 20:30 85
20160121 20:40 -5.6875
20160121 20:50 -5.8125
20160121 21:00 85
20160121 21:10 -5.75
20160121 21:20 -5.875
20160121 21:30 -5.875
20160121 21:40 -5.5
20160121 21:50 -5.625
20160121 22:00 -5.375
20160121 22:10 -5.625
20160121 22:20 -5.5625
20160121 22:30 -5.625
20160121 22:40 -5.375
20160121 22:50 -5.6875
20160121 23:00 -5.625
20160121 23:10 -5.5
20160121 23:20 -5.75
20160121 23:30 -5.75
20160121 23:40 -5.75
20160121 23:50 -5.625
