YYYYMMDD HH:MM measured temperature
20160221 00:00 85
20160221 00:10 5.9375
20160221 00:20 5.9375
20160221 00:30 6.0625
20160221 00:40 6.125
20160221 00:50 6.125
20160221 01:00 6.25
20160221 01:10 6.3125
20160221 01:20 6.625
20160221 01:30 7.1875
20160221 01:40 7.0625
20160221 01:50 7.25
20160221 02:00 85
20160221 02:10 7.0625
20160221 02:20 6.875
20160221 02:30 7
20160221 02:40 6.9375
20160221 02:50 6.875
20160221 03:00 6.5625
20160221 03:10 6.6875
20160221 03:20 85
20160221 03:30 6.5625
20160221 03:40 85
20160221 03:50 6.5625
20160221 04:00 6.8125
20160221 04:10 85
20160221 04:20 6.75
20160221 04:30 6.875
20160221 04:40 7
20160221 04:50 6.9375
20160221 05:00 6.9375
20160221 05:10 85
20160221 05:20 6.875
20160221 05:30 7
20160221 05:40 85
20160221 05:50 6.8125
20160221 06:00 6.875
20160221 06:10 6.875
20160221 06:20 6.9375
20160221 06:30 6.875
20160221 06:40 6.875
20160221 06:50 6.875
20160221 07:00 6.8125
20160221 07:10 6.6875
20160221 07:20 6.6875
20160221 07:30 6.75
20160221 07:40 6.625
20160221 07:50 6.75
20160221 08:00 6.75
20160221 08:10 6.75
20160221 08:20 6.6875
20160221 08:30 6.75
20160221 08:40 6.75
20160221 08:50 6.75
20160221 09:00 7
20160221 09:10 7
20160221 09:20 6.875
20160221 09:30 7
20160221 09:40 7.125
20160221 09:50 7.25
20160221 10:00 7.375
20160221 10:10 7.5
20160221 10:20 7.5
20160221 10:30 7.625
20160221 10:40 7.75
20160221 10:50 7.875
20160221 11:00 7.9375
20160221 11:10 8
20160221 11:20 8
20160221 11:30 7.75
20160221 11:40 7.75
20160221 11:50 7.5625
20160221 12:00 7.625
20160221 12:10 7.75
20160221 12:20 7.75
20160221 12:30 85
20160221 12:40 7.625
20160221 12:50 7.9375
20160221 13:00 85
20160221 13:10 7.625
20160221 13:20 7.5
20160221 13:30 7.5
20160221 13:40 7.625
20160221 13:50 7.5625
20160221 14:00 7.625
20160221 14:10 7.625
20160221 14:20 7.625
20160221 14:30 7.5625
20160221 14:40 85
20160221 14:50 7.625
20160221 15:00 7.5625
20160221 15:10 7.75
20160221 15:20 7.75
20160221 15:30 7.9375
20160221 15:40 8.25
20160221 15:50 8.625
20160221 16:00 9.125
20160221 16:10 9.375
20160221 16:20 9.625
20160221 16:30 9.75
20160221 16:40 9.8125
20160221 16:50 9.875
20160221 17:00 9.875
20160221 17:10 9.875
20160221 17:20 10
20160221 17:30 10
20160221 17:40 10
20160221 17:50 9.9375
20160221 18:00 10
20160221 18:10 10.125
20160221 18:20 10.125
20160221 18:30 10.0625
20160221 18:40 10.0625
20160221 18:50 10.125
20160221 19:00 10.125
20160221 19:10 10
20160221 19:20 10
20160221 19:30 10
20160221 19:40 10
20160221 19:50 10
20160221 20:00 10.0625
20160221 20:10 10
20160221 20:20 10.0625
20160221 20:30 10.0625
20160221 20:40 10
20160221 20:50 10.125
20160221 21:00 10.1875
20160221 21:10 10.25
20160221 21:20 10.25
20160221 21:30 10.375
20160221 21:40 10.375
20160221 21:50 10.4375
20160221 22:00 10.5
20160221 22:10 10.5625
20160221 22:20 10.5
20160221 22:30 10.5625
20160221 22:40 10.625
20160221 22:50 10.75
20160221 23:00 10.625
20160221 23:10 10.625
20160221 23:20 10.5625
20160221 23:30 10.6875
20160221 23:40 10.75
20160221 23:50 10.625
