YYYYMMDD HH:MM measured temperature
20160716 00:00 10.875
20160716 00:10 10.625
20160716 00:20 10.8125
20160716 00:30 10.75
20160716 00:40 10.75
20160716 00:50 10.625
20160716 01:00 10.5
20160716 01:10 10.375
20160716 01:20 10.25
20160716 01:30 10.125
20160716 01:40 10
20160716 01:50 10
20160716 02:00 85
20160716 02:10 9.8125
20160716 02:20 9.75
20160716 02:30 9.75
20160716 02:40 9.875
20160716 02:50 85
20160716 03:00 10.0625
20160716 03:10 10.5
20160716 03:20 10.625
20160716 03:30 10.875
20160716 03:40 11.25
20160716 03:50 11.25
20160716 04:00 11.125
20160716 04:10 11.125
20160716 04:20 11.1875
20160716 04:30 11.125
20160716 04:40 11.375
20160716 04:50 11.375
20160716 05:00 11
20160716 05:10 11.375
20160716 05:20 11.4375
20160716 05:30 11.5
20160716 05:40 11.625
20160716 05:50 11.75
20160716 06:00 11.75
20160716 06:10 11.875
20160716 06:20 12
20160716 06:30 12.375
20160716 06:40 12.625
20160716 06:50 12.625
20160716 07:00 12.75
20160716 07:10 13
20160716 07:20 13.25
20160716 07:30 13.125
20160716 07:40 13.5
20160716 07:50 13.75
20160716 08:00 14
20160716 08:10 14.125
20160716 08:20 14.5
20160716 08:30 14.875
20160716 08:40 15.25
20160716 08:50 15.375
20160716 09:00 15.5
20160716 09:10 16
20160716 09:20 16
20160716 09:30 16.375
20160716 09:40 16.625
20160716 09:50 16.75
20160716 10:00 17.125
20160716 10:10 17.625
20160716 10:20 17.25
20160716 10:30 17.25
20160716 10:40 17.625
20160716 10:50 17.5
20160716 11:00 17.5
20160716 11:10 17.375
20160716 11:20 17.5
20160716 11:30 17.5
20160716 11:40 17.625
20160716 11:50 17.5
20160716 12:00 17.5
20160716 12:10 17.375
20160716 12:20 17.25
20160716 12:30 17.25
20160716 12:40 17.125
20160716 12:50 17
20160716 13:00 17
20160716 13:10 16.875
20160716 13:20 17.625
20160716 13:30 17.875
20160716 13:40 17.875
20160716 13:50 17.875
20160716 14:00 18
20160716 14:10 18.875
20160716 14:20 18.5
20160716 14:30 18.5
20160716 14:40 18.625
20160716 14:50 19.375
20160716 15:00 19.5
20160716 15:10 19.625
20160716 15:20 19.75
20160716 15:30 19.625
20160716 15:40 19.625
20160716 15:50 19.75
20160716 16:00 20.125
20160716 16:10 20
20160716 16:20 19.875
20160716 16:30 20.25
20160716 16:40 20.625
20160716 16:50 20.5
20160716 17:00 20.5
20160716 17:10 20.25
20160716 17:20 20.5
20160716 17:30 20.25
20160716 17:40 20
20160716 17:50 19.875
20160716 18:00 19.875
20160716 18:10 20.125
20160716 18:20 20.125
20160716 18:30 20
20160716 18:40 20
20160716 18:50 19.875
20160716 19:00 19.75
20160716 19:10 19.625
20160716 19:20 19.375
20160716 19:30 19.25
20160716 19:40 19
20160716 19:50 18.75
20160716 20:00 18.5
20160716 20:10 18.375
20160716 20:20 18.375
20160716 20:30 18.25
20160716 20:40 85
20160716 20:50 85
20160716 21:00 85
20160716 21:10 17.9375
20160716 21:20 17.8125
20160716 21:30 17.8125
20160716 21:40 17.75
20160716 21:50 17.6875
20160716 22:00 17.75
20160716 22:10 17.625
20160716 22:20 17.625
20160716 22:30 17.5625
20160716 22:40 85
20160716 22:50 17.5
20160716 23:00 17.4375
20160716 23:10 17.4375
20160716 23:20 85
20160716 23:30 17.375
20160716 23:40 17.4375
20160716 23:50 17.375
