YYYYMMDD HH:MM measured temperature
20160327 00:00 9.625
20160327 00:10 9.625
20160327 00:20 9.625
20160327 00:30 9.5
20160327 00:40 9.25
20160327 00:50 8.875
20160327 01:00 8.75
20160327 01:10 8.625
20160327 01:20 8.375
20160327 01:30 8.375
20160327 01:40 8.25
20160327 01:50 8
20160327 02:00 8.125
20160327 02:10 8.125
20160327 02:20 7.75
20160327 02:30 7.875
20160327 02:40 7.75
20160327 02:50 7.875
20160327 03:00 8
20160327 03:10 7.75
20160327 03:20 7.875
20160327 03:30 8
20160327 03:40 8
20160327 03:50 8.125
20160327 04:00 7.75
20160327 04:10 7.625
20160327 04:20 7.625
20160327 04:30 7.375
20160327 04:40 7.375
20160327 04:50 7.375
20160327 05:00 7.125
20160327 05:10 6.875
20160327 05:20 6.875
20160327 05:30 7
20160327 05:40 6.875
20160327 05:50 6.875
20160327 06:00 6.875
20160327 06:10 7
20160327 06:20 7.25
20160327 06:30 7.25
20160327 06:40 7.375
20160327 06:50 7.625
20160327 07:00 7.875
20160327 07:10 7.875
20160327 07:20 7.875
20160327 07:30 8
20160327 07:40 8
20160327 07:50 8.25
20160327 08:00 8.125
20160327 08:10 8.625
20160327 08:20 8.625
20160327 08:30 8.75
20160327 08:40 8.75
20160327 08:50 8.75
20160327 09:00 8.875
20160327 09:10 8.875
20160327 09:20 9
20160327 09:30 9.125
20160327 09:40 9.25
20160327 09:50 9.375
20160327 10:00 9.5
20160327 10:10 9.625
20160327 10:20 9.625
20160327 10:30 9.625
20160327 10:40 9.625
20160327 10:50 9.75
20160327 11:00 9.5
20160327 11:10 9
20160327 11:20 8.75
20160327 11:30 8.625
20160327 11:40 8.25
20160327 11:50 8.125
20160327 12:00 8.125
20160327 12:10 8
20160327 12:20 7.875
20160327 12:30 7.625
20160327 12:40 7.625
20160327 12:50 7.5
20160327 13:00 7.5
20160327 13:10 7.375
20160327 13:20 7.5
20160327 13:30 7.5
20160327 13:40 7.875
20160327 13:50 8.125
20160327 14:00 8.25
20160327 14:10 8.375
20160327 14:20 8.5
20160327 14:30 9
20160327 14:40 9.125
20160327 14:50 8.875
20160327 15:00 9.125
20160327 15:10 8.875
20160327 15:20 9.125
20160327 15:30 8.75
20160327 15:40 8.875
20160327 15:50 9.875
20160327 16:00 10.875
20160327 16:10 9.875
20160327 16:20 10.125
20160327 16:30 10.625
20160327 16:40 11
20160327 16:50 10.625
20160327 17:00 10.875
20160327 17:10 11.25
20160327 17:20 11.375
20160327 17:30 11.625
20160327 17:40 11.5
20160327 17:50 11.25
20160327 18:00 11.5
20160327 18:10 11.25
20160327 18:20 11.125
20160327 18:30 11.125
20160327 18:40 11
20160327 18:50 10.625
20160327 19:00 10.5
20160327 19:10 10.5
20160327 19:20 10.375
20160327 19:30 10.375
20160327 19:40 9.875
20160327 19:50 9.375
20160327 20:00 9.125
20160327 20:10 9
20160327 20:20 8.875
20160327 20:30 7.875
20160327 20:40 7.875
20160327 20:50 8
20160327 21:00 8
20160327 21:10 8.25
20160327 21:20 7.875
20160327 21:30 7.75
20160327 21:40 7.625
20160327 21:50 7.5
20160327 22:00 7.25
20160327 22:10 7
20160327 22:20 7.25
20160327 22:30 7.375
20160327 22:40 7.375
20160327 22:50 7.625
20160327 23:00 7.5
20160327 23:10 7.625
20160327 23:20 7.375
20160327 23:30 7.25
20160327 23:40 7.375
20160327 23:50 7.25
