YYYYMMDD HH:MM measured temperature
20160219 00:00 -0.625
20160219 00:10 -0.4375
20160219 00:20 -0.3125
20160219 00:30 0
20160219 00:40 0
20160219 00:50 -0.125
20160219 01:00 -0.25
20160219 01:10 -0.1875
20160219 01:20 0.0625
20160219 01:30 0.0625
20160219 01:40 0.1875
20160219 01:50 0.3125
20160219 02:00 0.3125
20160219 02:10 85
20160219 02:20 0.375
20160219 02:30 0.25
20160219 02:40 0.25
20160219 02:50 0.25
20160219 03:00 0.3125
20160219 03:10 85
20160219 03:20 0.3125
20160219 03:30 0.3125
20160219 03:40 0.3125
20160219 03:50 85
20160219 04:00 0.375
20160219 04:10 0.375
20160219 04:20 0.4375
20160219 04:30 85
20160219 04:40 0.4375
20160219 04:50 0.4375
20160219 05:00 0.5625
20160219 05:10 0.5625
20160219 05:20 0.5625
20160219 05:30 0.5
20160219 05:40 0.5625
20160219 05:50 85
20160219 06:00 0.4375
20160219 06:10 0.5
20160219 06:20 0.4375
20160219 06:30 0.4375
20160219 06:40 85
20160219 06:50 0.4375
20160219 07:00 0.5
20160219 07:10 0.4375
20160219 07:20 0.5
20160219 07:30 0.5
20160219 07:40 0.4375
20160219 07:50 0.5
20160219 08:00 0.5
20160219 08:10 85
20160219 08:20 0.625
20160219 08:30 0.6875
20160219 08:40 0.625
20160219 08:50 0.625
20160219 09:00 0.75
20160219 09:10 0.75
20160219 09:20 0.8125
20160219 09:30 0.875
20160219 09:40 0.875
20160219 09:50 0.9375
20160219 10:00 1
20160219 10:10 1
20160219 10:20 85
20160219 10:30 1.375
20160219 10:40 1.3125
20160219 10:50 1.5
20160219 11:00 1.625
20160219 11:10 1.75
20160219 11:20 1.875
20160219 11:30 2.0625
20160219 11:40 2.375
20160219 11:50 2.625
20160219 12:00 85
20160219 12:10 2.4375
20160219 12:20 2.75
20160219 12:30 2.75
20160219 12:40 2.9375
20160219 12:50 3.25
20160219 13:00 3.375
20160219 13:10 85
20160219 13:20 3.3125
20160219 13:30 3.5
20160219 13:40 3.5625
20160219 13:50 3.875
20160219 14:00 3.8125
20160219 14:10 3.75
20160219 14:20 85
20160219 14:30 3.75
20160219 14:40 3.875
20160219 14:50 85
20160219 15:00 85
20160219 15:10 4.0625
20160219 15:20 3.75
20160219 15:30 85
20160219 15:40 4.0625
20160219 15:50 3.75
20160219 16:00 3.625
20160219 16:10 3.5
20160219 16:20 3.3125
20160219 16:30 3.3125
20160219 16:40 3.25
20160219 16:50 3.25
20160219 17:00 3.1875
20160219 17:10 3.0625
20160219 17:20 3.0625
20160219 17:30 3
20160219 17:40 2.6875
20160219 17:50 2.5
20160219 18:00 2.3125
20160219 18:10 2.3125
20160219 18:20 85
20160219 18:30 2.3125
20160219 18:40 85
20160219 18:50 2.375
20160219 19:00 85
20160219 19:10 2
20160219 19:20 1.6875
20160219 19:30 1.75
20160219 19:40 1.5
20160219 19:50 1.1875
20160219 20:00 1
20160219 20:10 0.75
20160219 20:20 0.4375
20160219 20:30 0.5
20160219 20:40 0.875
20160219 20:50 85
20160219 21:00 1.0625
20160219 21:10 1
20160219 21:20 0.75
20160219 21:30 0.625
20160219 21:40 0.625
20160219 21:50 0.625
20160219 22:00 0.5
20160219 22:10 0.5
20160219 22:20 0.625
20160219 22:30 0.4375
20160219 22:40 0.5625
20160219 22:50 0.3125
20160219 23:00 0.375
20160219 23:10 0.5
20160219 23:20 0.5625
20160219 23:30 0.5
20160219 23:40 0.625
20160219 23:50 0.5625
