YYYYMMDD HH:MM measured temperature
20160621 00:00 14.75
20160621 00:10 14.75
20160621 00:20 14.75
20160621 00:30 14.75
20160621 00:40 14.6875
20160621 00:50 14.75
20160621 01:00 14.75
20160621 01:10 14.875
20160621 01:20 14.75
20160621 01:30 14.75
20160621 01:40 14.75
20160621 01:50 14.875
20160621 02:00 14.75
20160621 02:10 14.875
20160621 02:20 14.75
20160621 02:30 14.8125
20160621 02:40 14.875
20160621 02:50 15
20160621 03:00 15
20160621 03:10 14.9375
20160621 03:20 15
20160621 03:30 15
20160621 03:40 14.875
20160621 03:50 14.875
20160621 04:00 14.875
20160621 04:10 14.875
20160621 04:20 14.6875
20160621 04:30 14.625
20160621 04:40 14.625
20160621 04:50 14.625
20160621 05:00 14.5
20160621 05:10 14.5
20160621 05:20 14.375
20160621 05:30 14.375
20160621 05:40 14.375
20160621 05:50 14.375
20160621 06:00 14.375
20160621 06:10 14.375
20160621 06:20 14.25
20160621 06:30 14.25
20160621 06:40 14.125
20160621 06:50 14.25
20160621 07:00 14.25
20160621 07:10 14.25
20160621 07:20 14.3125
20160621 07:30 14.5
20160621 07:40 14.5
20160621 07:50 14.625
20160621 08:00 15
20160621 08:10 15.25
20160621 08:20 15.5
20160621 08:30 15.875
20160621 08:40 16
20160621 08:50 15.8125
20160621 09:00 15.6875
20160621 09:10 15.625
20160621 09:20 16
20160621 09:30 16.1875
20160621 09:40 85
20160621 09:50 85
20160621 10:00 15.6875
20160621 10:10 15.5625
20160621 10:20 16.875
20160621 10:30 17.375
20160621 10:40 17.875
20160621 10:50 85
20160621 11:00 18.75
20160621 11:10 19.25
20160621 11:20 20.3125
20160621 11:30 20.25
20160621 11:40 21.25
20160621 11:50 19.875
20160621 12:00 21
20160621 12:10 21.25
20160621 12:20 20.125
20160621 12:30 21.875
20160621 12:40 22.125
20160621 12:50 22
20160621 13:00 21.875
20160621 13:10 20.875
20160621 13:20 20.5
20160621 13:30 21
20160621 13:40 21.125
20160621 13:50 22.4375
20160621 14:00 22.375
20160621 14:10 23.25
20160621 14:20 22.375
20160621 14:30 22.625
20160621 14:40 23.375
20160621 14:50 23.25
20160621 15:00 22.625
20160621 15:10 23.625
20160621 15:20 23.375
20160621 15:30 23.625
20160621 15:40 23.625
20160621 15:50 23.375
20160621 16:00 22.125
20160621 16:10 23.25
20160621 16:20 22.625
20160621 16:30 24.125
20160621 16:40 23.5
20160621 16:50 23.25
20160621 17:00 23.375
20160621 17:10 23.375
20160621 17:20 23.5
20160621 17:30 23.375
20160621 17:40 23.25
20160621 17:50 22.125
20160621 18:00 22.75
20160621 18:10 22.625
20160621 18:20 23.25
20160621 18:30 23.125
20160621 18:40 22.625
20160621 18:50 22.5
20160621 19:00 22.625
20160621 19:10 22.125
20160621 19:20 22.25
20160621 19:30 21.875
20160621 19:40 22.125
20160621 19:50 21.625
20160621 20:00 21.625
20160621 20:10 21.5
20160621 20:20 21.25
20160621 20:30 20.5
20160621 20:40 20.25
20160621 20:50 20.5
20160621 21:00 20.25
20160621 21:10 19.875
20160621 21:20 19.6875
20160621 21:30 19.625
20160621 21:40 19.3125
20160621 21:50 19.25
20160621 22:00 19
20160621 22:10 18.875
20160621 22:20 18.875
20160621 22:30 18.625
20160621 22:40 18.5
20160621 22:50 18.5625
20160621 23:00 85
20160621 23:10 18.625
20160621 23:20 18.875
20160621 23:30 18.75
20160621 23:40 18.875
20160621 23:50 18.8125
