YYYYMMDD HH:MM measured temperature
20160119 00:00 -7.6875
20160119 00:10 -7.75
20160119 00:20 -7.625
20160119 00:30 -7.375
20160119 00:40 -7.4375
20160119 00:50 -7.5
20160119 01:00 -7.625
20160119 01:10 -7.625
20160119 01:20 -7.3125
20160119 01:30 -7.25
20160119 01:40 -7.4375
20160119 01:50 -7.25
20160119 02:00 -7.875
20160119 02:10 -7.375
20160119 02:20 -7.4375
20160119 02:30 -7.375
20160119 02:40 -7.5
20160119 02:50 -7.5625
20160119 03:00 -7.6875
20160119 03:10 -8.25
20160119 03:20 -7.875
20160119 03:30 -7.625
20160119 03:40 -8
20160119 03:50 -7.75
20160119 04:00 -8.125
20160119 04:10 -8.5
20160119 04:20 -8.625
20160119 04:30 -8.8125
20160119 04:40 -8.8125
20160119 04:50 -8.125
20160119 05:00 -8.125
20160119 05:10 -8
20160119 05:20 -7.75
20160119 05:30 -7.6875
20160119 05:40 -7.375
20160119 05:50 -7.3125
20160119 06:00 -7.125
20160119 06:10 -7
20160119 06:20 -6.875
20160119 06:30 -6.875
20160119 06:40 -6.8125
20160119 06:50 -6.75
20160119 07:00 -6.6875
20160119 07:10 -6.6875
20160119 07:20 -6.625
20160119 07:30 -6.625
20160119 07:40 -6.5
20160119 07:50 -6.375
20160119 08:00 -6.375
20160119 08:10 -6.4375
20160119 08:20 -6.5
20160119 08:30 -6.5
20160119 08:40 -6.5
20160119 08:50 -6.375
20160119 09:00 -6.25
20160119 09:10 -6.125
20160119 09:20 -6
20160119 09:30 -5.875
20160119 09:40 -5.75
20160119 09:50 -5.5
20160119 10:00 -5.5
20160119 10:10 -5.375
20160119 10:20 -5.25
20160119 10:30 -5
20160119 10:40 -4.875
20160119 10:50 -4.75
20160119 11:00 -4.75
20160119 11:10 -4.75
20160119 11:20 -4.5
20160119 11:30 -4.375
20160119 11:40 -3.75
20160119 11:50 -3.5
20160119 12:00 -3.5
20160119 12:10 -3.375
20160119 12:20 -3.25
20160119 12:30 -2.75
20160119 12:40 -2.125
20160119 12:50 -2.25
20160119 13:00 -2.75
20160119 13:10 -2.25
20160119 13:20 -2.125
20160119 13:30 -1.125
20160119 13:40 -1.875
20160119 13:50 -2.125
20160119 14:00 -2.375
20160119 14:10 -2.5
20160119 14:20 -2.625
20160119 14:30 -2.625
20160119 14:40 -2.875
20160119 14:50 -3.125
20160119 15:00 -3.125
20160119 15:10 -3.125
20160119 15:20 -3.125
20160119 15:30 -3.25
20160119 15:40 -3.125
20160119 15:50 -3.125
20160119 16:00 -3.125
20160119 16:10 -3
20160119 16:20 -3
20160119 16:30 -3
20160119 16:40 -2.875
20160119 16:50 -2.75
20160119 17:00 -2.75
20160119 17:10 -2.75
20160119 17:20 -2.75
20160119 17:30 -2.625
20160119 17:40 -2.5
20160119 17:50 -2.5
20160119 18:00 -2.4375
20160119 18:10 -2.4375
20160119 18:20 -2.4375
20160119 18:30 -2.25
20160119 18:40 -2.25
20160119 18:50 -2.25
20160119 19:00 -2.25
20160119 19:10 -2.125
20160119 19:20 -2.0625
20160119 19:30 -2.0625
20160119 19:40 -2
20160119 19:50 -2.125
20160119 20:00 -2.125
20160119 20:10 -2.0625
20160119 20:20 -1.875
20160119 20:30 -1.9375
20160119 20:40 -1.875
20160119 20:50 -1.875
20160119 21:00 -1.8125
20160119 21:10 -1.8125
20160119 21:20 -1.875
20160119 21:30 -2
20160119 21:40 -2.0625
20160119 21:50 -2
20160119 22:00 -1.875
20160119 22:10 -1.8125
20160119 22:20 -1.75
20160119 22:30 -1.875
20160119 22:40 -1.9375
20160119 22:50 -1.875
20160119 23:00 -1.6875
20160119 23:10 85
20160119 23:20 -1.6875
20160119 23:30 -1.8125
20160119 23:40 -1.5
20160119 23:50 -1.4375
