YYYYMMDD HH:MM measured temperature
20160516 00:00 5.6875
20160516 00:10 5.5
20160516 00:20 5.5
20160516 00:30 5.3125
20160516 00:40 5.75
20160516 00:50 6.125
20160516 01:00 6
20160516 01:10 6
20160516 01:20 5.75
20160516 01:30 5.625
20160516 01:40 5.75
20160516 01:50 5.625
20160516 02:00 5.625
20160516 02:10 5.375
20160516 02:20 5.375
20160516 02:30 5.4375
20160516 02:40 5.5
20160516 02:50 5.5
20160516 03:00 85
20160516 03:10 5.4375
20160516 03:20 5.3125
20160516 03:30 5.25
20160516 03:40 5.125
20160516 03:50 4.75
20160516 04:00 5.125
20160516 04:10 5.25
20160516 04:20 5.3125
20160516 04:30 5.25
20160516 04:40 5.125
20160516 04:50 5.25
20160516 05:00 5.375
20160516 05:10 5.3125
20160516 05:20 5.25
20160516 05:30 5.125
20160516 05:40 5
20160516 05:50 85
20160516 06:00 5.0625
20160516 06:10 5.4375
20160516 06:20 5.5
20160516 06:30 5.5625
20160516 06:40 5.5625
20160516 06:50 5.5
20160516 07:00 5.5625
20160516 07:10 5.75
20160516 07:20 5.75
20160516 07:30 6
20160516 07:40 6.375
20160516 07:50 7.125
20160516 08:00 6.8125
20160516 08:10 6.75
20160516 08:20 7.3125
20160516 08:30 7.125
20160516 08:40 8.375
20160516 08:50 8.375
20160516 09:00 8.4375
20160516 09:10 9
20160516 09:20 9
20160516 09:30 9.25
20160516 09:40 9.625
20160516 09:50 9.75
20160516 10:00 9.25
20160516 10:10 10.375
20160516 10:20 10.125
20160516 10:30 10.0625
20160516 10:40 8.875
20160516 10:50 9.5
20160516 11:00 10.75
20160516 11:10 10
20160516 11:20 9.5
20160516 11:30 10
20160516 11:40 10.0625
20160516 11:50 9.875
20160516 12:00 10
20160516 12:10 10.25
20160516 12:20 11.125
20160516 12:30 11.125
20160516 12:40 11.375
20160516 12:50 11.3125
20160516 13:00 11.5
20160516 13:10 12.375
20160516 13:20 12.25
20160516 13:30 11.375
20160516 13:40 12.875
20160516 13:50 13.625
20160516 14:00 11.875
20160516 14:10 12.125
20160516 14:20 12.875
20160516 14:30 12.25
20160516 14:40 11.75
20160516 14:50 11.25
20160516 15:00 13.25
20160516 15:10 12.625
20160516 15:20 11.625
20160516 15:30 11.125
20160516 15:40 11.625
20160516 15:50 12.75
20160516 16:00 12.125
20160516 16:10 11.375
20160516 16:20 11.75
20160516 16:30 11.125
20160516 16:40 12.375
20160516 16:50 12.125
20160516 17:00 12
20160516 17:10 12.25
20160516 17:20 12
20160516 17:30 12.25
20160516 17:40 11.25
20160516 17:50 11
20160516 18:00 11.875
20160516 18:10 11.75
20160516 18:20 11.5
20160516 18:30 11.75
20160516 18:40 11.5
20160516 18:50 10.875
20160516 19:00 11.125
20160516 19:10 10.875
20160516 19:20 10.625
20160516 19:30 10.75
20160516 19:40 10.375
20160516 19:50 10
20160516 20:00 10.125
20160516 20:10 9.875
20160516 20:20 9.625
20160516 20:30 9.5
20160516 20:40 9.125
20160516 20:50 8.625
20160516 21:00 8.375
20160516 21:10 8.75
20160516 21:20 8.5
20160516 21:30 8.125
20160516 21:40 8
20160516 21:50 7.875
20160516 22:00 7.5
20160516 22:10 6.6875
20160516 22:20 6.875
20160516 22:30 6.25
20160516 22:40 6.4375
20160516 22:50 6.875
20160516 23:00 7.3125
20160516 23:10 7.4375
20160516 23:20 7.5625
20160516 23:30 7.5625
20160516 23:40 7.5
20160516 23:50 7.6875
