YYYYMMDD HH:MM measured temperature
20160601 00:00 17.625
20160601 00:10 17.5
20160601 00:20 17.375
20160601 00:30 17.25
20160601 00:40 17.25
20160601 00:50 17.1875
20160601 01:00 17.25
20160601 01:10 17.125
20160601 01:20 16.875
20160601 01:30 16.875
20160601 01:40 17
20160601 01:50 17.1875
20160601 02:00 17.0625
20160601 02:10 16.875
20160601 02:20 16.75
20160601 02:30 16.625
20160601 02:40 16.75
20160601 02:50 16.75
20160601 03:00 16.625
20160601 03:10 16.625
20160601 03:20 16.375
20160601 03:30 16.4375
20160601 03:40 16.375
20160601 03:50 16.375
20160601 04:00 16.25
20160601 04:10 16.125
20160601 04:20 15.875
20160601 04:30 15.5625
20160601 04:40 15.375
20160601 04:50 15.375
20160601 05:00 15.25
20160601 05:10 15.125
20160601 05:20 15.125
20160601 05:30 15.1875
20160601 05:40 15.5
20160601 05:50 15.3125
20160601 06:00 85
20160601 06:10 15.4375
20160601 06:20 15.625
20160601 06:30 15.75
20160601 06:40 15.875
20160601 06:50 15.875
20160601 07:00 16
20160601 07:10 16.25
20160601 07:20 16.25
20160601 07:30 16.625
20160601 07:40 16.625
20160601 07:50 16.6875
20160601 08:00 16.5625
20160601 08:10 16.5625
20160601 08:20 16.5
20160601 08:30 16.75
20160601 08:40 16.75
20160601 08:50 17
20160601 09:00 17.125
20160601 09:10 18.25
20160601 09:20 18.125
20160601 09:30 19.5
20160601 09:40 19.4375
20160601 09:50 19.625
20160601 10:00 19.875
20160601 10:10 20.375
20160601 10:20 85
20160601 10:30 20.0625
20160601 10:40 21.625
20160601 10:50 21.5
20160601 11:00 22.3125
20160601 11:10 22.5625
20160601 11:20 23.25
20160601 11:30 23.5
20160601 11:40 23.5625
20160601 11:50 23.6875
20160601 12:00 22.5
20160601 12:10 24.25
20160601 12:20 24.5
20160601 12:30 24.875
20160601 12:40 23.9375
20160601 12:50 24.375
20160601 13:00 25.375
20160601 13:10 25.375
20160601 13:20 26.125
20160601 13:30 26.8125
20160601 13:40 26.125
20160601 13:50 25.375
20160601 14:00 26.25
20160601 14:10 26.875
20160601 14:20 26.625
20160601 14:30 26.375
20160601 14:40 26.375
20160601 14:50 26.625
20160601 15:00 26.5
20160601 15:10 26.25
20160601 15:20 26.4375
20160601 15:30 26
20160601 15:40 26.125
20160601 15:50 25.875
20160601 16:00 25.625
20160601 16:10 25.75
20160601 16:20 25.875
20160601 16:30 25.375
20160601 16:40 25.875
20160601 16:50 25.375
20160601 17:00 24.75
20160601 17:10 23.875
20160601 17:20 23.5
20160601 17:30 23.875
20160601 17:40 25
20160601 17:50 24.875
20160601 18:00 23.625
20160601 18:10 23.25
20160601 18:20 23
20160601 18:30 22.8125
20160601 18:40 23
20160601 18:50 23.125
20160601 19:00 22.875
20160601 19:10 22.5625
20160601 19:20 22.5
20160601 19:30 22.5
20160601 19:40 22.375
20160601 19:50 22.375
20160601 20:00 22.625
20160601 20:10 22.5
20160601 20:20 22.125
20160601 20:30 22.0625
20160601 20:40 21.875
20160601 20:50 21.8125
20160601 21:00 21.6875
20160601 21:10 21.75
20160601 21:20 21.625
20160601 21:30 21.5
20160601 21:40 21
20160601 21:50 20.75
20160601 22:00 20.75
20160601 22:10 20.625
20160601 22:20 20.3125
20160601 22:30 20.0625
20160601 22:40 19.9375
20160601 22:50 19.75
20160601 23:00 19.5625
20160601 23:10 19.4375
20160601 23:20 19.1875
20160601 23:30 18.875
20160601 23:40 18.5625
20160601 23:50 18.4375
