YYYYMMDD HH:MM measured temperature
20160320 00:00 5.125
20160320 00:10 5.125
20160320 00:20 5
20160320 00:30 5.125
20160320 00:40 5.125
20160320 00:50 5
20160320 01:00 5
20160320 01:10 4.875
20160320 01:20 4.875
20160320 01:30 4.875
20160320 01:40 4.875
20160320 01:50 4.875
20160320 02:00 4.75
20160320 02:10 4.75
20160320 02:20 4.625
20160320 02:30 4.625
20160320 02:40 4.5
20160320 02:50 4.5
20160320 03:00 4.4375
20160320 03:10 4.375
20160320 03:20 4.375
20160320 03:30 4.375
20160320 03:40 4.375
20160320 03:50 4.375
20160320 04:00 4.3125
20160320 04:10 4.375
20160320 04:20 4.125
20160320 04:30 4
20160320 04:40 4
20160320 04:50 3.875
20160320 05:00 3.75
20160320 05:10 3.625
20160320 05:20 3.625
20160320 05:30 3.5
20160320 05:40 3.625
20160320 05:50 3.625
20160320 06:00 3.625
20160320 06:10 3.75
20160320 06:20 3.875
20160320 06:30 4
20160320 06:40 4.125
20160320 06:50 4.25
20160320 07:00 4.375
20160320 07:10 4.375
20160320 07:20 4.375
20160320 07:30 4.5
20160320 07:40 4.5
20160320 07:50 4.625
20160320 08:00 4.625
20160320 08:10 4.75
20160320 08:20 4.75
20160320 08:30 4.875
20160320 08:40 4.875
20160320 08:50 5
20160320 09:00 5
20160320 09:10 5
20160320 09:20 5.125
20160320 09:30 5.125
20160320 09:40 5.5
20160320 09:50 5.625
20160320 10:00 5.625
20160320 10:10 5.75
20160320 10:20 5.875
20160320 10:30 6
20160320 10:40 5.75
20160320 10:50 5.875
20160320 11:00 6.125
20160320 11:10 6.125
20160320 11:20 6.375
20160320 11:30 6.5
20160320 11:40 6.375
20160320 11:50 6.375
20160320 12:00 6.375
20160320 12:10 6.875
20160320 12:20 6.75
20160320 12:30 7.25
20160320 12:40 7.125
20160320 12:50 7.25
20160320 13:00 7.75
20160320 13:10 8
20160320 13:20 7.625
20160320 13:30 7.875
20160320 13:40 7.875
20160320 13:50 8.5
20160320 14:00 8.75
20160320 14:10 8.5
20160320 14:20 8.25
20160320 14:30 7.875
20160320 14:40 8.125
20160320 14:50 8.875
20160320 15:00 9.375
20160320 15:10 10.5625
20160320 15:20 9.75
20160320 15:30 9.125
20160320 15:40 9.125
20160320 15:50 9.4375
20160320 16:00 9
20160320 16:10 9.375
20160320 16:20 9
20160320 16:30 8.875
20160320 16:40 8.9375
20160320 16:50 8.75
20160320 17:00 8.75
20160320 17:10 9.5
20160320 17:20 8.875
20160320 17:30 8
20160320 17:40 8.25
20160320 17:50 8.375
20160320 18:00 8
20160320 18:10 7.75
20160320 18:20 7.625
20160320 18:30 7.5
20160320 18:40 7.25
20160320 18:50 7
20160320 19:00 6.625
20160320 19:10 6.375
20160320 19:20 6.25
20160320 19:30 6
20160320 19:40 5.875
20160320 19:50 5.625
20160320 20:00 5.625
20160320 20:10 5.375
20160320 20:20 5.5
20160320 20:30 5.625
20160320 20:40 5.625
20160320 20:50 5.75
20160320 21:00 5.75
20160320 21:10 5.75
20160320 21:20 5.75
20160320 21:30 5.875
20160320 21:40 5.875
20160320 21:50 5.875
20160320 22:00 5.875
20160320 22:10 5.875
20160320 22:20 5.875
20160320 22:30 5.875
20160320 22:40 5.875
20160320 22:50 5.875
20160320 23:00 5.75
20160320 23:10 5.5
20160320 23:20 5.5
20160320 23:30 5.625
20160320 23:40 5.625
20160320 23:50 5.625
