YYYYMMDD HH:MM measured temperature
20160210 00:00 0.625
20160210 00:10 0.75
20160210 00:20 1
20160210 00:30 1.25
20160210 00:40 1.375
20160210 00:50 1.625
20160210 01:00 1.5
20160210 01:10 1.375
20160210 01:20 1.5
20160210 01:30 1.5
20160210 01:40 1.625
20160210 01:50 1.875
20160210 02:00 1.875
20160210 02:10 1.875
20160210 02:20 1.875
20160210 02:30 1.75
20160210 02:40 1.75
20160210 02:50 1.875
20160210 03:00 1.875
20160210 03:10 2
20160210 03:20 1.875
20160210 03:30 1.875
20160210 03:40 1.75
20160210 03:50 1.75
20160210 04:00 1.875
20160210 04:10 1.875
20160210 04:20 1.75
20160210 04:30 1.75
20160210 04:40 1.625
20160210 04:50 1.75
20160210 05:00 1.625
20160210 05:10 1.5
20160210 05:20 1.5
20160210 05:30 1.625
20160210 05:40 1.75
20160210 05:50 1.875
20160210 06:00 2.25
20160210 06:10 2.125
20160210 06:20 2.25
20160210 06:30 2.25
20160210 06:40 2.25
20160210 06:50 2.125
20160210 07:00 2.125
20160210 07:10 2.1875
20160210 07:20 2.25
20160210 07:30 2.1875
20160210 07:40 2.1875
20160210 07:50 2.25
20160210 08:00 2.3125
20160210 08:10 2.375
20160210 08:20 2.4375
20160210 08:30 2.5625
20160210 08:40 2.625
20160210 08:50 2.75
20160210 09:00 2.75
20160210 09:10 2.875
20160210 09:20 3
20160210 09:30 3.125
20160210 09:40 3.375
20160210 09:50 3.4375
20160210 10:00 3.5
20160210 10:10 3.4375
20160210 10:20 85
20160210 10:30 3.625
20160210 10:40 3.6875
20160210 10:50 3.875
20160210 11:00 4.0625
20160210 11:10 4.25
20160210 11:20 4.1875
20160210 11:30 4.3125
20160210 11:40 4.125
20160210 11:50 3.9375
20160210 12:00 3.9375
20160210 12:10 4
20160210 12:20 3.9375
20160210 12:30 3.875
20160210 12:40 3.75
20160210 12:50 3.375
20160210 13:00 3.5
20160210 13:10 3.6875
20160210 13:20 85
20160210 13:30 3.8125
20160210 13:40 3.75
20160210 13:50 3.8125
20160210 14:00 3.625
20160210 14:10 3.6875
20160210 14:20 85
20160210 14:30 3.6875
20160210 14:40 85
20160210 14:50 3.75
20160210 15:00 3.875
20160210 15:10 3.8125
20160210 15:20 3.875
20160210 15:30 3.9375
20160210 15:40 85
20160210 15:50 4
20160210 16:00 4.25
20160210 16:10 4.25
20160210 16:20 4.4375
20160210 16:30 85
20160210 16:40 4.3125
20160210 16:50 4.375
20160210 17:00 4.375
20160210 17:10 85
20160210 17:20 4.4375
20160210 17:30 4.5
20160210 17:40 4.5625
20160210 17:50 4.625
20160210 18:00 4.625
20160210 18:10 4.625
20160210 18:20 4.625
20160210 18:30 4.75
20160210 18:40 4.75
20160210 18:50 4.75
20160210 19:00 4.6875
20160210 19:10 4.75
20160210 19:20 4.75
20160210 19:30 4.8125
20160210 19:40 4.875
20160210 19:50 4.9375
20160210 20:00 4.9375
20160210 20:10 4.875
20160210 20:20 5
20160210 20:30 4.9375
20160210 20:40 4.9375
20160210 20:50 4.9375
20160210 21:00 5
20160210 21:10 4.875
20160210 21:20 4.9375
20160210 21:30 4.9375
20160210 21:40 5
20160210 21:50 5
20160210 22:00 5.125
20160210 22:10 5.125
20160210 22:20 5.0625
20160210 22:30 5.125
20160210 22:40 5.125
20160210 22:50 5.125
20160210 23:00 4.875
20160210 23:10 85
20160210 23:20 85
20160210 23:30 4.5625
20160210 23:40 4.75
20160210 23:50 4.75
