YYYYMMDD HH:MM measured temperature
20160124 00:00 4.75
20160124 00:10 85
20160124 00:20 5
20160124 00:30 4.9375
20160124 00:40 4.875
20160124 00:50 4.9375
20160124 01:00 4.8125
20160124 01:10 85
20160124 01:20 4.6875
20160124 01:30 85
20160124 01:40 4.75
20160124 01:50 4.625
20160124 02:00 4.5
20160124 02:10 4.5
20160124 02:20 4.5
20160124 02:30 4.375
20160124 02:40 4.375
20160124 02:50 4.375
20160124 03:00 4.5
20160124 03:10 4.5
20160124 03:20 4.5
20160124 03:30 4.5625
20160124 03:40 4.5
20160124 03:50 4.5625
20160124 04:00 4.75
20160124 04:10 4.75
20160124 04:20 4.875
20160124 04:30 85
20160124 04:40 5
20160124 04:50 4.75
20160124 05:00 4.5625
20160124 05:10 4.5
20160124 05:20 4.4375
20160124 05:30 4.375
20160124 05:40 4.25
20160124 05:50 4.3125
20160124 06:00 4.375
20160124 06:10 4.5
20160124 06:20 85
20160124 06:30 4.5
20160124 06:40 4.375
20160124 06:50 4.375
20160124 07:00 4.3125
20160124 07:10 4.3125
20160124 07:20 4.25
20160124 07:30 4.125
20160124 07:40 4.125
20160124 07:50 4.125
20160124 08:00 4.125
20160124 08:10 4
20160124 08:20 4.1875
20160124 08:30 4
20160124 08:40 4.25
20160124 08:50 4.25
20160124 09:00 4.1875
20160124 09:10 4.1875
20160124 09:20 4.25
20160124 09:30 4.3125
20160124 09:40 85
20160124 09:50 4.5
20160124 10:00 4.625
20160124 10:10 4.625
20160124 10:20 4.6875
20160124 10:30 85
20160124 10:40 5
20160124 10:50 5.125
20160124 11:00 5.25
20160124 11:10 5.3125
20160124 11:20 5.5
20160124 11:30 5.5625
20160124 11:40 5.5625
20160124 11:50 85
20160124 12:00 5.75
20160124 12:10 6
20160124 12:20 5.75
20160124 12:30 6
20160124 12:40 6
20160124 12:50 6.125
20160124 13:00 6
20160124 13:10 5.8125
20160124 13:20 5.875
20160124 13:30 6.1875
20160124 13:40 6.0625
20160124 13:50 6.1875
20160124 14:00 5.875
20160124 14:10 85
20160124 14:20 5.6875
20160124 14:30 5.6875
20160124 14:40 5.4375
20160124 14:50 5.25
20160124 15:00 5.25
20160124 15:10 5.1875
20160124 15:20 5.1875
20160124 15:30 5.125
20160124 15:40 5.125
20160124 15:50 5.125
20160124 16:00 5
20160124 16:10 4.875
20160124 16:20 4.9375
20160124 16:30 4.875
20160124 16:40 5
20160124 16:50 4.875
20160124 17:00 4.875
20160124 17:10 4.875
20160124 17:20 4.9375
20160124 17:30 4.9375
20160124 17:40 5
20160124 17:50 5
20160124 18:00 5
20160124 18:10 5.0625
20160124 18:20 5.125
20160124 18:30 5.25
20160124 18:40 5.25
20160124 18:50 5.1875
20160124 19:00 5.25
20160124 19:10 5.25
20160124 19:20 5.375
20160124 19:30 5.5
20160124 19:40 5.625
20160124 19:50 5.6875
20160124 20:00 5.875
20160124 20:10 5.8125
20160124 20:20 5.75
20160124 20:30 5.75
20160124 20:40 5.8125
20160124 20:50 5.875
20160124 21:00 5.9375
20160124 21:10 6
20160124 21:20 6.125
20160124 21:30 6.125
20160124 21:40 6.125
20160124 21:50 6.25
20160124 22:00 6.375
20160124 22:10 6.5
20160124 22:20 6.5
20160124 22:30 6.625
20160124 22:40 6.6875
20160124 22:50 6.75
20160124 23:00 6.75
20160124 23:10 6.8125
20160124 23:20 7
20160124 23:30 7
20160124 23:40 7.0625
20160124 23:50 7.25
