YYYYMMDD HH:MM measured temperature
20160620 00:00 9.5
20160620 00:10 9.3125
20160620 00:20 9.3125
20160620 00:30 9.1875
20160620 00:40 9.1875
20160620 00:50 85
20160620 01:00 9
20160620 01:10 8.75
20160620 01:20 8.6875
20160620 01:30 8.6875
20160620 01:40 8.5
20160620 01:50 8.625
20160620 02:00 8.375
20160620 02:10 8.5
20160620 02:20 8.25
20160620 02:30 8.25
20160620 02:40 8.125
20160620 02:50 8.0625
20160620 03:00 8.125
20160620 03:10 8.0625
20160620 03:20 8.125
20160620 03:30 8.0625
20160620 03:40 8.125
20160620 03:50 7.9375
20160620 04:00 8
20160620 04:10 7.75
20160620 04:20 7.875
20160620 04:30 7.875
20160620 04:40 7.9375
20160620 04:50 8
20160620 05:00 8
20160620 05:10 8.125
20160620 05:20 8.125
20160620 05:30 8.125
20160620 05:40 8.1875
20160620 05:50 8.75
20160620 06:00 8.75
20160620 06:10 9.125
20160620 06:20 9.25
20160620 06:30 9.5625
20160620 06:40 85
20160620 06:50 10.375
20160620 07:00 10.75
20160620 07:10 11
20160620 07:20 11.375
20160620 07:30 11.8125
20160620 07:40 12.3125
20160620 07:50 12.6875
20160620 08:00 13.125
20160620 08:10 13.625
20160620 08:20 14.25
20160620 08:30 14.875
20160620 08:40 15.625
20160620 08:50 15.875
20160620 09:00 16.75
20160620 09:10 16.875
20160620 09:20 17.5625
20160620 09:30 17.75
20160620 09:40 18.375
20160620 09:50 18.25
20160620 10:00 18.5
20160620 10:10 18.625
20160620 10:20 18.875
20160620 10:30 18.75
20160620 10:40 19.75
20160620 10:50 19.75
20160620 11:00 19.625
20160620 11:10 20.5
20160620 11:20 20
20160620 11:30 20.25
20160620 11:40 20.5
20160620 11:50 21
20160620 12:00 20.75
20160620 12:10 21
20160620 12:20 21
20160620 12:30 21.25
20160620 12:40 21.625
20160620 12:50 21.75
20160620 13:00 20.875
20160620 13:10 21.125
20160620 13:20 21.75
20160620 13:30 21.125
20160620 13:40 21.5
20160620 13:50 22.75
20160620 14:00 20.875
20160620 14:10 21
20160620 14:20 21
20160620 14:30 20.875
20160620 14:40 21.375
20160620 14:50 20.75
20160620 15:00 20.5
20160620 15:10 20.25
20160620 15:20 20.375
20160620 15:30 20
20160620 15:40 19.875
20160620 15:50 20.125
20160620 16:00 20.125
20160620 16:10 20.125
20160620 16:20 20
20160620 16:30 19.875
20160620 16:40 20.125
20160620 16:50 20
20160620 17:00 19.875
20160620 17:10 19.75
20160620 17:20 19.625
20160620 17:30 19.5
20160620 17:40 19.25
20160620 17:50 19
20160620 18:00 18.75
20160620 18:10 18.375
20160620 18:20 18.125
20160620 18:30 18
20160620 18:40 17.875
20160620 18:50 17.4375
20160620 19:00 17.125
20160620 19:10 16.6875
20160620 19:20 16.5
20160620 19:30 16.25
20160620 19:40 16
20160620 19:50 15.8125
20160620 20:00 15.625
20160620 20:10 15.5625
20160620 20:20 85
20160620 20:30 15.375
20160620 20:40 15.25
20160620 20:50 15.1875
20160620 21:00 15.125
20160620 21:10 15
20160620 21:20 14.875
20160620 21:30 14.8125
20160620 21:40 14.8125
20160620 21:50 14.875
20160620 22:00 14.75
20160620 22:10 14.75
20160620 22:20 14.6875
20160620 22:30 14.6875
20160620 22:40 14.6875
20160620 22:50 14.625
20160620 23:00 14.625
20160620 23:10 14.625
20160620 23:20 14.625
20160620 23:30 14.6875
20160620 23:40 14.5625
20160620 23:50 14.75
