YYYYMMDD HH:MM measured temperature
20160502 00:00 6.625
20160502 00:10 6.625
20160502 00:20 6.3125
20160502 00:30 6.25
20160502 00:40 6.1875
20160502 00:50 6.0625
20160502 01:00 5.9375
20160502 01:10 5.75
20160502 01:20 5.5
20160502 01:30 5.3125
20160502 01:40 5.1875
20160502 01:50 5
20160502 02:00 4.875
20160502 02:10 4.75
20160502 02:20 4.875
20160502 02:30 85
20160502 02:40 4.25
20160502 02:50 4.25
20160502 03:00 4.125
20160502 03:10 4.0625
20160502 03:20 85
20160502 03:30 85
20160502 03:40 3.75
20160502 03:50 3.5625
20160502 04:00 3.375
20160502 04:10 3.625
20160502 04:20 3.25
20160502 04:30 85
20160502 04:40 3.5625
20160502 04:50 3.4375
20160502 05:00 85
20160502 05:10 3.3125
20160502 05:20 85
20160502 05:30 3.1875
20160502 05:40 3.25
20160502 05:50 85
20160502 06:00 85
20160502 06:10 85
20160502 06:20 3.0625
20160502 06:30 3.25
20160502 06:40 3.25
20160502 06:50 85
20160502 07:00 3.625
20160502 07:10 3.8125
20160502 07:20 4.625
20160502 07:30 5.0625
20160502 07:40 5.25
20160502 07:50 85
20160502 08:00 6.375
20160502 08:10 6.875
20160502 08:20 8
20160502 08:30 8.5
20160502 08:40 9.375
20160502 08:50 10.125
20160502 09:00 10.25
20160502 09:10 11
20160502 09:20 11.25
20160502 09:30 11.375
20160502 09:40 12.5
20160502 09:50 12.5
20160502 10:00 13.25
20160502 10:10 13.75
20160502 10:20 14.5
20160502 10:30 14.75
20160502 10:40 15.1875
20160502 10:50 15.75
20160502 11:00 15.9375
20160502 11:10 16.25
20160502 11:20 17
20160502 11:30 17.5
20160502 11:40 17.125
20160502 11:50 17.75
20160502 12:00 18
20160502 12:10 18.625
20160502 12:20 18.5
20160502 12:30 18.75
20160502 12:40 19.25
20160502 12:50 18.375
20160502 13:00 19
20160502 13:10 19.5
20160502 13:20 20
20160502 13:30 20.75
20160502 13:40 19.625
20160502 13:50 19.5
20160502 14:00 20
20160502 14:10 20.25
20160502 14:20 20.5
20160502 14:30 20.5
20160502 14:40 20.25
20160502 14:50 20.25
20160502 15:00 20
20160502 15:10 20.75
20160502 15:20 20.5
20160502 15:30 21.125
20160502 15:40 20.25
20160502 15:50 20.5
20160502 16:00 20.25
20160502 16:10 20.375
20160502 16:20 20.5
20160502 16:30 20.875
20160502 16:40 20.5
20160502 16:50 20.25
20160502 17:00 20.375
20160502 17:10 20
20160502 17:20 20.125
20160502 17:30 20
20160502 17:40 20
20160502 17:50 20.125
20160502 18:00 19.75
20160502 18:10 19.5
20160502 18:20 19.5
20160502 18:30 19.125
20160502 18:40 18.875
20160502 18:50 18.625
20160502 19:00 18.25
20160502 19:10 17.875
20160502 19:20 17.75
20160502 19:30 17.75
20160502 19:40 17.5
20160502 19:50 16.625
20160502 20:00 16.125
20160502 20:10 15.625
20160502 20:20 15.125
20160502 20:30 14.5
20160502 20:40 14.125
20160502 20:50 13.875
20160502 21:00 13.25
20160502 21:10 13.125
20160502 21:20 12.625
20160502 21:30 12.25
20160502 21:40 12
20160502 21:50 11.75
20160502 22:00 11.75
20160502 22:10 11.625
20160502 22:20 11.375
20160502 22:30 11.125
20160502 22:40 10.625
20160502 22:50 10.625
20160502 23:00 10.25
20160502 23:10 10
20160502 23:20 10.125
20160502 23:30 9.875
20160502 23:40 9.625
20160502 23:50 9.875
