YYYYMMDD HH:MM measured temperature
20160321 00:00 5.75
20160321 00:10 5.8125
20160321 00:20 5.875
20160321 00:30 5.875
20160321 00:40 5.75
20160321 00:50 5.5
20160321 01:00 5.5
20160321 01:10 5.5
20160321 01:20 5.25
20160321 01:30 5.25
20160321 01:40 5.5
20160321 01:50 5.5
20160321 02:00 5.5
20160321 02:10 5.375
20160321 02:20 5.375
20160321 02:30 5.5
20160321 02:40 5.5
20160321 02:50 5.625
20160321 03:00 5.625
20160321 03:10 5.625
20160321 03:20 5.625
20160321 03:30 5.625
20160321 03:40 5.625
20160321 03:50 5.5
20160321 04:00 5.5
20160321 04:10 5.5
20160321 04:20 5.375
20160321 04:30 5.375
20160321 04:40 5.5
20160321 04:50 5.375
20160321 05:00 5.5
20160321 05:10 5.5
20160321 05:20 5.375
20160321 05:30 5.5
20160321 05:40 5.3125
20160321 05:50 85
20160321 06:00 5.25
20160321 06:10 5.3125
20160321 06:20 5.3125
20160321 06:30 5.25
20160321 06:40 5.25
20160321 06:50 5.0625
20160321 07:00 5.0625
20160321 07:10 5.125
20160321 07:20 4.875
20160321 07:30 4.75
20160321 07:40 4.5
20160321 07:50 4.5
20160321 08:00 4.875
20160321 08:10 5.125
20160321 08:20 5.125
20160321 08:30 5.25
20160321 08:40 5.3125
20160321 08:50 5.5
20160321 09:00 5.75
20160321 09:10 6
20160321 09:20 6.25
20160321 09:30 6.375
20160321 09:40 6.5
20160321 09:50 6.75
20160321 10:00 7.25
20160321 10:10 6.75
20160321 10:20 6.75
20160321 10:30 6.75
20160321 10:40 6.875
20160321 10:50 7.25
20160321 11:00 7.75
20160321 11:10 7.625
20160321 11:20 7.75
20160321 11:30 8.5
20160321 11:40 8.375
20160321 11:50 8
20160321 12:00 8.375
20160321 12:10 7.8125
20160321 12:20 7.625
20160321 12:30 7.75
20160321 12:40 7.5
20160321 12:50 8.25
20160321 13:00 8.125
20160321 13:10 8.125
20160321 13:20 8
20160321 13:30 8.25
20160321 13:40 8.25
20160321 13:50 8.375
20160321 14:00 8.25
20160321 14:10 8.25
20160321 14:20 8.5
20160321 14:30 8.75
20160321 14:40 8.375
20160321 14:50 8.25
20160321 15:00 8.375
20160321 15:10 8
20160321 15:20 7.875
20160321 15:30 7.875
20160321 15:40 7.75
20160321 15:50 7.625
20160321 16:00 7.75
20160321 16:10 7.75
20160321 16:20 7.75
20160321 16:30 7.875
20160321 16:40 8
20160321 16:50 8
20160321 17:00 7.875
20160321 17:10 8
20160321 17:20 8.5
20160321 17:30 7.875
20160321 17:40 8
20160321 17:50 8.25
20160321 18:00 8.125
20160321 18:10 7.875
20160321 18:20 7.5
20160321 18:30 7.5
20160321 18:40 7.375
20160321 18:50 7.125
20160321 19:00 6.75
20160321 19:10 6.625
20160321 19:20 6.125
20160321 19:30 6
20160321 19:40 6.125
20160321 19:50 6.125
20160321 20:00 6.125
20160321 20:10 6.375
20160321 20:20 6.375
20160321 20:30 6.375
20160321 20:40 6.375
20160321 20:50 6.25
20160321 21:00 6.375
20160321 21:10 6.5
20160321 21:20 6.375
20160321 21:30 6.375
20160321 21:40 6.375
20160321 21:50 6.375
20160321 22:00 6.25
20160321 22:10 6.375
20160321 22:20 6.375
20160321 22:30 6.375
20160321 22:40 6.375
20160321 22:50 6.375
20160321 23:00 6.375
20160321 23:10 6.375
20160321 23:20 6.375
20160321 23:30 6.25
20160321 23:40 6.25
20160321 23:50 6.25
