YYYYMMDD HH:MM measured temperature
20160705 00:00 13.5625
20160705 00:10 13.625
20160705 00:20 13.875
20160705 00:30 13.875
20160705 00:40 13.625
20160705 00:50 13.75
20160705 01:00 13.625
20160705 01:10 13.625
20160705 01:20 13.375
20160705 01:30 13.5625
20160705 01:40 13.375
20160705 01:50 13.375
20160705 02:00 13.25
20160705 02:10 13.125
20160705 02:20 13
20160705 02:30 12.875
20160705 02:40 12.75
20160705 02:50 12.75
20160705 03:00 12.5
20160705 03:10 12.5
20160705 03:20 12.5
20160705 03:30 12.5
20160705 03:40 12.5
20160705 03:50 12.5
20160705 04:00 12.5
20160705 04:10 85
20160705 04:20 12.375
20160705 04:30 85
20160705 04:40 12.125
20160705 04:50 12.125
20160705 05:00 12.125
20160705 05:10 12.375
20160705 05:20 12.3125
20160705 05:30 85
20160705 05:40 12.25
20160705 05:50 12.25
20160705 06:00 12.25
20160705 06:10 12.25
20160705 06:20 12.375
20160705 06:30 12.5
20160705 06:40 12.8125
20160705 06:50 13.375
20160705 07:00 13.875
20160705 07:10 14.25
20160705 07:20 14.625
20160705 07:30 15
20160705 07:40 15.375
20160705 07:50 16
20160705 08:00 16.625
20160705 08:10 17.125
20160705 08:20 17.25
20160705 08:30 17.25
20160705 08:40 17.375
20160705 08:50 17.625
20160705 09:00 17.625
20160705 09:10 18
20160705 09:20 18.125
20160705 09:30 18.5
20160705 09:40 18.875
20160705 09:50 19.125
20160705 10:00 19.25
20160705 10:10 19.5
20160705 10:20 20
20160705 10:30 19.25
20160705 10:40 18.5
20160705 10:50 18.25
20160705 11:00 19
20160705 11:10 19.875
20160705 11:20 20.625
20160705 11:30 21.375
20160705 11:40 20
20160705 11:50 20.75
20160705 12:00 21.875
20160705 12:10 21.5
20160705 12:20 21.25
20160705 12:30 21.375
20160705 12:40 21.375
20160705 12:50 20.5
20160705 13:00 19.5
20160705 13:10 19.375
20160705 13:20 19.25
20160705 13:30 19.25
20160705 13:40 17.625
20160705 13:50 18.25
20160705 14:00 19.375
20160705 14:10 19.125
20160705 14:20 19.5
20160705 14:30 19.5
20160705 14:40 18.875
20160705 14:50 19.875
20160705 15:00 20
20160705 15:10 19.125
20160705 15:20 19.625
20160705 15:30 19.375
20160705 15:40 18.75
20160705 15:50 17.875
20160705 16:00 17
20160705 16:10 18.25
20160705 16:20 18.75
20160705 16:30 19
20160705 16:40 19.125
20160705 16:50 19.375
20160705 17:00 18.5
20160705 17:10 18.25
20160705 17:20 18.5
20160705 17:30 18.5
20160705 17:40 18.375
20160705 17:50 18.25
20160705 18:00 18.875
20160705 18:10 18.625
20160705 18:20 18.75
20160705 18:30 17.75
20160705 18:40 18.75
20160705 18:50 19.125
20160705 19:00 19.3125
20160705 19:10 19.125
20160705 19:20 18.5
20160705 19:30 18.25
20160705 19:40 17.75
20160705 19:50 18
20160705 20:00 17.5
20160705 20:10 17.125
20160705 20:20 17
20160705 20:30 16.875
20160705 20:40 16.625
20160705 20:50 16.25
20160705 21:00 15.125
20160705 21:10 14.75
20160705 21:20 14.625
20160705 21:30 14.5
20160705 21:40 14.125
20160705 21:50 14.125
20160705 22:00 13.875
20160705 22:10 13.75
20160705 22:20 13.625
20160705 22:30 13.375
20160705 22:40 85
20160705 22:50 85
20160705 23:00 13.25
20160705 23:10 13.1875
20160705 23:20 85
20160705 23:30 13
20160705 23:40 13.125
20160705 23:50 13.125
