YYYYMMDD HH:MM measured temperature
20160214 00:00 1.5
20160214 00:10 1.5
20160214 00:20 1.5
20160214 00:30 1.625
20160214 00:40 1.75
20160214 00:50 1.75
20160214 01:00 1.625
20160214 01:10 1.625
20160214 01:20 1.625
20160214 01:30 1.5
20160214 01:40 1.625
20160214 01:50 1.5
20160214 02:00 1.625
20160214 02:10 1.5
20160214 02:20 1.5
20160214 02:30 1.5
20160214 02:40 1.5
20160214 02:50 1.5
20160214 03:00 1.5
20160214 03:10 1.5
20160214 03:20 1.5
20160214 03:30 1.375
20160214 03:40 1.375
20160214 03:50 1.375
20160214 04:00 1.25
20160214 04:10 1.25
20160214 04:20 1.125
20160214 04:30 1
20160214 04:40 0.8125
20160214 04:50 85
20160214 05:00 0.5625
20160214 05:10 85
20160214 05:20 0.625
20160214 05:30 0.625
20160214 05:40 0.5
20160214 05:50 0.4375
20160214 06:00 0.375
20160214 06:10 0.25
20160214 06:20 0.25
20160214 06:30 0.25
20160214 06:40 85
20160214 06:50 0.25
20160214 07:00 0.25
20160214 07:10 0.25
20160214 07:20 0.25
20160214 07:30 0.125
20160214 07:40 0.125
20160214 07:50 0.125
20160214 08:00 0.0625
20160214 08:10 0.1875
20160214 08:20 0.1875
20160214 08:30 0.1875
20160214 08:40 0.25
20160214 08:50 0.1875
20160214 09:00 0.25
20160214 09:10 0.25
20160214 09:20 0.25
20160214 09:30 0.25
20160214 09:40 0.375
20160214 09:50 0.4375
20160214 10:00 0.5625
20160214 10:10 0.5625
20160214 10:20 0.625
20160214 10:30 0.625
20160214 10:40 0.6875
20160214 10:50 0.8125
20160214 11:00 0.9375
20160214 11:10 85
20160214 11:20 1.125
20160214 11:30 1.125
20160214 11:40 1.25
20160214 11:50 1.25
20160214 12:00 1.375
20160214 12:10 1.375
20160214 12:20 1.5
20160214 12:30 1.5
20160214 12:40 1.5
20160214 12:50 1.375
20160214 13:00 1.5
20160214 13:10 1.4375
20160214 13:20 1.375
20160214 13:30 1.5
20160214 13:40 1.625
20160214 13:50 1.625
20160214 14:00 1.6875
20160214 14:10 1.8125
20160214 14:20 1.8125
20160214 14:30 1.875
20160214 14:40 2
20160214 14:50 2
20160214 15:00 2
20160214 15:10 1.875
20160214 15:20 85
20160214 15:30 1.75
20160214 15:40 1.75
20160214 15:50 1.625
20160214 16:00 1.625
20160214 16:10 1.5625
20160214 16:20 85
20160214 16:30 1.5625
20160214 16:40 85
20160214 16:50 1.375
20160214 17:00 1.375
20160214 17:10 1.4375
20160214 17:20 1.375
20160214 17:30 1.375
20160214 17:40 85
20160214 17:50 1.375
20160214 18:00 85
20160214 18:10 1.25
20160214 18:20 1.125
20160214 18:30 1.0625
20160214 18:40 85
20160214 18:50 0.9375
20160214 19:00 0.8125
20160214 19:10 0.6875
20160214 19:20 85
20160214 19:30 0.5
20160214 19:40 85
20160214 19:50 0.375
20160214 20:00 0.375
20160214 20:10 0.375
20160214 20:20 0.375
20160214 20:30 0.3125
20160214 20:40 0.3125
20160214 20:50 0.375
20160214 21:00 0.25
20160214 21:10 0.25
20160214 21:20 0.25
20160214 21:30 0.25
20160214 21:40 0.25
20160214 21:50 0.25
20160214 22:00 0.375
20160214 22:10 0.375
20160214 22:20 0.3125
20160214 22:30 0.3125
20160214 22:40 0.375
20160214 22:50 0.25
20160214 23:00 0.25
20160214 23:10 0.375
20160214 23:20 0.25
20160214 23:30 0.3125
20160214 23:40 0.25
20160214 23:50 0.375
