YYYYMMDD HH:MM measured temperature
20160130 00:00 9.125
20160130 00:10 9.125
20160130 00:20 9.25
20160130 00:30 9.25
20160130 00:40 9.25
20160130 00:50 9.25
20160130 01:00 8.75
20160130 01:10 8.875
20160130 01:20 9
20160130 01:30 9
20160130 01:40 9.125
20160130 01:50 9.25
20160130 02:00 9.25
20160130 02:10 9.25
20160130 02:20 9.375
20160130 02:30 9.375
20160130 02:40 9.375
20160130 02:50 9.375
20160130 03:00 9.375
20160130 03:10 9.25
20160130 03:20 9.25
20160130 03:30 9.25
20160130 03:40 9.125
20160130 03:50 9.125
20160130 04:00 8.875
20160130 04:10 8.75
20160130 04:20 8.5
20160130 04:30 8.5
20160130 04:40 8.5
20160130 04:50 8.75
20160130 05:00 8.75
20160130 05:10 8.875
20160130 05:20 8.875
20160130 05:30 8.875
20160130 05:40 8.875
20160130 05:50 8.875
20160130 06:00 8.75
20160130 06:10 8.625
20160130 06:20 8.375
20160130 06:30 8.25
20160130 06:40 8.25
20160130 06:50 8.125
20160130 07:00 8.125
20160130 07:10 8.125
20160130 07:20 8.125
20160130 07:30 8.125
20160130 07:40 8.125
20160130 07:50 8.125
20160130 08:00 8.125
20160130 08:10 8.125
20160130 08:20 8
20160130 08:30 8.125
20160130 08:40 8.125
20160130 08:50 8.125
20160130 09:00 8.25
20160130 09:10 8.125
20160130 09:20 8.125
20160130 09:30 8.125
20160130 09:40 8.25
20160130 09:50 8.25
20160130 10:00 8.25
20160130 10:10 8.25
20160130 10:20 8.25
20160130 10:30 8.25
20160130 10:40 8.25
20160130 10:50 8.375
20160130 11:00 8.5
20160130 11:10 6.625
20160130 11:20 6.75
20160130 11:30 6.75
20160130 11:40 6.75
20160130 11:50 6.75
20160130 12:00 6.75
20160130 12:10 6.875
20160130 12:20 7
20160130 12:30 7
20160130 12:40 6.875
20160130 12:50 6.75
20160130 13:00 6.625
20160130 13:10 6.625
20160130 13:20 6.625
20160130 13:30 6.5
20160130 13:40 6.5
20160130 13:50 6.375
20160130 14:00 6.5
20160130 14:10 6.5
20160130 14:20 6.5
20160130 14:30 6.5
20160130 14:40 6.375
20160130 14:50 6.375
20160130 15:00 6.375
20160130 15:10 6.25
20160130 15:20 6.25
20160130 15:30 4.25
20160130 15:40 4
20160130 15:50 4
20160130 16:00 3.875
20160130 16:10 3.5
20160130 16:20 3.375
20160130 16:30 3.375
20160130 16:40 3.5
20160130 16:50 3.625
20160130 17:00 3.625
20160130 17:10 3.75
20160130 17:20 3.75
20160130 17:30 3.75
20160130 17:40 3.875
20160130 17:50 4
20160130 18:00 4
20160130 18:10 4.125
20160130 18:20 3.875
20160130 18:30 4
20160130 18:40 3.875
20160130 18:50 3.875
20160130 19:00 3.75
20160130 19:10 3.75
20160130 19:20 3.625
20160130 19:30 3.625
20160130 19:40 3.625
20160130 19:50 3.5
20160130 20:00 3.375
20160130 20:10 3.375
20160130 20:20 3.375
20160130 20:30 3
20160130 20:40 3
20160130 20:50 3
20160130 21:00 2.875
20160130 21:10 2.875
20160130 21:20 2.75
20160130 21:30 2.875
20160130 21:40 2.75
20160130 21:50 2.75
20160130 22:00 2.75
20160130 22:10 2.875
20160130 22:20 2.75
20160130 22:30 2.75
20160130 22:40 2.5
20160130 22:50 2.625
20160130 23:00 2.75
20160130 23:10 2.625
20160130 23:20 2.75
20160130 23:30 2.75
20160130 23:40 3
20160130 23:50 3.125
