YYYYMMDD HH:MM measured temperature
20160715 00:00 85
20160715 00:10 13
20160715 00:20 85
20160715 00:30 85
20160715 00:40 13
20160715 00:50 12.9375
20160715 01:00 12.9375
20160715 01:10 85
20160715 01:20 12.9375
20160715 01:30 12.875
20160715 01:40 12.875
20160715 01:50 85
20160715 02:00 12.875
20160715 02:10 12.875
20160715 02:20 12.875
20160715 02:30 12.875
20160715 02:40 85
20160715 02:50 12.875
20160715 03:00 12.8125
20160715 03:10 12.875
20160715 03:20 12.875
20160715 03:30 85
20160715 03:40 12.875
20160715 03:50 12.875
20160715 04:00 12.875
20160715 04:10 12.75
20160715 04:20 12.875
20160715 04:30 12.75
20160715 04:40 12.625
20160715 04:50 12.625
20160715 05:00 12.625
20160715 05:10 12.625
20160715 05:20 85
20160715 05:30 12.75
20160715 05:40 12.6875
20160715 05:50 12.75
20160715 06:00 12.75
20160715 06:10 12.75
20160715 06:20 85
20160715 06:30 12.875
20160715 06:40 12.8125
20160715 06:50 85
20160715 07:00 85
20160715 07:10 13.0625
20160715 07:20 13.125
20160715 07:30 13.125
20160715 07:40 13.3125
20160715 07:50 13.5
20160715 08:00 13.25
20160715 08:10 13.375
20160715 08:20 13.625
20160715 08:30 13.8125
20160715 08:40 13.75
20160715 08:50 14.125
20160715 09:00 14.125
20160715 09:10 14.125
20160715 09:20 13.5
20160715 09:30 13.125
20160715 09:40 13.625
20160715 09:50 14.25
20160715 10:00 14.25
20160715 10:10 14.25
20160715 10:20 14.125
20160715 10:30 14
20160715 10:40 14
20160715 10:50 13.5625
20160715 11:00 13.375
20160715 11:10 14
20160715 11:20 14.375
20160715 11:30 14.5
20160715 11:40 15
20160715 11:50 16.625
20160715 12:00 16.625
20160715 12:10 16
20160715 12:20 15.75
20160715 12:30 15.75
20160715 12:40 16.125
20160715 12:50 16
20160715 13:00 16.375
20160715 13:10 16
20160715 13:20 15.875
20160715 13:30 15.75
20160715 13:40 15.25
20160715 13:50 15.5
20160715 14:00 15.875
20160715 14:10 16.375
20160715 14:20 16.875
20160715 14:30 17.5
20160715 14:40 17.75
20160715 14:50 16.75
20160715 15:00 16
20160715 15:10 15.75
20160715 15:20 16
20160715 15:30 16.25
20160715 15:40 17.125
20160715 15:50 17.125
20160715 16:00 16.375
20160715 16:10 17.125
20160715 16:20 17
20160715 16:30 16.625
20160715 16:40 16.75
20160715 16:50 17
20160715 17:00 18.25
20160715 17:10 18.625
20160715 17:20 17.75
20160715 17:30 17.75
20160715 17:40 17.625
20160715 17:50 17.125
20160715 18:00 17.125
20160715 18:10 17.75
20160715 18:20 17.25
20160715 18:30 16.875
20160715 18:40 17
20160715 18:50 16.75
20160715 19:00 16.75
20160715 19:10 16.75
20160715 19:20 17
20160715 19:30 17.375
20160715 19:40 16.5
20160715 19:50 16.75
20160715 20:00 16.375
20160715 20:10 16.25
20160715 20:20 16
20160715 20:30 15.75
20160715 20:40 15.375
20160715 20:50 14.875
20160715 21:00 15
20160715 21:10 14.75
20160715 21:20 14.5
20160715 21:30 14.25
20160715 21:40 14
20160715 21:50 13.375
20160715 22:00 13
20160715 22:10 12.5
20160715 22:20 12.375
20160715 22:30 12.25
20160715 22:40 11.875
20160715 22:50 11.875
20160715 23:00 11.5
20160715 23:10 11.5
20160715 23:20 11.125
20160715 23:30 11.125
20160715 23:40 10.875
20160715 23:50 11
