YYYYMMDD HH:MM measured temperature
20160520 00:00 14
20160520 00:10 13.625
20160520 00:20 13.375
20160520 00:30 12.9375
20160520 00:40 12.625
20160520 00:50 12.4375
20160520 01:00 12.5
20160520 01:10 12.125
20160520 01:20 12.3125
20160520 01:30 12.5
20160520 01:40 12.5
20160520 01:50 12.75
20160520 02:00 12.875
20160520 02:10 13
20160520 02:20 13.1875
20160520 02:30 13
20160520 02:40 12.8125
20160520 02:50 85
20160520 03:00 12.1875
20160520 03:10 11.9375
20160520 03:20 11.875
20160520 03:30 12.3125
20160520 03:40 12.375
20160520 03:50 12.375
20160520 04:00 12.125
20160520 04:10 12.125
20160520 04:20 12.0625
20160520 04:30 12
20160520 04:40 12
20160520 04:50 11.625
20160520 05:00 12
20160520 05:10 11.875
20160520 05:20 11.9375
20160520 05:30 11.875
20160520 05:40 11.875
20160520 05:50 11.75
20160520 06:00 11.75
20160520 06:10 85
20160520 06:20 11.875
20160520 06:30 12.0625
20160520 06:40 85
20160520 06:50 12.1875
20160520 07:00 12.25
20160520 07:10 12.25
20160520 07:20 12.625
20160520 07:30 13.125
20160520 07:40 13.0625
20160520 07:50 13.0625
20160520 08:00 13.375
20160520 08:10 13.4375
20160520 08:20 13.625
20160520 08:30 14.125
20160520 08:40 14.25
20160520 08:50 14.5625
20160520 09:00 15.375
20160520 09:10 15.3125
20160520 09:20 15.875
20160520 09:30 15.8125
20160520 09:40 16.0625
20160520 09:50 16.5
20160520 10:00 15.8125
20160520 10:10 15.5
20160520 10:20 16.0625
20160520 10:30 15.5
20160520 10:40 15.125
20160520 10:50 14.875
20160520 11:00 14.75
20160520 11:10 14.625
20160520 11:20 14.8125
20160520 11:30 14.5625
20160520 11:40 14.5
20160520 11:50 14.5
20160520 12:00 14.5625
20160520 12:10 14.375
20160520 12:20 14.375
20160520 12:30 14
20160520 12:40 13.75
20160520 12:50 13.75
20160520 13:00 13.75
20160520 13:10 13.625
20160520 13:20 13.4375
20160520 13:30 13.75
20160520 13:40 13.4375
20160520 13:50 13.6875
20160520 14:00 13.75
20160520 14:10 13.8125
20160520 14:20 13.875
20160520 14:30 13.875
20160520 14:40 13.8125
20160520 14:50 14
20160520 15:00 14
20160520 15:10 14.125
20160520 15:20 14.5
20160520 15:30 15.25
20160520 15:40 14.6875
20160520 15:50 14.875
20160520 16:00 15.375
20160520 16:10 15
20160520 16:20 15.125
20160520 16:30 15.125
20160520 16:40 15.125
20160520 16:50 14.9375
20160520 17:00 14.8125
20160520 17:10 15
20160520 17:20 14.875
20160520 17:30 14.5625
20160520 17:40 15.0625
20160520 17:50 15.5
20160520 18:00 15.3125
20160520 18:10 15.375
20160520 18:20 15.5
20160520 18:30 15.4375
20160520 18:40 15.3125
20160520 18:50 15.625
20160520 19:00 15.5
20160520 19:10 15.5
20160520 19:20 15.4375
20160520 19:30 15.375
20160520 19:40 15.375
20160520 19:50 15.375
20160520 20:00 15.3125
20160520 20:10 15.3125
20160520 20:20 15.1875
20160520 20:30 15.125
20160520 20:40 15.125
20160520 20:50 14.875
20160520 21:00 14.625
20160520 21:10 14.375
20160520 21:20 14.125
20160520 21:30 14.0625
20160520 21:40 13.875
20160520 21:50 85
20160520 22:00 13.5
20160520 22:10 13.5
20160520 22:20 13.4375
20160520 22:30 13.375
20160520 22:40 85
20160520 22:50 13.5
20160520 23:00 85
20160520 23:10 13.625
20160520 23:20 13.75
20160520 23:30 13.875
20160520 23:40 13.8125
20160520 23:50 13.75
