YYYYMMDD HH:MM measured temperature
20160229 00:00 -1.625
20160229 00:10 -1.6875
20160229 00:20 -1.75
20160229 00:30 -1.75
20160229 00:40 -1.875
20160229 00:50 -1.9375
20160229 01:00 -2.125
20160229 01:10 -1.9375
20160229 01:20 -1.8125
20160229 01:30 -1.75
20160229 01:40 -2.0625
20160229 01:50 85
20160229 02:00 -2.25
20160229 02:10 -1.5
20160229 02:20 -1.625
20160229 02:30 -1.5625
20160229 02:40 -1.8125
20160229 02:50 -1.6875
20160229 03:00 -1.9375
20160229 03:10 -1.875
20160229 03:20 -2
20160229 03:30 -2
20160229 03:40 -1.9375
20160229 03:50 -2.0625
20160229 04:00 -2.125
20160229 04:10 -2.0625
20160229 04:20 -2.125
20160229 04:30 -2.25
20160229 04:40 -2.25
20160229 04:50 -2.375
20160229 05:00 -2.25
20160229 05:10 -2.4375
20160229 05:20 -2.3125
20160229 05:30 -2.4375
20160229 05:40 -2.375
20160229 05:50 -2.4375
20160229 06:00 -2.5
20160229 06:10 -2.5625
20160229 06:20 -2.5
20160229 06:30 -2.5625
20160229 06:40 -2.625
20160229 06:50 -2.625
20160229 07:00 -2.6875
20160229 07:10 -2.625
20160229 07:20 -2.6875
20160229 07:30 -2.625
20160229 07:40 -2.5
20160229 07:50 -2.3125
20160229 08:00 -2.0625
20160229 08:10 -1.8125
20160229 08:20 -1.5625
20160229 08:30 -1.3125
20160229 08:40 -1.125
20160229 08:50 -1.0625
20160229 09:00 -0.9375
20160229 09:10 -0.9375
20160229 09:20 -1.125
20160229 09:30 85
20160229 09:40 -2.125
20160229 09:50 -1.8125
20160229 10:00 -1.5625
20160229 10:10 -1.625
20160229 10:20 85
20160229 10:30 -1.25
20160229 10:40 -1.3125
20160229 10:50 -0.75
20160229 11:00 -0.6875
20160229 11:10 -1
20160229 11:20 85
20160229 11:30 -0.5625
20160229 11:40 -0.3125
20160229 11:50 -0.3125
20160229 12:00 -0.25
20160229 12:10 0.1875
20160229 12:20 0.25
20160229 12:30 0.1875
20160229 12:40 0.625
20160229 12:50 0.5
20160229 13:00 1.625
20160229 13:10 1.3125
20160229 13:20 2
20160229 13:30 2.4375
20160229 13:40 2.5625
20160229 13:50 2.9375
20160229 14:00 2.75
20160229 14:10 3.4375
20160229 14:20 3.375
20160229 14:30 3.5625
20160229 14:40 3.5625
20160229 14:50 3.5625
20160229 15:00 3.6875
20160229 15:10 3.75
20160229 15:20 3.875
20160229 15:30 3.4375
20160229 15:40 3.4375
20160229 15:50 3.375
20160229 16:00 3.75
20160229 16:10 3.125
20160229 16:20 2.8125
20160229 16:30 2.625
20160229 16:40 2.625
20160229 16:50 2.5
20160229 17:00 2.375
20160229 17:10 1.9375
20160229 17:20 1.6875
20160229 17:30 1.5625
20160229 17:40 1.1875
20160229 17:50 0.9375
20160229 18:00 0.625
20160229 18:10 0.3125
20160229 18:20 0.25
20160229 18:30 0.5625
20160229 18:40 0.25
20160229 18:50 0.25
20160229 19:00 -0.125
20160229 19:10 0.125
20160229 19:20 0
20160229 19:30 -0.125
20160229 19:40 -0.3125
20160229 19:50 -0.3125
20160229 20:00 -0.4375
20160229 20:10 -0.75
20160229 20:20 -0.875
20160229 20:30 -0.9375
20160229 20:40 -1
20160229 20:50 -1
20160229 21:00 -1.125
20160229 21:10 -1.0625
20160229 21:20 -1.25
20160229 21:30 -1.3125
20160229 21:40 -1.5625
20160229 21:50 -1.625
20160229 22:00 -1.625
20160229 22:10 -1.875
20160229 22:20 -1.8125
20160229 22:30 -1.875
20160229 22:40 -1.875
20160229 22:50 -2
20160229 23:00 -2.0625
20160229 23:10 -2.125
20160229 23:20 -2.125
20160229 23:30 -2.0625
20160229 23:40 -2.125
20160229 23:50 -2.125
