YYYYMMDD HH:MM measured temperature
20160323 00:00 4.75
20160323 00:10 4.75
20160323 00:20 4.8125
20160323 00:30 4.9375
20160323 00:40 5.125
20160323 00:50 5.125
20160323 01:00 5.125
20160323 01:10 5.125
20160323 01:20 5.125
20160323 01:30 5.0625
20160323 01:40 5.0625
20160323 01:50 5.0625
20160323 02:00 5.125
20160323 02:10 5.375
20160323 02:20 5.375
20160323 02:30 5.5
20160323 02:40 5.625
20160323 02:50 5.75
20160323 03:00 5.8125
20160323 03:10 85
20160323 03:20 85
20160323 03:30 85
20160323 03:40 6
20160323 03:50 6
20160323 04:00 6
20160323 04:10 5.9375
20160323 04:20 5.875
20160323 04:30 5.875
20160323 04:40 5.9375
20160323 04:50 5.875
20160323 05:00 5.875
20160323 05:10 85
20160323 05:20 5.625
20160323 05:30 5.5
20160323 05:40 5.375
20160323 05:50 5.375
20160323 06:00 5.375
20160323 06:10 5.3125
20160323 06:20 5.3125
20160323 06:30 5.25
20160323 06:40 5.25
20160323 06:50 5.375
20160323 07:00 5.375
20160323 07:10 5.125
20160323 07:20 5
20160323 07:30 5
20160323 07:40 5
20160323 07:50 5
20160323 08:00 5
20160323 08:10 4.875
20160323 08:20 5
20160323 08:30 5
20160323 08:40 5
20160323 08:50 5.25
20160323 09:00 5.125
20160323 09:10 5.5
20160323 09:20 5.625
20160323 09:30 5.75
20160323 09:40 5.875
20160323 09:50 6
20160323 10:00 6
20160323 10:10 6.125
20160323 10:20 6.75
20160323 10:30 7.25
20160323 10:40 7
20160323 10:50 7.25
20160323 11:00 8
20160323 11:10 7.625
20160323 11:20 7.6875
20160323 11:30 7.875
20160323 11:40 8.375
20160323 11:50 8.5
20160323 12:00 7.75
20160323 12:10 8.1875
20160323 12:20 9.5
20160323 12:30 8.25
20160323 12:40 8.75
20160323 12:50 8.25
20160323 13:00 8.625
20160323 13:10 9.625
20160323 13:20 8.875
20160323 13:30 8.9375
20160323 13:40 8.25
20160323 13:50 8.75
20160323 14:00 8
20160323 14:10 8.75
20160323 14:20 8.75
20160323 14:30 8.25
20160323 14:40 8
20160323 14:50 8.375
20160323 15:00 8.75
20160323 15:10 8.5
20160323 15:20 8.6875
20160323 15:30 8.125
20160323 15:40 8.625
20160323 15:50 8.625
20160323 16:00 8.5
20160323 16:10 8
20160323 16:20 8.5
20160323 16:30 8.25
20160323 16:40 8.625
20160323 16:50 9
20160323 17:00 8.875
20160323 17:10 9.375
20160323 17:20 8.75
20160323 17:30 9.125
20160323 17:40 8.375
20160323 17:50 8.125
20160323 18:00 8.375
20160323 18:10 8.5
20160323 18:20 8
20160323 18:30 7.5
20160323 18:40 7.125
20160323 18:50 7
20160323 19:00 6.875
20160323 19:10 6.625
20160323 19:20 6.375
20160323 19:30 6.25
20160323 19:40 5.75
20160323 19:50 5.375
20160323 20:00 5.125
20160323 20:10 5
20160323 20:20 4.75
20160323 20:30 4.625
20160323 20:40 4.625
20160323 20:50 4.375
20160323 21:00 4.125
20160323 21:10 4.125
20160323 21:20 4
20160323 21:30 3.625
20160323 21:40 3.375
20160323 21:50 3.375
20160323 22:00 3.25
20160323 22:10 3.25
20160323 22:20 3.25
20160323 22:30 3
20160323 22:40 2.875
20160323 22:50 2.75
20160323 23:00 2.875
20160323 23:10 3
20160323 23:20 3.125
20160323 23:30 3
20160323 23:40 3
20160323 23:50 2.75
