YYYYMMDD HH:MM measured temperature
20160506 00:00 9.875
20160506 00:10 9.625
20160506 00:20 9.625
20160506 00:30 9.375
20160506 00:40 9.375
20160506 00:50 9.25
20160506 01:00 9.125
20160506 01:10 9
20160506 01:20 8.875
20160506 01:30 8.875
20160506 01:40 8.875
20160506 01:50 8.75
20160506 02:00 8.625
20160506 02:10 8.5
20160506 02:20 8.5
20160506 02:30 8.5
20160506 02:40 8.375
20160506 02:50 8.375
20160506 03:00 8.125
20160506 03:10 8
20160506 03:20 8
20160506 03:30 8
20160506 03:40 8
20160506 03:50 8
20160506 04:00 8
20160506 04:10 8.125
20160506 04:20 8
20160506 04:30 8
20160506 04:40 8
20160506 04:50 7.875
20160506 05:00 8
20160506 05:10 7.875
20160506 05:20 7.75
20160506 05:30 7.75
20160506 05:40 7.75
20160506 05:50 7.875
20160506 06:00 7.875
20160506 06:10 8.125
20160506 06:20 8.125
20160506 06:30 8.375
20160506 06:40 8.625
20160506 06:50 8.875
20160506 07:00 9.25
20160506 07:10 9.75
20160506 07:20 10
20160506 07:30 10.5
20160506 07:40 10.8125
20160506 07:50 11.25
20160506 08:00 11.625
20160506 08:10 12.3125
20160506 08:20 13.375
20160506 08:30 14.3125
20160506 08:40 15.1875
20160506 08:50 15.875
20160506 09:00 16.6875
20160506 09:10 17.25
20160506 09:20 18.125
20160506 09:30 18.25
20160506 09:40 17.875
20160506 09:50 18.625
20160506 10:00 19.25
20160506 10:10 20
20160506 10:20 20.125
20160506 10:30 20.5
20160506 10:40 21
20160506 10:50 20.75
20160506 11:00 20.875
20160506 11:10 21.875
20160506 11:20 20.875
20160506 11:30 21.875
20160506 11:40 22.375
20160506 11:50 22.375
20160506 12:00 22.625
20160506 12:10 22.5
20160506 12:20 22.75
20160506 12:30 23.125
20160506 12:40 23.25
20160506 12:50 23.375
20160506 13:00 23.75
20160506 13:10 23.875
20160506 13:20 23.875
20160506 13:30 23.875
20160506 13:40 24.125
20160506 13:50 24.25
20160506 14:00 24.625
20160506 14:10 24.125
20160506 14:20 25
20160506 14:30 24.25
20160506 14:40 24.75
20160506 14:50 24.875
20160506 15:00 25.375
20160506 15:10 24.5
20160506 15:20 24.75
20160506 15:30 24.5
20160506 15:40 25
20160506 15:50 24.5
20160506 16:00 24.625
20160506 16:10 24.75
20160506 16:20 24.625
20160506 16:30 24.125
20160506 16:40 23.875
20160506 16:50 23.875
20160506 17:00 24.125
20160506 17:10 23.625
20160506 17:20 23.75
20160506 17:30 23.625
20160506 17:40 23.5
20160506 17:50 23.625
20160506 18:00 23.25
20160506 18:10 23
20160506 18:20 22.75
20160506 18:30 22.75
20160506 18:40 22.75
20160506 18:50 22.5
20160506 19:00 22.375
20160506 19:10 22.375
20160506 19:20 22
20160506 19:30 21.875
20160506 19:40 21.5
20160506 19:50 21
20160506 20:00 20.625
20160506 20:10 20.25
20160506 20:20 19.625
20160506 20:30 19.25
20160506 20:40 18.875
20160506 20:50 18.125
20160506 21:00 17.75
20160506 21:10 17.25
20160506 21:20 17.375
20160506 21:30 17
20160506 21:40 16.5
20160506 21:50 16.125
20160506 22:00 15.75
20160506 22:10 15.625
20160506 22:20 15.375
20160506 22:30 15.375
20160506 22:40 15.25
20160506 22:50 14.875
20160506 23:00 14.75
20160506 23:10 14.625
20160506 23:20 14.375
20160506 23:30 14.25
20160506 23:40 14.125
20160506 23:50 14
