YYYYMMDD HH:MM measured temperature
20160129 00:00 3.25
20160129 00:10 3.25
20160129 00:20 3.5
20160129 00:30 3.625
20160129 00:40 3.625
20160129 00:50 3.625
20160129 01:00 3.625
20160129 01:10 3.875
20160129 01:20 3.75
20160129 01:30 3.75
20160129 01:40 3.75
20160129 01:50 3.625
20160129 02:00 3.625
20160129 02:10 3.5
20160129 02:20 3.5
20160129 02:30 3.25
20160129 02:40 3.375
20160129 02:50 3.5
20160129 03:00 3.375
20160129 03:10 3.625
20160129 03:20 3.5
20160129 03:30 3.75
20160129 03:40 3.75
20160129 03:50 3.875
20160129 04:00 4
20160129 04:10 4
20160129 04:20 3.875
20160129 04:30 4.125
20160129 04:40 4.25
20160129 04:50 4.375
20160129 05:00 4.5
20160129 05:10 4.625
20160129 05:20 4.625
20160129 05:30 4.75
20160129 05:40 4.875
20160129 05:50 4.875
20160129 06:00 4.625
20160129 06:10 4.625
20160129 06:20 4.75
20160129 06:30 4.75
20160129 06:40 4.875
20160129 06:50 4.875
20160129 07:00 4.875
20160129 07:10 5
20160129 07:20 5
20160129 07:30 4.875
20160129 07:40 4.75
20160129 07:50 4.875
20160129 08:00 5
20160129 08:10 5.125
20160129 08:20 5.375
20160129 08:30 5.5
20160129 08:40 5.25
20160129 08:50 5.375
20160129 09:00 5.5
20160129 09:10 5.625
20160129 09:20 5.625
20160129 09:30 5.625
20160129 09:40 5.625
20160129 09:50 5.625
20160129 10:00 5.625
20160129 10:10 5.75
20160129 10:20 5.875
20160129 10:30 6.125
20160129 10:40 6.5
20160129 10:50 6.75
20160129 11:00 7
20160129 11:10 7.125
20160129 11:20 7.25
20160129 11:30 7.25
20160129 11:40 7.25
20160129 11:50 7.25
20160129 12:00 7.375
20160129 12:10 7.375
20160129 12:20 7.375
20160129 12:30 7.375
20160129 12:40 7.5
20160129 12:50 7.5
20160129 13:00 7.625
20160129 13:10 7.875
20160129 13:20 7.875
20160129 13:30 8
20160129 13:40 8.125
20160129 13:50 8.25
20160129 14:00 8.375
20160129 14:10 8.5
20160129 14:20 8.5
20160129 14:30 8.625
20160129 14:40 8.5
20160129 14:50 8.625
20160129 15:00 8.5
20160129 15:10 8.625
20160129 15:20 8.5
20160129 15:30 8.625
20160129 15:40 8.75
20160129 15:50 8.75
20160129 16:00 8.625
20160129 16:10 8.625
20160129 16:20 8.5
20160129 16:30 8.125
20160129 16:40 7.875
20160129 16:50 7.875
20160129 17:00 7.75
20160129 17:10 7.75
20160129 17:20 7.75
20160129 17:30 7.75
20160129 17:40 7.75
20160129 17:50 7.75
20160129 18:00 7.875
20160129 18:10 7.875
20160129 18:20 8
20160129 18:30 8.125
20160129 18:40 8.375
20160129 18:50 8.5
20160129 19:00 8.5
20160129 19:10 8.25
20160129 19:20 8.25
20160129 19:30 8.125
20160129 19:40 8
20160129 19:50 8.125
20160129 20:00 8.125
20160129 20:10 8.125
20160129 20:20 8.375
20160129 20:30 8.375
20160129 20:40 8.5
20160129 20:50 8.625
20160129 21:00 8.875
20160129 21:10 8.875
20160129 21:20 9
20160129 21:30 9
20160129 21:40 9.125
20160129 21:50 9.125
20160129 22:00 9.125
20160129 22:10 9.125
20160129 22:20 9.125
20160129 22:30 9.25
20160129 22:40 9.25
20160129 22:50 9.25
20160129 23:00 9.125
20160129 23:10 9.25
20160129 23:20 9.25
20160129 23:30 9
20160129 23:40 8.75
20160129 23:50 8.875
