YYYYMMDD HH:MM measured temperature
20160406 00:00 8.25
20160406 00:10 85
20160406 00:20 7.9375
20160406 00:30 7.75
20160406 00:40 7.625
20160406 00:50 7.625
20160406 01:00 7.5
20160406 01:10 7.375
20160406 01:20 7.25
20160406 01:30 7.125
20160406 01:40 7.125
20160406 01:50 7
20160406 02:00 7
20160406 02:10 6.875
20160406 02:20 6.75
20160406 02:30 6.75
20160406 02:40 6.625
20160406 02:50 6.625
20160406 03:00 6.5
20160406 03:10 6.375
20160406 03:20 6.3125
20160406 03:30 85
20160406 03:40 6.125
20160406 03:50 6.125
20160406 04:00 6.125
20160406 04:10 6.125
20160406 04:20 6.125
20160406 04:30 6.1875
20160406 04:40 6.25
20160406 04:50 6.25
20160406 05:00 6.375
20160406 05:10 6.5
20160406 05:20 6.625
20160406 05:30 6.625
20160406 05:40 6.625
20160406 05:50 6.5
20160406 06:00 6.375
20160406 06:10 6.375
20160406 06:20 6.375
20160406 06:30 6.5625
20160406 06:40 6.625
20160406 06:50 6.75
20160406 07:00 6.75
20160406 07:10 6.75
20160406 07:20 6.75
20160406 07:30 6.75
20160406 07:40 6.8125
20160406 07:50 7
20160406 08:00 7
20160406 08:10 7.125
20160406 08:20 7
20160406 08:30 7.125
20160406 08:40 7.25
20160406 08:50 7.625
20160406 09:00 7.625
20160406 09:10 8.25
20160406 09:20 8.5
20160406 09:30 8.5
20160406 09:40 8.75
20160406 09:50 9
20160406 10:00 9.375
20160406 10:10 9.625
20160406 10:20 9.5
20160406 10:30 9.75
20160406 10:40 10.375
20160406 10:50 10.25
20160406 11:00 10.75
20160406 11:10 11.75
20160406 11:20 11.5
20160406 11:30 11.875
20160406 11:40 11.625
20160406 11:50 12.375
20160406 12:00 11.875
20160406 12:10 13.25
20160406 12:20 13.0625
20160406 12:30 12.5
20160406 12:40 12.125
20160406 12:50 12.875
20160406 13:00 12
20160406 13:10 12
20160406 13:20 12.375
20160406 13:30 13.3125
20160406 13:40 12.75
20160406 13:50 11.625
20160406 14:00 12
20160406 14:10 13.25
20160406 14:20 12
20160406 14:30 13.625
20160406 14:40 13.5
20160406 14:50 12
20160406 15:00 12.5
20160406 15:10 13.375
20160406 15:20 12.375
20160406 15:30 12.375
20160406 15:40 12.125
20160406 15:50 11.875
20160406 16:00 11.75
20160406 16:10 12.125
20160406 16:20 12.625
20160406 16:30 12.25
20160406 16:40 12.125
20160406 16:50 12.125
20160406 17:00 12.25
20160406 17:10 12.125
20160406 17:20 12
20160406 17:30 11.875
20160406 17:40 11.75
20160406 17:50 11.875
20160406 18:00 11.875
20160406 18:10 11.625
20160406 18:20 11.5
20160406 18:30 11.5
20160406 18:40 11.375
20160406 18:50 11.25
20160406 19:00 11.125
20160406 19:10 10.875
20160406 19:20 10.375
20160406 19:30 10.25
20160406 19:40 9.875
20160406 19:50 9.5
20160406 20:00 9.25
20160406 20:10 9
20160406 20:20 9
20160406 20:30 9.125
20160406 20:40 9.375
20160406 20:50 9.5
20160406 21:00 9.5
20160406 21:10 9.5
20160406 21:20 9.5
20160406 21:30 9.5
20160406 21:40 9.625
20160406 21:50 9.5
20160406 22:00 9.75
20160406 22:10 9.75
20160406 22:20 9.5
20160406 22:30 9.125
20160406 22:40 8
20160406 22:50 7.375
20160406 23:00 7.25
20160406 23:10 7.25
20160406 23:20 7.25
20160406 23:30 7.125
20160406 23:40 7.5
20160406 23:50 7.625
