YYYYMMDD HH:MM measured temperature
20160708 00:00 16.375
20160708 00:10 16.375
20160708 00:20 16
20160708 00:30 16
20160708 00:40 15.8125
20160708 00:50 15.875
20160708 01:00 15.375
20160708 01:10 15.375
20160708 01:20 15
20160708 01:30 14.875
20160708 01:40 14.5625
20160708 01:50 14.4375
20160708 02:00 14.5
20160708 02:10 14.4375
20160708 02:20 14.375
20160708 02:30 14.5
20160708 02:40 14.3125
20160708 02:50 85
20160708 03:00 14.0625
20160708 03:10 14
20160708 03:20 13.875
20160708 03:30 13.875
20160708 03:40 13.6875
20160708 03:50 13.625
20160708 04:00 13.625
20160708 04:10 13.5
20160708 04:20 13.5
20160708 04:30 13.5625
20160708 04:40 13.4375
20160708 04:50 13.5
20160708 05:00 13.5
20160708 05:10 13.75
20160708 05:20 14
20160708 05:30 14
20160708 05:40 13.75
20160708 05:50 13.75
20160708 06:00 14.25
20160708 06:10 14
20160708 06:20 14.125
20160708 06:30 14.25
20160708 06:40 14.5
20160708 06:50 14.75
20160708 07:00 15.125
20160708 07:10 15.375
20160708 07:20 15.625
20160708 07:30 15.625
20160708 07:40 16
20160708 07:50 16.5
20160708 08:00 16.5
20160708 08:10 16.75
20160708 08:20 17.25
20160708 08:30 18
20160708 08:40 17.75
20160708 08:50 18.25
20160708 09:00 18.5
20160708 09:10 18.875
20160708 09:20 18.875
20160708 09:30 18.75
20160708 09:40 19.125
20160708 09:50 19.25
20160708 10:00 19.375
20160708 10:10 19.25
20160708 10:20 18.75
20160708 10:30 18.75
20160708 10:40 18.625
20160708 10:50 18.875
20160708 11:00 18.875
20160708 11:10 18.875
20160708 11:20 19
20160708 11:30 19.125
20160708 11:40 19.25
20160708 11:50 20
20160708 12:00 19.375
20160708 12:10 18.75
20160708 12:20 18.625
20160708 12:30 18.75
20160708 12:40 18.875
20160708 12:50 19.125
20160708 13:00 19.375
20160708 13:10 19.25
20160708 13:20 19.25
20160708 13:30 19.5
20160708 13:40 19.25
20160708 13:50 18.875
20160708 14:00 18.625
20160708 14:10 18.25
20160708 14:20 18.625
20160708 14:30 18.75
20160708 14:40 18.25
20160708 14:50 18.4375
20160708 15:00 18.5
20160708 15:10 18.125
20160708 15:20 18.125
20160708 15:30 18
20160708 15:40 17.5
20160708 15:50 17.375
20160708 16:00 17.75
20160708 16:10 17.5
20160708 16:20 17.5
20160708 16:30 18.25
20160708 16:40 18.875
20160708 16:50 18.125
20160708 17:00 18.5
20160708 17:10 18.5
20160708 17:20 18.375
20160708 17:30 18.25
20160708 17:40 17.5
20160708 17:50 18
20160708 18:00 17.75
20160708 18:10 17.75
20160708 18:20 17.875
20160708 18:30 18
20160708 18:40 17.75
20160708 18:50 17.375
20160708 19:00 17.375
20160708 19:10 17.625
20160708 19:20 17.375
20160708 19:30 17.375
20160708 19:40 17.25
20160708 19:50 17.25
20160708 20:00 17.125
20160708 20:10 17.25
20160708 20:20 17
20160708 20:30 16.625
20160708 20:40 16.375
20160708 20:50 85
20160708 21:00 16.125
20160708 21:10 85
20160708 21:20 15.6875
20160708 21:30 15.5625
20160708 21:40 85
20160708 21:50 85
20160708 22:00 85
20160708 22:10 15.625
20160708 22:20 85
20160708 22:30 15.375
20160708 22:40 85
20160708 22:50 15.1875
20160708 23:00 15
20160708 23:10 14.9375
20160708 23:20 14.875
20160708 23:30 14.625
20160708 23:40 14.6875
20160708 23:50 14.625
