YYYYMMDD HH:MM measured temperature
20160218 00:00 0.125
20160218 00:10 0.25
20160218 00:20 0.125
20160218 00:30 0.25
20160218 00:40 0.1875
20160218 00:50 0.1875
20160218 01:00 0.125
20160218 01:10 85
20160218 01:20 0
20160218 01:30 85
20160218 01:40 0
20160218 01:50 0
20160218 02:00 -0.1875
20160218 02:10 -0.1875
20160218 02:20 -0.1875
20160218 02:30 85
20160218 02:40 -0.1875
20160218 02:50 -0.1875
20160218 03:00 -0.1875
20160218 03:10 -0.25
20160218 03:20 -0.25
20160218 03:30 85
20160218 03:40 -0.5625
20160218 03:50 -0.625
20160218 04:00 85
20160218 04:10 -0.75
20160218 04:20 -0.8125
20160218 04:30 -0.875
20160218 04:40 -1.0625
20160218 04:50 -1.0625
20160218 05:00 85
20160218 05:10 -1.1875
20160218 05:20 -1.3125
20160218 05:30 -1.25
20160218 05:40 -1.25
20160218 05:50 -1.3125
20160218 06:00 -1.25
20160218 06:10 -1.25
20160218 06:20 -1.3125
20160218 06:30 -1.5625
20160218 06:40 -1.5
20160218 06:50 -1.5625
20160218 07:00 -1.375
20160218 07:10 -1.375
20160218 07:20 -1.25
20160218 07:30 -1.25
20160218 07:40 -1.25
20160218 07:50 -1.1875
20160218 08:00 -1.0625
20160218 08:10 -1.125
20160218 08:20 -1.0625
20160218 08:30 -0.9375
20160218 08:40 -0.75
20160218 08:50 -0.75
20160218 09:00 -0.5625
20160218 09:10 -0.5
20160218 09:20 -0.375
20160218 09:30 -0.3125
20160218 09:40 -0.25
20160218 09:50 -0.1875
20160218 10:00 -0.1875
20160218 10:10 -0.125
20160218 10:20 0.125
20160218 10:30 0.125
20160218 10:40 0.125
20160218 10:50 85
20160218 11:00 0.3125
20160218 11:10 0.5
20160218 11:20 0.625
20160218 11:30 0.6875
20160218 11:40 0.6875
20160218 11:50 0.875
20160218 12:00 1
20160218 12:10 1.1875
20160218 12:20 1.3125
20160218 12:30 1.375
20160218 12:40 1.5
20160218 12:50 1.5
20160218 13:00 1.5625
20160218 13:10 1.5
20160218 13:20 1.5
20160218 13:30 1.625
20160218 13:40 1.5
20160218 13:50 1.625
20160218 14:00 1.625
20160218 14:10 1.875
20160218 14:20 1.875
20160218 14:30 2.0625
20160218 14:40 2.1875
20160218 14:50 2.25
20160218 15:00 2.25
20160218 15:10 2.5
20160218 15:20 2.375
20160218 15:30 2.75
20160218 15:40 2.75
20160218 15:50 2.75
20160218 16:00 2.6875
20160218 16:10 2.75
20160218 16:20 2.5625
20160218 16:30 2.4375
20160218 16:40 2.4375
20160218 16:50 2.25
20160218 17:00 2.125
20160218 17:10 1.9375
20160218 17:20 1.875
20160218 17:30 1.6875
20160218 17:40 1.5625
20160218 17:50 1.4375
20160218 18:00 1.3125
20160218 18:10 1.125
20160218 18:20 0.875
20160218 18:30 0.5
20160218 18:40 0.25
20160218 18:50 -0.1875
20160218 19:00 -0.5
20160218 19:10 -0.5
20160218 19:20 85
20160218 19:30 -0.5625
20160218 19:40 -0.5625
20160218 19:50 -0.4375
20160218 20:00 -0.5
20160218 20:10 -0.25
20160218 20:20 -0.25
20160218 20:30 -0.1875
20160218 20:40 -0.125
20160218 20:50 -0.4375
20160218 21:00 -0.5
20160218 21:10 -0.3125
20160218 21:20 -0.375
20160218 21:30 -0.5
20160218 21:40 -0.5
20160218 21:50 -0.625
20160218 22:00 -0.625
20160218 22:10 -0.75
20160218 22:20 -1
20160218 22:30 -1.0625
20160218 22:40 -1.125
20160218 22:50 -1
20160218 23:00 -1.0625
20160218 23:10 -0.9375
20160218 23:20 -1.0625
20160218 23:30 -1
20160218 23:40 -1.125
20160218 23:50 -1.0625
