YYYYMMDD HH:MM measured temperature
20160301 00:00 -2.125
20160301 00:10 -2.25
20160301 00:20 -2.3125
20160301 00:30 -2.4375
20160301 00:40 -2.5625
20160301 00:50 -2.3125
20160301 01:00 -2.5625
20160301 01:10 -2.5625
20160301 01:20 -2.375
20160301 01:30 -2.625
20160301 01:40 -2.8125
20160301 01:50 -2.8125
20160301 02:00 -2.75
20160301 02:10 -3.125
20160301 02:20 -2.875
20160301 02:30 -2.625
20160301 02:40 -2.6875
20160301 02:50 -2.6875
20160301 03:00 -2.6875
20160301 03:10 -2.6875
20160301 03:20 -2.5625
20160301 03:30 -3
20160301 03:40 -3
20160301 03:50 -3.0625
20160301 04:00 -2.9375
20160301 04:10 -3.125
20160301 04:20 -3.625
20160301 04:30 -4
20160301 04:40 -3.875
20160301 04:50 -4.0625
20160301 05:00 -4.25
20160301 05:10 -4.4375
20160301 05:20 -4.3125
20160301 05:30 -4.5625
20160301 05:40 -4.5
20160301 05:50 -4.5625
20160301 06:00 -4.5625
20160301 06:10 -4.6875
20160301 06:20 -4.9375
20160301 06:30 -4.875
20160301 06:40 -4.8125
20160301 06:50 -4.9375
20160301 07:00 -4.9375
20160301 07:10 -4.75
20160301 07:20 -4.5625
20160301 07:30 -4.6875
20160301 07:40 -4.5
20160301 07:50 -4.0625
20160301 08:00 -3.625
20160301 08:10 -2.875
20160301 08:20 -2.1875
20160301 08:30 -1.875
20160301 08:40 -1.1875
20160301 08:50 -0.75
20160301 09:00 -1.1875
20160301 09:10 -1.0625
20160301 09:20 -0.5
20160301 09:30 0.125
20160301 09:40 -0.4375
20160301 09:50 -0.0625
20160301 10:00 -0.25
20160301 10:10 85
20160301 10:20 0.0625
20160301 10:30 0.1875
20160301 10:40 0.5625
20160301 10:50 0.125
20160301 11:00 0.25
20160301 11:10 0.25
20160301 11:20 0.5
20160301 11:30 0.75
20160301 11:40 1.1875
20160301 11:50 1.125
20160301 12:00 1.75
20160301 12:10 1.8125
20160301 12:20 2.375
20160301 12:30 1.9375
20160301 12:40 2
20160301 12:50 2.375
20160301 13:00 2.75
20160301 13:10 2.25
20160301 13:20 2.5
20160301 13:30 2.125
20160301 13:40 2
20160301 13:50 2.1875
20160301 14:00 2.25
20160301 14:10 2.4375
20160301 14:20 2.25
20160301 14:30 2.0625
20160301 14:40 2
20160301 14:50 2.125
20160301 15:00 2.125
20160301 15:10 2.125
20160301 15:20 2
20160301 15:30 2.0625
20160301 15:40 2.1875
20160301 15:50 2
20160301 16:00 2
20160301 16:10 2.0625
20160301 16:20 1.8125
20160301 16:30 1.8125
20160301 16:40 1.875
20160301 16:50 1.875
20160301 17:00 1.8125
20160301 17:10 1.8125
20160301 17:20 1.8125
20160301 17:30 1.8125
20160301 17:40 1.625
20160301 17:50 1.1875
20160301 18:00 0.9375
20160301 18:10 0.625
20160301 18:20 0.5
20160301 18:30 0.4375
20160301 18:40 0.4375
20160301 18:50 0.4375
20160301 19:00 0.4375
20160301 19:10 0.375
20160301 19:20 0.5
20160301 19:30 0.4375
20160301 19:40 0.4375
20160301 19:50 0.4375
20160301 20:00 0.5
20160301 20:10 0.4375
20160301 20:20 0.5
20160301 20:30 0.4375
20160301 20:40 0.4375
20160301 20:50 0.5
20160301 21:00 0.625
20160301 21:10 0.625
20160301 21:20 0.75
20160301 21:30 0.9375
20160301 21:40 1.125
20160301 21:50 1.0625
20160301 22:00 1.0625
20160301 22:10 1.375
20160301 22:20 1.375
20160301 22:30 1.375
20160301 22:40 1.375
20160301 22:50 1.5
20160301 23:00 1.625
20160301 23:10 1.625
20160301 23:20 1.8125
20160301 23:30 1.8125
20160301 23:40 1.9375
20160301 23:50 2
