YYYYMMDD HH:MM measured temperature
20160607 00:00 17.75
20160607 00:10 17.5
20160607 00:20 17.5625
20160607 00:30 17.3125
20160607 00:40 17.125
20160607 00:50 16.875
20160607 01:00 16.875
20160607 01:10 16.875
20160607 01:20 16.8125
20160607 01:30 16.875
20160607 01:40 16.75
20160607 01:50 16.625
20160607 02:00 16.375
20160607 02:10 16.25
20160607 02:20 16.25
20160607 02:30 16.125
20160607 02:40 16
20160607 02:50 16
20160607 03:00 16.0625
20160607 03:10 16.0625
20160607 03:20 16.3125
20160607 03:30 16.4375
20160607 03:40 16.25
20160607 03:50 16.25
20160607 04:00 16.25
20160607 04:10 16.0625
20160607 04:20 16
20160607 04:30 15.9375
20160607 04:40 15.9375
20160607 04:50 15.875
20160607 05:00 15.875
20160607 05:10 15.75
20160607 05:20 15.625
20160607 05:30 15.5
20160607 05:40 15.5
20160607 05:50 15.375
20160607 06:00 15.375
20160607 06:10 15.25
20160607 06:20 15.375
20160607 06:30 15.375
20160607 06:40 15.625
20160607 06:50 15.75
20160607 07:00 15.8125
20160607 07:10 16.125
20160607 07:20 16.5625
20160607 07:30 16.875
20160607 07:40 16.9375
20160607 07:50 17.375
20160607 08:00 17.875
20160607 08:10 18.125
20160607 08:20 18.625
20160607 08:30 19.1875
20160607 08:40 19.875
20160607 08:50 20.625
20160607 09:00 21
20160607 09:10 21
20160607 09:20 21.75
20160607 09:30 21.375
20160607 09:40 22.125
20160607 09:50 23.25
20160607 10:00 23.5
20160607 10:10 24.125
20160607 10:20 24.5
20160607 10:30 25.625
20160607 10:40 24.875
20160607 10:50 25.375
20160607 11:00 26
20160607 11:10 26.875
20160607 11:20 26.75
20160607 11:30 25.5
20160607 11:40 25.875
20160607 11:50 26.625
20160607 12:00 27.375
20160607 12:10 26.875
20160607 12:20 26.75
20160607 12:30 26.125
20160607 12:40 26.625
20160607 12:50 25.375
20160607 13:00 26.5
20160607 13:10 27.25
20160607 13:20 27.375
20160607 13:30 27.875
20160607 13:40 27.625
20160607 13:50 26.375
20160607 14:00 27.25
20160607 14:10 28.625
20160607 14:20 28
20160607 14:30 28.125
20160607 14:40 27.875
20160607 14:50 28.375
20160607 15:00 26.875
20160607 15:10 26
20160607 15:20 26.125
20160607 15:30 27.375
20160607 15:40 27.625
20160607 15:50 25.25
20160607 16:00 24.5
20160607 16:10 24.125
20160607 16:20 23.8125
20160607 16:30 23.0625
20160607 16:40 22
20160607 16:50 20.1875
20160607 17:00 19.375
20160607 17:10 18.5625
20160607 17:20 17.75
20160607 17:30 18.5625
20160607 17:40 85
20160607 17:50 21.375
20160607 18:00 85
20160607 18:10 22
20160607 18:20 22.25
20160607 18:30 21.4375
20160607 18:40 21.4375
20160607 18:50 21.75
20160607 19:00 22
20160607 19:10 22.375
20160607 19:20 22.625
20160607 19:30 22.125
20160607 19:40 21.625
20160607 19:50 21
20160607 20:00 20.8125
20160607 20:10 20.25
20160607 20:20 20.25
20160607 20:30 20.125
20160607 20:40 20.0625
20160607 20:50 19.75
20160607 21:00 19.25
20160607 21:10 19.125
20160607 21:20 18.5
20160607 21:30 18.25
20160607 21:40 17.125
20160607 21:50 17.25
20160607 22:00 16.75
20160607 22:10 16.375
20160607 22:20 16
20160607 22:30 15.8125
20160607 22:40 15.5
20160607 22:50 15.5
20160607 23:00 15.125
20160607 23:10 15.0625
20160607 23:20 15.6875
20160607 23:30 15.125
20160607 23:40 15.25
20160607 23:50 15.25
