YYYYMMDD HH:MM measured temperature
20160207 00:00 6.75
20160207 00:10 6.625
20160207 00:20 6.75
20160207 00:30 6.75
20160207 00:40 6.75
20160207 00:50 6.5
20160207 01:00 6.5
20160207 01:10 6.625
20160207 01:20 6.875
20160207 01:30 6.625
20160207 01:40 6.625
20160207 01:50 6.75
20160207 02:00 6.75
20160207 02:10 6.75
20160207 02:20 6.875
20160207 02:30 6.875
20160207 02:40 6.875
20160207 02:50 7.125
20160207 03:00 7.25
20160207 03:10 7.125
20160207 03:20 7
20160207 03:30 7.125
20160207 03:40 7.25
20160207 03:50 7.25
20160207 04:00 7.5
20160207 04:10 7.25
20160207 04:20 7
20160207 04:30 6.875
20160207 04:40 6.75
20160207 04:50 6.5
20160207 05:00 6.5
20160207 05:10 6.5
20160207 05:20 6.5
20160207 05:30 6.625
20160207 05:40 6.625
20160207 05:50 6.75
20160207 06:00 6.375
20160207 06:10 6.375
20160207 06:20 6.5
20160207 06:30 6.75
20160207 06:40 7.25
20160207 06:50 7.5
20160207 07:00 7.625
20160207 07:10 8.25
20160207 07:20 7.75
20160207 07:30 8.375
20160207 07:40 8.5
20160207 07:50 8.5
20160207 08:00 8.75
20160207 08:10 8.75
20160207 08:20 9
20160207 08:30 9
20160207 08:40 9.125
20160207 08:50 9
20160207 09:00 9.25
20160207 09:10 9.25
20160207 09:20 9.375
20160207 09:30 9.5
20160207 09:40 9.625
20160207 09:50 9.8125
20160207 10:00 9.875
20160207 10:10 10
20160207 10:20 9.875
20160207 10:30 10
20160207 10:40 10.25
20160207 10:50 10.3125
20160207 11:00 10.5
20160207 11:10 10.875
20160207 11:20 10.875
20160207 11:30 11
20160207 11:40 11.25
20160207 11:50 11.375
20160207 12:00 11.25
20160207 12:10 11.125
20160207 12:20 11
20160207 12:30 11
20160207 12:40 10.875
20160207 12:50 11
20160207 13:00 11.125
20160207 13:10 12.5
20160207 13:20 12.875
20160207 13:30 12.8125
20160207 13:40 12.25
20160207 13:50 11.4375
20160207 14:00 11
20160207 14:10 11.625
20160207 14:20 11.125
20160207 14:30 10.875
20160207 14:40 11
20160207 14:50 10.75
20160207 15:00 10.5
20160207 15:10 10.375
20160207 15:20 10.25
20160207 15:30 10
20160207 15:40 10
20160207 15:50 9.875
20160207 16:00 9.75
20160207 16:10 9.625
20160207 16:20 9.5
20160207 16:30 9.25
20160207 16:40 9.25
20160207 16:50 9.125
20160207 17:00 9
20160207 17:10 8.875
20160207 17:20 8.625
20160207 17:30 8.625
20160207 17:40 8.5
20160207 17:50 8.5
20160207 18:00 8.375
20160207 18:10 8.25
20160207 18:20 8.25
20160207 18:30 8.125
20160207 18:40 8
20160207 18:50 7.875
20160207 19:00 7.875
20160207 19:10 7.875
20160207 19:20 7.875
20160207 19:30 7.75
20160207 19:40 7.875
20160207 19:50 7.875
20160207 20:00 7.625
20160207 20:10 7.75
20160207 20:20 7.625
20160207 20:30 7.375
20160207 20:40 7.125
20160207 20:50 6.875
20160207 21:00 6.75
20160207 21:10 6.5
20160207 21:20 6.375
20160207 21:30 6.125
20160207 21:40 6.25
20160207 21:50 6.125
20160207 22:00 6.25
20160207 22:10 6.125
20160207 22:20 6.125
20160207 22:30 6
20160207 22:40 6
20160207 22:50 6
20160207 23:00 6.125
20160207 23:10 6
20160207 23:20 6
20160207 23:30 6.125
20160207 23:40 6.25
20160207 23:50 6.375
