YYYYMMDD HH:MM measured temperature
20160204 00:00 1.875
20160204 00:10 85
20160204 00:20 2.375
20160204 00:30 2.5
20160204 00:40 2.625
20160204 00:50 2.5
20160204 01:00 2.375
20160204 01:10 2.125
20160204 01:20 2.125
20160204 01:30 85
20160204 01:40 1.9375
20160204 01:50 2
20160204 02:00 2.0625
20160204 02:10 2.1875
20160204 02:20 85
20160204 02:30 2.25
20160204 02:40 2.25
20160204 02:50 2.25
20160204 03:00 2.25
20160204 03:10 2.25
20160204 03:20 2.25
20160204 03:30 2.375
20160204 03:40 85
20160204 03:50 2.5
20160204 04:00 2.5625
20160204 04:10 2.3125
20160204 04:20 85
20160204 04:30 2.375
20160204 04:40 2.3125
20160204 04:50 85
20160204 05:00 2.25
20160204 05:10 2.25
20160204 05:20 2.1875
20160204 05:30 2.375
20160204 05:40 2.375
20160204 05:50 2.4375
20160204 06:00 2.5
20160204 06:10 2.375
20160204 06:20 2.4375
20160204 06:30 2.4375
20160204 06:40 2.4375
20160204 06:50 2.4375
20160204 07:00 2.125
20160204 07:10 2.25
20160204 07:20 2.25
20160204 07:30 85
20160204 07:40 2.125
20160204 07:50 2.25
20160204 08:00 2.375
20160204 08:10 2.5
20160204 08:20 2.5
20160204 08:30 85
20160204 08:40 2.75
20160204 08:50 2.875
20160204 09:00 3
20160204 09:10 3
20160204 09:20 3.0625
20160204 09:30 85
20160204 09:40 3.25
20160204 09:50 3.125
20160204 10:00 2.6875
20160204 10:10 2.875
20160204 10:20 3.125
20160204 10:30 3.1875
20160204 10:40 3.1875
20160204 10:50 3.1875
20160204 11:00 3.25
20160204 11:10 85
20160204 11:20 2.8125
20160204 11:30 2.6875
20160204 11:40 2.4375
20160204 11:50 2.375
20160204 12:00 2.3125
20160204 12:10 2.375
20160204 12:20 85
20160204 12:30 2.25
20160204 12:40 85
20160204 12:50 2.375
20160204 13:00 2.375
20160204 13:10 2.5
20160204 13:20 2.8125
20160204 13:30 2.875
20160204 13:40 85
20160204 13:50 85
20160204 14:00 3.0625
20160204 14:10 85
20160204 14:20 3.25
20160204 14:30 3.25
20160204 14:40 3.125
20160204 14:50 3.0625
20160204 15:00 3.1875
20160204 15:10 3.25
20160204 15:20 3.375
20160204 15:30 3.3125
20160204 15:40 3.1875
20160204 15:50 3.1875
20160204 16:00 3.25
20160204 16:10 3.25
20160204 16:20 3.25
20160204 16:30 3.25
20160204 16:40 3.3125
20160204 16:50 85
20160204 17:00 3.1875
20160204 17:10 85
20160204 17:20 2.5625
20160204 17:30 2.5
20160204 17:40 2.25
20160204 17:50 2
20160204 18:00 2
20160204 18:10 1.75
20160204 18:20 1.75
20160204 18:30 1.875
20160204 18:40 85
20160204 18:50 2.75
20160204 19:00 2.625
20160204 19:10 2.375
20160204 19:20 2.5
20160204 19:30 2.625
20160204 19:40 2.75
20160204 19:50 2.75
20160204 20:00 2.625
20160204 20:10 2.75
20160204 20:20 2.875
20160204 20:30 2.625
20160204 20:40 2.625
20160204 20:50 2.375
20160204 21:00 2.25
20160204 21:10 1.875
20160204 21:20 1.875
20160204 21:30 1.75
20160204 21:40 1.5
20160204 21:50 1.5
20160204 22:00 1.25
20160204 22:10 1.25
20160204 22:20 1.25
20160204 22:30 1.25
20160204 22:40 1.125
20160204 22:50 1
20160204 23:00 0.75
20160204 23:10 1.125
20160204 23:20 1.25
20160204 23:30 1.125
20160204 23:40 1.125
20160204 23:50 1.125
