YYYYMMDD HH:MM measured temperature
20160413 00:00 9.375
20160413 00:10 9.375
20160413 00:20 9.125
20160413 00:30 8.75
20160413 00:40 8.75
20160413 00:50 8.8125
20160413 01:00 8.875
20160413 01:10 8.875
20160413 01:20 8.75
20160413 01:30 8.625
20160413 01:40 8.25
20160413 01:50 8.125
20160413 02:00 7.75
20160413 02:10 7.875
20160413 02:20 7.75
20160413 02:30 7.75
20160413 02:40 7.875
20160413 02:50 7.6875
20160413 03:00 7.5
20160413 03:10 7.25
20160413 03:20 7.125
20160413 03:30 6.625
20160413 03:40 6.75
20160413 03:50 6.625
20160413 04:00 6.3125
20160413 04:10 6.125
20160413 04:20 85
20160413 04:30 6.25
20160413 04:40 6.125
20160413 04:50 6
20160413 05:00 6.0625
20160413 05:10 6.3125
20160413 05:20 6.625
20160413 05:30 6.875
20160413 05:40 85
20160413 05:50 6.875
20160413 06:00 7.125
20160413 06:10 7.25
20160413 06:20 7.125
20160413 06:30 85
20160413 06:40 7.375
20160413 06:50 85
20160413 07:00 7.625
20160413 07:10 7.875
20160413 07:20 8.125
20160413 07:30 8.25
20160413 07:40 8.5
20160413 07:50 8.5
20160413 08:00 85
20160413 08:10 9.125
20160413 08:20 9.375
20160413 08:30 9.5
20160413 08:40 9.5
20160413 08:50 9.375
20160413 09:00 9.5
20160413 09:10 9.625
20160413 09:20 10
20160413 09:30 9.875
20160413 09:40 10.625
20160413 09:50 11.25
20160413 10:00 10.75
20160413 10:10 11
20160413 10:20 12.125
20160413 10:30 11.375
20160413 10:40 12.25
20160413 10:50 11.6875
20160413 11:00 12.0625
20160413 11:10 11.75
20160413 11:20 11.75
20160413 11:30 12.125
20160413 11:40 11.625
20160413 11:50 11.75
20160413 12:00 11.75
20160413 12:10 12.0625
20160413 12:20 12.25
20160413 12:30 11.875
20160413 12:40 13
20160413 12:50 12.375
20160413 13:00 13.8125
20160413 13:10 12.75
20160413 13:20 12.5
20160413 13:30 12.8125
20160413 13:40 12.9375
20160413 13:50 13.125
20160413 14:00 12.875
20160413 14:10 12.75
20160413 14:20 13.125
20160413 14:30 14.125
20160413 14:40 13.8125
20160413 14:50 13.25
20160413 15:00 13.875
20160413 15:10 13.625
20160413 15:20 14.125
20160413 15:30 13.25
20160413 15:40 12.625
20160413 15:50 12.375
20160413 16:00 12.5
20160413 16:10 12.5
20160413 16:20 12.125
20160413 16:30 12.5
20160413 16:40 12.375
20160413 16:50 12.5
20160413 17:00 12.125
20160413 17:10 12.25
20160413 17:20 11.875
20160413 17:30 11.5
20160413 17:40 11.125
20160413 17:50 11.25
20160413 18:00 11
20160413 18:10 11
20160413 18:20 11
20160413 18:30 10.625
20160413 18:40 10.625
20160413 18:50 10.5
20160413 19:00 10.25
20160413 19:10 10.25
20160413 19:20 10.25
20160413 19:30 10.25
20160413 19:40 10
20160413 19:50 9.875
20160413 20:00 9.875
20160413 20:10 9.75
20160413 20:20 9.75
20160413 20:30 9.875
20160413 20:40 9.75
20160413 20:50 9.75
20160413 21:00 9.75
20160413 21:10 9.75
20160413 21:20 9.5
20160413 21:30 9.625
20160413 21:40 9.5
20160413 21:50 9.5
20160413 22:00 9.25
20160413 22:10 9.25
20160413 22:20 9.375
20160413 22:30 9.25
20160413 22:40 9.125
20160413 22:50 9
20160413 23:00 9
20160413 23:10 9
20160413 23:20 9
20160413 23:30 8.875
20160413 23:40 8.875
20160413 23:50 8.875
