YYYYMMDD HH:MM measured temperature
20160206 00:00 8.125
20160206 00:10 8.125
20160206 00:20 8.125
20160206 00:30 8.25
20160206 00:40 8.25
20160206 00:50 8.25
20160206 01:00 8.25
20160206 01:10 8.25
20160206 01:20 8.25
20160206 01:30 8.25
20160206 01:40 8.25
20160206 01:50 8.25
20160206 02:00 8.25
20160206 02:10 8.25
20160206 02:20 8.25
20160206 02:30 8.25
20160206 02:40 8.25
20160206 02:50 8.25
20160206 03:00 8.25
20160206 03:10 8.3125
20160206 03:20 8.25
20160206 03:30 8.25
20160206 03:40 8.375
20160206 03:50 8.375
20160206 04:00 8.375
20160206 04:10 8.5
20160206 04:20 8.375
20160206 04:30 8.375
20160206 04:40 8.3125
20160206 04:50 8.375
20160206 05:00 8.3125
20160206 05:10 8.3125
20160206 05:20 8.375
20160206 05:30 8.375
20160206 05:40 8.375
20160206 05:50 8.25
20160206 06:00 8.25
20160206 06:10 8.3125
20160206 06:20 8.25
20160206 06:30 8.1875
20160206 06:40 8.1875
20160206 06:50 8.25
20160206 07:00 8.125
20160206 07:10 85
20160206 07:20 8.375
20160206 07:30 8.3125
20160206 07:40 8.25
20160206 07:50 8.1875
20160206 08:00 85
20160206 08:10 8.1875
20160206 08:20 8.25
20160206 08:30 8.1875
20160206 08:40 8.1875
20160206 08:50 8.125
20160206 09:00 8.25
20160206 09:10 8.3125
20160206 09:20 8.3125
20160206 09:30 8.375
20160206 09:40 8.375
20160206 09:50 8.4375
20160206 10:00 8.5625
20160206 10:10 8.625
20160206 10:20 8.75
20160206 10:30 8.75
20160206 10:40 9
20160206 10:50 9.125
20160206 11:00 9.3125
20160206 11:10 9.25
20160206 11:20 9.375
20160206 11:30 9.375
20160206 11:40 9.5
20160206 11:50 9.625
20160206 12:00 9.625
20160206 12:10 9.5625
20160206 12:20 9.625
20160206 12:30 9.625
20160206 12:40 9.5
20160206 12:50 9.5
20160206 13:00 9.5
20160206 13:10 9.5
20160206 13:20 9.5
20160206 13:30 9.5
20160206 13:40 9.5
20160206 13:50 9.5
20160206 14:00 9.625
20160206 14:10 9.625
20160206 14:20 9.5
20160206 14:30 9.75
20160206 14:40 9.875
20160206 14:50 9.75
20160206 15:00 9.625
20160206 15:10 9.625
20160206 15:20 9.625
20160206 15:30 9.625
20160206 15:40 9.625
20160206 15:50 9.75
20160206 16:00 9.625
20160206 16:10 9.5
20160206 16:20 9.5
20160206 16:30 9.375
20160206 16:40 9.375
20160206 16:50 9.5
20160206 17:00 9.375
20160206 17:10 9.375
20160206 17:20 9.375
20160206 17:30 9.25
20160206 17:40 8.75
20160206 17:50 8.625
20160206 18:00 8.625
20160206 18:10 8.375
20160206 18:20 8.375
20160206 18:30 8
20160206 18:40 7.5
20160206 18:50 7.125
20160206 19:00 7.5
20160206 19:10 7.125
20160206 19:20 7
20160206 19:30 6.875
20160206 19:40 7
20160206 19:50 7.25
20160206 20:00 7.25
20160206 20:10 7.25
20160206 20:20 6.875
20160206 20:30 6.75
20160206 20:40 6.75
20160206 20:50 6.625
20160206 21:00 6.625
20160206 21:10 6.625
20160206 21:20 6.625
20160206 21:30 6.875
20160206 21:40 6.5
20160206 21:50 6.5
20160206 22:00 6.5
20160206 22:10 6.5
20160206 22:20 6.5625
20160206 22:30 6.875
20160206 22:40 6.625
20160206 22:50 6.6875
20160206 23:00 6.875
20160206 23:10 7
20160206 23:20 7.125
20160206 23:30 7.125
20160206 23:40 7
20160206 23:50 6.875
