YYYYMMDD HH:MM measured temperature
20160114 00:00 3.375
20160114 00:10 3.375
20160114 00:20 3.375
20160114 00:30 3.375
20160114 00:40 3.375
20160114 00:50 3.375
20160114 01:00 3.25
20160114 01:10 3
20160114 01:20 2.875
20160114 01:30 2.625
20160114 01:40 2.625
20160114 01:50 2.375
20160114 02:00 2.125
20160114 02:10 2.125
20160114 02:20 2
20160114 02:30 2
20160114 02:40 2
20160114 02:50 1.75
20160114 03:00 1.5
20160114 03:10 1.375
20160114 03:20 1.375
20160114 03:30 1.375
20160114 03:40 1.25
20160114 03:50 1
20160114 04:00 1.125
20160114 04:10 0.875
20160114 04:20 0.75
20160114 04:30 0.6875
20160114 04:40 0.625
20160114 04:50 0.625
20160114 05:00 0.625
20160114 05:10 0.75
20160114 05:20 85
20160114 05:30 0.875
20160114 05:40 0.875
20160114 05:50 0.875
20160114 06:00 0.5
20160114 06:10 0.5
20160114 06:20 0.3125
20160114 06:30 0.25
20160114 06:40 0.0625
20160114 06:50 0
20160114 07:00 85
20160114 07:10 0
20160114 07:20 -0.0625
20160114 07:30 85
20160114 07:40 85
20160114 07:50 85
20160114 08:00 -0.25
20160114 08:10 -0.25
20160114 08:20 85
20160114 08:30 -0.25
20160114 08:40 85
20160114 08:50 85
20160114 09:00 -0.0625
20160114 09:10 0.125
20160114 09:20 0.25
20160114 09:30 0.5
20160114 09:40 0.625
20160114 09:50 0.75
20160114 10:00 0.875
20160114 10:10 1
20160114 10:20 1
20160114 10:30 1.125
20160114 10:40 1.25
20160114 10:50 1.375
20160114 11:00 1.625
20160114 11:10 1.75
20160114 11:20 1.875
20160114 11:30 2
20160114 11:40 2
20160114 11:50 2.25
20160114 12:00 2.25
20160114 12:10 2.25
20160114 12:20 2.25
20160114 12:30 2.375
20160114 12:40 2.625
20160114 12:50 2.5
20160114 13:00 2.5
20160114 13:10 2.375
20160114 13:20 2.625
20160114 13:30 2.875
20160114 13:40 2.75
20160114 13:50 2.875
20160114 14:00 2.75
20160114 14:10 2.75
20160114 14:20 2.625
20160114 14:30 2.75
20160114 14:40 2.75
20160114 14:50 2.875
20160114 15:00 3
20160114 15:10 3.125
20160114 15:20 3.125
20160114 15:30 3.125
20160114 15:40 3.125
20160114 15:50 3.125
20160114 16:00 3.125
20160114 16:10 3
20160114 16:20 3
20160114 16:30 3.125
20160114 16:40 3
20160114 16:50 3
20160114 17:00 3
20160114 17:10 2.875
20160114 17:20 2.625
20160114 17:30 2.5
20160114 17:40 2.3125
20160114 17:50 2.3125
20160114 18:00 2.25
20160114 18:10 2.125
20160114 18:20 1.9375
20160114 18:30 85
20160114 18:40 1.625
20160114 18:50 1.375
20160114 19:00 85
20160114 19:10 85
20160114 19:20 0.6875
20160114 19:30 0.5625
20160114 19:40 0.625
20160114 19:50 0.5
20160114 20:00 0.5
20160114 20:10 0.5
20160114 20:20 0.5
20160114 20:30 0.4375
20160114 20:40 0.5
20160114 20:50 0.4375
20160114 21:00 0.375
20160114 21:10 0.4375
20160114 21:20 0.375
20160114 21:30 0.375
20160114 21:40 0.4375
20160114 21:50 0.5625
20160114 22:00 0.625
20160114 22:10 0.6875
20160114 22:20 0.5625
20160114 22:30 0.625
20160114 22:40 0.625
20160114 22:50 0.6875
20160114 23:00 0.625
20160114 23:10 0.6875
20160114 23:20 0.625
20160114 23:30 0.625
20160114 23:40 0.625
20160114 23:50 0.5
