YYYYMMDD HH:MM measured temperature
20160623 00:00 16.6875
20160623 00:10 85
20160623 00:20 16.625
20160623 00:30 16.5
20160623 00:40 16.375
20160623 00:50 16.1875
20160623 01:00 16.0625
20160623 01:10 16
20160623 01:20 15.875
20160623 01:30 16
20160623 01:40 16.25
20160623 01:50 16.25
20160623 02:00 16.125
20160623 02:10 16.125
20160623 02:20 16.125
20160623 02:30 16.25
20160623 02:40 16.375
20160623 02:50 16.4375
20160623 03:00 16.625
20160623 03:10 16.75
20160623 03:20 16.75
20160623 03:30 16.875
20160623 03:40 17
20160623 03:50 16.9375
20160623 04:00 17.125
20160623 04:10 17.1875
20160623 04:20 17.0625
20160623 04:30 17.0625
20160623 04:40 17
20160623 04:50 16.75
20160623 05:00 16.625
20160623 05:10 16.625
20160623 05:20 16.625
20160623 05:30 16.8125
20160623 05:40 17
20160623 05:50 17.1875
20160623 06:00 17.375
20160623 06:10 17.5
20160623 06:20 17.75
20160623 06:30 18
20160623 06:40 18.25
20160623 06:50 18.5
20160623 07:00 18.5
20160623 07:10 18.875
20160623 07:20 19.625
20160623 07:30 20.125
20160623 07:40 20.3125
20160623 07:50 20.75
20160623 08:00 21.5
20160623 08:10 21.375
20160623 08:20 22.625
20160623 08:30 22.3125
20160623 08:40 22.375
20160623 08:50 22.6875
20160623 09:00 24.5
20160623 09:10 25.1875
20160623 09:20 23.5
20160623 09:30 23.5
20160623 09:40 23.875
20160623 09:50 24.875
20160623 10:00 25.875
20160623 10:10 26.5
20160623 10:20 27.125
20160623 10:30 26.8125
20160623 10:40 27.5
20160623 10:50 27.375
20160623 11:00 27.75
20160623 11:10 28.125
20160623 11:20 28.5
20160623 11:30 28.75
20160623 11:40 29.125
20160623 11:50 29.25
20160623 12:00 29.125
20160623 12:10 29.75
20160623 12:20 30
20160623 12:30 30.625
20160623 12:40 30.375
20160623 12:50 30.375
20160623 13:00 30.125
20160623 13:10 30.375
20160623 13:20 31
20160623 13:30 30.875
20160623 13:40 31.25
20160623 13:50 31.375
20160623 14:00 31.375
20160623 14:10 31.375
20160623 14:20 31.875
20160623 14:30 31.25
20160623 14:40 31.375
20160623 14:50 31.75
20160623 15:00 31.625
20160623 15:10 31.125
20160623 15:20 31.625
20160623 15:30 31.375
20160623 15:40 32.375
20160623 15:50 32.375
20160623 16:00 31.625
20160623 16:10 32
20160623 16:20 30.625
20160623 16:30 30.625
20160623 16:40 30.875
20160623 16:50 30.75
20160623 17:00 30.75
20160623 17:10 31.75
20160623 17:20 31.125
20160623 17:30 31.625
20160623 17:40 30.375
20160623 17:50 30.875
20160623 18:00 31.125
20160623 18:10 31.125
20160623 18:20 31.125
20160623 18:30 31.25
20160623 18:40 31.125
20160623 18:50 31.25
20160623 19:00 31
20160623 19:10 30.875
20160623 19:20 30.75
20160623 19:30 29.5
20160623 19:40 29.75
20160623 19:50 28.625
20160623 20:00 28.25
20160623 20:10 28.375
20160623 20:20 28
20160623 20:30 28.5
20160623 20:40 28.25
20160623 20:50 28.125
20160623 21:00 27.5
20160623 21:10 28.125
20160623 21:20 27.0625
20160623 21:30 26.375
20160623 21:40 26.125
20160623 21:50 26
20160623 22:00 25.5
20160623 22:10 25.3125
20160623 22:20 25.875
20160623 22:30 25.75
20160623 22:40 25
20160623 22:50 24.4375
20160623 23:00 24.25
20160623 23:10 23.75
20160623 23:20 23.5
20160623 23:30 23.5625
20160623 23:40 23.5
20160623 23:50 23.375
