YYYYMMDD HH:MM measured temperature
20160725 00:00 18.75
20160725 00:10 18.6875
20160725 00:20 18.4375
20160725 00:30 18.5625
20160725 00:40 18.375
20160725 00:50 17.9375
20160725 01:00 18
20160725 01:10 17.6875
20160725 01:20 17.6875
20160725 01:30 17.875
20160725 01:40 85
20160725 01:50 85
20160725 02:00 85
20160725 02:10 17.5625
20160725 02:20 17.3125
20160725 02:30 85
20160725 02:40 85
20160725 02:50 85
20160725 03:00 17.9375
20160725 03:10 85
20160725 03:20 18
20160725 03:30 18.0625
20160725 03:40 85
20160725 03:50 17.875
20160725 04:00 18
20160725 04:10 17.8125
20160725 04:20 17.6875
20160725 04:30 17.625
20160725 04:40 85
20160725 04:50 17.5
20160725 05:00 17.4375
20160725 05:10 17.75
20160725 05:20 17.5625
20160725 05:30 85
20160725 05:40 17.6875
20160725 05:50 85
20160725 06:00 17.75
20160725 06:10 18
20160725 06:20 85
20160725 06:30 18.125
20160725 06:40 85
20160725 06:50 85
20160725 07:00 18.625
20160725 07:10 85
20160725 07:20 18.6875
20160725 07:30 18.625
20160725 07:40 18.9375
20160725 07:50 19.3125
20160725 08:00 20.125
20160725 08:10 20.125
20160725 08:20 20.375
20160725 08:30 20.5
20160725 08:40 20.8125
20160725 08:50 21.625
20160725 09:00 21.375
20160725 09:10 21.5
20160725 09:20 22.25
20160725 09:30 22.375
20160725 09:40 22.5
20160725 09:50 22.875
20160725 10:00 23.5
20160725 10:10 23.5
20160725 10:20 23.5
20160725 10:30 23.75
20160725 10:40 24.375
20160725 10:50 25
20160725 11:00 25.5
20160725 11:10 25.375
20160725 11:20 25.625
20160725 11:30 25.625
20160725 11:40 25.875
20160725 11:50 26
20160725 12:00 26.125
20160725 12:10 26.125
20160725 12:20 26.625
20160725 12:30 27.625
20160725 12:40 26.875
20160725 12:50 26.5
20160725 13:00 27.125
20160725 13:10 25.625
20160725 13:20 26.625
20160725 13:30 27.75
20160725 13:40 28.125
20160725 13:50 28.125
20160725 14:00 27.375
20160725 14:10 27.5
20160725 14:20 26.625
20160725 14:30 27.875
20160725 14:40 28.375
20160725 14:50 28.5
20160725 15:00 29
20160725 15:10 27.75
20160725 15:20 28.25
20160725 15:30 27.875
20160725 15:40 28
20160725 15:50 28
20160725 16:00 27
20160725 16:10 28
20160725 16:20 28.375
20160725 16:30 27.25
20160725 16:40 27.25
20160725 16:50 27.5
20160725 17:00 26.625
20160725 17:10 26.5
20160725 17:20 26.5
20160725 17:30 26.625
20160725 17:40 26.25
20160725 17:50 27
20160725 18:00 26.125
20160725 18:10 26.375
20160725 18:20 25.5
20160725 18:30 26
20160725 18:40 25.5
20160725 18:50 24.75
20160725 19:00 24.75
20160725 19:10 24.5
20160725 19:20 24.25
20160725 19:30 24.25
20160725 19:40 23.875
20160725 19:50 23.875
20160725 20:00 23.75
20160725 20:10 23.625
20160725 20:20 23.75
20160725 20:30 23.375
20160725 20:40 23
20160725 20:50 22.75
20160725 21:00 22.5
20160725 21:10 22.125
20160725 21:20 21.75
20160725 21:30 21.375
20160725 21:40 21.3125
20160725 21:50 21.25
20160725 22:00 21.0625
20160725 22:10 20.875
20160725 22:20 21
20160725 22:30 20.5625
20160725 22:40 20.375
20160725 22:50 20.375
20160725 23:00 20.125
20160725 23:10 19.875
20160725 23:20 19.625
20160725 23:30 19.25
20160725 23:40 19
20160725 23:50 18.875
