YYYYMMDD HH:MM measured temperature
20160723 00:00 19.25
20160723 00:10 19.0625
20160723 00:20 19
20160723 00:30 18.75
20160723 00:40 85
20160723 00:50 18.5625
20160723 01:00 18.5
20160723 01:10 18.375
20160723 01:20 18.4375
20160723 01:30 85
20160723 01:40 18
20160723 01:50 17.875
20160723 02:00 17.875
20160723 02:10 17.5625
20160723 02:20 17.5625
20160723 02:30 17.5
20160723 02:40 85
20160723 02:50 17.1875
20160723 03:00 17
20160723 03:10 17.0625
20160723 03:20 17.125
20160723 03:30 16.875
20160723 03:40 16.875
20160723 03:50 16.875
20160723 04:00 17.25
20160723 04:10 85
20160723 04:20 17.125
20160723 04:30 17
20160723 04:40 16.5625
20160723 04:50 16.5
20160723 05:00 85
20160723 05:10 16.625
20160723 05:20 85
20160723 05:30 85
20160723 05:40 85
20160723 05:50 16.125
20160723 06:00 85
20160723 06:10 85
20160723 06:20 16.5
20160723 06:30 85
20160723 06:40 16.75
20160723 06:50 17
20160723 07:00 85
20160723 07:10 17.125
20160723 07:20 17.375
20160723 07:30 17.625
20160723 07:40 85
20160723 07:50 18
20160723 08:00 18
20160723 08:10 18.3125
20160723 08:20 18.625
20160723 08:30 18.8125
20160723 08:40 19.125
20160723 08:50 19.625
20160723 09:00 20.375
20160723 09:10 21.125
20160723 09:20 21.375
20160723 09:30 22.375
20160723 09:40 22.75
20160723 09:50 23
20160723 10:00 22.625
20160723 10:10 22.625
20160723 10:20 23.125
20160723 10:30 23.375
20160723 10:40 23.375
20160723 10:50 23.625
20160723 11:00 23.75
20160723 11:10 23.625
20160723 11:20 24.375
20160723 11:30 24.25
20160723 11:40 25
20160723 11:50 24.875
20160723 12:00 25.375
20160723 12:10 25.5
20160723 12:20 25.875
20160723 12:30 26.5
20160723 12:40 26.25
20160723 12:50 26.125
20160723 13:00 26.875
20160723 13:10 26.25
20160723 13:20 26.5
20160723 13:30 26.75
20160723 13:40 27.375
20160723 13:50 26.875
20160723 14:00 27.375
20160723 14:10 27
20160723 14:20 26.375
20160723 14:30 26.375
20160723 14:40 26.625
20160723 14:50 26.375
20160723 15:00 27.125
20160723 15:10 26.625
20160723 15:20 27
20160723 15:30 26.875
20160723 15:40 26.125
20160723 15:50 26.125
20160723 16:00 25.875
20160723 16:10 25.625
20160723 16:20 25.25
20160723 16:30 25.5
20160723 16:40 25.25
20160723 16:50 25.5
20160723 17:00 25.25
20160723 17:10 25.25
20160723 17:20 25.25
20160723 17:30 25.25
20160723 17:40 25.125
20160723 17:50 25.125
20160723 18:00 25
20160723 18:10 25.375
20160723 18:20 25.5
20160723 18:30 25.25
20160723 18:40 25.125
20160723 18:50 24.375
20160723 19:00 23.875
20160723 19:10 23.875
20160723 19:20 23.5
20160723 19:30 23.625
20160723 19:40 23.5
20160723 19:50 23
20160723 20:00 22.625
20160723 20:10 22.5
20160723 20:20 22.125
20160723 20:30 22.125
20160723 20:40 21.875
20160723 20:50 21.375
20160723 21:00 21.375
20160723 21:10 21
20160723 21:20 21.125
20160723 21:30 20.8125
20160723 21:40 20.75
20160723 21:50 20.5
20160723 22:00 20.625
20160723 22:10 20.375
20160723 22:20 20.125
20160723 22:30 19.9375
20160723 22:40 20
20160723 22:50 19.75
20160723 23:00 19.6875
20160723 23:10 19.625
20160723 23:20 19.375
20160723 23:30 19.25
20160723 23:40 19.125
20160723 23:50 19.125
