YYYYMMDD HH:MM measured temperature
20160518 00:00 7.4375
20160518 00:10 85
20160518 00:20 7.375
20160518 00:30 7.25
20160518 00:40 7.25
20160518 00:50 7.125
20160518 01:00 7
20160518 01:10 6.75
20160518 01:20 6.75
20160518 01:30 6.6875
20160518 01:40 85
20160518 01:50 6.6875
20160518 02:00 6.6875
20160518 02:10 85
20160518 02:20 6.75
20160518 02:30 85
20160518 02:40 6.8125
20160518 02:50 6.6875
20160518 03:00 6.375
20160518 03:10 6.125
20160518 03:20 6.0625
20160518 03:30 5.8125
20160518 03:40 5.75
20160518 03:50 5.625
20160518 04:00 5.375
20160518 04:10 5.3125
20160518 04:20 5.5
20160518 04:30 5.375
20160518 04:40 5.25
20160518 04:50 4.8125
20160518 05:00 4.8125
20160518 05:10 85
20160518 05:20 4.625
20160518 05:30 4.75
20160518 05:40 4.75
20160518 05:50 4.8125
20160518 06:00 4.9375
20160518 06:10 5
20160518 06:20 5.1875
20160518 06:30 5.25
20160518 06:40 5.5
20160518 06:50 5.875
20160518 07:00 6.125
20160518 07:10 6.6875
20160518 07:20 7.25
20160518 07:30 7.6875
20160518 07:40 8.25
20160518 07:50 8.8125
20160518 08:00 9.3125
20160518 08:10 10
20160518 08:20 10.75
20160518 08:30 11.375
20160518 08:40 12
20160518 08:50 12.1875
20160518 09:00 12.6875
20160518 09:10 13.75
20160518 09:20 14.25
20160518 09:30 14.25
20160518 09:40 14.5
20160518 09:50 15.5
20160518 10:00 15.6875
20160518 10:10 15.75
20160518 10:20 16.25
20160518 10:30 16.25
20160518 10:40 16.125
20160518 10:50 16.75
20160518 11:00 17.125
20160518 11:10 16.5
20160518 11:20 17.625
20160518 11:30 17
20160518 11:40 18
20160518 11:50 17.5
20160518 12:00 18.375
20160518 12:10 17.625
20160518 12:20 17
20160518 12:30 18.875
20160518 12:40 17.75
20160518 12:50 20.125
20160518 13:00 18
20160518 13:10 18.875
20160518 13:20 18.25
20160518 13:30 19
20160518 13:40 19.75
20160518 13:50 18
20160518 14:00 18.875
20160518 14:10 19.25
20160518 14:20 18.375
20160518 14:30 19.75
20160518 14:40 18.25
20160518 14:50 17.75
20160518 15:00 17.125
20160518 15:10 16.875
20160518 15:20 17.25
20160518 15:30 17.25
20160518 15:40 17.5
20160518 15:50 18
20160518 16:00 18.375
20160518 16:10 18
20160518 16:20 17.875
20160518 16:30 17.625
20160518 16:40 17.375
20160518 16:50 17.375
20160518 17:00 17
20160518 17:10 17.25
20160518 17:20 17
20160518 17:30 17.125
20160518 17:40 17.5
20160518 17:50 17.375
20160518 18:00 17.625
20160518 18:10 17.75
20160518 18:20 17.5
20160518 18:30 17.375
20160518 18:40 17.375
20160518 18:50 17.375
20160518 19:00 17.5
20160518 19:10 17.125
20160518 19:20 17.125
20160518 19:30 17
20160518 19:40 16.75
20160518 19:50 16.625
20160518 20:00 16.25
20160518 20:10 16.125
20160518 20:20 15.75
20160518 20:30 15.25
20160518 20:40 15
20160518 20:50 14.75
20160518 21:00 14.5
20160518 21:10 14.25
20160518 21:20 13.625
20160518 21:30 13.25
20160518 21:40 13
20160518 21:50 12.625
20160518 22:00 12.125
20160518 22:10 11.8125
20160518 22:20 11.75
20160518 22:30 11.5
20160518 22:40 11.4375
20160518 22:50 11.375
20160518 23:00 11.375
20160518 23:10 11
20160518 23:20 11
20160518 23:30 11.125
20160518 23:40 10.875
20160518 23:50 11
