YYYYMMDD HH:MM measured temperature
20160514 00:00 8.75
20160514 00:10 8.6875
20160514 00:20 8.5625
20160514 00:30 8.5625
20160514 00:40 8.75
20160514 00:50 8.5
20160514 01:00 8.4375
20160514 01:10 8.375
20160514 01:20 8.375
20160514 01:30 8.25
20160514 01:40 8.3125
20160514 01:50 8.375
20160514 02:00 8.375
20160514 02:10 8.375
20160514 02:20 8.375
20160514 02:30 8.375
20160514 02:40 8.25
20160514 02:50 8.25
20160514 03:00 8.125
20160514 03:10 8.25
20160514 03:20 8.1875
20160514 03:30 8.125
20160514 03:40 7.875
20160514 03:50 7.75
20160514 04:00 7.625
20160514 04:10 7.3125
20160514 04:20 7.1875
20160514 04:30 7.25
20160514 04:40 7
20160514 04:50 7
20160514 05:00 6.9375
20160514 05:10 7.125
20160514 05:20 7.0625
20160514 05:30 7.125
20160514 05:40 6.875
20160514 05:50 6.9375
20160514 06:00 7.125
20160514 06:10 7.1875
20160514 06:20 7.5
20160514 06:30 7.6875
20160514 06:40 8
20160514 06:50 8.125
20160514 07:00 8.375
20160514 07:10 8.25
20160514 07:20 8.75
20160514 07:30 8.75
20160514 07:40 8.625
20160514 07:50 8.125
20160514 08:00 7.75
20160514 08:10 9
20160514 08:20 8.875
20160514 08:30 8.5
20160514 08:40 9.375
20160514 08:50 8.5
20160514 09:00 8.125
20160514 09:10 7.4375
20160514 09:20 7.75
20160514 09:30 8.9375
20160514 09:40 8.8125
20160514 09:50 9.3125
20160514 10:00 9.75
20160514 10:10 10.25
20160514 10:20 8.5
20160514 10:30 9.25
20160514 10:40 10.4375
20160514 10:50 11.375
20160514 11:00 10.25
20160514 11:10 8.75
20160514 11:20 10.8125
20160514 11:30 11.125
20160514 11:40 12
20160514 11:50 12
20160514 12:00 10.25
20160514 12:10 9.875
20160514 12:20 10.125
20160514 12:30 10.625
20160514 12:40 11.25
20160514 12:50 11.375
20160514 13:00 9.75
20160514 13:10 9.625
20160514 13:20 10.875
20160514 13:30 12.625
20160514 13:40 11.125
20160514 13:50 12
20160514 14:00 12.625
20160514 14:10 12.5
20160514 14:20 9.625
20160514 14:30 10.5
20160514 14:40 11.875
20160514 14:50 12.375
20160514 15:00 12.625
20160514 15:10 11.625
20160514 15:20 10.125
20160514 15:30 11.375
20160514 15:40 10.125
20160514 15:50 12
20160514 16:00 12.625
20160514 16:10 11.125
20160514 16:20 11
20160514 16:30 10.75
20160514 16:40 11.625
20160514 16:50 12.375
20160514 17:00 11.75
20160514 17:10 11.375
20160514 17:20 11.25
20160514 17:30 10.375
20160514 17:40 11.125
20160514 17:50 10.5
20160514 18:00 10.5
20160514 18:10 10.25
20160514 18:20 10.25
20160514 18:30 9.75
20160514 18:40 8.625
20160514 18:50 7.75
20160514 19:00 6.0625
20160514 19:10 5.875
20160514 19:20 6.375
20160514 19:30 7.25
20160514 19:40 7.75
20160514 19:50 7.5
20160514 20:00 7.9375
20160514 20:10 7.5625
20160514 20:20 7.5
20160514 20:30 7.375
20160514 20:40 7.125
20160514 20:50 6.875
20160514 21:00 6.625
20160514 21:10 6.75
20160514 21:20 6.75
20160514 21:30 6.75
20160514 21:40 6.625
20160514 21:50 6.4375
20160514 22:00 6.4375
20160514 22:10 6.5
20160514 22:20 6.4375
20160514 22:30 6.3125
20160514 22:40 85
20160514 22:50 6.25
20160514 23:00 6.125
20160514 23:10 6.125
20160514 23:20 6.25
20160514 23:30 6.25
20160514 23:40 6.25
20160514 23:50 6.1875
