YYYYMMDD HH:MM measured temperature
20160426 00:00 0.75
20160426 00:10 0.875
20160426 00:20 0.875
20160426 00:30 0.875
20160426 00:40 0.875
20160426 00:50 0.9375
20160426 01:00 1
20160426 01:10 1.125
20160426 01:20 1.25
20160426 01:30 1.375
20160426 01:40 1.375
20160426 01:50 1.5
20160426 02:00 1.625
20160426 02:10 1.625
20160426 02:20 1.75
20160426 02:30 1.8125
20160426 02:40 1.875
20160426 02:50 1.875
20160426 03:00 1.875
20160426 03:10 2
20160426 03:20 2
20160426 03:30 2
20160426 03:40 2
20160426 03:50 2
20160426 04:00 1.875
20160426 04:10 1.75
20160426 04:20 1.75
20160426 04:30 1.625
20160426 04:40 1.5
20160426 04:50 1.375
20160426 05:00 1.25
20160426 05:10 1.375
20160426 05:20 1.5
20160426 05:30 1.5
20160426 05:40 1.375
20160426 05:50 1.25
20160426 06:00 1
20160426 06:10 0.75
20160426 06:20 0.75
20160426 06:30 0.875
20160426 06:40 1
20160426 06:50 1
20160426 07:00 1
20160426 07:10 1
20160426 07:20 1.125
20160426 07:30 1.25
20160426 07:40 1.375
20160426 07:50 1.625
20160426 08:00 1.625
20160426 08:10 2
20160426 08:20 2.5
20160426 08:30 2.5
20160426 08:40 2.875
20160426 08:50 3
20160426 09:00 2.5
20160426 09:10 3.125
20160426 09:20 3
20160426 09:30 3
20160426 09:40 3.25
20160426 09:50 3.125
20160426 10:00 3.625
20160426 10:10 4.125
20160426 10:20 4.375
20160426 10:30 3.5
20160426 10:40 3.875
20160426 10:50 3.875
20160426 11:00 3.875
20160426 11:10 3.75
20160426 11:20 4.25
20160426 11:30 4.375
20160426 11:40 3.875
20160426 11:50 4.875
20160426 12:00 5
20160426 12:10 4.625
20160426 12:20 2.375
20160426 12:30 3.75
20160426 12:40 3.5
20160426 12:50 4.375
20160426 13:00 4.75
20160426 13:10 4.875
20160426 13:20 5.75
20160426 13:30 6.375
20160426 13:40 5
20160426 13:50 2.5
20160426 14:00 4.125
20160426 14:10 5
20160426 14:20 5.375
20160426 14:30 4.625
20160426 14:40 5.5
20160426 14:50 5.375
20160426 15:00 6.75
20160426 15:10 6.25
20160426 15:20 6.125
20160426 15:30 6.125
20160426 15:40 6.125
20160426 15:50 7.625
20160426 16:00 7.75
20160426 16:10 8.125
20160426 16:20 7.375
20160426 16:30 6
20160426 16:40 5.5
20160426 16:50 5.375
20160426 17:00 6
20160426 17:10 6.375
20160426 17:20 6.625
20160426 17:30 6.875
20160426 17:40 6.625
20160426 17:50 6.125
20160426 18:00 6.75
20160426 18:10 6.125
20160426 18:20 6
20160426 18:30 6.125
20160426 18:40 5.875
20160426 18:50 5.875
20160426 19:00 5.875
20160426 19:10 5.5
20160426 19:20 5.375
20160426 19:30 5.25
20160426 19:40 5.25
20160426 19:50 5.25
20160426 20:00 5.25
20160426 20:10 5.125
20160426 20:20 5
20160426 20:30 4.875
20160426 20:40 4.75
20160426 20:50 4.375
20160426 21:00 4.25
20160426 21:10 4.25
20160426 21:20 4.125
20160426 21:30 4
20160426 21:40 3.75
20160426 21:50 3.5
20160426 22:00 3.375
20160426 22:10 3.375
20160426 22:20 3.5
20160426 22:30 3.125
20160426 22:40 2.875
20160426 22:50 2.5
20160426 23:00 2.125
20160426 23:10 2.25
20160426 23:20 2.25
20160426 23:30 2
20160426 23:40 1.625
20160426 23:50 1.75
