YYYYMMDD HH:MM measured temperature
20160302 00:00 2
20160302 00:10 2.125
20160302 00:20 2.1875
20160302 00:30 2.25
20160302 00:40 2.25
20160302 00:50 2.5
20160302 01:00 2.5
20160302 01:10 2.625
20160302 01:20 2.625
20160302 01:30 2.75
20160302 01:40 2.8125
20160302 01:50 2.8125
20160302 02:00 3.0625
20160302 02:10 3.125
20160302 02:20 3.25
20160302 02:30 3.375
20160302 02:40 3.5
20160302 02:50 3.5
20160302 03:00 3.75
20160302 03:10 3.6875
20160302 03:20 3.75
20160302 03:30 3.875
20160302 03:40 4
20160302 03:50 4
20160302 04:00 4
20160302 04:10 4.125
20160302 04:20 4.25
20160302 04:30 4.25
20160302 04:40 4.375
20160302 04:50 4.3125
20160302 05:00 4.375
20160302 05:10 4.375
20160302 05:20 4.5
20160302 05:30 4.5625
20160302 05:40 4.6875
20160302 05:50 4.75
20160302 06:00 4.6875
20160302 06:10 4.6875
20160302 06:20 4.75
20160302 06:30 4.75
20160302 06:40 4.75
20160302 06:50 4.9375
20160302 07:00 85
20160302 07:10 5.25
20160302 07:20 5.3125
20160302 07:30 5.3125
20160302 07:40 5.5
20160302 07:50 5.5
20160302 08:00 5.625
20160302 08:10 5.6875
20160302 08:20 5.75
20160302 08:30 5.9375
20160302 08:40 6
20160302 08:50 6.0625
20160302 09:00 6.125
20160302 09:10 6.1875
20160302 09:20 6.1875
20160302 09:30 6.1875
20160302 09:40 6.1875
20160302 09:50 6.1875
20160302 10:00 6.125
20160302 10:10 6.25
20160302 10:20 6.4375
20160302 10:30 6.625
20160302 10:40 6.75
20160302 10:50 6.8125
20160302 11:00 6.8125
20160302 11:10 6.9375
20160302 11:20 7.0625
20160302 11:30 7.125
20160302 11:40 85
20160302 11:50 7.75
20160302 12:00 7.75
20160302 12:10 8
20160302 12:20 7.6875
20160302 12:30 4
20160302 12:40 4.1875
20160302 12:50 4.375
20160302 13:00 4.25
20160302 13:10 3.9375
20160302 13:20 3.9375
20160302 13:30 3.9375
20160302 13:40 4.125
20160302 13:50 4.125
20160302 14:00 4.125
20160302 14:10 4.1875
20160302 14:20 85
20160302 14:30 5
20160302 14:40 4.6875
20160302 14:50 4.625
20160302 15:00 85
20160302 15:10 4.625
20160302 15:20 4.4375
20160302 15:30 5.3125
20160302 15:40 5.125
20160302 15:50 4.8125
20160302 16:00 4.75
20160302 16:10 5
20160302 16:20 4.6875
20160302 16:30 4.375
20160302 16:40 4.375
20160302 16:50 4.375
20160302 17:00 4.25
20160302 17:10 4.0625
20160302 17:20 3.75
20160302 17:30 3.4375
20160302 17:40 3.0625
20160302 17:50 2.9375
20160302 18:00 2.5625
20160302 18:10 2.9375
20160302 18:20 2.9375
20160302 18:30 2.9375
20160302 18:40 2.875
20160302 18:50 2.5625
20160302 19:00 85
20160302 19:10 2.4375
20160302 19:20 2.5625
20160302 19:30 3.0625
20160302 19:40 3.125
20160302 19:50 2.875
20160302 20:00 2.4375
20160302 20:10 2.3125
20160302 20:20 1.75
20160302 20:30 1.875
20160302 20:40 1.9375
20160302 20:50 1.6875
20160302 21:00 1.875
20160302 21:10 1.625
20160302 21:20 1.6875
20160302 21:30 1.6875
20160302 21:40 85
20160302 21:50 2.0625
20160302 22:00 2.125
20160302 22:10 2
20160302 22:20 2.375
20160302 22:30 2.5
20160302 22:40 2.6875
20160302 22:50 3
20160302 23:00 2.8125
20160302 23:10 2.625
20160302 23:20 2.4375
20160302 23:30 2.3125
20160302 23:40 2.0625
20160302 23:50 1.9375
