YYYYMMDD HH:MM measured temperature
20160417 00:00 5.125
20160417 00:10 5
20160417 00:20 4.875
20160417 00:30 4.625
20160417 00:40 4.5
20160417 00:50 4.375
20160417 01:00 4.375
20160417 01:10 4.375
20160417 01:20 4.5
20160417 01:30 4.25
20160417 01:40 4
20160417 01:50 4.125
20160417 02:00 4
20160417 02:10 4
20160417 02:20 4.125
20160417 02:30 4.125
20160417 02:40 4
20160417 02:50 4
20160417 03:00 4
20160417 03:10 3.875
20160417 03:20 3.625
20160417 03:30 3.625
20160417 03:40 3.625
20160417 03:50 3.75
20160417 04:00 3.5625
20160417 04:10 3.625
20160417 04:20 3.5
20160417 04:30 3.375
20160417 04:40 2.875
20160417 04:50 3
20160417 05:00 2.9375
20160417 05:10 3.125
20160417 05:20 2.8125
20160417 05:30 2.625
20160417 05:40 2.75
20160417 05:50 2.9375
20160417 06:00 2.875
20160417 06:10 2.5625
20160417 06:20 2.4375
20160417 06:30 2.5
20160417 06:40 2.5
20160417 06:50 2.375
20160417 07:00 2.5
20160417 07:10 2.625
20160417 07:20 2.6875
20160417 07:30 3
20160417 07:40 3.375
20160417 07:50 3.75
20160417 08:00 3.875
20160417 08:10 4.125
20160417 08:20 4.375
20160417 08:30 5
20160417 08:40 5.625
20160417 08:50 5.75
20160417 09:00 6.125
20160417 09:10 6.375
20160417 09:20 7
20160417 09:30 7.25
20160417 09:40 7.625
20160417 09:50 8.25
20160417 10:00 7.75
20160417 10:10 8.375
20160417 10:20 8.625
20160417 10:30 8.625
20160417 10:40 8.375
20160417 10:50 9
20160417 11:00 8.25
20160417 11:10 8.375
20160417 11:20 8
20160417 11:30 9.5
20160417 11:40 9.9375
20160417 11:50 10
20160417 12:00 10.625
20160417 12:10 10.375
20160417 12:20 10.75
20160417 12:30 10.125
20160417 12:40 10.375
20160417 12:50 9.5
20160417 13:00 9.5
20160417 13:10 9
20160417 13:20 10.125
20160417 13:30 11.125
20160417 13:40 10
20160417 13:50 11.625
20160417 14:00 11.25
20160417 14:10 10.875
20160417 14:20 10.375
20160417 14:30 10.5
20160417 14:40 9.875
20160417 14:50 11.75
20160417 15:00 7.25
20160417 15:10 6
20160417 15:20 7
20160417 15:30 8.5
20160417 15:40 8.25
20160417 15:50 8.25
20160417 16:00 8
20160417 16:10 8.25
20160417 16:20 8.375
20160417 16:30 8.625
20160417 16:40 8.5
20160417 16:50 8.5
20160417 17:00 10.125
20160417 17:10 10
20160417 17:20 9.375
20160417 17:30 9.25
20160417 17:40 9.25
20160417 17:50 9.25
20160417 18:00 9.625
20160417 18:10 9.875
20160417 18:20 9.75
20160417 18:30 9.625
20160417 18:40 9
20160417 18:50 9.125
20160417 19:00 9
20160417 19:10 8.75
20160417 19:20 8.75
20160417 19:30 8.25
20160417 19:40 8
20160417 19:50 7.875
20160417 20:00 7.5
20160417 20:10 7.375
20160417 20:20 7
20160417 20:30 6.75
20160417 20:40 6.5
20160417 20:50 6.375
20160417 21:00 6.25
20160417 21:10 6
20160417 21:20 5.75
20160417 21:30 5.5
20160417 21:40 5.375
20160417 21:50 5.25
20160417 22:00 4.875
20160417 22:10 4.875
20160417 22:20 4.625
20160417 22:30 4.125
20160417 22:40 3.75
20160417 22:50 3.375
20160417 23:00 3.125
20160417 23:10 3
20160417 23:20 3
20160417 23:30 3
20160417 23:40 2.875
20160417 23:50 3.125
