YYYYMMDD HH:MM measured temperature
20160410 00:00 6.75
20160410 00:10 6.75
20160410 00:20 6.5
20160410 00:30 6.375
20160410 00:40 6.25
20160410 00:50 6.125
20160410 01:00 6.125
20160410 01:10 6.125
20160410 01:20 6
20160410 01:30 5.875
20160410 01:40 6.125
20160410 01:50 6.25
20160410 02:00 6.25
20160410 02:10 6.25
20160410 02:20 6.25
20160410 02:30 6.375
20160410 02:40 6.375
20160410 02:50 6.5
20160410 03:00 6.375
20160410 03:10 6.25
20160410 03:20 6.25
20160410 03:30 6.375
20160410 03:40 6.375
20160410 03:50 6.25
20160410 04:00 6.125
20160410 04:10 6.125
20160410 04:20 6.375
20160410 04:30 6.5
20160410 04:40 6.5
20160410 04:50 6.625
20160410 05:00 6.625
20160410 05:10 6.625
20160410 05:20 6.625
20160410 05:30 6.625
20160410 05:40 6.625
20160410 05:50 6.625
20160410 06:00 6.625
20160410 06:10 6.75
20160410 06:20 6.625
20160410 06:30 6.75
20160410 06:40 6.75
20160410 06:50 6.75
20160410 07:00 6.75
20160410 07:10 6.75
20160410 07:20 6.875
20160410 07:30 6.875
20160410 07:40 6.875
20160410 07:50 7
20160410 08:00 7.375
20160410 08:10 7.5
20160410 08:20 7.75
20160410 08:30 7.875
20160410 08:40 8.125
20160410 08:50 9
20160410 09:00 9.5
20160410 09:10 10.125
20160410 09:20 10
20160410 09:30 10.25
20160410 09:40 10.5
20160410 09:50 10.875
20160410 10:00 11.125
20160410 10:10 11.5
20160410 10:20 12.375
20160410 10:30 12.875
20160410 10:40 13
20160410 10:50 13.125
20160410 11:00 13
20160410 11:10 13.375
20160410 11:20 13.375
20160410 11:30 14.375
20160410 11:40 15
20160410 11:50 15.25
20160410 12:00 16
20160410 12:10 15.5
20160410 12:20 16.5
20160410 12:30 16.625
20160410 12:40 16.875
20160410 12:50 16.25
20160410 13:00 16.375
20160410 13:10 16
20160410 13:20 16.125
20160410 13:30 16.25
20160410 13:40 16.125
20160410 13:50 16
20160410 14:00 16.375
20160410 14:10 16.5
20160410 14:20 17.625
20160410 14:30 17.75
20160410 14:40 17.125
20160410 14:50 17.875
20160410 15:00 16.375
20160410 15:10 18.125
20160410 15:20 17
20160410 15:30 17.25
20160410 15:40 16.125
20160410 15:50 16.625
20160410 16:00 17
20160410 16:10 16.5
20160410 16:20 17.25
20160410 16:30 17.5
20160410 16:40 16.875
20160410 16:50 17.5
20160410 17:00 16.75
20160410 17:10 15.75
20160410 17:20 15.75
20160410 17:30 16.125
20160410 17:40 15.75
20160410 17:50 14.875
20160410 18:00 15
20160410 18:10 14.75
20160410 18:20 14.375
20160410 18:30 14
20160410 18:40 14.375
20160410 18:50 14.375
20160410 19:00 14.125
20160410 19:10 13.875
20160410 19:20 13.25
20160410 19:30 12.875
20160410 19:40 12.625
20160410 19:50 12.25
20160410 20:00 11.875
20160410 20:10 11.625
20160410 20:20 11.25
20160410 20:30 10.875
20160410 20:40 10.75
20160410 20:50 10.375
20160410 21:00 10.25
20160410 21:10 10
20160410 21:20 9.75
20160410 21:30 9.625
20160410 21:40 9.25
20160410 21:50 9.25
20160410 22:00 9.25
20160410 22:10 9
20160410 22:20 9.125
20160410 22:30 9
20160410 22:40 8.75
20160410 22:50 8.625
20160410 23:00 8.375
20160410 23:10 8.25
20160410 23:20 8.25
20160410 23:30 8.125
20160410 23:40 8
20160410 23:50 7.75
