YYYYMMDD HH:MM measured temperature
20160403 00:00 9
20160403 00:10 8.75
20160403 00:20 8.875
20160403 00:30 8.75
20160403 00:40 9
20160403 00:50 8.875
20160403 01:00 9.125
20160403 01:10 9.125
20160403 01:20 9.125
20160403 01:30 9.25
20160403 01:40 9.125
20160403 01:50 8.875
20160403 02:00 9
20160403 02:10 8.875
20160403 02:20 8.875
20160403 02:30 9
20160403 02:40 8.875
20160403 02:50 8.875
20160403 03:00 8.875
20160403 03:10 9.125
20160403 03:20 9
20160403 03:30 9
20160403 03:40 8.875
20160403 03:50 9
20160403 04:00 9
20160403 04:10 9.125
20160403 04:20 9
20160403 04:30 8.5
20160403 04:40 8.625
20160403 04:50 8.5
20160403 05:00 8.5
20160403 05:10 8.375
20160403 05:20 8.25
20160403 05:30 8.125
20160403 05:40 7.75
20160403 05:50 7.5
20160403 06:00 7.375
20160403 06:10 7.5
20160403 06:20 7.875
20160403 06:30 7.875
20160403 06:40 8
20160403 06:50 8.125
20160403 07:00 8.125
20160403 07:10 8.375
20160403 07:20 8.625
20160403 07:30 8.5
20160403 07:40 8.75
20160403 07:50 8.875
20160403 08:00 9.125
20160403 08:10 9.25
20160403 08:20 9.375
20160403 08:30 9.5
20160403 08:40 9.875
20160403 08:50 10
20160403 09:00 10.25
20160403 09:10 10.25
20160403 09:20 10.625
20160403 09:30 10.625
20160403 09:40 10.375
20160403 09:50 10.375
20160403 10:00 10.5
20160403 10:10 10.625
20160403 10:20 11.125
20160403 10:30 12.125
20160403 10:40 12.125
20160403 10:50 12.75
20160403 11:00 14.5
20160403 11:10 13.5
20160403 11:20 14
20160403 11:30 14.375
20160403 11:40 14.75
20160403 11:50 16
20160403 12:00 15.875
20160403 12:10 16.75
20160403 12:20 16.25
20160403 12:30 17.75
20160403 12:40 16.625
20160403 12:50 18.125
20160403 13:00 19
20160403 13:10 18.875
20160403 13:20 19.125
20160403 13:30 19.25
20160403 13:40 19.125
20160403 13:50 19.375
20160403 14:00 19.25
20160403 14:10 20
20160403 14:20 19.5
20160403 14:30 19.5
20160403 14:40 19.625
20160403 14:50 21.125
20160403 15:00 20.625
20160403 15:10 20.25
20160403 15:20 20.375
20160403 15:30 20.75
20160403 15:40 20.125
20160403 15:50 20.375
20160403 16:00 19.875
20160403 16:10 19.625
20160403 16:20 19.375
20160403 16:30 19.5
20160403 16:40 19.625
20160403 16:50 19.25
20160403 17:00 19.25
20160403 17:10 19.625
20160403 17:20 19.375
20160403 17:30 19.375
20160403 17:40 19.75
20160403 17:50 19.5
20160403 18:00 19.375
20160403 18:10 19.375
20160403 18:20 19
20160403 18:30 18.875
20160403 18:40 19
20160403 18:50 18.875
20160403 19:00 18.25
20160403 19:10 18
20160403 19:20 17.75
20160403 19:30 17.125
20160403 19:40 16.875
20160403 19:50 16.25
20160403 20:00 15.875
20160403 20:10 15.5
20160403 20:20 15.5
20160403 20:30 15
20160403 20:40 14.625
20160403 20:50 14.625
20160403 21:00 14.5
20160403 21:10 14.375
20160403 21:20 14.375
20160403 21:30 14.375
20160403 21:40 14
20160403 21:50 14
20160403 22:00 14
20160403 22:10 14
20160403 22:20 14.125
20160403 22:30 14
20160403 22:40 14.125
20160403 22:50 13.875
20160403 23:00 14
20160403 23:10 13.875
20160403 23:20 13.75
20160403 23:30 13.75
20160403 23:40 13.875
20160403 23:50 13.875
