YYYYMMDD HH:MM measured temperature
20160429 00:00 2.75
20160429 00:10 2.875
20160429 00:20 2.625
20160429 00:30 2.3125
20160429 00:40 2.25
20160429 00:50 85
20160429 01:00 2.125
20160429 01:10 2
20160429 01:20 2
20160429 01:30 1.875
20160429 01:40 1.875
20160429 01:50 85
20160429 02:00 1.75
20160429 02:10 85
20160429 02:20 1.625
20160429 02:30 1.375
20160429 02:40 1.375
20160429 02:50 1.375
20160429 03:00 1.4375
20160429 03:10 1.625
20160429 03:20 1.6875
20160429 03:30 1.6875
20160429 03:40 2
20160429 03:50 2
20160429 04:00 1.875
20160429 04:10 1.875
20160429 04:20 1.75
20160429 04:30 1.6875
20160429 04:40 1.6875
20160429 04:50 1.625
20160429 05:00 1.75
20160429 05:10 1.75
20160429 05:20 1.75
20160429 05:30 1.75
20160429 05:40 1.8125
20160429 05:50 85
20160429 06:00 1.875
20160429 06:10 2
20160429 06:20 2.125
20160429 06:30 2.25
20160429 06:40 2.5
20160429 06:50 2.625
20160429 07:00 2.875
20160429 07:10 3
20160429 07:20 3.25
20160429 07:30 3.5
20160429 07:40 3.875
20160429 07:50 4.125
20160429 08:00 4.5
20160429 08:10 4.875
20160429 08:20 5.125
20160429 08:30 5.5
20160429 08:40 5.75
20160429 08:50 5.875
20160429 09:00 6.25
20160429 09:10 6.5625
20160429 09:20 6.75
20160429 09:30 7.25
20160429 09:40 7.875
20160429 09:50 8.75
20160429 10:00 9.5
20160429 10:10 9.5
20160429 10:20 10
20160429 10:30 10.0625
20160429 10:40 10.375
20160429 10:50 10.25
20160429 11:00 10.75
20160429 11:10 11.375
20160429 11:20 11.25
20160429 11:30 11.875
20160429 11:40 11.75
20160429 11:50 11.75
20160429 12:00 11.625
20160429 12:10 11.625
20160429 12:20 11.5
20160429 12:30 11.75
20160429 12:40 12
20160429 12:50 11.875
20160429 13:00 11.5
20160429 13:10 12.625
20160429 13:20 13
20160429 13:30 12.375
20160429 13:40 11.875
20160429 13:50 11.75
20160429 14:00 12.25
20160429 14:10 12
20160429 14:20 12
20160429 14:30 11.875
20160429 14:40 11.75
20160429 14:50 9.75
20160429 15:00 10.5
20160429 15:10 10.5
20160429 15:20 10.5
20160429 15:30 10.375
20160429 15:40 9.375
20160429 15:50 9.25
20160429 16:00 9.25
20160429 16:10 9.125
20160429 16:20 9.5
20160429 16:30 9.75
20160429 16:40 9.5
20160429 16:50 8.75
20160429 17:00 8.5
20160429 17:10 8.375
20160429 17:20 8.0625
20160429 17:30 8.25
20160429 17:40 8.25
20160429 17:50 8.25
20160429 18:00 8.375
20160429 18:10 8
20160429 18:20 8.125
20160429 18:30 7.75
20160429 18:40 7.75
20160429 18:50 7.75
20160429 19:00 7.75
20160429 19:10 7.5
20160429 19:20 7.5
20160429 19:30 7.625
20160429 19:40 7.5
20160429 19:50 7.5
20160429 20:00 7.5
20160429 20:10 7.5
20160429 20:20 7.375
20160429 20:30 7.375
20160429 20:40 7.25
20160429 20:50 7.125
20160429 21:00 7
20160429 21:10 6.875
20160429 21:20 6.75
20160429 21:30 6.375
20160429 21:40 6.5
20160429 21:50 6.625
20160429 22:00 6.4375
20160429 22:10 6
20160429 22:20 5.625
20160429 22:30 5.875
20160429 22:40 6.0625
20160429 22:50 6.125
20160429 23:00 6.25
20160429 23:10 6.25
20160429 23:20 6.3125
20160429 23:30 6.375
20160429 23:40 6.5
20160429 23:50 6.4375
