YYYYMMDD HH:MM measured temperature
20160714 00:00 13.375
20160714 00:10 13.25
20160714 00:20 13.125
20160714 00:30 13.25
20160714 00:40 13.25
20160714 00:50 13.125
20160714 01:00 12.875
20160714 01:10 12.75
20160714 01:20 12.75
20160714 01:30 12.875
20160714 01:40 12.875
20160714 01:50 12.625
20160714 02:00 12.625
20160714 02:10 12.625
20160714 02:20 12.5
20160714 02:30 12.625
20160714 02:40 12.5
20160714 02:50 12.625
20160714 03:00 12.625
20160714 03:10 12.625
20160714 03:20 12.5
20160714 03:30 12.3125
20160714 03:40 12.25
20160714 03:50 12.25
20160714 04:00 12.25
20160714 04:10 12.125
20160714 04:20 12
20160714 04:30 12
20160714 04:40 11.5625
20160714 04:50 11.3125
20160714 05:00 11.375
20160714 05:10 11.125
20160714 05:20 11
20160714 05:30 11
20160714 05:40 10.9375
20160714 05:50 10.75
20160714 06:00 85
20160714 06:10 11
20160714 06:20 11.125
20160714 06:30 11.1875
20160714 06:40 11.375
20160714 06:50 11.625
20160714 07:00 11.875
20160714 07:10 12
20160714 07:20 12.25
20160714 07:30 12.5
20160714 07:40 12.875
20160714 07:50 13.25
20160714 08:00 13.75
20160714 08:10 14.125
20160714 08:20 14.5
20160714 08:30 15
20160714 08:40 14.875
20160714 08:50 15.375
20160714 09:00 15.875
20160714 09:10 15.875
20160714 09:20 15.875
20160714 09:30 16.5
20160714 09:40 16.25
20160714 09:50 15.625
20160714 10:00 17.375
20160714 10:10 17.25
20160714 10:20 16.375
20160714 10:30 16.125
20160714 10:40 16.125
20160714 10:50 16.75
20160714 11:00 16.5
20160714 11:10 16.75
20160714 11:20 16.125
20160714 11:30 15.5
20160714 11:40 15.625
20160714 11:50 16.375
20160714 12:00 16.75
20160714 12:10 18.75
20160714 12:20 18.25
20160714 12:30 16.125
20160714 12:40 18.5
20160714 12:50 18.625
20160714 13:00 18.625
20160714 13:10 18.5
20160714 13:20 17.25
20160714 13:30 16.75
20160714 13:40 18.25
20160714 13:50 18.625
20160714 14:00 17.5
20160714 14:10 18.125
20160714 14:20 16.375
20160714 14:30 15.75
20160714 14:40 16.25
20160714 14:50 16.625
20160714 15:00 17.25
20160714 15:10 17.375
20160714 15:20 15.75
20160714 15:30 15.75
20160714 15:40 15.125
20160714 15:50 14.75
20160714 16:00 15
20160714 16:10 15.5
20160714 16:20 15
20160714 16:30 14.875
20160714 16:40 15.125
20160714 16:50 15.125
20160714 17:00 14.75
20160714 17:10 15.125
20160714 17:20 15.625
20160714 17:30 14.75
20160714 17:40 14.75
20160714 17:50 14.5
20160714 18:00 14.875
20160714 18:10 15.375
20160714 18:20 14.875
20160714 18:30 14.75
20160714 18:40 15
20160714 18:50 15
20160714 19:00 15
20160714 19:10 15
20160714 19:20 15
20160714 19:30 15.25
20160714 19:40 15.375
20160714 19:50 15
20160714 20:00 14.625
20160714 20:10 14.375
20160714 20:20 14.125
20160714 20:30 14.125
20160714 20:40 14.125
20160714 20:50 13.875
20160714 21:00 85
20160714 21:10 13.75
20160714 21:20 13.75
20160714 21:30 13.625
20160714 21:40 13.5625
20160714 21:50 85
20160714 22:00 13.5
20160714 22:10 13.3125
20160714 22:20 13.3125
20160714 22:30 85
20160714 22:40 13.375
20160714 22:50 85
20160714 23:00 85
20160714 23:10 13.3125
20160714 23:20 13.25
20160714 23:30 13.25
20160714 23:40 13.0625
20160714 23:50 85
