YYYYMMDD HH:MM measured temperature
20160303 00:00 1.875
20160303 00:10 1.8125
20160303 00:20 1.6875
20160303 00:30 1.625
20160303 00:40 1.5
20160303 00:50 1.3125
20160303 01:00 1.25
20160303 01:10 0.875
20160303 01:20 0.875
20160303 01:30 0.6875
20160303 01:40 0.625
20160303 01:50 0.75
20160303 02:00 0.6875
20160303 02:10 85
20160303 02:20 0.125
20160303 02:30 0.125
20160303 02:40 0.3125
20160303 02:50 0.375
20160303 03:00 85
20160303 03:10 0.6875
20160303 03:20 0.6875
20160303 03:30 1
20160303 03:40 85
20160303 03:50 1.25
20160303 04:00 85
20160303 04:10 1.25
20160303 04:20 1.25
20160303 04:30 1.3125
20160303 04:40 1.3125
20160303 04:50 1.5
20160303 05:00 1.5
20160303 05:10 1.625
20160303 05:20 1.625
20160303 05:30 1.9375
20160303 05:40 2.0625
20160303 05:50 2.1875
20160303 06:00 2.25
20160303 06:10 2.1875
20160303 06:20 2.125
20160303 06:30 2.25
20160303 06:40 2.3125
20160303 06:50 2.25
20160303 07:00 2.25
20160303 07:10 2.4375
20160303 07:20 2.5625
20160303 07:30 2.625
20160303 07:40 2.5625
20160303 07:50 2.625
20160303 08:00 2.625
20160303 08:10 2.6875
20160303 08:20 2.8125
20160303 08:30 2.875
20160303 08:40 3
20160303 08:50 3
20160303 09:00 3.125
20160303 09:10 3.125
20160303 09:20 3.1875
20160303 09:30 3.4375
20160303 09:40 3.375
20160303 09:50 3.375
20160303 10:00 3.5625
20160303 10:10 3.875
20160303 10:20 4.125
20160303 10:30 85
20160303 10:40 5
20160303 10:50 5
20160303 11:00 5
20160303 11:10 5
20160303 11:20 4.875
20160303 11:30 5.125
20160303 11:40 5.75
20160303 11:50 6
20160303 12:00 5.5625
20160303 12:10 5.125
20160303 12:20 5.125
20160303 12:30 5
20160303 12:40 5.125
20160303 12:50 4.875
20160303 13:00 4.875
20160303 13:10 4.75
20160303 13:20 4.4375
20160303 13:30 4.6875
20160303 13:40 4.5
20160303 13:50 4.5
20160303 14:00 5
20160303 14:10 5.5
20160303 14:20 5.5
20160303 14:30 5.75
20160303 14:40 5.375
20160303 14:50 5.125
20160303 15:00 3.5
20160303 15:10 3.125
20160303 15:20 3.375
20160303 15:30 3.5
20160303 15:40 3.5
20160303 15:50 3.75
20160303 16:00 3.875
20160303 16:10 4
20160303 16:20 4.25
20160303 16:30 4.3125
20160303 16:40 4
20160303 16:50 4
20160303 17:00 4.0625
20160303 17:10 4
20160303 17:20 3.875
20160303 17:30 3.625
20160303 17:40 3.375
20160303 17:50 2.8125
20160303 18:00 2.6875
20160303 18:10 2.5625
20160303 18:20 2.25
20160303 18:30 2
20160303 18:40 1.875
20160303 18:50 1.8125
20160303 19:00 2.1875
20160303 19:10 2.125
20160303 19:20 1.9375
20160303 19:30 2.1875
20160303 19:40 85
20160303 19:50 2.625
20160303 20:00 2.6875
20160303 20:10 2.625
20160303 20:20 2.75
20160303 20:30 2.875
20160303 20:40 2.75
20160303 20:50 2.875
20160303 21:00 3
20160303 21:10 2.9375
20160303 21:20 85
20160303 21:30 2.875
20160303 21:40 2.875
20160303 21:50 2.3125
20160303 22:00 1.6875
20160303 22:10 85
20160303 22:20 2.0625
20160303 22:30 85
20160303 22:40 2.4375
20160303 22:50 2.625
20160303 23:00 2.625
20160303 23:10 2.625
20160303 23:20 2.3125
20160303 23:30 1.8125
20160303 23:40 85
20160303 23:50 1.5
