YYYYMMDD HH:MM measured temperature
20160530 00:00 15.5
20160530 00:10 15.3125
20160530 00:20 15.3125
20160530 00:30 15.125
20160530 00:40 15.125
20160530 00:50 15.0625
20160530 01:00 15.125
20160530 01:10 15
20160530 01:20 14.875
20160530 01:30 14.8125
20160530 01:40 15
20160530 01:50 14.75
20160530 02:00 14.8125
20160530 02:10 14.8125
20160530 02:20 14.75
20160530 02:30 14.75
20160530 02:40 14.625
20160530 02:50 14.625
20160530 03:00 14.5
20160530 03:10 14.5
20160530 03:20 14.375
20160530 03:30 14.4375
20160530 03:40 14.5
20160530 03:50 14.3125
20160530 04:00 14.25
20160530 04:10 14.375
20160530 04:20 14.1875
20160530 04:30 14.0625
20160530 04:40 14.375
20160530 04:50 14.375
20160530 05:00 14.375
20160530 05:10 14.4375
20160530 05:20 14.4375
20160530 05:30 14.625
20160530 05:40 14.75
20160530 05:50 14.8125
20160530 06:00 15.0625
20160530 06:10 15.25
20160530 06:20 15.25
20160530 06:30 15.375
20160530 06:40 15.5
20160530 06:50 15.75
20160530 07:00 16
20160530 07:10 16.125
20160530 07:20 16.3125
20160530 07:30 16.625
20160530 07:40 16.75
20160530 07:50 17
20160530 08:00 17.25
20160530 08:10 17.75
20160530 08:20 18.125
20160530 08:30 18.75
20160530 08:40 19.1875
20160530 08:50 19.625
20160530 09:00 20.25
20160530 09:10 20.4375
20160530 09:20 21.125
20160530 09:30 21
20160530 09:40 21.1875
20160530 09:50 21.625
20160530 10:00 21.875
20160530 10:10 22.375
20160530 10:20 22.5
20160530 10:30 23
20160530 10:40 23.625
20160530 10:50 23.375
20160530 11:00 23.6875
20160530 11:10 23.75
20160530 11:20 23.9375
20160530 11:30 24.375
20160530 11:40 24.5
20160530 11:50 25
20160530 12:00 25.25
20160530 12:10 25.3125
20160530 12:20 25.625
20160530 12:30 26
20160530 12:40 25.9375
20160530 12:50 26.5
20160530 13:00 26.125
20160530 13:10 26.375
20160530 13:20 26.25
20160530 13:30 27.375
20160530 13:40 28.25
20160530 13:50 27.25
20160530 14:00 28
20160530 14:10 27.0625
20160530 14:20 25.8125
20160530 14:30 27.125
20160530 14:40 27.875
20160530 14:50 27.875
20160530 15:00 27.6875
20160530 15:10 28
20160530 15:20 25.75
20160530 15:30 25.5
20160530 15:40 27.25
20160530 15:50 26.875
20160530 16:00 26.375
20160530 16:10 27.75
20160530 16:20 25.25
20160530 16:30 24.25
20160530 16:40 24
20160530 16:50 23.5
20160530 17:00 23.125
20160530 17:10 23.25
20160530 17:20 21.75
20160530 17:30 20.25
20160530 17:40 19.625
20160530 17:50 85
20160530 18:00 20.25
20160530 18:10 20.875
20160530 18:20 21.125
20160530 18:30 21.125
20160530 18:40 20.875
20160530 18:50 20.375
20160530 19:00 20.125
20160530 19:10 19.5625
20160530 19:20 18.9375
20160530 19:30 18.3125
20160530 19:40 18.125
20160530 19:50 18
20160530 20:00 17.75
20160530 20:10 17.75
20160530 20:20 17.75
20160530 20:30 17.6875
20160530 20:40 17.75
20160530 20:50 17.6875
20160530 21:00 17.75
20160530 21:10 17.75
20160530 21:20 17.75
20160530 21:30 17.75
20160530 21:40 17.6875
20160530 21:50 17.75
20160530 22:00 17.625
20160530 22:10 17.5625
20160530 22:20 17.625
20160530 22:30 17.5625
20160530 22:40 17.4375
20160530 22:50 17.375
20160530 23:00 17.125
20160530 23:10 17.125
20160530 23:20 17.0625
20160530 23:30 16.875
20160530 23:40 16.8125
20160530 23:50 16.875
