YYYYMMDD HH:MM measured temperature
20160123 00:00 -1.625
20160123 00:10 -1.625
20160123 00:20 -1.5
20160123 00:30 -1.375
20160123 00:40 -1.375
20160123 00:50 -1.25
20160123 01:00 -1.25
20160123 01:10 -1.25
20160123 01:20 -1.125
20160123 01:30 -1.25
20160123 01:40 -1.25
20160123 01:50 -1.125
20160123 02:00 -1
20160123 02:10 -1
20160123 02:20 -0.875
20160123 02:30 -0.75
20160123 02:40 -0.75
20160123 02:50 -0.75
20160123 03:00 -0.6875
20160123 03:10 -0.5
20160123 03:20 -0.375
20160123 03:30 -0.375
20160123 03:40 -0.25
20160123 03:50 -0.125
20160123 04:00 -0.125
20160123 04:10 -0.125
20160123 04:20 -0.0625
20160123 04:30 0
20160123 04:40 0
20160123 04:50 0.0625
20160123 05:00 0.1875
20160123 05:10 0.25
20160123 05:20 0.3125
20160123 05:30 0.375
20160123 05:40 0.375
20160123 05:50 0.4375
20160123 06:00 0.4375
20160123 06:10 0.5
20160123 06:20 0.5
20160123 06:30 0.625
20160123 06:40 0.75
20160123 06:50 0.875
20160123 07:00 1
20160123 07:10 1.125
20160123 07:20 1.25
20160123 07:30 1.375
20160123 07:40 1.6875
20160123 07:50 1.6875
20160123 08:00 1.8125
20160123 08:10 2.25
20160123 08:20 2.375
20160123 08:30 2.3125
20160123 08:40 2.5
20160123 08:50 2.5
20160123 09:00 2.75
20160123 09:10 2.6875
20160123 09:20 3
20160123 09:30 3
20160123 09:40 2.75
20160123 09:50 3.125
20160123 10:00 3.25
20160123 10:10 3.25
20160123 10:20 3.3125
20160123 10:30 3.375
20160123 10:40 3.5
20160123 10:50 3.6875
20160123 11:00 3.8125
20160123 11:10 3.8125
20160123 11:20 4
20160123 11:30 4.125
20160123 11:40 4.375
20160123 11:50 4.4375
20160123 12:00 4.625
20160123 12:10 4.6875
20160123 12:20 4.6875
20160123 12:30 4.875
20160123 12:40 5.1875
20160123 12:50 85
20160123 13:00 5.375
20160123 13:10 5.375
20160123 13:20 5.75
20160123 13:30 5.5
20160123 13:40 5.75
20160123 13:50 6.125
20160123 14:00 5.875
20160123 14:10 6
20160123 14:20 5.875
20160123 14:30 5.6875
20160123 14:40 5.75
20160123 14:50 6.125
20160123 15:00 5.875
20160123 15:10 5.875
20160123 15:20 5.75
20160123 15:30 5.625
20160123 15:40 5.5
20160123 15:50 5.5
20160123 16:00 5.4375
20160123 16:10 5.25
20160123 16:20 5.125
20160123 16:30 5.125
20160123 16:40 5.0625
20160123 16:50 5
20160123 17:00 4.75
20160123 17:10 4.875
20160123 17:20 85
20160123 17:30 4.75
20160123 17:40 4.8125
20160123 17:50 5.125
20160123 18:00 4.8125
20160123 18:10 4.9375
20160123 18:20 4.875
20160123 18:30 4.875
20160123 18:40 4.875
20160123 18:50 5
20160123 19:00 4.9375
20160123 19:10 4.9375
20160123 19:20 5
20160123 19:30 5.0625
20160123 19:40 5
20160123 19:50 5
20160123 20:00 5
20160123 20:10 5
20160123 20:20 4.9375
20160123 20:30 5
20160123 20:40 5
20160123 20:50 4.875
20160123 21:00 4.5625
20160123 21:10 4.75
20160123 21:20 4.9375
20160123 21:30 4.875
20160123 21:40 5
20160123 21:50 4.9375
20160123 22:00 4.9375
20160123 22:10 4.9375
20160123 22:20 4.875
20160123 22:30 4.9375
20160123 22:40 5.0625
20160123 22:50 4.9375
20160123 23:00 5
20160123 23:10 4.875
20160123 23:20 4.875
20160123 23:30 4.875
20160123 23:40 4.875
20160123 23:50 4.75
