YYYYMMDD HH:MM measured temperature
20160318 00:00 3.25
20160318 00:10 3.25
20160318 00:20 3
20160318 00:30 3
20160318 00:40 2.875
20160318 00:50 2.875
20160318 01:00 2.875
20160318 01:10 3
20160318 01:20 3
20160318 01:30 3
20160318 01:40 3.25
20160318 01:50 3.25
20160318 02:00 3.25
20160318 02:10 3.1875
20160318 02:20 3.1875
20160318 02:30 3.25
20160318 02:40 3.1875
20160318 02:50 3.1875
20160318 03:00 3.25
20160318 03:10 3.25
20160318 03:20 3.25
20160318 03:30 3.25
20160318 03:40 3.3125
20160318 03:50 3.3125
20160318 04:00 3.3125
20160318 04:10 3.375
20160318 04:20 3.4375
20160318 04:30 3.4375
20160318 04:40 3.5625
20160318 04:50 3.625
20160318 05:00 3.6875
20160318 05:10 3.75
20160318 05:20 3.8125
20160318 05:30 3.8125
20160318 05:40 3.9375
20160318 05:50 4
20160318 06:00 4.0625
20160318 06:10 4.0625
20160318 06:20 4.125
20160318 06:30 4.125
20160318 06:40 4.25
20160318 06:50 4.1875
20160318 07:00 4.375
20160318 07:10 4.3125
20160318 07:20 4.375
20160318 07:30 4.375
20160318 07:40 4.5
20160318 07:50 4.5
20160318 08:00 4.625
20160318 08:10 4.625
20160318 08:20 4.75
20160318 08:30 4.6875
20160318 08:40 4.75
20160318 08:50 85
20160318 09:00 4.875
20160318 09:10 4.875
20160318 09:20 85
20160318 09:30 5.125
20160318 09:40 85
20160318 09:50 5.25
20160318 10:00 5.1875
20160318 10:10 5.3125
20160318 10:20 5.375
20160318 10:30 5.375
20160318 10:40 5.375
20160318 10:50 5.375
20160318 11:00 5.5
20160318 11:10 5.4375
20160318 11:20 5.5625
20160318 11:30 5.75
20160318 11:40 5.625
20160318 11:50 5.5
20160318 12:00 5.875
20160318 12:10 5.75
20160318 12:20 5.875
20160318 12:30 6.25
20160318 12:40 6.375
20160318 12:50 6.875
20160318 13:00 6.625
20160318 13:10 6.875
20160318 13:20 6.5
20160318 13:30 6.875
20160318 13:40 7
20160318 13:50 7.125
20160318 14:00 7.3125
20160318 14:10 7.625
20160318 14:20 7.375
20160318 14:30 7.25
20160318 14:40 7.5
20160318 14:50 7.625
20160318 15:00 7.875
20160318 15:10 7.875
20160318 15:20 8
20160318 15:30 7.5
20160318 15:40 7.625
20160318 15:50 7.5
20160318 16:00 7.25
20160318 16:10 7.25
20160318 16:20 7.375
20160318 16:30 7.125
20160318 16:40 7.125
20160318 16:50 6.875
20160318 17:00 6.875
20160318 17:10 6.75
20160318 17:20 6.625
20160318 17:30 6.5
20160318 17:40 6.5
20160318 17:50 6.5
20160318 18:00 6.375
20160318 18:10 6.125
20160318 18:20 6.125
20160318 18:30 6.125
20160318 18:40 6
20160318 18:50 6
20160318 19:00 5.75
20160318 19:10 5.75
20160318 19:20 5.75
20160318 19:30 5.75
20160318 19:40 5.75
20160318 19:50 5.75
20160318 20:00 5.75
20160318 20:10 5.75
20160318 20:20 5.875
20160318 20:30 5.875
20160318 20:40 5.75
20160318 20:50 5.75
20160318 21:00 5.625
20160318 21:10 5.625
20160318 21:20 5.75
20160318 21:30 5.625
20160318 21:40 5.625
20160318 21:50 5.625
20160318 22:00 5.5
20160318 22:10 5.5
20160318 22:20 5.5
20160318 22:30 5.5
20160318 22:40 5.625
20160318 22:50 5.5
20160318 23:00 5.5
20160318 23:10 5.5
20160318 23:20 5.5
20160318 23:30 5.5
20160318 23:40 5.375
20160318 23:50 5.25
