YYYYMMDD HH:MM measured temperature
20160510 00:00 16
20160510 00:10 16
20160510 00:20 15.75
20160510 00:30 15.625
20160510 00:40 15.5
20160510 00:50 15.25
20160510 01:00 15.125
20160510 01:10 15
20160510 01:20 15
20160510 01:30 14.875
20160510 01:40 14.75
20160510 01:50 14.5
20160510 02:00 14.25
20160510 02:10 14.375
20160510 02:20 14.5
20160510 02:30 14.375
20160510 02:40 14.375
20160510 02:50 14.4375
20160510 03:00 14.5
20160510 03:10 14.25
20160510 03:20 14.0625
20160510 03:30 14
20160510 03:40 14
20160510 03:50 13.875
20160510 04:00 13.625
20160510 04:10 13.5
20160510 04:20 13.25
20160510 04:30 12.9375
20160510 04:40 12.75
20160510 04:50 12.625
20160510 05:00 12.75
20160510 05:10 12.5
20160510 05:20 12.5
20160510 05:30 12.5
20160510 05:40 12.5
20160510 05:50 12.3125
20160510 06:00 12.375
20160510 06:10 12.5625
20160510 06:20 12.625
20160510 06:30 12.8125
20160510 06:40 13.125
20160510 06:50 13.375
20160510 07:00 13.5625
20160510 07:10 13.75
20160510 07:20 14.25
20160510 07:30 14.375
20160510 07:40 14.75
20160510 07:50 15.125
20160510 08:00 15.75
20160510 08:10 16.375
20160510 08:20 16.75
20160510 08:30 17.375
20160510 08:40 18
20160510 08:50 18.875
20160510 09:00 19.375
20160510 09:10 20.125
20160510 09:20 20.5
20160510 09:30 20.75
20160510 09:40 21.375
20160510 09:50 22.125
20160510 10:00 22.125
20160510 10:10 22.25
20160510 10:20 22.375
20160510 10:30 22.5
20160510 10:40 22.625
20160510 10:50 23.25
20160510 11:00 23.25
20160510 11:10 23.125
20160510 11:20 23.5
20160510 11:30 23.5
20160510 11:40 24.25
20160510 11:50 24
20160510 12:00 23.75
20160510 12:10 24.375
20160510 12:20 24.25
20160510 12:30 24.375
20160510 12:40 24.625
20160510 12:50 25.375
20160510 13:00 25.375
20160510 13:10 25.875
20160510 13:20 25.25
20160510 13:30 24.875
20160510 13:40 24.75
20160510 13:50 26.25
20160510 14:00 26.25
20160510 14:10 26.375
20160510 14:20 26
20160510 14:30 26.125
20160510 14:40 25.625
20160510 14:50 26.125
20160510 15:00 25.75
20160510 15:10 25.625
20160510 15:20 25.125
20160510 15:30 25.125
20160510 15:40 26
20160510 15:50 25.25
20160510 16:00 23.875
20160510 16:10 25.125
20160510 16:20 24.5
20160510 16:30 24
20160510 16:40 25
20160510 16:50 24.875
20160510 17:00 24.375
20160510 17:10 23.75
20160510 17:20 24
20160510 17:30 23.875
20160510 17:40 24
20160510 17:50 23.875
20160510 18:00 23.375
20160510 18:10 23.5
20160510 18:20 23.375
20160510 18:30 23.125
20160510 18:40 22.625
20160510 18:50 22.5
20160510 19:00 22
20160510 19:10 21.875
20160510 19:20 21.625
20160510 19:30 21.25
20160510 19:40 21.25
20160510 19:50 21.125
20160510 20:00 20.875
20160510 20:10 20.625
20160510 20:20 20.125
20160510 20:30 19.75
20160510 20:40 19.375
20160510 20:50 19
20160510 21:00 18.625
20160510 21:10 18.5
20160510 21:20 18.5
20160510 21:30 18.25
20160510 21:40 17.875
20160510 21:50 17.75
20160510 22:00 17.25
20160510 22:10 17.125
20160510 22:20 16.875
20160510 22:30 16.875
20160510 22:40 16.625
20160510 22:50 16.375
20160510 23:00 16
20160510 23:10 16
20160510 23:20 15.875
20160510 23:30 15.875
20160510 23:40 15.625
20160510 23:50 15.375
