YYYYMMDD HH:MM measured temperature
20160512 00:00 16.625
20160512 00:10 16.5
20160512 00:20 16.25
20160512 00:30 16.125
20160512 00:40 16
20160512 00:50 15.75
20160512 01:00 15.75
20160512 01:10 15.625
20160512 01:20 15.375
20160512 01:30 15.375
20160512 01:40 15.25
20160512 01:50 15.125
20160512 02:00 15
20160512 02:10 14.875
20160512 02:20 14.75
20160512 02:30 14.5
20160512 02:40 14.3125
20160512 02:50 14.25
20160512 03:00 14.125
20160512 03:10 13.8125
20160512 03:20 13.75
20160512 03:30 13.4375
20160512 03:40 13.25
20160512 03:50 13
20160512 04:00 12.75
20160512 04:10 12.5
20160512 04:20 12.5
20160512 04:30 12.3125
20160512 04:40 12.1875
20160512 04:50 12.0625
20160512 05:00 12.125
20160512 05:10 12.125
20160512 05:20 12
20160512 05:30 11.875
20160512 05:40 11.875
20160512 05:50 11.875
20160512 06:00 11.8125
20160512 06:10 11.9375
20160512 06:20 12.0625
20160512 06:30 12.25
20160512 06:40 12.5625
20160512 06:50 12.625
20160512 07:00 12.6875
20160512 07:10 12.875
20160512 07:20 13.1875
20160512 07:30 13.3125
20160512 07:40 13.625
20160512 07:50 13.875
20160512 08:00 14.0625
20160512 08:10 14.625
20160512 08:20 14.875
20160512 08:30 15.375
20160512 08:40 16
20160512 08:50 16.5625
20160512 09:00 16.5625
20160512 09:10 17.375
20160512 09:20 17.375
20160512 09:30 17.75
20160512 09:40 18.5
20160512 09:50 18.4375
20160512 10:00 18.6875
20160512 10:10 18.5625
20160512 10:20 19.75
20160512 10:30 19.75
20160512 10:40 19.875
20160512 10:50 20.375
20160512 11:00 21.3125
20160512 11:10 20.9375
20160512 11:20 21.5
20160512 11:30 22.5
20160512 11:40 23.25
20160512 11:50 23.125
20160512 12:00 23.625
20160512 12:10 23.25
20160512 12:20 24.75
20160512 12:30 23.875
20160512 12:40 24.375
20160512 12:50 24.125
20160512 13:00 24.75
20160512 13:10 24.875
20160512 13:20 23.5
20160512 13:30 24.5
20160512 13:40 25.125
20160512 13:50 23.5
20160512 14:00 22.875
20160512 14:10 24.75
20160512 14:20 24.75
20160512 14:30 24.875
20160512 14:40 25.125
20160512 14:50 25.5
20160512 15:00 25
20160512 15:10 24.375
20160512 15:20 25.25
20160512 15:30 25
20160512 15:40 24.25
20160512 15:50 24.375
20160512 16:00 23.625
20160512 16:10 23.625
20160512 16:20 24.125
20160512 16:30 23.875
20160512 16:40 23.25
20160512 16:50 23
20160512 17:00 22.875
20160512 17:10 23.25
20160512 17:20 22.5
20160512 17:30 22.5
20160512 17:40 22.125
20160512 17:50 22
20160512 18:00 21.875
20160512 18:10 21.75
20160512 18:20 21.25
20160512 18:30 21
20160512 18:40 20.875
20160512 18:50 20.625
20160512 19:00 20.125
20160512 19:10 19.875
20160512 19:20 19.75
20160512 19:30 19.375
20160512 19:40 19.125
20160512 19:50 18.75
20160512 20:00 18.25
20160512 20:10 17.875
20160512 20:20 17.625
20160512 20:30 17.25
20160512 20:40 16.75
20160512 20:50 16.375
20160512 21:00 15.875
20160512 21:10 15.625
20160512 21:20 15
20160512 21:30 14.75
20160512 21:40 14.5
20160512 21:50 14.125
20160512 22:00 14
20160512 22:10 13.875
20160512 22:20 13.5
20160512 22:30 13.375
20160512 22:40 13.125
20160512 22:50 12.875
20160512 23:00 12.875
20160512 23:10 12.625
20160512 23:20 12.5
20160512 23:30 12.375
20160512 23:40 12.125
20160512 23:50 12.125
