YYYYMMDD HH:MM measured temperature
20160531 00:00 16.8125
20160531 00:10 16.75
20160531 00:20 16.75
20160531 00:30 16.875
20160531 00:40 16.8125
20160531 00:50 16.875
20160531 01:00 16.6875
20160531 01:10 16.6875
20160531 01:20 16.625
20160531 01:30 16.75
20160531 01:40 16.625
20160531 01:50 16.625
20160531 02:00 16.5
20160531 02:10 16.5
20160531 02:20 16.25
20160531 02:30 16.125
20160531 02:40 16.125
20160531 02:50 16.25
20160531 03:00 16.1875
20160531 03:10 85
20160531 03:20 16
20160531 03:30 16
20160531 03:40 16.125
20160531 03:50 16.25
20160531 04:00 16.375
20160531 04:10 16.375
20160531 04:20 16.375
20160531 04:30 16.375
20160531 04:40 16.375
20160531 04:50 16.5
20160531 05:00 16.5
20160531 05:10 16.5
20160531 05:20 16.625
20160531 05:30 16.625
20160531 05:40 16.75
20160531 05:50 16.75
20160531 06:00 16.75
20160531 06:10 16.875
20160531 06:20 17
20160531 06:30 17
20160531 06:40 17.0625
20160531 06:50 17.125
20160531 07:00 17.1875
20160531 07:10 17.25
20160531 07:20 17.25
20160531 07:30 17.125
20160531 07:40 17.1875
20160531 07:50 85
20160531 08:00 17.375
20160531 08:10 17.5625
20160531 08:20 17.875
20160531 08:30 17.875
20160531 08:40 18
20160531 08:50 18
20160531 09:00 18.125
20160531 09:10 18.125
20160531 09:20 18.125
20160531 09:30 18.0625
20160531 09:40 18.1875
20160531 09:50 18.5
20160531 10:00 18.4375
20160531 10:10 18.4375
20160531 10:20 18.625
20160531 10:30 19
20160531 10:40 19
20160531 10:50 19
20160531 11:00 85
20160531 11:10 20.25
20160531 11:20 20.25
20160531 11:30 21
20160531 11:40 21.1875
20160531 11:50 22
20160531 12:00 22.9375
20160531 12:10 20.875
20160531 12:20 21.125
20160531 12:30 23.5625
20160531 12:40 23.125
20160531 12:50 22.25
20160531 13:00 23.6875
20160531 13:10 22.125
20160531 13:20 23.75
20160531 13:30 23
20160531 13:40 22.875
20160531 13:50 23.75
20160531 14:00 23
20160531 14:10 22.5625
20160531 14:20 23.75
20160531 14:30 24
20160531 14:40 24.8125
20160531 14:50 24.875
20160531 15:00 25.125
20160531 15:10 24.625
20160531 15:20 24.6875
20160531 15:30 25.5
20160531 15:40 24.75
20160531 15:50 25.5
20160531 16:00 24.1875
20160531 16:10 24.75
20160531 16:20 24.875
20160531 16:30 25.125
20160531 16:40 25.5
20160531 16:50 25.25
20160531 17:00 25.375
20160531 17:10 25.375
20160531 17:20 24
20160531 17:30 24.625
20160531 17:40 24.875
20160531 17:50 25
20160531 18:00 25
20160531 18:10 25
20160531 18:20 24.375
20160531 18:30 24.25
20160531 18:40 23.75
20160531 18:50 23.875
20160531 19:00 23.5
20160531 19:10 23.1875
20160531 19:20 23.0625
20160531 19:30 22.5
20160531 19:40 22.0625
20160531 19:50 22.4375
20160531 20:00 22.625
20160531 20:10 22.6875
20160531 20:20 22.125
20160531 20:30 21.8125
20160531 20:40 21.5
20160531 20:50 21.1875
20160531 21:00 20.8125
20160531 21:10 20.5
20160531 21:20 20.25
20160531 21:30 20.0625
20160531 21:40 19.8125
20160531 21:50 85
20160531 22:00 19.25
20160531 22:10 19.125
20160531 22:20 19
20160531 22:30 19
20160531 22:40 18.6875
20160531 22:50 18.625
20160531 23:00 18.4375
20160531 23:10 18.4375
20160531 23:20 18.375
20160531 23:30 18.125
20160531 23:40 17.875
20160531 23:50 17.875
