YYYYMMDD HH:MM measured temperature
20160712 00:00 15.625
20160712 00:10 15.625
20160712 00:20 16.625
20160712 00:30 16.75
20160712 00:40 16.375
20160712 00:50 16.5
20160712 01:00 16.5
20160712 01:10 16.5
20160712 01:20 16.625
20160712 01:30 16.75
20160712 01:40 16.875
20160712 01:50 16.875
20160712 02:00 16.75
20160712 02:10 16.5
20160712 02:20 16.375
20160712 02:30 16.125
20160712 02:40 16.125
20160712 02:50 15.875
20160712 03:00 15.75
20160712 03:10 15.75
20160712 03:20 15.5
20160712 03:30 15.375
20160712 03:40 15.25
20160712 03:50 15
20160712 04:00 15
20160712 04:10 15.125
20160712 04:20 14.875
20160712 04:30 14.875
20160712 04:40 14.875
20160712 04:50 15
20160712 05:00 14.875
20160712 05:10 14.75
20160712 05:20 14.75
20160712 05:30 14.625
20160712 05:40 14.5
20160712 05:50 14.5
20160712 06:00 14.5
20160712 06:10 14.5
20160712 06:20 14.75
20160712 06:30 14.875
20160712 06:40 14.875
20160712 06:50 15.125
20160712 07:00 15.625
20160712 07:10 15.625
20160712 07:20 16.125
20160712 07:30 16.125
20160712 07:40 16.125
20160712 07:50 16.25
20160712 08:00 16.625
20160712 08:10 16.875
20160712 08:20 16.875
20160712 08:30 17.25
20160712 08:40 17.5
20160712 08:50 17.875
20160712 09:00 18
20160712 09:10 18.375
20160712 09:20 19
20160712 09:30 18.5
20160712 09:40 18.375
20160712 09:50 18.75
20160712 10:00 18.125
20160712 10:10 19.25
20160712 10:20 19
20160712 10:30 18.625
20160712 10:40 18.625
20160712 10:50 18.625
20160712 11:00 19.125
20160712 11:10 19
20160712 11:20 19.625
20160712 11:30 19
20160712 11:40 18.625
20160712 11:50 19.375
20160712 12:00 20.125
20160712 12:10 20.125
20160712 12:20 19.875
20160712 12:30 20.75
20160712 12:40 19.75
20160712 12:50 19.875
20160712 13:00 21.375
20160712 13:10 20.75
20160712 13:20 20.875
20160712 13:30 20.625
20160712 13:40 21
20160712 13:50 21.125
20160712 14:00 21.25
20160712 14:10 23.25
20160712 14:20 23.875
20160712 14:30 22.5
20160712 14:40 21.625
20160712 14:50 21.25
20160712 15:00 22
20160712 15:10 21.25
20160712 15:20 20.125
20160712 15:30 18.125
20160712 15:40 16.9375
20160712 15:50 17
20160712 16:00 17.8125
20160712 16:10 18.25
20160712 16:20 17.6875
20160712 16:30 18.125
20160712 16:40 19
20160712 16:50 19.75
20160712 17:00 19.125
20160712 17:10 20
20160712 17:20 20.125
20160712 17:30 19.875
20160712 17:40 19.75
20160712 17:50 20
20160712 18:00 19.875
20160712 18:10 19.5
20160712 18:20 18.625
20160712 18:30 17.875
20160712 18:40 17.5
20160712 18:50 17
20160712 19:00 16.75
20160712 19:10 17
20160712 19:20 17
20160712 19:30 16.375
20160712 19:40 16.5
20160712 19:50 16.625
20160712 20:00 16.25
20160712 20:10 16.125
20160712 20:20 16.25
20160712 20:30 16.125
20160712 20:40 15.875
20160712 20:50 15.625
20160712 21:00 15.25
20160712 21:10 15
20160712 21:20 14.75
20160712 21:30 14.625
20160712 21:40 14.375
20160712 21:50 14.375
20160712 22:00 13.9375
20160712 22:10 13.875
20160712 22:20 13.75
20160712 22:30 85
20160712 22:40 13.25
20160712 22:50 13.25
20160712 23:00 13.3125
20160712 23:10 13.375
20160712 23:20 13.3125
20160712 23:30 85
20160712 23:40 13.125
20160712 23:50 13.25
