YYYYMMDD HH:MM measured temperature
20160521 00:00 13.5625
20160521 00:10 13.4375
20160521 00:20 13.25
20160521 00:30 13.25
20160521 00:40 13.25
20160521 00:50 13.3125
20160521 01:00 13.375
20160521 01:10 13.25
20160521 01:20 13.125
20160521 01:30 13.25
20160521 01:40 13.125
20160521 01:50 13.0625
20160521 02:00 13.0625
20160521 02:10 13.125
20160521 02:20 13.0625
20160521 02:30 13
20160521 02:40 12.875
20160521 02:50 12.8125
20160521 03:00 12.75
20160521 03:10 12.625
20160521 03:20 85
20160521 03:30 12.5
20160521 03:40 12.375
20160521 03:50 12.4375
20160521 04:00 12.3125
20160521 04:10 12.3125
20160521 04:20 12.25
20160521 04:30 12.3125
20160521 04:40 12.375
20160521 04:50 85
20160521 05:00 12.5
20160521 05:10 12.625
20160521 05:20 12.625
20160521 05:30 12.5
20160521 05:40 12.5
20160521 05:50 12.4375
20160521 06:00 12.5
20160521 06:10 12.625
20160521 06:20 12.5
20160521 06:30 12.5
20160521 06:40 12.4375
20160521 06:50 12.5
20160521 07:00 12.75
20160521 07:10 12.9375
20160521 07:20 13.1875
20160521 07:30 13.4375
20160521 07:40 13.75
20160521 07:50 85
20160521 08:00 14.25
20160521 08:10 15.375
20160521 08:20 15.25
20160521 08:30 15.4375
20160521 08:40 15.375
20160521 08:50 15.6875
20160521 09:00 16.125
20160521 09:10 16.125
20160521 09:20 16.625
20160521 09:30 17.25
20160521 09:40 18.375
20160521 09:50 17.25
20160521 10:00 18.25
20160521 10:10 18
20160521 10:20 17.75
20160521 10:30 18.125
20160521 10:40 19.1875
20160521 10:50 18.75
20160521 11:00 19.875
20160521 11:10 20.8125
20160521 11:20 19.75
20160521 11:30 19.875
20160521 11:40 20
20160521 11:50 19.25
20160521 12:00 20.5
20160521 12:10 21
20160521 12:20 21.125
20160521 12:30 22
20160521 12:40 22.25
20160521 12:50 21.375
20160521 13:00 21.75
20160521 13:10 22.625
20160521 13:20 22.625
20160521 13:30 21.375
20160521 13:40 21.5
20160521 13:50 22.75
20160521 14:00 21.875
20160521 14:10 21.875
20160521 14:20 22.875
20160521 14:30 22.5
20160521 14:40 22.25
20160521 14:50 21.75
20160521 15:00 22
20160521 15:10 21.875
20160521 15:20 21.75
20160521 15:30 21.5
20160521 15:40 23.25
20160521 15:50 23
20160521 16:00 23.25
20160521 16:10 23.125
20160521 16:20 21.875
20160521 16:30 22
20160521 16:40 22.625
20160521 16:50 22.5
20160521 17:00 22.625
20160521 17:10 22.625
20160521 17:20 22.375
20160521 17:30 22.5
20160521 17:40 22.625
20160521 17:50 22.875
20160521 18:00 22.875
20160521 18:10 22.75
20160521 18:20 22.375
20160521 18:30 22.5
20160521 18:40 22.125
20160521 18:50 22.125
20160521 19:00 22.125
20160521 19:10 22
20160521 19:20 21.75
20160521 19:30 21.625
20160521 19:40 21.5
20160521 19:50 21.375
20160521 20:00 21.25
20160521 20:10 20.875
20160521 20:20 21
20160521 20:30 20.625
20160521 20:40 20.5
20160521 20:50 20.25
20160521 21:00 19.875
20160521 21:10 19.625
20160521 21:20 19.25
20160521 21:30 18.5
20160521 21:40 18.625
20160521 21:50 18.125
20160521 22:00 18.375
20160521 22:10 18.625
20160521 22:20 18.75
20160521 22:30 18.125
20160521 22:40 18.5
20160521 22:50 18.375
20160521 23:00 18.25
20160521 23:10 18.375
20160521 23:20 18.125
20160521 23:30 17.875
20160521 23:40 17.625
20160521 23:50 17
