YYYYMMDD HH:MM measured temperature
20160428 00:00 4
20160428 00:10 4
20160428 00:20 4
20160428 00:30 3.875
20160428 00:40 3.875
20160428 00:50 3.875
20160428 01:00 4
20160428 01:10 3.875
20160428 01:20 3.875
20160428 01:30 3.875
20160428 01:40 3.75
20160428 01:50 3.625
20160428 02:00 3.5
20160428 02:10 3.625
20160428 02:20 3.625
20160428 02:30 3.625
20160428 02:40 3.375
20160428 02:50 3
20160428 03:00 3
20160428 03:10 3
20160428 03:20 2.875
20160428 03:30 2.75
20160428 03:40 2.625
20160428 03:50 2.5
20160428 04:00 2.5
20160428 04:10 2.5
20160428 04:20 2.375
20160428 04:30 2.375
20160428 04:40 2.25
20160428 04:50 2.25
20160428 05:00 2.375
20160428 05:10 2.5
20160428 05:20 2.4375
20160428 05:30 2.5625
20160428 05:40 85
20160428 05:50 2.625
20160428 06:00 2.5625
20160428 06:10 85
20160428 06:20 2.875
20160428 06:30 2.875
20160428 06:40 3
20160428 06:50 2.9375
20160428 07:00 3
20160428 07:10 3.125
20160428 07:20 3.25
20160428 07:30 3.375
20160428 07:40 3.375
20160428 07:50 3.5
20160428 08:00 3.625
20160428 08:10 3.375
20160428 08:20 3.5
20160428 08:30 4
20160428 08:40 4.5
20160428 08:50 4.75
20160428 09:00 5.25
20160428 09:10 5.875
20160428 09:20 5.875
20160428 09:30 4.75
20160428 09:40 4.25
20160428 09:50 4.125
20160428 10:00 4.375
20160428 10:10 5.375
20160428 10:20 5.625
20160428 10:30 5.375
20160428 10:40 5.125
20160428 10:50 5.5
20160428 11:00 5.75
20160428 11:10 6.125
20160428 11:20 6.875
20160428 11:30 6.875
20160428 11:40 6.625
20160428 11:50 5.5
20160428 12:00 5.375
20160428 12:10 5
20160428 12:20 5.375
20160428 12:30 5.25
20160428 12:40 5
20160428 12:50 5.25
20160428 13:00 6.5
20160428 13:10 7.625
20160428 13:20 7.5
20160428 13:30 8.75
20160428 13:40 9.625
20160428 13:50 9.5
20160428 14:00 10.125
20160428 14:10 8.375
20160428 14:20 6.875
20160428 14:30 7
20160428 14:40 8
20160428 14:50 8.375
20160428 15:00 7.5
20160428 15:10 7.625
20160428 15:20 9.375
20160428 15:30 8.875
20160428 15:40 8
20160428 15:50 7.875
20160428 16:00 8.875
20160428 16:10 8.375
20160428 16:20 8.375
20160428 16:30 8
20160428 16:40 8
20160428 16:50 8.5625
20160428 17:00 9.1875
20160428 17:10 8.5
20160428 17:20 7.4375
20160428 17:30 8
20160428 17:40 7.5
20160428 17:50 8
20160428 18:00 9
20160428 18:10 8.5
20160428 18:20 8.375
20160428 18:30 7.75
20160428 18:40 7.75
20160428 18:50 7.875
20160428 19:00 7.75
20160428 19:10 7.75
20160428 19:20 7.625
20160428 19:30 7.5
20160428 19:40 7.25
20160428 19:50 7.125
20160428 20:00 6.5
20160428 20:10 5.5
20160428 20:20 5.375
20160428 20:30 5.125
20160428 20:40 5.125
20160428 20:50 5
20160428 21:00 5
20160428 21:10 5
20160428 21:20 5
20160428 21:30 4.625
20160428 21:40 4
20160428 21:50 3.6875
20160428 22:00 3.6875
20160428 22:10 3.625
20160428 22:20 3.75
20160428 22:30 3.5
20160428 22:40 3.5
20160428 22:50 3.25
20160428 23:00 3.0625
20160428 23:10 2.875
20160428 23:20 2.625
20160428 23:30 2.5
20160428 23:40 2.5
20160428 23:50 2.75
