YYYYMMDD HH:MM measured temperature
20160611 00:00 10.8125
20160611 00:10 10.625
20160611 00:20 10.8125
20160611 00:30 10.875
20160611 00:40 85
20160611 00:50 10.625
20160611 01:00 10.625
20160611 01:10 10.4375
20160611 01:20 10.375
20160611 01:30 10.25
20160611 01:40 85
20160611 01:50 10.1875
20160611 02:00 10.0625
20160611 02:10 10.0625
20160611 02:20 85
20160611 02:30 9.9375
20160611 02:40 9.9375
20160611 02:50 10.3125
20160611 03:00 85
20160611 03:10 10.1875
20160611 03:20 10
20160611 03:30 9.875
20160611 03:40 9.9375
20160611 03:50 9.75
20160611 04:00 9.875
20160611 04:10 9.6875
20160611 04:20 9.8125
20160611 04:30 85
20160611 04:40 9.6875
20160611 04:50 9.625
20160611 05:00 9.625
20160611 05:10 9.8125
20160611 05:20 10
20160611 05:30 10.1875
20160611 05:40 10.375
20160611 05:50 10.3125
20160611 06:00 10.375
20160611 06:10 10.625
20160611 06:20 10.5
20160611 06:30 10.75
20160611 06:40 10.9375
20160611 06:50 11.1875
20160611 07:00 11.3125
20160611 07:10 11.375
20160611 07:20 11.875
20160611 07:30 12.0625
20160611 07:40 11.875
20160611 07:50 12.25
20160611 08:00 12.125
20160611 08:10 12.5625
20160611 08:20 85
20160611 08:30 14
20160611 08:40 14.875
20160611 08:50 15.375
20160611 09:00 16
20160611 09:10 16.1875
20160611 09:20 16.0625
20160611 09:30 18
20160611 09:40 18.5625
20160611 09:50 18.125
20160611 10:00 17.25
20160611 10:10 18.0625
20160611 10:20 18.25
20160611 10:30 18.25
20160611 10:40 18.0625
20160611 10:50 19.625
20160611 11:00 18.875
20160611 11:10 19.25
20160611 11:20 20.375
20160611 11:30 19.125
20160611 11:40 19.625
20160611 11:50 19.375
20160611 12:00 20.875
20160611 12:10 20.5
20160611 12:20 20.25
20160611 12:30 20.625
20160611 12:40 21.25
20160611 12:50 19.375
20160611 13:00 23
20160611 13:10 20.75
20160611 13:20 21.625
20160611 13:30 21.125
20160611 13:40 21
20160611 13:50 22.75
20160611 14:00 21
20160611 14:10 23.125
20160611 14:20 21.75
20160611 14:30 22.625
20160611 14:40 21.25
20160611 14:50 20.5
20160611 15:00 22
20160611 15:10 20.875
20160611 15:20 20.75
20160611 15:30 21.5
20160611 15:40 20.625
20160611 15:50 20.5
20160611 16:00 21.25
20160611 16:10 22
20160611 16:20 20.875
20160611 16:30 20.625
20160611 16:40 21.5
20160611 16:50 21
20160611 17:00 21.125
20160611 17:10 21.375
20160611 17:20 22
20160611 17:30 22
20160611 17:40 21.125
20160611 17:50 20.75
20160611 18:00 20.375
20160611 18:10 20.25
20160611 18:20 20.375
20160611 18:30 20
20160611 18:40 20
20160611 18:50 19.625
20160611 19:00 19.625
20160611 19:10 19.625
20160611 19:20 19.625
20160611 19:30 19.375
20160611 19:40 19.25
20160611 19:50 19.25
20160611 20:00 19.125
20160611 20:10 18.875
20160611 20:20 18.75
20160611 20:30 18.625
20160611 20:40 18.5
20160611 20:50 18
20160611 21:00 18
20160611 21:10 17.75
20160611 21:20 17.625
20160611 21:30 17.625
20160611 21:40 17.375
20160611 21:50 17.125
20160611 22:00 17
20160611 22:10 16.75
20160611 22:20 16.5
20160611 22:30 16.375
20160611 22:40 16.25
20160611 22:50 16.25
20160611 23:00 15.875
20160611 23:10 15.875
20160611 23:20 15.75
20160611 23:30 15.5
20160611 23:40 15.25
20160611 23:50 15
