YYYYMMDD HH:MM measured temperature
20160609 00:00 13.375
20160609 00:10 13.375
20160609 00:20 13.375
20160609 00:30 13.25
20160609 00:40 13.375
20160609 00:50 13.25
20160609 01:00 13.25
20160609 01:10 85
20160609 01:20 13.125
20160609 01:30 13.125
20160609 01:40 13.1875
20160609 01:50 13.125
20160609 02:00 13.125
20160609 02:10 13.125
20160609 02:20 13.25
20160609 02:30 13.125
20160609 02:40 13.25
20160609 02:50 13.25
20160609 03:00 13.0625
20160609 03:10 13.0625
20160609 03:20 13.0625
20160609 03:30 13.25
20160609 03:40 13.1875
20160609 03:50 13.1875
20160609 04:00 13.25
20160609 04:10 13.375
20160609 04:20 13.375
20160609 04:30 13.375
20160609 04:40 13.375
20160609 04:50 13.5
20160609 05:00 13.5625
20160609 05:10 13.625
20160609 05:20 13.625
20160609 05:30 13.75
20160609 05:40 13.6875
20160609 05:50 13.875
20160609 06:00 13.875
20160609 06:10 14.125
20160609 06:20 14.25
20160609 06:30 14.1875
20160609 06:40 14.375
20160609 06:50 14.5
20160609 07:00 14.5625
20160609 07:10 14.8125
20160609 07:20 14.75
20160609 07:30 14.875
20160609 07:40 15.1875
20160609 07:50 15.375
20160609 08:00 15.25
20160609 08:10 15.4375
20160609 08:20 16.125
20160609 08:30 16.5
20160609 08:40 17.125
20160609 08:50 17.625
20160609 09:00 16.875
20160609 09:10 18
20160609 09:20 16.3125
20160609 09:30 19.375
20160609 09:40 18.25
20160609 09:50 19.25
20160609 10:00 18.875
20160609 10:10 20.75
20160609 10:20 19.125
20160609 10:30 17.9375
20160609 10:40 19
20160609 10:50 19.25
20160609 11:00 20.25
20160609 11:10 21
20160609 11:20 21
20160609 11:30 20.625
20160609 11:40 20.25
20160609 11:50 20.375
20160609 12:00 20.125
20160609 12:10 21.5
20160609 12:20 21.75
20160609 12:30 21.25
20160609 12:40 20.875
20160609 12:50 21.875
20160609 13:00 20.75
20160609 13:10 20.375
20160609 13:20 22
20160609 13:30 21.375
20160609 13:40 21
20160609 13:50 21.25
20160609 14:00 22.625
20160609 14:10 22.5
20160609 14:20 20.375
20160609 14:30 19.625
20160609 14:40 19.5
20160609 14:50 20.625
20160609 15:00 20.75
20160609 15:10 21.625
20160609 15:20 22.25
20160609 15:30 20.625
20160609 15:40 21
20160609 15:50 19.75
20160609 16:00 20.75
20160609 16:10 20.875
20160609 16:20 20.25
20160609 16:30 20.125
20160609 16:40 20.125
20160609 16:50 20
20160609 17:00 19.8125
20160609 17:10 19.875
20160609 17:20 20
20160609 17:30 19.25
20160609 17:40 19.125
20160609 17:50 18.75
20160609 18:00 18.125
20160609 18:10 18.125
20160609 18:20 17.0625
20160609 18:30 16.8125
20160609 18:40 16.5
20160609 18:50 15.9375
20160609 19:00 15.625
20160609 19:10 15.6875
20160609 19:20 15
20160609 19:30 15.3125
20160609 19:40 15.4375
20160609 19:50 15.25
20160609 20:00 15.375
20160609 20:10 14.8125
20160609 20:20 14.75
20160609 20:30 14.5
20160609 20:40 14.3125
20160609 20:50 14
20160609 21:00 13.6875
20160609 21:10 13.5
20160609 21:20 13.25
20160609 21:30 13
20160609 21:40 12.75
20160609 21:50 12.625
20160609 22:00 12.375
20160609 22:10 12.1875
20160609 22:20 12.125
20160609 22:30 11.875
20160609 22:40 11.25
20160609 22:50 11.1875
20160609 23:00 11.125
20160609 23:10 10.8125
20160609 23:20 10.8125
20160609 23:30 10.75
20160609 23:40 10.75
20160609 23:50 10.625
