YYYYMMDD HH:MM measured temperature
20160126 00:00 8.5
20160126 00:10 8.5
20160126 00:20 8.5
20160126 00:30 8.5
20160126 00:40 8.75
20160126 00:50 9.125
20160126 01:00 9.25
20160126 01:10 9.5
20160126 01:20 9.5
20160126 01:30 9.5
20160126 01:40 9.625
20160126 01:50 9.875
20160126 02:00 9.75
20160126 02:10 9.875
20160126 02:20 10
20160126 02:30 10
20160126 02:40 10
20160126 02:50 9.75
20160126 03:00 9.875
20160126 03:10 9.875
20160126 03:20 9.75
20160126 03:30 9.875
20160126 03:40 10
20160126 03:50 10.125
20160126 04:00 10.125
20160126 04:10 10.125
20160126 04:20 10
20160126 04:30 10
20160126 04:40 10.125
20160126 04:50 10.125
20160126 05:00 10
20160126 05:10 10
20160126 05:20 9.875
20160126 05:30 9.875
20160126 05:40 9.75
20160126 05:50 9.625
20160126 06:00 9.5
20160126 06:10 9.5
20160126 06:20 9.5
20160126 06:30 9.25
20160126 06:40 9.25
20160126 06:50 9.125
20160126 07:00 9
20160126 07:10 9
20160126 07:20 8.75
20160126 07:30 8.25
20160126 07:40 8.125
20160126 07:50 8.25
20160126 08:00 8.125
20160126 08:10 7.875
20160126 08:20 7.75
20160126 08:30 7.625
20160126 08:40 7.75
20160126 08:50 7.875
20160126 09:00 7.875
20160126 09:10 7.75
20160126 09:20 7.625
20160126 09:30 7.625
20160126 09:40 7.625
20160126 09:50 7.75
20160126 10:00 7.75
20160126 10:10 8
20160126 10:20 8.25
20160126 10:30 8.5
20160126 10:40 8.625
20160126 10:50 8.625
20160126 11:00 8.75
20160126 11:10 9
20160126 11:20 9.125
20160126 11:30 9.375
20160126 11:40 9.375
20160126 11:50 9.375
20160126 12:00 9.25
20160126 12:10 9.25
20160126 12:20 9.875
20160126 12:30 9.875
20160126 12:40 9.75
20160126 12:50 9.875
20160126 13:00 10
20160126 13:10 9.75
20160126 13:20 10.125
20160126 13:30 10.125
20160126 13:40 10.25
20160126 13:50 10.375
20160126 14:00 9.75
20160126 14:10 9.75
20160126 14:20 9.75
20160126 14:30 9.5
20160126 14:40 9.625
20160126 14:50 9.75
20160126 15:00 9.75
20160126 15:10 9.875
20160126 15:20 9.875
20160126 15:30 9.75
20160126 15:40 9.75
20160126 15:50 9.625
20160126 16:00 9.5
20160126 16:10 9.625
20160126 16:20 9.5
20160126 16:30 9.625
20160126 16:40 9.625
20160126 16:50 9.5
20160126 17:00 9.625
20160126 17:10 9.5
20160126 17:20 9.5
20160126 17:30 9.375
20160126 17:40 9.375
20160126 17:50 9.5
20160126 18:00 9.375
20160126 18:10 9.5
20160126 18:20 9.375
20160126 18:30 9.25
20160126 18:40 9.5
20160126 18:50 9.625
20160126 19:00 9.5
20160126 19:10 9.625
20160126 19:20 9.625
20160126 19:30 9.625
20160126 19:40 9.625
20160126 19:50 9.625
20160126 20:00 9.375
20160126 20:10 9.25
20160126 20:20 9.25
20160126 20:30 9
20160126 20:40 9
20160126 20:50 8.875
20160126 21:00 8.875
20160126 21:10 8.875
20160126 21:20 8.875
20160126 21:30 8.75
20160126 21:40 8.875
20160126 21:50 8.875
20160126 22:00 8.875
20160126 22:10 8.75
20160126 22:20 8.75
20160126 22:30 8.625
20160126 22:40 8.5
20160126 22:50 8.375
20160126 23:00 8.375
20160126 23:10 8.25
20160126 23:20 8.25
20160126 23:30 8.25
20160126 23:40 8.125
20160126 23:50 8.25
