YYYYMMDD HH:MM measured temperature
20160710 00:00 16.375
20160710 00:10 16.25
20160710 00:20 85
20160710 00:30 85
20160710 00:40 16.1875
20160710 00:50 85
20160710 01:00 85
20160710 01:10 16.25
20160710 01:20 16.25
20160710 01:30 16.1875
20160710 01:40 16.25
20160710 01:50 16.25
20160710 02:00 16.3125
20160710 02:10 16.375
20160710 02:20 16.3125
20160710 02:30 16.375
20160710 02:40 16.25
20160710 02:50 16.375
20160710 03:00 16.5
20160710 03:10 16.5
20160710 03:20 16.75
20160710 03:30 16.875
20160710 03:40 16.75
20160710 03:50 16.875
20160710 04:00 16.75
20160710 04:10 16.625
20160710 04:20 16.625
20160710 04:30 16.5
20160710 04:40 16.375
20160710 04:50 16.5
20160710 05:00 16.5
20160710 05:10 16.5625
20160710 05:20 16.5
20160710 05:30 16.5
20160710 05:40 16.75
20160710 05:50 16.875
20160710 06:00 17
20160710 06:10 17.125
20160710 06:20 17.125
20160710 06:30 17.125
20160710 06:40 17.25
20160710 06:50 17.5
20160710 07:00 18
20160710 07:10 18.375
20160710 07:20 18.625
20160710 07:30 18.625
20160710 07:40 18.875
20160710 07:50 19.125
20160710 08:00 19.5
20160710 08:10 19.5
20160710 08:20 19.625
20160710 08:30 19.625
20160710 08:40 20
20160710 08:50 20.25
20160710 09:00 20.375
20160710 09:10 20.875
20160710 09:20 21
20160710 09:30 21.625
20160710 09:40 21.625
20160710 09:50 22.125
20160710 10:00 22.875
20160710 10:10 22.875
20160710 10:20 23.375
20160710 10:30 23.5
20160710 10:40 23.75
20160710 10:50 24.25
20160710 11:00 24.5
20160710 11:10 24.25
20160710 11:20 24.75
20160710 11:30 25.375
20160710 11:40 24.875
20160710 11:50 25.25
20160710 12:00 25.75
20160710 12:10 26.375
20160710 12:20 24.875
20160710 12:30 24.375
20160710 12:40 26
20160710 12:50 25.875
20160710 13:00 26
20160710 13:10 25.75
20160710 13:20 26.75
20160710 13:30 26.625
20160710 13:40 26.5
20160710 13:50 26.625
20160710 14:00 27.5
20160710 14:10 27
20160710 14:20 28
20160710 14:30 27
20160710 14:40 27.375
20160710 14:50 27.5
20160710 15:00 27.25
20160710 15:10 27.625
20160710 15:20 27.625
20160710 15:30 27.5
20160710 15:40 28.125
20160710 15:50 28
20160710 16:00 27.75
20160710 16:10 27.625
20160710 16:20 27.125
20160710 16:30 27.875
20160710 16:40 27.625
20160710 16:50 27.375
20160710 17:00 27.75
20160710 17:10 27.375
20160710 17:20 27.25
20160710 17:30 27.5
20160710 17:40 27.125
20160710 17:50 27.125
20160710 18:00 27.375
20160710 18:10 27.125
20160710 18:20 27.125
20160710 18:30 27
20160710 18:40 26.875
20160710 18:50 26.75
20160710 19:00 26.75
20160710 19:10 26.625
20160710 19:20 26.5
20160710 19:30 26.25
20160710 19:40 26.125
20160710 19:50 25.75
20160710 20:00 25.5
20160710 20:10 25.25
20160710 20:20 24.875
20160710 20:30 24.5
20160710 20:40 24.125
20160710 20:50 24
20160710 21:00 23.625
20160710 21:10 23.25
20160710 21:20 23.25
20160710 21:30 23.125
20160710 21:40 23
20160710 21:50 23.125
20160710 22:00 22.75
20160710 22:10 22.875
20160710 22:20 22.875
20160710 22:30 22.75
20160710 22:40 22.625
20160710 22:50 22.875
20160710 23:00 22.875
20160710 23:10 22.875
20160710 23:20 22.875
20160710 23:30 22.5
20160710 23:40 21.75
20160710 23:50 22
