YYYYMMDD HH:MM measured temperature
20160610 00:00 10.4375
20160610 00:10 10.375
20160610 00:20 10.25
20160610 00:30 10.1875
20160610 00:40 10.375
20160610 00:50 9.9375
20160610 01:00 9.75
20160610 01:10 9.5
20160610 01:20 85
20160610 01:30 85
20160610 01:40 9.125
20160610 01:50 9.125
20160610 02:00 9.0625
20160610 02:10 9
20160610 02:20 8.875
20160610 02:30 8.75
20160610 02:40 8.625
20160610 02:50 8.5625
20160610 03:00 8.6875
20160610 03:10 8.625
20160610 03:20 85
20160610 03:30 8.75
20160610 03:40 8.875
20160610 03:50 8.9375
20160610 04:00 8.9375
20160610 04:10 9
20160610 04:20 9.0625
20160610 04:30 9.1875
20160610 04:40 9.25
20160610 04:50 9.25
20160610 05:00 9.25
20160610 05:10 9.375
20160610 05:20 9.375
20160610 05:30 9.375
20160610 05:40 9.5
20160610 05:50 9.5625
20160610 06:00 9.625
20160610 06:10 9.6875
20160610 06:20 9.9375
20160610 06:30 10.125
20160610 06:40 10.625
20160610 06:50 11
20160610 07:00 11.125
20160610 07:10 11.125
20160610 07:20 11.25
20160610 07:30 11.5
20160610 07:40 11.75
20160610 07:50 11.625
20160610 08:00 85
20160610 08:10 12.0625
20160610 08:20 12.5
20160610 08:30 12.625
20160610 08:40 13.3125
20160610 08:50 14.4375
20160610 09:00 14
20160610 09:10 14.1875
20160610 09:20 14.875
20160610 09:30 15
20160610 09:40 15.0625
20160610 09:50 15.875
20160610 10:00 15.375
20160610 10:10 15.375
20160610 10:20 15.625
20160610 10:30 17.0625
20160610 10:40 16
20160610 10:50 17.25
20160610 11:00 17.625
20160610 11:10 17.25
20160610 11:20 17.5
20160610 11:30 17.625
20160610 11:40 17.9375
20160610 11:50 18
20160610 12:00 17.875
20160610 12:10 18.375
20160610 12:20 18.125
20160610 12:30 18.375
20160610 12:40 18
20160610 12:50 18.5
20160610 13:00 18.625
20160610 13:10 19.25
20160610 13:20 18.75
20160610 13:30 19.5
20160610 13:40 18.875
20160610 13:50 18.875
20160610 14:00 19.5
20160610 14:10 19.875
20160610 14:20 19.5
20160610 14:30 18.75
20160610 14:40 19.75
20160610 14:50 19.5
20160610 15:00 19.5
20160610 15:10 19.5
20160610 15:20 19.75
20160610 15:30 19.625
20160610 15:40 19.375
20160610 15:50 19.875
20160610 16:00 19.75
20160610 16:10 19.25
20160610 16:20 18
20160610 16:30 18.875
20160610 16:40 19.5
20160610 16:50 18.375
20160610 17:00 18.625
20160610 17:10 18.125
20160610 17:20 18.5
20160610 17:30 18
20160610 17:40 18.5
20160610 17:50 17.375
20160610 18:00 17.375
20160610 18:10 17.375
20160610 18:20 16.75
20160610 18:30 16.625
20160610 18:40 16.25
20160610 18:50 16.25
20160610 19:00 16.5
20160610 19:10 16
20160610 19:20 16.125
20160610 19:30 15.75
20160610 19:40 15.5
20160610 19:50 15.625
20160610 20:00 15.125
20160610 20:10 15
20160610 20:20 14.75
20160610 20:30 14.5
20160610 20:40 14.25
20160610 20:50 13.875
20160610 21:00 13.75
20160610 21:10 13.75
20160610 21:20 13.6875
20160610 21:30 13.5625
20160610 21:40 13.3125
20160610 21:50 13.125
20160610 22:00 13
20160610 22:10 12.8125
20160610 22:20 12.5
20160610 22:30 12.3125
20160610 22:40 12.25
20160610 22:50 12.125
20160610 23:00 11.9375
20160610 23:10 11.5
20160610 23:20 11.125
20160610 23:30 10.9375
20160610 23:40 10.875
20160610 23:50 10.625
