YYYYMMDD HH:MM measured temperature
20160330 00:00 3.875
20160330 00:10 3.875
20160330 00:20 3.75
20160330 00:30 3.625
20160330 00:40 3.625
20160330 00:50 3.75
20160330 01:00 3.75
20160330 01:10 3.6875
20160330 01:20 3.5
20160330 01:30 3.5
20160330 01:40 3.4375
20160330 01:50 3.5
20160330 02:00 3.625
20160330 02:10 3.75
20160330 02:20 3.875
20160330 02:30 3.875
20160330 02:40 3.875
20160330 02:50 3.75
20160330 03:00 3.6875
20160330 03:10 3.875
20160330 03:20 4
20160330 03:30 4.125
20160330 03:40 4.25
20160330 03:50 4.125
20160330 04:00 4.375
20160330 04:10 4.375
20160330 04:20 4.5
20160330 04:30 4.625
20160330 04:40 4.625
20160330 04:50 4.5
20160330 05:00 4.5
20160330 05:10 4.5
20160330 05:20 4.5
20160330 05:30 4.5
20160330 05:40 4.5
20160330 05:50 4.5625
20160330 06:00 4.625
20160330 06:10 4.625
20160330 06:20 4.6875
20160330 06:30 4.75
20160330 06:40 4.875
20160330 06:50 5.125
20160330 07:00 5.0625
20160330 07:10 5
20160330 07:20 5
20160330 07:30 5.125
20160330 07:40 5.0625
20160330 07:50 5.25
20160330 08:00 5.5
20160330 08:10 5.75
20160330 08:20 5.875
20160330 08:30 6.25
20160330 08:40 6.75
20160330 08:50 7
20160330 09:00 7.25
20160330 09:10 7.25
20160330 09:20 7.5
20160330 09:30 7.5
20160330 09:40 7.75
20160330 09:50 7.875
20160330 10:00 8
20160330 10:10 8.5
20160330 10:20 8.875
20160330 10:30 8.625
20160330 10:40 7.75
20160330 10:50 9.25
20160330 11:00 8.875
20160330 11:10 9.125
20160330 11:20 8.875
20160330 11:30 9.125
20160330 11:40 9.25
20160330 11:50 8.5
20160330 12:00 8.5
20160330 12:10 8.875
20160330 12:20 8.375
20160330 12:30 9
20160330 12:40 8.8125
20160330 12:50 10
20160330 13:00 9.125
20160330 13:10 10.75
20160330 13:20 10.375
20160330 13:30 10.375
20160330 13:40 10
20160330 13:50 10.125
20160330 14:00 10.5
20160330 14:10 10.25
20160330 14:20 11.5
20160330 14:30 10.5
20160330 14:40 10.75
20160330 14:50 10.75
20160330 15:00 8.875
20160330 15:10 9.75
20160330 15:20 9.125
20160330 15:30 8.375
20160330 15:40 8.375
20160330 15:50 6
20160330 16:00 6.625
20160330 16:10 7.75
20160330 16:20 8.625
20160330 16:30 9
20160330 16:40 9.5
20160330 16:50 8.625
20160330 17:00 8.375
20160330 17:10 9
20160330 17:20 9.125
20160330 17:30 8.75
20160330 17:40 9.25
20160330 17:50 9.125
20160330 18:00 9.5
20160330 18:10 9.125
20160330 18:20 9.375
20160330 18:30 9.25
20160330 18:40 9.0625
20160330 18:50 9
20160330 19:00 8.875
20160330 19:10 8.375
20160330 19:20 8.125
20160330 19:30 8
20160330 19:40 7.625
20160330 19:50 7.5
20160330 20:00 6.75
20160330 20:10 6.625
20160330 20:20 7.375
20160330 20:30 7.75
20160330 20:40 7.625
20160330 20:50 7.625
20160330 21:00 7.25
20160330 21:10 7
20160330 21:20 6.875
20160330 21:30 6.625
20160330 21:40 6.5
20160330 21:50 6.5
20160330 22:00 6.25
20160330 22:10 5.75
20160330 22:20 5.5
20160330 22:30 5.5
20160330 22:40 5.125
20160330 22:50 4.875
20160330 23:00 4.625
20160330 23:10 4.375
20160330 23:20 4
20160330 23:30 4.25
20160330 23:40 4.25
20160330 23:50 4.25
