YYYYMMDD HH:MM measured temperature
20160702 00:00 17.75
20160702 00:10 17.75
20160702 00:20 17.75
20160702 00:30 17.875
20160702 00:40 17.875
20160702 00:50 17.875
20160702 01:00 17.375
20160702 01:10 17.125
20160702 01:20 16.875
20160702 01:30 16.875
20160702 01:40 16.75
20160702 01:50 16.75
20160702 02:00 16.75
20160702 02:10 16.75
20160702 02:20 16.5
20160702 02:30 16.375
20160702 02:40 85
20160702 02:50 16.125
20160702 03:00 16
20160702 03:10 15.875
20160702 03:20 15.875
20160702 03:30 15.875
20160702 03:40 15.875
20160702 03:50 15.875
20160702 04:00 85
20160702 04:10 15.75
20160702 04:20 15.625
20160702 04:30 15.5625
20160702 04:40 15.5625
20160702 04:50 15.5
20160702 05:00 15.5
20160702 05:10 15.5
20160702 05:20 15.5
20160702 05:30 15.5
20160702 05:40 15.5
20160702 05:50 15.25
20160702 06:00 15.125
20160702 06:10 15.125
20160702 06:20 14.9375
20160702 06:30 14.875
20160702 06:40 15
20160702 06:50 15
20160702 07:00 85
20160702 07:10 14.375
20160702 07:20 85
20160702 07:30 14.625
20160702 07:40 14.8125
20160702 07:50 14.75
20160702 08:00 14.625
20160702 08:10 14.5
20160702 08:20 14.5625
20160702 08:30 14.75
20160702 08:40 14.8125
20160702 08:50 14.75
20160702 09:00 14.875
20160702 09:10 14.875
20160702 09:20 15.25
20160702 09:30 15.25
20160702 09:40 14.875
20160702 09:50 14.625
20160702 10:00 14.875
20160702 10:10 15
20160702 10:20 15.625
20160702 10:30 15.375
20160702 10:40 15.75
20160702 10:50 15.375
20160702 11:00 15.75
20160702 11:10 15.375
20160702 11:20 15.875
20160702 11:30 16.25
20160702 11:40 16.125
20160702 11:50 16.25
20160702 12:00 16.75
20160702 12:10 16.75
20160702 12:20 16.875
20160702 12:30 17.125
20160702 12:40 17.125
20160702 12:50 18
20160702 13:00 17.75
20160702 13:10 18.5
20160702 13:20 18.625
20160702 13:30 18.375
20160702 13:40 18.75
20160702 13:50 18.875
20160702 14:00 18.75
20160702 14:10 18.375
20160702 14:20 16.75
20160702 14:30 19.375
20160702 14:40 17.875
20160702 14:50 16.75
20160702 15:00 12
20160702 15:10 12
20160702 15:20 12.25
20160702 15:30 13.375
20160702 15:40 13.625
20160702 15:50 13.75
20160702 16:00 13.75
20160702 16:10 13.75
20160702 16:20 14.875
20160702 16:30 15.875
20160702 16:40 16.375
20160702 16:50 16.5
20160702 17:00 17.25
20160702 17:10 17.375
20160702 17:20 17.5
20160702 17:30 16.25
20160702 17:40 16.75
20160702 17:50 16.125
20160702 18:00 16.125
20160702 18:10 16.375
20160702 18:20 16.25
20160702 18:30 15.75
20160702 18:40 15.375
20160702 18:50 15
20160702 19:00 14.75
20160702 19:10 13
20160702 19:20 12.5
20160702 19:30 13
20160702 19:40 12.75
20160702 19:50 12.875
20160702 20:00 13
20160702 20:10 13.5
20160702 20:20 13.875
20160702 20:30 13.625
20160702 20:40 13
20160702 20:50 12.875
20160702 21:00 12.5
20160702 21:10 12.25
20160702 21:20 12.125
20160702 21:30 12.25
20160702 21:40 11.875
20160702 21:50 11.5
20160702 22:00 11.375
20160702 22:10 11.625
20160702 22:20 11.75
20160702 22:30 11.625
20160702 22:40 11.5
20160702 22:50 11.375
20160702 23:00 11.25
20160702 23:10 11.125
20160702 23:20 11.125
20160702 23:30 11.25
20160702 23:40 11.125
20160702 23:50 11.125
