YYYYMMDD HH:MM measured temperature
20160228 00:00 -0.875
20160228 00:10 -1
20160228 00:20 -1
20160228 00:30 -0.875
20160228 00:40 -1.25
20160228 00:50 -1.4375
20160228 01:00 -1.5
20160228 01:10 -1.75
20160228 01:20 -1.9375
20160228 01:30 -1.75
20160228 01:40 -1.625
20160228 01:50 -1.75
20160228 02:00 85
20160228 02:10 -2
20160228 02:20 -2
20160228 02:30 -1.75
20160228 02:40 -2.125
20160228 02:50 -1.75
20160228 03:00 -1.625
20160228 03:10 85
20160228 03:20 -1.75
20160228 03:30 -2
20160228 03:40 -1.875
20160228 03:50 -1.875
20160228 04:00 85
20160228 04:10 -2
20160228 04:20 -1.9375
20160228 04:30 -2.1875
20160228 04:40 -2.4375
20160228 04:50 -2.375
20160228 05:00 -2.3125
20160228 05:10 -2.5625
20160228 05:20 -2.5625
20160228 05:30 -3.0625
20160228 05:40 -3.1875
20160228 05:50 -2.5625
20160228 06:00 -2.5
20160228 06:10 -2.4375
20160228 06:20 -2.5
20160228 06:30 85
20160228 06:40 -2.375
20160228 06:50 -2.375
20160228 07:00 -2.4375
20160228 07:10 -2.6875
20160228 07:20 -2.75
20160228 07:30 -2.875
20160228 07:40 -3.25
20160228 07:50 -3.375
20160228 08:00 -2.9375
20160228 08:10 -2.25
20160228 08:20 -1.5625
20160228 08:30 -1.5625
20160228 08:40 -1.0625
20160228 08:50 -0.6875
20160228 09:00 -0.25
20160228 09:10 0.0625
20160228 09:20 0.375
20160228 09:30 0.8125
20160228 09:40 1.125
20160228 09:50 1.4375
20160228 10:00 1.8125
20160228 10:10 2.125
20160228 10:20 2.1875
20160228 10:30 2.625
20160228 10:40 2.75
20160228 10:50 2.875
20160228 11:00 3.5
20160228 11:10 3.625
20160228 11:20 3.875
20160228 11:30 4
20160228 11:40 4.4375
20160228 11:50 4.625
20160228 12:00 4.6875
20160228 12:10 5.25
20160228 12:20 5.0625
20160228 12:30 5.6875
20160228 12:40 5.1875
20160228 12:50 4.8125
20160228 13:00 4.875
20160228 13:10 5.375
20160228 13:20 5.625
20160228 13:30 6.25
20160228 13:40 5.75
20160228 13:50 5.5
20160228 14:00 5.25
20160228 14:10 5.4375
20160228 14:20 5.625
20160228 14:30 6.125
20160228 14:40 5.875
20160228 14:50 5.375
20160228 15:00 5.875
20160228 15:10 5.375
20160228 15:20 5.75
20160228 15:30 5.3125
20160228 15:40 5.1875
20160228 15:50 5.625
20160228 16:00 5.75
20160228 16:10 5.375
20160228 16:20 5.25
20160228 16:30 5
20160228 16:40 5
20160228 16:50 5.1875
20160228 17:00 4.75
20160228 17:10 4.3125
20160228 17:20 4.0625
20160228 17:30 4
20160228 17:40 3.625
20160228 17:50 3.25
20160228 18:00 2.6875
20160228 18:10 2.3125
20160228 18:20 1.875
20160228 18:30 1.875
20160228 18:40 1.3125
20160228 18:50 0.875
20160228 19:00 0.75
20160228 19:10 0.5
20160228 19:20 0.375
20160228 19:30 0.25
20160228 19:40 0.1875
20160228 19:50 -0.1875
20160228 20:00 -0.125
20160228 20:10 -0.0625
20160228 20:20 0
20160228 20:30 0.25
20160228 20:40 0
20160228 20:50 0.125
20160228 21:00 -0.125
20160228 21:10 -0.0625
20160228 21:20 -0.125
20160228 21:30 0
20160228 21:40 -0.125
20160228 21:50 -0.375
20160228 22:00 -0.625
20160228 22:10 -0.8125
20160228 22:20 -1.125
20160228 22:30 -1.1875
20160228 22:40 -0.8125
20160228 22:50 -0.875
20160228 23:00 -0.8125
20160228 23:10 -0.9375
20160228 23:20 -1.0625
20160228 23:30 -1.0625
20160228 23:40 -1.3125
20160228 23:50 -1.5
