YYYYMMDD HH:MM measured temperature
20160511 00:00 15.25
20160511 00:10 15.125
20160511 00:20 15.125
20160511 00:30 15.125
20160511 00:40 15.125
20160511 00:50 15
20160511 01:00 14.875
20160511 01:10 14.75
20160511 01:20 14.75
20160511 01:30 14.625
20160511 01:40 14.5
20160511 01:50 14.5
20160511 02:00 14.25
20160511 02:10 14
20160511 02:20 13.875
20160511 02:30 13.75
20160511 02:40 13.75
20160511 02:50 13.75
20160511 03:00 13.75
20160511 03:10 13.625
20160511 03:20 13.375
20160511 03:30 13.125
20160511 03:40 12.875
20160511 03:50 12.75
20160511 04:00 12.75
20160511 04:10 12.75
20160511 04:20 12.75
20160511 04:30 12.625
20160511 04:40 12.625
20160511 04:50 12.5
20160511 05:00 12.5
20160511 05:10 12.25
20160511 05:20 12.25
20160511 05:30 12.25
20160511 05:40 12
20160511 05:50 12
20160511 06:00 12
20160511 06:10 12
20160511 06:20 12.25
20160511 06:30 12.375
20160511 06:40 12.5625
20160511 06:50 13
20160511 07:00 13.0625
20160511 07:10 13.5
20160511 07:20 13.75
20160511 07:30 13.9375
20160511 07:40 14.25
20160511 07:50 14.375
20160511 08:00 14.5625
20160511 08:10 15.375
20160511 08:20 16.25
20160511 08:30 17
20160511 08:40 17.75
20160511 08:50 18.25
20160511 09:00 19
20160511 09:10 19.5
20160511 09:20 20
20160511 09:30 20.25
20160511 09:40 21.25
20160511 09:50 21.5
20160511 10:00 22.375
20160511 10:10 22.875
20160511 10:20 23.125
20160511 10:30 23.125
20160511 10:40 23.625
20160511 10:50 24.25
20160511 11:00 25
20160511 11:10 24.875
20160511 11:20 25.125
20160511 11:30 25.125
20160511 11:40 25.75
20160511 11:50 25.625
20160511 12:00 25.625
20160511 12:10 25.75
20160511 12:20 25.25
20160511 12:30 25.875
20160511 12:40 25.25
20160511 12:50 25.375
20160511 13:00 25.625
20160511 13:10 26.125
20160511 13:20 26.375
20160511 13:30 27.625
20160511 13:40 26.625
20160511 13:50 26.875
20160511 14:00 28.5
20160511 14:10 27.125
20160511 14:20 25.125
20160511 14:30 24.375
20160511 14:40 24.375
20160511 14:50 24.625
20160511 15:00 23.625
20160511 15:10 25.375
20160511 15:20 26.375
20160511 15:30 26.75
20160511 15:40 25.625
20160511 15:50 25.75
20160511 16:00 25.25
20160511 16:10 25.5
20160511 16:20 25.5
20160511 16:30 25.375
20160511 16:40 25.75
20160511 16:50 25.625
20160511 17:00 25.5
20160511 17:10 25.25
20160511 17:20 24.75
20160511 17:30 24.125
20160511 17:40 23.625
20160511 17:50 23.875
20160511 18:00 23.5
20160511 18:10 23.25
20160511 18:20 23
20160511 18:30 22.875
20160511 18:40 22.75
20160511 18:50 22.5
20160511 19:00 22.25
20160511 19:10 22.25
20160511 19:20 22
20160511 19:30 21.625
20160511 19:40 21.75
20160511 19:50 21.5
20160511 20:00 21.25
20160511 20:10 20.75
20160511 20:20 20.375
20160511 20:30 20.25
20160511 20:40 20
20160511 20:50 19.625
20160511 21:00 19.375
20160511 21:10 18.75
20160511 21:20 18.5
20160511 21:30 18.25
20160511 21:40 17.875
20160511 21:50 17.875
20160511 22:00 17.75
20160511 22:10 18.125
20160511 22:20 17.875
20160511 22:30 18
20160511 22:40 17.875
20160511 22:50 17.625
20160511 23:00 17.625
20160511 23:10 17.5
20160511 23:20 17.25
20160511 23:30 17.25
20160511 23:40 16.875
20160511 23:50 16.875
