YYYYMMDD HH:MM measured temperature
20160722 00:00 19.875
20160722 00:10 19.625
20160722 00:20 19.375
20160722 00:30 19
20160722 00:40 19.375
20160722 00:50 18.875
20160722 01:00 18.875
20160722 01:10 18.3125
20160722 01:20 18.5
20160722 01:30 18.375
20160722 01:40 18.25
20160722 01:50 18
20160722 02:00 17.6875
20160722 02:10 17.875
20160722 02:20 17.75
20160722 02:30 17.625
20160722 02:40 17.625
20160722 02:50 17.625
20160722 03:00 17.375
20160722 03:10 17.25
20160722 03:20 17.25
20160722 03:30 17
20160722 03:40 17
20160722 03:50 16.375
20160722 04:00 16.5
20160722 04:10 16.25
20160722 04:20 16.25
20160722 04:30 15.75
20160722 04:40 15.875
20160722 04:50 15.875
20160722 05:00 15.75
20160722 05:10 15.8125
20160722 05:20 16.125
20160722 05:30 15.625
20160722 05:40 15.9375
20160722 05:50 16.375
20160722 06:00 16.875
20160722 06:10 16.75
20160722 06:20 16.625
20160722 06:30 16.875
20160722 06:40 17.1875
20160722 06:50 17.75
20160722 07:00 85
20160722 07:10 17.75
20160722 07:20 17.875
20160722 07:30 18.125
20160722 07:40 17.9375
20160722 07:50 18.125
20160722 08:00 85
20160722 08:10 18.625
20160722 08:20 19
20160722 08:30 19.125
20160722 08:40 19
20160722 08:50 18.8125
20160722 09:00 19.5
20160722 09:10 20.75
20160722 09:20 22
20160722 09:30 22.375
20160722 09:40 23
20160722 09:50 23.25
20160722 10:00 23.75
20160722 10:10 23.375
20160722 10:20 23.25
20160722 10:30 23.5
20160722 10:40 23
20160722 10:50 23.375
20160722 11:00 23.875
20160722 11:10 23.75
20160722 11:20 24.5
20160722 11:30 24.625
20160722 11:40 23.25
20160722 11:50 22.375
20160722 12:00 23
20160722 12:10 23.125
20160722 12:20 23.125
20160722 12:30 24
20160722 12:40 23.5
20160722 12:50 23.5
20160722 13:00 24.75
20160722 13:10 25.75
20160722 13:20 26.125
20160722 13:30 25.875
20160722 13:40 25.625
20160722 13:50 26
20160722 14:00 25.75
20160722 14:10 25.625
20160722 14:20 26.5
20160722 14:30 26.875
20160722 14:40 26
20160722 14:50 26.375
20160722 15:00 26.125
20160722 15:10 26.625
20160722 15:20 27.125
20160722 15:30 27.25
20160722 15:40 26.625
20160722 15:50 26.875
20160722 16:00 27.125
20160722 16:10 27.5
20160722 16:20 26.5
20160722 16:30 26.375
20160722 16:40 26.625
20160722 16:50 26.375
20160722 17:00 26.25
20160722 17:10 25.875
20160722 17:20 25.625
20160722 17:30 25.375
20160722 17:40 25.25
20160722 17:50 25.25
20160722 18:00 24.875
20160722 18:10 24.875
20160722 18:20 25
20160722 18:30 24.875
20160722 18:40 24.625
20160722 18:50 24.625
20160722 19:00 24.75
20160722 19:10 24.625
20160722 19:20 24.75
20160722 19:30 24.25
20160722 19:40 24.25
20160722 19:50 24
20160722 20:00 23.75
20160722 20:10 23.375
20160722 20:20 23.5
20160722 20:30 23.375
20160722 20:40 23.25
20160722 20:50 23
20160722 21:00 23
20160722 21:10 22.875
20160722 21:20 22.5
20160722 21:30 22.0625
20160722 21:40 21.625
20160722 21:50 21.3125
20160722 22:00 21.125
20160722 22:10 20.6875
20160722 22:20 20.8125
20160722 22:30 20.75
20160722 22:40 20.5625
20160722 22:50 20.375
20160722 23:00 20.375
20160722 23:10 20.125
20160722 23:20 20.125
20160722 23:30 20
20160722 23:40 19.8125
20160722 23:50 19.5
