YYYYMMDD HH:MM measured temperature
20160104 00:00 -6
20160104 00:10 -6.125
20160104 00:20 -6.25
20160104 00:30 -6.25
20160104 00:40 -6.375
20160104 00:50 -6.375
20160104 01:00 -6.5
20160104 01:10 -6.375
20160104 01:20 -6.5
20160104 01:30 -6.5
20160104 01:40 -6.5
20160104 01:50 -6.375
20160104 02:00 -6.375
20160104 02:10 -6.25
20160104 02:20 -6.25
20160104 02:30 -6.25
20160104 02:40 -6.25
20160104 02:50 -6.25
20160104 03:00 -6.25
20160104 03:10 -6.375
20160104 03:20 -6.25
20160104 03:30 -6.375
20160104 03:40 -6.375
20160104 03:50 -6.5
20160104 04:00 -6.5
20160104 04:10 -6.5
20160104 04:20 -6.375
20160104 04:30 -6.375
20160104 04:40 -6.375
20160104 04:50 -6.375
20160104 05:00 -6.5
20160104 05:10 -6.5
20160104 05:20 -6.5
20160104 05:30 -6.5
20160104 05:40 -6.625
20160104 05:50 -6.625
20160104 06:00 -6.75
20160104 06:10 -6.75
20160104 06:20 -6.75
20160104 06:30 -6.875
20160104 06:40 -7
20160104 06:50 -6.875
20160104 07:00 -6.75
20160104 07:10 -6.875
20160104 07:20 -6.875
20160104 07:30 -6.75
20160104 07:40 -7
20160104 07:50 -7
20160104 08:00 -7
20160104 08:10 -7.125
20160104 08:20 -7.25
20160104 08:30 -7.125
20160104 08:40 -7.125
20160104 08:50 -7.125
20160104 09:00 -7
20160104 09:10 -7.125
20160104 09:20 -7.125
20160104 09:30 -7
20160104 09:40 -6.875
20160104 09:50 -6.875
20160104 10:00 -6.625
20160104 10:10 -6.625
20160104 10:20 -6.75
20160104 10:30 -6.625
20160104 10:40 -6.625
20160104 10:50 -6.625
20160104 11:00 -6.625
20160104 11:10 -6.5
20160104 11:20 -6.75
20160104 11:30 -6.625
20160104 11:40 -6.625
20160104 11:50 -6.75
20160104 12:00 -6.75
20160104 12:10 -6.5
20160104 12:20 -6.625
20160104 12:30 -6.375
20160104 12:40 -6.375
20160104 12:50 -6.5
20160104 13:00 -6.25
20160104 13:10 -6.125
20160104 13:20 -6.375
20160104 13:30 -6.375
20160104 13:40 -6.5
20160104 13:50 -6.375
20160104 14:00 -6.375
20160104 14:10 -6.375
20160104 14:20 -6.375
20160104 14:30 -6.375
20160104 14:40 -6.25
20160104 14:50 -6.375
20160104 15:00 -6.375
20160104 15:10 -6.5
20160104 15:20 -6.5
20160104 15:30 -6.5
20160104 15:40 -6.5
20160104 15:50 -6.5
20160104 16:00 -6.625
20160104 16:10 -6.625
20160104 16:20 -6.625
20160104 16:30 -6.625
20160104 16:40 -6.625
20160104 16:50 -6.625
20160104 17:00 -6.625
20160104 17:10 -6.625
20160104 17:20 -6.75
20160104 17:30 -6.75
20160104 17:40 -6.75
20160104 17:50 -6.75
20160104 18:00 -6.75
20160104 18:10 -6.75
20160104 18:20 -6.75
20160104 18:30 -6.75
20160104 18:40 -6.75
20160104 18:50 -6.75
20160104 19:00 -6.625
20160104 19:10 -6.75
20160104 19:20 -6.75
20160104 19:30 -6.875
20160104 19:40 -6.875
20160104 19:50 -6.875
20160104 20:00 -6.875
20160104 20:10 -6.75
20160104 20:20 -6.75
20160104 20:30 -6.75
20160104 20:40 -6.625
20160104 20:50 -6.625
20160104 21:00 -6.5
20160104 21:10 -6.5
20160104 21:20 -6.5
20160104 21:30 -6.375
20160104 21:40 -6.375
20160104 21:50 -6.25
20160104 22:00 -6.25
20160104 22:10 -6.25
20160104 22:20 -6.25
20160104 22:30 -6.25
20160104 22:40 -6.25
20160104 22:50 -6.125
20160104 23:00 -6.125
20160104 23:10 -6.125
20160104 23:20 -6
20160104 23:30 -6
20160104 23:40 -6
20160104 23:50 -6.125
