YYYYMMDD HH:MM measured temperature
20160209 00:00 5.875
20160209 00:10 5.875
20160209 00:20 85
20160209 00:30 5.75
20160209 00:40 5.625
20160209 00:50 5.5
20160209 01:00 5.625
20160209 01:10 5.375
20160209 01:20 5.3125
20160209 01:30 5.3125
20160209 01:40 5.25
20160209 01:50 5.125
20160209 02:00 5.125
20160209 02:10 5.375
20160209 02:20 5.5
20160209 02:30 5.1875
20160209 02:40 5.25
20160209 02:50 85
20160209 03:00 5.3125
20160209 03:10 5.25
20160209 03:20 5.25
20160209 03:30 5.5
20160209 03:40 5.6875
20160209 03:50 85
20160209 04:00 6
20160209 04:10 5.875
20160209 04:20 6
20160209 04:30 6
20160209 04:40 6.125
20160209 04:50 6.125
20160209 05:00 6.1875
20160209 05:10 6
20160209 05:20 6.125
20160209 05:30 6.25
20160209 05:40 6.3125
20160209 05:50 6.3125
20160209 06:00 6.4375
20160209 06:10 6.5
20160209 06:20 6.375
20160209 06:30 6.375
20160209 06:40 6.625
20160209 06:50 6.5
20160209 07:00 6.375
20160209 07:10 6.25
20160209 07:20 6.1875
20160209 07:30 5.8125
20160209 07:40 5.75
20160209 07:50 5.6875
20160209 08:00 5.625
20160209 08:10 5.375
20160209 08:20 5.625
20160209 08:30 5.875
20160209 08:40 5.75
20160209 08:50 5.75
20160209 09:00 6
20160209 09:10 6.125
20160209 09:20 6.25
20160209 09:30 6.125
20160209 09:40 6.375
20160209 09:50 6.625
20160209 10:00 6.75
20160209 10:10 7.125
20160209 10:20 6.75
20160209 10:30 6.75
20160209 10:40 6.75
20160209 10:50 7.25
20160209 11:00 7.4375
20160209 11:10 7.3125
20160209 11:20 7.5
20160209 11:30 7.5625
20160209 11:40 7.4375
20160209 11:50 7.5
20160209 12:00 7.5
20160209 12:10 7.375
20160209 12:20 6.625
20160209 12:30 5.75
20160209 12:40 6
20160209 12:50 6.4375
20160209 13:00 6.8125
20160209 13:10 6.875
20160209 13:20 6.8125
20160209 13:30 6.75
20160209 13:40 6.75
20160209 13:50 6.875
20160209 14:00 6.875
20160209 14:10 6.875
20160209 14:20 6.9375
20160209 14:30 6.875
20160209 14:40 6.875
20160209 14:50 6.875
20160209 15:00 6.75
20160209 15:10 6.6875
20160209 15:20 6.625
20160209 15:30 6.625
20160209 15:40 6.625
20160209 15:50 6.625
20160209 16:00 6.5
20160209 16:10 6.4375
20160209 16:20 6.25
20160209 16:30 6
20160209 16:40 5.75
20160209 16:50 5.5625
20160209 17:00 5.5
20160209 17:10 5.5
20160209 17:20 5.375
20160209 17:30 5.125
20160209 17:40 4.9375
20160209 17:50 4.75
20160209 18:00 4.5
20160209 18:10 4.25
20160209 18:20 4.25
20160209 18:30 4.0625
20160209 18:40 4.0625
20160209 18:50 4.125
20160209 19:00 4.25
20160209 19:10 4.25
20160209 19:20 4.25
20160209 19:30 4.3125
20160209 19:40 4.4375
20160209 19:50 4.5
20160209 20:00 4.5625
20160209 20:10 4.625
20160209 20:20 85
20160209 20:30 4.875
20160209 20:40 5.5
20160209 20:50 85
20160209 21:00 6.25
20160209 21:10 6.3125
20160209 21:20 6.5625
20160209 21:30 6.5625
20160209 21:40 85
20160209 21:50 4.75
20160209 22:00 3.125
20160209 22:10 85
20160209 22:20 0.875
20160209 22:30 0.625
20160209 22:40 0.375
20160209 22:50 0.25
20160209 23:00 0.375
20160209 23:10 0.3125
20160209 23:20 0.4375
20160209 23:30 0.375
20160209 23:40 0.375
20160209 23:50 0.5
