YYYYMMDD HH:MM measured temperature
20160315 00:00 4.625
20160315 00:10 4.625
20160315 00:20 4.625
20160315 00:30 4.625
20160315 00:40 4.5
20160315 00:50 4.5
20160315 01:00 4.5
20160315 01:10 4.375
20160315 01:20 4.3125
20160315 01:30 4.3125
20160315 01:40 4.3125
20160315 01:50 85
20160315 02:00 4.25
20160315 02:10 4.25
20160315 02:20 4.25
20160315 02:30 85
20160315 02:40 4.25
20160315 02:50 4.25
20160315 03:00 4.25
20160315 03:10 4.25
20160315 03:20 85
20160315 03:30 4.25
20160315 03:40 4.3125
20160315 03:50 4.3125
20160315 04:00 4.375
20160315 04:10 4.4375
20160315 04:20 4.4375
20160315 04:30 4.4375
20160315 04:40 85
20160315 04:50 4.375
20160315 05:00 4.3125
20160315 05:10 85
20160315 05:20 4.375
20160315 05:30 4.25
20160315 05:40 4.3125
20160315 05:50 4.25
20160315 06:00 4.25
20160315 06:10 4.3125
20160315 06:20 4.375
20160315 06:30 4.4375
20160315 06:40 4.4375
20160315 06:50 4.4375
20160315 07:00 4.4375
20160315 07:10 4.4375
20160315 07:20 4.5
20160315 07:30 4.4375
20160315 07:40 4.5
20160315 07:50 4.5
20160315 08:00 4.5625
20160315 08:10 4.5625
20160315 08:20 4.6875
20160315 08:30 4.6875
20160315 08:40 4.6875
20160315 08:50 4.75
20160315 09:00 4.875
20160315 09:10 4.8125
20160315 09:20 4.9375
20160315 09:30 4.9375
20160315 09:40 4.9375
20160315 09:50 5.125
20160315 10:00 5.1875
20160315 10:10 5.25
20160315 10:20 5.375
20160315 10:30 85
20160315 10:40 85
20160315 10:50 5.6875
20160315 11:00 85
20160315 11:10 5.8125
20160315 11:20 5.875
20160315 11:30 6.125
20160315 11:40 6.4375
20160315 11:50 6.375
20160315 12:00 85
20160315 12:10 6.3125
20160315 12:20 85
20160315 12:30 6
20160315 12:40 6
20160315 12:50 6.125
20160315 13:00 6.375
20160315 13:10 6.625
20160315 13:20 7.25
20160315 13:30 6.875
20160315 13:40 6.625
20160315 13:50 6.625
20160315 14:00 7
20160315 14:10 7.0625
20160315 14:20 7.1875
20160315 14:30 7.8125
20160315 14:40 7.6875
20160315 14:50 8
20160315 15:00 7.625
20160315 15:10 7.875
20160315 15:20 8.25
20160315 15:30 7.75
20160315 15:40 7.5625
20160315 15:50 7.5
20160315 16:00 7.375
20160315 16:10 7.25
20160315 16:20 7.25
20160315 16:30 7.375
20160315 16:40 7.5
20160315 16:50 7.625
20160315 17:00 7.6875
20160315 17:10 8
20160315 17:20 8.125
20160315 17:30 8
20160315 17:40 7.75
20160315 17:50 7.875
20160315 18:00 7.75
20160315 18:10 7.5
20160315 18:20 7.375
20160315 18:30 7.25
20160315 18:40 7.125
20160315 18:50 7
20160315 19:00 6.625
20160315 19:10 6.25
20160315 19:20 5.75
20160315 19:30 5.5
20160315 19:40 5.375
20160315 19:50 5.25
20160315 20:00 4.875
20160315 20:10 4.625
20160315 20:20 4.5
20160315 20:30 4.75
20160315 20:40 4.375
20160315 20:50 4.125
20160315 21:00 3.875
20160315 21:10 3.625
20160315 21:20 3.625
20160315 21:30 3.25
20160315 21:40 2.875
20160315 21:50 2.625
20160315 22:00 2.5
20160315 22:10 2.25
20160315 22:20 2.125
20160315 22:30 1.875
20160315 22:40 1.75
20160315 22:50 1.75
20160315 23:00 2
20160315 23:10 3.125
20160315 23:20 3.25
20160315 23:30 3.375
20160315 23:40 3.5
20160315 23:50 3.5
