YYYYMMDD HH:MM measured temperature
20160220 00:00 0.5
20160220 00:10 0.375
20160220 00:20 0.375
20160220 00:30 0.5
20160220 00:40 0.5
20160220 00:50 0.625
20160220 01:00 0.625
20160220 01:10 0.6875
20160220 01:20 0.75
20160220 01:30 0.6875
20160220 01:40 0.875
20160220 01:50 1.0625
20160220 02:00 1.125
20160220 02:10 1.4375
20160220 02:20 1.5
20160220 02:30 1.75
20160220 02:40 1.6875
20160220 02:50 1.75
20160220 03:00 1.625
20160220 03:10 1.625
20160220 03:20 1.625
20160220 03:30 1.625
20160220 03:40 1.875
20160220 03:50 1.9375
20160220 04:00 2.125
20160220 04:10 2.3125
20160220 04:20 2.3125
20160220 04:30 2.625
20160220 04:40 2.75
20160220 04:50 2.75
20160220 05:00 2.875
20160220 05:10 3.125
20160220 05:20 3
20160220 05:30 3
20160220 05:40 3
20160220 05:50 3.125
20160220 06:00 3.375
20160220 06:10 3.3125
20160220 06:20 3.25
20160220 06:30 3.25
20160220 06:40 3
20160220 06:50 2.9375
20160220 07:00 3
20160220 07:10 3.0625
20160220 07:20 3.125
20160220 07:30 3.1875
20160220 07:40 3.25
20160220 07:50 3.3125
20160220 08:00 3.4375
20160220 08:10 3.5
20160220 08:20 3.5
20160220 08:30 3.5625
20160220 08:40 3.625
20160220 08:50 3.6875
20160220 09:00 85
20160220 09:10 3.875
20160220 09:20 4
20160220 09:30 4.1875
20160220 09:40 4.375
20160220 09:50 4.5
20160220 10:00 4.5
20160220 10:10 4.5
20160220 10:20 4.4375
20160220 10:30 4.5625
20160220 10:40 4.625
20160220 10:50 4.6875
20160220 11:00 4.6875
20160220 11:10 4.75
20160220 11:20 4.875
20160220 11:30 4.8125
20160220 11:40 4.875
20160220 11:50 5
20160220 12:00 5.125
20160220 12:10 5.125
20160220 12:20 5.3125
20160220 12:30 5.375
20160220 12:40 5.6875
20160220 12:50 5.875
20160220 13:00 6
20160220 13:10 6.25
20160220 13:20 6.125
20160220 13:30 6.25
20160220 13:40 6.1875
20160220 13:50 6.1875
20160220 14:00 85
20160220 14:10 6.1875
20160220 14:20 6.4375
20160220 14:30 6.5625
20160220 14:40 6.5625
20160220 14:50 6.5
20160220 15:00 6.5625
20160220 15:10 6.5625
20160220 15:20 6.75
20160220 15:30 6.625
20160220 15:40 6.75
20160220 15:50 6.8125
20160220 16:00 6.75
20160220 16:10 6.6875
20160220 16:20 6.625
20160220 16:30 6.5625
20160220 16:40 6.5
20160220 16:50 6.5625
20160220 17:00 6.625
20160220 17:10 6.4375
20160220 17:20 6.25
20160220 17:30 6.25
20160220 17:40 6.1875
20160220 17:50 6.25
20160220 18:00 6.25
20160220 18:10 6.125
20160220 18:20 85
20160220 18:30 6
20160220 18:40 5.875
20160220 18:50 5.75
20160220 19:00 5.625
20160220 19:10 5.5625
20160220 19:20 5.5
20160220 19:30 5.625
20160220 19:40 5.5625
20160220 19:50 5.4375
20160220 20:00 5.375
20160220 20:10 5.375
20160220 20:20 5.375
20160220 20:30 5.25
20160220 20:40 5.125
20160220 20:50 5.1875
20160220 21:00 5.25
20160220 21:10 5.25
20160220 21:20 5.375
20160220 21:30 5.375
20160220 21:40 5.4375
20160220 21:50 5.375
20160220 22:00 5.375
20160220 22:10 5.375
20160220 22:20 5.375
20160220 22:30 5.375
20160220 22:40 5.3125
20160220 22:50 5.625
20160220 23:00 5.375
20160220 23:10 5.375
20160220 23:20 5.5625
20160220 23:30 5.6875
20160220 23:40 5.6875
20160220 23:50 5.75
