YYYYMMDD HH:MM measured temperature
20160128 00:00 10
20160128 00:10 10
20160128 00:20 10.125
20160128 00:30 10
20160128 00:40 10
20160128 00:50 10
20160128 01:00 10
20160128 01:10 10
20160128 01:20 10
20160128 01:30 10.125
20160128 01:40 10
20160128 01:50 10.125
20160128 02:00 10
20160128 02:10 9.75
20160128 02:20 9.125
20160128 02:30 8.625
20160128 02:40 8.25
20160128 02:50 8
20160128 03:00 7.875
20160128 03:10 7.75
20160128 03:20 7.75
20160128 03:30 7.625
20160128 03:40 7.625
20160128 03:50 7.5
20160128 04:00 7.5
20160128 04:10 7.5
20160128 04:20 7.5
20160128 04:30 7.5
20160128 04:40 7.5
20160128 04:50 7.5
20160128 05:00 7.625
20160128 05:10 7.5
20160128 05:20 7.5
20160128 05:30 7.5
20160128 05:40 7.375
20160128 05:50 7.375
20160128 06:00 7.25
20160128 06:10 7.125
20160128 06:20 7.25
20160128 06:30 7.25
20160128 06:40 7.125
20160128 06:50 7
20160128 07:00 6.75
20160128 07:10 6.5
20160128 07:20 6.375
20160128 07:30 6.25
20160128 07:40 6
20160128 07:50 5.875
20160128 08:00 5.875
20160128 08:10 5.625
20160128 08:20 5.375
20160128 08:30 5.25
20160128 08:40 5.25
20160128 08:50 5.25
20160128 09:00 5.375
20160128 09:10 5.5
20160128 09:20 5.5
20160128 09:30 5.5
20160128 09:40 5.625
20160128 09:50 5.625
20160128 10:00 5.75
20160128 10:10 5.875
20160128 10:20 6
20160128 10:30 6.125
20160128 10:40 6.25
20160128 10:50 6.375
20160128 11:00 6.5
20160128 11:10 6.75
20160128 11:20 6.625
20160128 11:30 6.875
20160128 11:40 6.75
20160128 11:50 7.125
20160128 12:00 7
20160128 12:10 6.75
20160128 12:20 6.875
20160128 12:30 7
20160128 12:40 7.125
20160128 12:50 7.125
20160128 13:00 7.5
20160128 13:10 7.375
20160128 13:20 7.875
20160128 13:30 7.75
20160128 13:40 7.875
20160128 13:50 8.375
20160128 14:00 8.875
20160128 14:10 7.875
20160128 14:20 7.125
20160128 14:30 7.125
20160128 14:40 8.375
20160128 14:50 8.875
20160128 15:00 8
20160128 15:10 7.125
20160128 15:20 7
20160128 15:30 7.125
20160128 15:40 7.125
20160128 15:50 6.875
20160128 16:00 6.75
20160128 16:10 6.625
20160128 16:20 6.5
20160128 16:30 6.125
20160128 16:40 6.125
20160128 16:50 5.625
20160128 17:00 5.5
20160128 17:10 5.375
20160128 17:20 5.5
20160128 17:30 5
20160128 17:40 5
20160128 17:50 5
20160128 18:00 4.875
20160128 18:10 4.625
20160128 18:20 4.625
20160128 18:30 4.625
20160128 18:40 4.5
20160128 18:50 4.375
20160128 19:00 4.25
20160128 19:10 4.25
20160128 19:20 4
20160128 19:30 3.875
20160128 19:40 4.125
20160128 19:50 3.875
20160128 20:00 3.875
20160128 20:10 3.75
20160128 20:20 3.625
20160128 20:30 3.625
20160128 20:40 4
20160128 20:50 3.75
20160128 21:00 3.75
20160128 21:10 3.75
20160128 21:20 3.5
20160128 21:30 3.875
20160128 21:40 3.75
20160128 21:50 3.75
20160128 22:00 3.75
20160128 22:10 3.75
20160128 22:20 3.75
20160128 22:30 3.625
20160128 22:40 3.625
20160128 22:50 3.75
20160128 23:00 3.375
20160128 23:10 3.5
20160128 23:20 3.5
20160128 23:30 3.375
20160128 23:40 3.375
20160128 23:50 3.375
