YYYYMMDD HH:MM measured temperature
20160602 00:00 18.25
20160602 00:10 18.125
20160602 00:20 18
20160602 00:30 17.625
20160602 00:40 17.5625
20160602 00:50 17.4375
20160602 01:00 17.3125
20160602 01:10 17.375
20160602 01:20 17.25
20160602 01:30 17
20160602 01:40 17
20160602 01:50 16.875
20160602 02:00 16.75
20160602 02:10 16.625
20160602 02:20 16.5
20160602 02:30 16.375
20160602 02:40 16.25
20160602 02:50 85
20160602 03:00 16.125
20160602 03:10 15.875
20160602 03:20 15.8125
20160602 03:30 15.6875
20160602 03:40 15.6875
20160602 03:50 15.875
20160602 04:00 16.125
20160602 04:10 16.25
20160602 04:20 16.25
20160602 04:30 16.375
20160602 04:40 16.3125
20160602 04:50 16.375
20160602 05:00 16.375
20160602 05:10 16.375
20160602 05:20 16.375
20160602 05:30 16.1875
20160602 05:40 16.125
20160602 05:50 16.375
20160602 06:00 16.5
20160602 06:10 16.375
20160602 06:20 16.5
20160602 06:30 16.625
20160602 06:40 16.5625
20160602 06:50 16.9375
20160602 07:00 16.75
20160602 07:10 16.4375
20160602 07:20 16.5
20160602 07:30 16.8125
20160602 07:40 16.8125
20160602 07:50 16.75
20160602 08:00 16.9375
20160602 08:10 17.25
20160602 08:20 17.375
20160602 08:30 17.5
20160602 08:40 17.375
20160602 08:50 17.5
20160602 09:00 17.375
20160602 09:10 17.375
20160602 09:20 17.75
20160602 09:30 17.9375
20160602 09:40 85
20160602 09:50 19
20160602 10:00 18.875
20160602 10:10 19.125
20160602 10:20 19.375
20160602 10:30 18.75
20160602 10:40 18.8125
20160602 10:50 18.6875
20160602 11:00 20.375
20160602 11:10 19.9375
20160602 11:20 19.875
20160602 11:30 19
20160602 11:40 19.4375
20160602 11:50 19.375
20160602 12:00 19.5
20160602 12:10 85
20160602 12:20 85
20160602 12:30 20.4375
20160602 12:40 19.625
20160602 12:50 19.0625
20160602 13:00 19.375
20160602 13:10 19.6875
20160602 13:20 21.375
20160602 13:30 21.5625
20160602 13:40 21.25
20160602 13:50 20.5625
20160602 14:00 21.1875
20160602 14:10 85
20160602 14:20 21.25
20160602 14:30 85
20160602 14:40 21.875
20160602 14:50 21.875
20160602 15:00 22.0625
20160602 15:10 21.625
20160602 15:20 22
20160602 15:30 22.375
20160602 15:40 21.75
20160602 15:50 22.125
20160602 16:00 22
20160602 16:10 21.9375
20160602 16:20 21.625
20160602 16:30 21.5
20160602 16:40 22.625
20160602 16:50 23.6875
20160602 17:00 22.375
20160602 17:10 22.625
20160602 17:20 21.8125
20160602 17:30 23
20160602 17:40 23.25
20160602 17:50 22.5
20160602 18:00 21.875
20160602 18:10 22.125
20160602 18:20 23
20160602 18:30 22.875
20160602 18:40 22.625
20160602 18:50 22.75
20160602 19:00 22.875
20160602 19:10 22.75
20160602 19:20 23.125
20160602 19:30 23
20160602 19:40 22.125
20160602 19:50 22.125
20160602 20:00 21.625
20160602 20:10 21.625
20160602 20:20 21.5
20160602 20:30 20.3125
20160602 20:40 20.125
20160602 20:50 19.375
20160602 21:00 19.25
20160602 21:10 18.1875
20160602 21:20 17.6875
20160602 21:30 85
20160602 21:40 17.375
20160602 21:50 17.25
20160602 22:00 17.125
20160602 22:10 16.9375
20160602 22:20 16.8125
20160602 22:30 16.75
20160602 22:40 16.375
20160602 22:50 16.375
20160602 23:00 16.375
20160602 23:10 16.375
20160602 23:20 16.3125
20160602 23:30 16.3125
20160602 23:40 16.375
20160602 23:50 16.375
