YYYYMMDD HH:MM measured temperature
20160423 00:00 3.75
20160423 00:10 3.625
20160423 00:20 3.625
20160423 00:30 3.75
20160423 00:40 3.5
20160423 00:50 3.5
20160423 01:00 2.75
20160423 01:10 2.75
20160423 01:20 2.75
20160423 01:30 2.5
20160423 01:40 3.125
20160423 01:50 2.75
20160423 02:00 2.75
20160423 02:10 2.875
20160423 02:20 2.75
20160423 02:30 2.375
20160423 02:40 2.25
20160423 02:50 2.5
20160423 03:00 2.375
20160423 03:10 2.25
20160423 03:20 2.5
20160423 03:30 2.5
20160423 03:40 2.625
20160423 03:50 2.625
20160423 04:00 2.5
20160423 04:10 2.25
20160423 04:20 2.125
20160423 04:30 2.375
20160423 04:40 2.875
20160423 04:50 3.125
20160423 05:00 2.875
20160423 05:10 2.875
20160423 05:20 2.625
20160423 05:30 2.5
20160423 05:40 2.5
20160423 05:50 2.5
20160423 06:00 2.5
20160423 06:10 2.4375
20160423 06:20 2.375
20160423 06:30 2.375
20160423 06:40 2.625
20160423 06:50 2.75
20160423 07:00 2.625
20160423 07:10 2.75
20160423 07:20 2.875
20160423 07:30 3.25
20160423 07:40 3.625
20160423 07:50 3.75
20160423 08:00 3.625
20160423 08:10 4
20160423 08:20 4.875
20160423 08:30 5.625
20160423 08:40 5.5
20160423 08:50 6.25
20160423 09:00 6.6875
20160423 09:10 7
20160423 09:20 7.5
20160423 09:30 8.375
20160423 09:40 6.75
20160423 09:50 7.875
20160423 10:00 8
20160423 10:10 8.5
20160423 10:20 7.625
20160423 10:30 8.25
20160423 10:40 7.625
20160423 10:50 7.375
20160423 11:00 7.5
20160423 11:10 7.5
20160423 11:20 8.375
20160423 11:30 8.75
20160423 11:40 8.75
20160423 11:50 8.125
20160423 12:00 8.5
20160423 12:10 7.875
20160423 12:20 7.625
20160423 12:30 8
20160423 12:40 7.125
20160423 12:50 7.125
20160423 13:00 8.875
20160423 13:10 7.75
20160423 13:20 8.5
20160423 13:30 10.125
20160423 13:40 7.75
20160423 13:50 6.75
20160423 14:00 7.5
20160423 14:10 7.375
20160423 14:20 8.625
20160423 14:30 9
20160423 14:40 9.125
20160423 14:50 8.75
20160423 15:00 7.75
20160423 15:10 7.625
20160423 15:20 9.25
20160423 15:30 7.625
20160423 15:40 7.75
20160423 15:50 9.25
20160423 16:00 8.625
20160423 16:10 9.375
20160423 16:20 8.5
20160423 16:30 8.375
20160423 16:40 8.25
20160423 16:50 9.25
20160423 17:00 9.375
20160423 17:10 9.25
20160423 17:20 9
20160423 17:30 7.5
20160423 17:40 6.875
20160423 17:50 6.875
20160423 18:00 7.875
20160423 18:10 7.5
20160423 18:20 7
20160423 18:30 7.875
20160423 18:40 7.75
20160423 18:50 7.125
20160423 19:00 7.375
20160423 19:10 7.375
20160423 19:20 7
20160423 19:30 6.5
20160423 19:40 6.375
20160423 19:50 6.25
20160423 20:00 6.125
20160423 20:10 5.875
20160423 20:20 5.75
20160423 20:30 5.625
20160423 20:40 5.5
20160423 20:50 5.25
20160423 21:00 5.25
20160423 21:10 5
20160423 21:20 4.75
20160423 21:30 4.625
20160423 21:40 4.375
20160423 21:50 4.125
20160423 22:00 3.875
20160423 22:10 3.75
20160423 22:20 3.625
20160423 22:30 3.75
20160423 22:40 3.75
20160423 22:50 3.5
20160423 23:00 3.5
20160423 23:10 3.25
20160423 23:20 3
20160423 23:30 2.875
20160423 23:40 2.125
20160423 23:50 1.875
