YYYYMMDD HH:MM measured temperature
20160109 00:00 1.875
20160109 00:10 1.875
20160109 00:20 1.625
20160109 00:30 1.625
20160109 00:40 1.25
20160109 00:50 1.25
20160109 01:00 1.25
20160109 01:10 1
20160109 01:20 1
20160109 01:30 1
20160109 01:40 0.25
20160109 01:50 -0.0625
20160109 02:00 -0.125
20160109 02:10 -0.125
20160109 02:20 -0.25
20160109 02:30 -0.5
20160109 02:40 85
20160109 02:50 -0.5
20160109 03:00 85
20160109 03:10 -0.3125
20160109 03:20 85
20160109 03:30 -0.4375
20160109 03:40 -0.75
20160109 03:50 -0.75
20160109 04:00 -0.625
20160109 04:10 -0.875
20160109 04:20 85
20160109 04:30 -0.875
20160109 04:40 -0.6875
20160109 04:50 -0.875
20160109 05:00 85
20160109 05:10 -1.125
20160109 05:20 -1.25
20160109 05:30 -1.125
20160109 05:40 -1
20160109 05:50 -1.25
20160109 06:00 -1.5
20160109 06:10 -1.875
20160109 06:20 -1.625
20160109 06:30 -1.75
20160109 06:40 -1.875
20160109 06:50 85
20160109 07:00 -2.375
20160109 07:10 -1.875
20160109 07:20 -1.625
20160109 07:30 -1.8125
20160109 07:40 -1.75
20160109 07:50 -1.5
20160109 08:00 -1.4375
20160109 08:10 -1.375
20160109 08:20 -1.25
20160109 08:30 -1.25
20160109 08:40 -1.25
20160109 08:50 -1.125
20160109 09:00 -1
20160109 09:10 -0.875
20160109 09:20 -0.75
20160109 09:30 -0.75
20160109 09:40 -0.5
20160109 09:50 -0.375
20160109 10:00 -0.125
20160109 10:10 0.25
20160109 10:20 0.5
20160109 10:30 0.75
20160109 10:40 0.875
20160109 10:50 1.25
20160109 11:00 1.75
20160109 11:10 1.875
20160109 11:20 2
20160109 11:30 1.875
20160109 11:40 2.25
20160109 11:50 2.375
20160109 12:00 2.625
20160109 12:10 2.625
20160109 12:20 2.75
20160109 12:30 2.875
20160109 12:40 3.125
20160109 12:50 2.75
20160109 13:00 2.875
20160109 13:10 2.625
20160109 13:20 3.5
20160109 13:30 4.375
20160109 13:40 5.25
20160109 13:50 4.625
20160109 14:00 4.625
20160109 14:10 4
20160109 14:20 4.125
20160109 14:30 4.375
20160109 14:40 4.375
20160109 14:50 4.125
20160109 15:00 3.875
20160109 15:10 3.375
20160109 15:20 3
20160109 15:30 2.75
20160109 15:40 2.5
20160109 15:50 2.375
20160109 16:00 2.25
20160109 16:10 2.125
20160109 16:20 2
20160109 16:30 1.875
20160109 16:40 1.625
20160109 16:50 1.625
20160109 17:00 1.75
20160109 17:10 1.75
20160109 17:20 1.625
20160109 17:30 1.625
20160109 17:40 1.625
20160109 17:50 1.625
20160109 18:00 1.375
20160109 18:10 1.375
20160109 18:20 1.875
20160109 18:30 2
20160109 18:40 2.25
20160109 18:50 2.375
20160109 19:00 2.875
20160109 19:10 3
20160109 19:20 3
20160109 19:30 3.125
20160109 19:40 3.125
20160109 19:50 3.125
20160109 20:00 3.125
20160109 20:10 3.25
20160109 20:20 3.125
20160109 20:30 2.875
20160109 20:40 2.625
20160109 20:50 2.875
20160109 21:00 2.75
20160109 21:10 2.75
20160109 21:20 2.5
20160109 21:30 2.375
20160109 21:40 2.375
20160109 21:50 2.5
20160109 22:00 2.5
20160109 22:10 2.625
20160109 22:20 2.625
20160109 22:30 2.625
20160109 22:40 2.5
20160109 22:50 2.375
20160109 23:00 2.25
20160109 23:10 1.875
20160109 23:20 1.875
20160109 23:30 1.75
20160109 23:40 1.5
20160109 23:50 1.5
