YYYYMMDD HH:MM measured temperature
20160304 00:00 1.3125
20160304 00:10 1.1875
20160304 00:20 1.1875
20160304 00:30 1
20160304 00:40 0.8125
20160304 00:50 0.625
20160304 01:00 0.625
20160304 01:10 0.5
20160304 01:20 0.3125
20160304 01:30 0.1875
20160304 01:40 0.3125
20160304 01:50 0.0625
20160304 02:00 0.125
20160304 02:10 -0.0625
20160304 02:20 0
20160304 02:30 -0.375
20160304 02:40 -0.6875
20160304 02:50 -0.625
20160304 03:00 -0.375
20160304 03:10 -0.5625
20160304 03:20 -0.625
20160304 03:30 -0.3125
20160304 03:40 -0.5625
20160304 03:50 -0.6875
20160304 04:00 -0.6875
20160304 04:10 -0.8125
20160304 04:20 -0.5
20160304 04:30 -0.9375
20160304 04:40 -1.25
20160304 04:50 -1.3125
20160304 05:00 -1.375
20160304 05:10 -1.5625
20160304 05:20 -1.5625
20160304 05:30 -1.5625
20160304 05:40 -1.6875
20160304 05:50 -1.75
20160304 06:00 -1.75
20160304 06:10 -1.5625
20160304 06:20 -1.75
20160304 06:30 -1.875
20160304 06:40 -1.8125
20160304 06:50 -1.6875
20160304 07:00 -1.625
20160304 07:10 -1.625
20160304 07:20 -1.5625
20160304 07:30 -1.3125
20160304 07:40 -1
20160304 07:50 -0.5625
20160304 08:00 -0.1875
20160304 08:10 0
20160304 08:20 0.1875
20160304 08:30 0.75
20160304 08:40 1.25
20160304 08:50 1.1875
20160304 09:00 1.4375
20160304 09:10 1.625
20160304 09:20 1.875
20160304 09:30 2.0625
20160304 09:40 2.3125
20160304 09:50 2.625
20160304 10:00 2.9375
20160304 10:10 3.5
20160304 10:20 3.5625
20160304 10:30 3.9375
20160304 10:40 4.0625
20160304 10:50 4.375
20160304 11:00 4.5
20160304 11:10 4.9375
20160304 11:20 5.0625
20160304 11:30 5.5
20160304 11:40 5.5
20160304 11:50 5.75
20160304 12:00 5.875
20160304 12:10 6.0625
20160304 12:20 6
20160304 12:30 6.125
20160304 12:40 6.1875
20160304 12:50 6.125
20160304 13:00 6.25
20160304 13:10 6.75
20160304 13:20 6.25
20160304 13:30 6.625
20160304 13:40 6.375
20160304 13:50 6.5
20160304 14:00 6.25
20160304 14:10 6.1875
20160304 14:20 6.1875
20160304 14:30 6.25
20160304 14:40 6.375
20160304 14:50 6.5
20160304 15:00 6.5625
20160304 15:10 6.5
20160304 15:20 6.4375
20160304 15:30 6.625
20160304 15:40 6.5625
20160304 15:50 6.625
20160304 16:00 6.5
20160304 16:10 6.5
20160304 16:20 6.625
20160304 16:30 6.5
20160304 16:40 6.4375
20160304 16:50 6.3125
20160304 17:00 6.3125
20160304 17:10 6.25
20160304 17:20 6.25
20160304 17:30 6.125
20160304 17:40 6.125
20160304 17:50 6
20160304 18:00 6.125
20160304 18:10 6.0625
20160304 18:20 5.75
20160304 18:30 5.625
20160304 18:40 5.375
20160304 18:50 4.625
20160304 19:00 4.5625
20160304 19:10 4.5
20160304 19:20 4.5
20160304 19:30 4.5
20160304 19:40 4.875
20160304 19:50 4.625
20160304 20:00 4.375
20160304 20:10 4.125
20160304 20:20 3.9375
20160304 20:30 3.875
20160304 20:40 3.75
20160304 20:50 3.625
20160304 21:00 3.5
20160304 21:10 3.4375
20160304 21:20 3.5
20160304 21:30 3.4375
20160304 21:40 3.375
20160304 21:50 3.25
20160304 22:00 3.3125
20160304 22:10 3.3125
20160304 22:20 85
20160304 22:30 3.375
20160304 22:40 3.375
20160304 22:50 3.375
20160304 23:00 3.375
20160304 23:10 3.375
20160304 23:20 3.5
20160304 23:30 3.5
20160304 23:40 3.5
20160304 23:50 3.5
