YYYYMMDD HH:MM measured temperature
20160201 00:00 4.5
20160201 00:10 4.5
20160201 00:20 4.625
20160201 00:30 4.625
20160201 00:40 4.75
20160201 00:50 4.75
20160201 01:00 4.75
20160201 01:10 4.875
20160201 01:20 4.75
20160201 01:30 4.75
20160201 01:40 4.875
20160201 01:50 4.875
20160201 02:00 4.875
20160201 02:10 4.875
20160201 02:20 4.875
20160201 02:30 4.875
20160201 02:40 5
20160201 02:50 5
20160201 03:00 5
20160201 03:10 4.875
20160201 03:20 4.875
20160201 03:30 5
20160201 03:40 5
20160201 03:50 5
20160201 04:00 5
20160201 04:10 5.125
20160201 04:20 5.125
20160201 04:30 5.125
20160201 04:40 5.125
20160201 04:50 5.125
20160201 05:00 5.125
20160201 05:10 5.125
20160201 05:20 5.125
20160201 05:30 5.125
20160201 05:40 5.125
20160201 05:50 5.125
20160201 06:00 5.125
20160201 06:10 5.125
20160201 06:20 5.125
20160201 06:30 5.125
20160201 06:40 5.125
20160201 06:50 5.25
20160201 07:00 5.25
20160201 07:10 5.25
20160201 07:20 5.25
20160201 07:30 5.25
20160201 07:40 5.375
20160201 07:50 5.375
20160201 08:00 5.375
20160201 08:10 5.5
20160201 08:20 5.5
20160201 08:30 5.5
20160201 08:40 5.625
20160201 08:50 5.625
20160201 09:00 5.75
20160201 09:10 5.875
20160201 09:20 5.875
20160201 09:30 6.125
20160201 09:40 6.25
20160201 09:50 6.375
20160201 10:00 6.625
20160201 10:10 6.875
20160201 10:20 7.5
20160201 10:30 8
20160201 10:40 8.5
20160201 10:50 9
20160201 11:00 9.25
20160201 11:10 9.625
20160201 11:20 9.875
20160201 11:30 10.125
20160201 11:40 10.25
20160201 11:50 10.375
20160201 12:00 10.5
20160201 12:10 10.375
20160201 12:20 10.5
20160201 12:30 10.5
20160201 12:40 10.5
20160201 12:50 10.625
20160201 13:00 10.625
20160201 13:10 10.5
20160201 13:20 10.5
20160201 13:30 10.5
20160201 13:40 10.625
20160201 13:50 10.25
20160201 14:00 10.25
20160201 14:10 10.25
20160201 14:20 10.125
20160201 14:30 10.125
20160201 14:40 10.125
20160201 14:50 10.25
20160201 15:00 10.25
20160201 15:10 10.25
20160201 15:20 10.25
20160201 15:30 10.5
20160201 15:40 10.5
20160201 15:50 10.5
20160201 16:00 10.375
20160201 16:10 10.375
20160201 16:20 10.5
20160201 16:30 10.375
20160201 16:40 10.25
20160201 16:50 10.25
20160201 17:00 10.25
20160201 17:10 10
20160201 17:20 10
20160201 17:30 10.125
20160201 17:40 10.5
20160201 17:50 10.625
20160201 18:00 10.5
20160201 18:10 10.75
20160201 18:20 10.75
20160201 18:30 10.75
20160201 18:40 10.625
20160201 18:50 10.625
20160201 19:00 10.75
20160201 19:10 10.625
20160201 19:20 10.75
20160201 19:30 10.75
20160201 19:40 10.875
20160201 19:50 10.875
20160201 20:00 11
20160201 20:10 11.25
20160201 20:20 10.625
20160201 20:30 10.375
20160201 20:40 10.375
20160201 20:50 10.25
20160201 21:00 10.125
20160201 21:10 10.25
20160201 21:20 10.5
20160201 21:30 10.625
20160201 21:40 10.5
20160201 21:50 10.5
20160201 22:00 10.125
20160201 22:10 10.125
20160201 22:20 10.25
20160201 22:30 10.625
20160201 22:40 10.5
20160201 22:50 10.5
20160201 23:00 10.625
20160201 23:10 10.125
20160201 23:20 10.25
20160201 23:30 10.5
20160201 23:40 10.375
20160201 23:50 10.5
