YYYYMMDD HH:MM measured temperature
20160404 00:00 13.625
20160404 00:10 13.75
20160404 00:20 13.75
20160404 00:30 13.75
20160404 00:40 13.625
20160404 00:50 13.875
20160404 01:00 13.75
20160404 01:10 13.625
20160404 01:20 13.375
20160404 01:30 13.5
20160404 01:40 13.25
20160404 01:50 13.25
20160404 02:00 13
20160404 02:10 12.75
20160404 02:20 12.75
20160404 02:30 12.75
20160404 02:40 12.625
20160404 02:50 12.625
20160404 03:00 12.625
20160404 03:10 12.625
20160404 03:20 12.375
20160404 03:30 12.125
20160404 03:40 12.125
20160404 03:50 11.875
20160404 04:00 11.75
20160404 04:10 12
20160404 04:20 12
20160404 04:30 11.75
20160404 04:40 12.125
20160404 04:50 12
20160404 05:00 12
20160404 05:10 12.125
20160404 05:20 12.25
20160404 05:30 12.375
20160404 05:40 12.25
20160404 05:50 12.125
20160404 06:00 12
20160404 06:10 11.875
20160404 06:20 11.875
20160404 06:30 12.25
20160404 06:40 12
20160404 06:50 11.875
20160404 07:00 11.875
20160404 07:10 11.6875
20160404 07:20 11.75
20160404 07:30 11.875
20160404 07:40 11.875
20160404 07:50 12.125
20160404 08:00 12.125
20160404 08:10 12.25
20160404 08:20 12.5
20160404 08:30 12.625
20160404 08:40 13
20160404 08:50 13.5
20160404 09:00 13.875
20160404 09:10 14
20160404 09:20 14.125
20160404 09:30 14.625
20160404 09:40 15.375
20160404 09:50 15.5
20160404 10:00 16.25
20160404 10:10 16.25
20160404 10:20 16.125
20160404 10:30 16
20160404 10:40 16.375
20160404 10:50 16.375
20160404 11:00 16.75
20160404 11:10 17.625
20160404 11:20 19.25
20160404 11:30 18.125
20160404 11:40 18.125
20160404 11:50 18.375
20160404 12:00 18.625
20160404 12:10 19.875
20160404 12:20 20
20160404 12:30 19.25
20160404 12:40 19.75
20160404 12:50 19.125
20160404 13:00 20.5
20160404 13:10 20.25
20160404 13:20 20.375
20160404 13:30 20.25
20160404 13:40 20.5
20160404 13:50 20.875
20160404 14:00 21.75
20160404 14:10 20
20160404 14:20 20.625
20160404 14:30 19.625
20160404 14:40 19.625
20160404 14:50 20.375
20160404 15:00 20.625
20160404 15:10 21.5
20160404 15:20 20.25
20160404 15:30 20
20160404 15:40 19.625
20160404 15:50 19.375
20160404 16:00 19.5
20160404 16:10 19.625
20160404 16:20 19.75
20160404 16:30 19.5
20160404 16:40 19.375
20160404 16:50 19.5
20160404 17:00 19.5
20160404 17:10 20.125
20160404 17:20 19.75
20160404 17:30 19.25
20160404 17:40 19
20160404 17:50 18.75
20160404 18:00 18.25
20160404 18:10 18
20160404 18:20 17.25
20160404 18:30 16.5
20160404 18:40 16.375
20160404 18:50 16
20160404 19:00 14.875
20160404 19:10 14.75
20160404 19:20 14.5
20160404 19:30 14.375
20160404 19:40 14.25
20160404 19:50 14
20160404 20:00 13.875
20160404 20:10 13.625
20160404 20:20 13.5
20160404 20:30 13.25
20160404 20:40 13
20160404 20:50 12.875
20160404 21:00 12.75
20160404 21:10 12.625
20160404 21:20 12.25
20160404 21:30 12
20160404 21:40 11.875
20160404 21:50 11.625
20160404 22:00 11.375
20160404 22:10 11.125
20160404 22:20 11
20160404 22:30 10.875
20160404 22:40 11
20160404 22:50 10.625
20160404 23:00 10.875
20160404 23:10 10.875
20160404 23:20 10.75
20160404 23:30 10.75
20160404 23:40 10.75
20160404 23:50 10.875
