YYYYMMDD HH:MM measured temperature
20160411 00:00 7.625
20160411 00:10 7.625
20160411 00:20 7.375
20160411 00:30 7.25
20160411 00:40 7.125
20160411 00:50 7.25
20160411 01:00 7
20160411 01:10 6.625
20160411 01:20 6.5
20160411 01:30 6.25
20160411 01:40 6.125
20160411 01:50 6.25
20160411 02:00 6
20160411 02:10 5.875
20160411 02:20 5.75
20160411 02:30 5.5
20160411 02:40 5.375
20160411 02:50 5.375
20160411 03:00 5.375
20160411 03:10 5.25
20160411 03:20 5.125
20160411 03:30 5.125
20160411 03:40 5
20160411 03:50 4.875
20160411 04:00 4.75
20160411 04:10 4.625
20160411 04:20 4.625
20160411 04:30 4.25
20160411 04:40 4.375
20160411 04:50 4.25
20160411 05:00 4.25
20160411 05:10 4
20160411 05:20 3.875
20160411 05:30 4
20160411 05:40 3.625
20160411 05:50 3.5
20160411 06:00 3.5
20160411 06:10 3.5
20160411 06:20 3.3125
20160411 06:30 3.3125
20160411 06:40 3.25
20160411 06:50 3.25
20160411 07:00 3.25
20160411 07:10 3.5
20160411 07:20 3.625
20160411 07:30 3.75
20160411 07:40 3.875
20160411 07:50 4.125
20160411 08:00 4.375
20160411 08:10 4.625
20160411 08:20 4.875
20160411 08:30 5.125
20160411 08:40 5.625
20160411 08:50 6
20160411 09:00 6.5
20160411 09:10 6.75
20160411 09:20 7.375
20160411 09:30 7.875
20160411 09:40 8.625
20160411 09:50 8.875
20160411 10:00 10
20160411 10:10 9.625
20160411 10:20 10.375
20160411 10:30 10.375
20160411 10:40 10.125
20160411 10:50 11.375
20160411 11:00 11.75
20160411 11:10 12.25
20160411 11:20 12
20160411 11:30 13
20160411 11:40 13.25
20160411 11:50 13.125
20160411 12:00 13.875
20160411 12:10 14.125
20160411 12:20 14.5
20160411 12:30 14.625
20160411 12:40 14.625
20160411 12:50 14.375
20160411 13:00 15
20160411 13:10 16
20160411 13:20 15.5
20160411 13:30 16
20160411 13:40 14.75
20160411 13:50 15.75
20160411 14:00 16.75
20160411 14:10 15.125
20160411 14:20 15.375
20160411 14:30 14.875
20160411 14:40 16.5
20160411 14:50 16.375
20160411 15:00 16.375
20160411 15:10 16
20160411 15:20 16.25
20160411 15:30 16.125
20160411 15:40 16.125
20160411 15:50 14
20160411 16:00 15.125
20160411 16:10 14.5
20160411 16:20 14.5
20160411 16:30 15.125
20160411 16:40 14.25
20160411 16:50 14.5
20160411 17:00 14.125
20160411 17:10 14.5
20160411 17:20 14.25
20160411 17:30 14.75
20160411 17:40 14
20160411 17:50 13.625
20160411 18:00 13
20160411 18:10 13.25
20160411 18:20 13
20160411 18:30 12.625
20160411 18:40 12.5
20160411 18:50 12.25
20160411 19:00 12.125
20160411 19:10 11.875
20160411 19:20 12
20160411 19:30 11.875
20160411 19:40 11.75
20160411 19:50 11.75
20160411 20:00 11.625
20160411 20:10 11.375
20160411 20:20 11.125
20160411 20:30 11
20160411 20:40 10.875
20160411 20:50 10.75
20160411 21:00 10.625
20160411 21:10 10.625
20160411 21:20 10.5
20160411 21:30 10.5
20160411 21:40 10.5
20160411 21:50 10.5
20160411 22:00 10.375
20160411 22:10 10.375
20160411 22:20 10.25
20160411 22:30 10.125
20160411 22:40 10
20160411 22:50 9.75
20160411 23:00 9.625
20160411 23:10 9.375
20160411 23:20 9.375
20160411 23:30 9.25
20160411 23:40 9.125
20160411 23:50 9.125
