YYYYMMDD HH:MM measured temperature
20160505 00:00 5.625
20160505 00:10 5.375
20160505 00:20 5.25
20160505 00:30 5.25
20160505 00:40 5.25
20160505 00:50 4.75
20160505 01:00 4.75
20160505 01:10 4.75
20160505 01:20 4.5
20160505 01:30 4.375
20160505 01:40 4.125
20160505 01:50 4
20160505 02:00 4
20160505 02:10 4
20160505 02:20 4
20160505 02:30 3.6875
20160505 02:40 3.875
20160505 02:50 3.875
20160505 03:00 3.875
20160505 03:10 3.75
20160505 03:20 3.75
20160505 03:30 3.375
20160505 03:40 3.25
20160505 03:50 3
20160505 04:00 3.125
20160505 04:10 2.625
20160505 04:20 2.625
20160505 04:30 2.5
20160505 04:40 2.3125
20160505 04:50 2.4375
20160505 05:00 2.4375
20160505 05:10 2.5625
20160505 05:20 2.125
20160505 05:30 2.375
20160505 05:40 2.25
20160505 05:50 2.125
20160505 06:00 2.3125
20160505 06:10 2.375
20160505 06:20 2.5625
20160505 06:30 2.75
20160505 06:40 3
20160505 06:50 3.25
20160505 07:00 3.875
20160505 07:10 4.25
20160505 07:20 4.5625
20160505 07:30 5.25
20160505 07:40 5.5625
20160505 07:50 6.0625
20160505 08:00 6.625
20160505 08:10 7.375
20160505 08:20 8.6875
20160505 08:30 10
20160505 08:40 10.875
20160505 08:50 11.5625
20160505 09:00 12.25
20160505 09:10 13
20160505 09:20 13.25
20160505 09:30 14.25
20160505 09:40 13.75
20160505 09:50 13.75
20160505 10:00 14.75
20160505 10:10 15.5
20160505 10:20 15.875
20160505 10:30 16.125
20160505 10:40 15.875
20160505 10:50 15.375
20160505 11:00 15.375
20160505 11:10 16.625
20160505 11:20 16.75
20160505 11:30 17.5
20160505 11:40 17.5
20160505 11:50 16.25
20160505 12:00 17
20160505 12:10 16.125
20160505 12:20 17
20160505 12:30 16.375
20160505 12:40 18
20160505 12:50 17.25
20160505 13:00 16.5
20160505 13:10 17.625
20160505 13:20 18.625
20160505 13:30 17.375
20160505 13:40 19.125
20160505 13:50 19
20160505 14:00 16.875
20160505 14:10 19.25
20160505 14:20 19.5
20160505 14:30 19.625
20160505 14:40 19
20160505 14:50 20
20160505 15:00 19.5
20160505 15:10 19.875
20160505 15:20 19.75
20160505 15:30 20
20160505 15:40 19.875
20160505 15:50 19.25
20160505 16:00 19.5
20160505 16:10 19.75
20160505 16:20 18.75
20160505 16:30 19.625
20160505 16:40 19.875
20160505 16:50 19.75
20160505 17:00 19.75
20160505 17:10 19.625
20160505 17:20 19.375
20160505 17:30 18.75
20160505 17:40 18.625
20160505 17:50 18.5
20160505 18:00 18.625
20160505 18:10 18.5
20160505 18:20 18
20160505 18:30 18
20160505 18:40 17.875
20160505 18:50 17.5
20160505 19:00 17.875
20160505 19:10 17.375
20160505 19:20 17
20160505 19:30 16.875
20160505 19:40 16.625
20160505 19:50 16.375
20160505 20:00 15.875
20160505 20:10 15.375
20160505 20:20 15
20160505 20:30 14.625
20160505 20:40 14.375
20160505 20:50 14.125
20160505 21:00 13.625
20160505 21:10 13.375
20160505 21:20 13.25
20160505 21:30 13.125
20160505 21:40 12.875
20160505 21:50 12.75
20160505 22:00 12.5
20160505 22:10 12.5
20160505 22:20 12.25
20160505 22:30 12
20160505 22:40 11.625
20160505 22:50 11.25
20160505 23:00 11.125
20160505 23:10 11
20160505 23:20 10.625
20160505 23:30 10.5
20160505 23:40 10.375
20160505 23:50 10.125
