YYYYMMDD HH:MM measured temperature
20160212 00:00 1.3125
20160212 00:10 1.3125
20160212 00:20 1.0625
20160212 00:30 1.1875
20160212 00:40 1
20160212 00:50 85
20160212 01:00 0.5625
20160212 01:10 0.625
20160212 01:20 0.5
20160212 01:30 0.375
20160212 01:40 85
20160212 01:50 85
20160212 02:00 0.0625
20160212 02:10 -0.0625
20160212 02:20 -0.3125
20160212 02:30 -0.125
20160212 02:40 -0.125
20160212 02:50 -0.125
20160212 03:00 0
20160212 03:10 -0.25
20160212 03:20 -0.25
20160212 03:30 -0.1875
20160212 03:40 -0.125
20160212 03:50 -0.1875
20160212 04:00 -0.25
20160212 04:10 -0.1875
20160212 04:20 -0.1875
20160212 04:30 -0.1875
20160212 04:40 85
20160212 04:50 -0.4375
20160212 05:00 -0.625
20160212 05:10 -0.75
20160212 05:20 -0.75
20160212 05:30 -0.8125
20160212 05:40 -0.875
20160212 05:50 -1
20160212 06:00 -0.875
20160212 06:10 -0.8125
20160212 06:20 -0.75
20160212 06:30 85
20160212 06:40 -0.75
20160212 06:50 -0.6875
20160212 07:00 -0.4375
20160212 07:10 -0.375
20160212 07:20 -0.1875
20160212 07:30 -0.1875
20160212 07:40 0
20160212 07:50 0
20160212 08:00 0
20160212 08:10 0
20160212 08:20 0.125
20160212 08:30 0.0625
20160212 08:40 0.25
20160212 08:50 0.3125
20160212 09:00 0.3125
20160212 09:10 0.375
20160212 09:20 0.25
20160212 09:30 0.375
20160212 09:40 0.4375
20160212 09:50 0.625
20160212 10:00 0.75
20160212 10:10 1
20160212 10:20 1
20160212 10:30 1.375
20160212 10:40 1.25
20160212 10:50 1.1875
20160212 11:00 1.3125
20160212 11:10 1.5
20160212 11:20 1.75
20160212 11:30 1.8125
20160212 11:40 1.8125
20160212 11:50 1.6875
20160212 12:00 1.875
20160212 12:10 2
20160212 12:20 1.875
20160212 12:30 2.25
20160212 12:40 2.375
20160212 12:50 2.5
20160212 13:00 2.625
20160212 13:10 3
20160212 13:20 3.375
20160212 13:30 3
20160212 13:40 3.125
20160212 13:50 3.25
20160212 14:00 3.75
20160212 14:10 4.25
20160212 14:20 4.5
20160212 14:30 4.25
20160212 14:40 4.5625
20160212 14:50 5.625
20160212 15:00 4.875
20160212 15:10 4.875
20160212 15:20 5.25
20160212 15:30 4.625
20160212 15:40 4.5
20160212 15:50 4.625
20160212 16:00 4.125
20160212 16:10 3.5625
20160212 16:20 3.375
20160212 16:30 3.375
20160212 16:40 3.125
20160212 16:50 2.8125
20160212 17:00 2.625
20160212 17:10 2.1875
20160212 17:20 2
20160212 17:30 1.6875
20160212 17:40 1.5
20160212 17:50 1.25
20160212 18:00 1.125
20160212 18:10 0.875
20160212 18:20 0.6875
20160212 18:30 85
20160212 18:40 0.375
20160212 18:50 0.375
20160212 19:00 0.25
20160212 19:10 0.1875
20160212 19:20 0.125
20160212 19:30 0
20160212 19:40 0
20160212 19:50 -0.375
20160212 20:00 -0.125
20160212 20:10 -0.3125
20160212 20:20 85
20160212 20:30 -0.5
20160212 20:40 -0.5
20160212 20:50 -0.4375
20160212 21:00 -0.6875
20160212 21:10 -0.75
20160212 21:20 -1
20160212 21:30 -1.125
20160212 21:40 -1.0625
20160212 21:50 -0.875
20160212 22:00 -0.625
20160212 22:10 -0.9375
20160212 22:20 -0.875
20160212 22:30 -1
20160212 22:40 -1.0625
20160212 22:50 -1.125
20160212 23:00 85
20160212 23:10 -1.0625
20160212 23:20 -1.0625
20160212 23:30 -1.0625
20160212 23:40 -0.9375
20160212 23:50 85
