YYYYMMDD HH:MM measured temperature
20160306 00:00 3.25
20160306 00:10 3.25
20160306 00:20 3.1875
20160306 00:30 3.125
20160306 00:40 3.125
20160306 00:50 3.125
20160306 01:00 3.1875
20160306 01:10 3.1875
20160306 01:20 3.1875
20160306 01:30 3.125
20160306 01:40 3.1875
20160306 01:50 3.125
20160306 02:00 3.0625
20160306 02:10 3
20160306 02:20 3
20160306 02:30 2.9375
20160306 02:40 2.9375
20160306 02:50 2.9375
20160306 03:00 2.9375
20160306 03:10 2.9375
20160306 03:20 2.875
20160306 03:30 2.8125
20160306 03:40 2.8125
20160306 03:50 2.8125
20160306 04:00 2.75
20160306 04:10 2.6875
20160306 04:20 2.6875
20160306 04:30 2.6875
20160306 04:40 2.625
20160306 04:50 2.5625
20160306 05:00 2.6875
20160306 05:10 2.625
20160306 05:20 2.6875
20160306 05:30 2.6875
20160306 05:40 2.625
20160306 05:50 2.5
20160306 06:00 2.4375
20160306 06:10 2.4375
20160306 06:20 2.5
20160306 06:30 2.4375
20160306 06:40 2.4375
20160306 06:50 2.375
20160306 07:00 2.375
20160306 07:10 2.375
20160306 07:20 2.375
20160306 07:30 2.375
20160306 07:40 2.375
20160306 07:50 2.375
20160306 08:00 2.3125
20160306 08:10 2.1875
20160306 08:20 2.25
20160306 08:30 2.4375
20160306 08:40 2.5625
20160306 08:50 2.625
20160306 09:00 2.75
20160306 09:10 2.9375
20160306 09:20 3
20160306 09:30 3.25
20160306 09:40 3.625
20160306 09:50 3.4375
20160306 10:00 3.8125
20160306 10:10 4.125
20160306 10:20 4.625
20160306 10:30 4.625
20160306 10:40 85
20160306 10:50 4.75
20160306 11:00 5.0625
20160306 11:10 85
20160306 11:20 5.375
20160306 11:30 5.75
20160306 11:40 5.5625
20160306 11:50 5.6875
20160306 12:00 6.25
20160306 12:10 5.8125
20160306 12:20 5.6875
20160306 12:30 5.625
20160306 12:40 6
20160306 12:50 5.875
20160306 13:00 6.25
20160306 13:10 6.25
20160306 13:20 6.125
20160306 13:30 7.1875
20160306 13:40 7.375
20160306 13:50 6.625
20160306 14:00 6.25
20160306 14:10 8.125
20160306 14:20 7.875
20160306 14:30 7.8125
20160306 14:40 7.5
20160306 14:50 6.75
20160306 15:00 6.0625
20160306 15:10 5.1875
20160306 15:20 5
20160306 15:30 5.125
20160306 15:40 5.625
20160306 15:50 5.5625
20160306 16:00 5.5
20160306 16:10 5.5
20160306 16:20 5.375
20160306 16:30 5.25
20160306 16:40 5.25
20160306 16:50 5.125
20160306 17:00 5.125
20160306 17:10 5.125
20160306 17:20 5.125
20160306 17:30 4.9375
20160306 17:40 4.75
20160306 17:50 4.75
20160306 18:00 4.75
20160306 18:10 4.5
20160306 18:20 4.25
20160306 18:30 4
20160306 18:40 4
20160306 18:50 3.875
20160306 19:00 3.75
20160306 19:10 3.75
20160306 19:20 3.75
20160306 19:30 3.75
20160306 19:40 3.75
20160306 19:50 3.8125
20160306 20:00 3.75
20160306 20:10 3.375
20160306 20:20 3.3125
20160306 20:30 3.25
20160306 20:40 2.9375
20160306 20:50 3
20160306 21:00 2.875
20160306 21:10 2.75
20160306 21:20 2.75
20160306 21:30 2.625
20160306 21:40 2.625
20160306 21:50 2.5625
20160306 22:00 2.5
20160306 22:10 2.5
20160306 22:20 2.5
20160306 22:30 2.25
20160306 22:40 2
20160306 22:50 2
20160306 23:00 1.75
20160306 23:10 1.8125
20160306 23:20 1.75
20160306 23:30 1.625
20160306 23:40 1.625
20160306 23:50 1.5
