YYYYMMDD HH:MM measured temperature
20160612 00:00 14.75
20160612 00:10 14.25
20160612 00:20 14
20160612 00:30 13.75
20160612 00:40 13.5
20160612 00:50 13.625
20160612 01:00 13.5
20160612 01:10 13.3125
20160612 01:20 13.375
20160612 01:30 13.1875
20160612 01:40 13.0625
20160612 01:50 13
20160612 02:00 13.25
20160612 02:10 12.9375
20160612 02:20 13
20160612 02:30 12.9375
20160612 02:40 12.875
20160612 02:50 12.75
20160612 03:00 12.8125
20160612 03:10 12.625
20160612 03:20 12.6875
20160612 03:30 12.625
20160612 03:40 12.75
20160612 03:50 12.6875
20160612 04:00 12.625
20160612 04:10 12.5
20160612 04:20 12.5625
20160612 04:30 12.4375
20160612 04:40 12.5
20160612 04:50 12.5
20160612 05:00 12.375
20160612 05:10 12.375
20160612 05:20 12.25
20160612 05:30 12.25
20160612 05:40 12.25
20160612 05:50 12.1875
20160612 06:00 12
20160612 06:10 85
20160612 06:20 11.9375
20160612 06:30 12
20160612 06:40 85
20160612 06:50 12
20160612 07:00 11.875
20160612 07:10 11.75
20160612 07:20 11.8125
20160612 07:30 85
20160612 07:40 12.125
20160612 07:50 12.25
20160612 08:00 12.4375
20160612 08:10 12.5625
20160612 08:20 12.875
20160612 08:30 12.9375
20160612 08:40 13.1875
20160612 08:50 12.875
20160612 09:00 13
20160612 09:10 12.9375
20160612 09:20 13.25
20160612 09:30 13.5
20160612 09:40 13.875
20160612 09:50 14.125
20160612 10:00 14.0625
20160612 10:10 14.25
20160612 10:20 14.5625
20160612 10:30 14.75
20160612 10:40 14.875
20160612 10:50 15.375
20160612 11:00 16.125
20160612 11:10 16.375
20160612 11:20 16.75
20160612 11:30 16.625
20160612 11:40 16.4375
20160612 11:50 16.5625
20160612 12:00 16.8125
20160612 12:10 16.875
20160612 12:20 16
20160612 12:30 16.5
20160612 12:40 16.75
20160612 12:50 16.875
20160612 13:00 16.5625
20160612 13:10 16.875
20160612 13:20 17.4375
20160612 13:30 17.5
20160612 13:40 17.1875
20160612 13:50 18
20160612 14:00 17.0625
20160612 14:10 17.375
20160612 14:20 18.25
20160612 14:30 18.1875
20160612 14:40 18.5625
20160612 14:50 18.6875
20160612 15:00 17.875
20160612 15:10 18.375
20160612 15:20 18.1875
20160612 15:30 17.75
20160612 15:40 18
20160612 15:50 18
20160612 16:00 17.875
20160612 16:10 18
20160612 16:20 18.0625
20160612 16:30 17.9375
20160612 16:40 17.3125
20160612 16:50 17.875
20160612 17:00 18.125
20160612 17:10 17.3125
20160612 17:20 17.0625
20160612 17:30 17.5
20160612 17:40 17.125
20160612 17:50 17.4375
20160612 18:00 16.875
20160612 18:10 16.875
20160612 18:20 17.1875
20160612 18:30 16.625
20160612 18:40 17.0625
20160612 18:50 16.875
20160612 19:00 16.8125
20160612 19:10 16.6875
20160612 19:20 16.25
20160612 19:30 16.25
20160612 19:40 16.25
20160612 19:50 15.625
20160612 20:00 15.625
20160612 20:10 15.5
20160612 20:20 15.375
20160612 20:30 15.1875
20160612 20:40 15.25
20160612 20:50 15
20160612 21:00 14.8125
20160612 21:10 14.625
20160612 21:20 14.5625
20160612 21:30 14.4375
20160612 21:40 14.25
20160612 21:50 14.3125
20160612 22:00 85
20160612 22:10 85
20160612 22:20 14
20160612 22:30 13.8125
20160612 22:40 13.6875
20160612 22:50 13.6875
20160612 23:00 13.75
20160612 23:10 13.625
20160612 23:20 13.625
20160612 23:30 13.5625
20160612 23:40 13.5
20160612 23:50 13.4375
