YYYYMMDD HH:MM measured temperature
20160707 00:00 10.75
20160707 00:10 10.5
20160707 00:20 10.5
20160707 00:30 10.375
20160707 00:40 10.375
20160707 00:50 10.25
20160707 01:00 10
20160707 01:10 9.875
20160707 01:20 85
20160707 01:30 9.875
20160707 01:40 9.875
20160707 01:50 9.5625
20160707 02:00 85
20160707 02:10 9.625
20160707 02:20 9.6875
20160707 02:30 9.5625
20160707 02:40 9.375
20160707 02:50 9.25
20160707 03:00 9.25
20160707 03:10 9.125
20160707 03:20 85
20160707 03:30 8.875
20160707 03:40 8.875
20160707 03:50 8.6875
20160707 04:00 8.8125
20160707 04:10 8.625
20160707 04:20 85
20160707 04:30 8.75
20160707 04:40 8.75
20160707 04:50 8.8125
20160707 05:00 85
20160707 05:10 85
20160707 05:20 9.25
20160707 05:30 9.1875
20160707 05:40 9.1875
20160707 05:50 9.1875
20160707 06:00 9
20160707 06:10 9.125
20160707 06:20 9.5
20160707 06:30 9.75
20160707 06:40 10.3125
20160707 06:50 85
20160707 07:00 11.0625
20160707 07:10 11.3125
20160707 07:20 11.75
20160707 07:30 12
20160707 07:40 12.375
20160707 07:50 12.75
20160707 08:00 13
20160707 08:10 13.375
20160707 08:20 13.875
20160707 08:30 14.25
20160707 08:40 14.625
20160707 08:50 14.75
20160707 09:00 15.125
20160707 09:10 15.5
20160707 09:20 15.25
20160707 09:30 16.25
20160707 09:40 16.875
20160707 09:50 17.125
20160707 10:00 16.875
20160707 10:10 17.125
20160707 10:20 17.5
20160707 10:30 17.75
20160707 10:40 16.875
20160707 10:50 18.375
20160707 11:00 16.875
20160707 11:10 17.375
20160707 11:20 17.625
20160707 11:30 18.25
20160707 11:40 18.625
20160707 11:50 18.875
20160707 12:00 18.125
20160707 12:10 19.375
20160707 12:20 18.75
20160707 12:30 19.625
20160707 12:40 20.625
20160707 12:50 20.125
20160707 13:00 20.125
20160707 13:10 19.625
20160707 13:20 20.625
20160707 13:30 20
20160707 13:40 21.25
20160707 13:50 20.125
20160707 14:00 20.875
20160707 14:10 20.5
20160707 14:20 20.375
20160707 14:30 21.25
20160707 14:40 19.75
20160707 14:50 21.75
20160707 15:00 20.375
20160707 15:10 21.875
20160707 15:20 21.875
20160707 15:30 22.5
20160707 15:40 22.625
20160707 15:50 22
20160707 16:00 21.5
20160707 16:10 22.125
20160707 16:20 21.75
20160707 16:30 21.625
20160707 16:40 22
20160707 16:50 21.25
20160707 17:00 21.125
20160707 17:10 21.375
20160707 17:20 21.625
20160707 17:30 21.75
20160707 17:40 21.5
20160707 17:50 21.375
20160707 18:00 21.25
20160707 18:10 21.125
20160707 18:20 20.75
20160707 18:30 21.625
20160707 18:40 21
20160707 18:50 20.625
20160707 19:00 20.375
20160707 19:10 20.375
20160707 19:20 20.125
20160707 19:30 20.5
20160707 19:40 20.375
20160707 19:50 20.125
20160707 20:00 20.375
20160707 20:10 20.125
20160707 20:20 20
20160707 20:30 19.375
20160707 20:40 19.125
20160707 20:50 19
20160707 21:00 19
20160707 21:10 18.625
20160707 21:20 18.375
20160707 21:30 18.375
20160707 21:40 18.25
20160707 21:50 17.875
20160707 22:00 17.5
20160707 22:10 17.25
20160707 22:20 17
20160707 22:30 16.875
20160707 22:40 16.8125
20160707 22:50 16.75
20160707 23:00 16.75
20160707 23:10 16.625
20160707 23:20 16.625
20160707 23:30 16.4375
20160707 23:40 16.375
20160707 23:50 16.375
