YYYYMMDD HH:MM measured temperature
20160605 00:00 17.25
20160605 00:10 17.125
20160605 00:20 16.9375
20160605 00:30 16.8125
20160605 00:40 16.5
20160605 00:50 16.4375
20160605 01:00 16.0625
20160605 01:10 85
20160605 01:20 15.8125
20160605 01:30 15.75
20160605 01:40 15.75
20160605 01:50 15.75
20160605 02:00 15.75
20160605 02:10 15.25
20160605 02:20 15.25
20160605 02:30 15.3125
20160605 02:40 14.6875
20160605 02:50 14.75
20160605 03:00 14.625
20160605 03:10 14.75
20160605 03:20 14.375
20160605 03:30 85
20160605 03:40 14.3125
20160605 03:50 14.25
20160605 04:00 14
20160605 04:10 14
20160605 04:20 14.375
20160605 04:30 13.75
20160605 04:40 13.75
20160605 04:50 85
20160605 05:00 13.8125
20160605 05:10 13.625
20160605 05:20 13.875
20160605 05:30 13.625
20160605 05:40 13.375
20160605 05:50 13.6875
20160605 06:00 13.875
20160605 06:10 14
20160605 06:20 15.125
20160605 06:30 14.875
20160605 06:40 15.125
20160605 06:50 15.5625
20160605 07:00 16.25
20160605 07:10 16.5625
20160605 07:20 17.0625
20160605 07:30 17.25
20160605 07:40 17.8125
20160605 07:50 18.3125
20160605 08:00 19.125
20160605 08:10 19.75
20160605 08:20 20.375
20160605 08:30 20.875
20160605 08:40 21.6875
20160605 08:50 22.5
20160605 09:00 22.75
20160605 09:10 23
20160605 09:20 23.4375
20160605 09:30 23.75
20160605 09:40 23.875
20160605 09:50 24.75
20160605 10:00 25.125
20160605 10:10 25
20160605 10:20 25.875
20160605 10:30 25.75
20160605 10:40 25.375
20160605 10:50 25.5
20160605 11:00 26.375
20160605 11:10 25.5
20160605 11:20 26.875
20160605 11:30 26.5
20160605 11:40 26.875
20160605 11:50 26.75
20160605 12:00 26.625
20160605 12:10 26.875
20160605 12:20 27.375
20160605 12:30 27.625
20160605 12:40 27.5
20160605 12:50 28.25
20160605 13:00 27.75
20160605 13:10 28.5
20160605 13:20 28.375
20160605 13:30 28.5
20160605 13:40 29.5
20160605 13:50 29.25
20160605 14:00 28.75
20160605 14:10 28.375
20160605 14:20 26.625
20160605 14:30 28.375
20160605 14:40 28
20160605 14:50 28.375
20160605 15:00 27.125
20160605 15:10 27.625
20160605 15:20 26.375
20160605 15:30 25.875
20160605 15:40 28
20160605 15:50 26.125
20160605 16:00 26.625
20160605 16:10 27.75
20160605 16:20 27.875
20160605 16:30 28.125
20160605 16:40 26.625
20160605 16:50 27.25
20160605 17:00 27.25
20160605 17:10 27.125
20160605 17:20 26.875
20160605 17:30 26.625
20160605 17:40 26.25
20160605 17:50 26.25
20160605 18:00 26
20160605 18:10 25.875
20160605 18:20 25.75
20160605 18:30 25.625
20160605 18:40 25.5
20160605 18:50 25.25
20160605 19:00 25.125
20160605 19:10 24.875
20160605 19:20 24.125
20160605 19:30 23.875
20160605 19:40 23.25
20160605 19:50 22.75
20160605 20:00 22.75
20160605 20:10 22.5
20160605 20:20 22.25
20160605 20:30 21.75
20160605 20:40 21.375
20160605 20:50 21.25
20160605 21:00 21
20160605 21:10 20.875
20160605 21:20 20.5
20160605 21:30 20.5
20160605 21:40 20.25
20160605 21:50 19.875
20160605 22:00 19.5
20160605 22:10 19.375
20160605 22:20 19.125
20160605 22:30 18.875
20160605 22:40 18.5
20160605 22:50 18.125
20160605 23:00 18.1875
20160605 23:10 17.6875
20160605 23:20 17.3125
20160605 23:30 17
20160605 23:40 16.5
20160605 23:50 16.4375
