YYYYMMDD HH:MM measured temperature
20160422 00:00 4.875
20160422 00:10 4.875
20160422 00:20 4.75
20160422 00:30 4.375
20160422 00:40 4.125
20160422 00:50 4
20160422 01:00 3.875
20160422 01:10 4.25
20160422 01:20 4.25
20160422 01:30 4.625
20160422 01:40 4.75
20160422 01:50 4.75
20160422 02:00 4.75
20160422 02:10 4.875
20160422 02:20 4.9375
20160422 02:30 4.9375
20160422 02:40 5
20160422 02:50 4.875
20160422 03:00 4.875
20160422 03:10 4.8125
20160422 03:20 4.875
20160422 03:30 4.875
20160422 03:40 4.625
20160422 03:50 4.625
20160422 04:00 4.75
20160422 04:10 4.5625
20160422 04:20 4.5
20160422 04:30 4.25
20160422 04:40 4.25
20160422 04:50 4.125
20160422 05:00 4.125
20160422 05:10 3.75
20160422 05:20 4
20160422 05:30 4
20160422 05:40 4
20160422 05:50 3.875
20160422 06:00 3.75
20160422 06:10 3.75
20160422 06:20 3.75
20160422 06:30 3.625
20160422 06:40 3.75
20160422 06:50 3.875
20160422 07:00 4
20160422 07:10 4.125
20160422 07:20 4.375
20160422 07:30 4.625
20160422 07:40 5.125
20160422 07:50 5.375
20160422 08:00 5.5
20160422 08:10 5.5
20160422 08:20 6.125
20160422 08:30 6.375
20160422 08:40 7
20160422 08:50 6.875
20160422 09:00 7.625
20160422 09:10 7.375
20160422 09:20 8
20160422 09:30 8
20160422 09:40 8
20160422 09:50 8.5
20160422 10:00 8.5
20160422 10:10 8.5
20160422 10:20 9.4375
20160422 10:30 9.125
20160422 10:40 10
20160422 10:50 9.5
20160422 11:00 9.25
20160422 11:10 10.75
20160422 11:20 9.625
20160422 11:30 11.125
20160422 11:40 11.5
20160422 11:50 10.625
20160422 12:00 10.375
20160422 12:10 12.375
20160422 12:20 10
20160422 12:30 11.25
20160422 12:40 12.125
20160422 12:50 12.5
20160422 13:00 11.625
20160422 13:10 10.75
20160422 13:20 10.75
20160422 13:30 12.875
20160422 13:40 12.375
20160422 13:50 12.625
20160422 14:00 10.875
20160422 14:10 11.625
20160422 14:20 11.125
20160422 14:30 12.125
20160422 14:40 12
20160422 14:50 12.375
20160422 15:00 12.25
20160422 15:10 12.25
20160422 15:20 13
20160422 15:30 11.25
20160422 15:40 12.125
20160422 15:50 12.375
20160422 16:00 11.625
20160422 16:10 11.625
20160422 16:20 10.375
20160422 16:30 10.5
20160422 16:40 12
20160422 16:50 10.75
20160422 17:00 10
20160422 17:10 9.875
20160422 17:20 9.75
20160422 17:30 10.625
20160422 17:40 10.5
20160422 17:50 10.25
20160422 18:00 9.875
20160422 18:10 9.625
20160422 18:20 9.75
20160422 18:30 9
20160422 18:40 8.875
20160422 18:50 8.5
20160422 19:00 8.375
20160422 19:10 8.25
20160422 19:20 8.25
20160422 19:30 7.75
20160422 19:40 7.75
20160422 19:50 7.625
20160422 20:00 7.375
20160422 20:10 7.125
20160422 20:20 7.125
20160422 20:30 6.75
20160422 20:40 6.625
20160422 20:50 6.5
20160422 21:00 6.5
20160422 21:10 6.125
20160422 21:20 6
20160422 21:30 5.75
20160422 21:40 5.625
20160422 21:50 5.5
20160422 22:00 5.25
20160422 22:10 5.25
20160422 22:20 5.25
20160422 22:30 5
20160422 22:40 4.75
20160422 22:50 4.5
20160422 23:00 4.625
20160422 23:10 4.25
20160422 23:20 4.125
20160422 23:30 4.125
20160422 23:40 4
20160422 23:50 4
