YYYYMMDD HH:MM measured temperature
20160424 00:00 2.125
20160424 00:10 1.75
20160424 00:20 1.875
20160424 00:30 2.125
20160424 00:40 2.375
20160424 00:50 2.375
20160424 01:00 2.25
20160424 01:10 2.5
20160424 01:20 2.375
20160424 01:30 2.625
20160424 01:40 2.5
20160424 01:50 2.5
20160424 02:00 2.625
20160424 02:10 2.625
20160424 02:20 2.625
20160424 02:30 2.375
20160424 02:40 2.375
20160424 02:50 2.25
20160424 03:00 2
20160424 03:10 1.6875
20160424 03:20 1.75
20160424 03:30 1.5
20160424 03:40 1.25
20160424 03:50 1.375
20160424 04:00 1.25
20160424 04:10 1.125
20160424 04:20 1.25
20160424 04:30 1.625
20160424 04:40 1.5
20160424 04:50 1.5
20160424 05:00 1.5
20160424 05:10 1.5
20160424 05:20 1.5
20160424 05:30 1.5
20160424 05:40 1.5
20160424 05:50 1.25
20160424 06:00 0.75
20160424 06:10 0.9375
20160424 06:20 0.9375
20160424 06:30 1
20160424 06:40 0.625
20160424 06:50 0.75
20160424 07:00 0.625
20160424 07:10 0.75
20160424 07:20 0.875
20160424 07:30 1.25
20160424 07:40 1.375
20160424 07:50 1.625
20160424 08:00 1.875
20160424 08:10 2.25
20160424 08:20 3.125
20160424 08:30 2.625
20160424 08:40 3.125
20160424 08:50 3.75
20160424 09:00 3.375
20160424 09:10 4
20160424 09:20 4.25
20160424 09:30 4.5
20160424 09:40 5.875
20160424 09:50 5.625
20160424 10:00 6.25
20160424 10:10 5.375
20160424 10:20 4.75
20160424 10:30 2.625
20160424 10:40 2.4375
20160424 10:50 3.5
20160424 11:00 3.25
20160424 11:10 5.5
20160424 11:20 5.375
20160424 11:30 6.125
20160424 11:40 6
20160424 11:50 2.75
20160424 12:00 1.875
20160424 12:10 2.5
20160424 12:20 2.75
20160424 12:30 4.5
20160424 12:40 6.375
20160424 12:50 6.625
20160424 13:00 5.625
20160424 13:10 3.375
20160424 13:20 3.5
20160424 13:30 5.75
20160424 13:40 5.75
20160424 13:50 5.75
20160424 14:00 7.3125
20160424 14:10 5.6875
20160424 14:20 6.5625
20160424 14:30 8.375
20160424 14:40 8.75
20160424 14:50 6.75
20160424 15:00 6.875
20160424 15:10 5.875
20160424 15:20 4.75
20160424 15:30 5.375
20160424 15:40 5.125
20160424 15:50 5.125
20160424 16:00 7.125
20160424 16:10 6.25
20160424 16:20 5.875
20160424 16:30 6.375
20160424 16:40 6.875
20160424 16:50 6.375
20160424 17:00 7.25
20160424 17:10 6.125
20160424 17:20 5.6875
20160424 17:30 5.75
20160424 17:40 6.375
20160424 17:50 6.875
20160424 18:00 6.25
20160424 18:10 6.25
20160424 18:20 6.125
20160424 18:30 6.375
20160424 18:40 6.125
20160424 18:50 5.5
20160424 19:00 5.5
20160424 19:10 5.375
20160424 19:20 5.25
20160424 19:30 5.125
20160424 19:40 5
20160424 19:50 4.875
20160424 20:00 4.75
20160424 20:10 4.375
20160424 20:20 4
20160424 20:30 3.75
20160424 20:40 3.5
20160424 20:50 3.25
20160424 21:00 3.125
20160424 21:10 2.875
20160424 21:20 2.625
20160424 21:30 2.5
20160424 21:40 2.5
20160424 21:50 2.375
20160424 22:00 2.25
20160424 22:10 2.125
20160424 22:20 2.125
20160424 22:30 2
20160424 22:40 1.625
20160424 22:50 1.625
20160424 23:00 1.625
20160424 23:10 1.25
20160424 23:20 1.25
20160424 23:30 1.125
20160424 23:40 0.75
20160424 23:50 0.75
