YYYYMMDD HH:MM measured temperature
20160310 00:00 0.875
20160310 00:10 0.75
20160310 00:20 0.75
20160310 00:30 0.75
20160310 00:40 0.875
20160310 00:50 0.875
20160310 01:00 0.75
20160310 01:10 0.625
20160310 01:20 0.5
20160310 01:30 0.5
20160310 01:40 0.5
20160310 01:50 0.5
20160310 02:00 0.5
20160310 02:10 0.5
20160310 02:20 0.5
20160310 02:30 0.25
20160310 02:40 0.25
20160310 02:50 0.125
20160310 03:00 0.125
20160310 03:10 -0.125
20160310 03:20 0.125
20160310 03:30 -0.125
20160310 03:40 -0.375
20160310 03:50 -0.375
20160310 04:00 -0.375
20160310 04:10 -0.375
20160310 04:20 -0.5
20160310 04:30 -0.5
20160310 04:40 -0.5
20160310 04:50 -0.5
20160310 05:00 -0.5
20160310 05:10 -0.75
20160310 05:20 -0.625
20160310 05:30 -0.625
20160310 05:40 -0.75
20160310 05:50 -0.75
20160310 06:00 -0.875
20160310 06:10 -0.875
20160310 06:20 -1
20160310 06:30 -0.9375
20160310 06:40 -0.375
20160310 06:50 -0.125
20160310 07:00 0
20160310 07:10 0.1875
20160310 07:20 0.4375
20160310 07:30 0.75
20160310 07:40 0.75
20160310 07:50 0.625
20160310 08:00 0.75
20160310 08:10 1.125
20160310 08:20 1.25
20160310 08:30 1
20160310 08:40 1.3125
20160310 08:50 1.5
20160310 09:00 1.8125
20160310 09:10 1.8125
20160310 09:20 1.6875
20160310 09:30 1.875
20160310 09:40 1.875
20160310 09:50 1.9375
20160310 10:00 2.125
20160310 10:10 2.25
20160310 10:20 2.25
20160310 10:30 2.625
20160310 10:40 3
20160310 10:50 3.3125
20160310 11:00 3.625
20160310 11:10 3.625
20160310 11:20 3.6875
20160310 11:30 3.75
20160310 11:40 4
20160310 11:50 4.25
20160310 12:00 4.375
20160310 12:10 5
20160310 12:20 4.9375
20160310 12:30 5.6875
20160310 12:40 5.3125
20160310 12:50 5.875
20160310 13:00 6.5
20160310 13:10 6.3125
20160310 13:20 6.25
20160310 13:30 6.25
20160310 13:40 6.125
20160310 13:50 6.25
20160310 14:00 6.625
20160310 14:10 6.75
20160310 14:20 7.375
20160310 14:30 7
20160310 14:40 7.1875
20160310 14:50 7.125
20160310 15:00 6.625
20160310 15:10 6.5625
20160310 15:20 6.5
20160310 15:30 6.25
20160310 15:40 6.25
20160310 15:50 6.375
20160310 16:00 6.125
20160310 16:10 6.25
20160310 16:20 6.5
20160310 16:30 6.375
20160310 16:40 6.5
20160310 16:50 6.125
20160310 17:00 6
20160310 17:10 6.125
20160310 17:20 5.875
20160310 17:30 5.625
20160310 17:40 5.375
20160310 17:50 5.25
20160310 18:00 5.125
20160310 18:10 5.125
20160310 18:20 5
20160310 18:30 5
20160310 18:40 4.625
20160310 18:50 4.25
20160310 19:00 4.375
20160310 19:10 4.25
20160310 19:20 4
20160310 19:30 4
20160310 19:40 4
20160310 19:50 3.625
20160310 20:00 3.375
20160310 20:10 3.125
20160310 20:20 2.875
20160310 20:30 2.75
20160310 20:40 2.625
20160310 20:50 2.6875
20160310 21:00 85
20160310 21:10 3.0625
20160310 21:20 3.25
20160310 21:30 2.875
20160310 21:40 2.875
20160310 21:50 85
20160310 22:00 2.625
20160310 22:10 2.75
20160310 22:20 2.75
20160310 22:30 2.9375
20160310 22:40 3.125
20160310 22:50 3.25
20160310 23:00 3.3125
20160310 23:10 3.375
20160310 23:20 3.375
20160310 23:30 3.375
20160310 23:40 3.375
20160310 23:50 3.25
