YYYYMMDD HH:MM measured temperature
20160713 00:00 85
20160713 00:10 13.125
20160713 00:20 13.125
20160713 00:30 85
20160713 00:40 85
20160713 00:50 12.625
20160713 01:00 12.75
20160713 01:10 12.5625
20160713 01:20 85
20160713 01:30 12.875
20160713 01:40 13.125
20160713 01:50 85
20160713 02:00 85
20160713 02:10 13.375
20160713 02:20 85
20160713 02:30 13.375
20160713 02:40 13.1875
20160713 02:50 13.1875
20160713 03:00 85
20160713 03:10 85
20160713 03:20 12.9375
20160713 03:30 13
20160713 03:40 13.125
20160713 03:50 13.125
20160713 04:00 85
20160713 04:10 13.25
20160713 04:20 13.25
20160713 04:30 13.5
20160713 04:40 13.5625
20160713 04:50 13.625
20160713 05:00 13.625
20160713 05:10 13.625
20160713 05:20 13.75
20160713 05:30 13.625
20160713 05:40 13.5625
20160713 05:50 13.75
20160713 06:00 13.875
20160713 06:10 13.875
20160713 06:20 13.625
20160713 06:30 13.5625
20160713 06:40 13.75
20160713 06:50 85
20160713 07:00 14.375
20160713 07:10 14.5
20160713 07:20 14.375
20160713 07:30 14.5625
20160713 07:40 14.6875
20160713 07:50 15.3125
20160713 08:00 85
20160713 08:10 15.375
20160713 08:20 15.5
20160713 08:30 15.5
20160713 08:40 15.875
20160713 08:50 16.5
20160713 09:00 16.75
20160713 09:10 17.125
20160713 09:20 17
20160713 09:30 17.625
20160713 09:40 17
20160713 09:50 16.5
20160713 10:00 16.125
20160713 10:10 15.875
20160713 10:20 15.75
20160713 10:30 15.375
20160713 10:40 15.125
20160713 10:50 16.125
20160713 11:00 17.375
20160713 11:10 19.125
20160713 11:20 18
20160713 11:30 17
20160713 11:40 15.875
20160713 11:50 15.625
20160713 12:00 15.625
20160713 12:10 15.25
20160713 12:20 16
20160713 12:30 17.875
20160713 12:40 18.75
20160713 12:50 19.25
20160713 13:00 19.75
20160713 13:10 19.625
20160713 13:20 17.875
20160713 13:30 15.75
20160713 13:40 15
20160713 13:50 15.125
20160713 14:00 15.5
20160713 14:10 15.75
20160713 14:20 16.625
20160713 14:30 16.625
20160713 14:40 17.125
20160713 14:50 16.75
20160713 15:00 17.5
20160713 15:10 18.875
20160713 15:20 18.875
20160713 15:30 18.25
20160713 15:40 19
20160713 15:50 20.375
20160713 16:00 19
20160713 16:10 20.125
20160713 16:20 18.875
20160713 16:30 18.75
20160713 16:40 20
20160713 16:50 18.75
20160713 17:00 17.875
20160713 17:10 17.625
20160713 17:20 17.25
20160713 17:30 16.5
20160713 17:40 16.75
20160713 17:50 17.125
20160713 18:00 17
20160713 18:10 17.25
20160713 18:20 17.25
20160713 18:30 17.375
20160713 18:40 17
20160713 18:50 16.75
20160713 19:00 16.5
20160713 19:10 16.375
20160713 19:20 16
20160713 19:30 16
20160713 19:40 16
20160713 19:50 15.75
20160713 20:00 15.125
20160713 20:10 14.875
20160713 20:20 14.75
20160713 20:30 14.625
20160713 20:40 14.5
20160713 20:50 14.375
20160713 21:00 14.125
20160713 21:10 14.25
20160713 21:20 14.125
20160713 21:30 14
20160713 21:40 13.875
20160713 21:50 13.75
20160713 22:00 13.5
20160713 22:10 13.625
20160713 22:20 13.5
20160713 22:30 13.375
20160713 22:40 13.375
20160713 22:50 13.375
20160713 23:00 13.375
20160713 23:10 13.25
20160713 23:20 13.375
20160713 23:30 13.25
20160713 23:40 13.25
20160713 23:50 13.375
