YYYYMMDD HH:MM measured temperature
20160111 00:00 3.875
20160111 00:10 3.75
20160111 00:20 3.625
20160111 00:30 3.625
20160111 00:40 3.75
20160111 00:50 3.875
20160111 01:00 3.75
20160111 01:10 3.75
20160111 01:20 3.625
20160111 01:30 3.75
20160111 01:40 3.875
20160111 01:50 3.875
20160111 02:00 3.875
20160111 02:10 3.875
20160111 02:20 3.75
20160111 02:30 3.75
20160111 02:40 3.75
20160111 02:50 3.875
20160111 03:00 4
20160111 03:10 3.875
20160111 03:20 3.75
20160111 03:30 3.75
20160111 03:40 3.5
20160111 03:50 3.125
20160111 04:00 2.75
20160111 04:10 2.875
20160111 04:20 2.875
20160111 04:30 2.5
20160111 04:40 2.5
20160111 04:50 2.5
20160111 05:00 2.5
20160111 05:10 2.125
20160111 05:20 1.9375
20160111 05:30 2.1875
20160111 05:40 2.5
20160111 05:50 2.125
20160111 06:00 1.875
20160111 06:10 1.6875
20160111 06:20 85
20160111 06:30 1.5
20160111 06:40 1.5
20160111 06:50 1.375
20160111 07:00 1.25
20160111 07:10 1.25
20160111 07:20 1.1875
20160111 07:30 1.125
20160111 07:40 1.3125
20160111 07:50 1.5
20160111 08:00 1.4375
20160111 08:10 1.625
20160111 08:20 1.375
20160111 08:30 1.3125
20160111 08:40 1.125
20160111 08:50 1
20160111 09:00 1.0625
20160111 09:10 0.8125
20160111 09:20 0.9375
20160111 09:30 1.3125
20160111 09:40 1.3125
20160111 09:50 1.6875
20160111 10:00 1.6875
20160111 10:10 1.8125
20160111 10:20 1.625
20160111 10:30 1.3125
20160111 10:40 1.625
20160111 10:50 85
20160111 11:00 2.1875
20160111 11:10 85
20160111 11:20 2.4375
20160111 11:30 2.625
20160111 11:40 2.5
20160111 11:50 2.625
20160111 12:00 2.75
20160111 12:10 3
20160111 12:20 3.25
20160111 12:30 3.375
20160111 12:40 3.375
20160111 12:50 3.375
20160111 13:00 3.25
20160111 13:10 3.25
20160111 13:20 3.25
20160111 13:30 3.375
20160111 13:40 3.5
20160111 13:50 3.375
20160111 14:00 3.375
20160111 14:10 3.375
20160111 14:20 3.5
20160111 14:30 3.375
20160111 14:40 3.375
20160111 14:50 3.25
20160111 15:00 3.375
20160111 15:10 3.375
20160111 15:20 3.25
20160111 15:30 3.25
20160111 15:40 3.25
20160111 15:50 3.25
20160111 16:00 3.25
20160111 16:10 3.25
20160111 16:20 3.25
20160111 16:30 3.25
20160111 16:40 3.25
20160111 16:50 3.375
20160111 17:00 3.5
20160111 17:10 3.375
20160111 17:20 3.5
20160111 17:30 3.625
20160111 17:40 3.375
20160111 17:50 3.5
20160111 18:00 3.625
20160111 18:10 3.5
20160111 18:20 3.5
20160111 18:30 3.375
20160111 18:40 3.375
20160111 18:50 3.5
20160111 19:00 3.375
20160111 19:10 3.375
20160111 19:20 3.375
20160111 19:30 3.375
20160111 19:40 3.375
20160111 19:50 3.375
20160111 20:00 3.375
20160111 20:10 3.375
20160111 20:20 3.375
20160111 20:30 3.375
20160111 20:40 3.3125
20160111 20:50 3.375
20160111 21:00 3.3125
20160111 21:10 3.4375
20160111 21:20 3.625
20160111 21:30 3.625
20160111 21:40 3.5625
20160111 21:50 3.5625
20160111 22:00 3.5
20160111 22:10 3.625
20160111 22:20 85
20160111 22:30 3.625
20160111 22:40 3.5625
20160111 22:50 85
20160111 23:00 85
20160111 23:10 3.6875
20160111 23:20 85
20160111 23:30 3.75
20160111 23:40 3.8125
20160111 23:50 3.8125
