YYYYMMDD HH:MM measured temperature
20160223 00:00 3.9375
20160223 00:10 3.75
20160223 00:20 3.75
20160223 00:30 3.75
20160223 00:40 85
20160223 00:50 3.5
20160223 01:00 3.3125
20160223 01:10 3.25
20160223 01:20 3.375
20160223 01:30 3.1875
20160223 01:40 85
20160223 01:50 3.125
20160223 02:00 3
20160223 02:10 3.0625
20160223 02:20 2.9375
20160223 02:30 2.75
20160223 02:40 2.625
20160223 02:50 2.625
20160223 03:00 2.5
20160223 03:10 2.4375
20160223 03:20 2.25
20160223 03:30 2.4375
20160223 03:40 2.8125
20160223 03:50 2.625
20160223 04:00 2.625
20160223 04:10 2.5625
20160223 04:20 2.3125
20160223 04:30 2.1875
20160223 04:40 2.0625
20160223 04:50 2.0625
20160223 05:00 1.875
20160223 05:10 1.75
20160223 05:20 1.75
20160223 05:30 1.75
20160223 05:40 1.8125
20160223 05:50 1.8125
20160223 06:00 1.8125
20160223 06:10 1.75
20160223 06:20 1.75
20160223 06:30 1.75
20160223 06:40 1.75
20160223 06:50 85
20160223 07:00 1.625
20160223 07:10 1.625
20160223 07:20 1.625
20160223 07:30 1.6875
20160223 07:40 1.5625
20160223 07:50 1.625
20160223 08:00 1.5625
20160223 08:10 1.75
20160223 08:20 1.875
20160223 08:30 2.25
20160223 08:40 2.375
20160223 08:50 2.75
20160223 09:00 2.875
20160223 09:10 3
20160223 09:20 3.1875
20160223 09:30 3.5
20160223 09:40 3.5
20160223 09:50 4.1875
20160223 10:00 4.4375
20160223 10:10 4.75
20160223 10:20 5.3125
20160223 10:30 4.8125
20160223 10:40 4.5
20160223 10:50 5.625
20160223 11:00 5.75
20160223 11:10 5.375
20160223 11:20 6.125
20160223 11:30 6.5625
20160223 11:40 6.5625
20160223 11:50 6.375
20160223 12:00 6.75
20160223 12:10 6.6875
20160223 12:20 7.375
20160223 12:30 7
20160223 12:40 7.25
20160223 12:50 7.5
20160223 13:00 6.25
20160223 13:10 5
20160223 13:20 5.375
20160223 13:30 5.3125
20160223 13:40 5
20160223 13:50 5.5625
20160223 14:00 5.1875
20160223 14:10 5.875
20160223 14:20 6.375
20160223 14:30 6
20160223 14:40 6.875
20160223 14:50 7.0625
20160223 15:00 6.6875
20160223 15:10 5.3125
20160223 15:20 5.9375
20160223 15:30 6
20160223 15:40 5.5
20160223 15:50 6.1875
20160223 16:00 6.1875
20160223 16:10 6.125
20160223 16:20 4.625
20160223 16:30 4.8125
20160223 16:40 4.75
20160223 16:50 4.9375
20160223 17:00 5
20160223 17:10 4.25
20160223 17:20 4.125
20160223 17:30 4.125
20160223 17:40 4.375
20160223 17:50 4.125
20160223 18:00 3.5
20160223 18:10 3.25
20160223 18:20 3.4375
20160223 18:30 3.375
20160223 18:40 3.375
20160223 18:50 3.625
20160223 19:00 3.4375
20160223 19:10 3.0625
20160223 19:20 3
20160223 19:30 3
20160223 19:40 3.125
20160223 19:50 85
20160223 20:00 3.25
20160223 20:10 3.25
20160223 20:20 3.25
20160223 20:30 3
20160223 20:40 2.625
20160223 20:50 2.1875
20160223 21:00 2.3125
20160223 21:10 85
20160223 21:20 2
20160223 21:30 2.125
20160223 21:40 85
20160223 21:50 2.0625
20160223 22:00 2.0625
20160223 22:10 1.9375
20160223 22:20 2.125
20160223 22:30 2.0625
20160223 22:40 2.0625
20160223 22:50 1.875
20160223 23:00 1.75
20160223 23:10 85
20160223 23:20 1.5
20160223 23:30 1.3125
20160223 23:40 1.375
20160223 23:50 1.5625
