YYYYMMDD HH:MM measured temperature
20160625 00:00 17.5
20160625 00:10 17.375
20160625 00:20 85
20160625 00:30 17.375
20160625 00:40 17.375
20160625 00:50 17.375
20160625 01:00 17.25
20160625 01:10 17.25
20160625 01:20 17.25
20160625 01:30 17.375
20160625 01:40 17.375
20160625 01:50 17.375
20160625 02:00 17.3125
20160625 02:10 17.3125
20160625 02:20 17.25
20160625 02:30 17.25
20160625 02:40 17.25
20160625 02:50 17.125
20160625 03:00 17.125
20160625 03:10 17.125
20160625 03:20 17.125
20160625 03:30 17
20160625 03:40 16.875
20160625 03:50 17
20160625 04:00 16.75
20160625 04:10 16.875
20160625 04:20 16.75
20160625 04:30 16.75
20160625 04:40 16.875
20160625 04:50 16.75
20160625 05:00 16.875
20160625 05:10 16.875
20160625 05:20 16.6875
20160625 05:30 16.75
20160625 05:40 85
20160625 05:50 16.875
20160625 06:00 16.875
20160625 06:10 16.875
20160625 06:20 16.875
20160625 06:30 17
20160625 06:40 85
20160625 06:50 17.125
20160625 07:00 17
20160625 07:10 85
20160625 07:20 85
20160625 07:30 85
20160625 07:40 17
20160625 07:50 85
20160625 08:00 85
20160625 08:10 85
20160625 08:20 85
20160625 08:30 85
20160625 08:40 16.875
20160625 08:50 16.8125
20160625 09:00 16.625
20160625 09:10 16.6875
20160625 09:20 16.625
20160625 09:30 16.625
20160625 09:40 16.625
20160625 09:50 16.625
20160625 10:00 16.5
20160625 10:10 16.5
20160625 10:20 16.5
20160625 10:30 17.125
20160625 10:40 17.125
20160625 10:50 17
20160625 11:00 17
20160625 11:10 16.9375
20160625 11:20 17
20160625 11:30 17.25
20160625 11:40 17.125
20160625 11:50 17.375
20160625 12:00 17.625
20160625 12:10 17.1875
20160625 12:20 17.25
20160625 12:30 17.0625
20160625 12:40 17.125
20160625 12:50 17.25
20160625 13:00 17.25
20160625 13:10 17.25
20160625 13:20 17
20160625 13:30 17
20160625 13:40 16.875
20160625 13:50 16.75
20160625 14:00 16.75
20160625 14:10 16.75
20160625 14:20 16.875
20160625 14:30 17.125
20160625 14:40 17.125
20160625 14:50 17.25
20160625 15:00 17.3125
20160625 15:10 17.25
20160625 15:20 17.3125
20160625 15:30 17.5
20160625 15:40 17.5625
20160625 15:50 17.75
20160625 16:00 17.6875
20160625 16:10 17.75
20160625 16:20 17.75
20160625 16:30 17.625
20160625 16:40 17.5
20160625 16:50 17.5
20160625 17:00 17.5
20160625 17:10 17.375
20160625 17:20 17.375
20160625 17:30 17.25
20160625 17:40 17.1875
20160625 17:50 17.25
20160625 18:00 17.125
20160625 18:10 17.1875
20160625 18:20 17.25
20160625 18:30 17.25
20160625 18:40 17.25
20160625 18:50 17.25
20160625 19:00 17.25
20160625 19:10 17.125
20160625 19:20 17.25
20160625 19:30 17.25
20160625 19:40 17
20160625 19:50 17
20160625 20:00 17
20160625 20:10 16.875
20160625 20:20 16.75
20160625 20:30 16.5
20160625 20:40 16.375
20160625 20:50 16.125
20160625 21:00 15.8125
20160625 21:10 15.375
20160625 21:20 15.125
20160625 21:30 14.6875
20160625 21:40 14.375
20160625 21:50 14
20160625 22:00 13.75
20160625 22:10 13.5
20160625 22:20 13.5
20160625 22:30 13.375
20160625 22:40 13.375
20160625 22:50 13.375
20160625 23:00 13.4375
20160625 23:10 13.5
20160625 23:20 13.5
20160625 23:30 13.5
20160625 23:40 13.5
20160625 23:50 13.5
