YYYYMMDD HH:MM measured temperature
20160427 00:00 1.75
20160427 00:10 1.875
20160427 00:20 2
20160427 00:30 2.125
20160427 00:40 2.375
20160427 00:50 2.5
20160427 01:00 2.625
20160427 01:10 2.75
20160427 01:20 3
20160427 01:30 3.125
20160427 01:40 3.125
20160427 01:50 3.25
20160427 02:00 3.25
20160427 02:10 3.25
20160427 02:20 3.375
20160427 02:30 3.25
20160427 02:40 3.375
20160427 02:50 2.875
20160427 03:00 2.625
20160427 03:10 2
20160427 03:20 1.625
20160427 03:30 1.5
20160427 03:40 1.5
20160427 03:50 1.375
20160427 04:00 1.375
20160427 04:10 1.125
20160427 04:20 1.125
20160427 04:30 1.25
20160427 04:40 1.375
20160427 04:50 1.5
20160427 05:00 1.4375
20160427 05:10 1.375
20160427 05:20 1.125
20160427 05:30 1.25
20160427 05:40 1.3125
20160427 05:50 85
20160427 06:00 1.5625
20160427 06:10 1.75
20160427 06:20 1.75
20160427 06:30 85
20160427 06:40 1.9375
20160427 06:50 2.125
20160427 07:00 2.125
20160427 07:10 2
20160427 07:20 2
20160427 07:30 2.125
20160427 07:40 2.25
20160427 07:50 2.375
20160427 08:00 2.5
20160427 08:10 2.625
20160427 08:20 2.75
20160427 08:30 2.875
20160427 08:40 3.25
20160427 08:50 3.75
20160427 09:00 3.5
20160427 09:10 3.25
20160427 09:20 3.625
20160427 09:30 3.875
20160427 09:40 4.125
20160427 09:50 4.25
20160427 10:00 4
20160427 10:10 4.375
20160427 10:20 4.375
20160427 10:30 4.125
20160427 10:40 4.75
20160427 10:50 4.875
20160427 11:00 6
20160427 11:10 6.5
20160427 11:20 6.375
20160427 11:30 8.375
20160427 11:40 6.25
20160427 11:50 6.375
20160427 12:00 8.25
20160427 12:10 6.875
20160427 12:20 6.75
20160427 12:30 7.25
20160427 12:40 7.375
20160427 12:50 6.625
20160427 13:00 7
20160427 13:10 7
20160427 13:20 6.5
20160427 13:30 5
20160427 13:40 4.5
20160427 13:50 5.25
20160427 14:00 5
20160427 14:10 6.625
20160427 14:20 7.625
20160427 14:30 8.25
20160427 14:40 7.5
20160427 14:50 7.125
20160427 15:00 7
20160427 15:10 7.25
20160427 15:20 5.875
20160427 15:30 6.125
20160427 15:40 6.25
20160427 15:50 6.125
20160427 16:00 6.125
20160427 16:10 6
20160427 16:20 5.125
20160427 16:30 5
20160427 16:40 5.375
20160427 16:50 5.25
20160427 17:00 5.125
20160427 17:10 5.125
20160427 17:20 5.5
20160427 17:30 5.875
20160427 17:40 5.125
20160427 17:50 4.875
20160427 18:00 3.75
20160427 18:10 4.125
20160427 18:20 3.75
20160427 18:30 3.75
20160427 18:40 3.875
20160427 18:50 4.25
20160427 19:00 4.625
20160427 19:10 4.625
20160427 19:20 4.75
20160427 19:30 4.75
20160427 19:40 4.625
20160427 19:50 4.5
20160427 20:00 4.5
20160427 20:10 4.375
20160427 20:20 4.25
20160427 20:30 4.375
20160427 20:40 4.125
20160427 20:50 4
20160427 21:00 4.125
20160427 21:10 4
20160427 21:20 4
20160427 21:30 4
20160427 21:40 3.875
20160427 21:50 4
20160427 22:00 4
20160427 22:10 4
20160427 22:20 4.125
20160427 22:30 4.125
20160427 22:40 4.125
20160427 22:50 4
20160427 23:00 3.875
20160427 23:10 3.875
20160427 23:20 4
20160427 23:30 4
20160427 23:40 4
20160427 23:50 4
