YYYYMMDD HH:MM measured temperature
20160105 00:00 -6
20160105 00:10 -6
20160105 00:20 -6
20160105 00:30 -6.125
20160105 00:40 -6.125
20160105 00:50 -6.25
20160105 01:00 -6.25
20160105 01:10 -6.25
20160105 01:20 -6.25
20160105 01:30 -6.25
20160105 01:40 -6.375
20160105 01:50 -6.25
20160105 02:00 -6.25
20160105 02:10 -6.25
20160105 02:20 -6.25
20160105 02:30 -6.125
20160105 02:40 -6.125
20160105 02:50 -6.125
20160105 03:00 -6.125
20160105 03:10 -6.125
20160105 03:20 -6.125
20160105 03:30 -6.125
20160105 03:40 -6.125
20160105 03:50 -6.125
20160105 04:00 -6.125
20160105 04:10 -6.125
20160105 04:20 -6.125
20160105 04:30 -6.125
20160105 04:40 -6.125
20160105 04:50 -6.125
20160105 05:00 -6.125
20160105 05:10 -6.125
20160105 05:20 -6.125
20160105 05:30 -6.125
20160105 05:40 -6.125
20160105 05:50 -6.125
20160105 06:00 -6.125
20160105 06:10 -6.125
20160105 06:20 -6.125
20160105 06:30 -6.125
20160105 06:40 -6.25
20160105 06:50 -6.125
20160105 07:00 -6
20160105 07:10 -6.125
20160105 07:20 -6.125
20160105 07:30 -6.125
20160105 07:40 -6.125
20160105 07:50 -6.25
20160105 08:00 -6.375
20160105 08:10 -6.5
20160105 08:20 -6.625
20160105 08:30 -6.75
20160105 08:40 -6.625
20160105 08:50 -6.625
20160105 09:00 -6.625
20160105 09:10 -6.75
20160105 09:20 -6.6875
20160105 09:30 -6.625
20160105 09:40 -6.5
20160105 09:50 -6.5
20160105 10:00 -6.5
20160105 10:10 -6.375
20160105 10:20 -6.375
20160105 10:30 -6.25
20160105 10:40 -6.25
20160105 10:50 -6.25
20160105 11:00 -6.25
20160105 11:10 -6.25
20160105 11:20 -6.25
20160105 11:30 -6.3125
20160105 11:40 -6.3125
20160105 11:50 -6.25
20160105 12:00 -6.125
20160105 12:10 -6
20160105 12:20 -5.625
20160105 12:30 -5.625
20160105 12:40 -5.375
20160105 12:50 -5.375
20160105 13:00 -5.375
20160105 13:10 -5.375
20160105 13:20 -5.375
20160105 13:30 -5.5
20160105 13:40 -5.25
20160105 13:50 -5.5
20160105 14:00 -5.375
20160105 14:10 -5.5
20160105 14:20 -5.375
20160105 14:30 -5.375
20160105 14:40 -5.375
20160105 14:50 -5.5
20160105 15:00 -5.5
20160105 15:10 -5.5
20160105 15:20 -5.5
20160105 15:30 -5.5
20160105 15:40 -5.5
20160105 15:50 -5.375
20160105 16:00 -5.375
20160105 16:10 -5.375
20160105 16:20 -5.25
20160105 16:30 -5.25
20160105 16:40 -5.125
20160105 16:50 -5.125
20160105 17:00 -5.125
20160105 17:10 -5.25
20160105 17:20 -5.25
20160105 17:30 -5.25
20160105 17:40 -5.25
20160105 17:50 -5.375
20160105 18:00 -5.25
20160105 18:10 -5.375
20160105 18:20 -5.5
20160105 18:30 -5.5
20160105 18:40 -5.375
20160105 18:50 -5.375
20160105 19:00 -5.5
20160105 19:10 -5.5
20160105 19:20 -5.5
20160105 19:30 -5.5
20160105 19:40 -5.5
20160105 19:50 -5.5
20160105 20:00 -5.375
20160105 20:10 -5.375
20160105 20:20 -5.5
20160105 20:30 -5.5
20160105 20:40 -5.5
20160105 20:50 -5.5
20160105 21:00 -5.625
20160105 21:10 -5.625
20160105 21:20 -5.625
20160105 21:30 -5.625
20160105 21:40 -5.5
20160105 21:50 -5.5
20160105 22:00 -5.625
20160105 22:10 -5.625
20160105 22:20 -5.625
20160105 22:30 -5.75
20160105 22:40 -5.875
20160105 22:50 -6
20160105 23:00 -6.125
20160105 23:10 -6.25
20160105 23:20 -6.125
20160105 23:30 -6.125
20160105 23:40 -6.125
20160105 23:50 -6.125
