YYYYMMDD HH:MM measured temperature
20160202 00:00 10.5
20160202 00:10 10.375
20160202 00:20 10.25
20160202 00:30 10.25
20160202 00:40 10
20160202 00:50 10.25
20160202 01:00 10.25
20160202 01:10 10.25
20160202 01:20 10
20160202 01:30 9.625
20160202 01:40 9.25
20160202 01:50 9.375
20160202 02:00 9.125
20160202 02:10 9.5
20160202 02:20 9.625
20160202 02:30 9.625
20160202 02:40 9.625
20160202 02:50 9.5
20160202 03:00 9.375
20160202 03:10 9.375
20160202 03:20 9.25
20160202 03:30 9
20160202 03:40 9.125
20160202 03:50 9
20160202 04:00 8.875
20160202 04:10 8.875
20160202 04:20 8.875
20160202 04:30 8.5
20160202 04:40 8.375
20160202 04:50 8.375
20160202 05:00 8.5
20160202 05:10 8.5
20160202 05:20 8.25
20160202 05:30 8.25
20160202 05:40 8.25
20160202 05:50 8.5
20160202 06:00 8.625
20160202 06:10 8.625
20160202 06:20 8.75
20160202 06:30 8.5
20160202 06:40 8.625
20160202 06:50 8.375
20160202 07:00 8.5
20160202 07:10 8.5
20160202 07:20 8.5
20160202 07:30 8.375
20160202 07:40 8.375
20160202 07:50 8.25
20160202 08:00 8.125
20160202 08:10 8.25
20160202 08:20 8.25
20160202 08:30 8.5
20160202 08:40 8.625
20160202 08:50 8.5
20160202 09:00 8.375
20160202 09:10 8.5
20160202 09:20 8.375
20160202 09:30 8.5
20160202 09:40 8.5
20160202 09:50 8.5
20160202 10:00 8.5
20160202 10:10 8.5
20160202 10:20 8.375
20160202 10:30 8.5
20160202 10:40 8.5
20160202 10:50 8.5
20160202 11:00 8.5
20160202 11:10 8.5
20160202 11:20 8.625
20160202 11:30 8.625
20160202 11:40 8.75
20160202 11:50 8.625
20160202 12:00 8.375
20160202 12:10 8.5
20160202 12:20 8.625
20160202 12:30 8.875
20160202 12:40 8.75
20160202 12:50 8.75
20160202 13:00 8.875
20160202 13:10 8.75
20160202 13:20 8.75
20160202 13:30 9.125
20160202 13:40 9
20160202 13:50 8.75
20160202 14:00 9
20160202 14:10 9
20160202 14:20 8.75
20160202 14:30 8.75
20160202 14:40 8.375
20160202 14:50 7.25
20160202 15:00 6.75
20160202 15:10 6.375
20160202 15:20 6.625
20160202 15:30 7.25
20160202 15:40 7.375
20160202 15:50 7.25
20160202 16:00 7.625
20160202 16:10 7.625
20160202 16:20 7.75
20160202 16:30 7.625
20160202 16:40 7.25
20160202 16:50 7.125
20160202 17:00 7
20160202 17:10 7.125
20160202 17:20 7.375
20160202 17:30 7.25
20160202 17:40 7.125
20160202 17:50 7.375
20160202 18:00 7.25
20160202 18:10 7.25
20160202 18:20 7
20160202 18:30 7
20160202 18:40 7.125
20160202 18:50 7
20160202 19:00 7.25
20160202 19:10 7.125
20160202 19:20 7
20160202 19:30 6.625
20160202 19:40 6.75
20160202 19:50 6.875
20160202 20:00 6.875
20160202 20:10 6.875
20160202 20:20 6.875
20160202 20:30 6.75
20160202 20:40 6.875
20160202 20:50 6.75
20160202 21:00 6.75
20160202 21:10 6.625
20160202 21:20 6.75
20160202 21:30 6.5
20160202 21:40 6.625
20160202 21:50 6.375
20160202 22:00 6.375
20160202 22:10 6.375
20160202 22:20 6.375
20160202 22:30 6.5
20160202 22:40 6.5
20160202 22:50 6.5
20160202 23:00 6.5
20160202 23:10 6.5
20160202 23:20 6.375
20160202 23:30 6.25
20160202 23:40 6
20160202 23:50 6.25
