YYYYMMDD HH:MM measured temperature
20160624 00:00 23
20160624 00:10 22.875
20160624 00:20 85
20160624 00:30 22.125
20160624 00:40 21.4375
20160624 00:50 20.875
20160624 01:00 20.875
20160624 01:10 20.75
20160624 01:20 20.875
20160624 01:30 20.8125
20160624 01:40 18.9375
20160624 01:50 19.0625
20160624 02:00 19.125
20160624 02:10 19.25
20160624 02:20 19.375
20160624 02:30 19
20160624 02:40 19.25
20160624 02:50 19
20160624 03:00 18.9375
20160624 03:10 19
20160624 03:20 18.9375
20160624 03:30 18.8125
20160624 03:40 18.75
20160624 03:50 85
20160624 04:00 18.75
20160624 04:10 18.8125
20160624 04:20 18.875
20160624 04:30 18.6875
20160624 04:40 18.75
20160624 04:50 18.5625
20160624 05:00 18.625
20160624 05:10 18.75
20160624 05:20 18.75
20160624 05:30 18.75
20160624 05:40 18.875
20160624 05:50 18.75
20160624 06:00 18.875
20160624 06:10 18.875
20160624 06:20 18.875
20160624 06:30 18.875
20160624 06:40 18.75
20160624 06:50 18.8125
20160624 07:00 19.25
20160624 07:10 19.25
20160624 07:20 19.125
20160624 07:30 19
20160624 07:40 19.125
20160624 07:50 19.125
20160624 08:00 19
20160624 08:10 19.125
20160624 08:20 19.125
20160624 08:30 19.375
20160624 08:40 19.375
20160624 08:50 19.375
20160624 09:00 19.25
20160624 09:10 19.125
20160624 09:20 19.125
20160624 09:30 19.25
20160624 09:40 19.375
20160624 09:50 19.25
20160624 10:00 19.375
20160624 10:10 19.5
20160624 10:20 19.25
20160624 10:30 19.375
20160624 10:40 19.625
20160624 10:50 20.125
20160624 11:00 20.875
20160624 11:10 22.5
20160624 11:20 22.125
20160624 11:30 21.75
20160624 11:40 23.5
20160624 11:50 22.75
20160624 12:00 22.9375
20160624 12:10 23.625
20160624 12:20 24
20160624 12:30 24.75
20160624 12:40 24
20160624 12:50 24.25
20160624 13:00 24.25
20160624 13:10 25.5
20160624 13:20 24.75
20160624 13:30 25.375
20160624 13:40 26.125
20160624 13:50 26.75
20160624 14:00 26.125
20160624 14:10 26.25
20160624 14:20 25.6875
20160624 14:30 26.125
20160624 14:40 27.5
20160624 14:50 26.75
20160624 15:00 26
20160624 15:10 27.5
20160624 15:20 27.375
20160624 15:30 27.5
20160624 15:40 27.125
20160624 15:50 27.25
20160624 16:00 26.75
20160624 16:10 27.125
20160624 16:20 27.5
20160624 16:30 26.75
20160624 16:40 26.375
20160624 16:50 26
20160624 17:00 25.125
20160624 17:10 24.75
20160624 17:20 24.75
20160624 17:30 24.625
20160624 17:40 24.25
20160624 17:50 24
20160624 18:00 23.875
20160624 18:10 23.25
20160624 18:20 85
20160624 18:30 22.625
20160624 18:40 22.25
20160624 18:50 21.875
20160624 19:00 21.5
20160624 19:10 20.8125
20160624 19:20 20.5
20160624 19:30 20.25
20160624 19:40 19.9375
20160624 19:50 85
20160624 20:00 19.75
20160624 20:10 19.625
20160624 20:20 19.8125
20160624 20:30 19.4375
20160624 20:40 19.25
20160624 20:50 19.125
20160624 21:00 19
20160624 21:10 18.875
20160624 21:20 18.6875
20160624 21:30 18.625
20160624 21:40 18.625
20160624 21:50 18.5
20160624 22:00 18.5
20160624 22:10 18.375
20160624 22:20 18.1875
20160624 22:30 18.1875
20160624 22:40 18.125
20160624 22:50 18
20160624 23:00 17.875
20160624 23:10 17.8125
20160624 23:20 85
20160624 23:30 17.625
20160624 23:40 85
20160624 23:50 17.4375
