YYYYMMDD HH:MM measured temperature
20160402 00:00 5.125
20160402 00:10 5.375
20160402 00:20 5.5
20160402 00:30 5.5
20160402 00:40 5.375
20160402 00:50 5.375
20160402 01:00 5.625
20160402 01:10 5.875
20160402 01:20 5.75
20160402 01:30 5.75
20160402 01:40 5.375
20160402 01:50 5.125
20160402 02:00 5.375
20160402 02:10 5.25
20160402 02:20 5.25
20160402 02:30 5.25
20160402 02:40 5.125
20160402 02:50 5
20160402 03:00 4.625
20160402 03:10 4.25
20160402 03:20 4.25
20160402 03:30 4.375
20160402 03:40 4.375
20160402 03:50 4
20160402 04:00 3.625
20160402 04:10 3.875
20160402 04:20 4.125
20160402 04:30 4.5
20160402 04:40 4.375
20160402 04:50 4.5
20160402 05:00 4.125
20160402 05:10 4.125
20160402 05:20 3.875
20160402 05:30 3.75
20160402 05:40 3.875
20160402 05:50 3.625
20160402 06:00 3.5
20160402 06:10 3.5
20160402 06:20 3.375
20160402 06:30 3.5
20160402 06:40 3.5
20160402 06:50 3.5
20160402 07:00 3.5
20160402 07:10 3.5
20160402 07:20 3.5
20160402 07:30 3.625
20160402 07:40 3.875
20160402 07:50 4.125
20160402 08:00 4.375
20160402 08:10 4.75
20160402 08:20 5
20160402 08:30 5.375
20160402 08:40 6.25
20160402 08:50 6.875
20160402 09:00 7.125
20160402 09:10 7.5
20160402 09:20 8.125
20160402 09:30 8.625
20160402 09:40 8.5
20160402 09:50 9.375
20160402 10:00 9.625
20160402 10:10 9.75
20160402 10:20 9.625
20160402 10:30 10.5
20160402 10:40 11
20160402 10:50 11.125
20160402 11:00 11.625
20160402 11:10 11.75
20160402 11:20 11.875
20160402 11:30 11.75
20160402 11:40 12.875
20160402 11:50 12.875
20160402 12:00 13.25
20160402 12:10 13.375
20160402 12:20 13.125
20160402 12:30 12.75
20160402 12:40 13.625
20160402 12:50 13.625
20160402 13:00 13
20160402 13:10 14.625
20160402 13:20 13.75
20160402 13:30 14
20160402 13:40 14.75
20160402 13:50 14.75
20160402 14:00 15
20160402 14:10 15
20160402 14:20 15.375
20160402 14:30 16.625
20160402 14:40 14.25
20160402 14:50 15.75
20160402 15:00 16.625
20160402 15:10 15.25
20160402 15:20 15.25
20160402 15:30 16.125
20160402 15:40 15.75
20160402 15:50 15.5
20160402 16:00 15.625
20160402 16:10 15.625
20160402 16:20 15.75
20160402 16:30 15.875
20160402 16:40 15.875
20160402 16:50 15.5
20160402 17:00 15.75
20160402 17:10 15.625
20160402 17:20 15.75
20160402 17:30 15.375
20160402 17:40 15.375
20160402 17:50 15.375
20160402 18:00 15.375
20160402 18:10 15.375
20160402 18:20 15
20160402 18:30 14.875
20160402 18:40 14.75
20160402 18:50 14.5
20160402 19:00 14.25
20160402 19:10 13.875
20160402 19:20 13.25
20160402 19:30 12.625
20160402 19:40 12
20160402 19:50 11.5
20160402 20:00 11
20160402 20:10 10.5
20160402 20:20 10.5
20160402 20:30 10.125
20160402 20:40 10
20160402 20:50 10
20160402 21:00 9.875
20160402 21:10 10.125
20160402 21:20 10.125
20160402 21:30 9.75
20160402 21:40 9.75
20160402 21:50 9.5
20160402 22:00 9.625
20160402 22:10 9.75
20160402 22:20 9.5
20160402 22:30 9.25
20160402 22:40 9
20160402 22:50 9
20160402 23:00 8.875
20160402 23:10 8.75
20160402 23:20 8.875
20160402 23:30 9.125
20160402 23:40 9.125
20160402 23:50 9
