YYYYMMDD HH:MM measured temperature
20160117 00:00 -0.5
20160117 00:10 -0.5
20160117 00:20 -0.625
20160117 00:30 -0.5
20160117 00:40 -0.6875
20160117 00:50 -0.8125
20160117 01:00 -0.75
20160117 01:10 -0.75
20160117 01:20 -0.8125
20160117 01:30 -0.75
20160117 01:40 -0.8125
20160117 01:50 -0.8125
20160117 02:00 -0.75
20160117 02:10 -0.75
20160117 02:20 -0.8125
20160117 02:30 -0.875
20160117 02:40 -0.875
20160117 02:50 -1.0625
20160117 03:00 -1.3125
20160117 03:10 -1.6875
20160117 03:20 -1.5
20160117 03:30 -1.25
20160117 03:40 -1.3125
20160117 03:50 -1.3125
20160117 04:00 -1.375
20160117 04:10 -1.4375
20160117 04:20 -1.25
20160117 04:30 -1.3125
20160117 04:40 -1.375
20160117 04:50 -1.375
20160117 05:00 -1.875
20160117 05:10 -2.625
20160117 05:20 -3.25
20160117 05:30 -4.25
20160117 05:40 -3
20160117 05:50 -2.375
20160117 06:00 -2.25
20160117 06:10 -1.875
20160117 06:20 -1.625
20160117 06:30 -1.625
20160117 06:40 -1.5
20160117 06:50 -1.625
20160117 07:00 -2.375
20160117 07:10 -2.375
20160117 07:20 -2
20160117 07:30 -2
20160117 07:40 -2
20160117 07:50 -1.75
20160117 08:00 -1.75
20160117 08:10 -1.875
20160117 08:20 -1.875
20160117 08:30 -1.875
20160117 08:40 -1.875
20160117 08:50 -1.875
20160117 09:00 -1.875
20160117 09:10 -1.75
20160117 09:20 -1.75
20160117 09:30 -1.625
20160117 09:40 -1.625
20160117 09:50 -1.5
20160117 10:00 -1.5
20160117 10:10 -1.375
20160117 10:20 -1.25
20160117 10:30 -1.25
20160117 10:40 -1.25
20160117 10:50 -1.375
20160117 11:00 -1.25
20160117 11:10 -1.125
20160117 11:20 -1.125
20160117 11:30 -1.25
20160117 11:40 -1.125
20160117 11:50 -1
20160117 12:00 -1.125
20160117 12:10 -1
20160117 12:20 -0.875
20160117 12:30 -1
20160117 12:40 -0.875
20160117 12:50 -1.25
20160117 13:00 -1
20160117 13:10 -1.125
20160117 13:20 -1.375
20160117 13:30 -1.75
20160117 13:40 -0.125
20160117 13:50 -1
20160117 14:00 -0.875
20160117 14:10 -1.25
20160117 14:20 -1.125
20160117 14:30 -1.625
20160117 14:40 -0.625
20160117 14:50 -1.5
20160117 15:00 -0.5
20160117 15:10 -1
20160117 15:20 -1.5
20160117 15:30 -1.375
20160117 15:40 -1
20160117 15:50 -1.25
20160117 16:00 -1.25
20160117 16:10 -1.625
20160117 16:20 -1.875
20160117 16:30 -2
20160117 16:40 -2.375
20160117 16:50 -2.875
20160117 17:00 -3
20160117 17:10 -3.5
20160117 17:20 -3.8125
20160117 17:30 -3.875
20160117 17:40 -4
20160117 17:50 -4.125
20160117 18:00 -4.25
20160117 18:10 -4.5
20160117 18:20 -4.625
20160117 18:30 85
20160117 18:40 -5.25
20160117 18:50 -4.875
20160117 19:00 -5.125
20160117 19:10 -5.1875
20160117 19:20 -5.5625
20160117 19:30 -5.25
20160117 19:40 -5.625
20160117 19:50 -5.75
20160117 20:00 -6.125
20160117 20:10 -6.125
20160117 20:20 -6
20160117 20:30 -6
20160117 20:40 -6.3125
20160117 20:50 -6.375
20160117 21:00 -6
20160117 21:10 -6.25
20160117 21:20 -6.375
20160117 21:30 -6.6875
20160117 21:40 -6.5
20160117 21:50 -6.5
20160117 22:00 -6.5
20160117 22:10 -6.75
20160117 22:20 -7.125
20160117 22:30 -6.875
20160117 22:40 -7.125
20160117 22:50 -7.0625
20160117 23:00 -6.875
20160117 23:10 -7
20160117 23:20 -6.875
20160117 23:30 -7.125
20160117 23:40 -7.25
20160117 23:50 -7.125
