YYYYMMDD HH:MM measured temperature
20160420 00:00 7
20160420 00:10 6.875
20160420 00:20 6.875
20160420 00:30 6.875
20160420 00:40 6.875
20160420 00:50 6.875
20160420 01:00 6.875
20160420 01:10 6.875
20160420 01:20 6.875
20160420 01:30 7
20160420 01:40 6.875
20160420 01:50 7
20160420 02:00 6.875
20160420 02:10 7
20160420 02:20 7
20160420 02:30 7
20160420 02:40 6.875
20160420 02:50 6.875
20160420 03:00 6.875
20160420 03:10 6.75
20160420 03:20 6.75
20160420 03:30 6.75
20160420 03:40 6.75
20160420 03:50 6.625
20160420 04:00 6.5
20160420 04:10 6.625
20160420 04:20 6.625
20160420 04:30 6.75
20160420 04:40 6.625
20160420 04:50 6.5
20160420 05:00 6.125
20160420 05:10 6.125
20160420 05:20 6.25
20160420 05:30 6.375
20160420 05:40 6.25
20160420 05:50 6
20160420 06:00 6
20160420 06:10 5.875
20160420 06:20 5.75
20160420 06:30 5.625
20160420 06:40 5.5
20160420 06:50 5.5
20160420 07:00 5.375
20160420 07:10 5.375
20160420 07:20 5.75
20160420 07:30 5.875
20160420 07:40 6
20160420 07:50 6.125
20160420 08:00 6.5
20160420 08:10 6.625
20160420 08:20 7.25
20160420 08:30 7.25
20160420 08:40 7.75
20160420 08:50 8
20160420 09:00 8.125
20160420 09:10 8.875
20160420 09:20 9.125
20160420 09:30 8.625
20160420 09:40 9
20160420 09:50 9.625
20160420 10:00 9.5
20160420 10:10 8.875
20160420 10:20 9.125
20160420 10:30 9.125
20160420 10:40 9.625
20160420 10:50 9.375
20160420 11:00 9.125
20160420 11:10 10
20160420 11:20 9.875
20160420 11:30 9.5
20160420 11:40 10.25
20160420 11:50 9.75
20160420 12:00 9.75
20160420 12:10 10.875
20160420 12:20 10.375
20160420 12:30 10.375
20160420 12:40 9.875
20160420 12:50 10.25
20160420 13:00 12.125
20160420 13:10 11.75
20160420 13:20 11
20160420 13:30 10.25
20160420 13:40 12.375
20160420 13:50 10.875
20160420 14:00 11
20160420 14:10 12
20160420 14:20 11
20160420 14:30 10.875
20160420 14:40 10.5
20160420 14:50 11.125
20160420 15:00 12
20160420 15:10 11.625
20160420 15:20 11.375
20160420 15:30 11.875
20160420 15:40 11.125
20160420 15:50 11.25
20160420 16:00 11.375
20160420 16:10 11.875
20160420 16:20 11.5
20160420 16:30 11.625
20160420 16:40 10.75
20160420 16:50 11.25
20160420 17:00 11.375
20160420 17:10 11.375
20160420 17:20 11.125
20160420 17:30 10.75
20160420 17:40 11
20160420 17:50 10.75
20160420 18:00 10.75
20160420 18:10 10.875
20160420 18:20 10.875
20160420 18:30 9.75
20160420 18:40 9.5
20160420 18:50 9.25
20160420 19:00 9.375
20160420 19:10 9.5
20160420 19:20 9.25
20160420 19:30 8.625
20160420 19:40 8.375
20160420 19:50 8.5
20160420 20:00 8.5
20160420 20:10 7.875
20160420 20:20 7.5
20160420 20:30 7.375
20160420 20:40 7.375
20160420 20:50 7.375
20160420 21:00 7.25
20160420 21:10 7.25
20160420 21:20 7.125
20160420 21:30 7
20160420 21:40 6.875
20160420 21:50 6.75
20160420 22:00 6.375
20160420 22:10 5.75
20160420 22:20 5.75
20160420 22:30 5.5
20160420 22:40 5.125
20160420 22:50 5.375
20160420 23:00 5.25
20160420 23:10 4.75
20160420 23:20 4.625
20160420 23:30 4.375
20160420 23:40 3.875
20160420 23:50 3.875
