YYYYMMDD HH:MM measured temperature
20160724 00:00 19.1875
20160724 00:10 19.25
20160724 00:20 19.25
20160724 00:30 19.25
20160724 00:40 19.125
20160724 00:50 19.125
20160724 01:00 19.125
20160724 01:10 19.125
20160724 01:20 19
20160724 01:30 19
20160724 01:40 18.875
20160724 01:50 18.75
20160724 02:00 18.75
20160724 02:10 19
20160724 02:20 18.75
20160724 02:30 18.75
20160724 02:40 18.75
20160724 02:50 18.5
20160724 03:00 18.5625
20160724 03:10 18.625
20160724 03:20 18.5
20160724 03:30 18.375
20160724 03:40 18.625
20160724 03:50 18.5
20160724 04:00 18.3125
20160724 04:10 18.5
20160724 04:20 18.5
20160724 04:30 18.625
20160724 04:40 18.375
20160724 04:50 18.5
20160724 05:00 18.25
20160724 05:10 18.25
20160724 05:20 18
20160724 05:30 18.0625
20160724 05:40 18
20160724 05:50 17.75
20160724 06:00 17.875
20160724 06:10 17.75
20160724 06:20 18.125
20160724 06:30 18.25
20160724 06:40 18.5
20160724 06:50 18.75
20160724 07:00 19.375
20160724 07:10 19.75
20160724 07:20 20.25
20160724 07:30 20.75
20160724 07:40 21.125
20160724 07:50 21.125
20160724 08:00 21.125
20160724 08:10 21
20160724 08:20 21.375
20160724 08:30 21.875
20160724 08:40 22.25
20160724 08:50 22.25
20160724 09:00 22.75
20160724 09:10 22.875
20160724 09:20 23
20160724 09:30 23
20160724 09:40 22.875
20160724 09:50 23.5
20160724 10:00 23.875
20160724 10:10 24.5
20160724 10:20 24.875
20160724 10:30 25.875
20160724 10:40 27
20160724 10:50 25.625
20160724 11:00 26.625
20160724 11:10 26.875
20160724 11:20 27
20160724 11:30 27.5
20160724 11:40 26
20160724 11:50 25.625
20160724 12:00 27.625
20160724 12:10 28
20160724 12:20 26.75
20160724 12:30 26
20160724 12:40 27.625
20160724 12:50 28.625
20160724 13:00 29
20160724 13:10 29.5
20160724 13:20 28
20160724 13:30 27
20160724 13:40 27.125
20160724 13:50 26.875
20160724 14:00 26.625
20160724 14:10 26.25
20160724 14:20 26.375
20160724 14:30 26.375
20160724 14:40 25.375
20160724 14:50 25.375
20160724 15:00 26.125
20160724 15:10 27.125
20160724 15:20 27.125
20160724 15:30 27.625
20160724 15:40 27.75
20160724 15:50 28.125
20160724 16:00 28.75
20160724 16:10 28.625
20160724 16:20 28.75
20160724 16:30 28
20160724 16:40 27.25
20160724 16:50 27.375
20160724 17:00 26.75
20160724 17:10 26.25
20160724 17:20 26
20160724 17:30 25.75
20160724 17:40 25.25
20160724 17:50 25.375
20160724 18:00 24.375
20160724 18:10 22.625
20160724 18:20 22.125
20160724 18:30 21.625
20160724 18:40 21.8125
20160724 18:50 21.875
20160724 19:00 22.375
20160724 19:10 21.9375
20160724 19:20 22.25
20160724 19:30 22.5
20160724 19:40 22.625
20160724 19:50 23.25
20160724 20:00 23.75
20160724 20:10 23.75
20160724 20:20 24
20160724 20:30 24
20160724 20:40 23.875
20160724 20:50 23.5625
20160724 21:00 23.375
20160724 21:10 23.125
20160724 21:20 22.625
20160724 21:30 22.25
20160724 21:40 21.75
20160724 21:50 21.25
20160724 22:00 21.25
20160724 22:10 20.875
20160724 22:20 20.75
20160724 22:30 20.25
20160724 22:40 20.125
20160724 22:50 19.75
20160724 23:00 19.75
20160724 23:10 19.375
20160724 23:20 19.1875
20160724 23:30 19.25
20160724 23:40 18.875
20160724 23:50 18.9375
