YYYYMMDD HH:MM measured temperature
20160103 00:00 -4.125
20160103 00:10 -4
20160103 00:20 -4
20160103 00:30 -4.125
20160103 00:40 -4.25
20160103 00:50 -4.125
20160103 01:00 -4.125
20160103 01:10 -4.25
20160103 01:20 -4.125
20160103 01:30 -4.25
20160103 01:40 -4.125
20160103 01:50 -4.25
20160103 02:00 -4.25
20160103 02:10 -4.25
20160103 02:20 -4.125
20160103 02:30 -4.25
20160103 02:40 -4.25
20160103 02:50 -4.25
20160103 03:00 -4.25
20160103 03:10 -4.375
20160103 03:20 -4.25
20160103 03:30 -4.375
20160103 03:40 -4.375
20160103 03:50 -4.375
20160103 04:00 -4.375
20160103 04:10 -4.375
20160103 04:20 -4.375
20160103 04:30 -4.375
20160103 04:40 -4.375
20160103 04:50 -4.375
20160103 05:00 -4.375
20160103 05:10 -4.5
20160103 05:20 -4.625
20160103 05:30 -4.5
20160103 05:40 -4.5
20160103 05:50 -4.625
20160103 06:00 -4.5
20160103 06:10 -4.5
20160103 06:20 -4.625
20160103 06:30 -4.5
20160103 06:40 -4.75
20160103 06:50 -4.875
20160103 07:00 -4.75
20160103 07:10 -4.75
20160103 07:20 -4.75
20160103 07:30 -4.5
20160103 07:40 -4.625
20160103 07:50 -4.75
20160103 08:00 -4.75
20160103 08:10 -4.75
20160103 08:20 -4.75
20160103 08:30 -5
20160103 08:40 -5
20160103 08:50 -4.875
20160103 09:00 -4.875
20160103 09:10 -4.75
20160103 09:20 -4.875
20160103 09:30 -4.75
20160103 09:40 -4.75
20160103 09:50 -4.75
20160103 10:00 -4.75
20160103 10:10 -4.75
20160103 10:20 -4.75
20160103 10:30 -4.75
20160103 10:40 -4.625
20160103 10:50 -4.625
20160103 11:00 -4.5
20160103 11:10 -4.25
20160103 11:20 -4.375
20160103 11:30 -4.25
20160103 11:40 -4
20160103 11:50 -3.875
20160103 12:00 -4
20160103 12:10 -3.875
20160103 12:20 -4
20160103 12:30 -3.875
20160103 12:40 -3.875
20160103 12:50 -3.75
20160103 13:00 -3.875
20160103 13:10 -3.875
20160103 13:20 -3.75
20160103 13:30 -3.875
20160103 13:40 -4
20160103 13:50 -4
20160103 14:00 -4
20160103 14:10 -4.25
20160103 14:20 -4.375
20160103 14:30 -4.5
20160103 14:40 -4.75
20160103 14:50 -4.75
20160103 15:00 -4.875
20160103 15:10 -4.875
20160103 15:20 -4.875
20160103 15:30 -4.875
20160103 15:40 -4.875
20160103 15:50 -5
20160103 16:00 -5
20160103 16:10 -5.125
20160103 16:20 -5.25
20160103 16:30 -5.375
20160103 16:40 -5.5
20160103 16:50 -5.5
20160103 17:00 -5.5
20160103 17:10 -5.625
20160103 17:20 -5.625
20160103 17:30 -5.625
20160103 17:40 -5.5
20160103 17:50 -5.5
20160103 18:00 -5.5
20160103 18:10 -5.375
20160103 18:20 -5.375
20160103 18:30 -5.375
20160103 18:40 -5.375
20160103 18:50 -5.375
20160103 19:00 -5.375
20160103 19:10 -5.375
20160103 19:20 -5.375
20160103 19:30 -5.375
20160103 19:40 -5.5
20160103 19:50 -5.5
20160103 20:00 -5.5
20160103 20:10 -5.5
20160103 20:20 -5.5
20160103 20:30 -5.5
20160103 20:40 -5.5
20160103 20:50 -5.5
20160103 21:00 -5.5
20160103 21:10 -5.5
20160103 21:20 -5.5
20160103 21:30 -5.5
20160103 21:40 -5.5
20160103 21:50 -5.5
20160103 22:00 -5.5
20160103 22:10 -5.625
20160103 22:20 -5.5
20160103 22:30 -5.625
20160103 22:40 -5.875
20160103 22:50 -5.875
20160103 23:00 -5.75
20160103 23:10 -5.75
20160103 23:20 -5.875
20160103 23:30 -5.875
20160103 23:40 -6
20160103 23:50 -6
