YYYYMMDD HH:MM measured temperature
20160227 00:00 0.875
20160227 00:10 0.875
20160227 00:20 0.625
20160227 00:30 0.5625
20160227 00:40 0.4375
20160227 00:50 0.375
20160227 01:00 0.3125
20160227 01:10 0.3125
20160227 01:20 0.1875
20160227 01:30 0.125
20160227 01:40 -0.0625
20160227 01:50 -0.1875
20160227 02:00 -0.3125
20160227 02:10 -0.25
20160227 02:20 -0.1875
20160227 02:30 -0.1875
20160227 02:40 85
20160227 02:50 -0.5
20160227 03:00 -0.375
20160227 03:10 -0.25
20160227 03:20 -0.5
20160227 03:30 -0.625
20160227 03:40 -0.8125
20160227 03:50 -0.75
20160227 04:00 -1
20160227 04:10 -0.875
20160227 04:20 -1
20160227 04:30 -1.1875
20160227 04:40 -1.0625
20160227 04:50 -1.1875
20160227 05:00 -1.4375
20160227 05:10 -1.375
20160227 05:20 -1.25
20160227 05:30 -1.125
20160227 05:40 -1
20160227 05:50 -1
20160227 06:00 -1.125
20160227 06:10 -1.0625
20160227 06:20 -1
20160227 06:30 -1.125
20160227 06:40 -1.375
20160227 06:50 -1.5
20160227 07:00 -1.375
20160227 07:10 85
20160227 07:20 -1.5
20160227 07:30 -1.4375
20160227 07:40 -1.25
20160227 07:50 -1.375
20160227 08:00 -1.1875
20160227 08:10 -1
20160227 08:20 -0.6875
20160227 08:30 -0.625
20160227 08:40 -0.25
20160227 08:50 -0.125
20160227 09:00 0.125
20160227 09:10 0.4375
20160227 09:20 0.5
20160227 09:30 0.5
20160227 09:40 0.75
20160227 09:50 1.625
20160227 10:00 1.875
20160227 10:10 1.875
20160227 10:20 85
20160227 10:30 3
20160227 10:40 3.1875
20160227 10:50 3.6875
20160227 11:00 4.5
20160227 11:10 4.25
20160227 11:20 4.875
20160227 11:30 5.25
20160227 11:40 5.3125
20160227 11:50 5.75
20160227 12:00 5.875
20160227 12:10 5.875
20160227 12:20 6.5625
20160227 12:30 6.5
20160227 12:40 6.625
20160227 12:50 6.5
20160227 13:00 5.75
20160227 13:10 6.875
20160227 13:20 7.1875
20160227 13:30 6.8125
20160227 13:40 7
20160227 13:50 7.25
20160227 14:00 7
20160227 14:10 5.875
20160227 14:20 5.6875
20160227 14:30 5.8125
20160227 14:40 5.125
20160227 14:50 4.875
20160227 15:00 5.75
20160227 15:10 5.4375
20160227 15:20 5.625
20160227 15:30 5.25
20160227 15:40 4.5625
20160227 15:50 5
20160227 16:00 4.625
20160227 16:10 4.375
20160227 16:20 4.5
20160227 16:30 4.625
20160227 16:40 4.4375
20160227 16:50 4.25
20160227 17:00 4.25
20160227 17:10 4.0625
20160227 17:20 3.875
20160227 17:30 3.75
20160227 17:40 3.375
20160227 17:50 3.0625
20160227 18:00 2.625
20160227 18:10 2.4375
20160227 18:20 2.1875
20160227 18:30 1.9375
20160227 18:40 1.875
20160227 18:50 1.875
20160227 19:00 1.625
20160227 19:10 1.375
20160227 19:20 1.1875
20160227 19:30 1.3125
20160227 19:40 1
20160227 19:50 1
20160227 20:00 0.875
20160227 20:10 0.875
20160227 20:20 0.5625
20160227 20:30 0.75
20160227 20:40 0.5625
20160227 20:50 0.5
20160227 21:00 0.375
20160227 21:10 0.25
20160227 21:20 0.25
20160227 21:30 0
20160227 21:40 0
20160227 21:50 0
20160227 22:00 -0.125
20160227 22:10 -0.375
20160227 22:20 -0.375
20160227 22:30 -0.25
20160227 22:40 -0.5
20160227 22:50 -0.375
20160227 23:00 -0.5
20160227 23:10 -0.5625
20160227 23:20 -0.5
20160227 23:30 -0.875
20160227 23:40 -1
20160227 23:50 -1.75
