YYYYMMDD HH:MM measured temperature
20160328 00:00 7
20160328 00:10 7
20160328 00:20 6.875
20160328 00:30 6.875
20160328 00:40 6.75
20160328 00:50 6.5
20160328 01:00 6.5
20160328 01:10 6.5
20160328 01:20 6.25
20160328 01:30 6.25
20160328 01:40 6.25
20160328 01:50 6
20160328 02:00 5.875
20160328 02:10 6
20160328 02:20 6
20160328 02:30 5.875
20160328 02:40 6
20160328 02:50 5.875
20160328 03:00 5.875
20160328 03:10 5.625
20160328 03:20 5.75
20160328 03:30 5.75
20160328 03:40 5.75
20160328 03:50 5.875
20160328 04:00 5.875
20160328 04:10 6
20160328 04:20 5.75
20160328 04:30 5.625
20160328 04:40 5.5
20160328 04:50 5.5
20160328 05:00 5.375
20160328 05:10 5.375
20160328 05:20 5.5
20160328 05:30 5.5
20160328 05:40 5.5
20160328 05:50 5.5
20160328 06:00 5.5
20160328 06:10 5.375
20160328 06:20 5.375
20160328 06:30 5.125
20160328 06:40 5.25
20160328 06:50 5.125
20160328 07:00 5.125
20160328 07:10 5.25
20160328 07:20 5.375
20160328 07:30 5.375
20160328 07:40 5.5
20160328 07:50 6
20160328 08:00 6.125
20160328 08:10 6.375
20160328 08:20 6.625
20160328 08:30 7
20160328 08:40 7.875
20160328 08:50 8.375
20160328 09:00 8.5
20160328 09:10 8.875
20160328 09:20 9.5
20160328 09:30 9.75
20160328 09:40 9.75
20160328 09:50 9.875
20160328 10:00 9.875
20160328 10:10 10.875
20160328 10:20 10.5
20160328 10:30 10.5
20160328 10:40 10.75
20160328 10:50 11.125
20160328 11:00 10.875
20160328 11:10 10.875
20160328 11:20 11.125
20160328 11:30 11
20160328 11:40 10.625
20160328 11:50 10.5
20160328 12:00 10.625
20160328 12:10 10.75
20160328 12:20 10.875
20160328 12:30 11
20160328 12:40 11
20160328 12:50 11.25
20160328 13:00 11.5
20160328 13:10 11.75
20160328 13:20 12
20160328 13:30 11.875
20160328 13:40 12.125
20160328 13:50 12
20160328 14:00 11.75
20160328 14:10 11.5
20160328 14:20 11.625
20160328 14:30 11.375
20160328 14:40 11.25
20160328 14:50 11
20160328 15:00 10.75
20160328 15:10 10.5
20160328 15:20 10.25
20160328 15:30 10.5
20160328 15:40 10.25
20160328 15:50 10.625
20160328 16:00 10.875
20160328 16:10 10.875
20160328 16:20 10.375
20160328 16:30 9.875
20160328 16:40 10.25
20160328 16:50 10.5
20160328 17:00 10.625
20160328 17:10 10
20160328 17:20 9.625
20160328 17:30 9.25
20160328 17:40 9.375
20160328 17:50 10
20160328 18:00 9.875
20160328 18:10 9.875
20160328 18:20 9.75
20160328 18:30 9.75
20160328 18:40 9.625
20160328 18:50 9.375
20160328 19:00 9.25
20160328 19:10 9.25
20160328 19:20 7.125
20160328 19:30 7.375
20160328 19:40 7
20160328 19:50 7.5
20160328 20:00 8.125
20160328 20:10 6.375
20160328 20:20 6.125
20160328 20:30 5.5
20160328 20:40 5.25
20160328 20:50 5.25
20160328 21:00 5.5
20160328 21:10 85
20160328 21:20 6
20160328 21:30 6.0625
20160328 21:40 6.125
20160328 21:50 6.375
20160328 22:00 6.3125
20160328 22:10 6.1875
20160328 22:20 6.25
20160328 22:30 6
20160328 22:40 5.875
20160328 22:50 6
20160328 23:00 5.875
20160328 23:10 6
20160328 23:20 6
20160328 23:30 6.125
20160328 23:40 6
20160328 23:50 6
