YYYYMMDD HH:MM measured temperature
20160108 00:00 -1.4375
20160108 00:10 85
20160108 00:20 -0.9375
20160108 00:30 -0.6875
20160108 00:40 -0.375
20160108 00:50 -0.0625
20160108 01:00 0.125
20160108 01:10 0.375
20160108 01:20 0.9375
20160108 01:30 1.1875
20160108 01:40 1.4375
20160108 01:50 1.75
20160108 02:00 85
20160108 02:10 2.25
20160108 02:20 2.375
20160108 02:30 2.625
20160108 02:40 2.75
20160108 02:50 2.875
20160108 03:00 3.125
20160108 03:10 3.375
20160108 03:20 3.125
20160108 03:30 3.125
20160108 03:40 3.125
20160108 03:50 3.25
20160108 04:00 3.375
20160108 04:10 3.25
20160108 04:20 3.375
20160108 04:30 3.5
20160108 04:40 3.625
20160108 04:50 3.375
20160108 05:00 3.375
20160108 05:10 3.25
20160108 05:20 3.25
20160108 05:30 3.125
20160108 05:40 3.375
20160108 05:50 3.25
20160108 06:00 3.5
20160108 06:10 3.375
20160108 06:20 3.5
20160108 06:30 3.5
20160108 06:40 3.5
20160108 06:50 3.75
20160108 07:00 3.75
20160108 07:10 3.75
20160108 07:20 3.875
20160108 07:30 4.125
20160108 07:40 3.875
20160108 07:50 3.75
20160108 08:00 3.75
20160108 08:10 3.875
20160108 08:20 3.875
20160108 08:30 3.875
20160108 08:40 3.875
20160108 08:50 3.75
20160108 09:00 3.75
20160108 09:10 3.5
20160108 09:20 3.375
20160108 09:30 3.375
20160108 09:40 3.375
20160108 09:50 3.375
20160108 10:00 3.5
20160108 10:10 3.75
20160108 10:20 3.875
20160108 10:30 3.875
20160108 10:40 3.75
20160108 10:50 3.875
20160108 11:00 3.5
20160108 11:10 3.75
20160108 11:20 4
20160108 11:30 3.875
20160108 11:40 3.75
20160108 11:50 3.75
20160108 12:00 3.875
20160108 12:10 3.875
20160108 12:20 4
20160108 12:30 3.875
20160108 12:40 3.75
20160108 12:50 3.875
20160108 13:00 3.875
20160108 13:10 4
20160108 13:20 4
20160108 13:30 4.125
20160108 13:40 3.875
20160108 13:50 4
20160108 14:00 4.125
20160108 14:10 4.375
20160108 14:20 4.625
20160108 14:30 4.625
20160108 14:40 4.875
20160108 14:50 5
20160108 15:00 4.625
20160108 15:10 4.5
20160108 15:20 4.375
20160108 15:30 4.375
20160108 15:40 4.25
20160108 15:50 4.25
20160108 16:00 4.25
20160108 16:10 4.25
20160108 16:20 4.125
20160108 16:30 4.125
20160108 16:40 3.875
20160108 16:50 4.125
20160108 17:00 3.875
20160108 17:10 3.75
20160108 17:20 3.5
20160108 17:30 3.125
20160108 17:40 2.5
20160108 17:50 2.5
20160108 18:00 2
20160108 18:10 2
20160108 18:20 2.625
20160108 18:30 2
20160108 18:40 2.25
20160108 18:50 2
20160108 19:00 2
20160108 19:10 2.375
20160108 19:20 2.25
20160108 19:30 2.125
20160108 19:40 2.125
20160108 19:50 2.25
20160108 20:00 2.125
20160108 20:10 2.75
20160108 20:20 3.125
20160108 20:30 3.125
20160108 20:40 3.125
20160108 20:50 3.125
20160108 21:00 2.75
20160108 21:10 2.3125
20160108 21:20 2
20160108 21:30 2.5
20160108 21:40 2.75
20160108 21:50 2.75
20160108 22:00 2.875
20160108 22:10 3
20160108 22:20 3
20160108 22:30 3.125
20160108 22:40 3.125
20160108 22:50 3
20160108 23:00 2.75
20160108 23:10 2.375
20160108 23:20 2.375
20160108 23:30 2.25
20160108 23:40 2.125
20160108 23:50 2.125
