YYYYMMDD HH:MM measured temperature
20160627 00:00 13.875
20160627 00:10 13.75
20160627 00:20 13.625
20160627 00:30 13.5
20160627 00:40 13.375
20160627 00:50 13.125
20160627 01:00 13.125
20160627 01:10 13
20160627 01:20 12.875
20160627 01:30 12.875
20160627 01:40 12.75
20160627 01:50 12.375
20160627 02:00 12.875
20160627 02:10 12.875
20160627 02:20 12.75
20160627 02:30 12.75
20160627 02:40 12.75
20160627 02:50 12.625
20160627 03:00 12.5
20160627 03:10 12.25
20160627 03:20 12.1875
20160627 03:30 12.125
20160627 03:40 12.125
20160627 03:50 11.875
20160627 04:00 11.6875
20160627 04:10 11.625
20160627 04:20 85
20160627 04:30 85
20160627 04:40 11.375
20160627 04:50 85
20160627 05:00 11.25
20160627 05:10 11.3125
20160627 05:20 11.25
20160627 05:30 11.25
20160627 05:40 11.25
20160627 05:50 11.375
20160627 06:00 85
20160627 06:10 11.625
20160627 06:20 11.75
20160627 06:30 12
20160627 06:40 12.25
20160627 06:50 12.5
20160627 07:00 12.75
20160627 07:10 13
20160627 07:20 13.25
20160627 07:30 13.5
20160627 07:40 13.75
20160627 07:50 14.25
20160627 08:00 14.5
20160627 08:10 14.875
20160627 08:20 15.25
20160627 08:30 15.75
20160627 08:40 16
20160627 08:50 16.25
20160627 09:00 16.75
20160627 09:10 17.375
20160627 09:20 17.375
20160627 09:30 17.875
20160627 09:40 18.5
20160627 09:50 17.125
20160627 10:00 17.375
20160627 10:10 18.5
20160627 10:20 17.625
20160627 10:30 17.5
20160627 10:40 19.125
20160627 10:50 18.375
20160627 11:00 18.625
20160627 11:10 19.125
20160627 11:20 18.875
20160627 11:30 19.5
20160627 11:40 19
20160627 11:50 20.25
20160627 12:00 19
20160627 12:10 19.5
20160627 12:20 20.75
20160627 12:30 20.875
20160627 12:40 20.75
20160627 12:50 21
20160627 13:00 20.25
20160627 13:10 21.75
20160627 13:20 20.5
20160627 13:30 22.125
20160627 13:40 20.5
20160627 13:50 20.25
20160627 14:00 20.25
20160627 14:10 21
20160627 14:20 20.75
20160627 14:30 20.875
20160627 14:40 21.125
20160627 14:50 20.375
20160627 15:00 20.5
20160627 15:10 20.75
20160627 15:20 20.5
20160627 15:30 20.625
20160627 15:40 20.75
20160627 15:50 20.375
20160627 16:00 20.375
20160627 16:10 19.875
20160627 16:20 20.125
20160627 16:30 20.625
20160627 16:40 19.75
20160627 16:50 19.25
20160627 17:00 19.5
20160627 17:10 20
20160627 17:20 19.25
20160627 17:30 19.125
20160627 17:40 17.75
20160627 17:50 17.5
20160627 18:00 17
20160627 18:10 16.5
20160627 18:20 16.125
20160627 18:30 16.125
20160627 18:40 85
20160627 18:50 16.25
20160627 19:00 16.375
20160627 19:10 85
20160627 19:20 16.0625
20160627 19:30 16.0625
20160627 19:40 16.125
20160627 19:50 16.125
20160627 20:00 16.1875
20160627 20:10 16.375
20160627 20:20 16.125
20160627 20:30 16.625
20160627 20:40 85
20160627 20:50 85
20160627 21:00 16.25
20160627 21:10 85
20160627 21:20 16
20160627 21:30 15.9375
20160627 21:40 15.75
20160627 21:50 85
20160627 22:00 15.625
20160627 22:10 15.625
20160627 22:20 15.375
20160627 22:30 85
20160627 22:40 15.5
20160627 22:50 15.5
20160627 23:00 15.5
20160627 23:10 15.5
20160627 23:20 15.5
20160627 23:30 15.5
20160627 23:40 15.3125
20160627 23:50 15.25
