YYYYMMDD HH:MM measured temperature
20160603 00:00 16.5
20160603 00:10 85
20160603 00:20 16.6875
20160603 00:30 16.625
20160603 00:40 16.4375
20160603 00:50 16.5
20160603 01:00 16.25
20160603 01:10 16.1875
20160603 01:20 16.1875
20160603 01:30 16.25
20160603 01:40 16.0625
20160603 01:50 15.875
20160603 02:00 15.875
20160603 02:10 15.8125
20160603 02:20 15.75
20160603 02:30 15.625
20160603 02:40 15.5
20160603 02:50 15.375
20160603 03:00 15.3125
20160603 03:10 15.1875
20160603 03:20 15.0625
20160603 03:30 15
20160603 03:40 14.875
20160603 03:50 14.9375
20160603 04:00 15.0625
20160603 04:10 15
20160603 04:20 85
20160603 04:30 14.875
20160603 04:40 14.875
20160603 04:50 14.875
20160603 05:00 14.875
20160603 05:10 14.75
20160603 05:20 14.75
20160603 05:30 14.75
20160603 05:40 14.75
20160603 05:50 14.8125
20160603 06:00 14.9375
20160603 06:10 15.125
20160603 06:20 15.375
20160603 06:30 15.5
20160603 06:40 15.625
20160603 06:50 15.75
20160603 07:00 16.125
20160603 07:10 16.5
20160603 07:20 16.75
20160603 07:30 17
20160603 07:40 17.1875
20160603 07:50 17.625
20160603 08:00 18
20160603 08:10 18.5
20160603 08:20 19.5
20160603 08:30 18.9375
20160603 08:40 18.875
20160603 08:50 19
20160603 09:00 19.5
20160603 09:10 21.1875
20160603 09:20 21
20160603 09:30 21.375
20160603 09:40 22
20160603 09:50 22.125
20160603 10:00 22.875
20160603 10:10 22.125
20160603 10:20 23.3125
20160603 10:30 24.0625
20160603 10:40 23.875
20160603 10:50 24.75
20160603 11:00 24.625
20160603 11:10 25.125
20160603 11:20 25.375
20160603 11:30 25.625
20160603 11:40 25.625
20160603 11:50 25.6875
20160603 12:00 26.625
20160603 12:10 25
20160603 12:20 25.5
20160603 12:30 25.5625
20160603 12:40 25.75
20160603 12:50 27
20160603 13:00 26.375
20160603 13:10 25.375
20160603 13:20 26.625
20160603 13:30 26.875
20160603 13:40 27.75
20160603 13:50 26.75
20160603 14:00 27.625
20160603 14:10 27
20160603 14:20 27
20160603 14:30 27.125
20160603 14:40 27.75
20160603 14:50 27.625
20160603 15:00 27.25
20160603 15:10 26
20160603 15:20 26.625
20160603 15:30 26.75
20160603 15:40 25.5
20160603 15:50 24.25
20160603 16:00 25.125
20160603 16:10 25.25
20160603 16:20 22.625
20160603 16:30 22.125
20160603 16:40 20.625
20160603 16:50 85
20160603 17:00 20.8125
20160603 17:10 20.8125
20160603 17:20 85
20160603 17:30 22.5625
20160603 17:40 23.25
20160603 17:50 23.75
20160603 18:00 23.9375
20160603 18:10 24.0625
20160603 18:20 23.875
20160603 18:30 23.8125
20160603 18:40 23.75
20160603 18:50 23.875
20160603 19:00 24.5
20160603 19:10 24.125
20160603 19:20 24.3125
20160603 19:30 23.875
20160603 19:40 23.625
20160603 19:50 23.8125
20160603 20:00 23.75
20160603 20:10 23.375
20160603 20:20 23.3125
20160603 20:30 23.1875
20160603 20:40 22.625
20160603 20:50 22.125
20160603 21:00 21.5625
20160603 21:10 21.3125
20160603 21:20 20.875
20160603 21:30 20.4375
20160603 21:40 20.1875
20160603 21:50 19.875
20160603 22:00 19.625
20160603 22:10 19.3125
20160603 22:20 19.125
20160603 22:30 19
20160603 22:40 18.75
20160603 22:50 18.625
20160603 23:00 18.375
20160603 23:10 18.1875
20160603 23:20 17.9375
20160603 23:30 17.875
20160603 23:40 17.625
20160603 23:50 17.625
