YYYYMMDD HH:MM measured temperature
20160106 00:00 -6.25
20160106 00:10 -6.25
20160106 00:20 -6.25
20160106 00:30 -6.25
20160106 00:40 -6.375
20160106 00:50 -6.375
20160106 01:00 -6.375
20160106 01:10 -6.5
20160106 01:20 -6.5
20160106 01:30 -6.625
20160106 01:40 -6.625
20160106 01:50 -6.75
20160106 02:00 -6.75
20160106 02:10 -6.75
20160106 02:20 -6.875
20160106 02:30 -6.875
20160106 02:40 -6.875
20160106 02:50 -7
20160106 03:00 -7
20160106 03:10 -6.875
20160106 03:20 -6.875
20160106 03:30 -6.875
20160106 03:40 -6.875
20160106 03:50 -6.875
20160106 04:00 -6.875
20160106 04:10 -6.875
20160106 04:20 -6.875
20160106 04:30 -6.875
20160106 04:40 -6.875
20160106 04:50 -6.875
20160106 05:00 -6.875
20160106 05:10 -6.75
20160106 05:20 -6.875
20160106 05:30 -6.875
20160106 05:40 -6.875
20160106 05:50 -6.875
20160106 06:00 -6.875
20160106 06:10 -6.875
20160106 06:20 -6.875
20160106 06:30 -6.875
20160106 06:40 -7
20160106 06:50 -6.875
20160106 07:00 -7
20160106 07:10 -7
20160106 07:20 -7
20160106 07:30 -7
20160106 07:40 -6.875
20160106 07:50 -6.875
20160106 08:00 -6.875
20160106 08:10 -6.75
20160106 08:20 -6.75
20160106 08:30 -6.75
20160106 08:40 -6.75
20160106 08:50 -6.625
20160106 09:00 -6.625
20160106 09:10 -6.625
20160106 09:20 -6.5
20160106 09:30 -6.375
20160106 09:40 -6.25
20160106 09:50 -6.125
20160106 10:00 -6
20160106 10:10 -5.875
20160106 10:20 -5.75
20160106 10:30 -5.5
20160106 10:40 -5.25
20160106 10:50 -5.125
20160106 11:00 -5
20160106 11:10 -5
20160106 11:20 -5
20160106 11:30 -4.75
20160106 11:40 -4.625
20160106 11:50 -4.625
20160106 12:00 -4.5
20160106 12:10 -4.625
20160106 12:20 -4.5
20160106 12:30 -4.625
20160106 12:40 -4.5
20160106 12:50 -4.5
20160106 13:00 -4.375
20160106 13:10 -4.375
20160106 13:20 -4.5
20160106 13:30 -4.5
20160106 13:40 -4.5
20160106 13:50 -4.5
20160106 14:00 -4.5
20160106 14:10 -4.375
20160106 14:20 -4.5
20160106 14:30 -4.5
20160106 14:40 -4.5
20160106 14:50 -4.5
20160106 15:00 -4.625
20160106 15:10 -4.625
20160106 15:20 -4.75
20160106 15:30 -4.75
20160106 15:40 -4.875
20160106 15:50 -4.875
20160106 16:00 -5
20160106 16:10 -5
20160106 16:20 -5.125
20160106 16:30 -5.25
20160106 16:40 -5.25
20160106 16:50 -5.25
20160106 17:00 -5.25
20160106 17:10 -5.25
20160106 17:20 -5.375
20160106 17:30 -5.375
20160106 17:40 -5.375
20160106 17:50 -5.375
20160106 18:00 -5.375
20160106 18:10 -5.5
20160106 18:20 -5.5
20160106 18:30 -5.5
20160106 18:40 -5.5
20160106 18:50 -5.5
20160106 19:00 -5.5
20160106 19:10 -5.5
20160106 19:20 -5.5
20160106 19:30 -5.5
20160106 19:40 -5.5
20160106 19:50 -5.5
20160106 20:00 -5.5
20160106 20:10 -5.625
20160106 20:20 -5.625
20160106 20:30 -5.625
20160106 20:40 -5.625
20160106 20:50 -5.75
20160106 21:00 -5.75
20160106 21:10 -5.75
20160106 21:20 -5.75
20160106 21:30 -5.75
20160106 21:40 -5.75
20160106 21:50 -5.875
20160106 22:00 -5.875
20160106 22:10 -5.875
20160106 22:20 -5.875
20160106 22:30 -6
20160106 22:40 -6
20160106 22:50 -6
20160106 23:00 -6.125
20160106 23:10 -6
20160106 23:20 -6
20160106 23:30 -6.125
20160106 23:40 -6.125
20160106 23:50 -6.125
