YYYYMMDD HH:MM measured temperature
20160331 00:00 4.125
20160331 00:10 4.25
20160331 00:20 4.125
20160331 00:30 3.875
20160331 00:40 4.125
20160331 00:50 3.625
20160331 01:00 3.5
20160331 01:10 3.375
20160331 01:20 3.625
20160331 01:30 3.375
20160331 01:40 3.125
20160331 01:50 3.125
20160331 02:00 3.125
20160331 02:10 3
20160331 02:20 2.75
20160331 02:30 2.875
20160331 02:40 3
20160331 02:50 2.625
20160331 03:00 2.75
20160331 03:10 3
20160331 03:20 3
20160331 03:30 2.75
20160331 03:40 2.375
20160331 03:50 2.75
20160331 04:00 2.375
20160331 04:10 2.5
20160331 04:20 2.5
20160331 04:30 2.5
20160331 04:40 1.875
20160331 04:50 2
20160331 05:00 1.75
20160331 05:10 1.75
20160331 05:20 1.75
20160331 05:30 1.625
20160331 05:40 1.5
20160331 05:50 1.75
20160331 06:00 1.625
20160331 06:10 1.625
20160331 06:20 1.625
20160331 06:30 1.5
20160331 06:40 1.375
20160331 06:50 1.25
20160331 07:00 1.25
20160331 07:10 1.3125
20160331 07:20 1.375
20160331 07:30 1.5
20160331 07:40 1.875
20160331 07:50 2
20160331 08:00 2.375
20160331 08:10 2.625
20160331 08:20 2.75
20160331 08:30 3.125
20160331 08:40 3.625
20160331 08:50 4
20160331 09:00 4.5
20160331 09:10 4.375
20160331 09:20 5
20160331 09:30 5.625
20160331 09:40 6
20160331 09:50 6.5
20160331 10:00 6.875
20160331 10:10 7.625
20160331 10:20 8
20160331 10:30 8.375
20160331 10:40 8.625
20160331 10:50 8.375
20160331 11:00 8.375
20160331 11:10 8.75
20160331 11:20 8.75
20160331 11:30 8.625
20160331 11:40 9.625
20160331 11:50 9.25
20160331 12:00 9.5
20160331 12:10 8.9375
20160331 12:20 8.875
20160331 12:30 9.5
20160331 12:40 9.375
20160331 12:50 9.9375
20160331 13:00 10
20160331 13:10 9.5625
20160331 13:20 9.75
20160331 13:30 10
20160331 13:40 10.125
20160331 13:50 11.125
20160331 14:00 10.375
20160331 14:10 10.1875
20160331 14:20 10.5
20160331 14:30 11
20160331 14:40 9.875
20160331 14:50 9.625
20160331 15:00 10
20160331 15:10 10
20160331 15:20 11
20160331 15:30 10.5
20160331 15:40 9.875
20160331 15:50 9.625
20160331 16:00 10
20160331 16:10 10.125
20160331 16:20 10.125
20160331 16:30 9.875
20160331 16:40 9.875
20160331 16:50 9.75
20160331 17:00 9.625
20160331 17:10 9.5
20160331 17:20 9.375
20160331 17:30 9.25
20160331 17:40 9.25
20160331 17:50 9.125
20160331 18:00 9.125
20160331 18:10 8.875
20160331 18:20 9
20160331 18:30 8.75
20160331 18:40 8.625
20160331 18:50 8.5
20160331 19:00 8.375
20160331 19:10 8.125
20160331 19:20 8
20160331 19:30 7.75
20160331 19:40 7.5
20160331 19:50 7.375
20160331 20:00 7.25
20160331 20:10 7
20160331 20:20 7
20160331 20:30 6.875
20160331 20:40 6.75
20160331 20:50 6.75
20160331 21:00 6.625
20160331 21:10 6.5
20160331 21:20 6.375
20160331 21:30 6.375
20160331 21:40 6.25
20160331 21:50 6.125
20160331 22:00 6.125
20160331 22:10 6
20160331 22:20 6
20160331 22:30 5.875
20160331 22:40 5.875
20160331 22:50 5.75
20160331 23:00 5.75
20160331 23:10 5.75
20160331 23:20 5.75
20160331 23:30 5.75
20160331 23:40 5.75
20160331 23:50 5.625
