YYYYMMDD HH:MM measured temperature
20160224 00:00 1.375
20160224 00:10 1.5
20160224 00:20 1.375
20160224 00:30 1.625
20160224 00:40 1.3125
20160224 00:50 1.375
20160224 01:00 1.25
20160224 01:10 1.3125
20160224 01:20 1.5
20160224 01:30 1.25
20160224 01:40 0.9375
20160224 01:50 0.8125
20160224 02:00 0.875
20160224 02:10 85
20160224 02:20 1.125
20160224 02:30 0.8125
20160224 02:40 0.625
20160224 02:50 0.375
20160224 03:00 0.3125
20160224 03:10 0.375
20160224 03:20 0.6875
20160224 03:30 1
20160224 03:40 85
20160224 03:50 85
20160224 04:00 0.4375
20160224 04:10 0.1875
20160224 04:20 0.25
20160224 04:30 0.4375
20160224 04:40 0.25
20160224 04:50 0.3125
20160224 05:00 0
20160224 05:10 0
20160224 05:20 0
20160224 05:30 0.0625
20160224 05:40 0
20160224 05:50 0.4375
20160224 06:00 0.5
20160224 06:10 0.25
20160224 06:20 0.0625
20160224 06:30 0.0625
20160224 06:40 -0.125
20160224 06:50 -0.1875
20160224 07:00 -0.125
20160224 07:10 -0.1875
20160224 07:20 -0.3125
20160224 07:30 -0.125
20160224 07:40 -0.3125
20160224 07:50 -0.125
20160224 08:00 0
20160224 08:10 0.0625
20160224 08:20 0.25
20160224 08:30 0.5625
20160224 08:40 0.75
20160224 08:50 1
20160224 09:00 1.1875
20160224 09:10 1.5625
20160224 09:20 1.25
20160224 09:30 1.9375
20160224 09:40 2.125
20160224 09:50 2.375
20160224 10:00 2.5625
20160224 10:10 2.875
20160224 10:20 3
20160224 10:30 3.375
20160224 10:40 3.375
20160224 10:50 4.125
20160224 11:00 4
20160224 11:10 4.5
20160224 11:20 4.0625
20160224 11:30 4.4375
20160224 11:40 4.25
20160224 11:50 5.125
20160224 12:00 4.875
20160224 12:10 4.9375
20160224 12:20 4.25
20160224 12:30 3.875
20160224 12:40 5.25
20160224 12:50 5
20160224 13:00 4.3125
20160224 13:10 4.625
20160224 13:20 4.1875
20160224 13:30 4.75
20160224 13:40 4.1875
20160224 13:50 4.5625
20160224 14:00 5.25
20160224 14:10 2.3125
20160224 14:20 1.125
20160224 14:30 2.375
20160224 14:40 2.25
20160224 14:50 85
20160224 15:00 4.75
20160224 15:10 4.9375
20160224 15:20 4.5
20160224 15:30 4
20160224 15:40 3.6875
20160224 15:50 4.0625
20160224 16:00 4.125
20160224 16:10 4.25
20160224 16:20 3.4375
20160224 16:30 3.125
20160224 16:40 3.3125
20160224 16:50 3.125
20160224 17:00 3
20160224 17:10 2.9375
20160224 17:20 2.6875
20160224 17:30 2.625
20160224 17:40 2.625
20160224 17:50 2.1875
20160224 18:00 1.875
20160224 18:10 1.9375
20160224 18:20 1.75
20160224 18:30 1.5625
20160224 18:40 1.375
20160224 18:50 1.3125
20160224 19:00 1.4375
20160224 19:10 1.3125
20160224 19:20 1.0625
20160224 19:30 0.6875
20160224 19:40 0.625
20160224 19:50 0.625
20160224 20:00 0.625
20160224 20:10 0.625
20160224 20:20 0.5625
20160224 20:30 0.3125
20160224 20:40 85
20160224 20:50 0.3125
20160224 21:00 85
20160224 21:10 -0.125
20160224 21:20 -0.125
20160224 21:30 -0.125
20160224 21:40 -0.4375
20160224 21:50 -0.75
20160224 22:00 -0.5
20160224 22:10 -0.5625
20160224 22:20 -0.5
20160224 22:30 -0.1875
20160224 22:40 -0.125
20160224 22:50 -0.25
20160224 23:00 -0.1875
20160224 23:10 -0.1875
20160224 23:20 -0.375
20160224 23:30 -0.375
20160224 23:40 -0.125
20160224 23:50 -0.25
