YYYYMMDD HH:MM measured temperature
20160606 00:00 16.25
20160606 00:10 16.125
20160606 00:20 15.9375
20160606 00:30 15.9375
20160606 00:40 15.75
20160606 00:50 15.8125
20160606 01:00 85
20160606 01:10 15.625
20160606 01:20 15.6875
20160606 01:30 15.625
20160606 01:40 15.75
20160606 01:50 15.75
20160606 02:00 15.9375
20160606 02:10 16
20160606 02:20 16
20160606 02:30 15.875
20160606 02:40 15.875
20160606 02:50 16
20160606 03:00 16
20160606 03:10 16
20160606 03:20 16
20160606 03:30 15.9375
20160606 03:40 16
20160606 03:50 16.1875
20160606 04:00 16.125
20160606 04:10 16.125
20160606 04:20 16.125
20160606 04:30 16.0625
20160606 04:40 16
20160606 04:50 16.125
20160606 05:00 16
20160606 05:10 16.1875
20160606 05:20 16
20160606 05:30 15.9375
20160606 05:40 16.0625
20160606 05:50 16.1875
20160606 06:00 16.125
20160606 06:10 16.1875
20160606 06:20 16.375
20160606 06:30 16.4375
20160606 06:40 16.25
20160606 06:50 16.5625
20160606 07:00 16.8125
20160606 07:10 16.6875
20160606 07:20 17
20160606 07:30 16.8125
20160606 07:40 17.375
20160606 07:50 17.25
20160606 08:00 17.75
20160606 08:10 85
20160606 08:20 17.3125
20160606 08:30 17.75
20160606 08:40 17.9375
20160606 08:50 18
20160606 09:00 18.875
20160606 09:10 19.1875
20160606 09:20 19.3125
20160606 09:30 21.125
20160606 09:40 20.25
20160606 09:50 21.3125
20160606 10:00 22.1875
20160606 10:10 23.25
20160606 10:20 22.625
20160606 10:30 22.625
20160606 10:40 23.1875
20160606 10:50 23.25
20160606 11:00 24.0625
20160606 11:10 25.375
20160606 11:20 24
20160606 11:30 24.6875
20160606 11:40 26
20160606 11:50 25.1875
20160606 12:00 26.25
20160606 12:10 26.8125
20160606 12:20 26.375
20160606 12:30 25.625
20160606 12:40 26.625
20160606 12:50 26.5
20160606 13:00 26.75
20160606 13:10 25.875
20160606 13:20 26
20160606 13:30 26.375
20160606 13:40 26.125
20160606 13:50 25.375
20160606 14:00 25.625
20160606 14:10 26
20160606 14:20 26.875
20160606 14:30 28.125
20160606 14:40 27.75
20160606 14:50 28
20160606 15:00 28.125
20160606 15:10 27.625
20160606 15:20 27.5
20160606 15:30 26.875
20160606 15:40 26.875
20160606 15:50 27.375
20160606 16:00 27.875
20160606 16:10 27.75
20160606 16:20 27.125
20160606 16:30 27.625
20160606 16:40 26.125
20160606 16:50 25.125
20160606 17:00 24.5
20160606 17:10 24.25
20160606 17:20 24.125
20160606 17:30 24.125
20160606 17:40 24.25
20160606 17:50 25
20160606 18:00 26.125
20160606 18:10 27.125
20160606 18:20 26.625
20160606 18:30 27
20160606 18:40 26.375
20160606 18:50 26.25
20160606 19:00 26
20160606 19:10 25.375
20160606 19:20 25.125
20160606 19:30 25.625
20160606 19:40 25.125
20160606 19:50 24.875
20160606 20:00 24.75
20160606 20:10 24.25
20160606 20:20 24
20160606 20:30 23.75
20160606 20:40 23.375
20160606 20:50 23
20160606 21:00 22.75
20160606 21:10 22.25
20160606 21:20 22
20160606 21:30 21.625
20160606 21:40 21.375
20160606 21:50 21.125
20160606 22:00 20.75
20160606 22:10 20.5
20160606 22:20 20
20160606 22:30 19.75
20160606 22:40 19.625
20160606 22:50 19.5
20160606 23:00 19.375
20160606 23:10 19
20160606 23:20 18.75
20160606 23:30 18.625
20160606 23:40 18.375
20160606 23:50 18.125
