YYYYMMDD HH:MM measured temperature
20160509 00:00 16.125
20160509 00:10 15.875
20160509 00:20 15.75
20160509 00:30 15.5
20160509 00:40 15.125
20160509 00:50 15.125
20160509 01:00 14.875
20160509 01:10 14.625
20160509 01:20 14.375
20160509 01:30 14.125
20160509 01:40 14
20160509 01:50 13.75
20160509 02:00 13.75
20160509 02:10 13.75
20160509 02:20 13.875
20160509 02:30 13.625
20160509 02:40 13.5
20160509 02:50 13.25
20160509 03:00 13.125
20160509 03:10 13
20160509 03:20 12.75
20160509 03:30 12.75
20160509 03:40 12.6875
20160509 03:50 12.625
20160509 04:00 12.5625
20160509 04:10 12.5
20160509 04:20 12.3125
20160509 04:30 12.125
20160509 04:40 12.125
20160509 04:50 12
20160509 05:00 11.875
20160509 05:10 11.875
20160509 05:20 11.875
20160509 05:30 11.8125
20160509 05:40 11.875
20160509 05:50 11.75
20160509 06:00 11.625
20160509 06:10 11.75
20160509 06:20 11.8125
20160509 06:30 12
20160509 06:40 12.1875
20160509 06:50 12.4375
20160509 07:00 12.625
20160509 07:10 12.875
20160509 07:20 13.25
20160509 07:30 13.625
20160509 07:40 14
20160509 07:50 14.625
20160509 08:00 15.3125
20160509 08:10 16
20160509 08:20 17.125
20160509 08:30 17.875
20160509 08:40 18.25
20160509 08:50 19.125
20160509 09:00 19.75
20160509 09:10 19.625
20160509 09:20 20.5
20160509 09:30 21.25
20160509 09:40 21.25
20160509 09:50 22.125
20160509 10:00 22.5
20160509 10:10 22.75
20160509 10:20 23.125
20160509 10:30 23.375
20160509 10:40 23.375
20160509 10:50 23.625
20160509 11:00 24.25
20160509 11:10 23.875
20160509 11:20 24.125
20160509 11:30 23.75
20160509 11:40 24.375
20160509 11:50 24.75
20160509 12:00 24.75
20160509 12:10 24.5
20160509 12:20 24.75
20160509 12:30 25
20160509 12:40 25.5
20160509 12:50 25
20160509 13:00 25
20160509 13:10 25.125
20160509 13:20 25.5
20160509 13:30 25.375
20160509 13:40 25.75
20160509 13:50 25.625
20160509 14:00 26.25
20160509 14:10 25.75
20160509 14:20 25.375
20160509 14:30 25.625
20160509 14:40 25.5
20160509 14:50 26.125
20160509 15:00 26.125
20160509 15:10 26
20160509 15:20 25.75
20160509 15:30 26.125
20160509 15:40 26
20160509 15:50 25.625
20160509 16:00 25.625
20160509 16:10 25.625
20160509 16:20 24.875
20160509 16:30 25.125
20160509 16:40 25.25
20160509 16:50 25.5
20160509 17:00 25.25
20160509 17:10 25.25
20160509 17:20 24.875
20160509 17:30 24.75
20160509 17:40 24.5
20160509 17:50 24.5
20160509 18:00 24.375
20160509 18:10 24.25
20160509 18:20 24
20160509 18:30 24
20160509 18:40 23.75
20160509 18:50 23.25
20160509 19:00 23.25
20160509 19:10 23
20160509 19:20 23
20160509 19:30 22.5
20160509 19:40 22.625
20160509 19:50 22.25
20160509 20:00 22.125
20160509 20:10 21.75
20160509 20:20 21.375
20160509 20:30 21.125
20160509 20:40 20.75
20160509 20:50 20.375
20160509 21:00 19.75
20160509 21:10 19.625
20160509 21:20 19.25
20160509 21:30 19.125
20160509 21:40 18.75
20160509 21:50 18.625
20160509 22:00 18.25
20160509 22:10 18
20160509 22:20 17.875
20160509 22:30 17.875
20160509 22:40 17.625
20160509 22:50 17.625
20160509 23:00 17.375
20160509 23:10 17.25
20160509 23:20 16.875
20160509 23:30 16.75
20160509 23:40 16.75
20160509 23:50 16.375
