YYYYMMDD HH:MM measured temperature
20160401 00:00 5.5
20160401 00:10 5.5
20160401 00:20 5.5
20160401 00:30 5.5
20160401 00:40 5.375
20160401 00:50 5.25
20160401 01:00 5.25
20160401 01:10 5.125
20160401 01:20 5.125
20160401 01:30 5
20160401 01:40 4.875
20160401 01:50 4.75
20160401 02:00 4.625
20160401 02:10 4.625
20160401 02:20 4.625
20160401 02:30 4.5
20160401 02:40 4.375
20160401 02:50 4.375
20160401 03:00 4.25
20160401 03:10 4
20160401 03:20 4
20160401 03:30 3.875
20160401 03:40 3.875
20160401 03:50 3.75
20160401 04:00 3.625
20160401 04:10 3.5
20160401 04:20 3.25
20160401 04:30 3
20160401 04:40 2.625
20160401 04:50 2.5
20160401 05:00 2.375
20160401 05:10 2
20160401 05:20 2.125
20160401 05:30 1.75
20160401 05:40 1.625
20160401 05:50 1.375
20160401 06:00 1
20160401 06:10 0.875
20160401 06:20 0.625
20160401 06:30 0.375
20160401 06:40 0.125
20160401 06:50 -0.125
20160401 07:00 -0.25
20160401 07:10 0
20160401 07:20 -0.25
20160401 07:30 0.125
20160401 07:40 0.125
20160401 07:50 0.125
20160401 08:00 0.375
20160401 08:10 0.75
20160401 08:20 1.125
20160401 08:30 2
20160401 08:40 2.875
20160401 08:50 3.25
20160401 09:00 3.875
20160401 09:10 4.25
20160401 09:20 4.25
20160401 09:30 4.375
20160401 09:40 5.25
20160401 09:50 4.75
20160401 10:00 5
20160401 10:10 5.0625
20160401 10:20 5.8125
20160401 10:30 5.625
20160401 10:40 5.875
20160401 10:50 7.125
20160401 11:00 6.625
20160401 11:10 7
20160401 11:20 6.875
20160401 11:30 7.875
20160401 11:40 7.375
20160401 11:50 7.375
20160401 12:00 7.875
20160401 12:10 8.125
20160401 12:20 9.25
20160401 12:30 9.75
20160401 12:40 9.375
20160401 12:50 9.5
20160401 13:00 10
20160401 13:10 9
20160401 13:20 9.125
20160401 13:30 11.25
20160401 13:40 11.625
20160401 13:50 10.125
20160401 14:00 10.375
20160401 14:10 12.125
20160401 14:20 11.75
20160401 14:30 10.625
20160401 14:40 11.375
20160401 14:50 12.375
20160401 15:00 12.5
20160401 15:10 12.5
20160401 15:20 12.875
20160401 15:30 11.5
20160401 15:40 12.125
20160401 15:50 11.875
20160401 16:00 12
20160401 16:10 13
20160401 16:20 13
20160401 16:30 12.625
20160401 16:40 13
20160401 16:50 12.625
20160401 17:00 12.75
20160401 17:10 11.75
20160401 17:20 12.25
20160401 17:30 12.625
20160401 17:40 11.5
20160401 17:50 11.5
20160401 18:00 11.875
20160401 18:10 11
20160401 18:20 11.5
20160401 18:30 11.125
20160401 18:40 10.875
20160401 18:50 10.5
20160401 19:00 10.25
20160401 19:10 10
20160401 19:20 9.625
20160401 19:30 9
20160401 19:40 8.75
20160401 19:50 8.25
20160401 20:00 7.625
20160401 20:10 7.25
20160401 20:20 6.875
20160401 20:30 6.5
20160401 20:40 6.375
20160401 20:50 6.125
20160401 21:00 6.125
20160401 21:10 5.875
20160401 21:20 5.875
20160401 21:30 5.75
20160401 21:40 5.625
20160401 21:50 5
20160401 22:00 4.875
20160401 22:10 4.75
20160401 22:20 4.625
20160401 22:30 4.625
20160401 22:40 4.5
20160401 22:50 4.375
20160401 23:00 4.25
20160401 23:10 4.25
20160401 23:20 4
20160401 23:30 4.125
20160401 23:40 4.5
20160401 23:50 4.75
