YYYYMMDD HH:MM measured temperature
20160522 00:00 16.875
20160522 00:10 16.75
20160522 00:20 16.625
20160522 00:30 16.5
20160522 00:40 16.75
20160522 00:50 16.5
20160522 01:00 16.375
20160522 01:10 16.625
20160522 01:20 16.5
20160522 01:30 16.125
20160522 01:40 15.875
20160522 01:50 16.0625
20160522 02:00 15.875
20160522 02:10 15.875
20160522 02:20 15.75
20160522 02:30 15.75
20160522 02:40 15.75
20160522 02:50 15.4375
20160522 03:00 15.4375
20160522 03:10 15.125
20160522 03:20 14.75
20160522 03:30 14.25
20160522 03:40 13.875
20160522 03:50 13.875
20160522 04:00 14
20160522 04:10 13.875
20160522 04:20 13.75
20160522 04:30 14
20160522 04:40 14.125
20160522 04:50 14.125
20160522 05:00 14.5
20160522 05:10 14
20160522 05:20 13.6875
20160522 05:30 13.6875
20160522 05:40 14.25
20160522 05:50 14.8125
20160522 06:00 15.125
20160522 06:10 14.9375
20160522 06:20 14.625
20160522 06:30 14.625
20160522 06:40 15.125
20160522 06:50 15.4375
20160522 07:00 15.75
20160522 07:10 16
20160522 07:20 16.25
20160522 07:30 16.375
20160522 07:40 16.625
20160522 07:50 16.9375
20160522 08:00 17.125
20160522 08:10 17.4375
20160522 08:20 18.125
20160522 08:30 18.3125
20160522 08:40 19
20160522 08:50 19.75
20160522 09:00 20.625
20160522 09:10 20.375
20160522 09:20 20.375
20160522 09:30 21.25
20160522 09:40 20.875
20160522 09:50 21.375
20160522 10:00 22
20160522 10:10 22
20160522 10:20 22.875
20160522 10:30 23.25
20160522 10:40 23.75
20160522 10:50 23.625
20160522 11:00 24
20160522 11:10 24.25
20160522 11:20 25.125
20160522 11:30 24.5
20160522 11:40 24.625
20160522 11:50 25.125
20160522 12:00 25.5
20160522 12:10 25.5
20160522 12:20 25.75
20160522 12:30 26.5
20160522 12:40 26.625
20160522 12:50 26.875
20160522 13:00 27
20160522 13:10 26.875
20160522 13:20 27.375
20160522 13:30 27.125
20160522 13:40 27.5
20160522 13:50 27.125
20160522 14:00 27.125
20160522 14:10 28.5
20160522 14:20 28
20160522 14:30 28.125
20160522 14:40 27.5
20160522 14:50 27.875
20160522 15:00 27.625
20160522 15:10 27.25
20160522 15:20 26.625
20160522 15:30 27.375
20160522 15:40 27
20160522 15:50 26.125
20160522 16:00 26
20160522 16:10 26.5
20160522 16:20 26.125
20160522 16:30 25.25
20160522 16:40 25.375
20160522 16:50 25
20160522 17:00 24.625
20160522 17:10 24.5
20160522 17:20 24
20160522 17:30 24.75
20160522 17:40 24.75
20160522 17:50 24
20160522 18:00 23.625
20160522 18:10 23.375
20160522 18:20 23.5
20160522 18:30 23.125
20160522 18:40 22.25
20160522 18:50 21.875
20160522 19:00 21.375
20160522 19:10 21.1875
20160522 19:20 20.875
20160522 19:30 20.8125
20160522 19:40 20.5625
20160522 19:50 20.4375
20160522 20:00 20.125
20160522 20:10 19.75
20160522 20:20 19.4375
20160522 20:30 19.25
20160522 20:40 18.875
20160522 20:50 18.75
20160522 21:00 18.75
20160522 21:10 18.375
20160522 21:20 17.875
20160522 21:30 17.125
20160522 21:40 17
20160522 21:50 16.625
20160522 22:00 16.3125
20160522 22:10 15.9375
20160522 22:20 15.75
20160522 22:30 15.875
20160522 22:40 15.625
20160522 22:50 15.3125
20160522 23:00 15.25
20160522 23:10 15.25
20160522 23:20 15.375
20160522 23:30 15.625
20160522 23:40 15.1875
20160522 23:50 14.8125
