YYYYMMDD HH:MM measured temperature
20160721 00:00 23.25
20160721 00:10 22.75
20160721 00:20 22.625
20160721 00:30 22.375
20160721 00:40 21.875
20160721 00:50 21.625
20160721 01:00 21.5
20160721 01:10 21.625
20160721 01:20 21.375
20160721 01:30 21.625
20160721 01:40 21.375
20160721 01:50 21.375
20160721 02:00 21.5
20160721 02:10 21.625
20160721 02:20 21.75
20160721 02:30 21.5
20160721 02:40 21.375
20160721 02:50 21.25
20160721 03:00 21.125
20160721 03:10 21
20160721 03:20 20.5
20160721 03:30 20.375
20160721 03:40 20.125
20160721 03:50 19.875
20160721 04:00 19.875
20160721 04:10 19.625
20160721 04:20 19.375
20160721 04:30 19.25
20160721 04:40 19.125
20160721 04:50 19
20160721 05:00 18.75
20160721 05:10 18.375
20160721 05:20 18.25
20160721 05:30 18
20160721 05:40 18
20160721 05:50 18
20160721 06:00 17.875
20160721 06:10 17.875
20160721 06:20 17.875
20160721 06:30 18.125
20160721 06:40 18.375
20160721 06:50 18.625
20160721 07:00 18.875
20160721 07:10 19.25
20160721 07:20 19.375
20160721 07:30 20
20160721 07:40 20.625
20160721 07:50 20.5
20160721 08:00 20.75
20160721 08:10 20.75
20160721 08:20 20.625
20160721 08:30 20.625
20160721 08:40 20.75
20160721 08:50 21.125
20160721 09:00 22.25
20160721 09:10 23
20160721 09:20 23.75
20160721 09:30 24.375
20160721 09:40 25.125
20160721 09:50 25.375
20160721 10:00 25.375
20160721 10:10 26
20160721 10:20 26.25
20160721 10:30 26.25
20160721 10:40 27
20160721 10:50 27.25
20160721 11:00 27.125
20160721 11:10 27.25
20160721 11:20 27.625
20160721 11:30 28.125
20160721 11:40 28.375
20160721 11:50 28
20160721 12:00 28.375
20160721 12:10 28.875
20160721 12:20 28.375
20160721 12:30 29.25
20160721 12:40 29.25
20160721 12:50 29
20160721 13:00 29
20160721 13:10 28
20160721 13:20 28.75
20160721 13:30 29.75
20160721 13:40 29.375
20160721 13:50 30.625
20160721 14:00 30
20160721 14:10 28.875
20160721 14:20 28.375
20160721 14:30 29.25
20160721 14:40 28
20160721 14:50 29.625
20160721 15:00 29.625
20160721 15:10 29
20160721 15:20 29
20160721 15:30 29.75
20160721 15:40 29.875
20160721 15:50 30
20160721 16:00 29.75
20160721 16:10 29.875
20160721 16:20 29.25
20160721 16:30 29.625
20160721 16:40 29.125
20160721 16:50 29.125
20160721 17:00 28.25
20160721 17:10 28.875
20160721 17:20 28.625
20160721 17:30 28
20160721 17:40 27.75
20160721 17:50 27.75
20160721 18:00 27.875
20160721 18:10 27.75
20160721 18:20 27.5
20160721 18:30 27.125
20160721 18:40 26.875
20160721 18:50 26.625
20160721 19:00 26.375
20160721 19:10 26.125
20160721 19:20 25.75
20160721 19:30 25.75
20160721 19:40 25.625
20160721 19:50 25.375
20160721 20:00 25
20160721 20:10 25
20160721 20:20 24.375
20160721 20:30 24.25
20160721 20:40 23.875
20160721 20:50 23.375
20160721 21:00 22.875
20160721 21:10 22.75
20160721 21:20 22.25
20160721 21:30 21.375
20160721 21:40 21.375
20160721 21:50 21.25
20160721 22:00 21.5
20160721 22:10 21.375
20160721 22:20 21.25
20160721 22:30 21.75
20160721 22:40 21.375
20160721 22:50 21.375
20160721 23:00 21.4375
20160721 23:10 21.125
20160721 23:20 21
20160721 23:30 20.75
20160721 23:40 20.625
20160721 23:50 20.125
