YYYYMMDD HH:MM measured temperature
20160316 00:00 3.5
20160316 00:10 3.5
20160316 00:20 3.375
20160316 00:30 3.25
20160316 00:40 3.125
20160316 00:50 3
20160316 01:00 2.75
20160316 01:10 2.375
20160316 01:20 2.25
20160316 01:30 2.125
20160316 01:40 2.25
20160316 01:50 2
20160316 02:00 1.875
20160316 02:10 2.125
20160316 02:20 2.375
20160316 02:30 2.375
20160316 02:40 2.25
20160316 02:50 2.375
20160316 03:00 2.375
20160316 03:10 2.5
20160316 03:20 2.5
20160316 03:30 2.625
20160316 03:40 2.75
20160316 03:50 2.75
20160316 04:00 2.75
20160316 04:10 2.75
20160316 04:20 2.75
20160316 04:30 2.875
20160316 04:40 2.875
20160316 04:50 2.875
20160316 05:00 2.875
20160316 05:10 2.375
20160316 05:20 2.125
20160316 05:30 1.875
20160316 05:40 1.75
20160316 05:50 1.75
20160316 06:00 1.375
20160316 06:10 1.125
20160316 06:20 1.25
20160316 06:30 1
20160316 06:40 0.875
20160316 06:50 0.75
20160316 07:00 0.625
20160316 07:10 0.5
20160316 07:20 0.375
20160316 07:30 0.375
20160316 07:40 0.375
20160316 07:50 0.5
20160316 08:00 0.625
20160316 08:10 0.75
20160316 08:20 0.875
20160316 08:30 1
20160316 08:40 1.375
20160316 08:50 1.75
20160316 09:00 2
20160316 09:10 2.375
20160316 09:20 2.75
20160316 09:30 3.125
20160316 09:40 3.75
20160316 09:50 4
20160316 10:00 4.125
20160316 10:10 4.75
20160316 10:20 5.375
20160316 10:30 5.875
20160316 10:40 5.625
20160316 10:50 6.25
20160316 11:00 6.5
20160316 11:10 6.875
20160316 11:20 7.125
20160316 11:30 7
20160316 11:40 7.25
20160316 11:50 7.375
20160316 12:00 7.25
20160316 12:10 7.625
20160316 12:20 7.875
20160316 12:30 7.75
20160316 12:40 7.875
20160316 12:50 8.5
20160316 13:00 8.5
20160316 13:10 7.375
20160316 13:20 8
20160316 13:30 8.375
20160316 13:40 8.875
20160316 13:50 9.25
20160316 14:00 8.125
20160316 14:10 9.125
20160316 14:20 9
20160316 14:30 9.375
20160316 14:40 9.375
20160316 14:50 10.25
20160316 15:00 9.375
20160316 15:10 9.375
20160316 15:20 9.5
20160316 15:30 9.75
20160316 15:40 10.5
20160316 15:50 9.5
20160316 16:00 10.125
20160316 16:10 9.5
20160316 16:20 10.625
20160316 16:30 9.625
20160316 16:40 9.5
20160316 16:50 9.375
20160316 17:00 9.75
20160316 17:10 9
20160316 17:20 9
20160316 17:30 9
20160316 17:40 9
20160316 17:50 8.75
20160316 18:00 8.5
20160316 18:10 8.375
20160316 18:20 8.375
20160316 18:30 8.25
20160316 18:40 7.875
20160316 18:50 7.625
20160316 19:00 7.375
20160316 19:10 7.125
20160316 19:20 6.625
20160316 19:30 6.25
20160316 19:40 5.75
20160316 19:50 5.625
20160316 20:00 5.25
20160316 20:10 5.25
20160316 20:20 5.25
20160316 20:30 5.125
20160316 20:40 4.625
20160316 20:50 4.625
20160316 21:00 4.25
20160316 21:10 4.625
20160316 21:20 4.375
20160316 21:30 4
20160316 21:40 3.75
20160316 21:50 4
20160316 22:00 3.625
20160316 22:10 3.5
20160316 22:20 3.375
20160316 22:30 3.25
20160316 22:40 3
20160316 22:50 2.875
20160316 23:00 2.625
20160316 23:10 2.625
20160316 23:20 2.375
20160316 23:30 2.375
20160316 23:40 2
20160316 23:50 2
