YYYYMMDD HH:MM measured temperature
20160614 00:00 14.125
20160614 00:10 14.25
20160614 00:20 14.125
20160614 00:30 14.125
20160614 00:40 14.0625
20160614 00:50 14.25
20160614 01:00 14.1875
20160614 01:10 14.25
20160614 01:20 14.25
20160614 01:30 14.25
20160614 01:40 14.125
20160614 01:50 14
20160614 02:00 13.8125
20160614 02:10 13.5625
20160614 02:20 13.375
20160614 02:30 13.25
20160614 02:40 13.25
20160614 02:50 13.0625
20160614 03:00 13.125
20160614 03:10 13.25
20160614 03:20 85
20160614 03:30 13.3125
20160614 03:40 13.3125
20160614 03:50 13.3125
20160614 04:00 13.3125
20160614 04:10 13.25
20160614 04:20 13.1875
20160614 04:30 13.1875
20160614 04:40 13.375
20160614 04:50 13.4375
20160614 05:00 13.5
20160614 05:10 13.5
20160614 05:20 13.5
20160614 05:30 13.5625
20160614 05:40 13.75
20160614 05:50 13.6875
20160614 06:00 13.875
20160614 06:10 13.875
20160614 06:20 13.75
20160614 06:30 13.9375
20160614 06:40 14.125
20160614 06:50 14.125
20160614 07:00 14.125
20160614 07:10 14.125
20160614 07:20 14.375
20160614 07:30 14.5
20160614 07:40 14.5
20160614 07:50 14.9375
20160614 08:00 14.8125
20160614 08:10 15.0625
20160614 08:20 15.375
20160614 08:30 15.4375
20160614 08:40 15.5
20160614 08:50 15.3125
20160614 09:00 14.875
20160614 09:10 15
20160614 09:20 15.25
20160614 09:30 15.375
20160614 09:40 85
20160614 09:50 16.125
20160614 10:00 16.375
20160614 10:10 17.9375
20160614 10:20 16.9375
20160614 10:30 16.75
20160614 10:40 16.1875
20160614 10:50 15.875
20160614 11:00 16.25
20160614 11:10 16.5
20160614 11:20 17.3125
20160614 11:30 17.3125
20160614 11:40 17.625
20160614 11:50 17.6875
20160614 12:00 18.6875
20160614 12:10 19.75
20160614 12:20 19.25
20160614 12:30 17.75
20160614 12:40 18.25
20160614 12:50 18.875
20160614 13:00 19.5
20160614 13:10 19.625
20160614 13:20 18.5
20160614 13:30 19.875
20160614 13:40 19.5
20160614 13:50 19
20160614 14:00 19
20160614 14:10 19.5
20160614 14:20 20.25
20160614 14:30 19.6875
20160614 14:40 19.625
20160614 14:50 19.6875
20160614 15:00 19.375
20160614 15:10 19.0625
20160614 15:20 19.1875
20160614 15:30 19.125
20160614 15:40 19
20160614 15:50 19.875
20160614 16:00 20.25
20160614 16:10 19.875
20160614 16:20 19.1875
20160614 16:30 19.1875
20160614 16:40 19.75
20160614 16:50 19.875
20160614 17:00 20.125
20160614 17:10 19.875
20160614 17:20 19.125
20160614 17:30 19.25
20160614 17:40 19.25
20160614 17:50 19.125
20160614 18:00 19.5
20160614 18:10 19.0625
20160614 18:20 18.9375
20160614 18:30 19
20160614 18:40 18.625
20160614 18:50 18.25
20160614 19:00 17.5625
20160614 19:10 17.5
20160614 19:20 17.25
20160614 19:30 17
20160614 19:40 17.1875
20160614 19:50 17.25
20160614 20:00 17.125
20160614 20:10 17.125
20160614 20:20 16.75
20160614 20:30 16.25
20160614 20:40 15.8125
20160614 20:50 15.6875
20160614 21:00 15.75
20160614 21:10 15.625
20160614 21:20 15.5625
20160614 21:30 15.4375
20160614 21:40 15.25
20160614 21:50 15
20160614 22:00 14.875
20160614 22:10 14.8125
20160614 22:20 14.5625
20160614 22:30 14.5
20160614 22:40 14.5
20160614 22:50 14.4375
20160614 23:00 14.375
20160614 23:10 14.5
20160614 23:20 14.5
20160614 23:30 14.375
20160614 23:40 14.375
20160614 23:50 14.375
