YYYYMMDD HH:MM measured temperature
20160418 00:00 2.75
20160418 00:10 2.5
20160418 00:20 2.5
20160418 00:30 2.375
20160418 00:40 2.25
20160418 00:50 2.375
20160418 01:00 2.75
20160418 01:10 2.625
20160418 01:20 2.375
20160418 01:30 2.25
20160418 01:40 2.125
20160418 01:50 2.125
20160418 02:00 2
20160418 02:10 1.75
20160418 02:20 1.625
20160418 02:30 1.375
20160418 02:40 1.5
20160418 02:50 1.25
20160418 03:00 1.125
20160418 03:10 1
20160418 03:20 1
20160418 03:30 0.75
20160418 03:40 0.75
20160418 03:50 0.75
20160418 04:00 0.625
20160418 04:10 0.75
20160418 04:20 0.625
20160418 04:30 0.5
20160418 04:40 0.5
20160418 04:50 1.625
20160418 05:00 1.125
20160418 05:10 1.75
20160418 05:20 1.1875
20160418 05:30 1
20160418 05:40 1
20160418 05:50 0.875
20160418 06:00 0.875
20160418 06:10 1.75
20160418 06:20 2.0625
20160418 06:30 2.375
20160418 06:40 2.625
20160418 06:50 2.625
20160418 07:00 2.875
20160418 07:10 3.125
20160418 07:20 3.375
20160418 07:30 3.75
20160418 07:40 4.125
20160418 07:50 4.5
20160418 08:00 4.75
20160418 08:10 5
20160418 08:20 5.25
20160418 08:30 5.375
20160418 08:40 5.625
20160418 08:50 6
20160418 09:00 6.125
20160418 09:10 6.25
20160418 09:20 6.125
20160418 09:30 6.375
20160418 09:40 6.25
20160418 09:50 6.125
20160418 10:00 6
20160418 10:10 6.125
20160418 10:20 6.5
20160418 10:30 6.5
20160418 10:40 6.75
20160418 10:50 6.875
20160418 11:00 7.25
20160418 11:10 7.5625
20160418 11:20 7.875
20160418 11:30 8.125
20160418 11:40 8.625
20160418 11:50 8.5625
20160418 12:00 8.75
20160418 12:10 9.125
20160418 12:20 9.625
20160418 12:30 10.125
20160418 12:40 10.125
20160418 12:50 10.25
20160418 13:00 10.625
20160418 13:10 11.75
20160418 13:20 11.25
20160418 13:30 11.25
20160418 13:40 11.375
20160418 13:50 12.25
20160418 14:00 11.375
20160418 14:10 10.75
20160418 14:20 10.5
20160418 14:30 10.75
20160418 14:40 11.125
20160418 14:50 10.875
20160418 15:00 10.875
20160418 15:10 10.75
20160418 15:20 10.375
20160418 15:30 10.625
20160418 15:40 10.5
20160418 15:50 10.625
20160418 16:00 10.875
20160418 16:10 10.875
20160418 16:20 11
20160418 16:30 11.5
20160418 16:40 10.875
20160418 16:50 10.5
20160418 17:00 10.375
20160418 17:10 10.25
20160418 17:20 10.25
20160418 17:30 10
20160418 17:40 10.125
20160418 17:50 10
20160418 18:00 10
20160418 18:10 9.875
20160418 18:20 9.75
20160418 18:30 9.875
20160418 18:40 9.875
20160418 18:50 9.875
20160418 19:00 9.75
20160418 19:10 9.75
20160418 19:20 9.625
20160418 19:30 9.5
20160418 19:40 9.5
20160418 19:50 9.375
20160418 20:00 9.375
20160418 20:10 9.375
20160418 20:20 9.125
20160418 20:30 8.875
20160418 20:40 8.875
20160418 20:50 8.875
20160418 21:00 8.875
20160418 21:10 8.75
20160418 21:20 8.75
20160418 21:30 8.625
20160418 21:40 8.5
20160418 21:50 8.5
20160418 22:00 8.5
20160418 22:10 8.375
20160418 22:20 8.5
20160418 22:30 8.375
20160418 22:40 8.375
20160418 22:50 8.375
20160418 23:00 8.125
20160418 23:10 8.25
20160418 23:20 8.125
20160418 23:30 8.125
20160418 23:40 8
20160418 23:50 7.875
