YYYYMMDD HH:MM measured temperature
20160508 00:00 15.875
20160508 00:10 15.75
20160508 00:20 15.5
20160508 00:30 15.375
20160508 00:40 15.25
20160508 00:50 15.125
20160508 01:00 15
20160508 01:10 15.125
20160508 01:20 15
20160508 01:30 15
20160508 01:40 15.125
20160508 01:50 15.125
20160508 02:00 14.75
20160508 02:10 14.25
20160508 02:20 14.375
20160508 02:30 14.25
20160508 02:40 14
20160508 02:50 13.75
20160508 03:00 13.625
20160508 03:10 13.5
20160508 03:20 13.625
20160508 03:30 13.625
20160508 03:40 13.5
20160508 03:50 13.375
20160508 04:00 13.375
20160508 04:10 13.25
20160508 04:20 13.25
20160508 04:30 13.125
20160508 04:40 13.25
20160508 04:50 13
20160508 05:00 12.875
20160508 05:10 12.625
20160508 05:20 12.5
20160508 05:30 12.5
20160508 05:40 12.25
20160508 05:50 12.125
20160508 06:00 12.125
20160508 06:10 12.25
20160508 06:20 12.25
20160508 06:30 12.375
20160508 06:40 12.75
20160508 06:50 12.875
20160508 07:00 13.25
20160508 07:10 13.5
20160508 07:20 13.75
20160508 07:30 14
20160508 07:40 14.375
20160508 07:50 14.75
20160508 08:00 15
20160508 08:10 15.625
20160508 08:20 16.5
20160508 08:30 17.25
20160508 08:40 18
20160508 08:50 18.75
20160508 09:00 19.375
20160508 09:10 19.625
20160508 09:20 20.25
20160508 09:30 20.5
20160508 09:40 20.875
20160508 09:50 21.5
20160508 10:00 21.625
20160508 10:10 22.125
20160508 10:20 22
20160508 10:30 22.5
20160508 10:40 22.5
20160508 10:50 22.5
20160508 11:00 23.25
20160508 11:10 22.75
20160508 11:20 22.75
20160508 11:30 23.5
20160508 11:40 23.625
20160508 11:50 23.875
20160508 12:00 23.375
20160508 12:10 23.75
20160508 12:20 23.875
20160508 12:30 23.625
20160508 12:40 24.375
20160508 12:50 24.75
20160508 13:00 24.75
20160508 13:10 25.125
20160508 13:20 24.75
20160508 13:30 25.125
20160508 13:40 25.625
20160508 13:50 25.5
20160508 14:00 25.375
20160508 14:10 25.5
20160508 14:20 25
20160508 14:30 25.375
20160508 14:40 25.25
20160508 14:50 25
20160508 15:00 25
20160508 15:10 25.125
20160508 15:20 25
20160508 15:30 24.625
20160508 15:40 25
20160508 15:50 25
20160508 16:00 24.875
20160508 16:10 24.875
20160508 16:20 24.75
20160508 16:30 24.625
20160508 16:40 24.375
20160508 16:50 24.625
20160508 17:00 24.25
20160508 17:10 24
20160508 17:20 24
20160508 17:30 23.625
20160508 17:40 23.625
20160508 17:50 23.5
20160508 18:00 23.375
20160508 18:10 23.25
20160508 18:20 23
20160508 18:30 23
20160508 18:40 22.875
20160508 18:50 22.75
20160508 19:00 22.375
20160508 19:10 22.5
20160508 19:20 22.125
20160508 19:30 22.125
20160508 19:40 21.75
20160508 19:50 21.5
20160508 20:00 21.375
20160508 20:10 21.25
20160508 20:20 20.875
20160508 20:30 20.5
20160508 20:40 20.125
20160508 20:50 19.875
20160508 21:00 19.625
20160508 21:10 19.125
20160508 21:20 18.75
20160508 21:30 18.25
20160508 21:40 18
20160508 21:50 17.875
20160508 22:00 17.75
20160508 22:10 17.5
20160508 22:20 17.625
20160508 22:30 17.5
20160508 22:40 17.125
20160508 22:50 16.875
20160508 23:00 16.75
20160508 23:10 16.625
20160508 23:20 16.625
20160508 23:30 16.625
20160508 23:40 16.5
20160508 23:50 16.375
