YYYYMMDD HH:MM measured temperature
20160113 00:00 5.125
20160113 00:10 5
20160113 00:20 4.875
20160113 00:30 4.875
20160113 00:40 4.75
20160113 00:50 4.75
20160113 01:00 4.625
20160113 01:10 4.625
20160113 01:20 4.625
20160113 01:30 4.625
20160113 01:40 4.5
20160113 01:50 4.5
20160113 02:00 4.5
20160113 02:10 4.375
20160113 02:20 4.125
20160113 02:30 4
20160113 02:40 4
20160113 02:50 3.875
20160113 03:00 3.875
20160113 03:10 3.875
20160113 03:20 3.75
20160113 03:30 3.75
20160113 03:40 3.75
20160113 03:50 3.6875
20160113 04:00 3.75
20160113 04:10 3.75
20160113 04:20 3.75
20160113 04:30 3.75
20160113 04:40 3.875
20160113 04:50 3.8125
20160113 05:00 3.8125
20160113 05:10 3.875
20160113 05:20 3.875
20160113 05:30 3.875
20160113 05:40 3.875
20160113 05:50 3.875
20160113 06:00 4
20160113 06:10 4
20160113 06:20 3.875
20160113 06:30 3.875
20160113 06:40 3.9375
20160113 06:50 4
20160113 07:00 4
20160113 07:10 4
20160113 07:20 4
20160113 07:30 4.125
20160113 07:40 4.25
20160113 07:50 4.1875
20160113 08:00 4.25
20160113 08:10 4.25
20160113 08:20 4.25
20160113 08:30 4.25
20160113 08:40 4.25
20160113 08:50 4.25
20160113 09:00 85
20160113 09:10 3.9375
20160113 09:20 3.625
20160113 09:30 3.3125
20160113 09:40 2.625
20160113 09:50 2.25
20160113 10:00 2.125
20160113 10:10 2.125
20160113 10:20 2.125
20160113 10:30 2.125
20160113 10:40 2.25
20160113 10:50 2.125
20160113 11:00 2.125
20160113 11:10 2.25
20160113 11:20 2.375
20160113 11:30 2.5
20160113 11:40 2.625
20160113 11:50 2.625
20160113 12:00 2.75
20160113 12:10 2.75
20160113 12:20 3.125
20160113 12:30 3.125
20160113 12:40 3.125
20160113 12:50 3.25
20160113 13:00 3.375
20160113 13:10 3.375
20160113 13:20 3.375
20160113 13:30 3.375
20160113 13:40 3.5
20160113 13:50 3.375
20160113 14:00 3.375
20160113 14:10 3.5
20160113 14:20 3.375
20160113 14:30 3.375
20160113 14:40 4.125
20160113 14:50 4.375
20160113 15:00 3.875
20160113 15:10 3.25
20160113 15:20 3
20160113 15:30 3.125
20160113 15:40 3
20160113 15:50 2.625
20160113 16:00 2.125
20160113 16:10 2.125
20160113 16:20 1.25
20160113 16:30 0.75
20160113 16:40 0.625
20160113 16:50 0.875
20160113 17:00 0.375
20160113 17:10 0.25
20160113 17:20 0.25
20160113 17:30 0.125
20160113 17:40 0.375
20160113 17:50 0.625
20160113 18:00 0.75
20160113 18:10 0.625
20160113 18:20 0.375
20160113 18:30 0.5
20160113 18:40 0.375
20160113 18:50 0.875
20160113 19:00 1
20160113 19:10 1.25
20160113 19:20 1.375
20160113 19:30 1.5
20160113 19:40 1.5
20160113 19:50 1.375
20160113 20:00 1.5
20160113 20:10 1.75
20160113 20:20 1.875
20160113 20:30 1.75
20160113 20:40 1.75
20160113 20:50 1.875
20160113 21:00 1.875
20160113 21:10 2
20160113 21:20 2.125
20160113 21:30 2.25
20160113 21:40 2.3125
20160113 21:50 2.375
20160113 22:00 2.5
20160113 22:10 2.625
20160113 22:20 2.5625
20160113 22:30 2.75
20160113 22:40 2.8125
20160113 22:50 3
20160113 23:00 3.0625
20160113 23:10 3.125
20160113 23:20 3.25
20160113 23:30 3.25
20160113 23:40 3.375
20160113 23:50 3.375
