YYYYMMDD HH:MM measured temperature
20160604 00:00 17.4375
20160604 00:10 17.375
20160604 00:20 17.125
20160604 00:30 17.0625
20160604 00:40 16.9375
20160604 00:50 16.8125
20160604 01:00 85
20160604 01:10 16.625
20160604 01:20 16.4375
20160604 01:30 16.3125
20160604 01:40 16.25
20160604 01:50 16.25
20160604 02:00 16.0625
20160604 02:10 15.875
20160604 02:20 15.875
20160604 02:30 15.75
20160604 02:40 15.6875
20160604 02:50 15.5625
20160604 03:00 15.625
20160604 03:10 15.4375
20160604 03:20 15.375
20160604 03:30 15.25
20160604 03:40 15.125
20160604 03:50 15.0625
20160604 04:00 85
20160604 04:10 15
20160604 04:20 14.875
20160604 04:30 14.8125
20160604 04:40 14.625
20160604 04:50 14.625
20160604 05:00 14.5
20160604 05:10 14.5
20160604 05:20 14.5
20160604 05:30 14.625
20160604 05:40 14.625
20160604 05:50 14.6875
20160604 06:00 14.75
20160604 06:10 14.875
20160604 06:20 15
20160604 06:30 15.125
20160604 06:40 15.375
20160604 06:50 15.625
20160604 07:00 16
20160604 07:10 16.1875
20160604 07:20 16.5
20160604 07:30 16.875
20160604 07:40 17.1875
20160604 07:50 17.25
20160604 08:00 17.25
20160604 08:10 17.875
20160604 08:20 18.875
20160604 08:30 19.9375
20160604 08:40 20.6875
20160604 08:50 21.375
20160604 09:00 22
20160604 09:10 22.4375
20160604 09:20 22.75
20160604 09:30 22.8125
20160604 09:40 23.1875
20160604 09:50 23.625
20160604 10:00 24.0625
20160604 10:10 24.375
20160604 10:20 24.625
20160604 10:30 25
20160604 10:40 25.625
20160604 10:50 25.75
20160604 11:00 26.25
20160604 11:10 26
20160604 11:20 26.25
20160604 11:30 26.25
20160604 11:40 26.5
20160604 11:50 27
20160604 12:00 27.5
20160604 12:10 27.25
20160604 12:20 28.125
20160604 12:30 27.625
20160604 12:40 28.125
20160604 12:50 27.25
20160604 13:00 27.375
20160604 13:10 27.875
20160604 13:20 27.625
20160604 13:30 27.875
20160604 13:40 27.75
20160604 13:50 28.375
20160604 14:00 29.25
20160604 14:10 28.25
20160604 14:20 28.125
20160604 14:30 27.75
20160604 14:40 28.75
20160604 14:50 28.625
20160604 15:00 29.125
20160604 15:10 28.375
20160604 15:20 28.625
20160604 15:30 28.125
20160604 15:40 28
20160604 15:50 28.625
20160604 16:00 27.875
20160604 16:10 27.75
20160604 16:20 27.625
20160604 16:30 27.5
20160604 16:40 27.375
20160604 16:50 27.25
20160604 17:00 27.25
20160604 17:10 27.375
20160604 17:20 27.125
20160604 17:30 26.75
20160604 17:40 26.75
20160604 17:50 26.625
20160604 18:00 26.5
20160604 18:10 26.25
20160604 18:20 26.125
20160604 18:30 26.25
20160604 18:40 26.125
20160604 18:50 26
20160604 19:00 25.5
20160604 19:10 25.5
20160604 19:20 25.25
20160604 19:30 25.375
20160604 19:40 25
20160604 19:50 24.875
20160604 20:00 24.5
20160604 20:10 24.25
20160604 20:20 24
20160604 20:30 23.5
20160604 20:40 23.25
20160604 20:50 23
20160604 21:00 22.375
20160604 21:10 22
20160604 21:20 21.625
20160604 21:30 21.375
20160604 21:40 21.125
20160604 21:50 20.75
20160604 22:00 20.625
20160604 22:10 20.375
20160604 22:20 20.125
20160604 22:30 19.625
20160604 22:40 19.375
20160604 22:50 18.875
20160604 23:00 18.625
20160604 23:10 18.375
20160604 23:20 18.625
20160604 23:30 18.125
20160604 23:40 17.375
20160604 23:50 17.5625
