YYYYMMDD HH:MM measured temperature
20160616 00:00 14
20160616 00:10 14.125
20160616 00:20 85
20160616 00:30 14.1875
20160616 00:40 14.1875
20160616 00:50 13.9375
20160616 01:00 13.875
20160616 01:10 13.8125
20160616 01:20 85
20160616 01:30 13.5
20160616 01:40 13.75
20160616 01:50 13.5625
20160616 02:00 13.3125
20160616 02:10 13.4375
20160616 02:20 13.3125
20160616 02:30 13.375
20160616 02:40 13.0625
20160616 02:50 13.0625
20160616 03:00 13.125
20160616 03:10 13
20160616 03:20 12.875
20160616 03:30 12.8125
20160616 03:40 12.875
20160616 03:50 12.9375
20160616 04:00 13.0625
20160616 04:10 13.125
20160616 04:20 13.125
20160616 04:30 13
20160616 04:40 12.875
20160616 04:50 12.875
20160616 05:00 12.6875
20160616 05:10 12.5
20160616 05:20 12.375
20160616 05:30 12.25
20160616 05:40 12.25
20160616 05:50 12.1875
20160616 06:00 12.25
20160616 06:10 12.25
20160616 06:20 12.3125
20160616 06:30 12.375
20160616 06:40 12.5
20160616 06:50 12.75
20160616 07:00 13
20160616 07:10 13.375
20160616 07:20 13.5
20160616 07:30 13.625
20160616 07:40 13.9375
20160616 07:50 85
20160616 08:00 14.5625
20160616 08:10 14.875
20160616 08:20 15.5625
20160616 08:30 15.5
20160616 08:40 15.875
20160616 08:50 15.75
20160616 09:00 16.0625
20160616 09:10 16.625
20160616 09:20 17.1875
20160616 09:30 17.0625
20160616 09:40 16.875
20160616 09:50 18.25
20160616 10:00 17
20160616 10:10 17.25
20160616 10:20 18.75
20160616 10:30 16.6875
20160616 10:40 18.125
20160616 10:50 19
20160616 11:00 18.5
20160616 11:10 17.5
20160616 11:20 17.1875
20160616 11:30 18.75
20160616 11:40 18
20160616 11:50 19.75
20160616 12:00 19.875
20160616 12:10 18.125
20160616 12:20 18.375
20160616 12:30 18.5
20160616 12:40 19.5
20160616 12:50 20.25
20160616 13:00 20.5
20160616 13:10 20.375
20160616 13:20 21.125
20160616 13:30 20.875
20160616 13:40 19.25
20160616 13:50 19.375
20160616 14:00 19.625
20160616 14:10 19.75
20160616 14:20 19.5
20160616 14:30 20.5625
20160616 14:40 21.375
20160616 14:50 20.625
20160616 15:00 20.9375
20160616 15:10 20.375
20160616 15:20 20.0625
20160616 15:30 22.25
20160616 15:40 21.25
20160616 15:50 21.5
20160616 16:00 21.875
20160616 16:10 21.75
20160616 16:20 21.25
20160616 16:30 22.25
20160616 16:40 21.375
20160616 16:50 21.625
20160616 17:00 21
20160616 17:10 20.875
20160616 17:20 21.125
20160616 17:30 20.875
20160616 17:40 21.125
20160616 17:50 21.125
20160616 18:00 21.125
20160616 18:10 21.125
20160616 18:20 21
20160616 18:30 20.75
20160616 18:40 20.8125
20160616 18:50 20.25
20160616 19:00 19.375
20160616 19:10 18.6875
20160616 19:20 18.375
20160616 19:30 18
20160616 19:40 17.75
20160616 19:50 17.4375
20160616 20:00 17.375
20160616 20:10 17.125
20160616 20:20 16.9375
20160616 20:30 85
20160616 20:40 16.625
20160616 20:50 16.5625
20160616 21:00 85
20160616 21:10 16.0625
20160616 21:20 15.75
20160616 21:30 15.625
20160616 21:40 85
20160616 21:50 16
20160616 22:00 15.875
20160616 22:10 15.5
20160616 22:20 15.6875
20160616 22:30 15.125
20160616 22:40 85
20160616 22:50 85
20160616 23:00 14.25
20160616 23:10 14
20160616 23:20 13.375
20160616 23:30 13.375
20160616 23:40 13.375
20160616 23:50 13.3125
