YYYYMMDD HH:MM measured temperature
20160617 00:00 13.3125
20160617 00:10 13.25
20160617 00:20 13.125
20160617 00:30 13.25
20160617 00:40 13.375
20160617 00:50 13.25
20160617 01:00 13.25
20160617 01:10 13.25
20160617 01:20 13.4375
20160617 01:30 13.25
20160617 01:40 13.25
20160617 01:50 13.25
20160617 02:00 13.125
20160617 02:10 13.125
20160617 02:20 13.25
20160617 02:30 13.125
20160617 02:40 13.25
20160617 02:50 13.4375
20160617 03:00 13.375
20160617 03:10 13.375
20160617 03:20 13.375
20160617 03:30 13.25
20160617 03:40 13.25
20160617 03:50 85
20160617 04:00 13.125
20160617 04:10 13
20160617 04:20 12.9375
20160617 04:30 12.9375
20160617 04:40 13
20160617 04:50 13
20160617 05:00 12.875
20160617 05:10 13
20160617 05:20 13.125
20160617 05:30 13.125
20160617 05:40 13.125
20160617 05:50 13.25
20160617 06:00 13.25
20160617 06:10 13.25
20160617 06:20 13.375
20160617 06:30 13.625
20160617 06:40 13.75
20160617 06:50 13.875
20160617 07:00 14
20160617 07:10 14.125
20160617 07:20 14.25
20160617 07:30 14.375
20160617 07:40 14.625
20160617 07:50 15
20160617 08:00 15
20160617 08:10 15.625
20160617 08:20 15.5625
20160617 08:30 15.9375
20160617 08:40 16.3125
20160617 08:50 16.5
20160617 09:00 16.75
20160617 09:10 17.25
20160617 09:20 17.75
20160617 09:30 18.25
20160617 09:40 18.25
20160617 09:50 18
20160617 10:00 18.375
20160617 10:10 19.25
20160617 10:20 18.75
20160617 10:30 18.4375
20160617 10:40 17.625
20160617 10:50 17.4375
20160617 11:00 17.3125
20160617 11:10 17.75
20160617 11:20 18
20160617 11:30 17.875
20160617 11:40 17.625
20160617 11:50 85
20160617 12:00 18
20160617 12:10 17.6875
20160617 12:20 14.5625
20160617 12:30 13.875
20160617 12:40 13.75
20160617 12:50 13.75
20160617 13:00 14.125
20160617 13:10 14.375
20160617 13:20 14.9375
20160617 13:30 15.375
20160617 13:40 17.25
20160617 13:50 17
20160617 14:00 17.25
20160617 14:10 18.375
20160617 14:20 18.6875
20160617 14:30 18.6875
20160617 14:40 18.5
20160617 14:50 19.875
20160617 15:00 20.375
20160617 15:10 19.1875
20160617 15:20 19.625
20160617 15:30 19.0625
20160617 15:40 18.6875
20160617 15:50 18.4375
20160617 16:00 18.625
20160617 16:10 18.25
20160617 16:20 19.1875
20160617 16:30 18.5
20160617 16:40 18.375
20160617 16:50 18.625
20160617 17:00 18.875
20160617 17:10 19.625
20160617 17:20 19.875
20160617 17:30 18.75
20160617 17:40 18.25
20160617 17:50 18.25
20160617 18:00 18.3125
20160617 18:10 18.25
20160617 18:20 18.25
20160617 18:30 18.4375
20160617 18:40 17.875
20160617 18:50 17.6875
20160617 19:00 17.25
20160617 19:10 16.9375
20160617 19:20 16.9375
20160617 19:30 17.25
20160617 19:40 17.0625
20160617 19:50 16.8125
20160617 20:00 85
20160617 20:10 16.25
20160617 20:20 15.875
20160617 20:30 15.75
20160617 20:40 85
20160617 20:50 15.6875
20160617 21:00 15.4375
20160617 21:10 15.25
20160617 21:20 14.9375
20160617 21:30 14.5
20160617 21:40 14.25
20160617 21:50 13.9375
20160617 22:00 13.8125
20160617 22:10 13.75
20160617 22:20 13.625
20160617 22:30 13.875
20160617 22:40 14.0625
20160617 22:50 14.1875
20160617 23:00 13.875
20160617 23:10 13.5
20160617 23:20 13.375
20160617 23:30 13.125
20160617 23:40 13.25
20160617 23:50 13.75
