YYYYMMDD HH:MM measured temperature
20160608 00:00 15.25
20160608 00:10 14.8125
20160608 00:20 14.8125
20160608 00:30 85
20160608 00:40 14.25
20160608 00:50 13.9375
20160608 01:00 13.6875
20160608 01:10 13.625
20160608 01:20 13.625
20160608 01:30 13.375
20160608 01:40 13.1875
20160608 01:50 13.125
20160608 02:00 13
20160608 02:10 12.875
20160608 02:20 12.75
20160608 02:30 12.4375
20160608 02:40 12.375
20160608 02:50 12.1875
20160608 03:00 12.125
20160608 03:10 12.3125
20160608 03:20 11.9375
20160608 03:30 85
20160608 03:40 12
20160608 03:50 12.25
20160608 04:00 12.125
20160608 04:10 12.125
20160608 04:20 12.25
20160608 04:30 12.25
20160608 04:40 12.3125
20160608 04:50 12.4375
20160608 05:00 12.5
20160608 05:10 12.5
20160608 05:20 12.5
20160608 05:30 12.5625
20160608 05:40 12.5
20160608 05:50 12.5625
20160608 06:00 12.625
20160608 06:10 12.6875
20160608 06:20 12.6875
20160608 06:30 12.875
20160608 06:40 12.875
20160608 06:50 12.9375
20160608 07:00 13
20160608 07:10 12.875
20160608 07:20 13.1875
20160608 07:30 13.125
20160608 07:40 13
20160608 07:50 12.875
20160608 08:00 13.0625
20160608 08:10 13.25
20160608 08:20 13.1875
20160608 08:30 13.125
20160608 08:40 13.1875
20160608 08:50 13.375
20160608 09:00 13.75
20160608 09:10 13.8125
20160608 09:20 13.875
20160608 09:30 14
20160608 09:40 14.125
20160608 09:50 14.625
20160608 10:00 14.5
20160608 10:10 14.5
20160608 10:20 15.0625
20160608 10:30 14.6875
20160608 10:40 14.8125
20160608 10:50 14.9375
20160608 11:00 14.8125
20160608 11:10 14.625
20160608 11:20 14.5625
20160608 11:30 15.125
20160608 11:40 14.9375
20160608 11:50 15.125
20160608 12:00 15.375
20160608 12:10 15.375
20160608 12:20 15.4375
20160608 12:30 14.9375
20160608 12:40 15
20160608 12:50 15.3125
20160608 13:00 15.25
20160608 13:10 15.5
20160608 13:20 15.4375
20160608 13:30 15.5
20160608 13:40 15.8125
20160608 13:50 15.5625
20160608 14:00 16.0625
20160608 14:10 16
20160608 14:20 17
20160608 14:30 16.25
20160608 14:40 16.875
20160608 14:50 17.0625
20160608 15:00 16.75
20160608 15:10 17
20160608 15:20 16.875
20160608 15:30 17.25
20160608 15:40 17.25
20160608 15:50 17.4375
20160608 16:00 17.6875
20160608 16:10 17.25
20160608 16:20 17.5
20160608 16:30 17.8125
20160608 16:40 17.6875
20160608 16:50 18.125
20160608 17:00 17.9375
20160608 17:10 17.75
20160608 17:20 18
20160608 17:30 18.25
20160608 17:40 17.875
20160608 17:50 18.0625
20160608 18:00 17.5625
20160608 18:10 17
20160608 18:20 17.5
20160608 18:30 17.5
20160608 18:40 17.375
20160608 18:50 17.1875
20160608 19:00 16.75
20160608 19:10 16.875
20160608 19:20 16.5625
20160608 19:30 16.625
20160608 19:40 16.375
20160608 19:50 16.25
20160608 20:00 15.625
20160608 20:10 15.3125
20160608 20:20 15.25
20160608 20:30 15.1875
20160608 20:40 14.875
20160608 20:50 14.4375
20160608 21:00 14.25
20160608 21:10 14.1875
20160608 21:20 14
20160608 21:30 13.9375
20160608 21:40 13.875
20160608 21:50 13.75
20160608 22:00 13.75
20160608 22:10 13.6875
20160608 22:20 13.5625
20160608 22:30 13.25
20160608 22:40 13.375
20160608 22:50 13.4375
20160608 23:00 13.5
20160608 23:10 13.625
20160608 23:20 13.5
20160608 23:30 13.4375
20160608 23:40 13.375
20160608 23:50 13.3125
