YYYYMMDD HH:MM measured temperature
20160120 00:00 -1.4375
20160120 00:10 -1.4375
20160120 00:20 -1.625
20160120 00:30 -1.8125
20160120 00:40 -2
20160120 00:50 -1.8125
20160120 01:00 -1.625
20160120 01:10 -1.4375
20160120 01:20 -1.375
20160120 01:30 -1.3125
20160120 01:40 -1.1875
20160120 01:50 -1.0625
20160120 02:00 -1.1875
20160120 02:10 -1.125
20160120 02:20 -1.125
20160120 02:30 -1.0625
20160120 02:40 -1.0625
20160120 02:50 -1.0625
20160120 03:00 -1
20160120 03:10 -0.875
20160120 03:20 -0.75
20160120 03:30 -0.6875
20160120 03:40 -0.625
20160120 03:50 -0.625
20160120 04:00 -0.5625
20160120 04:10 -0.5625
20160120 04:20 -0.5
20160120 04:30 -0.375
20160120 04:40 -0.375
20160120 04:50 -0.25
20160120 05:00 -0.125
20160120 05:10 -0.125
20160120 05:20 -0.125
20160120 05:30 -0.125
20160120 05:40 -0.125
20160120 05:50 -0.125
20160120 06:00 -0.125
20160120 06:10 -0.125
20160120 06:20 -0.125
20160120 06:30 -0.0625
20160120 06:40 -0.125
20160120 06:50 0
20160120 07:00 -0.125
20160120 07:10 -0.4375
20160120 07:20 -0.25
20160120 07:30 -0.0625
20160120 07:40 0
20160120 07:50 0
20160120 08:00 0.0625
20160120 08:10 0
20160120 08:20 0
20160120 08:30 0.125
20160120 08:40 0.125
20160120 08:50 0.125
20160120 09:00 0.125
20160120 09:10 0.125
20160120 09:20 0.1875
20160120 09:30 0.1875
20160120 09:40 0.3125
20160120 09:50 0.375
20160120 10:00 0.5
20160120 10:10 0.5625
20160120 10:20 85
20160120 10:30 0.625
20160120 10:40 85
20160120 10:50 0.5
20160120 11:00 85
20160120 11:10 1.0625
20160120 11:20 0.8125
20160120 11:30 0.875
20160120 11:40 85
20160120 11:50 0.875
20160120 12:00 0.875
20160120 12:10 1.0625
20160120 12:20 1.0625
20160120 12:30 1.25
20160120 12:40 1.375
20160120 12:50 1
20160120 13:00 85
20160120 13:10 1.375
20160120 13:20 1.125
20160120 13:30 1.25
20160120 13:40 1.25
20160120 13:50 1.625
20160120 14:00 1.375
20160120 14:10 1.125
20160120 14:20 1.125
20160120 14:30 0.9375
20160120 14:40 85
20160120 14:50 0.625
20160120 15:00 85
20160120 15:10 0.625
20160120 15:20 85
20160120 15:30 0.4375
20160120 15:40 0.5625
20160120 15:50 0.5625
20160120 16:00 0.5625
20160120 16:10 0.375
20160120 16:20 0.0625
20160120 16:30 -0.125
20160120 16:40 -0.25
20160120 16:50 -0.1875
20160120 17:00 -0.625
20160120 17:10 -0.75
20160120 17:20 -0.625
20160120 17:30 -0.875
20160120 17:40 -1
20160120 17:50 -1.125
20160120 18:00 -1.125
20160120 18:10 -1.1875
20160120 18:20 -1.5
20160120 18:30 -1.5
20160120 18:40 -1.75
20160120 18:50 -1.875
20160120 19:00 -2.25
20160120 19:10 -2.25
20160120 19:20 -2.4375
20160120 19:30 -2.5
20160120 19:40 -2.75
20160120 19:50 -2.9375
20160120 20:00 -3
20160120 20:10 -3.375
20160120 20:20 -3.5
20160120 20:30 -3.625
20160120 20:40 -3.875
20160120 20:50 -4.1875
20160120 21:00 85
20160120 21:10 -4.4375
20160120 21:20 -4.3125
20160120 21:30 -4.0625
20160120 21:40 -4.125
20160120 21:50 -4.375
20160120 22:00 -4.5
20160120 22:10 -4.4375
20160120 22:20 -4.625
20160120 22:30 -4.4375
20160120 22:40 -4.4375
20160120 22:50 -4.5
20160120 23:00 -4.625
20160120 23:10 -4.625
20160120 23:20 -4.9375
20160120 23:30 -5
20160120 23:40 -5.1875
20160120 23:50 -5
