YYYYMMDD HH:MM measured temperature
20160313 00:00 0.75
20160313 00:10 0.75
20160313 00:20 0.875
20160313 00:30 0.875
20160313 00:40 0.75
20160313 00:50 0.875
20160313 01:00 1
20160313 01:10 1
20160313 01:20 1
20160313 01:30 1
20160313 01:40 1.125
20160313 01:50 1.125
20160313 03:00 1.125
20160313 03:10 1.125
20160313 03:20 1.0625
20160313 03:30 1.25
20160313 03:40 1.1875
20160313 03:50 1.25
20160313 04:00 1.25
20160313 04:10 1.125
20160313 04:20 1.0625
20160313 04:30 1
20160313 04:40 0.875
20160313 04:50 0.875
20160313 05:00 0.875
20160313 05:10 0.875
20160313 05:20 0.8125
20160313 05:30 0.875
20160313 05:40 0.6875
20160313 05:50 0.625
20160313 06:00 0.625
20160313 06:10 0.5625
20160313 06:20 0.5
20160313 06:30 0.625
20160313 06:40 0.5
20160313 06:50 0.5
20160313 07:00 0.5
20160313 07:10 0.5
20160313 07:20 0.5
20160313 07:30 0.5
20160313 07:40 0.625
20160313 07:50 0.6875
20160313 08:00 0.75
20160313 08:10 0.875
20160313 08:20 0.75
20160313 08:30 0.875
20160313 08:40 0.875
20160313 08:50 1
20160313 09:00 1
20160313 09:10 1.0625
20160313 09:20 1.125
20160313 09:30 1.375
20160313 09:40 1.3125
20160313 09:50 1.75
20160313 10:00 1.875
20160313 10:10 2.125
20160313 10:20 2.5
20160313 10:30 2.375
20160313 10:40 2.75
20160313 10:50 2.375
20160313 11:00 2.125
20160313 11:10 2.5
20160313 11:20 2.875
20160313 11:30 2.625
20160313 11:40 2.5
20160313 11:50 2.875
20160313 12:00 3.125
20160313 12:10 3
20160313 12:20 3.1875
20160313 12:30 2.875
20160313 12:40 3
20160313 12:50 4.25
20160313 13:00 3.375
20160313 13:10 3
20160313 13:20 3.625
20160313 13:30 3.75
20160313 13:40 3.875
20160313 13:50 4.25
20160313 14:00 3.625
20160313 14:10 3.6875
20160313 14:20 3.5
20160313 14:30 4
20160313 14:40 3.8125
20160313 14:50 4.125
20160313 15:00 3.8125
20160313 15:10 3.8125
20160313 15:20 4.125
20160313 15:30 4.5
20160313 15:40 4.1875
20160313 15:50 5.125
20160313 16:00 5.125
20160313 16:10 4.5
20160313 16:20 4.25
20160313 16:30 4
20160313 16:40 4.125
20160313 16:50 3.875
20160313 17:00 3.875
20160313 17:10 3.875
20160313 17:20 3.625
20160313 17:30 3.875
20160313 17:40 3.875
20160313 17:50 3.625
20160313 18:00 3.625
20160313 18:10 3.625
20160313 18:20 3.5
20160313 18:30 3.375
20160313 18:40 3.25
20160313 18:50 3.125
20160313 19:00 3
20160313 19:10 2.875
20160313 19:20 2.75
20160313 19:30 2.5
20160313 19:40 2.5
20160313 19:50 2.5
20160313 20:00 2.375
20160313 20:10 2
20160313 20:20 2
20160313 20:30 2
20160313 20:40 2
20160313 20:50 1.75
20160313 21:00 1.75
20160313 21:10 1.75
20160313 21:20 1.625
20160313 21:30 1.625
20160313 21:40 1.5
20160313 21:50 1.5
20160313 22:00 1.375
20160313 22:10 1.25
20160313 22:20 0.75
20160313 22:30 0.625
20160313 22:40 0.375
20160313 22:50 0.25
20160313 23:00 0.125
20160313 23:10 -0.375
20160313 23:20 -0.25
20160313 23:30 -0.375
20160313 23:40 -0.625
20160313 23:50 -0.625
