YYYYMMDD HH:MM measured temperature
20160217 00:00 -2.25
20160217 00:10 -2.375
20160217 00:20 -2.375
20160217 00:30 -2.5625
20160217 00:40 -2.625
20160217 00:50 -2.75
20160217 01:00 -2.875
20160217 01:10 -3
20160217 01:20 -3
20160217 01:30 -3.1875
20160217 01:40 -3.4375
20160217 01:50 -3.625
20160217 02:00 -3.6875
20160217 02:10 -3.75
20160217 02:20 -3.625
20160217 02:30 -3.5
20160217 02:40 -3.5
20160217 02:50 -3.625
20160217 03:00 -3.5
20160217 03:10 -3.625
20160217 03:20 -3.75
20160217 03:30 -3.8125
20160217 03:40 -3.75
20160217 03:50 -3.75
20160217 04:00 -3.75
20160217 04:10 -3.875
20160217 04:20 -3.9375
20160217 04:30 -3.875
20160217 04:40 -3.8125
20160217 04:50 -3.75
20160217 05:00 -3.875
20160217 05:10 -4
20160217 05:20 -4.25
20160217 05:30 -4.25
20160217 05:40 -4
20160217 05:50 -4
20160217 06:00 -4.125
20160217 06:10 -4.25
20160217 06:20 -4.25
20160217 06:30 -4.375
20160217 06:40 -4.3125
20160217 06:50 -4.25
20160217 07:00 -4.3125
20160217 07:10 -4.375
20160217 07:20 -4.375
20160217 07:30 -4.4375
20160217 07:40 -4.3125
20160217 07:50 -4.25
20160217 08:00 -4.0625
20160217 08:10 -3.9375
20160217 08:20 -3.8125
20160217 08:30 -3.375
20160217 08:40 -3
20160217 08:50 -2.375
20160217 09:00 -2
20160217 09:10 -1.625
20160217 09:20 -1.3125
20160217 09:30 -1
20160217 09:40 -1
20160217 09:50 -1
20160217 10:00 -0.625
20160217 10:10 -0.375
20160217 10:20 -0.125
20160217 10:30 0.0625
20160217 10:40 0.25
20160217 10:50 0.5
20160217 11:00 0.5625
20160217 11:10 0.875
20160217 11:20 1.125
20160217 11:30 1.125
20160217 11:40 1.375
20160217 11:50 1.75
20160217 12:00 2.375
20160217 12:10 2.8125
20160217 12:20 2.75
20160217 12:30 3.3125
20160217 12:40 3.4375
20160217 12:50 3.625
20160217 13:00 3.5625
20160217 13:10 4
20160217 13:20 4.5
20160217 13:30 4.5625
20160217 13:40 3.375
20160217 13:50 4.9375
20160217 14:00 4.375
20160217 14:10 4.125
20160217 14:20 3.875
20160217 14:30 3.75
20160217 14:40 4.125
20160217 14:50 4.875
20160217 15:00 4.375
20160217 15:10 3.8125
20160217 15:20 4.3125
20160217 15:30 4
20160217 15:40 3.75
20160217 15:50 3.25
20160217 16:00 3
20160217 16:10 2.625
20160217 16:20 2.3125
20160217 16:30 2.25
20160217 16:40 2
20160217 16:50 1.625
20160217 17:00 1.5
20160217 17:10 1.25
20160217 17:20 1.25
20160217 17:30 1.25
20160217 17:40 1.125
20160217 17:50 0.875
20160217 18:00 0.75
20160217 18:10 0.625
20160217 18:20 0.625
20160217 18:30 0.625
20160217 18:40 0.75
20160217 18:50 0.75
20160217 19:00 0.875
20160217 19:10 0.875
20160217 19:20 0.875
20160217 19:30 1
20160217 19:40 1
20160217 19:50 0.875
20160217 20:00 0.875
20160217 20:10 0.75
20160217 20:20 0.625
20160217 20:30 0.625
20160217 20:40 0.625
20160217 20:50 0.5
20160217 21:00 0.625
20160217 21:10 0.375
20160217 21:20 0.375
20160217 21:30 0.25
20160217 21:40 0.25
20160217 21:50 0.125
20160217 22:00 0.25
20160217 22:10 0.25
20160217 22:20 0.125
20160217 22:30 0.1875
20160217 22:40 0.125
20160217 22:50 0.25
20160217 23:00 0.125
20160217 23:10 0.125
20160217 23:20 0.125
20160217 23:30 0.0625
20160217 23:40 0.0625
20160217 23:50 0.125
