YYYYMMDD HH:MM measured temperature
20160706 00:00 13.125
20160706 00:10 13
20160706 00:20 13
20160706 00:30 13.125
20160706 00:40 12.875
20160706 00:50 12.625
20160706 01:00 12.5
20160706 01:10 85
20160706 01:20 12.625
20160706 01:30 12.625
20160706 01:40 12.5
20160706 01:50 12.375
20160706 02:00 12.375
20160706 02:10 12.125
20160706 02:20 11.875
20160706 02:30 12.125
20160706 02:40 12.125
20160706 02:50 12.1875
20160706 03:00 12.25
20160706 03:10 12.375
20160706 03:20 12.375
20160706 03:30 12.3125
20160706 03:40 12.25
20160706 03:50 12.125
20160706 04:00 11.75
20160706 04:10 11.5
20160706 04:20 85
20160706 04:30 11.375
20160706 04:40 11.5
20160706 04:50 11.75
20160706 05:00 11.75
20160706 05:10 11.6875
20160706 05:20 11.625
20160706 05:30 11.4375
20160706 05:40 11.5
20160706 05:50 11.375
20160706 06:00 11.25
20160706 06:10 11.25
20160706 06:20 85
20160706 06:30 11.1875
20160706 06:40 85
20160706 06:50 11.25
20160706 07:00 11.5625
20160706 07:10 85
20160706 07:20 12
20160706 07:30 12
20160706 07:40 11.6875
20160706 07:50 12.1875
20160706 08:00 13
20160706 08:10 12.9375
20160706 08:20 13
20160706 08:30 12.875
20160706 08:40 12.75
20160706 08:50 13.375
20160706 09:00 12.9375
20160706 09:10 12.875
20160706 09:20 14
20160706 09:30 13.75
20160706 09:40 14.25
20160706 09:50 14.125
20160706 10:00 14.875
20160706 10:10 15.125
20160706 10:20 15.25
20160706 10:30 13
20160706 10:40 14.1875
20160706 10:50 14.25
20160706 11:00 15.375
20160706 11:10 15.125
20160706 11:20 15.875
20160706 11:30 16.5
20160706 11:40 16.125
20160706 11:50 15.75
20160706 12:00 16.75
20160706 12:10 15.625
20160706 12:20 15.875
20160706 12:30 17.5
20160706 12:40 17.125
20160706 12:50 16
20160706 13:00 17.625
20160706 13:10 16.875
20160706 13:20 16.375
20160706 13:30 16.125
20160706 13:40 16.125
20160706 13:50 17.125
20160706 14:00 16.25
20160706 14:10 18.375
20160706 14:20 16.5
20160706 14:30 16.625
20160706 14:40 16.875
20160706 14:50 16.875
20160706 15:00 16.75
20160706 15:10 16.375
20160706 15:20 16.5
20160706 15:30 17.25
20160706 15:40 17.875
20160706 15:50 17.25
20160706 16:00 17.875
20160706 16:10 18.25
20160706 16:20 17
20160706 16:30 17.875
20160706 16:40 17.75
20160706 16:50 17.75
20160706 17:00 17.5
20160706 17:10 17.75
20160706 17:20 17.875
20160706 17:30 17.875
20160706 17:40 17
20160706 17:50 16.5
20160706 18:00 17.375
20160706 18:10 16.375
20160706 18:20 16.625
20160706 18:30 17.375
20160706 18:40 17
20160706 18:50 16.875
20160706 19:00 17
20160706 19:10 16.25
20160706 19:20 16.625
20160706 19:30 16.5
20160706 19:40 16.25
20160706 19:50 16.125
20160706 20:00 16.125
20160706 20:10 15.875
20160706 20:20 15.75
20160706 20:30 15.5
20160706 20:40 15.25
20160706 20:50 14.875
20160706 21:00 14.625
20160706 21:10 14.375
20160706 21:20 14.125
20160706 21:30 13.875
20160706 21:40 13.75
20160706 21:50 13.5
20160706 22:00 13
20160706 22:10 12.5
20160706 22:20 12.25
20160706 22:30 12.25
20160706 22:40 12.5
20160706 22:50 12.375
20160706 23:00 12.25
20160706 23:10 11.75
20160706 23:20 11.5
20160706 23:30 11.375
20160706 23:40 11.25
20160706 23:50 10.875
