YYYYMMDD HH:MM measured temperature
20160225 00:00 -0.25
20160225 00:10 -0.3125
20160225 00:20 -0.3125
20160225 00:30 -0.1875
20160225 00:40 -0.375
20160225 00:50 -0.5625
20160225 01:00 -0.625
20160225 01:10 -0.6875
20160225 01:20 -0.75
20160225 01:30 -0.8125
20160225 01:40 -0.75
20160225 01:50 85
20160225 02:00 -0.625
20160225 02:10 -0.75
20160225 02:20 -0.75
20160225 02:30 -0.75
20160225 02:40 -0.9375
20160225 02:50 -0.875
20160225 03:00 -1.0625
20160225 03:10 -0.8125
20160225 03:20 -0.875
20160225 03:30 -0.875
20160225 03:40 -0.875
20160225 03:50 -1.0625
20160225 04:00 -1.0625
20160225 04:10 -0.9375
20160225 04:20 -1
20160225 04:30 -1.125
20160225 04:40 -1.0625
20160225 04:50 -1
20160225 05:00 -1
20160225 05:10 -1.0625
20160225 05:20 -1.25
20160225 05:30 -1.125
20160225 05:40 -1.1875
20160225 05:50 -1.1875
20160225 06:00 -1.125
20160225 06:10 -1.125
20160225 06:20 -1
20160225 06:30 -1.125
20160225 06:40 -1.25
20160225 06:50 -1.1875
20160225 07:00 -1.25
20160225 07:10 -1.125
20160225 07:20 -1.1875
20160225 07:30 -1.125
20160225 07:40 -0.9375
20160225 07:50 -0.875
20160225 08:00 -0.875
20160225 08:10 -0.625
20160225 08:20 -0.375
20160225 08:30 -0.375
20160225 08:40 0.125
20160225 08:50 0.125
20160225 09:00 0.1875
20160225 09:10 0.25
20160225 09:20 0.375
20160225 09:30 0.375
20160225 09:40 0.5
20160225 09:50 0.5
20160225 10:00 0.6875
20160225 10:10 0.625
20160225 10:20 0.625
20160225 10:30 0.75
20160225 10:40 0.9375
20160225 10:50 85
20160225 11:00 1.125
20160225 11:10 1.4375
20160225 11:20 1.875
20160225 11:30 1.75
20160225 11:40 1.5625
20160225 11:50 1.9375
20160225 12:00 2.875
20160225 12:10 2.875
20160225 12:20 3.5
20160225 12:30 3.3125
20160225 12:40 3.25
20160225 12:50 4.0625
20160225 13:00 4
20160225 13:10 3.9375
20160225 13:20 3.5625
20160225 13:30 3.5625
20160225 13:40 4.4375
20160225 13:50 3.75
20160225 14:00 4.375
20160225 14:10 5.3125
20160225 14:20 4.75
20160225 14:30 5.4375
20160225 14:40 4.4375
20160225 14:50 4.75
20160225 15:00 4.1875
20160225 15:10 4.625
20160225 15:20 4.875
20160225 15:30 4.5
20160225 15:40 3.0625
20160225 15:50 3.25
20160225 16:00 3.5625
20160225 16:10 3.375
20160225 16:20 3.375
20160225 16:30 3.375
20160225 16:40 3.4375
20160225 16:50 3.375
20160225 17:00 3.375
20160225 17:10 3.1875
20160225 17:20 2.375
20160225 17:30 2.5
20160225 17:40 2.5
20160225 17:50 2.4375
20160225 18:00 2.1875
20160225 18:10 2.1875
20160225 18:20 2.4375
20160225 18:30 2.4375
20160225 18:40 2.5625
20160225 18:50 2.5625
20160225 19:00 2.5
20160225 19:10 2.375
20160225 19:20 2.5
20160225 19:30 85
20160225 19:40 2.3125
20160225 19:50 2.125
20160225 20:00 2.125
20160225 20:10 2.0625
20160225 20:20 1.9375
20160225 20:30 1.8125
20160225 20:40 1.5
20160225 20:50 1.375
20160225 21:00 1.5
20160225 21:10 1.5
20160225 21:20 85
20160225 21:30 85
20160225 21:40 1.8125
20160225 21:50 1.8125
20160225 22:00 1.75
20160225 22:10 1.6875
20160225 22:20 85
20160225 22:30 1.25
20160225 22:40 1.25
20160225 22:50 85
20160225 23:00 0.75
20160225 23:10 0.875
20160225 23:20 0.9375
20160225 23:30 0.8125
20160225 23:40 0.8125
20160225 23:50 0.9375
