YYYYMMDD HH:MM measured temperature
20160613 00:00 13.5
20160613 00:10 13.375
20160613 00:20 13.375
20160613 00:30 13.25
20160613 00:40 13.1875
20160613 00:50 13.125
20160613 01:00 13.0625
20160613 01:10 13.0625
20160613 01:20 13
20160613 01:30 12.9375
20160613 01:40 12.875
20160613 01:50 12.8125
20160613 02:00 85
20160613 02:10 12.75
20160613 02:20 12.75
20160613 02:30 12.6875
20160613 02:40 12.625
20160613 02:50 12.625
20160613 03:00 12.75
20160613 03:10 12.625
20160613 03:20 12.6875
20160613 03:30 12.75
20160613 03:40 12.75
20160613 03:50 12.75
20160613 04:00 12.75
20160613 04:10 12.75
20160613 04:20 12.625
20160613 04:30 12.5
20160613 04:40 12.625
20160613 04:50 12.5
20160613 05:00 12.5
20160613 05:10 12.5
20160613 05:20 12.4375
20160613 05:30 12.375
20160613 05:40 12.4375
20160613 05:50 12.5
20160613 06:00 12.5
20160613 06:10 12.5625
20160613 06:20 12.75
20160613 06:30 12.625
20160613 06:40 12.75
20160613 06:50 12.75
20160613 07:00 12.625
20160613 07:10 12.625
20160613 07:20 12.75
20160613 07:30 12.875
20160613 07:40 12.8125
20160613 07:50 12.875
20160613 08:00 13.125
20160613 08:10 13.125
20160613 08:20 13.375
20160613 08:30 13.375
20160613 08:40 13.5
20160613 08:50 13.375
20160613 09:00 13.1875
20160613 09:10 13.375
20160613 09:20 13.5625
20160613 09:30 13.75
20160613 09:40 13.875
20160613 09:50 14.1875
20160613 10:00 14.1875
20160613 10:10 14.5
20160613 10:20 14.5625
20160613 10:30 14.875
20160613 10:40 15.125
20160613 10:50 15
20160613 11:00 15.25
20160613 11:10 15.25
20160613 11:20 15.625
20160613 11:30 15.625
20160613 11:40 15.75
20160613 11:50 15.6875
20160613 12:00 15.75
20160613 12:10 16
20160613 12:20 16.0625
20160613 12:30 16.125
20160613 12:40 16.875
20160613 12:50 17.125
20160613 13:00 17.375
20160613 13:10 85
20160613 13:20 18.5625
20160613 13:30 85
20160613 13:40 18.375
20160613 13:50 18.125
20160613 14:00 18.125
20160613 14:10 18.75
20160613 14:20 19.5625
20160613 14:30 20.1875
20160613 14:40 20.8125
20160613 14:50 21.4375
20160613 15:00 21.125
20160613 15:10 22
20160613 15:20 20.25
20160613 15:30 19.5
20160613 15:40 19.5
20160613 15:50 19.1875
20160613 16:00 19.375
20160613 16:10 19.5
20160613 16:20 19.4375
20160613 16:30 17.6875
20160613 16:40 17.125
20160613 16:50 17.75
20160613 17:00 18.125
20160613 17:10 18.625
20160613 17:20 18.75
20160613 17:30 18.75
20160613 17:40 18.4375
20160613 17:50 18.3125
20160613 18:00 18
20160613 18:10 18
20160613 18:20 17.625
20160613 18:30 17.1875
20160613 18:40 17.25
20160613 18:50 17.25
20160613 19:00 17
20160613 19:10 17
20160613 19:20 16.75
20160613 19:30 16.5
20160613 19:40 16.5
20160613 19:50 85
20160613 20:00 16.375
20160613 20:10 16.3125
20160613 20:20 16.375
20160613 20:30 16.125
20160613 20:40 16.125
20160613 20:50 16.125
20160613 21:00 15.875
20160613 21:10 15.75
20160613 21:20 15.375
20160613 21:30 15.4375
20160613 21:40 15.3125
20160613 21:50 15.0625
20160613 22:00 15.25
20160613 22:10 15.375
20160613 22:20 15.5
20160613 22:30 15.125
20160613 22:40 14.8125
20160613 22:50 14.8125
20160613 23:00 14.625
20160613 23:10 14.5625
20160613 23:20 14.4375
20160613 23:30 14.25
20160613 23:40 14.25
20160613 23:50 14.125
