YYYYMMDD HH:MM measured temperature
20160416 00:00 8.25
20160416 00:10 8.25
20160416 00:20 8.25
20160416 00:30 8.125
20160416 00:40 8.0625
20160416 00:50 8
20160416 01:00 8
20160416 01:10 8
20160416 01:20 7.875
20160416 01:30 7.75
20160416 01:40 7.625
20160416 01:50 7.75
20160416 02:00 7.75
20160416 02:10 7.6875
20160416 02:20 7.5
20160416 02:30 7
20160416 02:40 6.75
20160416 02:50 7.125
20160416 03:00 7.3125
20160416 03:10 7.375
20160416 03:20 7.25
20160416 03:30 7.25
20160416 03:40 7
20160416 03:50 6.875
20160416 04:00 6.875
20160416 04:10 6.75
20160416 04:20 6.875
20160416 04:30 7.0625
20160416 04:40 7.375
20160416 04:50 7.375
20160416 05:00 7.5
20160416 05:10 7.625
20160416 05:20 7.875
20160416 05:30 7.875
20160416 05:40 7.875
20160416 05:50 7.75
20160416 06:00 7.625
20160416 06:10 7.25
20160416 06:20 7.25
20160416 06:30 7.375
20160416 06:40 7.5
20160416 06:50 7.625
20160416 07:00 7.625
20160416 07:10 7.75
20160416 07:20 8
20160416 07:30 8.125
20160416 07:40 8.25
20160416 07:50 8.5
20160416 08:00 8.875
20160416 08:10 9.25
20160416 08:20 9.5
20160416 08:30 10.375
20160416 08:40 10.375
20160416 08:50 10.375
20160416 09:00 11.375
20160416 09:10 11.5
20160416 09:20 11.5
20160416 09:30 11.375
20160416 09:40 11
20160416 09:50 10.75
20160416 10:00 10.75
20160416 10:10 11
20160416 10:20 11.25
20160416 10:30 11.5
20160416 10:40 11.375
20160416 10:50 11.375
20160416 11:00 11.625
20160416 11:10 11.5
20160416 11:20 11.5
20160416 11:30 11.75
20160416 11:40 12
20160416 11:50 13.75
20160416 12:00 12.125
20160416 12:10 11.875
20160416 12:20 13.625
20160416 12:30 14.9375
20160416 12:40 14.25
20160416 12:50 13.5
20160416 13:00 14
20160416 13:10 12.75
20160416 13:20 12.875
20160416 13:30 13.375
20160416 13:40 14.125
20160416 13:50 14.625
20160416 14:00 12.875
20160416 14:10 12.5
20160416 14:20 12
20160416 14:30 12.25
20160416 14:40 13
20160416 14:50 13.5
20160416 15:00 12.625
20160416 15:10 12.75
20160416 15:20 13
20160416 15:30 13.5
20160416 15:40 14.375
20160416 15:50 14.75
20160416 16:00 14.625
20160416 16:10 14
20160416 16:20 13.875
20160416 16:30 14.375
20160416 16:40 14.125
20160416 16:50 13.375
20160416 17:00 13.25
20160416 17:10 12.75
20160416 17:20 12.75
20160416 17:30 13.125
20160416 17:40 13
20160416 17:50 12.875
20160416 18:00 12.75
20160416 18:10 13
20160416 18:20 12.625
20160416 18:30 12.375
20160416 18:40 12.75
20160416 18:50 13.125
20160416 19:00 12.625
20160416 19:10 12
20160416 19:20 11.5
20160416 19:30 11.875
20160416 19:40 11.75
20160416 19:50 11.25
20160416 20:00 10.75
20160416 20:10 10.375
20160416 20:20 10.125
20160416 20:30 9.875
20160416 20:40 9
20160416 20:50 8.625
20160416 21:00 8
20160416 21:10 7.875
20160416 21:20 7.75
20160416 21:30 7.5
20160416 21:40 7.25
20160416 21:50 7.125
20160416 22:00 7
20160416 22:10 6.75
20160416 22:20 6.75
20160416 22:30 6.5
20160416 22:40 6.5
20160416 22:50 6.25
20160416 23:00 6
20160416 23:10 5.75
20160416 23:20 6
20160416 23:30 5.75
20160416 23:40 5.5
20160416 23:50 5.25
