YYYYMMDD HH:MM measured temperature
20160305 00:00 3.5
20160305 00:10 3.5625
20160305 00:20 3.5
20160305 00:30 3.5
20160305 00:40 3.4375
20160305 00:50 3.4375
20160305 01:00 85
20160305 01:10 3.4375
20160305 01:20 3.4375
20160305 01:30 85
20160305 01:40 3.375
20160305 01:50 3.375
20160305 02:00 3.3125
20160305 02:10 3.3125
20160305 02:20 85
20160305 02:30 3.3125
20160305 02:40 3.3125
20160305 02:50 3.25
20160305 03:00 3.1875
20160305 03:10 3.1875
20160305 03:20 3.1875
20160305 03:30 3.1875
20160305 03:40 3.25
20160305 03:50 85
20160305 04:00 3.125
20160305 04:10 3.125
20160305 04:20 3.0625
20160305 04:30 3
20160305 04:40 85
20160305 04:50 2.9375
20160305 05:00 2.9375
20160305 05:10 2.9375
20160305 05:20 2.75
20160305 05:30 2.375
20160305 05:40 2.25
20160305 05:50 2.3125
20160305 06:00 2.375
20160305 06:10 2.375
20160305 06:20 2.3125
20160305 06:30 2.3125
20160305 06:40 2.4375
20160305 06:50 2.4375
20160305 07:00 2.4375
20160305 07:10 2.5
20160305 07:20 2.6875
20160305 07:30 2.8125
20160305 07:40 2.875
20160305 07:50 3
20160305 08:00 3.1875
20160305 08:10 3.125
20160305 08:20 3.125
20160305 08:30 3.3125
20160305 08:40 3.3125
20160305 08:50 85
20160305 09:00 3.625
20160305 09:10 3.6875
20160305 09:20 3.875
20160305 09:30 3.875
20160305 09:40 3.75
20160305 09:50 4.125
20160305 10:00 4.125
20160305 10:10 4
20160305 10:20 4.4375
20160305 10:30 4.3125
20160305 10:40 4.375
20160305 10:50 4.125
20160305 11:00 4.125
20160305 11:10 4.3125
20160305 11:20 4.5
20160305 11:30 4.5625
20160305 11:40 4.625
20160305 11:50 4.375
20160305 12:00 4.5625
20160305 12:10 4.75
20160305 12:20 4.75
20160305 12:30 4.3125
20160305 12:40 4.3125
20160305 12:50 4.25
20160305 13:00 4
20160305 13:10 4.1875
20160305 13:20 4.0625
20160305 13:30 4.25
20160305 13:40 4.0625
20160305 13:50 4.1875
20160305 14:00 4.1875
20160305 14:10 3.8125
20160305 14:20 4.125
20160305 14:30 3.875
20160305 14:40 4.125
20160305 14:50 4.125
20160305 15:00 4.125
20160305 15:10 3.9375
20160305 15:20 4
20160305 15:30 4
20160305 15:40 4.1875
20160305 15:50 4.25
20160305 16:00 4.1875
20160305 16:10 4.25
20160305 16:20 4.125
20160305 16:30 4
20160305 16:40 4
20160305 16:50 3.9375
20160305 17:00 4
20160305 17:10 3.9375
20160305 17:20 4
20160305 17:30 4
20160305 17:40 4
20160305 17:50 3.875
20160305 18:00 3.8125
20160305 18:10 3.875
20160305 18:20 3.8125
20160305 18:30 3.8125
20160305 18:40 3.8125
20160305 18:50 3.75
20160305 19:00 3.75
20160305 19:10 3.75
20160305 19:20 3.6875
20160305 19:30 3.6875
20160305 19:40 3.75
20160305 19:50 3.6875
20160305 20:00 3.6875
20160305 20:10 3.6875
20160305 20:20 3.75
20160305 20:30 3.625
20160305 20:40 3.625
20160305 20:50 3.6875
20160305 21:00 3.625
20160305 21:10 3.625
20160305 21:20 3.5625
20160305 21:30 3.5625
20160305 21:40 3.625
20160305 21:50 3.625
20160305 22:00 3.5625
20160305 22:10 3.625
20160305 22:20 3.5625
20160305 22:30 3.5
20160305 22:40 3.5625
20160305 22:50 3.5
20160305 23:00 3.5
20160305 23:10 3.375
20160305 23:20 3.375
20160305 23:30 3.3125
20160305 23:40 3.25
20160305 23:50 3.25
