YYYYMMDD HH:MM measured temperature
20160425 00:00 0.25
20160425 00:10 0.375
20160425 00:20 0.125
20160425 00:30 0.125
20160425 00:40 0.125
20160425 00:50 0.125
20160425 01:00 0.125
20160425 01:10 -0.125
20160425 01:20 0
20160425 01:30 -0.1875
20160425 01:40 -0.375
20160425 01:50 -0.375
20160425 02:00 -0.25
20160425 02:10 -0.625
20160425 02:20 -0.125
20160425 02:30 -0.25
20160425 02:40 -0.4375
20160425 02:50 -0.375
20160425 03:00 -0.375
20160425 03:10 -0.375
20160425 03:20 -0.375
20160425 03:30 -0.375
20160425 03:40 -0.375
20160425 03:50 -0.25
20160425 04:00 -0.25
20160425 04:10 -0.375
20160425 04:20 -0.375
20160425 04:30 -0.375
20160425 04:40 -0.25
20160425 04:50 -0.25
20160425 05:00 -0.25
20160425 05:10 -0.375
20160425 05:20 -0.25
20160425 05:30 -0.125
20160425 05:40 -0.25
20160425 05:50 -0.125
20160425 06:00 -0.375
20160425 06:10 -0.375
20160425 06:20 -0.5
20160425 06:30 -0.5
20160425 06:40 -0.25
20160425 06:50 -0.25
20160425 07:00 0.25
20160425 07:10 0.25
20160425 07:20 0.375
20160425 07:30 0.625
20160425 07:40 0.75
20160425 07:50 1
20160425 08:00 1.125
20160425 08:10 1.375
20160425 08:20 2
20160425 08:30 2.375
20160425 08:40 3.125
20160425 08:50 3.625
20160425 09:00 4.25
20160425 09:10 4.5
20160425 09:20 4.875
20160425 09:30 5
20160425 09:40 4.625
20160425 09:50 4.75
20160425 10:00 4.875
20160425 10:10 5
20160425 10:20 5
20160425 10:30 4.75
20160425 10:40 4.5
20160425 10:50 3.875
20160425 11:00 3.5
20160425 11:10 3.75
20160425 11:20 3.75
20160425 11:30 3.625
20160425 11:40 3.875
20160425 11:50 4.5
20160425 12:00 4.875
20160425 12:10 4.875
20160425 12:20 4.375
20160425 12:30 4.25
20160425 12:40 4.125
20160425 12:50 4.125
20160425 13:00 4.125
20160425 13:10 4
20160425 13:20 2.75
20160425 13:30 2.75
20160425 13:40 2.25
20160425 13:50 2.3125
20160425 14:00 2.25
20160425 14:10 2.375
20160425 14:20 2.625
20160425 14:30 2.75
20160425 14:40 2.625
20160425 14:50 2.5
20160425 15:00 2.625
20160425 15:10 2.375
20160425 15:20 1.625
20160425 15:30 2.375
20160425 15:40 3.25
20160425 15:50 3.5
20160425 16:00 3.375
20160425 16:10 3.5
20160425 16:20 3.625
20160425 16:30 3.625
20160425 16:40 3.625
20160425 16:50 3.875
20160425 17:00 3.75
20160425 17:10 3.625
20160425 17:20 3.625
20160425 17:30 3.625
20160425 17:40 3.875
20160425 17:50 3.75
20160425 18:00 3.5
20160425 18:10 3.5
20160425 18:20 2.75
20160425 18:30 2
20160425 18:40 1.75
20160425 18:50 2
20160425 19:00 2.125
20160425 19:10 2.125
20160425 19:20 2.125
20160425 19:30 2.25
20160425 19:40 2.25
20160425 19:50 2.25
20160425 20:00 2.25
20160425 20:10 2.25
20160425 20:20 2.25
20160425 20:30 2.375
20160425 20:40 2.375
20160425 20:50 2.375
20160425 21:00 2.25
20160425 21:10 2.25
20160425 21:20 2.125
20160425 21:30 2
20160425 21:40 1.875
20160425 21:50 1.375
20160425 22:00 1.0625
20160425 22:10 1
20160425 22:20 1.125
20160425 22:30 1.125
20160425 22:40 1.125
20160425 22:50 1
20160425 23:00 1
20160425 23:10 1
20160425 23:20 1.125
20160425 23:30 1
20160425 23:40 1
20160425 23:50 0.75
