YYYYMMDD HH:MM measured temperature
20160524 00:00 12.625
20160524 00:10 12.625
20160524 00:20 12.625
20160524 00:30 12.625
20160524 00:40 12.5625
20160524 00:50 12.5
20160524 01:00 12.375
20160524 01:10 12.4375
20160524 01:20 12.25
20160524 01:30 12.25
20160524 01:40 12.1875
20160524 01:50 11.9375
20160524 02:00 11.9375
20160524 02:10 12.125
20160524 02:20 12.0625
20160524 02:30 12
20160524 02:40 12
20160524 02:50 11.9375
20160524 03:00 12
20160524 03:10 12
20160524 03:20 12.0625
20160524 03:30 12
20160524 03:40 11.9375
20160524 03:50 12
20160524 04:00 11.875
20160524 04:10 11.875
20160524 04:20 11.6875
20160524 04:30 11.6875
20160524 04:40 11.75
20160524 04:50 11.75
20160524 05:00 11.5
20160524 05:10 11.5
20160524 05:20 11.375
20160524 05:30 11.375
20160524 05:40 11.125
20160524 05:50 11.125
20160524 06:00 11.125
20160524 06:10 11.0625
20160524 06:20 11.125
20160524 06:30 11.1875
20160524 06:40 11.25
20160524 06:50 11.1875
20160524 07:00 11.25
20160524 07:10 11
20160524 07:20 11
20160524 07:30 10.875
20160524 07:40 10.875
20160524 07:50 10.75
20160524 08:00 10.6875
20160524 08:10 10.875
20160524 08:20 10.875
20160524 08:30 10.75
20160524 08:40 10.8125
20160524 08:50 10.875
20160524 09:00 10.9375
20160524 09:10 10.8125
20160524 09:20 11.125
20160524 09:30 10.9375
20160524 09:40 11
20160524 09:50 11.0625
20160524 10:00 11.125
20160524 10:10 10.9375
20160524 10:20 11.0625
20160524 10:30 11
20160524 10:40 11.125
20160524 10:50 11
20160524 11:00 10.9375
20160524 11:10 10.9375
20160524 11:20 11.125
20160524 11:30 11
20160524 11:40 11.125
20160524 11:50 11.125
20160524 12:00 11.1875
20160524 12:10 11.5
20160524 12:20 11.375
20160524 12:30 11.125
20160524 12:40 11
20160524 12:50 11
20160524 13:00 11.375
20160524 13:10 11.375
20160524 13:20 11.625
20160524 13:30 12.0625
20160524 13:40 11.8125
20160524 13:50 11.625
20160524 14:00 12.25
20160524 14:10 85
20160524 14:20 12.625
20160524 14:30 12.1875
20160524 14:40 11.9375
20160524 14:50 12.125
20160524 15:00 12.375
20160524 15:10 13
20160524 15:20 12.5
20160524 15:30 12.625
20160524 15:40 13.375
20160524 15:50 12.5625
20160524 16:00 12.5625
20160524 16:10 12.5625
20160524 16:20 12.375
20160524 16:30 12.875
20160524 16:40 12.625
20160524 16:50 12.625
20160524 17:00 12.4375
20160524 17:10 12.3125
20160524 17:20 12.5
20160524 17:30 85
20160524 17:40 12.3125
20160524 17:50 12.25
20160524 18:00 12.1875
20160524 18:10 85
20160524 18:20 12.125
20160524 18:30 12.3125
20160524 18:40 12.5
20160524 18:50 12.25
20160524 19:00 85
20160524 19:10 12.3125
20160524 19:20 12.1875
20160524 19:30 12.1875
20160524 19:40 12.1875
20160524 19:50 12.1875
20160524 20:00 12.125
20160524 20:10 12.0625
20160524 20:20 12
20160524 20:30 11.875
20160524 20:40 11.875
20160524 20:50 85
20160524 21:00 85
20160524 21:10 11.75
20160524 21:20 11.75
20160524 21:30 11.625
20160524 21:40 11.625
20160524 21:50 11.625
20160524 22:00 11.625
20160524 22:10 11.5625
20160524 22:20 11.5625
20160524 22:30 11.5625
20160524 22:40 85
20160524 22:50 11.4375
20160524 23:00 11.375
20160524 23:10 11.375
20160524 23:20 11.375
20160524 23:30 11.3125
20160524 23:40 11.3125
20160524 23:50 11.3125
