YYYYMMDD HH:MM measured temperature
20160703 00:00 11.125
20160703 00:10 11.25
20160703 00:20 11
20160703 00:30 11.125
20160703 00:40 10.875
20160703 00:50 10.75
20160703 01:00 10.625
20160703 01:10 10.4375
20160703 01:20 10.375
20160703 01:30 10.25
20160703 01:40 10.125
20160703 01:50 10.125
20160703 02:00 10.0625
20160703 02:10 10.125
20160703 02:20 10
20160703 02:30 10
20160703 02:40 10
20160703 02:50 9.9375
20160703 03:00 9.875
20160703 03:10 9.875
20160703 03:20 9.75
20160703 03:30 9.75
20160703 03:40 9.875
20160703 03:50 10
20160703 04:00 10.125
20160703 04:10 10.25
20160703 04:20 10.125
20160703 04:30 10.125
20160703 04:40 10
20160703 04:50 10
20160703 05:00 10
20160703 05:10 10
20160703 05:20 10.125
20160703 05:30 10
20160703 05:40 10
20160703 05:50 10
20160703 06:00 10.1875
20160703 06:10 10.3125
20160703 06:20 10.5
20160703 06:30 10.625
20160703 06:40 10.875
20160703 06:50 11.125
20160703 07:00 11.375
20160703 07:10 11.75
20160703 07:20 11.625
20160703 07:30 11.875
20160703 07:40 11.875
20160703 07:50 11.75
20160703 08:00 12.5
20160703 08:10 12.625
20160703 08:20 13
20160703 08:30 14
20160703 08:40 14.5
20160703 08:50 14.125
20160703 09:00 15.25
20160703 09:10 15.375
20160703 09:20 15.625
20160703 09:30 15.625
20160703 09:40 16.5
20160703 09:50 15.875
20160703 10:00 15.875
20160703 10:10 15.125
20160703 10:20 15
20160703 10:30 15
20160703 10:40 16.125
20160703 10:50 16.25
20160703 11:00 17.5
20160703 11:10 16.875
20160703 11:20 16.75
20160703 11:30 17.25
20160703 11:40 17.125
20160703 11:50 17.75
20160703 12:00 18.25
20160703 12:10 18.25
20160703 12:20 18.375
20160703 12:30 18.75
20160703 12:40 17.125
20160703 12:50 17.625
20160703 13:00 18.125
20160703 13:10 19.625
20160703 13:20 17.75
20160703 13:30 17.875
20160703 13:40 18.375
20160703 13:50 19.25
20160703 14:00 19.75
20160703 14:10 20
20160703 14:20 19.5
20160703 14:30 21
20160703 14:40 19.625
20160703 14:50 18.25
20160703 15:00 13.125
20160703 15:10 12.875
20160703 15:20 13.375
20160703 15:30 13.875
20160703 15:40 14.75
20160703 15:50 15.25
20160703 16:00 15.875
20160703 16:10 16.625
20160703 16:20 16.875
20160703 16:30 17.5
20160703 16:40 16.625
20160703 16:50 17
20160703 17:00 17
20160703 17:10 17.25
20160703 17:20 17.875
20160703 17:30 17.875
20160703 17:40 16.75
20160703 17:50 18.25
20160703 18:00 18.25
20160703 18:10 17.875
20160703 18:20 18.125
20160703 18:30 16.875
20160703 18:40 17.625
20160703 18:50 17.75
20160703 19:00 17
20160703 19:10 16.5
20160703 19:20 16.125
20160703 19:30 15.625
20160703 19:40 15.25
20160703 19:50 15
20160703 20:00 15
20160703 20:10 15.125
20160703 20:20 14.625
20160703 20:30 14.625
20160703 20:40 14.375
20160703 20:50 14.375
20160703 21:00 14.25
20160703 21:10 14.125
20160703 21:20 13.875
20160703 21:30 13.75
20160703 21:40 13.75
20160703 21:50 13.75
20160703 22:00 13.625
20160703 22:10 13.625
20160703 22:20 13.5
20160703 22:30 13.5
20160703 22:40 13.625
20160703 22:50 13.375
20160703 23:00 13.375
20160703 23:10 13.25
20160703 23:20 12.875
20160703 23:30 12.875
20160703 23:40 12.75
20160703 23:50 12.5
