YYYYMMDD HH:MM measured temperature
20160628 00:00 85
20160628 00:10 15
20160628 00:20 14.875
20160628 00:30 14.75
20160628 00:40 14.625
20160628 00:50 14.625
20160628 01:00 14.5
20160628 01:10 85
20160628 01:20 14.125
20160628 01:30 14
20160628 01:40 13.875
20160628 01:50 13.75
20160628 02:00 85
20160628 02:10 13.5625
20160628 02:20 85
20160628 02:30 13.4375
20160628 02:40 13.1875
20160628 02:50 13.1875
20160628 03:00 85
20160628 03:10 85
20160628 03:20 85
20160628 03:30 12.75
20160628 03:40 12.625
20160628 03:50 12.5
20160628 04:00 12.375
20160628 04:10 12.3125
20160628 04:20 85
20160628 04:30 12.1875
20160628 04:40 12
20160628 04:50 11.875
20160628 05:00 85
20160628 05:10 11.75
20160628 05:20 11.75
20160628 05:30 11.6875
20160628 05:40 11.5625
20160628 05:50 85
20160628 06:00 11.375
20160628 06:10 11.6875
20160628 06:20 11.8125
20160628 06:30 12
20160628 06:40 12.25
20160628 06:50 12
20160628 07:00 11.875
20160628 07:10 11.875
20160628 07:20 85
20160628 07:30 12.375
20160628 07:40 12.75
20160628 07:50 13.125
20160628 08:00 13.25
20160628 08:10 13.625
20160628 08:20 14.125
20160628 08:30 14.5
20160628 08:40 14.875
20160628 08:50 15.25
20160628 09:00 15.625
20160628 09:10 15.875
20160628 09:20 16.5
20160628 09:30 15.5
20160628 09:40 15.625
20160628 09:50 15.5
20160628 10:00 17.375
20160628 10:10 15.75
20160628 10:20 17.25
20160628 10:30 16.375
20160628 10:40 17.375
20160628 10:50 16.125
20160628 11:00 17.75
20160628 11:10 17.625
20160628 11:20 19.25
20160628 11:30 17.125
20160628 11:40 18.875
20160628 11:50 18
20160628 12:00 19.625
20160628 12:10 17.375
20160628 12:20 17.25
20160628 12:30 17.5
20160628 12:40 18.25
20160628 12:50 19.5
20160628 13:00 20.25
20160628 13:10 19.75
20160628 13:20 19
20160628 13:30 18.25
20160628 13:40 18.25
20160628 13:50 19.5
20160628 14:00 20.5
20160628 14:10 20.625
20160628 14:20 20.75
20160628 14:30 20.125
20160628 14:40 21.5
20160628 14:50 21.75
20160628 15:00 21.125
20160628 15:10 20.375
20160628 15:20 19.875
20160628 15:30 19.875
20160628 15:40 19.5
20160628 15:50 19.875
20160628 16:00 20
20160628 16:10 20.25
20160628 16:20 19.875
20160628 16:30 21.125
20160628 16:40 20.25
20160628 16:50 20.375
20160628 17:00 20.625
20160628 17:10 20.5
20160628 17:20 20.5
20160628 17:30 20.5
20160628 17:40 20
20160628 17:50 20.5
20160628 18:00 20.125
20160628 18:10 19.625
20160628 18:20 20
20160628 18:30 19.75
20160628 18:40 19.5
20160628 18:50 19
20160628 19:00 18.625
20160628 19:10 18.25
20160628 19:20 18.375
20160628 19:30 18.875
20160628 19:40 18.75
20160628 19:50 19
20160628 20:00 18.875
20160628 20:10 18.5
20160628 20:20 17.75
20160628 20:30 17.625
20160628 20:40 17.5
20160628 20:50 17.375
20160628 21:00 17
20160628 21:10 16.75
20160628 21:20 16.375
20160628 21:30 16
20160628 21:40 15.625
20160628 21:50 15.25
20160628 22:00 15.125
20160628 22:10 14.875
20160628 22:20 14.75
20160628 22:30 14.625
20160628 22:40 14.625
20160628 22:50 14.5
20160628 23:00 14.25
20160628 23:10 14.25
20160628 23:20 14.25
20160628 23:30 14.25
20160628 23:40 14.25
20160628 23:50 14.375
