YYYYMMDD HH:MM measured temperature
20160216 00:00 -3
20160216 00:10 -3
20160216 00:20 -3
20160216 00:30 -3.125
20160216 00:40 -3.125
20160216 00:50 -3.125
20160216 01:00 -3
20160216 01:10 -3
20160216 01:20 -3
20160216 01:30 -3
20160216 01:40 -3
20160216 01:50 -3.25
20160216 02:00 -3.25
20160216 02:10 -3.375
20160216 02:20 -3.125
20160216 02:30 -3.375
20160216 02:40 -3.75
20160216 02:50 -3.75
20160216 03:00 -3.75
20160216 03:10 -4.125
20160216 03:20 -4
20160216 03:30 -3.875
20160216 03:40 -4
20160216 03:50 -4.3125
20160216 04:00 -4.125
20160216 04:10 -4.5
20160216 04:20 -4.625
20160216 04:30 -4.75
20160216 04:40 -4.625
20160216 04:50 -4.875
20160216 05:00 -4.75
20160216 05:10 -4
20160216 05:20 -4
20160216 05:30 -4.25
20160216 05:40 -4.75
20160216 05:50 -4.875
20160216 06:00 -4.875
20160216 06:10 -5
20160216 06:20 -5.125
20160216 06:30 -5.125
20160216 06:40 -5.375
20160216 06:50 -5.3125
20160216 07:00 -5.3125
20160216 07:10 -5.1875
20160216 07:20 -5.125
20160216 07:30 -5.25
20160216 07:40 -5.375
20160216 07:50 -5.1875
20160216 08:00 -5.25
20160216 08:10 -4.875
20160216 08:20 -4.8125
20160216 08:30 -4.5625
20160216 08:40 -4
20160216 08:50 -3.5625
20160216 09:00 -3
20160216 09:10 -2.5625
20160216 09:20 85
20160216 09:30 -2
20160216 09:40 -1.75
20160216 09:50 -1.75
20160216 10:00 -1.4375
20160216 10:10 -1.0625
20160216 10:20 -0.9375
20160216 10:30 -0.75
20160216 10:40 -0.5
20160216 10:50 -0.1875
20160216 11:00 0.0625
20160216 11:10 0.375
20160216 11:20 0.5625
20160216 11:30 0.8125
20160216 11:40 1.125
20160216 11:50 1.625
20160216 12:00 2.1875
20160216 12:10 2.25
20160216 12:20 2.25
20160216 12:30 3.0625
20160216 12:40 3.25
20160216 12:50 3.375
20160216 13:00 3.625
20160216 13:10 3.375
20160216 13:20 4.3125
20160216 13:30 3.8125
20160216 13:40 4.25
20160216 13:50 4.3125
20160216 14:00 4.25
20160216 14:10 4.625
20160216 14:20 4.5625
20160216 14:30 4.6875
20160216 14:40 4.625
20160216 14:50 4.625
20160216 15:00 3.5
20160216 15:10 3.125
20160216 15:20 3.25
20160216 15:30 4.625
20160216 15:40 5
20160216 15:50 4.625
20160216 16:00 4.125
20160216 16:10 3.5
20160216 16:20 3.25
20160216 16:30 2.5
20160216 16:40 2.375
20160216 16:50 1.875
20160216 17:00 1.5
20160216 17:10 1.125
20160216 17:20 0.875
20160216 17:30 0.375
20160216 17:40 0.125
20160216 17:50 0
20160216 18:00 -0.5
20160216 18:10 -0.625
20160216 18:20 -0.625
20160216 18:30 -1
20160216 18:40 -1.125
20160216 18:50 -1.375
20160216 19:00 -1.25
20160216 19:10 -1.625
20160216 19:20 -1.5
20160216 19:30 -1.75
20160216 19:40 -1.875
20160216 19:50 -2.125
20160216 20:00 -2.25
20160216 20:10 -2.25
20160216 20:20 -2.25
20160216 20:30 -2.25
20160216 20:40 -2.375
20160216 20:50 -2.25
20160216 21:00 -2.625
20160216 21:10 -2.375
20160216 21:20 -2.625
20160216 21:30 -2.625
20160216 21:40 -2.625
20160216 21:50 -2.875
20160216 22:00 -2.875
20160216 22:10 -2.875
20160216 22:20 -2.875
20160216 22:30 -2.625
20160216 22:40 -2.625
20160216 22:50 -2.5
20160216 23:00 -2.375
20160216 23:10 -2.25
20160216 23:20 -2.125
20160216 23:30 -2.125
20160216 23:40 -2.125
20160216 23:50 -2.125
