YYYYMMDD HH:MM measured temperature
20160409 00:00 4.875
20160409 00:10 4.6875
20160409 00:20 85
20160409 00:30 4.4375
20160409 00:40 4.4375
20160409 00:50 4.125
20160409 01:00 3.875
20160409 01:10 3.5625
20160409 01:20 85
20160409 01:30 3.625
20160409 01:40 3.5
20160409 01:50 3.125
20160409 02:00 3.125
20160409 02:10 2.875
20160409 02:20 85
20160409 02:30 2.5
20160409 02:40 2.3125
20160409 02:50 85
20160409 03:00 2.1875
20160409 03:10 2.125
20160409 03:20 1.8125
20160409 03:30 85
20160409 03:40 1.5
20160409 03:50 85
20160409 04:00 85
20160409 04:10 1.25
20160409 04:20 1.25
20160409 04:30 1.25
20160409 04:40 85
20160409 04:50 85
20160409 05:00 85
20160409 05:10 0.9375
20160409 05:20 0.75
20160409 05:30 0.75
20160409 05:40 0.75
20160409 05:50 0.5625
20160409 06:00 0.625
20160409 06:10 85
20160409 06:20 0.75
20160409 06:30 0.625
20160409 06:40 0.5625
20160409 06:50 0.6875
20160409 07:00 0.5
20160409 07:10 0.75
20160409 07:20 1.125
20160409 07:30 1.375
20160409 07:40 1.5
20160409 07:50 1.8125
20160409 08:00 2.25
20160409 08:10 85
20160409 08:20 2.875
20160409 08:30 85
20160409 08:40 4.375
20160409 08:50 5.375
20160409 09:00 6
20160409 09:10 6.875
20160409 09:20 7.25
20160409 09:30 8.125
20160409 09:40 8.75
20160409 09:50 9.5
20160409 10:00 10.125
20160409 10:10 10.5
20160409 10:20 10.25
20160409 10:30 11
20160409 10:40 11.625
20160409 10:50 11
20160409 11:00 11.5625
20160409 11:10 11.125
20160409 11:20 11.75
20160409 11:30 13.0625
20160409 11:40 12.375
20160409 11:50 11.75
20160409 12:00 13.25
20160409 12:10 13.625
20160409 12:20 13.875
20160409 12:30 14.125
20160409 12:40 14.625
20160409 12:50 13.875
20160409 13:00 14.75
20160409 13:10 14.375
20160409 13:20 14.375
20160409 13:30 14.5
20160409 13:40 14.75
20160409 13:50 15.875
20160409 14:00 14.25
20160409 14:10 14.5
20160409 14:20 13.75
20160409 14:30 15.875
20160409 14:40 15.125
20160409 14:50 15.375
20160409 15:00 16.25
20160409 15:10 15.125
20160409 15:20 15.75
20160409 15:30 15.375
20160409 15:40 15.25
20160409 15:50 15.125
20160409 16:00 15.875
20160409 16:10 15.5
20160409 16:20 14.625
20160409 16:30 13.75
20160409 16:40 13.5
20160409 16:50 13.625
20160409 17:00 14.125
20160409 17:10 14.25
20160409 17:20 14.75
20160409 17:30 15
20160409 17:40 14.625
20160409 17:50 13.625
20160409 18:00 13.375
20160409 18:10 13
20160409 18:20 12.875
20160409 18:30 12.75
20160409 18:40 12.75
20160409 18:50 12.875
20160409 19:00 13
20160409 19:10 13.125
20160409 19:20 13
20160409 19:30 12.625
20160409 19:40 12.125
20160409 19:50 11.625
20160409 20:00 11.125
20160409 20:10 10.75
20160409 20:20 10.375
20160409 20:30 10
20160409 20:40 9.75
20160409 20:50 9.5
20160409 21:00 9.5
20160409 21:10 9.25
20160409 21:20 9
20160409 21:30 8.875
20160409 21:40 8.625
20160409 21:50 8.625
20160409 22:00 8.5
20160409 22:10 8.5
20160409 22:20 8.375
20160409 22:30 8.25
20160409 22:40 8.125
20160409 22:50 7.875
20160409 23:00 7.625
20160409 23:10 7.5
20160409 23:20 7.5
20160409 23:30 7.25
20160409 23:40 6.875
20160409 23:50 6.875
