YYYYMMDD HH:MM measured temperature
20160709 00:00 14.5
20160709 00:10 14.6875
20160709 00:20 14.5625
20160709 00:30 14.75
20160709 00:40 14.5
20160709 00:50 14.4375
20160709 01:00 85
20160709 01:10 14.25
20160709 01:20 14.125
20160709 01:30 13.875
20160709 01:40 13.8125
20160709 01:50 13.875
20160709 02:00 13.8125
20160709 02:10 14.125
20160709 02:20 13.9375
20160709 02:30 85
20160709 02:40 85
20160709 02:50 85
20160709 03:00 13.25
20160709 03:10 13.25
20160709 03:20 13.125
20160709 03:30 13
20160709 03:40 12.875
20160709 03:50 12.75
20160709 04:00 12.75
20160709 04:10 12.6875
20160709 04:20 85
20160709 04:30 12.75
20160709 04:40 12.75
20160709 04:50 12.75
20160709 05:00 12.625
20160709 05:10 12.625
20160709 05:20 12.5
20160709 05:30 12.375
20160709 05:40 12.5
20160709 05:50 12.625
20160709 06:00 12.75
20160709 06:10 12.625
20160709 06:20 12.6875
20160709 06:30 12.875
20160709 06:40 13.125
20160709 06:50 13.3125
20160709 07:00 13.5
20160709 07:10 13.625
20160709 07:20 13.875
20160709 07:30 14.125
20160709 07:40 14.25
20160709 07:50 14.625
20160709 08:00 15
20160709 08:10 15.375
20160709 08:20 15.75
20160709 08:30 15.75
20160709 08:40 16
20160709 08:50 16.625
20160709 09:00 17
20160709 09:10 17
20160709 09:20 17.25
20160709 09:30 17.5
20160709 09:40 17.25
20160709 09:50 17.5
20160709 10:00 18.125
20160709 10:10 18.75
20160709 10:20 18.25
20160709 10:30 18.625
20160709 10:40 18.875
20160709 10:50 19.25
20160709 11:00 19
20160709 11:10 19.5
20160709 11:20 19.25
20160709 11:30 19.875
20160709 11:40 20
20160709 11:50 20.375
20160709 12:00 20.625
20160709 12:10 20.25
20160709 12:20 20
20160709 12:30 21.25
20160709 12:40 20.875
20160709 12:50 20.875
20160709 13:00 21.5
20160709 13:10 20.25
20160709 13:20 21.5
20160709 13:30 19.875
20160709 13:40 22
20160709 13:50 23.25
20160709 14:00 21.875
20160709 14:10 21.5
20160709 14:20 21.125
20160709 14:30 23.5
20160709 14:40 23.625
20160709 14:50 21.5
20160709 15:00 22
20160709 15:10 22.375
20160709 15:20 22
20160709 15:30 21.75
20160709 15:40 23.125
20160709 15:50 22.875
20160709 16:00 21.5
20160709 16:10 21.75
20160709 16:20 21.625
20160709 16:30 21.375
20160709 16:40 21.25
20160709 16:50 22.625
20160709 17:00 21.5
20160709 17:10 21.875
20160709 17:20 21.5
20160709 17:30 21.25
20160709 17:40 21.125
20160709 17:50 20.875
20160709 18:00 20.75
20160709 18:10 20.75
20160709 18:20 20.5
20160709 18:30 20.75
20160709 18:40 20.875
20160709 18:50 21.125
20160709 19:00 20.875
20160709 19:10 20.5
20160709 19:20 20.375
20160709 19:30 20.25
20160709 19:40 20
20160709 19:50 19.875
20160709 20:00 19.75
20160709 20:10 19.625
20160709 20:20 19.375
20160709 20:30 19.25
20160709 20:40 19
20160709 20:50 17.875
20160709 21:00 17.375
20160709 21:10 17.125
20160709 21:20 17
20160709 21:30 16.875
20160709 21:40 16.75
20160709 21:50 16.625
20160709 22:00 16.5
20160709 22:10 16.25
20160709 22:20 16.125
20160709 22:30 85
20160709 22:40 16.375
20160709 22:50 85
20160709 23:00 85
20160709 23:10 16.1875
20160709 23:20 16.1875
20160709 23:30 16.25
20160709 23:40 16.1875
20160709 23:50 85
