YYYYMMDD HH:MM measured temperature
20160525 00:00 11.5
20160525 00:10 11.4375
20160525 00:20 85
20160525 00:30 11.375
20160525 00:40 11.375
20160525 00:50 11.3125
20160525 01:00 11.125
20160525 01:10 85
20160525 01:20 85
20160525 01:30 85
20160525 01:40 85
20160525 01:50 11.0625
20160525 02:00 11
20160525 02:10 10.9375
20160525 02:20 10.875
20160525 02:30 10.875
20160525 02:40 10.75
20160525 02:50 85
20160525 03:00 85
20160525 03:10 10.75
20160525 03:20 10.6875
20160525 03:30 10.75
20160525 03:40 10.6875
20160525 03:50 10.625
20160525 04:00 10.5
20160525 04:10 10.5625
20160525 04:20 10.5
20160525 04:30 10.5
20160525 04:40 10.5
20160525 04:50 10.5
20160525 05:00 10.4375
20160525 05:10 10.4375
20160525 05:20 85
20160525 05:30 85
20160525 05:40 10.5625
20160525 05:50 10.75
20160525 06:00 10.75
20160525 06:10 10.6875
20160525 06:20 10.625
20160525 06:30 10.6875
20160525 06:40 10.625
20160525 06:50 10.75
20160525 07:00 10.75
20160525 07:10 10.75
20160525 07:20 10.75
20160525 07:30 10.875
20160525 07:40 10.8125
20160525 07:50 85
20160525 08:00 10.875
20160525 08:10 10.875
20160525 08:20 11
20160525 08:30 11.25
20160525 08:40 11.125
20160525 08:50 11.125
20160525 09:00 11.0625
20160525 09:10 11.125
20160525 09:20 11.0625
20160525 09:30 11.25
20160525 09:40 11.125
20160525 09:50 11.25
20160525 10:00 11.25
20160525 10:10 11.625
20160525 10:20 12
20160525 10:30 11.75
20160525 10:40 12.25
20160525 10:50 12.875
20160525 11:00 12.4375
20160525 11:10 12.375
20160525 11:20 12.25
20160525 11:30 12.5625
20160525 11:40 12.625
20160525 11:50 12.5625
20160525 12:00 12.625
20160525 12:10 12.5
20160525 12:20 12.1875
20160525 12:30 12.25
20160525 12:40 12.875
20160525 12:50 12.875
20160525 13:00 12.8125
20160525 13:10 12.5625
20160525 13:20 12.875
20160525 13:30 12.9375
20160525 13:40 13.125
20160525 13:50 13.4375
20160525 14:00 13.1875
20160525 14:10 12.9375
20160525 14:20 13.375
20160525 14:30 13.75
20160525 14:40 13.6875
20160525 14:50 13.625
20160525 15:00 13.25
20160525 15:10 13.375
20160525 15:20 13.9375
20160525 15:30 13.875
20160525 15:40 13.75
20160525 15:50 13.6875
20160525 16:00 13.625
20160525 16:10 14
20160525 16:20 13.875
20160525 16:30 13.5
20160525 16:40 14.25
20160525 16:50 14.25
20160525 17:00 14.375
20160525 17:10 14.25
20160525 17:20 14.0625
20160525 17:30 13.9375
20160525 17:40 13.875
20160525 17:50 14.25
20160525 18:00 14
20160525 18:10 14.125
20160525 18:20 13.9375
20160525 18:30 13.875
20160525 18:40 13.875
20160525 18:50 13.875
20160525 19:00 13.875
20160525 19:10 13.75
20160525 19:20 13.6875
20160525 19:30 13.875
20160525 19:40 13.8125
20160525 19:50 13.75
20160525 20:00 13.6875
20160525 20:10 13.6875
20160525 20:20 13.5625
20160525 20:30 13.375
20160525 20:40 13.5
20160525 20:50 13.375
20160525 21:00 13.3125
20160525 21:10 13.3125
20160525 21:20 13.3125
20160525 21:30 13.125
20160525 21:40 13
20160525 21:50 12.875
20160525 22:00 12.875
20160525 22:10 12.8125
20160525 22:20 12.8125
20160525 22:30 12.75
20160525 22:40 12.5625
20160525 22:50 12.5
20160525 23:00 12.5
20160525 23:10 12.5625
20160525 23:20 12.5
20160525 23:30 12.5625
20160525 23:40 12.5
20160525 23:50 12.5
