YYYYMMDD HH:MM measured temperature
20160504 00:00 5.375
20160504 00:10 5
20160504 00:20 5.25
20160504 00:30 5.375
20160504 00:40 5.1875
20160504 00:50 5
20160504 01:00 4.75
20160504 01:10 4.75
20160504 01:20 4.625
20160504 01:30 4.375
20160504 01:40 4.375
20160504 01:50 4.25
20160504 02:00 4.375
20160504 02:10 4.125
20160504 02:20 4.125
20160504 02:30 4.125
20160504 02:40 4
20160504 02:50 4
20160504 03:00 4
20160504 03:10 3.9375
20160504 03:20 3.875
20160504 03:30 3.8125
20160504 03:40 3.75
20160504 03:50 3.875
20160504 04:00 3.6875
20160504 04:10 3.375
20160504 04:20 3.3125
20160504 04:30 2.75
20160504 04:40 2.9375
20160504 04:50 2.875
20160504 05:00 85
20160504 05:10 85
20160504 05:20 85
20160504 05:30 85
20160504 05:40 85
20160504 05:50 3.1875
20160504 06:00 3.0625
20160504 06:10 2.9375
20160504 06:20 3.125
20160504 06:30 3.125
20160504 06:40 3.125
20160504 06:50 3.1875
20160504 07:00 3.375
20160504 07:10 3.5
20160504 07:20 3.875
20160504 07:30 4.375
20160504 07:40 85
20160504 07:50 5.25
20160504 08:00 5.75
20160504 08:10 6.5
20160504 08:20 7.375
20160504 08:30 8.25
20160504 08:40 8.625
20160504 08:50 9.125
20160504 09:00 9.375
20160504 09:10 8.75
20160504 09:20 10.3125
20160504 09:30 10.375
20160504 09:40 9.5
20160504 09:50 9.3125
20160504 10:00 9.5
20160504 10:10 10.625
20160504 10:20 10.875
20160504 10:30 11.875
20160504 10:40 11.5
20160504 10:50 11.8125
20160504 11:00 11.4375
20160504 11:10 13
20160504 11:20 11.625
20160504 11:30 11.875
20160504 11:40 12.75
20160504 11:50 11.375
20160504 12:00 12.375
20160504 12:10 12.875
20160504 12:20 12.875
20160504 12:30 15.5
20160504 12:40 13.125
20160504 12:50 12.625
20160504 13:00 12.5
20160504 13:10 14.5
20160504 13:20 14.5
20160504 13:30 13.375
20160504 13:40 14.75
20160504 13:50 16.125
20160504 14:00 14.625
20160504 14:10 13.125
20160504 14:20 15
20160504 14:30 15
20160504 14:40 13.5
20160504 14:50 15.375
20160504 15:00 16.375
20160504 15:10 16.25
20160504 15:20 13.5
20160504 15:30 14.75
20160504 15:40 16.125
20160504 15:50 15.875
20160504 16:00 16.375
20160504 16:10 16.25
20160504 16:20 16.5
20160504 16:30 15.25
20160504 16:40 14.625
20160504 16:50 15.625
20160504 17:00 15.5
20160504 17:10 15.25
20160504 17:20 15.875
20160504 17:30 15.25
20160504 17:40 14.625
20160504 17:50 13.625
20160504 18:00 13.375
20160504 18:10 13.875
20160504 18:20 13.25
20160504 18:30 13.25
20160504 18:40 12.75
20160504 18:50 12.25
20160504 19:00 12.375
20160504 19:10 12.25
20160504 19:20 13
20160504 19:30 13
20160504 19:40 12.625
20160504 19:50 12.375
20160504 20:00 11.75
20160504 20:10 11.375
20160504 20:20 11.125
20160504 20:30 11
20160504 20:40 10.25
20160504 20:50 10.125
20160504 21:00 10
20160504 21:10 9.125
20160504 21:20 9
20160504 21:30 8.875
20160504 21:40 8.5
20160504 21:50 8.25
20160504 22:00 8.125
20160504 22:10 7.75
20160504 22:20 7.5
20160504 22:30 7.25
20160504 22:40 7.25
20160504 22:50 7.25
20160504 23:00 7
20160504 23:10 6.875
20160504 23:20 6.25
20160504 23:30 6.125
20160504 23:40 5.75
20160504 23:50 5.5
