YYYYMMDD HH:MM measured temperature
20160412 00:00 9.125
20160412 00:10 9.25
20160412 00:20 9.25
20160412 00:30 9.25
20160412 00:40 9.25
20160412 00:50 9.125
20160412 01:00 9.125
20160412 01:10 9.125
20160412 01:20 9
20160412 01:30 9
20160412 01:40 9
20160412 01:50 8.875
20160412 02:00 8.875
20160412 02:10 8.875
20160412 02:20 8.625
20160412 02:30 8.25
20160412 02:40 8
20160412 02:50 8.125
20160412 03:00 8.125
20160412 03:10 8
20160412 03:20 8.125
20160412 03:30 8
20160412 03:40 8
20160412 03:50 7.875
20160412 04:00 7.875
20160412 04:10 7.75
20160412 04:20 7.5
20160412 04:30 7.5
20160412 04:40 7.375
20160412 04:50 7.25
20160412 05:00 7.5
20160412 05:10 7.625
20160412 05:20 7.625
20160412 05:30 7.625
20160412 05:40 7.625
20160412 05:50 7.625
20160412 06:00 7.625
20160412 06:10 7.625
20160412 06:20 7.5
20160412 06:30 7.625
20160412 06:40 7.5
20160412 06:50 7.625
20160412 07:00 7.75
20160412 07:10 7.75
20160412 07:20 7.625
20160412 07:30 7.75
20160412 07:40 7.75
20160412 07:50 7.75
20160412 08:00 7.625
20160412 08:10 7.625
20160412 08:20 7.625
20160412 08:30 7.875
20160412 08:40 8.375
20160412 08:50 8.75
20160412 09:00 8.875
20160412 09:10 8.75
20160412 09:20 9.125
20160412 09:30 9.625
20160412 09:40 10
20160412 09:50 10.75
20160412 10:00 11.125
20160412 10:10 12.125
20160412 10:20 12.625
20160412 10:30 13.5
20160412 10:40 14
20160412 10:50 14.125
20160412 11:00 14.375
20160412 11:10 14.125
20160412 11:20 13.25
20160412 11:30 14.875
20160412 11:40 15.625
20160412 11:50 16
20160412 12:00 15.875
20160412 12:10 16.625
20160412 12:20 16.75
20160412 12:30 15
20160412 12:40 16
20160412 12:50 15.875
20160412 13:00 16.625
20160412 13:10 17
20160412 13:20 16.75
20160412 13:30 16.25
20160412 13:40 17
20160412 13:50 16.75
20160412 14:00 18.125
20160412 14:10 17.125
20160412 14:20 17.25
20160412 14:30 16.75
20160412 14:40 17.125
20160412 14:50 17.25
20160412 15:00 17.625
20160412 15:10 17.125
20160412 15:20 17.125
20160412 15:30 16.5
20160412 15:40 16.875
20160412 15:50 18.375
20160412 16:00 16.75
20160412 16:10 17.25
20160412 16:20 16.875
20160412 16:30 16.75
20160412 16:40 17.5
20160412 16:50 17.5
20160412 17:00 17.75
20160412 17:10 17.375
20160412 17:20 16.875
20160412 17:30 16.125
20160412 17:40 16.125
20160412 17:50 16.125
20160412 18:00 16
20160412 18:10 15.875
20160412 18:20 15.75
20160412 18:30 15.75
20160412 18:40 15.5
20160412 18:50 15.125
20160412 19:00 14.875
20160412 19:10 14.875
20160412 19:20 14.75
20160412 19:30 14.5
20160412 19:40 14.5
20160412 19:50 14.125
20160412 20:00 13.75
20160412 20:10 13.375
20160412 20:20 13.125
20160412 20:30 12.875
20160412 20:40 12.75
20160412 20:50 12.375
20160412 21:00 12.25
20160412 21:10 12.125
20160412 21:20 12.125
20160412 21:30 11.875
20160412 21:40 11.625
20160412 21:50 11.5
20160412 22:00 11.25
20160412 22:10 11
20160412 22:20 10.625
20160412 22:30 10.5
20160412 22:40 10.5
20160412 22:50 10.5
20160412 23:00 10.375
20160412 23:10 10
20160412 23:20 9.875
20160412 23:30 9.875
20160412 23:40 9.625
20160412 23:50 9.5
