YYYYMMDD HH:MM measured temperature
20160329 00:00 6.25
20160329 00:10 6.125
20160329 00:20 6.375
20160329 00:30 6.25
20160329 00:40 6.375
20160329 00:50 6.375
20160329 01:00 6.125
20160329 01:10 6.125
20160329 01:20 5.75
20160329 01:30 5.875
20160329 01:40 5.75
20160329 01:50 5.375
20160329 02:00 5.25
20160329 02:10 5.625
20160329 02:20 5.125
20160329 02:30 5.125
20160329 02:40 4.875
20160329 02:50 5.125
20160329 03:00 5.125
20160329 03:10 5.25
20160329 03:20 5.125
20160329 03:30 5.125
20160329 03:40 5.125
20160329 03:50 5.125
20160329 04:00 5.25
20160329 04:10 5.25
20160329 04:20 5.125
20160329 04:30 4.875
20160329 04:40 5
20160329 04:50 5.25
20160329 05:00 5.25
20160329 05:10 5
20160329 05:20 5
20160329 05:30 4.75
20160329 05:40 4.625
20160329 05:50 4.875
20160329 06:00 5
20160329 06:10 5.125
20160329 06:20 5.375
20160329 06:30 5.375
20160329 06:40 5.625
20160329 06:50 5.875
20160329 07:00 6
20160329 07:10 5.875
20160329 07:20 5.75
20160329 07:30 5.625
20160329 07:40 5.625
20160329 07:50 5.625
20160329 08:00 5.75
20160329 08:10 5.75
20160329 08:20 5.875
20160329 08:30 6.125
20160329 08:40 6.125
20160329 08:50 6.25
20160329 09:00 6.375
20160329 09:10 6.5
20160329 09:20 6.5
20160329 09:30 6.375
20160329 09:40 6.625
20160329 09:50 7.25
20160329 10:00 6.5
20160329 10:10 6.625
20160329 10:20 6.75
20160329 10:30 7.25
20160329 10:40 7.5
20160329 10:50 7.5
20160329 11:00 7.625
20160329 11:10 7.5
20160329 11:20 7.375
20160329 11:30 7.5
20160329 11:40 7.875
20160329 11:50 7.5
20160329 12:00 7.625
20160329 12:10 7.625
20160329 12:20 8.125
20160329 12:30 8
20160329 12:40 8
20160329 12:50 7.875
20160329 13:00 7.75
20160329 13:10 7.875
20160329 13:20 7.75
20160329 13:30 8.75
20160329 13:40 8.5
20160329 13:50 9.25
20160329 14:00 9
20160329 14:10 7.75
20160329 14:20 8.5
20160329 14:30 8.125
20160329 14:40 7.875
20160329 14:50 9.25
20160329 15:00 8.875
20160329 15:10 9.75
20160329 15:20 9.75
20160329 15:30 9.75
20160329 15:40 10
20160329 15:50 9.375
20160329 16:00 9.375
20160329 16:10 8
20160329 16:20 7.375
20160329 16:30 7
20160329 16:40 6.5
20160329 16:50 5.875
20160329 17:00 6.125
20160329 17:10 6.875
20160329 17:20 7.625
20160329 17:30 6.75
20160329 17:40 6.625
20160329 17:50 6.25
20160329 18:00 7
20160329 18:10 7.25
20160329 18:20 6.875
20160329 18:30 6.75
20160329 18:40 6.75
20160329 18:50 7.125
20160329 19:00 7.125
20160329 19:10 7.125
20160329 19:20 6.75
20160329 19:30 6.625
20160329 19:40 6.375
20160329 19:50 6
20160329 20:00 5.75
20160329 20:10 5.5
20160329 20:20 5.5
20160329 20:30 5.375
20160329 20:40 5.375
20160329 20:50 5.25
20160329 21:00 5.375
20160329 21:10 5.375
20160329 21:20 5.125
20160329 21:30 5.125
20160329 21:40 5
20160329 21:50 4.625
20160329 22:00 4.625
20160329 22:10 4.375
20160329 22:20 4.375
20160329 22:30 4.25
20160329 22:40 4
20160329 22:50 4.25
20160329 23:00 4.625
20160329 23:10 4.5
20160329 23:20 4.625
20160329 23:30 4.625
20160329 23:40 4.25
20160329 23:50 4.125
