YYYYMMDD HH:MM measured temperature
20160308 00:00 -1.1875
20160308 00:10 -1.25
20160308 00:20 -1.375
20160308 00:30 -1.5
20160308 00:40 -1.4375
20160308 00:50 -1.5625
20160308 01:00 -1.75
20160308 01:10 -1.75
20160308 01:20 -1.25
20160308 01:30 -1.625
20160308 01:40 -1.75
20160308 01:50 -1.8125
20160308 02:00 -1.75
20160308 02:10 85
20160308 02:20 -1.75
20160308 02:30 85
20160308 02:40 -1.5625
20160308 02:50 -1.5
20160308 03:00 85
20160308 03:10 -2.1875
20160308 03:20 -2.1875
20160308 03:30 -2.0625
20160308 03:40 -1.75
20160308 03:50 -2.0625
20160308 04:00 85
20160308 04:10 -1.4375
20160308 04:20 -1.375
20160308 04:30 -1.5625
20160308 04:40 -1.8125
20160308 04:50 -2.3125
20160308 05:00 -2.25
20160308 05:10 -1.8125
20160308 05:20 -1.6875
20160308 05:30 -1.6875
20160308 05:40 -1.75
20160308 05:50 -2
20160308 06:00 -1.9375
20160308 06:10 -2
20160308 06:20 -2.125
20160308 06:30 -2.1875
20160308 06:40 -2.4375
20160308 06:50 -2.5
20160308 07:00 -2.125
20160308 07:10 -1.875
20160308 07:20 -1.75
20160308 07:30 -1.5625
20160308 07:40 -1.4375
20160308 07:50 -1.1875
20160308 08:00 -1
20160308 08:10 -0.375
20160308 08:20 0
20160308 08:30 0.75
20160308 08:40 0.6875
20160308 08:50 1.0625
20160308 09:00 1.25
20160308 09:10 1.625
20160308 09:20 1.375
20160308 09:30 1.5625
20160308 09:40 2.4375
20160308 09:50 2.1875
20160308 10:00 2.4375
20160308 10:10 2.5
20160308 10:20 3.125
20160308 10:30 3.625
20160308 10:40 3.9375
20160308 10:50 4
20160308 11:00 3.9375
20160308 11:10 4.125
20160308 11:20 4.5625
20160308 11:30 4.5625
20160308 11:40 4.6875
20160308 11:50 4.875
20160308 12:00 4.875
20160308 12:10 5
20160308 12:20 5.25
20160308 12:30 5.625
20160308 12:40 5.0625
20160308 12:50 5.5
20160308 13:00 5.5
20160308 13:10 5.75
20160308 13:20 5.75
20160308 13:30 5.9375
20160308 13:40 5.6875
20160308 13:50 5.8125
20160308 14:00 5.8125
20160308 14:10 5.5625
20160308 14:20 5.5625
20160308 14:30 5.625
20160308 14:40 5.875
20160308 14:50 6.125
20160308 15:00 6.125
20160308 15:10 6.1875
20160308 15:20 6.4375
20160308 15:30 6.25
20160308 15:40 5.625
20160308 15:50 5.125
20160308 16:00 5.0625
20160308 16:10 5.25
20160308 16:20 5.75
20160308 16:30 5.375
20160308 16:40 5.1875
20160308 16:50 4.875
20160308 17:00 3.5
20160308 17:10 3.3125
20160308 17:20 3.4375
20160308 17:30 3.75
20160308 17:40 3.875
20160308 17:50 3.875
20160308 18:00 3.6875
20160308 18:10 3.375
20160308 18:20 3.25
20160308 18:30 3.1875
20160308 18:40 3.3125
20160308 18:50 3.25
20160308 19:00 3.125
20160308 19:10 3.1875
20160308 19:20 3.25
20160308 19:30 3.25
20160308 19:40 3.125
20160308 19:50 2.6875
20160308 20:00 2.6875
20160308 20:10 2.625
20160308 20:20 2.5625
20160308 20:30 2.5
20160308 20:40 2.625
20160308 20:50 2.6875
20160308 21:00 2.75
20160308 21:10 2.875
20160308 21:20 85
20160308 21:30 2.8125
20160308 21:40 2.875
20160308 21:50 85
20160308 22:00 2.6875
20160308 22:10 2.625
20160308 22:20 2.6875
20160308 22:30 2.75
20160308 22:40 2.5625
20160308 22:50 2.375
20160308 23:00 2.3125
20160308 23:10 2.375
20160308 23:20 2.4375
20160308 23:30 2.3125
20160308 23:40 2.4375
20160308 23:50 2.5
