YYYYMMDD HH:MM measured temperature
20160701 00:00 17.375
20160701 00:10 17.25
20160701 00:20 17.4375
20160701 00:30 17.5
20160701 00:40 17.625
20160701 00:50 17.625
20160701 01:00 17.625
20160701 01:10 17.5625
20160701 01:20 17.5
20160701 01:30 17.4375
20160701 01:40 17.5
20160701 01:50 17.5
20160701 02:00 17.375
20160701 02:10 17.375
20160701 02:20 17.3125
20160701 02:30 17.3125
20160701 02:40 17.25
20160701 02:50 17.25
20160701 03:00 17.125
20160701 03:10 17.0625
20160701 03:20 17
20160701 03:30 17
20160701 03:40 16.75
20160701 03:50 16.625
20160701 04:00 16.5
20160701 04:10 16.25
20160701 04:20 16.25
20160701 04:30 16.0625
20160701 04:40 16.0625
20160701 04:50 16
20160701 05:00 16
20160701 05:10 16
20160701 05:20 16
20160701 05:30 16
20160701 05:40 16.125
20160701 05:50 16.125
20160701 06:00 16.25
20160701 06:10 16.375
20160701 06:20 16.5
20160701 06:30 16.625
20160701 06:40 16.6875
20160701 06:50 16.75
20160701 07:00 16.75
20160701 07:10 16.875
20160701 07:20 17
20160701 07:30 17.125
20160701 07:40 17.25
20160701 07:50 17.25
20160701 08:00 17.75
20160701 08:10 17.875
20160701 08:20 18.125
20160701 08:30 18.25
20160701 08:40 18.125
20160701 08:50 18.25
20160701 09:00 18.125
20160701 09:10 18.375
20160701 09:20 18.625
20160701 09:30 18.625
20160701 09:40 18.75
20160701 09:50 18.875
20160701 10:00 19
20160701 10:10 18.75
20160701 10:20 18.25
20160701 10:30 18.5
20160701 10:40 18.625
20160701 10:50 19.125
20160701 11:00 19.125
20160701 11:10 19
20160701 11:20 18
20160701 11:30 17.75
20160701 11:40 17.75
20160701 11:50 17.75
20160701 12:00 17.875
20160701 12:10 17.875
20160701 12:20 17.75
20160701 12:30 17.75
20160701 12:40 17.875
20160701 12:50 19
20160701 13:00 18.625
20160701 13:10 18.875
20160701 13:20 19.125
20160701 13:30 19.25
20160701 13:40 18.875
20160701 13:50 19.25
20160701 14:00 19.25
20160701 14:10 19.75
20160701 14:20 20
20160701 14:30 19.875
20160701 14:40 19.625
20160701 14:50 20.125
20160701 15:00 20.625
20160701 15:10 20.75
20160701 15:20 20
20160701 15:30 20.25
20160701 15:40 19.875
20160701 15:50 20.125
20160701 16:00 20.5
20160701 16:10 19.75
20160701 16:20 18.25
20160701 16:30 17.75
20160701 16:40 17.875
20160701 16:50 17.875
20160701 17:00 17.875
20160701 17:10 17.875
20160701 17:20 18.5
20160701 17:30 19
20160701 17:40 19.375
20160701 17:50 19.625
20160701 18:00 19.5
20160701 18:10 19.25
20160701 18:20 19.125
20160701 18:30 19
20160701 18:40 19
20160701 18:50 19
20160701 19:00 19
20160701 19:10 19
20160701 19:20 19.5
20160701 19:30 19.5
20160701 19:40 19.25
20160701 19:50 19.125
20160701 20:00 19.125
20160701 20:10 19.25
20160701 20:20 19.125
20160701 20:30 19
20160701 20:40 18.875
20160701 20:50 18.75
20160701 21:00 18.625
20160701 21:10 18.5
20160701 21:20 18.5
20160701 21:30 18.5
20160701 21:40 18.375
20160701 21:50 18.375
20160701 22:00 18.375
20160701 22:10 18.5
20160701 22:20 18.375
20160701 22:30 18.25
20160701 22:40 18.25
20160701 22:50 18.375
20160701 23:00 18.375
20160701 23:10 18.25
20160701 23:20 18.125
20160701 23:30 17.75
20160701 23:40 17.75
20160701 23:50 17.75
