YYYYMMDD HH:MM measured temperature
20160311 00:00 3.25
20160311 00:10 3.125
20160311 00:20 3.125
20160311 00:30 3.0625
20160311 00:40 3
20160311 00:50 3
20160311 01:00 3.125
20160311 01:10 3.125
20160311 01:20 3.125
20160311 01:30 3.0625
20160311 01:40 3
20160311 01:50 3
20160311 02:00 2.875
20160311 02:10 2.75
20160311 02:20 2.6875
20160311 02:30 2.625
20160311 02:40 2.5625
20160311 02:50 2.625
20160311 03:00 2.6875
20160311 03:10 2.625
20160311 03:20 2.625
20160311 03:30 2.625
20160311 03:40 2.5
20160311 03:50 2.5625
20160311 04:00 2.4375
20160311 04:10 2.125
20160311 04:20 1.625
20160311 04:30 1.3125
20160311 04:40 1
20160311 04:50 1
20160311 05:00 0.875
20160311 05:10 0.75
20160311 05:20 0.75
20160311 05:30 0.625
20160311 05:40 85
20160311 05:50 0.5
20160311 06:00 0.25
20160311 06:10 0.0625
20160311 06:20 0.25
20160311 06:30 0.125
20160311 06:40 -0.25
20160311 06:50 85
20160311 07:00 -0.125
20160311 07:10 -0.125
20160311 07:20 -0.1875
20160311 07:30 0.125
20160311 07:40 0.3125
20160311 07:50 0.625
20160311 08:00 1
20160311 08:10 1.1875
20160311 08:20 1.375
20160311 08:30 1.625
20160311 08:40 1.875
20160311 08:50 2
20160311 09:00 2.125
20160311 09:10 2.375
20160311 09:20 2.625
20160311 09:30 2.75
20160311 09:40 2.875
20160311 09:50 3.25
20160311 10:00 3.1875
20160311 10:10 3.375
20160311 10:20 3.25
20160311 10:30 3.3125
20160311 10:40 3.5625
20160311 10:50 3.375
20160311 11:00 4.3125
20160311 11:10 4.9375
20160311 11:20 4.6875
20160311 11:30 4.8125
20160311 11:40 4.625
20160311 11:50 4.625
20160311 12:00 6.125
20160311 12:10 5.5
20160311 12:20 6.625
20160311 12:30 7.75
20160311 12:40 6.125
20160311 12:50 5.4375
20160311 13:00 5
20160311 13:10 5.5
20160311 13:20 5.8125
20160311 13:30 5.5
20160311 13:40 6.25
20160311 13:50 5.75
20160311 14:00 5.625
20160311 14:10 5.0625
20160311 14:20 4.8125
20160311 14:30 5.375
20160311 14:40 5.4375
20160311 14:50 5.125
20160311 15:00 5.25
20160311 15:10 5.25
20160311 15:20 4.8125
20160311 15:30 4.875
20160311 15:40 4.75
20160311 15:50 4.875
20160311 16:00 5.125
20160311 16:10 4.75
20160311 16:20 5
20160311 16:30 4.875
20160311 16:40 4.625
20160311 16:50 4.5
20160311 17:00 4.5625
20160311 17:10 4.5
20160311 17:20 4.375
20160311 17:30 4.375
20160311 17:40 4.25
20160311 17:50 4.25
20160311 18:00 4.25
20160311 18:10 4.125
20160311 18:20 4.0625
20160311 18:30 3.75
20160311 18:40 3.625
20160311 18:50 3.3125
20160311 19:00 3.125
20160311 19:10 3
20160311 19:20 2.75
20160311 19:30 2.625
20160311 19:40 2.375
20160311 19:50 2
20160311 20:00 1.625
20160311 20:10 1.375
20160311 20:20 1.125
20160311 20:30 1.125
20160311 20:40 0.625
20160311 20:50 0.5
20160311 21:00 1
20160311 21:10 1.375
20160311 21:20 1.25
20160311 21:30 0.875
20160311 21:40 0.625
20160311 21:50 0.625
20160311 22:00 0.75
20160311 22:10 0.5
20160311 22:20 0.5
20160311 22:30 0.25
20160311 22:40 0.25
20160311 22:50 0.125
20160311 23:00 0
20160311 23:10 -0.25
20160311 23:20 -0.25
20160311 23:30 -0.25
20160311 23:40 -0.5
20160311 23:50 -0.5
