YYYYMMDD HH:MM measured temperature
20160125 00:00 7.25
20160125 00:10 7.3125
20160125 00:20 7.375
20160125 00:30 7.5
20160125 00:40 7.5625
20160125 00:50 7.75
20160125 01:00 7.6875
20160125 01:10 7.75
20160125 01:20 7.8125
20160125 01:30 7.875
20160125 01:40 7.9375
20160125 01:50 8.125
20160125 02:00 8
20160125 02:10 8.125
20160125 02:20 8.125
20160125 02:30 8.25
20160125 02:40 8.25
20160125 02:50 8.375
20160125 03:00 8.4375
20160125 03:10 8.4375
20160125 03:20 8.5625
20160125 03:30 8.5
20160125 03:40 8.625
20160125 03:50 8.6875
20160125 04:00 8.75
20160125 04:10 8.6875
20160125 04:20 8.6875
20160125 04:30 8.75
20160125 04:40 8.8125
20160125 04:50 8.75
20160125 05:00 8.75
20160125 05:10 8.75
20160125 05:20 8.75
20160125 05:30 8.75
20160125 05:40 8.75
20160125 05:50 8.8125
20160125 06:00 8.875
20160125 06:10 8.9375
20160125 06:20 9
20160125 06:30 8.9375
20160125 06:40 9
20160125 06:50 8.9375
20160125 07:00 8.9375
20160125 07:10 9.3125
20160125 07:20 9
20160125 07:30 9
20160125 07:40 9.0625
20160125 07:50 9.125
20160125 08:00 9.0625
20160125 08:10 9.0625
20160125 08:20 9
20160125 08:30 9
20160125 08:40 9
20160125 08:50 9
20160125 09:00 9.0625
20160125 09:10 9.125
20160125 09:20 9.125
20160125 09:30 9.125
20160125 09:40 9.1875
20160125 09:50 9.25
20160125 10:00 9.3125
20160125 10:10 9.4375
20160125 10:20 9.4375
20160125 10:30 9.4375
20160125 10:40 9.5
20160125 10:50 9.5625
20160125 11:00 9.5625
20160125 11:10 9.625
20160125 11:20 9.6875
20160125 11:30 9.6875
20160125 11:40 9.6875
20160125 11:50 9.75
20160125 12:00 9.875
20160125 12:10 9.9375
20160125 12:20 9.9375
20160125 12:30 9.875
20160125 12:40 10
20160125 12:50 10.125
20160125 13:00 10.125
20160125 13:10 10.25
20160125 13:20 10.375
20160125 13:30 10.3125
20160125 13:40 10.5
20160125 13:50 10.4375
20160125 14:00 10.375
20160125 14:10 10.4375
20160125 14:20 10.5
20160125 14:30 10.5625
20160125 14:40 10.625
20160125 14:50 10.625
20160125 15:00 10.625
20160125 15:10 10.625
20160125 15:20 10.5625
20160125 15:30 10.625
20160125 15:40 10.625
20160125 15:50 10.625
20160125 16:00 10.5
20160125 16:10 10.5
20160125 16:20 10.5
20160125 16:30 10.5
20160125 16:40 10.25
20160125 16:50 10.125
20160125 17:00 9.875
20160125 17:10 9.625
20160125 17:20 9.375
20160125 17:30 9.25
20160125 17:40 9.25
20160125 17:50 9.125
20160125 18:00 9.25
20160125 18:10 9.125
20160125 18:20 9.375
20160125 18:30 9
20160125 18:40 8.875
20160125 18:50 8.625
20160125 19:00 8.625
20160125 19:10 8.5
20160125 19:20 8.5
20160125 19:30 8.5
20160125 19:40 8.5
20160125 19:50 8.5
20160125 20:00 8.375
20160125 20:10 8.5
20160125 20:20 8.25
20160125 20:30 8.125
20160125 20:40 8
20160125 20:50 7.875
20160125 21:00 7.875
20160125 21:10 7.875
20160125 21:20 8
20160125 21:30 8.25
20160125 21:40 8.125
20160125 21:50 8.25
20160125 22:00 8.25
20160125 22:10 8
20160125 22:20 8.25
20160125 22:30 8.375
20160125 22:40 8.25
20160125 22:50 8.125
20160125 23:00 8
20160125 23:10 8
20160125 23:20 8.25
20160125 23:30 8.25
20160125 23:40 8.5
20160125 23:50 8.5
