YYYYMMDD HH:MM measured temperature
20160527 00:00 12.6875
20160527 00:10 12.625
20160527 00:20 85
20160527 00:30 12.75
20160527 00:40 12.625
20160527 00:50 12.6875
20160527 01:00 12.75
20160527 01:10 12.6875
20160527 01:20 12.75
20160527 01:30 12.5625
20160527 01:40 12.625
20160527 01:50 12.5
20160527 02:00 12.375
20160527 02:10 12.25
20160527 02:20 12.25
20160527 02:30 12.3125
20160527 02:40 12.3125
20160527 02:50 12.1875
20160527 03:00 12.125
20160527 03:10 85
20160527 03:20 85
20160527 03:30 12.125
20160527 03:40 12
20160527 03:50 12
20160527 04:00 11.875
20160527 04:10 11.75
20160527 04:20 11.875
20160527 04:30 11.8125
20160527 04:40 12
20160527 04:50 11.875
20160527 05:00 11.9375
20160527 05:10 12
20160527 05:20 12
20160527 05:30 12
20160527 05:40 12.0625
20160527 05:50 12.1875
20160527 06:00 12.25
20160527 06:10 12.3125
20160527 06:20 85
20160527 06:30 12.375
20160527 06:40 12.5
20160527 06:50 12.625
20160527 07:00 12.5625
20160527 07:10 12.625
20160527 07:20 12.5625
20160527 07:30 12.8125
20160527 07:40 12.75
20160527 07:50 12.625
20160527 08:00 12.75
20160527 08:10 12.75
20160527 08:20 12.8125
20160527 08:30 13
20160527 08:40 12.9375
20160527 08:50 13.25
20160527 09:00 13.375
20160527 09:10 13.3125
20160527 09:20 13.375
20160527 09:30 13.4375
20160527 09:40 13.625
20160527 09:50 13.875
20160527 10:00 14.4375
20160527 10:10 15.1875
20160527 10:20 16
20160527 10:30 15.9375
20160527 10:40 15.75
20160527 10:50 16
20160527 11:00 16.5
20160527 11:10 16.5
20160527 11:20 15.9375
20160527 11:30 16.3125
20160527 11:40 16.875
20160527 11:50 16.25
20160527 12:00 15.6875
20160527 12:10 16.125
20160527 12:20 16.3125
20160527 12:30 17.5
20160527 12:40 18
20160527 12:50 17.8125
20160527 13:00 18.6875
20160527 13:10 17.875
20160527 13:20 19.125
20160527 13:30 18.625
20160527 13:40 19.4375
20160527 13:50 20.625
20160527 14:00 19.25
20160527 14:10 20.6875
20160527 14:20 21.125
20160527 14:30 19.125
20160527 14:40 19
20160527 14:50 20.875
20160527 15:00 19.4375
20160527 15:10 19.875
20160527 15:20 20
20160527 15:30 19.1875
20160527 15:40 19.9375
20160527 15:50 20.9375
20160527 16:00 21.1875
20160527 16:10 20.875
20160527 16:20 20.75
20160527 16:30 21.25
20160527 16:40 21.125
20160527 16:50 20.75
20160527 17:00 20.25
20160527 17:10 20.875
20160527 17:20 21.5
20160527 17:30 20.875
20160527 17:40 19.75
20160527 17:50 19.375
20160527 18:00 19.25
20160527 18:10 19.75
20160527 18:20 20.125
20160527 18:30 20.0625
20160527 18:40 19.625
20160527 18:50 19.375
20160527 19:00 19.125
20160527 19:10 19.0625
20160527 19:20 18.875
20160527 19:30 18.75
20160527 19:40 18.1875
20160527 19:50 17.625
20160527 20:00 17.4375
20160527 20:10 17.4375
20160527 20:20 17.3125
20160527 20:30 17
20160527 20:40 16.75
20160527 20:50 16.3125
20160527 21:00 16
20160527 21:10 15.75
20160527 21:20 15.5
20160527 21:30 15.125
20160527 21:40 14.9375
20160527 21:50 14.75
20160527 22:00 14.5
20160527 22:10 14.375
20160527 22:20 14.4375
20160527 22:30 14.5
20160527 22:40 14.25
20160527 22:50 14
20160527 23:00 13.8125
20160527 23:10 13.875
20160527 23:20 13.9375
20160527 23:30 13.8125
20160527 23:40 13.625
20160527 23:50 13.5
