YYYYMMDD HH:MM measured temperature
20160408 00:00 4.875
20160408 00:10 4.875
20160408 00:20 4.875
20160408 00:30 4.625
20160408 00:40 4.625
20160408 00:50 4.625
20160408 01:00 4.5
20160408 01:10 4.125
20160408 01:20 4.125
20160408 01:30 4.125
20160408 01:40 4.125
20160408 01:50 4.125
20160408 02:00 4
20160408 02:10 4
20160408 02:20 3.875
20160408 02:30 3.875
20160408 02:40 3.875
20160408 02:50 3.75
20160408 03:00 3.875
20160408 03:10 3.75
20160408 03:20 3.625
20160408 03:30 3.625
20160408 03:40 3.5
20160408 03:50 3.125
20160408 04:00 3.125
20160408 04:10 3
20160408 04:20 2.75
20160408 04:30 2.75
20160408 04:40 2.6875
20160408 04:50 2.875
20160408 05:00 3
20160408 05:10 3
20160408 05:20 3.125
20160408 05:30 3.25
20160408 05:40 3.375
20160408 05:50 3.5
20160408 06:00 3.625
20160408 06:10 3.75
20160408 06:20 4
20160408 06:30 4
20160408 06:40 4.125
20160408 06:50 4.125
20160408 07:00 4.25
20160408 07:10 4.375
20160408 07:20 4.5
20160408 07:30 4.5
20160408 07:40 4.625
20160408 07:50 4.75
20160408 08:00 4.875
20160408 08:10 5
20160408 08:20 5
20160408 08:30 5.125
20160408 08:40 5.375
20160408 08:50 5.625
20160408 09:00 5.75
20160408 09:10 5.875
20160408 09:20 5.875
20160408 09:30 6.125
20160408 09:40 6.25
20160408 09:50 6.5
20160408 10:00 6.5
20160408 10:10 6.4375
20160408 10:20 6.625
20160408 10:30 6.75
20160408 10:40 6.875
20160408 10:50 7.375
20160408 11:00 7
20160408 11:10 6.875
20160408 11:20 6.875
20160408 11:30 7
20160408 11:40 8.75
20160408 11:50 8.375
20160408 12:00 8.125
20160408 12:10 8.375
20160408 12:20 8.125
20160408 12:30 8.75
20160408 12:40 8.625
20160408 12:50 10.375
20160408 13:00 10
20160408 13:10 9.875
20160408 13:20 9.875
20160408 13:30 9.625
20160408 13:40 10
20160408 13:50 9.75
20160408 14:00 10.625
20160408 14:10 11
20160408 14:20 11.9375
20160408 14:30 11.375
20160408 14:40 10.875
20160408 14:50 10.875
20160408 15:00 11.75
20160408 15:10 11.25
20160408 15:20 11.125
20160408 15:30 10.875
20160408 15:40 11
20160408 15:50 10.5
20160408 16:00 10
20160408 16:10 9.9375
20160408 16:20 10.125
20160408 16:30 10.75
20160408 16:40 11.125
20160408 16:50 10.875
20160408 17:00 11.3125
20160408 17:10 10.875
20160408 17:20 10.75
20160408 17:30 10.5
20160408 17:40 9.875
20160408 17:50 9.125
20160408 18:00 8.875
20160408 18:10 8.5
20160408 18:20 8.1875
20160408 18:30 8
20160408 18:40 7.75
20160408 18:50 7.625
20160408 19:00 7.5
20160408 19:10 7.5
20160408 19:20 7.375
20160408 19:30 7.5
20160408 19:40 7.625
20160408 19:50 7.625
20160408 20:00 7.625
20160408 20:10 7.125
20160408 20:20 6.625
20160408 20:30 6.375
20160408 20:40 6.375
20160408 20:50 6.25
20160408 21:00 6.375
20160408 21:10 6.375
20160408 21:20 6.5
20160408 21:30 6.875
20160408 21:40 6.75
20160408 21:50 6.5
20160408 22:00 6.5
20160408 22:10 6.5
20160408 22:20 6.625
20160408 22:30 6.625
20160408 22:40 6.75
20160408 22:50 6.5
20160408 23:00 6.625
20160408 23:10 6.3125
20160408 23:20 5.9375
20160408 23:30 5.625
20160408 23:40 5.375
20160408 23:50 4.9375
