YYYYMMDD HH:MM measured temperature
20160421 00:00 3.375
20160421 00:10 3.375
20160421 00:20 2.875
20160421 00:30 3
20160421 00:40 2.75
20160421 00:50 3
20160421 01:00 2.875
20160421 01:10 2.625
20160421 01:20 2.375
20160421 01:30 2.375
20160421 01:40 2.375
20160421 01:50 2.625
20160421 02:00 2.125
20160421 02:10 2
20160421 02:20 1.625
20160421 02:30 1.375
20160421 02:40 1.375
20160421 02:50 1.375
20160421 03:00 1.375
20160421 03:10 1
20160421 03:20 1.125
20160421 03:30 1
20160421 03:40 0.5
20160421 03:50 0.8125
20160421 04:00 0.75
20160421 04:10 0.5625
20160421 04:20 0.5
20160421 04:30 0.5
20160421 04:40 0.125
20160421 04:50 0
20160421 05:00 0
20160421 05:10 0.25
20160421 05:20 0
20160421 05:30 -0.375
20160421 05:40 -0.125
20160421 05:50 -0.375
20160421 06:00 -0.25
20160421 06:10 -0.25
20160421 06:20 -0.125
20160421 06:30 -0.125
20160421 06:40 0
20160421 06:50 0.25
20160421 07:00 0.375
20160421 07:10 0.5
20160421 07:20 0.4375
20160421 07:30 0.8125
20160421 07:40 0.875
20160421 07:50 1.5
20160421 08:00 2.125
20160421 08:10 2.75
20160421 08:20 3.625
20160421 08:30 4.375
20160421 08:40 5.25
20160421 08:50 6.125
20160421 09:00 6.875
20160421 09:10 7.625
20160421 09:20 7.75
20160421 09:30 8.375
20160421 09:40 8.875
20160421 09:50 8.5
20160421 10:00 9.6875
20160421 10:10 9.8125
20160421 10:20 9.875
20160421 10:30 10.25
20160421 10:40 10.5
20160421 10:50 10.375
20160421 11:00 10.75
20160421 11:10 11.25
20160421 11:20 11.625
20160421 11:30 11.75
20160421 11:40 12
20160421 11:50 12.625
20160421 12:00 13
20160421 12:10 12.875
20160421 12:20 11.625
20160421 12:30 12.625
20160421 12:40 13.75
20160421 12:50 12.875
20160421 13:00 12.25
20160421 13:10 13
20160421 13:20 13.5
20160421 13:30 14.125
20160421 13:40 13.375
20160421 13:50 12.875
20160421 14:00 13.625
20160421 14:10 14.125
20160421 14:20 13.125
20160421 14:30 13.5
20160421 14:40 14.875
20160421 14:50 14.5
20160421 15:00 15.25
20160421 15:10 15
20160421 15:20 13.875
20160421 15:30 14.875
20160421 15:40 15
20160421 15:50 14.25
20160421 16:00 15.25
20160421 16:10 15.625
20160421 16:20 14
20160421 16:30 14.75
20160421 16:40 15.125
20160421 16:50 15.25
20160421 17:00 15
20160421 17:10 14.25
20160421 17:20 13.75
20160421 17:30 14.375
20160421 17:40 14.25
20160421 17:50 13.5
20160421 18:00 13.375
20160421 18:10 13.375
20160421 18:20 12.875
20160421 18:30 12.5
20160421 18:40 12.375
20160421 18:50 12
20160421 19:00 11.625
20160421 19:10 11.5
20160421 19:20 11.25
20160421 19:30 11
20160421 19:40 10.625
20160421 19:50 10.125
20160421 20:00 9.75
20160421 20:10 9.25
20160421 20:20 9
20160421 20:30 8.625
20160421 20:40 8.875
20160421 20:50 8.25
20160421 21:00 8
20160421 21:10 7.75
20160421 21:20 7.5
20160421 21:30 7.25
20160421 21:40 7
20160421 21:50 6.75
20160421 22:00 6.5
20160421 22:10 6.125
20160421 22:20 6.25
20160421 22:30 6.25
20160421 22:40 6.375
20160421 22:50 5.875
20160421 23:00 6
20160421 23:10 5.875
20160421 23:20 5.75
20160421 23:30 5.5
20160421 23:40 5.125
20160421 23:50 5
