YYYYMMDD HH:MM measured temperature
20160405 00:00 10.875
20160405 00:10 10.875
20160405 00:20 11
20160405 00:30 11
20160405 00:40 11
20160405 00:50 10.875
20160405 01:00 10.875
20160405 01:10 10.875
20160405 01:20 10.75
20160405 01:30 10.875
20160405 01:40 10.75
20160405 01:50 10.75
20160405 02:00 10.875
20160405 02:10 10.75
20160405 02:20 10.75
20160405 02:30 10.75
20160405 02:40 10.625
20160405 02:50 10.625
20160405 03:00 10.625
20160405 03:10 10.625
20160405 03:20 10.25
20160405 03:30 10.125
20160405 03:40 10
20160405 03:50 9.875
20160405 04:00 9.625
20160405 04:10 9.375
20160405 04:20 9.5
20160405 04:30 9.5625
20160405 04:40 9.625
20160405 04:50 9.75
20160405 05:00 9.875
20160405 05:10 9.875
20160405 05:20 9.875
20160405 05:30 9.75
20160405 05:40 9.625
20160405 05:50 9.625
20160405 06:00 9.625
20160405 06:10 9.5
20160405 06:20 9.375
20160405 06:30 9.25
20160405 06:40 9.375
20160405 06:50 9.5
20160405 07:00 9.75
20160405 07:10 9.75
20160405 07:20 9.875
20160405 07:30 10
20160405 07:40 10.25
20160405 07:50 10.375
20160405 08:00 10.5
20160405 08:10 10.875
20160405 08:20 11.125
20160405 08:30 11.125
20160405 08:40 10.875
20160405 08:50 11
20160405 09:00 11.125
20160405 09:10 11.25
20160405 09:20 11.25
20160405 09:30 11.25
20160405 09:40 11.125
20160405 09:50 11
20160405 10:00 11.25
20160405 10:10 11.375
20160405 10:20 11.625
20160405 10:30 12.125
20160405 10:40 12.375
20160405 10:50 12.125
20160405 11:00 12.25
20160405 11:10 12.5
20160405 11:20 12.75
20160405 11:30 13.125
20160405 11:40 13
20160405 11:50 12.875
20160405 12:00 12.75
20160405 12:10 12.75
20160405 12:20 13
20160405 12:30 13.125
20160405 12:40 12.625
20160405 12:50 12.5
20160405 13:00 12.5
20160405 13:10 12.5
20160405 13:20 12.375
20160405 13:30 12.5
20160405 13:40 12.75
20160405 13:50 12.625
20160405 14:00 12.5625
20160405 14:10 12.75
20160405 14:20 12.75
20160405 14:30 12.875
20160405 14:40 12.875
20160405 14:50 12.75
20160405 15:00 13
20160405 15:10 12.875
20160405 15:20 13
20160405 15:30 13
20160405 15:40 13
20160405 15:50 13.125
20160405 16:00 13.125
20160405 16:10 13.125
20160405 16:20 13.375
20160405 16:30 13.625
20160405 16:40 13.375
20160405 16:50 13.25
20160405 17:00 13.125
20160405 17:10 12.875
20160405 17:20 12.125
20160405 17:30 12
20160405 17:40 11.8125
20160405 17:50 85
20160405 18:00 10.25
20160405 18:10 10
20160405 18:20 9.875
20160405 18:30 9.75
20160405 18:40 9.75
20160405 18:50 9.625
20160405 19:00 9.625
20160405 19:10 9.625
20160405 19:20 9.5
20160405 19:30 9.5
20160405 19:40 9.5
20160405 19:50 9.5
20160405 20:00 9.5
20160405 20:10 9.5
20160405 20:20 9.5
20160405 20:30 9.375
20160405 20:40 9.375
20160405 20:50 9.25
20160405 21:00 9.25
20160405 21:10 9.125
20160405 21:20 9.125
20160405 21:30 9
20160405 21:40 8.875
20160405 21:50 9
20160405 22:00 8.875
20160405 22:10 8.875
20160405 22:20 8.75
20160405 22:30 8.75
20160405 22:40 8.8125
20160405 22:50 8.8125
20160405 23:00 85
20160405 23:10 8.75
20160405 23:20 8.625
20160405 23:30 8.625
20160405 23:40 8.4375
20160405 23:50 8.3125
