YYYYMMDD HH:MM measured temperature
20160213 00:00 -0.875
20160213 00:10 -0.9375
20160213 00:20 -1.0625
20160213 00:30 85
20160213 00:40 -0.875
20160213 00:50 85
20160213 01:00 -0.6875
20160213 01:10 -0.5625
20160213 01:20 -0.625
20160213 01:30 -0.5625
20160213 01:40 -0.5625
20160213 01:50 -0.5
20160213 02:00 85
20160213 02:10 -0.5
20160213 02:20 -0.5625
20160213 02:30 -0.625
20160213 02:40 -0.5625
20160213 02:50 -0.625
20160213 03:00 85
20160213 03:10 -0.5
20160213 03:20 -0.5625
20160213 03:30 -0.5
20160213 03:40 -0.5
20160213 03:50 -0.375
20160213 04:00 -0.4375
20160213 04:10 -0.4375
20160213 04:20 -0.375
20160213 04:30 -0.4375
20160213 04:40 -0.4375
20160213 04:50 -0.4375
20160213 05:00 -0.625
20160213 05:10 -0.625
20160213 05:20 -0.75
20160213 05:30 -0.875
20160213 05:40 -0.9375
20160213 05:50 -0.8125
20160213 06:00 -1
20160213 06:10 -1.0625
20160213 06:20 -1.125
20160213 06:30 -1.125
20160213 06:40 85
20160213 06:50 85
20160213 07:00 -1.25
20160213 07:10 -1.375
20160213 07:20 -1.5625
20160213 07:30 -1.375
20160213 07:40 -1.4375
20160213 07:50 85
20160213 08:00 -1.5
20160213 08:10 -1.5
20160213 08:20 -1.625
20160213 08:30 -1.5
20160213 08:40 -1.5
20160213 08:50 85
20160213 09:00 -1.3125
20160213 09:10 -1.375
20160213 09:20 85
20160213 09:30 -0.9375
20160213 09:40 85
20160213 09:50 -1
20160213 10:00 -1
20160213 10:10 -1
20160213 10:20 -0.875
20160213 10:30 -0.75
20160213 10:40 -0.375
20160213 10:50 85
20160213 11:00 0.25
20160213 11:10 0.5
20160213 11:20 0.25
20160213 11:30 0.4375
20160213 11:40 0.25
20160213 11:50 0.375
20160213 12:00 1
20160213 12:10 1.375
20160213 12:20 1.75
20160213 12:30 1.5
20160213 12:40 2.5
20160213 12:50 3.125
20160213 13:00 2.75
20160213 13:10 1.875
20160213 13:20 2.5
20160213 13:30 4.25
20160213 13:40 2.625
20160213 13:50 2.75
20160213 14:00 3.625
20160213 14:10 3
20160213 14:20 3.25
20160213 14:30 3.625
20160213 14:40 2.875
20160213 14:50 2.75
20160213 15:00 3.375
20160213 15:10 3.5
20160213 15:20 4.375
20160213 15:30 2.5
20160213 15:40 2.25
20160213 15:50 2
20160213 16:00 1.875
20160213 16:10 1.625
20160213 16:20 1.625
20160213 16:30 1.625
20160213 16:40 1.625
20160213 16:50 1.625
20160213 17:00 1.75
20160213 17:10 1.75
20160213 17:20 1.75
20160213 17:30 1.875
20160213 17:40 1.875
20160213 17:50 1.875
20160213 18:00 2
20160213 18:10 2.125
20160213 18:20 2.125
20160213 18:30 2.25
20160213 18:40 2.25
20160213 18:50 2.25
20160213 19:00 2.25
20160213 19:10 2.25
20160213 19:20 2.125
20160213 19:30 2.25
20160213 19:40 2.25
20160213 19:50 2.25
20160213 20:00 2.25
20160213 20:10 2.25
20160213 20:20 2.25
20160213 20:30 2.25
20160213 20:40 2.25
20160213 20:50 2.125
20160213 21:00 2.125
20160213 21:10 2.125
20160213 21:20 2
20160213 21:30 2
20160213 21:40 1.875
20160213 21:50 1.75
20160213 22:00 1.75
20160213 22:10 1.75
20160213 22:20 1.625
20160213 22:30 1.625
20160213 22:40 1.625
20160213 22:50 1.625
20160213 23:00 1.625
20160213 23:10 1.625
20160213 23:20 1.625
20160213 23:30 1.625
20160213 23:40 1.5
20160213 23:50 1.5
