YYYYMMDD HH:MM measured temperature
20160110 00:00 1.5
20160110 00:10 1.375
20160110 00:20 1.125
20160110 00:30 0.9375
20160110 00:40 0.875
20160110 00:50 1
20160110 01:00 1
20160110 01:10 0.875
20160110 01:20 1
20160110 01:30 0.875
20160110 01:40 0.875
20160110 01:50 0.875
20160110 02:00 0.75
20160110 02:10 0.875
20160110 02:20 0.875
20160110 02:30 0.875
20160110 02:40 0.875
20160110 02:50 0.75
20160110 03:00 0.75
20160110 03:10 0.875
20160110 03:20 1
20160110 03:30 1
20160110 03:40 1.0625
20160110 03:50 1.25
20160110 04:00 1.1875
20160110 04:10 85
20160110 04:20 1.25
20160110 04:30 1.375
20160110 04:40 1.4375
20160110 04:50 1.625
20160110 05:00 1.625
20160110 05:10 1.5
20160110 05:20 1.375
20160110 05:30 1.25
20160110 05:40 1.375
20160110 05:50 1.5625
20160110 06:00 1.75
20160110 06:10 2.0625
20160110 06:20 2.25
20160110 06:30 2.4375
20160110 06:40 2.625
20160110 06:50 2.625
20160110 07:00 2.75
20160110 07:10 2.75
20160110 07:20 2.875
20160110 07:30 85
20160110 07:40 3
20160110 07:50 3.125
20160110 08:00 3.1875
20160110 08:10 3.1875
20160110 08:20 3.25
20160110 08:30 3.1875
20160110 08:40 3.1875
20160110 08:50 3.3125
20160110 09:00 3.375
20160110 09:10 3.5
20160110 09:20 3.4375
20160110 09:30 3.5625
20160110 09:40 3.625
20160110 09:50 3.625
20160110 10:00 3.875
20160110 10:10 3.875
20160110 10:20 4
20160110 10:30 4.0625
20160110 10:40 4.1875
20160110 10:50 4.3125
20160110 11:00 4.4375
20160110 11:10 4.5
20160110 11:20 4.625
20160110 11:30 4.75
20160110 11:40 4.875
20160110 11:50 4.875
20160110 12:00 4.9375
20160110 12:10 85
20160110 12:20 5.125
20160110 12:30 5.0625
20160110 12:40 85
20160110 12:50 5.125
20160110 13:00 5.125
20160110 13:10 5.25
20160110 13:20 5.5
20160110 13:30 5.875
20160110 13:40 6.375
20160110 13:50 6.375
20160110 14:00 7.25
20160110 14:10 8
20160110 14:20 7.75
20160110 14:30 8.25
20160110 14:40 7.875
20160110 14:50 7.25
20160110 15:00 6.5
20160110 15:10 6.125
20160110 15:20 6
20160110 15:30 5.875
20160110 15:40 5.75
20160110 15:50 5.625
20160110 16:00 5.375
20160110 16:10 5.25
20160110 16:20 4.875
20160110 16:30 4.5625
20160110 16:40 4.5
20160110 16:50 4.1875
20160110 17:00 4.125
20160110 17:10 3.875
20160110 17:20 3.875
20160110 17:30 3.875
20160110 17:40 3.875
20160110 17:50 3.75
20160110 18:00 3.625
20160110 18:10 3.625
20160110 18:20 3.625
20160110 18:30 3.5
20160110 18:40 3.625
20160110 18:50 3.5
20160110 19:00 3.25
20160110 19:10 3.5
20160110 19:20 3.25
20160110 19:30 3.625
20160110 19:40 3.5
20160110 19:50 3.375
20160110 20:00 3.375
20160110 20:10 3.25
20160110 20:20 3.25
20160110 20:30 3.375
20160110 20:40 3.375
20160110 20:50 3.375
20160110 21:00 3.375
20160110 21:10 3.5
20160110 21:20 3.5
20160110 21:30 3.5
20160110 21:40 3.375
20160110 21:50 3.25
20160110 22:00 3.375
20160110 22:10 3.25
20160110 22:20 3
20160110 22:30 2.75
20160110 22:40 2.875
20160110 22:50 2.875
20160110 23:00 3.125
20160110 23:10 3.5
20160110 23:20 3.625
20160110 23:30 4
20160110 23:40 4.125
20160110 23:50 4.125
