YYYYMMDD HH:MM measured temperature
20160626 00:00 13.625
20160626 00:10 13.625
20160626 00:20 13.625
20160626 00:30 13.5
20160626 00:40 13.5
20160626 00:50 13.375
20160626 01:00 13.375
20160626 01:10 13.25
20160626 01:20 13.25
20160626 01:30 13.25
20160626 01:40 13.125
20160626 01:50 13.125
20160626 02:00 13.1875
20160626 02:10 13.125
20160626 02:20 13.125
20160626 02:30 13.25
20160626 02:40 13.125
20160626 02:50 13.1875
20160626 03:00 13.25
20160626 03:10 13.25
20160626 03:20 13.25
20160626 03:30 13.25
20160626 03:40 13.25
20160626 03:50 13.1875
20160626 04:00 13.125
20160626 04:10 13.125
20160626 04:20 13.125
20160626 04:30 13
20160626 04:40 12.875
20160626 04:50 12.875
20160626 05:00 12.875
20160626 05:10 13
20160626 05:20 12.75
20160626 05:30 12.75
20160626 05:40 12.8125
20160626 05:50 12.75
20160626 06:00 12.9375
20160626 06:10 13.25
20160626 06:20 13.375
20160626 06:30 13.375
20160626 06:40 13.625
20160626 06:50 13.625
20160626 07:00 13.9375
20160626 07:10 13.75
20160626 07:20 14.125
20160626 07:30 14.0625
20160626 07:40 85
20160626 07:50 14.4375
20160626 08:00 14.5625
20160626 08:10 14.75
20160626 08:20 14.875
20160626 08:30 15.1875
20160626 08:40 15.1875
20160626 08:50 15.375
20160626 09:00 15.5
20160626 09:10 16.25
20160626 09:20 16.4375
20160626 09:30 17.5
20160626 09:40 17.125
20160626 09:50 17
20160626 10:00 17
20160626 10:10 16.125
20160626 10:20 16.5
20160626 10:30 18.25
20160626 10:40 18
20160626 10:50 18.75
20160626 11:00 18.625
20160626 11:10 17.25
20160626 11:20 16.625
20160626 11:30 17.875
20160626 11:40 19.25
20160626 11:50 18.25
20160626 12:00 18.625
20160626 12:10 17.625
20160626 12:20 19.125
20160626 12:30 20.375
20160626 12:40 18.375
20160626 12:50 18
20160626 13:00 19.125
20160626 13:10 19.125
20160626 13:20 19.125
20160626 13:30 19.5
20160626 13:40 19.375
20160626 13:50 20.5
20160626 14:00 20.875
20160626 14:10 20.25
20160626 14:20 19.375
20160626 14:30 20.75
20160626 14:40 19.125
20160626 14:50 19.25
20160626 15:00 19.375
20160626 15:10 21.125
20160626 15:20 19.75
20160626 15:30 21.125
20160626 15:40 20.625
20160626 15:50 20.5
20160626 16:00 20.125
20160626 16:10 21.125
20160626 16:20 20.5
20160626 16:30 20.625
20160626 16:40 21.625
20160626 16:50 20.125
20160626 17:00 20
20160626 17:10 20.625
20160626 17:20 20.75
20160626 17:30 20.25
20160626 17:40 20.875
20160626 17:50 20.125
20160626 18:00 20.5
20160626 18:10 19.625
20160626 18:20 19.5
20160626 18:30 18
20160626 18:40 17.75
20160626 18:50 17.625
20160626 19:00 18.125
20160626 19:10 18.125
20160626 19:20 18.5
20160626 19:30 18.375
20160626 19:40 18.375
20160626 19:50 17.875
20160626 20:00 18
20160626 20:10 18.375
20160626 20:20 17.75
20160626 20:30 17.625
20160626 20:40 17.25
20160626 20:50 17.125
20160626 21:00 16.875
20160626 21:10 16.625
20160626 21:20 16.375
20160626 21:30 16
20160626 21:40 15.875
20160626 21:50 15.5
20160626 22:00 14.875
20160626 22:10 14.375
20160626 22:20 13.75
20160626 22:30 14.375
20160626 22:40 14.25
20160626 22:50 14.25
20160626 23:00 13.625
20160626 23:10 13.25
20160626 23:20 13.5
20160626 23:30 13.75
20160626 23:40 14.125
20160626 23:50 14.125
