YYYYMMDD HH:MM measured temperature
20160720 00:00 17
20160720 00:10 16.625
20160720 00:20 16.5
20160720 00:30 16.375
20160720 00:40 16.25
20160720 00:50 16.25
20160720 01:00 16.25
20160720 01:10 16
20160720 01:20 16.125
20160720 01:30 16.0625
20160720 01:40 16.25
20160720 01:50 16.125
20160720 02:00 15.875
20160720 02:10 15.75
20160720 02:20 15.625
20160720 02:30 85
20160720 02:40 85
20160720 02:50 15.375
20160720 03:00 15.125
20160720 03:10 15
20160720 03:20 15.125
20160720 03:30 15.0625
20160720 03:40 85
20160720 03:50 15.0625
20160720 04:00 14.75
20160720 04:10 14.75
20160720 04:20 85
20160720 04:30 14.75
20160720 04:40 14.625
20160720 04:50 14.625
20160720 05:00 85
20160720 05:10 14.75
20160720 05:20 85
20160720 05:30 14.75
20160720 05:40 14.6875
20160720 05:50 14.875
20160720 06:00 15
20160720 06:10 85
20160720 06:20 15.3125
20160720 06:30 15.5
20160720 06:40 85
20160720 06:50 85
20160720 07:00 16.25
20160720 07:10 16.75
20160720 07:20 17
20160720 07:30 17.3125
20160720 07:40 17.75
20160720 07:50 18.25
20160720 08:00 18.875
20160720 08:10 19.125
20160720 08:20 19.875
20160720 08:30 20.625
20160720 08:40 21.625
20160720 08:50 22.25
20160720 09:00 22.875
20160720 09:10 23.375
20160720 09:20 24.125
20160720 09:30 24.5
20160720 09:40 24.75
20160720 09:50 25.125
20160720 10:00 25.75
20160720 10:10 26
20160720 10:20 26
20160720 10:30 26.125
20160720 10:40 26.75
20160720 10:50 27
20160720 11:00 26.875
20160720 11:10 26.875
20160720 11:20 28
20160720 11:30 27.625
20160720 11:40 27.875
20160720 11:50 28.25
20160720 12:00 28.75
20160720 12:10 28.375
20160720 12:20 28.375
20160720 12:30 29
20160720 12:40 29.625
20160720 12:50 29.875
20160720 13:00 29.625
20160720 13:10 29.875
20160720 13:20 30.25
20160720 13:30 30.375
20160720 13:40 30.75
20160720 13:50 30.375
20160720 14:00 30.5
20160720 14:10 30.25
20160720 14:20 30.625
20160720 14:30 30.75
20160720 14:40 30.375
20160720 14:50 30.5
20160720 15:00 30.75
20160720 15:10 30.875
20160720 15:20 31.125
20160720 15:30 30.875
20160720 15:40 31.25
20160720 15:50 30.75
20160720 16:00 30.875
20160720 16:10 30.75
20160720 16:20 30.375
20160720 16:30 30.625
20160720 16:40 30.25
20160720 16:50 30.375
20160720 17:00 30.375
20160720 17:10 30
20160720 17:20 30
20160720 17:30 30.125
20160720 17:40 29.875
20160720 17:50 30
20160720 18:00 30
20160720 18:10 29.625
20160720 18:20 29.5
20160720 18:30 29.375
20160720 18:40 29.25
20160720 18:50 29
20160720 19:00 29
20160720 19:10 28.75
20160720 19:20 28.625
20160720 19:30 28.25
20160720 19:40 27.875
20160720 19:50 27.125
20160720 20:00 26.5
20160720 20:10 25.75
20160720 20:20 25.625
20160720 20:30 25.375
20160720 20:40 25
20160720 20:50 24.625
20160720 21:00 24.375
20160720 21:10 24.125
20160720 21:20 24
20160720 21:30 23.875
20160720 21:40 23.5
20160720 21:50 23.5
20160720 22:00 23.5
20160720 22:10 23.375
20160720 22:20 23.25
20160720 22:30 23
20160720 22:40 23
20160720 22:50 23.125
20160720 23:00 22.875
20160720 23:10 22.875
20160720 23:20 23
20160720 23:30 23.75
20160720 23:40 24.125
20160720 23:50 23.5
