YYYYMMDD HH:MM measured temperature
20160127 00:00 8.25
20160127 00:10 8.25
20160127 00:20 8.125
20160127 00:30 8.125
20160127 00:40 8.125
20160127 00:50 8.25
20160127 01:00 8.125
20160127 01:10 8.25
20160127 01:20 8.25
20160127 01:30 8.25
20160127 01:40 8.25
20160127 01:50 8.25
20160127 02:00 8.25
20160127 02:10 8.25
20160127 02:20 8.5
20160127 02:30 8.5
20160127 02:40 8.625
20160127 02:50 8.75
20160127 03:00 8.75
20160127 03:10 8.75
20160127 03:20 8.875
20160127 03:30 8.875
20160127 03:40 8.875
20160127 03:50 9
20160127 04:00 8.875
20160127 04:10 8.75
20160127 04:20 8.875
20160127 04:30 8.875
20160127 04:40 9
20160127 04:50 9
20160127 05:00 9
20160127 05:10 9
20160127 05:20 9.125
20160127 05:30 9.25
20160127 05:40 9.25
20160127 05:50 9.25
20160127 06:00 9.375
20160127 06:10 9.375
20160127 06:20 9.375
20160127 06:30 9.5
20160127 06:40 9.375
20160127 06:50 9.5
20160127 07:00 9.5
20160127 07:10 9.625
20160127 07:20 9.75
20160127 07:30 9.625
20160127 07:40 9.75
20160127 07:50 9.75
20160127 08:00 9.75
20160127 08:10 9.75
20160127 08:20 9.625
20160127 08:30 9.625
20160127 08:40 9.5
20160127 08:50 9.625
20160127 09:00 9.75
20160127 09:10 9.875
20160127 09:20 9.875
20160127 09:30 9.875
20160127 09:40 9.875
20160127 09:50 10
20160127 10:00 10
20160127 10:10 10
20160127 10:20 9.875
20160127 10:30 9.875
20160127 10:40 9.75
20160127 10:50 10
20160127 11:00 9.875
20160127 11:10 9.875
20160127 11:20 9.875
20160127 11:30 10
20160127 11:40 10
20160127 11:50 10.125
20160127 12:00 10.125
20160127 12:10 10.375
20160127 12:20 10.25
20160127 12:30 10.25
20160127 12:40 10.25
20160127 12:50 10.25
20160127 13:00 10.25
20160127 13:10 10.375
20160127 13:20 10.5
20160127 13:30 10.5
20160127 13:40 10.625
20160127 13:50 10.625
20160127 14:00 10.625
20160127 14:10 10.625
20160127 14:20 10.625
20160127 14:30 10.625
20160127 14:40 10.625
20160127 14:50 10.625
20160127 15:00 10.5
20160127 15:10 10.5
20160127 15:20 10.625
20160127 15:30 10.625
20160127 15:40 10.625
20160127 15:50 10.75
20160127 16:00 10.625
20160127 16:10 10.625
20160127 16:20 10.625
20160127 16:30 10.75
20160127 16:40 10.75
20160127 16:50 10.625
20160127 17:00 10.75
20160127 17:10 10.625
20160127 17:20 10.5
20160127 17:30 10.625
20160127 17:40 10.75
20160127 17:50 10.5
20160127 18:00 10.375
20160127 18:10 10.375
20160127 18:20 10.625
20160127 18:30 10.625
20160127 18:40 10.625
20160127 18:50 10.75
20160127 19:00 10.875
20160127 19:10 11
20160127 19:20 11.125
20160127 19:30 11
20160127 19:40 11
20160127 19:50 10.875
20160127 20:00 10.625
20160127 20:10 10.25
20160127 20:20 10.25
20160127 20:30 10.125
20160127 20:40 10.125
20160127 20:50 10.25
20160127 21:00 10.25
20160127 21:10 10.25
20160127 21:20 10.25
20160127 21:30 10.25
20160127 21:40 10.125
20160127 21:50 10.125
20160127 22:00 10.125
20160127 22:10 10.125
20160127 22:20 10.125
20160127 22:30 10.125
20160127 22:40 10.25
20160127 22:50 10.25
20160127 23:00 10.125
20160127 23:10 10.125
20160127 23:20 10.125
20160127 23:30 10.125
20160127 23:40 10
20160127 23:50 10
