YYYYMMDD HH:MM measured temperature
20160326 00:00 6.625
20160326 00:10 6.5
20160326 00:20 6.25
20160326 00:30 6.25
20160326 00:40 6.125
20160326 00:50 6.125
20160326 01:00 6.125
20160326 01:10 6
20160326 01:20 5.875
20160326 01:30 5.625
20160326 01:40 5.25
20160326 01:50 5.25
20160326 02:00 5.25
20160326 02:10 5
20160326 02:20 5
20160326 02:30 4.875
20160326 02:40 4.875
20160326 02:50 4.625
20160326 03:00 4.5
20160326 03:10 4.5
20160326 03:20 4.5
20160326 03:30 4.5
20160326 03:40 4.5
20160326 03:50 4.5
20160326 04:00 4.375
20160326 04:10 4.375
20160326 04:20 4.375
20160326 04:30 4.25
20160326 04:40 4.25
20160326 04:50 3.875
20160326 05:00 3.625
20160326 05:10 4
20160326 05:20 4
20160326 05:30 3.875
20160326 05:40 3.875
20160326 05:50 3.875
20160326 06:00 3.875
20160326 06:10 3.75
20160326 06:20 3.75
20160326 06:30 3.8125
20160326 06:40 3.875
20160326 06:50 3.875
20160326 07:00 3.75
20160326 07:10 3.875
20160326 07:20 3.875
20160326 07:30 3.875
20160326 07:40 4
20160326 07:50 3.9375
20160326 08:00 3.875
20160326 08:10 3.875
20160326 08:20 3.875
20160326 08:30 4.375
20160326 08:40 4.25
20160326 08:50 4.375
20160326 09:00 5.5
20160326 09:10 5.75
20160326 09:20 6.125
20160326 09:30 5.875
20160326 09:40 7
20160326 09:50 7
20160326 10:00 7.0625
20160326 10:10 7.5
20160326 10:20 7.875
20160326 10:30 7.75
20160326 10:40 8.25
20160326 10:50 8.5
20160326 11:00 8.6875
20160326 11:10 9
20160326 11:20 9.125
20160326 11:30 10.1875
20160326 11:40 9.625
20160326 11:50 9.5
20160326 12:00 9.25
20160326 12:10 9.5
20160326 12:20 9.375
20160326 12:30 9.5
20160326 12:40 9.75
20160326 12:50 11.125
20160326 13:00 11.5
20160326 13:10 11.75
20160326 13:20 12.625
20160326 13:30 12.9375
20160326 13:40 12.4375
20160326 13:50 13.25
20160326 14:00 12.5
20160326 14:10 13.125
20160326 14:20 14.125
20160326 14:30 13.625
20160326 14:40 14.25
20160326 14:50 14
20160326 15:00 13.625
20160326 15:10 14.625
20160326 15:20 14.75
20160326 15:30 14.625
20160326 15:40 14.375
20160326 15:50 14.625
20160326 16:00 15.125
20160326 16:10 15
20160326 16:20 14.75
20160326 16:30 14.75
20160326 16:40 14.75
20160326 16:50 14.625
20160326 17:00 14.5
20160326 17:10 14.75
20160326 17:20 14.5
20160326 17:30 14.25
20160326 17:40 14.125
20160326 17:50 14
20160326 18:00 13.75
20160326 18:10 13.5
20160326 18:20 13.25
20160326 18:30 13
20160326 18:40 12.75
20160326 18:50 12.625
20160326 19:00 12.375
20160326 19:10 12
20160326 19:20 11.75
20160326 19:30 11.5
20160326 19:40 11.25
20160326 19:50 11.125
20160326 20:00 11.25
20160326 20:10 11.125
20160326 20:20 11.125
20160326 20:30 10.875
20160326 20:40 10.875
20160326 20:50 10.875
20160326 21:00 10.625
20160326 21:10 10.5
20160326 21:20 10.375
20160326 21:30 10.25
20160326 21:40 10.25
20160326 21:50 10.25
20160326 22:00 10.125
20160326 22:10 10.25
20160326 22:20 9.875
20160326 22:30 9.75
20160326 22:40 9.625
20160326 22:50 9.75
20160326 23:00 9.625
20160326 23:10 9.5
20160326 23:20 9.375
20160326 23:30 9.5
20160326 23:40 9.5
20160326 23:50 9.625
