YYYYMMDD HH:MM measured temperature
20160515 00:00 6.25
20160515 00:10 6.375
20160515 00:20 6.1875
20160515 00:30 6
20160515 00:40 5.875
20160515 00:50 5.75
20160515 01:00 5.5
20160515 01:10 5.625
20160515 01:20 5.625
20160515 01:30 5.6875
20160515 01:40 5.6875
20160515 01:50 5.625
20160515 02:00 5.875
20160515 02:10 5.8125
20160515 02:20 5.8125
20160515 02:30 5.6875
20160515 02:40 5.625
20160515 02:50 5.8125
20160515 03:00 5.4375
20160515 03:10 5.375
20160515 03:20 5.4375
20160515 03:30 5.375
20160515 03:40 5.375
20160515 03:50 5.5
20160515 04:00 5.375
20160515 04:10 5.375
20160515 04:20 5.5
20160515 04:30 5.375
20160515 04:40 5.3125
20160515 04:50 5.4375
20160515 05:00 5.375
20160515 05:10 5.5
20160515 05:20 5.625
20160515 05:30 5.625
20160515 05:40 5.25
20160515 05:50 5
20160515 06:00 5
20160515 06:10 5.125
20160515 06:20 5.25
20160515 06:30 5.375
20160515 06:40 5.5625
20160515 06:50 5.4375
20160515 07:00 5.625
20160515 07:10 5.5625
20160515 07:20 5.6875
20160515 07:30 6.0625
20160515 07:40 5.875
20160515 07:50 85
20160515 08:00 6
20160515 08:10 5.875
20160515 08:20 6.375
20160515 08:30 7.0625
20160515 08:40 85
20160515 08:50 8.0625
20160515 09:00 7.4375
20160515 09:10 6.9375
20160515 09:20 6.9375
20160515 09:30 8.375
20160515 09:40 9
20160515 09:50 9.25
20160515 10:00 8.625
20160515 10:10 7.875
20160515 10:20 7
20160515 10:30 8.125
20160515 10:40 8.875
20160515 10:50 7.25
20160515 11:00 7.75
20160515 11:10 9.3125
20160515 11:20 10.625
20160515 11:30 10.5625
20160515 11:40 11.625
20160515 11:50 10.375
20160515 12:00 11
20160515 12:10 10.3125
20160515 12:20 10.4375
20160515 12:30 12.125
20160515 12:40 7.375
20160515 12:50 7.875
20160515 13:00 10.125
20160515 13:10 9.875
20160515 13:20 8.0625
20160515 13:30 7
20160515 13:40 7.0625
20160515 13:50 7.875
20160515 14:00 8.125
20160515 14:10 10.125
20160515 14:20 12.125
20160515 14:30 9
20160515 14:40 9
20160515 14:50 10.625
20160515 15:00 11.1875
20160515 15:10 12.125
20160515 15:20 11.6875
20160515 15:30 13.25
20160515 15:40 11.375
20160515 15:50 12.1875
20160515 16:00 12.75
20160515 16:10 10.5
20160515 16:20 10
20160515 16:30 10.625
20160515 16:40 12.125
20160515 16:50 12.25
20160515 17:00 12.3125
20160515 17:10 13.375
20160515 17:20 12.25
20160515 17:30 11.125
20160515 17:40 11.125
20160515 17:50 11.625
20160515 18:00 11.25
20160515 18:10 11.0625
20160515 18:20 10.75
20160515 18:30 11
20160515 18:40 11.5
20160515 18:50 10.875
20160515 19:00 10.625
20160515 19:10 10.5
20160515 19:20 10.5
20160515 19:30 10.25
20160515 19:40 10.125
20160515 19:50 9.5
20160515 20:00 9.25
20160515 20:10 7.4375
20160515 20:20 7.5
20160515 20:30 7.5
20160515 20:40 7.25
20160515 20:50 7.375
20160515 21:00 7
20160515 21:10 6.75
20160515 21:20 6.5
20160515 21:30 6.625
20160515 21:40 6.9375
20160515 21:50 6.875
20160515 22:00 6.75
20160515 22:10 6.375
20160515 22:20 6.1875
20160515 22:30 6.25
20160515 22:40 5.875
20160515 22:50 5.9375
20160515 23:00 6
20160515 23:10 5.8125
20160515 23:20 5.875
20160515 23:30 5.9375
20160515 23:40 5.9375
20160515 23:50 5.9375
