YYYYMMDD HH:MM measured temperature
20160414 00:00 9
20160414 00:10 9
20160414 00:20 9
20160414 00:30 9
20160414 00:40 9.125
20160414 00:50 9.125
20160414 01:00 9.125
20160414 01:10 9.25
20160414 01:20 9.25
20160414 01:30 9.25
20160414 01:40 9.375
20160414 01:50 9.375
20160414 02:00 9.25
20160414 02:10 9.25
20160414 02:20 9.125
20160414 02:30 9
20160414 02:40 9
20160414 02:50 9
20160414 03:00 9.125
20160414 03:10 9
20160414 03:20 8.6875
20160414 03:30 8.5
20160414 03:40 8.5
20160414 03:50 8.5
20160414 04:00 8.375
20160414 04:10 8.375
20160414 04:20 8.25
20160414 04:30 8.25
20160414 04:40 8.25
20160414 04:50 8.125
20160414 05:00 8.125
20160414 05:10 8.1875
20160414 05:20 8
20160414 05:30 7.875
20160414 05:40 7.75
20160414 05:50 7.6875
20160414 06:00 7.4375
20160414 06:10 7.375
20160414 06:20 7.25
20160414 06:30 7.3125
20160414 06:40 7.3125
20160414 06:50 7.375
20160414 07:00 7.25
20160414 07:10 7.125
20160414 07:20 7.375
20160414 07:30 7.375
20160414 07:40 7.375
20160414 07:50 7.25
20160414 08:00 7.375
20160414 08:10 7.125
20160414 08:20 7.375
20160414 08:30 7.5
20160414 08:40 7.625
20160414 08:50 7.75
20160414 09:00 8.25
20160414 09:10 8
20160414 09:20 8.5
20160414 09:30 8.75
20160414 09:40 8.875
20160414 09:50 9
20160414 10:00 10.25
20160414 10:10 11.125
20160414 10:20 10.25
20160414 10:30 11
20160414 10:40 11
20160414 10:50 11.875
20160414 11:00 11.75
20160414 11:10 12.75
20160414 11:20 12.8125
20160414 11:30 12.5
20160414 11:40 12
20160414 11:50 12.75
20160414 12:00 11.625
20160414 12:10 13.25
20160414 12:20 13
20160414 12:30 12.75
20160414 12:40 12.5625
20160414 12:50 12.375
20160414 13:00 12.75
20160414 13:10 12.9375
20160414 13:20 13.625
20160414 13:30 14.3125
20160414 13:40 14.625
20160414 13:50 14.625
20160414 14:00 15.375
20160414 14:10 16.375
20160414 14:20 15.75
20160414 14:30 14
20160414 14:40 14.25
20160414 14:50 14
20160414 15:00 13.25
20160414 15:10 13.125
20160414 15:20 13.75
20160414 15:30 14.625
20160414 15:40 15.125
20160414 15:50 15.375
20160414 16:00 15.375
20160414 16:10 15.75
20160414 16:20 15.375
20160414 16:30 15
20160414 16:40 15.875
20160414 16:50 15.625
20160414 17:00 15.5
20160414 17:10 15.375
20160414 17:20 15.5
20160414 17:30 15.25
20160414 17:40 15.375
20160414 17:50 14.75
20160414 18:00 15
20160414 18:10 14.75
20160414 18:20 14.875
20160414 18:30 14.625
20160414 18:40 14.75
20160414 18:50 14
20160414 19:00 13.5
20160414 19:10 13.125
20160414 19:20 12.75
20160414 19:30 12.25
20160414 19:40 12.125
20160414 19:50 12.25
20160414 20:00 12.25
20160414 20:10 12.375
20160414 20:20 12.125
20160414 20:30 11.125
20160414 20:40 10.875
20160414 20:50 10.625
20160414 21:00 9.875
20160414 21:10 9.5
20160414 21:20 9.25
20160414 21:30 9.375
20160414 21:40 9.375
20160414 21:50 8.75
20160414 22:00 8.875
20160414 22:10 8.375
20160414 22:20 7.875
20160414 22:30 7.875
20160414 22:40 7.875
20160414 22:50 8
20160414 23:00 8.25
20160414 23:10 8.25
20160414 23:20 8
20160414 23:30 7.75
20160414 23:40 7.375
20160414 23:50 7.25
