YYYYMMDD HH:MM measured temperature
20160718 00:00 14.125
20160718 00:10 14.125
20160718 00:20 14.25
20160718 00:30 14
20160718 00:40 14
20160718 00:50 14
20160718 01:00 14
20160718 01:10 13.875
20160718 01:20 13.875
20160718 01:30 13.625
20160718 01:40 13.625
20160718 01:50 13.5
20160718 02:00 13.5
20160718 02:10 13.375
20160718 02:20 13.75
20160718 02:30 13.875
20160718 02:40 14
20160718 02:50 14
20160718 03:00 14
20160718 03:10 14
20160718 03:20 14
20160718 03:30 14
20160718 03:40 14
20160718 03:50 13.75
20160718 04:00 13.75
20160718 04:10 13.6875
20160718 04:20 13.6875
20160718 04:30 13.625
20160718 04:40 13.625
20160718 04:50 13.75
20160718 05:00 13.875
20160718 05:10 13.875
20160718 05:20 14
20160718 05:30 14
20160718 05:40 14.125
20160718 05:50 14.125
20160718 06:00 14.125
20160718 06:10 14.25
20160718 06:20 14.5
20160718 06:30 14.5
20160718 06:40 14.75
20160718 06:50 14.875
20160718 07:00 14.875
20160718 07:10 15
20160718 07:20 14.875
20160718 07:30 14.875
20160718 07:40 15.125
20160718 07:50 15.5
20160718 08:00 16
20160718 08:10 16
20160718 08:20 16.25
20160718 08:30 16.625
20160718 08:40 16.875
20160718 08:50 17.5
20160718 09:00 18.125
20160718 09:10 19
20160718 09:20 18
20160718 09:30 18.375
20160718 09:40 18.5
20160718 09:50 18.625
20160718 10:00 18.5
20160718 10:10 18.75
20160718 10:20 19.5
20160718 10:30 20
20160718 10:40 19.5
20160718 10:50 19.875
20160718 11:00 19.875
20160718 11:10 20.75
20160718 11:20 20.375
20160718 11:30 20.625
20160718 11:40 20.375
20160718 11:50 21.5
20160718 12:00 22.625
20160718 12:10 21.75
20160718 12:20 21.75
20160718 12:30 22.125
20160718 12:40 22.25
20160718 12:50 21.625
20160718 13:00 21.875
20160718 13:10 22.5
20160718 13:20 21.625
20160718 13:30 22.875
20160718 13:40 22.25
20160718 13:50 22
20160718 14:00 23.375
20160718 14:10 22.625
20160718 14:20 22
20160718 14:30 23.625
20160718 14:40 23.375
20160718 14:50 24
20160718 15:00 23.5
20160718 15:10 23.375
20160718 15:20 23.25
20160718 15:30 24.375
20160718 15:40 24
20160718 15:50 23.25
20160718 16:00 24.125
20160718 16:10 23.125
20160718 16:20 22.75
20160718 16:30 24
20160718 16:40 23.75
20160718 16:50 24.125
20160718 17:00 23.625
20160718 17:10 23.625
20160718 17:20 23.625
20160718 17:30 23.875
20160718 17:40 23.625
20160718 17:50 23.375
20160718 18:00 23.25
20160718 18:10 22.75
20160718 18:20 22.875
20160718 18:30 23.125
20160718 18:40 22.5
20160718 18:50 23
20160718 19:00 22.5
20160718 19:10 22.125
20160718 19:20 21.875
20160718 19:30 21.75
20160718 19:40 21.75
20160718 19:50 21.375
20160718 20:00 21.25
20160718 20:10 20.875
20160718 20:20 20.625
20160718 20:30 20.5
20160718 20:40 20.25
20160718 20:50 19.875
20160718 21:00 19.625
20160718 21:10 19.25
20160718 21:20 18.875
20160718 21:30 18.5
20160718 21:40 18.25
20160718 21:50 18
20160718 22:00 17.625
20160718 22:10 17.375
20160718 22:20 17.375
20160718 22:30 17.25
20160718 22:40 17
20160718 22:50 16.875
20160718 23:00 16.625
20160718 23:10 16
20160718 23:20 15.375
20160718 23:30 15
20160718 23:40 14.875
20160718 23:50 14.75
