YYYYMMDD HH:MM measured temperature
20160519 00:00 10.8125
20160519 00:10 11
20160519 00:20 11
20160519 00:30 11
20160519 00:40 11.125
20160519 00:50 11.375
20160519 01:00 11.375
20160519 01:10 11.375
20160519 01:20 11.375
20160519 01:30 11.375
20160519 01:40 11.375
20160519 01:50 11.125
20160519 02:00 11
20160519 02:10 11
20160519 02:20 11
20160519 02:30 10.9375
20160519 02:40 10.875
20160519 02:50 10.625
20160519 03:00 10.5
20160519 03:10 10.3125
20160519 03:20 10.125
20160519 03:30 9.75
20160519 03:40 9.625
20160519 03:50 9.5
20160519 04:00 9.375
20160519 04:10 9.25
20160519 04:20 9.1875
20160519 04:30 9.125
20160519 04:40 9
20160519 04:50 9
20160519 05:00 8.875
20160519 05:10 8.875
20160519 05:20 9.125
20160519 05:30 8.875
20160519 05:40 8.8125
20160519 05:50 9
20160519 06:00 9.0625
20160519 06:10 9.3125
20160519 06:20 9.625
20160519 06:30 9.875
20160519 06:40 10.25
20160519 06:50 10.6875
20160519 07:00 11.0625
20160519 07:10 11.375
20160519 07:20 11.5625
20160519 07:30 11.875
20160519 07:40 12.5
20160519 07:50 13.25
20160519 08:00 13.5
20160519 08:10 13.75
20160519 08:20 14.0625
20160519 08:30 14.375
20160519 08:40 14.5
20160519 08:50 14.5625
20160519 09:00 14.8125
20160519 09:10 15.25
20160519 09:20 15.625
20160519 09:30 15.625
20160519 09:40 16.1875
20160519 09:50 15.9375
20160519 10:00 16.5
20160519 10:10 16.75
20160519 10:20 17.3125
20160519 10:30 17.875
20160519 10:40 17.3125
20160519 10:50 19.25
20160519 11:00 19.25
20160519 11:10 21.125
20160519 11:20 20.625
20160519 11:30 21.25
20160519 11:40 21.75
20160519 11:50 22.125
20160519 12:00 22.125
20160519 12:10 22.5
20160519 12:20 22.5
20160519 12:30 21.25
20160519 12:40 22.625
20160519 12:50 22.125
20160519 13:00 21.625
20160519 13:10 22
20160519 13:20 23
20160519 13:30 22.125
20160519 13:40 23.875
20160519 13:50 24
20160519 14:00 23.75
20160519 14:10 23.375
20160519 14:20 22.625
20160519 14:30 21.875
20160519 14:40 21.75
20160519 14:50 22.5
20160519 15:00 22.125
20160519 15:10 23.625
20160519 15:20 22
20160519 15:30 21.625
20160519 15:40 21.625
20160519 15:50 22.625
20160519 16:00 22.5
20160519 16:10 22
20160519 16:20 21.875
20160519 16:30 21.5
20160519 16:40 21.25
20160519 16:50 20.75
20160519 17:00 20.625
20160519 17:10 20.625
20160519 17:20 20.75
20160519 17:30 21.125
20160519 17:40 21.125
20160519 17:50 21.375
20160519 18:00 21.5
20160519 18:10 21.625
20160519 18:20 21
20160519 18:30 21.125
20160519 18:40 20.875
20160519 18:50 21.25
20160519 19:00 21.375
20160519 19:10 21.125
20160519 19:20 20.625
20160519 19:30 20.625
20160519 19:40 20.125
20160519 19:50 19.75
20160519 20:00 19.375
20160519 20:10 19.25
20160519 20:20 19
20160519 20:30 18.375
20160519 20:40 18.25
20160519 20:50 17.875
20160519 21:00 17.625
20160519 21:10 17.625
20160519 21:20 17.25
20160519 21:30 16.625
20160519 21:40 16.375
20160519 21:50 16.5
20160519 22:00 16.625
20160519 22:10 16.5
20160519 22:20 16.25
20160519 22:30 15.875
20160519 22:40 15.75
20160519 22:50 15.25
20160519 23:00 15.125
20160519 23:10 15.625
20160519 23:20 15.5
20160519 23:30 15.25
20160519 23:40 14.75
20160519 23:50 14.375
