YYYYMMDD HH:MM measured temperature
20160629 00:00 14.375
20160629 00:10 14.5
20160629 00:20 14.375
20160629 00:30 14.5
20160629 00:40 14.5
20160629 00:50 14.625
20160629 01:00 14.5
20160629 01:10 14.625
20160629 01:20 14.75
20160629 01:30 14.625
20160629 01:40 14.5
20160629 01:50 14.5
20160629 02:00 14.625
20160629 02:10 14.875
20160629 02:20 15
20160629 02:30 15
20160629 02:40 13.875
20160629 02:50 13.375
20160629 03:00 13.25
20160629 03:10 13.125
20160629 03:20 13
20160629 03:30 13
20160629 03:40 13.25
20160629 03:50 13.375
20160629 04:00 13.375
20160629 04:10 13.625
20160629 04:20 13.5
20160629 04:30 13.5
20160629 04:40 13.375
20160629 04:50 13.25
20160629 05:00 13.125
20160629 05:10 13.125
20160629 05:20 13.125
20160629 05:30 13.125
20160629 05:40 13.125
20160629 05:50 85
20160629 06:00 85
20160629 06:10 85
20160629 06:20 13.25
20160629 06:30 13.25
20160629 06:40 13.375
20160629 06:50 13.4375
20160629 07:00 13.75
20160629 07:10 13.875
20160629 07:20 14
20160629 07:30 14.375
20160629 07:40 14.75
20160629 07:50 15.3125
20160629 08:00 15.25
20160629 08:10 15.5
20160629 08:20 15.875
20160629 08:30 15.875
20160629 08:40 16.625
20160629 08:50 16.125
20160629 09:00 16.375
20160629 09:10 17.5
20160629 09:20 17.125
20160629 09:30 17.25
20160629 09:40 18.5
20160629 09:50 18.125
20160629 10:00 18.75
20160629 10:10 17.75
20160629 10:20 17.125
20160629 10:30 17.125
20160629 10:40 18.25
20160629 10:50 19
20160629 11:00 17.875
20160629 11:10 18.5
20160629 11:20 18.625
20160629 11:30 18.625
20160629 11:40 17.25
20160629 11:50 19.125
20160629 12:00 19
20160629 12:10 19.375
20160629 12:20 18.75
20160629 12:30 17.75
20160629 12:40 18.75
20160629 12:50 17.5
20160629 13:00 18.25
20160629 13:10 18.125
20160629 13:20 18.125
20160629 13:30 19
20160629 13:40 19.375
20160629 13:50 18.25
20160629 14:00 18.375
20160629 14:10 19.375
20160629 14:20 19.375
20160629 14:30 18.5
20160629 14:40 18.375
20160629 14:50 17.875
20160629 15:00 17.875
20160629 15:10 18.75
20160629 15:20 18.75
20160629 15:30 19
20160629 15:40 19.875
20160629 15:50 19.375
20160629 16:00 19
20160629 16:10 18.625
20160629 16:20 19.5
20160629 16:30 19.875
20160629 16:40 20.25
20160629 16:50 20.125
20160629 17:00 18.875
20160629 17:10 18.75
20160629 17:20 18.5
20160629 17:30 17.75
20160629 17:40 18.75
20160629 17:50 19
20160629 18:00 19
20160629 18:10 18.625
20160629 18:20 18.25
20160629 18:30 19
20160629 18:40 18.875
20160629 18:50 19
20160629 19:00 18.875
20160629 19:10 18.625
20160629 19:20 19.375
20160629 19:30 18.625
20160629 19:40 18.875
20160629 19:50 18.75
20160629 20:00 18.75
20160629 20:10 18.625
20160629 20:20 18.375
20160629 20:30 18.125
20160629 20:40 18.125
20160629 20:50 17.625
20160629 21:00 17.375
20160629 21:10 17.25
20160629 21:20 17
20160629 21:30 16.25
20160629 21:40 16
20160629 21:50 15.875
20160629 22:00 15.5
20160629 22:10 15.5
20160629 22:20 15.625
20160629 22:30 15.5625
20160629 22:40 15.625
20160629 22:50 15.5625
20160629 23:00 15.375
20160629 23:10 15.25
20160629 23:20 15
20160629 23:30 15.375
20160629 23:40 15.375
20160629 23:50 15.625
