YYYYMMDD HH:MM measured temperature
20160115 00:00 0.5
20160115 00:10 0.625
20160115 00:20 0.6875
20160115 00:30 0.625
20160115 00:40 0.75
20160115 00:50 85
20160115 01:00 0.75
20160115 01:10 0.75
20160115 01:20 0.75
20160115 01:30 0.75
20160115 01:40 0.6875
20160115 01:50 0.625
20160115 02:00 0.625
20160115 02:10 0.625
20160115 02:20 85
20160115 02:30 0.625
20160115 02:40 0.5625
20160115 02:50 0.5625
20160115 03:00 0.5625
20160115 03:10 0.5625
20160115 03:20 0.625
20160115 03:30 0.5625
20160115 03:40 0.625
20160115 03:50 0.625
20160115 04:00 0.75
20160115 04:10 0.5625
20160115 04:20 0.5625
20160115 04:30 0.625
20160115 04:40 0.625
20160115 04:50 0.625
20160115 05:00 0.625
20160115 05:10 0.5625
20160115 05:20 0.625
20160115 05:30 0.625
20160115 05:40 0.625
20160115 05:50 0.5625
20160115 06:00 0.625
20160115 06:10 0.5
20160115 06:20 0.5
20160115 06:30 0.4375
20160115 06:40 0.5
20160115 06:50 0.5
20160115 07:00 0.5
20160115 07:10 0.5
20160115 07:20 0.4375
20160115 07:30 85
20160115 07:40 0.375
20160115 07:50 0.375
20160115 08:00 0.25
20160115 08:10 0.25
20160115 08:20 0.375
20160115 08:30 0.5
20160115 08:40 0.5
20160115 08:50 0.5625
20160115 09:00 0.5625
20160115 09:10 0.625
20160115 09:20 0.75
20160115 09:30 0.6875
20160115 09:40 0.875
20160115 09:50 0.875
20160115 10:00 0.875
20160115 10:10 0.875
20160115 10:20 1
20160115 10:30 1
20160115 10:40 1.125
20160115 10:50 1.125
20160115 11:00 1.25
20160115 11:10 1.375
20160115 11:20 1.5
20160115 11:30 1.375
20160115 11:40 1.5
20160115 11:50 1.75
20160115 12:00 1.875
20160115 12:10 1.875
20160115 12:20 1.875
20160115 12:30 2.125
20160115 12:40 2.375
20160115 12:50 2.625
20160115 13:00 2.375
20160115 13:10 2.25
20160115 13:20 2.125
20160115 13:30 2.25
20160115 13:40 2.125
20160115 13:50 2.125
20160115 14:00 1.875
20160115 14:10 2
20160115 14:20 2.5
20160115 14:30 1.625
20160115 14:40 1.625
20160115 14:50 1.5
20160115 15:00 1.5
20160115 15:10 1.5
20160115 15:20 1.125
20160115 15:30 1.25
20160115 15:40 1.125
20160115 15:50 1.125
20160115 16:00 1.125
20160115 16:10 1.125
20160115 16:20 1.125
20160115 16:30 1.125
20160115 16:40 1.125
20160115 16:50 1.125
20160115 17:00 1.25
20160115 17:10 1.25
20160115 17:20 1.375
20160115 17:30 1.375
20160115 17:40 1.375
20160115 17:50 1.5
20160115 18:00 1.5
20160115 18:10 1.5
20160115 18:20 1.5
20160115 18:30 1.625
20160115 18:40 1.625
20160115 18:50 1.625
20160115 19:00 1.625
20160115 19:10 1.5
20160115 19:20 1.5
20160115 19:30 1.5
20160115 19:40 1.5
20160115 19:50 1.5
20160115 20:00 1.375
20160115 20:10 1.5
20160115 20:20 1.375
20160115 20:30 1.375
20160115 20:40 1.5
20160115 20:50 1.375
20160115 21:00 1.375
20160115 21:10 1.375
20160115 21:20 1.375
20160115 21:30 1.375
20160115 21:40 1.375
20160115 21:50 1.375
20160115 22:00 1.375
20160115 22:10 1.25
20160115 22:20 1.25
20160115 22:30 1.25
20160115 22:40 1.25
20160115 22:50 1.125
20160115 23:00 1.25
20160115 23:10 1.125
20160115 23:20 1.125
20160115 23:30 1.0625
20160115 23:40 1.125
20160115 23:50 1
