YYYYMMDD HH:MM measured temperature
20160324 00:00 2.625
20160324 00:10 2.75
20160324 00:20 2.5
20160324 00:30 2
20160324 00:40 1.875
20160324 00:50 2
20160324 01:00 2
20160324 01:10 2.125
20160324 01:20 2.125
20160324 01:30 2
20160324 01:40 1.625
20160324 01:50 1.375
20160324 02:00 1.25
20160324 02:10 1
20160324 02:20 1.25
20160324 02:30 1.0625
20160324 02:40 1
20160324 02:50 1
20160324 03:00 0.8125
20160324 03:10 0.875
20160324 03:20 0.875
20160324 03:30 1
20160324 03:40 0.875
20160324 03:50 0.8125
20160324 04:00 0.75
20160324 04:10 0
20160324 04:20 0.25
20160324 04:30 0.25
20160324 04:40 0.125
20160324 04:50 -0.25
20160324 05:00 -0.125
20160324 05:10 0.25
20160324 05:20 0.375
20160324 05:30 0.75
20160324 05:40 0.75
20160324 05:50 0.875
20160324 06:00 1
20160324 06:10 1.0625
20160324 06:20 1.125
20160324 06:30 1.25
20160324 06:40 1.375
20160324 06:50 1.5
20160324 07:00 1.625
20160324 07:10 1.625
20160324 07:20 1.875
20160324 07:30 2
20160324 07:40 2.125
20160324 07:50 2.125
20160324 08:00 2.25
20160324 08:10 2.5
20160324 08:20 2.75
20160324 08:30 2.875
20160324 08:40 2.75
20160324 08:50 2.75
20160324 09:00 3.125
20160324 09:10 3.125
20160324 09:20 3.125
20160324 09:30 3.375
20160324 09:40 3.75
20160324 09:50 4
20160324 10:00 4.25
20160324 10:10 4.75
20160324 10:20 4.75
20160324 10:30 5.25
20160324 10:40 6
20160324 10:50 6.125
20160324 11:00 6.5
20160324 11:10 6.875
20160324 11:20 7.125
20160324 11:30 7.25
20160324 11:40 7.125
20160324 11:50 7.875
20160324 12:00 7.75
20160324 12:10 8
20160324 12:20 8.5
20160324 12:30 8.75
20160324 12:40 9.375
20160324 12:50 9.1875
20160324 13:00 9.375
20160324 13:10 9.875
20160324 13:20 9.5
20160324 13:30 9.125
20160324 13:40 9.375
20160324 13:50 9.125
20160324 14:00 9.5
20160324 14:10 8.875
20160324 14:20 8.75
20160324 14:30 7.75
20160324 14:40 7.5
20160324 14:50 7.75
20160324 15:00 7.5
20160324 15:10 7.5
20160324 15:20 7.625
20160324 15:30 7.875
20160324 15:40 7.875
20160324 15:50 8.125
20160324 16:00 8
20160324 16:10 7.875
20160324 16:20 7.875
20160324 16:30 8
20160324 16:40 7.875
20160324 16:50 7.625
20160324 17:00 7.625
20160324 17:10 7.5
20160324 17:20 7.625
20160324 17:30 7.75
20160324 17:40 7.75
20160324 17:50 7.625
20160324 18:00 7.5
20160324 18:10 7.375
20160324 18:20 7.375
20160324 18:30 7.25
20160324 18:40 7
20160324 18:50 6.875
20160324 19:00 6.875
20160324 19:10 6.75
20160324 19:20 6.625
20160324 19:30 6.625
20160324 19:40 6.5
20160324 19:50 6.5
20160324 20:00 6.5
20160324 20:10 6.375
20160324 20:20 6.375
20160324 20:30 6.25
20160324 20:40 6.25
20160324 20:50 6.25
20160324 21:00 6.125
20160324 21:10 6.125
20160324 21:20 6
20160324 21:30 6
20160324 21:40 6
20160324 21:50 6
20160324 22:00 6
20160324 22:10 5.875
20160324 22:20 6
20160324 22:30 6
20160324 22:40 6
20160324 22:50 6
20160324 23:00 6
20160324 23:10 6
20160324 23:20 6
20160324 23:30 6
20160324 23:40 6
20160324 23:50 5.9375
