YYYYMMDD HH:MM measured temperature
20160102 00:00 4
20160102 00:10 4
20160102 00:20 4
20160102 00:30 3.875
20160102 00:40 3.875
20160102 00:50 3.875
20160102 01:00 3.875
20160102 01:10 3.875
20160102 01:20 3.875
20160102 01:30 3.875
20160102 01:40 3.875
20160102 01:50 3.875
20160102 02:00 4
20160102 02:10 4
20160102 02:20 4
20160102 02:30 4.125
20160102 02:40 4.125
20160102 02:50 4.125
20160102 03:00 4.25
20160102 03:10 4.25
20160102 03:20 4.25
20160102 03:30 4.25
20160102 03:40 4.25
20160102 03:50 4.125
20160102 04:00 4.25
20160102 04:10 4.25
20160102 04:20 4.25
20160102 04:30 4.25
20160102 04:40 4.25
20160102 04:50 4.25
20160102 05:00 4.25
20160102 05:10 4.125
20160102 05:20 4.25
20160102 05:30 4.25
20160102 05:40 4.25
20160102 05:50 4.25
20160102 06:00 4.25
20160102 06:10 4.125
20160102 06:20 4.125
20160102 06:30 4.125
20160102 06:40 4
20160102 06:50 3.875
20160102 07:00 3.625
20160102 07:10 3.625
20160102 07:20 3.375
20160102 07:30 3.25
20160102 07:40 3.125
20160102 07:50 3
20160102 08:00 2.75
20160102 08:10 2.625
20160102 08:20 2.5
20160102 08:30 2.625
20160102 08:40 2.5
20160102 08:50 2.375
20160102 09:00 2.375
20160102 09:10 2.25
20160102 09:20 2.25
20160102 09:30 2.125
20160102 09:40 2.125
20160102 09:50 2.125
20160102 10:00 2
20160102 10:10 1.75
20160102 10:20 1.875
20160102 10:30 1.875
20160102 10:40 1.75
20160102 10:50 1.875
20160102 11:00 1.75
20160102 11:10 1.75
20160102 11:20 1.625
20160102 11:30 1.75
20160102 11:40 1.75
20160102 11:50 1.875
20160102 12:00 1.875
20160102 12:10 1.875
20160102 12:20 2
20160102 12:30 2
20160102 12:40 2.125
20160102 12:50 2
20160102 13:00 2
20160102 13:10 2
20160102 13:20 2
20160102 13:30 2
20160102 13:40 2.125
20160102 13:50 2
20160102 14:00 1.875
20160102 14:10 2
20160102 14:20 1.875
20160102 14:30 1.75
20160102 14:40 1.625
20160102 14:50 1.75
20160102 15:00 1.75
20160102 15:10 1.625
20160102 15:20 1.375
20160102 15:30 1.375
20160102 15:40 1.125
20160102 15:50 1
20160102 16:00 0.75
20160102 16:10 0.625
20160102 16:20 0.5
20160102 16:30 0.375
20160102 16:40 0.25
20160102 16:50 0.125
20160102 17:00 0
20160102 17:10 -0.25
20160102 17:20 -0.375
20160102 17:30 -0.5
20160102 17:40 -0.625
20160102 17:50 -0.75
20160102 18:00 -0.75
20160102 18:10 -0.75
20160102 18:20 -1
20160102 18:30 -1
20160102 18:40 -1.125
20160102 18:50 -1.125
20160102 19:00 -1.375
20160102 19:10 -1.375
20160102 19:20 -1.5
20160102 19:30 -1.375
20160102 19:40 -1.625
20160102 19:50 -1.875
20160102 20:00 -1.875
20160102 20:10 -2
20160102 20:20 -2.25
20160102 20:30 -2.25
20160102 20:40 -2.125
20160102 20:50 -2.25
20160102 21:00 -2.375
20160102 21:10 -2.375
20160102 21:20 -2.625
20160102 21:30 -2.625
20160102 21:40 -2.75
20160102 21:50 -3
20160102 22:00 -3.125
20160102 22:10 -3.25
20160102 22:20 -3.25
20160102 22:30 -3.375
20160102 22:40 -3.375
20160102 22:50 -3.5
20160102 23:00 -3.625
20160102 23:10 -3.75
20160102 23:20 -3.875
20160102 23:30 -4
20160102 23:40 -4
20160102 23:50 -4
