YYYYMMDD HH:MM measured temperature
20160107 00:00 -6.125
20160107 00:10 -6.125
20160107 00:20 -6.25
20160107 00:30 -6.125
20160107 00:40 -6.25
20160107 00:50 -6.25
20160107 01:00 -6.25
20160107 01:10 -6.25
20160107 01:20 -6.25
20160107 01:30 -6.25
20160107 01:40 -6.25
20160107 01:50 -6.25
20160107 02:00 -6.125
20160107 02:10 -6.25
20160107 02:20 -6.25
20160107 02:30 -6.25
20160107 02:40 -6.25
20160107 02:50 -6.25
20160107 03:00 -6.25
20160107 03:10 -6.25
20160107 03:20 -6.25
20160107 03:30 -6.25
20160107 03:40 -6.25
20160107 03:50 -6.125
20160107 04:00 -6.125
20160107 04:10 -6.125
20160107 04:20 -6.125
20160107 04:30 -6.125
20160107 04:40 -6.125
20160107 04:50 -6.125
20160107 05:00 -6
20160107 05:10 -6.125
20160107 05:20 -6.125
20160107 05:30 -6.25
20160107 05:40 -6.25
20160107 05:50 -6.25
20160107 06:00 -6.125
20160107 06:10 -6.125
20160107 06:20 -6.125
20160107 06:30 -6.125
20160107 06:40 -6.25
20160107 06:50 -6.125
20160107 07:00 -6.125
20160107 07:10 -6.25
20160107 07:20 -6.25
20160107 07:30 -6.25
20160107 07:40 -6.25
20160107 07:50 -6.125
20160107 08:00 -6.25
20160107 08:10 -6.375
20160107 08:20 -6.375
20160107 08:30 -6.25
20160107 08:40 -6.125
20160107 08:50 -6.125
20160107 09:00 -6
20160107 09:10 -6
20160107 09:20 -5.875
20160107 09:30 -5.875
20160107 09:40 -5.875
20160107 09:50 -5.875
20160107 10:00 -5.75
20160107 10:10 -5.625
20160107 10:20 -5.5
20160107 10:30 -5.5
20160107 10:40 -5.375
20160107 10:50 -5.25
20160107 11:00 -5.25
20160107 11:10 -5.125
20160107 11:20 -5
20160107 11:30 -4.875
20160107 11:40 -4.625
20160107 11:50 -4.5
20160107 12:00 -4.25
20160107 12:10 -4.375
20160107 12:20 -4.375
20160107 12:30 -4.125
20160107 12:40 -4.5
20160107 12:50 -4.25
20160107 13:00 -4.125
20160107 13:10 -3.875
20160107 13:20 -4.125
20160107 13:30 -4
20160107 13:40 -3.875
20160107 13:50 -3.875
20160107 14:00 -3.875
20160107 14:10 -3.75
20160107 14:20 -3.75
20160107 14:30 -3.75
20160107 14:40 -3.875
20160107 14:50 -3.875
20160107 15:00 -3.875
20160107 15:10 -4
20160107 15:20 -4
20160107 15:30 -4.125
20160107 15:40 -4.125
20160107 15:50 -4.125
20160107 16:00 -4.125
20160107 16:10 -4.125
20160107 16:20 -4.125
20160107 16:30 -4.25
20160107 16:40 -4.25
20160107 16:50 -4.25
20160107 17:00 -4.25
20160107 17:10 -4.125
20160107 17:20 -4.125
20160107 17:30 -4
20160107 17:40 -4
20160107 17:50 -4.125
20160107 18:00 -4.125
20160107 18:10 -4
20160107 18:20 -4
20160107 18:30 -3.875
20160107 18:40 -3.875
20160107 18:50 -3.875
20160107 19:00 -3.8125
20160107 19:10 -3.625
20160107 19:20 -3.5625
20160107 19:30 -3.5
20160107 19:40 -3.375
20160107 19:50 -3.375
20160107 20:00 -3.25
20160107 20:10 -3.125
20160107 20:20 -3
20160107 20:30 -2.875
20160107 20:40 -2.75
20160107 20:50 -2.625
20160107 21:00 -2.5
20160107 21:10 -2.5
20160107 21:20 -2.375
20160107 21:30 -2.375
20160107 21:40 -2.375
20160107 21:50 -2.375
20160107 22:00 -2.25
20160107 22:10 -2.25
20160107 22:20 -2.125
20160107 22:30 -2.0625
20160107 22:40 -2
20160107 22:50 -1.9375
20160107 23:00 -1.9375
20160107 23:10 -1.875
20160107 23:20 -1.75
20160107 23:30 -1.75
20160107 23:40 -1.625
20160107 23:50 -1.5
