YYYYMMDD HH:MM measured temperature
20160528 00:00 13.625
20160528 00:10 13.75
20160528 00:20 13.6875
20160528 00:30 13.6875
20160528 00:40 13.625
20160528 00:50 13.5625
20160528 01:00 13.4375
20160528 01:10 13.3125
20160528 01:20 13.1875
20160528 01:30 13.25
20160528 01:40 13.125
20160528 01:50 13.125
20160528 02:00 85
20160528 02:10 13.25
20160528 02:20 13.0625
20160528 02:30 12.8125
20160528 02:40 12.5625
20160528 02:50 12.5625
20160528 03:00 12.625
20160528 03:10 12.5625
20160528 03:20 12.5625
20160528 03:30 12.625
20160528 03:40 12.625
20160528 03:50 12.5
20160528 04:00 12.5
20160528 04:10 12.5
20160528 04:20 12.375
20160528 04:30 12.375
20160528 04:40 12.5
20160528 04:50 12.375
20160528 05:00 12.375
20160528 05:10 12.375
20160528 05:20 12.375
20160528 05:30 12.375
20160528 05:40 12.625
20160528 05:50 12.5
20160528 06:00 12.625
20160528 06:10 12.625
20160528 06:20 12.875
20160528 06:30 12.875
20160528 06:40 12.9375
20160528 06:50 13.0625
20160528 07:00 13.25
20160528 07:10 13.625
20160528 07:20 13.75
20160528 07:30 14
20160528 07:40 14
20160528 07:50 14.375
20160528 08:00 14.875
20160528 08:10 15
20160528 08:20 15.125
20160528 08:30 15.75
20160528 08:40 15.75
20160528 08:50 15.9375
20160528 09:00 16.125
20160528 09:10 16.5625
20160528 09:20 17
20160528 09:30 16.9375
20160528 09:40 17.1875
20160528 09:50 17.875
20160528 10:00 17.875
20160528 10:10 18.3125
20160528 10:20 18.3125
20160528 10:30 18.875
20160528 10:40 18.875
20160528 10:50 19.125
20160528 11:00 19.0625
20160528 11:10 19.75
20160528 11:20 20.1875
20160528 11:30 20.375
20160528 11:40 20.75
20160528 11:50 21.3125
20160528 12:00 22.3125
20160528 12:10 22.5
20160528 12:20 21.25
20160528 12:30 21
20160528 12:40 22.625
20160528 12:50 23.4375
20160528 13:00 22.375
20160528 13:10 23
20160528 13:20 23.875
20160528 13:30 23.625
20160528 13:40 22.3125
20160528 13:50 21.9375
20160528 14:00 23.125
20160528 14:10 22.625
20160528 14:20 22.75
20160528 14:30 22.5
20160528 14:40 23.5
20160528 14:50 22.25
20160528 15:00 22
20160528 15:10 22.75
20160528 15:20 24.125
20160528 15:30 24.375
20160528 15:40 23
20160528 15:50 22.75
20160528 16:00 23.375
20160528 16:10 24
20160528 16:20 23.5
20160528 16:30 22.5
20160528 16:40 22.875
20160528 16:50 22.375
20160528 17:00 21.75
20160528 17:10 23.25
20160528 17:20 22.125
20160528 17:30 22.875
20160528 17:40 22.75
20160528 17:50 21.875
20160528 18:00 21.5
20160528 18:10 21.375
20160528 18:20 21.25
20160528 18:30 21.125
20160528 18:40 21.75
20160528 18:50 21.875
20160528 19:00 21.75
20160528 19:10 21.25
20160528 19:20 20.875
20160528 19:30 20.5
20160528 19:40 20.375
20160528 19:50 20.25
20160528 20:00 20
20160528 20:10 19.6875
20160528 20:20 19.5625
20160528 20:30 19.25
20160528 20:40 18.8125
20160528 20:50 18.75
20160528 21:00 18.4375
20160528 21:10 18.125
20160528 21:20 18
20160528 21:30 17.875
20160528 21:40 17.375
20160528 21:50 17.0625
20160528 22:00 16.8125
20160528 22:10 16.625
20160528 22:20 16.625
20160528 22:30 16.375
20160528 22:40 16.0625
20160528 22:50 15.9375
20160528 23:00 15.75
20160528 23:10 15.6875
20160528 23:20 15.625
20160528 23:30 15.5
20160528 23:40 15.375
20160528 23:50 15.1875
