YYYYMMDD HH:MM measured temperature
20160211 00:00 4.5
20160211 00:10 4.3125
20160211 00:20 4.1875
20160211 00:30 4.375
20160211 00:40 4.25
20160211 00:50 4.125
20160211 01:00 4.125
20160211 01:10 4.125
20160211 01:20 4.1875
20160211 01:30 4.125
20160211 01:40 4.1875
20160211 01:50 4.25
20160211 02:00 4.25
20160211 02:10 85
20160211 02:20 4.25
20160211 02:30 4.25
20160211 02:40 4.125
20160211 02:50 4
20160211 03:00 3.8125
20160211 03:10 3.8125
20160211 03:20 3.6875
20160211 03:30 3.6875
20160211 03:40 3.75
20160211 03:50 3.625
20160211 04:00 3.4375
20160211 04:10 3.3125
20160211 04:20 3.125
20160211 04:30 2.9375
20160211 04:40 2.8125
20160211 04:50 2.875
20160211 05:00 2.75
20160211 05:10 2.5625
20160211 05:20 2.4375
20160211 05:30 2.375
20160211 05:40 2.3125
20160211 05:50 2.3125
20160211 06:00 2.4375
20160211 06:10 2.3125
20160211 06:20 2.4375
20160211 06:30 2.4375
20160211 06:40 2.5
20160211 06:50 2.5
20160211 07:00 2.375
20160211 07:10 2.375
20160211 07:20 2.375
20160211 07:30 2.4375
20160211 07:40 2.5
20160211 07:50 2.5
20160211 08:00 2.5625
20160211 08:10 2.625
20160211 08:20 2.625
20160211 08:30 2.6875
20160211 08:40 85
20160211 08:50 2.8125
20160211 09:00 3
20160211 09:10 3.125
20160211 09:20 3.375
20160211 09:30 3.0625
20160211 09:40 3.125
20160211 09:50 3.5
20160211 10:00 3.5
20160211 10:10 3.625
20160211 10:20 3.6875
20160211 10:30 4.25
20160211 10:40 4.375
20160211 10:50 4.6875
20160211 11:00 4.6875
20160211 11:10 5
20160211 11:20 5.0625
20160211 11:30 5.5
20160211 11:40 5.875
20160211 11:50 6
20160211 12:00 6.3125
20160211 12:10 5.75
20160211 12:20 5.75
20160211 12:30 5.8125
20160211 12:40 6.0625
20160211 12:50 7.0625
20160211 13:00 6.5
20160211 13:10 6.5
20160211 13:20 6.6875
20160211 13:30 7.1875
20160211 13:40 6.375
20160211 13:50 6.25
20160211 14:00 7
20160211 14:10 6.375
20160211 14:20 6.375
20160211 14:30 7.125
20160211 14:40 7.125
20160211 14:50 8.125
20160211 15:00 6.8125
20160211 15:10 6.5
20160211 15:20 6.25
20160211 15:30 5.8125
20160211 15:40 5.75
20160211 15:50 5.625
20160211 16:00 5.6875
20160211 16:10 5.5
20160211 16:20 4.8125
20160211 16:30 4.625
20160211 16:40 4.3125
20160211 16:50 4.4375
20160211 17:00 4.8125
20160211 17:10 4.875
20160211 17:20 4.75
20160211 17:30 4.6875
20160211 17:40 4.5
20160211 17:50 4.4375
20160211 18:00 4.0625
20160211 18:10 4.1875
20160211 18:20 4.0625
20160211 18:30 3.8125
20160211 18:40 3.5
20160211 18:50 3.25
20160211 19:00 2.875
20160211 19:10 2.75
20160211 19:20 2.4375
20160211 19:30 2.5
20160211 19:40 2.5625
20160211 19:50 2.5
20160211 20:00 2.375
20160211 20:10 2.25
20160211 20:20 2.25
20160211 20:30 2.1875
20160211 20:40 85
20160211 20:50 2.1875
20160211 21:00 2.25
20160211 21:10 2.0625
20160211 21:20 2
20160211 21:30 85
20160211 21:40 2.1875
20160211 21:50 2.125
20160211 22:00 2.125
20160211 22:10 2.1875
20160211 22:20 2.25
20160211 22:30 2.375
20160211 22:40 85
20160211 22:50 2.125
20160211 23:00 2.125
20160211 23:10 2.0625
20160211 23:20 1.875
20160211 23:30 1.75
20160211 23:40 1.5
20160211 23:50 1.375
